<?xml version="1.0" encoding="UTF-8" ?>
<testsuite failures="0" time="10.28" errors="1" skipped="0" tests="1" name="dubbo.DubboClientTest">
  <properties>
    <property name="java.runtime.name" value="Java(TM) SE Runtime Environment"/>
    <property name="sun.boot.library.path" value="D:\DevTool\repository\JDK\jdk1.7.0_67\jre\bin"/>
    <property name="java.vm.version" value="24.65-b04"/>
    <property name="java.vm.vendor" value="Oracle Corporation"/>
    <property name="java.vendor.url" value="http://java.oracle.com/"/>
    <property name="path.separator" value=";"/>
    <property name="guice.disable.misplaced.annotation.check" value="true"/>
    <property name="java.vm.name" value="Java HotSpot(TM) Client VM"/>
    <property name="file.encoding.pkg" value="sun.io"/>
    <property name="user.script" value=""/>
    <property name="user.country" value="CN"/>
    <property name="sun.java.launcher" value="SUN_STANDARD"/>
    <property name="sun.os.patch.level" value="Service Pack 1"/>
    <property name="java.vm.specification.name" value="Java Virtual Machine Specification"/>
    <property name="user.dir" value="D:\DevTool\workspace\activiti\portal"/>
    <property name="java.runtime.version" value="1.7.0_67-b01"/>
    <property name="java.awt.graphicsenv" value="sun.awt.Win32GraphicsEnvironment"/>
    <property name="java.endorsed.dirs" value="D:\DevTool\repository\JDK\jdk1.7.0_67\jre\lib\endorsed"/>
    <property name="os.arch" value="x86"/>
    <property name="java.io.tmpdir" value="C:\Users\ADMINI~1\AppData\Local\Temp\"/>
    <property name="line.separator" value="
"/>
    <property name="java.vm.specification.vendor" value="Oracle Corporation"/>
    <property name="user.variant" value=""/>
    <property name="os.name" value="Windows 7"/>
    <property name="classworlds.conf" value="D:\DevTool\repository\Maven\Maven3.2.2\bin\..\bin\m2.conf"/>
    <property name="sun.jnu.encoding" value="GBK"/>
    <property name="java.library.path" value="D:\DevTool\repository\JDK\jdk1.7.0_67\bin;C:\Windows\Sun\Java\bin;C:\Windows\system32;C:\Windows;D:\DevTool\repository\Maven\Maven3.2.2\bin;D:\DevTool\repository\JDK\jdk1.7.0_67\bin;H:\快捷运行;C:\Program Files\OpenVPN\bin;C:\Windows\system32;C:\Windows;C:\Windows\System32\Wbem;;."/>
    <property name="java.specification.name" value="Java Platform API Specification"/>
    <property name="java.class.version" value="51.0"/>
    <property name="sun.management.compiler" value="HotSpot Client Compiler"/>
    <property name="os.version" value="6.1"/>
    <property name="user.home" value="C:\Users\Administrator"/>
    <property name="user.timezone" value="Asia/Shanghai"/>
    <property name="java.awt.printerjob" value="sun.awt.windows.WPrinterJob"/>
    <property name="java.specification.version" value="1.7"/>
    <property name="file.encoding" value="GBK"/>
    <property name="user.name" value="Administrator"/>
    <property name="java.class.path" value="D:\DevTool\repository\Maven\Maven3.2.2\bin\..\boot\plexus-classworlds-2.5.1.jar"/>
    <property name="org.slf4j.simpleLogger.defaultLogLevel" value="info"/>
    <property name="java.vm.specification.version" value="1.7"/>
    <property name="sun.arch.data.model" value="32"/>
    <property name="java.home" value="D:\DevTool\repository\JDK\jdk1.7.0_67\jre"/>
    <property name="sun.java.command" value="org.codehaus.plexus.classworlds.launcher.Launcher package"/>
    <property name="java.specification.vendor" value="Oracle Corporation"/>
    <property name="user.language" value="zh"/>
    <property name="awt.toolkit" value="sun.awt.windows.WToolkit"/>
    <property name="java.vm.info" value="mixed mode"/>
    <property name="java.version" value="1.7.0_67"/>
    <property name="java.ext.dirs" value="D:\DevTool\repository\JDK\jdk1.7.0_67\jre\lib\ext;C:\Windows\Sun\Java\lib\ext"/>
    <property name="sun.boot.class.path" value="D:\DevTool\repository\JDK\jdk1.7.0_67\jre\lib\resources.jar;D:\DevTool\repository\JDK\jdk1.7.0_67\jre\lib\rt.jar;D:\DevTool\repository\JDK\jdk1.7.0_67\jre\lib\sunrsasign.jar;D:\DevTool\repository\JDK\jdk1.7.0_67\jre\lib\jsse.jar;D:\DevTool\repository\JDK\jdk1.7.0_67\jre\lib\jce.jar;D:\DevTool\repository\JDK\jdk1.7.0_67\jre\lib\charsets.jar;D:\DevTool\repository\JDK\jdk1.7.0_67\jre\lib\jfr.jar;D:\DevTool\repository\JDK\jdk1.7.0_67\jre\classes"/>
    <property name="java.vendor" value="Oracle Corporation"/>
    <property name="maven.home" value="D:\DevTool\repository\Maven\Maven3.2.2\bin\.."/>
    <property name="file.separator" value="\"/>
    <property name="java.vendor.url.bug" value="http://bugreport.sun.com/bugreport/"/>
    <property name="sun.cpu.endian" value="little"/>
    <property name="sun.io.unicode.encoding" value="UnicodeLittle"/>
    <property name="sun.desktop" value="windows"/>
    <property name="sun.cpu.isalist" value="pentium_pro+mmx pentium_pro pentium+mmx pentium i486 i386 i86"/>
  </properties>
  <testcase time="10.28" classname="dubbo.DubboClientTest" name="testOid">
    <error message="Error creating bean with name &apos;dubbo.DubboClientTest&apos;: Injection of autowired dependencies failed; nested exception is org.springframework.beans.factory.BeanCreationException: Could not autowire field: protected com.yonyou.web.IApiService dubbo.DubboClientTest.iApiService; nested exception is org.springframework.beans.factory.BeanCreationException: Error creating bean with name &apos;iApiService&apos;: FactoryBean threw exception on object creation; nested exception is org.I0Itec.zkclient.exception.ZkTimeoutException: Unable to connect to zookeeper server within timeout: 5000" type="org.springframework.beans.factory.BeanCreationException">org.springframework.beans.factory.BeanCreationException: Error creating bean with name &apos;dubbo.DubboClientTest&apos;: Injection of autowired dependencies failed; nested exception is org.springframework.beans.factory.BeanCreationException: Could not autowire field: protected com.yonyou.web.IApiService dubbo.DubboClientTest.iApiService; nested exception is org.springframework.beans.factory.BeanCreationException: Error creating bean with name &apos;iApiService&apos;: FactoryBean threw exception on object creation; nested exception is org.I0Itec.zkclient.exception.ZkTimeoutException: Unable to connect to zookeeper server within timeout: 5000
	at org.springframework.beans.factory.annotation.AutowiredAnnotationBeanPostProcessor.postProcessPropertyValues(AutowiredAnnotationBeanPostProcessor.java:292)
	at org.springframework.beans.factory.support.AbstractAutowireCapableBeanFactory.populateBean(AbstractAutowireCapableBeanFactory.java:1185)
	at org.springframework.beans.factory.support.AbstractAutowireCapableBeanFactory.autowireBeanProperties(AbstractAutowireCapableBeanFactory.java:384)
	at org.springframework.test.context.support.DependencyInjectionTestExecutionListener.injectDependencies(DependencyInjectionTestExecutionListener.java:110)
	at org.springframework.test.context.support.DependencyInjectionTestExecutionListener.prepareTestInstance(DependencyInjectionTestExecutionListener.java:75)
	at org.springframework.test.context.TestContextManager.prepareTestInstance(TestContextManager.java:331)
	at org.springframework.test.context.junit4.SpringJUnit4ClassRunner.createTest(SpringJUnit4ClassRunner.java:213)
	at org.springframework.test.context.junit4.SpringJUnit4ClassRunner$1.runReflectiveCall(SpringJUnit4ClassRunner.java:290)
	at org.junit.internal.runners.model.ReflectiveCallable.run(ReflectiveCallable.java:15)
	at org.springframework.test.context.junit4.SpringJUnit4ClassRunner.methodBlock(SpringJUnit4ClassRunner.java:292)
	at org.springframework.test.context.junit4.SpringJUnit4ClassRunner.runChild(SpringJUnit4ClassRunner.java:233)
	at org.springframework.test.context.junit4.SpringJUnit4ClassRunner.runChild(SpringJUnit4ClassRunner.java:87)
	at org.junit.runners.ParentRunner$3.run(ParentRunner.java:231)
	at org.junit.runners.ParentRunner$1.schedule(ParentRunner.java:60)
	at org.junit.runners.ParentRunner.runChildren(ParentRunner.java:229)
	at org.junit.runners.ParentRunner.access$000(ParentRunner.java:50)
	at org.junit.runners.ParentRunner$2.evaluate(ParentRunner.java:222)
	at org.springframework.test.context.junit4.statements.RunBeforeTestClassCallbacks.evaluate(RunBeforeTestClassCallbacks.java:61)
	at org.springframework.test.context.junit4.statements.RunAfterTestClassCallbacks.evaluate(RunAfterTestClassCallbacks.java:71)
	at org.junit.runners.ParentRunner.run(ParentRunner.java:300)
	at org.springframework.test.context.junit4.SpringJUnit4ClassRunner.run(SpringJUnit4ClassRunner.java:176)
	at org.apache.maven.surefire.junit4.JUnit4Provider.execute(JUnit4Provider.java:252)
	at org.apache.maven.surefire.junit4.JUnit4Provider.executeTestSet(JUnit4Provider.java:141)
	at org.apache.maven.surefire.junit4.JUnit4Provider.invoke(JUnit4Provider.java:112)
	at sun.reflect.NativeMethodAccessorImpl.invoke0(Native Method)
	at sun.reflect.NativeMethodAccessorImpl.invoke(NativeMethodAccessorImpl.java:57)
	at sun.reflect.DelegatingMethodAccessorImpl.invoke(DelegatingMethodAccessorImpl.java:43)
	at java.lang.reflect.Method.invoke(Method.java:606)
	at org.apache.maven.surefire.util.ReflectionUtils.invokeMethodWithArray(ReflectionUtils.java:189)
	at org.apache.maven.surefire.booter.ProviderFactory$ProviderProxy.invoke(ProviderFactory.java:165)
	at org.apache.maven.surefire.booter.ProviderFactory.invokeProvider(ProviderFactory.java:85)
	at org.apache.maven.surefire.booter.ForkedBooter.runSuitesInProcess(ForkedBooter.java:115)
	at org.apache.maven.surefire.booter.ForkedBooter.main(ForkedBooter.java:75)
Caused by: org.springframework.beans.factory.BeanCreationException: Could not autowire field: protected com.yonyou.web.IApiService dubbo.DubboClientTest.iApiService; nested exception is org.springframework.beans.factory.BeanCreationException: Error creating bean with name &apos;iApiService&apos;: FactoryBean threw exception on object creation; nested exception is org.I0Itec.zkclient.exception.ZkTimeoutException: Unable to connect to zookeeper server within timeout: 5000
	at org.springframework.beans.factory.annotation.AutowiredAnnotationBeanPostProcessor$AutowiredFieldElement.inject(AutowiredAnnotationBeanPostProcessor.java:508)
	at org.springframework.beans.factory.annotation.InjectionMetadata.inject(InjectionMetadata.java:87)
	at org.springframework.beans.factory.annotation.AutowiredAnnotationBeanPostProcessor.postProcessPropertyValues(AutowiredAnnotationBeanPostProcessor.java:289)
	... 32 more
Caused by: org.springframework.beans.factory.BeanCreationException: Error creating bean with name &apos;iApiService&apos;: FactoryBean threw exception on object creation; nested exception is org.I0Itec.zkclient.exception.ZkTimeoutException: Unable to connect to zookeeper server within timeout: 5000
	at org.springframework.beans.factory.support.FactoryBeanRegistrySupport.doGetObjectFromFactoryBean(FactoryBeanRegistrySupport.java:151)
	at org.springframework.beans.factory.support.FactoryBeanRegistrySupport.getObjectFromFactoryBean(FactoryBeanRegistrySupport.java:103)
	at org.springframework.beans.factory.support.AbstractBeanFactory.getObjectForBeanInstance(AbstractBeanFactory.java:1514)
	at org.springframework.beans.factory.support.AbstractBeanFactory.doGetBean(AbstractBeanFactory.java:252)
	at org.springframework.beans.factory.support.AbstractBeanFactory.getBean(AbstractBeanFactory.java:195)
	at org.springframework.beans.factory.support.DefaultListableBeanFactory.findAutowireCandidates(DefaultListableBeanFactory.java:1017)
	at org.springframework.beans.factory.support.DefaultListableBeanFactory.doResolveDependency(DefaultListableBeanFactory.java:960)
	at org.springframework.beans.factory.support.DefaultListableBeanFactory.resolveDependency(DefaultListableBeanFactory.java:858)
	at org.springframework.beans.factory.annotation.AutowiredAnnotationBeanPostProcessor$AutowiredFieldElement.inject(AutowiredAnnotationBeanPostProcessor.java:480)
	... 34 more
Caused by: org.I0Itec.zkclient.exception.ZkTimeoutException: Unable to connect to zookeeper server within timeout: 5000
	at org.I0Itec.zkclient.ZkClient.connect(ZkClient.java:876)
	at org.I0Itec.zkclient.ZkClient.&lt;init&gt;(ZkClient.java:98)
	at org.I0Itec.zkclient.ZkClient.&lt;init&gt;(ZkClient.java:92)
	at org.I0Itec.zkclient.ZkClient.&lt;init&gt;(ZkClient.java:80)
	at com.alibaba.dubbo.remoting.zookeeper.zkclient.ZkclientZookeeperClient.&lt;init&gt;(ZkclientZookeeperClient.java:26)
	at com.alibaba.dubbo.remoting.zookeeper.zkclient.ZkclientZookeeperTransporter.connect(ZkclientZookeeperTransporter.java:10)
	at com.alibaba.dubbo.remoting.zookeeper.ZookeeperTransporter$Adpative.connect(ZookeeperTransporter$Adpative.java)
	at com.alibaba.dubbo.registry.zookeeper.ZookeeperRegistry.&lt;init&gt;(ZookeeperRegistry.java:69)
	at com.alibaba.dubbo.registry.zookeeper.ZookeeperRegistryFactory.createRegistry(ZookeeperRegistryFactory.java:37)
	at com.alibaba.dubbo.registry.support.AbstractRegistryFactory.getRegistry(AbstractRegistryFactory.java:94)
	at com.alibaba.dubbo.registry.RegistryFactory$Adpative.getRegistry(RegistryFactory$Adpative.java)
	at com.alibaba.dubbo.registry.integration.RegistryProtocol.refer(RegistryProtocol.java:240)
	at com.alibaba.dubbo.rpc.protocol.ProtocolListenerWrapper.refer(ProtocolListenerWrapper.java:63)
	at com.alibaba.dubbo.rpc.protocol.ProtocolFilterWrapper.refer(ProtocolFilterWrapper.java:60)
	at com.alibaba.dubbo.rpc.Protocol$Adpative.refer(Protocol$Adpative.java)
	at com.alibaba.dubbo.config.ReferenceConfig.createProxy(ReferenceConfig.java:397)
	at com.alibaba.dubbo.config.ReferenceConfig.init(ReferenceConfig.java:300)
	at com.alibaba.dubbo.config.ReferenceConfig.get(ReferenceConfig.java:138)
	at com.alibaba.dubbo.config.spring.ReferenceBean.getObject(ReferenceBean.java:65)
	at org.springframework.beans.factory.support.FactoryBeanRegistrySupport.doGetObjectFromFactoryBean(FactoryBeanRegistrySupport.java:144)
	... 42 more
</error>
    <system-out>10:20:57.809 [] [] [main] DEBUG o.s.t.c.j.SpringJUnit4ClassRunner - SpringJUnit4ClassRunner constructor called with [class dubbo.DubboClientTest].
10:20:57.825 [] [] [main] TRACE o.s.test.context.ContextLoaderUtils - Retrieved @ContextConfiguration attributes [{name=, value=[classpath:applicationContext.xml,classpath:applicationContext-cache.xml,classpath:applicationContext-persistence.xml,classpath:applicationContext-shiro.xml,classpath:applicationContext-dubbo-provider.xml,classpath:applicationContext-dubbo-consumer.xml], classes=[], loader=interface org.springframework.test.context.ContextLoader, initializers=[], locations=[], inheritInitializers=true, inheritLocations=true}] for declaring class [dubbo.DubboClientTest].
10:20:57.829 [] [] [main] TRACE o.s.test.context.ContextLoaderUtils - Resolved context configuration attributes: [ContextConfigurationAttributes@19db16d declaringClass = &apos;dubbo.DubboClientTest&apos;, locations = &apos;{classpath:applicationContext.xml, classpath:applicationContext-cache.xml, classpath:applicationContext-persistence.xml, classpath:applicationContext-shiro.xml, classpath:applicationContext-dubbo-provider.xml, classpath:applicationContext-dubbo-consumer.xml}&apos;, classes = &apos;{}&apos;, inheritLocations = true, initializers = &apos;{}&apos;, inheritInitializers = true, name = [null], contextLoaderClass = &apos;org.springframework.test.context.ContextLoader&apos;]
10:20:57.831 [] [] [main] TRACE o.s.test.context.ContextLoaderUtils - Processing ContextLoader for context configuration attributes [ContextConfigurationAttributes@19db16d declaringClass = &apos;dubbo.DubboClientTest&apos;, locations = &apos;{classpath:applicationContext.xml, classpath:applicationContext-cache.xml, classpath:applicationContext-persistence.xml, classpath:applicationContext-shiro.xml, classpath:applicationContext-dubbo-provider.xml, classpath:applicationContext-dubbo-consumer.xml}&apos;, classes = &apos;{}&apos;, inheritLocations = true, initializers = &apos;{}&apos;, inheritInitializers = true, name = [null], contextLoaderClass = &apos;org.springframework.test.context.ContextLoader&apos;]
10:20:57.831 [] [] [main] TRACE o.s.test.context.ContextLoaderUtils - Using default ContextLoader class [org.springframework.test.context.support.DelegatingSmartContextLoader] for test class [dubbo.DubboClientTest]
10:20:57.840 [] [] [main] TRACE o.s.test.context.ContextLoaderUtils - Processing locations and classes for context configuration attributes [ContextConfigurationAttributes@19db16d declaringClass = &apos;dubbo.DubboClientTest&apos;, locations = &apos;{classpath:applicationContext.xml, classpath:applicationContext-cache.xml, classpath:applicationContext-persistence.xml, classpath:applicationContext-shiro.xml, classpath:applicationContext-dubbo-provider.xml, classpath:applicationContext-dubbo-consumer.xml}&apos;, classes = &apos;{}&apos;, inheritLocations = true, initializers = &apos;{}&apos;, inheritInitializers = true, name = [null], contextLoaderClass = &apos;org.springframework.test.context.ContextLoader&apos;]
10:20:57.841 [] [] [main] DEBUG o.s.t.c.s.AbstractDelegatingSmartContextLoader - Delegating to GenericXmlContextLoader to process context configuration [ContextConfigurationAttributes@19db16d declaringClass = &apos;dubbo.DubboClientTest&apos;, locations = &apos;{classpath:applicationContext.xml, classpath:applicationContext-cache.xml, classpath:applicationContext-persistence.xml, classpath:applicationContext-shiro.xml, classpath:applicationContext-dubbo-provider.xml, classpath:applicationContext-dubbo-consumer.xml}&apos;, classes = &apos;{}&apos;, inheritLocations = true, initializers = &apos;{}&apos;, inheritInitializers = true, name = [null], contextLoaderClass = &apos;org.springframework.test.context.ContextLoader&apos;].
10:20:57.842 [] [] [main] TRACE o.s.test.context.ContextLoaderUtils - Processing context initializers for context configuration attributes [ContextConfigurationAttributes@19db16d declaringClass = &apos;dubbo.DubboClientTest&apos;, locations = &apos;{classpath:applicationContext.xml, classpath:applicationContext-cache.xml, classpath:applicationContext-persistence.xml, classpath:applicationContext-shiro.xml, classpath:applicationContext-dubbo-provider.xml, classpath:applicationContext-dubbo-consumer.xml}&apos;, classes = &apos;{}&apos;, inheritLocations = true, initializers = &apos;{}&apos;, inheritInitializers = true, name = [null], contextLoaderClass = &apos;org.springframework.test.context.ContextLoader&apos;]
10:20:57.842 [] [] [main] DEBUG o.s.test.context.ContextLoaderUtils - Could not find an &apos;annotation declaring class&apos; for annotation type [org.springframework.test.context.ActiveProfiles] and class [dubbo.DubboClientTest]
10:20:57.844 [] [] [main] DEBUG o.s.test.context.TestContextManager - @TestExecutionListeners is not present for class [dubbo.DubboClientTest]: using defaults.
10:20:57.858 [] [] [main] TRACE o.s.test.context.TestContextManager - Registering TestExecutionListener: org.springframework.test.context.web.ServletTestExecutionListener@1f8aa92
10:20:57.858 [] [] [main] TRACE o.s.test.context.TestContextManager - Registering TestExecutionListener: org.springframework.test.context.support.DependencyInjectionTestExecutionListener@865d61
10:20:57.858 [] [] [main] TRACE o.s.test.context.TestContextManager - Registering TestExecutionListener: org.springframework.test.context.support.DirtiesContextTestExecutionListener@15cc604
10:20:57.858 [] [] [main] TRACE o.s.test.context.TestContextManager - Registering TestExecutionListener: org.springframework.test.context.transaction.TransactionalTestExecutionListener@1cc5b5d
10:20:57.862 [] [] [main] DEBUG o.s.t.annotation.ProfileValueUtils - Retrieved @ProfileValueSourceConfiguration [null] for test class [dubbo.DubboClientTest]
10:20:57.862 [] [] [main] DEBUG o.s.t.annotation.ProfileValueUtils - Retrieved ProfileValueSource type [class org.springframework.test.annotation.SystemProfileValueSource] for class [dubbo.DubboClientTest]
10:20:57.863 [] [] [main] DEBUG o.s.t.annotation.ProfileValueUtils - Retrieved @ProfileValueSourceConfiguration [null] for test class [dubbo.DubboClientTest]
10:20:57.863 [] [] [main] DEBUG o.s.t.annotation.ProfileValueUtils - Retrieved ProfileValueSource type [class org.springframework.test.annotation.SystemProfileValueSource] for class [dubbo.DubboClientTest]
10:20:57.865 [] [] [main] TRACE o.s.test.context.TestContextManager - beforeTestClass(): class [dubbo.DubboClientTest]
10:20:57.866 [] [] [main] DEBUG o.s.t.annotation.ProfileValueUtils - Retrieved @ProfileValueSourceConfiguration [null] for test class [dubbo.DubboClientTest]
10:20:57.866 [] [] [main] DEBUG o.s.t.annotation.ProfileValueUtils - Retrieved ProfileValueSource type [class org.springframework.test.annotation.SystemProfileValueSource] for class [dubbo.DubboClientTest]
10:20:57.867 [] [] [main] TRACE o.s.test.context.TestContextManager - prepareTestInstance(): instance [dubbo.DubboClientTest@1d0f282]
10:20:57.868 [] [] [main] DEBUG o.s.t.c.s.DependencyInjectionTestExecutionListener - Performing dependency injection for test context [[DefaultTestContext@e136c3 testClass = DubboClientTest, testInstance = dubbo.DubboClientTest@1d0f282, testMethod = [null], testException = [null], mergedContextConfiguration = [MergedContextConfiguration@1d241c9 testClass = DubboClientTest, locations = &apos;{classpath:applicationContext.xml, classpath:applicationContext-cache.xml, classpath:applicationContext-persistence.xml, classpath:applicationContext-shiro.xml, classpath:applicationContext-dubbo-provider.xml, classpath:applicationContext-dubbo-consumer.xml}&apos;, classes = &apos;{}&apos;, contextInitializerClasses = &apos;[]&apos;, activeProfiles = &apos;{}&apos;, contextLoader = &apos;org.springframework.test.context.support.DelegatingSmartContextLoader&apos;, parent = [null]]]].
10:20:57.868 [] [] [main] DEBUG o.s.t.c.s.AbstractDelegatingSmartContextLoader - Delegating to GenericXmlContextLoader to load context from [MergedContextConfiguration@1d241c9 testClass = DubboClientTest, locations = &apos;{classpath:applicationContext.xml, classpath:applicationContext-cache.xml, classpath:applicationContext-persistence.xml, classpath:applicationContext-shiro.xml, classpath:applicationContext-dubbo-provider.xml, classpath:applicationContext-dubbo-consumer.xml}&apos;, classes = &apos;{}&apos;, contextInitializerClasses = &apos;[]&apos;, activeProfiles = &apos;{}&apos;, contextLoader = &apos;org.springframework.test.context.support.DelegatingSmartContextLoader&apos;, parent = [null]].
10:20:57.868 [] [] [main] DEBUG o.s.t.c.s.AbstractGenericContextLoader - Loading ApplicationContext for merged context configuration [[MergedContextConfiguration@1d241c9 testClass = DubboClientTest, locations = &apos;{classpath:applicationContext.xml, classpath:applicationContext-cache.xml, classpath:applicationContext-persistence.xml, classpath:applicationContext-shiro.xml, classpath:applicationContext-dubbo-provider.xml, classpath:applicationContext-dubbo-consumer.xml}&apos;, classes = &apos;{}&apos;, contextInitializerClasses = &apos;[]&apos;, activeProfiles = &apos;{}&apos;, contextLoader = &apos;org.springframework.test.context.support.DelegatingSmartContextLoader&apos;, parent = [null]]].
10:20:57.921 [] [] [main] DEBUG o.s.core.env.StandardEnvironment - Adding [systemProperties] PropertySource with lowest search precedence
10:20:57.923 [] [] [main] DEBUG o.s.core.env.StandardEnvironment - Adding [systemEnvironment] PropertySource with lowest search precedence
10:20:57.923 [] [] [main] DEBUG o.s.core.env.StandardEnvironment - Initialized StandardEnvironment with PropertySources [systemProperties,systemEnvironment]
10:20:57.929 [] [] [main] INFO  o.s.b.f.xml.XmlBeanDefinitionReader - Loading XML bean definitions from class path resource [applicationContext.xml]
10:20:57.943 [] [] [main] DEBUG o.s.b.f.xml.DefaultDocumentLoader - Using JAXP provider [org.apache.xerces.jaxp.DocumentBuilderFactoryImpl]
10:20:58.036 [] [] [main] TRACE o.s.b.f.xml.PluggableSchemaResolver - Trying to resolve XML entity with public id [null] and system id [http://www.springframework.org/schema/beans/spring-beans-4.0.xsd]
10:20:58.036 [] [] [main] DEBUG o.s.b.f.xml.PluggableSchemaResolver - Loading schema mappings from [META-INF/spring.schemas]
10:20:58.040 [] [] [main] DEBUG o.s.b.f.xml.PluggableSchemaResolver - Loaded schema mappings: {http://www.springframework.org/schema/tx/spring-tx-2.5.xsd=org/springframework/transaction/config/spring-tx-2.5.xsd, http://www.springframework.org/schema/context/spring-context-3.1.xsd=org/springframework/context/config/spring-context-3.1.xsd, http://www.springframework.org/schema/data/repository/spring-repository-1.4.xsd=org/springframework/data/repository/config/spring-repository-1.4.xsd, http://www.springframework.org/schema/util/spring-util-3.0.xsd=org/springframework/beans/factory/xml/spring-util-3.0.xsd, http://www.springframework.org/schema/data/jpa/spring-jpa.xsd=org/springframework/data/jpa/repository/config/spring-jpa-1.3.xsd, http://mybatis.org/schema/mybatis-spring-1.2.xsd=org/mybatis/spring/config/mybatis-spring-1.2.xsd, http://www.springframework.org/schema/tool/spring-tool.xsd=org/springframework/beans/factory/xml/spring-tool-4.0.xsd, http://www.springframework.org/schema/aop/spring-aop-3.2.xsd=org/springframework/aop/config/spring-aop-3.2.xsd, http://www.springframework.org/schema/context/spring-context-4.0.xsd=org/springframework/context/config/spring-context-4.0.xsd, http://www.springframework.org/schema/mvc/spring-mvc-3.2.xsd=org/springframework/web/servlet/config/spring-mvc-3.2.xsd, http://www.springframework.org/schema/lang/spring-lang-3.2.xsd=org/springframework/scripting/config/spring-lang-3.2.xsd, http://www.springframework.org/schema/cache/spring-cache-3.2.xsd=org/springframework/cache/config/spring-cache-3.2.xsd, http://www.springframework.org/schema/jdbc/spring-jdbc-3.1.xsd=org/springframework/jdbc/config/spring-jdbc-3.1.xsd, http://www.springframework.org/schema/util/spring-util-2.0.xsd=org/springframework/beans/factory/xml/spring-util-2.0.xsd, http://www.springframework.org/schema/tool/spring-tool-3.2.xsd=org/springframework/beans/factory/xml/spring-tool-3.2.xsd, http://www.springframework.org/schema/context/spring-context.xsd=org/springframework/context/config/spring-context-4.0.xsd, http://www.springframework.org/schema/aop/spring-aop-4.0.xsd=org/springframework/aop/config/spring-aop-4.0.xsd, http://www.springframework.org/schema/jee/spring-jee-3.2.xsd=org/springframework/ejb/config/spring-jee-3.2.xsd, http://www.springframework.org/schema/context/spring-context-3.0.xsd=org/springframework/context/config/spring-context-3.0.xsd, http://www.springframework.org/schema/jdbc/spring-jdbc-4.0.xsd=org/springframework/jdbc/config/spring-jdbc-4.0.xsd, http://www.springframework.org/schema/mvc/spring-mvc-4.0.xsd=org/springframework/web/servlet/config/spring-mvc-4.0.xsd, http://www.springframework.org/schema/util/spring-util-2.5.xsd=org/springframework/beans/factory/xml/spring-util-2.5.xsd, http://www.springframework.org/schema/beans/spring-beans-3.2.xsd=org/springframework/beans/factory/xml/spring-beans-3.2.xsd, http://www.springframework.org/schema/aop/spring-aop-3.1.xsd=org/springframework/aop/config/spring-aop-3.1.xsd, http://www.springframework.org/schema/lang/spring-lang-4.0.xsd=org/springframework/scripting/config/spring-lang-4.0.xsd, http://www.springframework.org/schema/mvc/spring-mvc.xsd=org/springframework/web/servlet/config/spring-mvc-4.0.xsd, http://www.springframework.org/schema/mvc/spring-mvc-3.1.xsd=org/springframework/web/servlet/config/spring-mvc-3.1.xsd, http://www.springframework.org/schema/tool/spring-tool-4.0.xsd=org/springframework/beans/factory/xml/spring-tool-4.0.xsd, http://www.springframework.org/schema/lang/spring-lang-3.1.xsd=org/springframework/scripting/config/spring-lang-3.1.xsd, http://www.springframework.org/schema/tx/spring-tx-3.2.xsd=org/springframework/transaction/config/spring-tx-3.2.xsd, http://www.springframework.org/schema/cache/spring-cache-3.1.xsd=org/springframework/cache/config/spring-cache-3.1.xsd, http://www.springframework.org/schema/jee/spring-jee-4.0.xsd=org/springframework/ejb/config/spring-jee-4.0.xsd, http://www.springframework.org/schema/jdbc/spring-jdbc-3.0.xsd=org/springframework/jdbc/config/spring-jdbc-3.0.xsd, http://www.springframework.org/schema/jdbc/spring-jdbc.xsd=org/springframework/jdbc/config/spring-jdbc-4.0.xsd, http://www.springframework.org/schema/tool/spring-tool-3.1.xsd=org/springframework/beans/factory/xml/spring-tool-3.1.xsd, http://www.springframework.org/schema/cache/spring-cache-4.0.xsd=org/springframework/cache/config/spring-cache-4.0.xsd, http://code.alibabatech.com/schema/dubbo/dubbo.xsd=META-INF/dubbo.xsd, http://www.springframework.org/schema/jee/spring-jee-3.1.xsd=org/springframework/ejb/config/spring-jee-3.1.xsd, http://www.springframework.org/schema/task/spring-task-3.2.xsd=org/springframework/scheduling/config/spring-task-3.2.xsd, http://www.springframework.org/schema/beans/spring-beans-3.1.xsd=org/springframework/beans/factory/xml/spring-beans-3.1.xsd, http://www.springframework.org/schema/util/spring-util.xsd=org/springframework/beans/factory/xml/spring-util-4.0.xsd, http://www.springframework.org/schema/data/jpa/spring-jpa-1.3.xsd=org/springframework/data/jpa/repository/config/spring-jpa-1.3.xsd, http://www.springframework.org/schema/aop/spring-aop-3.0.xsd=org/springframework/aop/config/spring-aop-3.0.xsd, http://www.springframework.org/schema/data/repository/spring-repository.xsd=org/springframework/data/repository/config/spring-repository-1.7.xsd, http://www.springframework.org/schema/data/repository/spring-repository-1.7.xsd=org/springframework/data/repository/config/spring-repository-1.7.xsd, http://www.springframework.org/schema/mvc/spring-mvc-3.0.xsd=org/springframework/web/servlet/config/spring-mvc-3.0.xsd, http://www.springframework.org/schema/beans/spring-beans-4.0.xsd=org/springframework/beans/factory/xml/spring-beans-4.0.xsd, http://www.springframework.org/schema/beans/spring-beans.xsd=org/springframework/beans/factory/xml/spring-beans-4.0.xsd, http://mybatis.org/schema/mybatis-spring.xsd=org/mybatis/spring/config/mybatis-spring-1.2.xsd, http://www.springframework.org/schema/lang/spring-lang-3.0.xsd=org/springframework/scripting/config/spring-lang-3.0.xsd, http://www.springframework.org/schema/tx/spring-tx-3.1.xsd=org/springframework/transaction/config/spring-tx-3.1.xsd, http://www.springframework.org/schema/context/spring-context-2.5.xsd=org/springframework/context/config/spring-context-2.5.xsd, http://www.springframework.org/schema/task/spring-task-4.0.xsd=org/springframework/scheduling/config/spring-task-4.0.xsd, http://www.springframework.org/schema/tool/spring-tool-3.0.xsd=org/springframework/beans/factory/xml/spring-tool-3.0.xsd, http://www.springframework.org/schema/tx/spring-tx-4.0.xsd=org/springframework/transaction/config/spring-tx-4.0.xsd, http://www.springframework.org/schema/aop/spring-aop-2.0.xsd=org/springframework/aop/config/spring-aop-2.0.xsd, http://www.springframework.org/schema/jee/spring-jee-3.0.xsd=org/springframework/ejb/config/spring-jee-3.0.xsd, http://www.springframework.org/schema/task/spring-task-3.1.xsd=org/springframework/scheduling/config/spring-task-3.1.xsd, http://www.springframework.org/schema/beans/spring-beans-3.0.xsd=org/springframework/beans/factory/xml/spring-beans-3.0.xsd, http://www.springframework.org/schema/data/jpa/spring-jpa-1.2.xsd=org/springframework/data/jpa/repository/config/spring-jpa-1.2.xsd, http://www.springframework.org/schema/jee/spring-jee.xsd=org/springframework/ejb/config/spring-jee-4.0.xsd, http://www.springframework.org/schema/aop/spring-aop-2.5.xsd=org/springframework/aop/config/spring-aop-2.5.xsd, http://www.springframework.org/schema/lang/spring-lang-2.0.xsd=org/springframework/scripting/config/spring-lang-2.0.xsd, http://www.springframework.org/schema/data/repository/spring-repository-1.6.xsd=org/springframework/data/repository/config/spring-repository-1.6.xsd, http://www.springframework.org/schema/util/spring-util-3.2.xsd=org/springframework/beans/factory/xml/spring-util-3.2.xsd, http://www.springframework.org/schema/task/spring-task.xsd=org/springframework/scheduling/config/spring-task-4.0.xsd, http://www.springframework.org/schema/tool/spring-tool-2.0.xsd=org/springframework/beans/factory/xml/spring-tool-2.0.xsd, http://www.springframework.org/schema/tx/spring-tx-3.0.xsd=org/springframework/transaction/config/spring-tx-3.0.xsd, http://www.springframework.org/schema/lang/spring-lang-2.5.xsd=org/springframework/scripting/config/spring-lang-2.5.xsd, http://www.springframework.org/schema/jee/spring-jee-2.0.xsd=org/springframework/ejb/config/spring-jee-2.0.xsd, http://www.springframework.org/schema/tool/spring-tool-2.5.xsd=org/springframework/beans/factory/xml/spring-tool-2.5.xsd, http://www.springframework.org/schema/jee/spring-jee-2.5.xsd=org/springframework/ejb/config/spring-jee-2.5.xsd, http://www.springframework.org/schema/data/repository/spring-repository-1.0.xsd=org/springframework/data/repository/config/spring-repository-1.0.xsd, http://www.springframework.org/schema/util/spring-util-4.0.xsd=org/springframework/beans/factory/xml/spring-util-4.0.xsd, http://www.springframework.org/schema/task/spring-task-3.0.xsd=org/springframework/scheduling/config/spring-task-3.0.xsd, http://www.springframework.org/schema/data/jpa/spring-jpa-1.1.xsd=org/springframework/data/jpa/repository/config/spring-jpa-1.1.xsd, http://www.springframework.org/schema/lang/spring-lang.xsd=org/springframework/scripting/config/spring-lang-4.0.xsd, http://www.springframework.org/schema/context/spring-context-3.2.xsd=org/springframework/context/config/spring-context-3.2.xsd, http://www.springframework.org/schema/data/repository/spring-repository-1.5.xsd=org/springframework/data/repository/config/spring-repository-1.5.xsd, http://www.springframework.org/schema/util/spring-util-3.1.xsd=org/springframework/beans/factory/xml/spring-util-3.1.xsd, http://www.springframework.org/schema/beans/spring-beans-2.0.xsd=org/springframework/beans/factory/xml/spring-beans-2.0.xsd, http://www.springframework.org/schema/cache/spring-cache.xsd=org/springframework/cache/config/spring-cache-4.0.xsd, http://www.springframework.org/schema/tx/spring-tx.xsd=org/springframework/transaction/config/spring-tx-4.0.xsd, http://www.springframework.org/schema/beans/spring-beans-2.5.xsd=org/springframework/beans/factory/xml/spring-beans-2.5.xsd, http://www.springframework.org/schema/tx/spring-tx-2.0.xsd=org/springframework/transaction/config/spring-tx-2.0.xsd, http://www.alibaba.com/schema/stat.xsd=META-INF/stat.xsd, http://www.springframework.org/schema/jdbc/spring-jdbc-3.2.xsd=org/springframework/jdbc/config/spring-jdbc-3.2.xsd, http://www.springframework.org/schema/aop/spring-aop.xsd=org/springframework/aop/config/spring-aop-4.0.xsd, http://www.springframework.org/schema/data/jpa/spring-jpa-1.0.xsd=org/springframework/data/jpa/repository/config/spring-jpa-1.0.xsd}
10:20:58.041 [] [] [main] DEBUG o.s.b.f.xml.PluggableSchemaResolver - Found XML schema [http://www.springframework.org/schema/beans/spring-beans-4.0.xsd] in classpath: org/springframework/beans/factory/xml/spring-beans-4.0.xsd
10:20:58.074 [] [] [main] TRACE o.s.b.f.xml.PluggableSchemaResolver - Trying to resolve XML entity with public id [null] and system id [http://www.springframework.org/schema/context/spring-context-4.0.xsd]
10:20:58.074 [] [] [main] DEBUG o.s.b.f.xml.PluggableSchemaResolver - Found XML schema [http://www.springframework.org/schema/context/spring-context-4.0.xsd] in classpath: org/springframework/context/config/spring-context-4.0.xsd
10:20:58.077 [] [] [main] TRACE o.s.b.f.xml.PluggableSchemaResolver - Trying to resolve XML entity with public id [null] and system id [http://www.springframework.org/schema/tool/spring-tool-4.0.xsd]
10:20:58.077 [] [] [main] DEBUG o.s.b.f.xml.PluggableSchemaResolver - Found XML schema [http://www.springframework.org/schema/tool/spring-tool-4.0.xsd] in classpath: org/springframework/beans/factory/xml/spring-tool-4.0.xsd
10:20:58.084 [] [] [main] DEBUG o.s.b.f.x.DefaultBeanDefinitionDocumentReader - Loading bean definitions
10:20:58.101 [] [] [main] DEBUG o.s.b.f.x.DefaultNamespaceHandlerResolver - Loaded NamespaceHandler mappings: {http://www.springframework.org/schema/task=org.springframework.scheduling.config.TaskNamespaceHandler, http://www.springframework.org/schema/p=org.springframework.beans.factory.xml.SimplePropertyNamespaceHandler, http://www.springframework.org/schema/data/jpa=org.springframework.data.jpa.repository.config.JpaRepositoryNameSpaceHandler, http://code.alibabatech.com/schema/dubbo=com.alibaba.dubbo.config.spring.schema.DubboNamespaceHandler, http://www.springframework.org/schema/lang=org.springframework.scripting.config.LangNamespaceHandler, http://www.springframework.org/schema/util=org.springframework.beans.factory.xml.UtilNamespaceHandler, http://www.springframework.org/schema/c=org.springframework.beans.factory.xml.SimpleConstructorNamespaceHandler, http://www.springframework.org/schema/data/keyvalue=org.springframework.data.keyvalue.repository.config.KeyValueRepositoryNameSpaceHandler, http://www.springframework.org/schema/jee=org.springframework.ejb.config.JeeNamespaceHandler, http://www.springframework.org/schema/tx=org.springframework.transaction.config.TxNamespaceHandler, http://www.springframework.org/schema/data/repository=org.springframework.data.repository.config.RepositoryNameSpaceHandler, http://www.springframework.org/schema/jdbc=org.springframework.jdbc.config.JdbcNamespaceHandler, http://www.springframework.org/schema/aop=org.springframework.aop.config.AopNamespaceHandler, http://www.alibaba.com/schema/stat=com.alibaba.druid.support.spring.stat.config.DruidStatNamespaceHandler, http://www.springframework.org/schema/context=org.springframework.context.config.ContextNamespaceHandler, http://www.springframework.org/schema/cache=org.springframework.cache.config.CacheNamespaceHandler, http://mybatis.org/schema/mybatis-spring=org.mybatis.spring.config.NamespaceHandler, http://www.springframework.org/schema/mvc=org.springframework.web.servlet.config.MvcNamespaceHandler}
10:20:58.123 [] [] [main] DEBUG o.s.c.i.s.PathMatchingResourcePatternResolver - Looking for matching resources in directory tree [D:\DevTool\workspace\activiti\portal\target\classes\com\yonyou\iuap]
10:20:58.123 [] [] [main] DEBUG o.s.c.i.s.PathMatchingResourcePatternResolver - Searching directory [D:\DevTool\workspace\activiti\portal\target\classes\com\yonyou\iuap] for files matching pattern [D:/DevTool/workspace/activiti/portal/target/classes/com/yonyou/iuap/**/*.class]
10:20:58.124 [] [] [main] DEBUG o.s.c.i.s.PathMatchingResourcePatternResolver - Searching directory [D:\DevTool\workspace\activiti\portal\target\classes\com\yonyou\iuap\example] for files matching pattern [D:/DevTool/workspace/activiti/portal/target/classes/com/yonyou/iuap/**/*.class]
10:20:58.124 [] [] [main] DEBUG o.s.c.i.s.PathMatchingResourcePatternResolver - Searching directory [D:\DevTool\workspace\activiti\portal\target\classes\com\yonyou\iuap\example\entity] for files matching pattern [D:/DevTool/workspace/activiti/portal/target/classes/com/yonyou/iuap/**/*.class]
10:20:58.125 [] [] [main] DEBUG o.s.c.i.s.PathMatchingResourcePatternResolver - Searching directory [D:\DevTool\workspace\activiti\portal\target\classes\com\yonyou\iuap\example\repository] for files matching pattern [D:/DevTool/workspace/activiti/portal/target/classes/com/yonyou/iuap/**/*.class]
10:20:58.125 [] [] [main] DEBUG o.s.c.i.s.PathMatchingResourcePatternResolver - Searching directory [D:\DevTool\workspace\activiti\portal\target\classes\com\yonyou\iuap\example\service] for files matching pattern [D:/DevTool/workspace/activiti/portal/target/classes/com/yonyou/iuap/**/*.class]
10:20:58.126 [] [] [main] DEBUG o.s.c.i.s.PathMatchingResourcePatternResolver - Searching directory [D:\DevTool\workspace\activiti\portal\target\classes\com\yonyou\iuap\example\web] for files matching pattern [D:/DevTool/workspace/activiti/portal/target/classes/com/yonyou/iuap/**/*.class]
10:20:58.126 [] [] [main] DEBUG o.s.c.i.s.PathMatchingResourcePatternResolver - Searching directory [D:\DevTool\workspace\activiti\portal\target\classes\com\yonyou\iuap\system] for files matching pattern [D:/DevTool/workspace/activiti/portal/target/classes/com/yonyou/iuap/**/*.class]
10:20:58.126 [] [] [main] DEBUG o.s.c.i.s.PathMatchingResourcePatternResolver - Searching directory [D:\DevTool\workspace\activiti\portal\target\classes\com\yonyou\iuap\system\entity] for files matching pattern [D:/DevTool/workspace/activiti/portal/target/classes/com/yonyou/iuap/**/*.class]
10:20:58.127 [] [] [main] DEBUG o.s.c.i.s.PathMatchingResourcePatternResolver - Searching directory [D:\DevTool\workspace\activiti\portal\target\classes\com\yonyou\iuap\system\repository] for files matching pattern [D:/DevTool/workspace/activiti/portal/target/classes/com/yonyou/iuap/**/*.class]
10:20:58.127 [] [] [main] DEBUG o.s.c.i.s.PathMatchingResourcePatternResolver - Searching directory [D:\DevTool\workspace\activiti\portal\target\classes\com\yonyou\iuap\system\service] for files matching pattern [D:/DevTool/workspace/activiti/portal/target/classes/com/yonyou/iuap/**/*.class]
10:20:58.128 [] [] [main] DEBUG o.s.c.i.s.PathMatchingResourcePatternResolver - Searching directory [D:\DevTool\workspace\activiti\portal\target\classes\com\yonyou\iuap\system\web] for files matching pattern [D:/DevTool/workspace/activiti/portal/target/classes/com/yonyou/iuap/**/*.class]
10:20:58.128 [] [] [main] DEBUG o.s.c.i.s.PathMatchingResourcePatternResolver - Searching directory [D:\DevTool\workspace\activiti\portal\target\classes\com\yonyou\iuap\system\web\account] for files matching pattern [D:/DevTool/workspace/activiti/portal/target/classes/com/yonyou/iuap/**/*.class]
10:20:58.128 [] [] [main] DEBUG o.s.c.i.s.PathMatchingResourcePatternResolver - Searching directory [D:\DevTool\workspace\activiti\portal\target\classes\com\yonyou\iuap\system\web\index] for files matching pattern [D:/DevTool/workspace/activiti/portal/target/classes/com/yonyou/iuap/**/*.class]
10:20:58.129 [] [] [main] DEBUG o.s.c.i.s.PathMatchingResourcePatternResolver - Searching directory [D:\DevTool\workspace\activiti\portal\target\classes\com\yonyou\iuap\system\web\login] for files matching pattern [D:/DevTool/workspace/activiti/portal/target/classes/com/yonyou/iuap/**/*.class]
10:20:58.130 [] [] [main] DEBUG o.s.c.i.s.PathMatchingResourcePatternResolver - Looking for matching resources in jar file [file:/D:/devtool/repository/Maven/Maven3.2.2/local/repo/com/yonyou/iuap/iuap-jdbc/3.0.0-RELEASE/iuap-jdbc-3.0.0-RELEASE.jar]
10:20:58.144 [] [] [main] DEBUG o.s.c.i.s.PathMatchingResourcePatternResolver - Looking for matching resources in jar file [file:/D:/devtool/repository/Maven/Maven3.2.2/local/repo/com/yonyou/iuap/iuap-generic/3.0.0-RELEASE/iuap-generic-3.0.0-RELEASE.jar]
10:20:58.144 [] [] [main] DEBUG o.s.c.i.s.PathMatchingResourcePatternResolver - Looking for matching resources in jar file [file:/D:/devtool/repository/Maven/Maven3.2.2/local/repo/com/yonyou/iuap/iuap-cache/3.0.0-RELEASE/iuap-cache-3.0.0-RELEASE.jar]
10:20:58.145 [] [] [main] DEBUG o.s.c.i.s.PathMatchingResourcePatternResolver - Looking for matching resources in jar file [file:/D:/devtool/repository/Maven/Maven3.2.2/local/repo/com/yonyou/iuap/iuap-log/3.0.0-RELEASE/iuap-log-3.0.0-RELEASE.jar]
10:20:58.145 [] [] [main] DEBUG o.s.c.i.s.PathMatchingResourcePatternResolver - Looking for matching resources in jar file [file:/D:/devtool/repository/Maven/Maven3.2.2/local/repo/com/yonyou/iuap/iuap-security/3.0.0-RELEASE/iuap-security-3.0.0-RELEASE.jar]
10:20:58.146 [] [] [main] DEBUG o.s.c.i.s.PathMatchingResourcePatternResolver - Looking for matching resources in jar file [file:/D:/devtool/repository/Maven/Maven3.2.2/local/repo/com/yonyou/iuap/iuap-utils/3.0.0-RELEASE/iuap-utils-3.0.0-RELEASE.jar]
10:20:58.148 [] [] [main] DEBUG o.s.c.i.s.PathMatchingResourcePatternResolver - Looking for matching resources in jar file [file:/D:/devtool/repository/Maven/Maven3.2.2/local/repo/com/yonyou/iuap/iuap-auth/3.0.0-RELEASE/iuap-auth-3.0.0-RELEASE.jar]
10:20:58.149 [] [] [main] DEBUG o.s.c.i.s.PathMatchingResourcePatternResolver - Looking for matching resources in jar file [file:/D:/devtool/repository/Maven/Maven3.2.2/local/repo/com/yonyou/iuap/iuap-persistence/3.0.0-RELEASE/iuap-persistence-3.0.0-RELEASE.jar]
10:20:58.150 [] [] [main] DEBUG o.s.c.i.s.PathMatchingResourcePatternResolver - Looking for matching resources in jar file [file:/D:/devtool/repository/Maven/Maven3.2.2/local/repo/com/yonyou/iuap/iuap-oid/3.0.0-RELEASE/iuap-oid-3.0.0-RELEASE.jar]
10:20:58.151 [] [] [main] DEBUG o.s.c.i.s.PathMatchingResourcePatternResolver - Resolved location pattern [classpath*:com/yonyou/iuap/**/*.class] to resources [file [D:\DevTool\workspace\activiti\portal\target\classes\com\yonyou\iuap\example\entity\GoodJdbcDemo.class], file [D:\DevTool\workspace\activiti\portal\target\classes\com\yonyou\iuap\example\entity\GoodJpaDemo.class], file [D:\DevTool\workspace\activiti\portal\target\classes\com\yonyou\iuap\example\repository\GoodJdbcDemoDao.class], file [D:\DevTool\workspace\activiti\portal\target\classes\com\yonyou\iuap\example\repository\GoodJpaDemoDao.class], file [D:\DevTool\workspace\activiti\portal\target\classes\com\yonyou\iuap\example\service\GoodJdbcDemoService.class], file [D:\DevTool\workspace\activiti\portal\target\classes\com\yonyou\iuap\example\service\GoodJpaDemoService.class], file [D:\DevTool\workspace\activiti\portal\target\classes\com\yonyou\iuap\example\web\GoodJdbcDemoController.class], file [D:\DevTool\workspace\activiti\portal\target\classes\com\yonyou\iuap\example\web\GoodJpaDemoController.class], file [D:\DevTool\workspace\activiti\portal\target\classes\com\yonyou\iuap\system\entity\MgrUser.class], file [D:\DevTool\workspace\activiti\portal\target\classes\com\yonyou\iuap\system\repository\MgrUserDao.class], file [D:\DevTool\workspace\activiti\portal\target\classes\com\yonyou\iuap\system\service\AccountService.class], file [D:\DevTool\workspace\activiti\portal\target\classes\com\yonyou\iuap\system\web\account\MgrAccountController.class], file [D:\DevTool\workspace\activiti\portal\target\classes\com\yonyou\iuap\system\web\index\IndexController.class], file [D:\DevTool\workspace\activiti\portal\target\classes\com\yonyou\iuap\system\web\login\LoginController.class], file [D:\DevTool\workspace\activiti\portal\target\classes\com\yonyou\iuap\system\web\login\MaLoginController.class], file [D:\DevTool\workspace\activiti\portal\target\classes\com\yonyou\iuap\system\web\login\RoleForTheme.class], file [D:\DevTool\workspace\activiti\portal\target\classes\com\yonyou\iuap\system\web\login\SSOLoginFilter.class], file [D:\DevTool\workspace\activiti\portal\target\classes\com\yonyou\iuap\system\web\login\TimeOutFilter.class], URL [jar:file:/D:/devtool/repository/Maven/Maven3.2.2/local/repo/com/yonyou/iuap/iuap-jdbc/3.0.0-RELEASE/iuap-jdbc-3.0.0-RELEASE.jar!/com/yonyou/iuap/persistence/bs/dao/AbstractDAO.class], URL [jar:file:/D:/devtool/repository/Maven/Maven3.2.2/local/repo/com/yonyou/iuap/iuap-jdbc/3.0.0-RELEASE/iuap-jdbc-3.0.0-RELEASE.jar!/com/yonyou/iuap/persistence/bs/dao/BaseDAO.class], URL [jar:file:/D:/devtool/repository/Maven/Maven3.2.2/local/repo/com/yonyou/iuap/iuap-jdbc/3.0.0-RELEASE/iuap-jdbc-3.0.0-RELEASE.jar!/com/yonyou/iuap/persistence/bs/dao/DAOException.class], URL [jar:file:/D:/devtool/repository/Maven/Maven3.2.2/local/repo/com/yonyou/iuap/iuap-jdbc/3.0.0-RELEASE/iuap-jdbc-3.0.0-RELEASE.jar!/com/yonyou/iuap/persistence/bs/framework/common/ITimeService.class], URL [jar:file:/D:/devtool/repository/Maven/Maven3.2.2/local/repo/com/yonyou/iuap/iuap-jdbc/3.0.0-RELEASE/iuap-jdbc-3.0.0-RELEASE.jar!/com/yonyou/iuap/persistence/bs/framework/core/service/TimeService.class], URL [jar:file:/D:/devtool/repository/Maven/Maven3.2.2/local/repo/com/yonyou/iuap/iuap-jdbc/3.0.0-RELEASE/iuap-jdbc-3.0.0-RELEASE.jar!/com/yonyou/iuap/persistence/bs/framework/ds/CrossdbDataSource.class], URL [jar:file:/D:/devtool/repository/Maven/Maven3.2.2/local/repo/com/yonyou/iuap/iuap-jdbc/3.0.0-RELEASE/iuap-jdbc-3.0.0-RELEASE.jar!/com/yonyou/iuap/persistence/bs/mw/sqltrans/Expresion_str.class], URL [jar:file:/D:/devtool/repository/Maven/Maven3.2.2/local/repo/com/yonyou/iuap/iuap-jdbc/3.0.0-RELEASE/iuap-jdbc-3.0.0-RELEASE.jar!/com/yonyou/iuap/persistence/bs/mw/sqltrans/Express_str.class], URL [jar:file:/D:/devtool/repository/Maven/Maven3.2.2/local/repo/com/yonyou/iuap/iuap-jdbc/3.0.0-RELEASE/iuap-jdbc-3.0.0-RELEASE.jar!/com/yonyou/iuap/persistence/bs/mw/sqltrans/FunctionDict.class], URL [jar:file:/D:/devtool/repository/Maven/Maven3.2.2/local/repo/com/yonyou/iuap/iuap-jdbc/3.0.0-RELEASE/iuap-jdbc-3.0.0-RELEASE.jar!/com/yonyou/iuap/persistence/bs/mw/sqltrans/ITranslator.class], URL [jar:file:/D:/devtool/repository/Maven/Maven3.2.2/local/repo/com/yonyou/iuap/iuap-jdbc/3.0.0-RELEASE/iuap-jdbc-3.0.0-RELEASE.jar!/com/yonyou/iuap/persistence/bs/mw/sqltrans/SqlTranslator.class], URL [jar:file:/D:/devtool/repository/Maven/Maven3.2.2/local/repo/com/yonyou/iuap/iuap-jdbc/3.0.0-RELEASE/iuap-jdbc-3.0.0-RELEASE.jar!/com/yonyou/iuap/persistence/bs/mw/sqltrans/TempTable.class], URL [jar:file:/D:/devtool/repository/Maven/Maven3.2.2/local/repo/com/yonyou/iuap/iuap-jdbc/3.0.0-RELEASE/iuap-jdbc-3.0.0-RELEASE.jar!/com/yonyou/iuap/persistence/bs/mw/sqltrans/TranslateToAlcedo.class], URL [jar:file:/D:/devtool/repository/Maven/Maven3.2.2/local/repo/com/yonyou/iuap/iuap-jdbc/3.0.0-RELEASE/iuap-jdbc-3.0.0-RELEASE.jar!/com/yonyou/iuap/persistence/bs/mw/sqltrans/TranslateToDB2.class], URL [jar:file:/D:/devtool/repository/Maven/Maven3.2.2/local/repo/com/yonyou/iuap/iuap-jdbc/3.0.0-RELEASE/iuap-jdbc-3.0.0-RELEASE.jar!/com/yonyou/iuap/persistence/bs/mw/sqltrans/TranslateToGbase.class], URL [jar:file:/D:/devtool/repository/Maven/Maven3.2.2/local/repo/com/yonyou/iuap/iuap-jdbc/3.0.0-RELEASE/iuap-jdbc-3.0.0-RELEASE.jar!/com/yonyou/iuap/persistence/bs/mw/sqltrans/TranslateToInformix.class], URL [jar:file:/D:/devtool/repository/Maven/Maven3.2.2/local/repo/com/yonyou/iuap/iuap-jdbc/3.0.0-RELEASE/iuap-jdbc-3.0.0-RELEASE.jar!/com/yonyou/iuap/persistence/bs/mw/sqltrans/TranslateToMySQL.class], URL [jar:file:/D:/devtool/repository/Maven/Maven3.2.2/local/repo/com/yonyou/iuap/iuap-jdbc/3.0.0-RELEASE/iuap-jdbc-3.0.0-RELEASE.jar!/com/yonyou/iuap/persistence/bs/mw/sqltrans/TranslateToOracle.class], URL [jar:file:/D:/devtool/repository/Maven/Maven3.2.2/local/repo/com/yonyou/iuap/iuap-jdbc/3.0.0-RELEASE/iuap-jdbc-3.0.0-RELEASE.jar!/com/yonyou/iuap/persistence/bs/mw/sqltrans/TranslateToOscar.class], URL [jar:file:/D:/devtool/repository/Maven/Maven3.2.2/local/repo/com/yonyou/iuap/iuap-jdbc/3.0.0-RELEASE/iuap-jdbc-3.0.0-RELEASE.jar!/com/yonyou/iuap/persistence/bs/mw/sqltrans/TranslateToPostgreSQL.class], URL [jar:file:/D:/devtool/repository/Maven/Maven3.2.2/local/repo/com/yonyou/iuap/iuap-jdbc/3.0.0-RELEASE/iuap-jdbc-3.0.0-RELEASE.jar!/com/yonyou/iuap/persistence/bs/mw/sqltrans/TranslateToSqlServer.class], URL [jar:file:/D:/devtool/repository/Maven/Maven3.2.2/local/repo/com/yonyou/iuap/iuap-jdbc/3.0.0-RELEASE/iuap-jdbc-3.0.0-RELEASE.jar!/com/yonyou/iuap/persistence/bs/mw/sqltrans/TranslateToSybase.class], URL [jar:file:/D:/devtool/repository/Maven/Maven3.2.2/local/repo/com/yonyou/iuap/iuap-jdbc/3.0.0-RELEASE/iuap-jdbc-3.0.0-RELEASE.jar!/com/yonyou/iuap/persistence/bs/mw/sqltrans/TranslatorObject.class], URL [jar:file:/D:/devtool/repository/Maven/Maven3.2.2/local/repo/com/yonyou/iuap/iuap-jdbc/3.0.0-RELEASE/iuap-jdbc-3.0.0-RELEASE.jar!/com/yonyou/iuap/persistence/bs/mw/sqltrans/TransUnit.class], URL [jar:file:/D:/devtool/repository/Maven/Maven3.2.2/local/repo/com/yonyou/iuap/iuap-jdbc/3.0.0-RELEASE/iuap-jdbc-3.0.0-RELEASE.jar!/com/yonyou/iuap/persistence/bs/util/DBMetaHelper$ColCache.class], URL [jar:file:/D:/devtool/repository/Maven/Maven3.2.2/local/repo/com/yonyou/iuap/iuap-jdbc/3.0.0-RELEASE/iuap-jdbc-3.0.0-RELEASE.jar!/com/yonyou/iuap/persistence/bs/util/DBMetaHelper.class], URL [jar:file:/D:/devtool/repository/Maven/Maven3.2.2/local/repo/com/yonyou/iuap/iuap-jdbc/3.0.0-RELEASE/iuap-jdbc-3.0.0-RELEASE.jar!/com/yonyou/iuap/persistence/itf/uap/IUAPQueryBS.class], URL [jar:file:/D:/devtool/repository/Maven/Maven3.2.2/local/repo/com/yonyou/iuap/iuap-jdbc/3.0.0-RELEASE/iuap-jdbc-3.0.0-RELEASE.jar!/com/yonyou/iuap/persistence/itf/uap/IVOPersistence.class], URL [jar:file:/D:/devtool/repository/Maven/Maven3.2.2/local/repo/com/yonyou/iuap/iuap-jdbc/3.0.0-RELEASE/iuap-jdbc-3.0.0-RELEASE.jar!/com/yonyou/iuap/persistence/jdbc/framework/AbstractJdbcPersistenceManager$1.class], URL [jar:file:/D:/devtool/repository/Maven/Maven3.2.2/local/repo/com/yonyou/iuap/iuap-jdbc/3.0.0-RELEASE/iuap-jdbc-3.0.0-RELEASE.jar!/com/yonyou/iuap/persistence/jdbc/framework/AbstractJdbcPersistenceManager$2.class], URL [jar:file:/D:/devtool/repository/Maven/Maven3.2.2/local/repo/com/yonyou/iuap/iuap-jdbc/3.0.0-RELEASE/iuap-jdbc-3.0.0-RELEASE.jar!/com/yonyou/iuap/persistence/jdbc/framework/AbstractJdbcPersistenceManager.class], URL [jar:file:/D:/devtool/repository/Maven/Maven3.2.2/local/repo/com/yonyou/iuap/iuap-jdbc/3.0.0-RELEASE/iuap-jdbc-3.0.0-RELEASE.jar!/com/yonyou/iuap/persistence/jdbc/framework/annotation/Column.class], URL [jar:file:/D:/devtool/repository/Maven/Maven3.2.2/local/repo/com/yonyou/iuap/iuap-jdbc/3.0.0-RELEASE/iuap-jdbc-3.0.0-RELEASE.jar!/com/yonyou/iuap/persistence/jdbc/framework/annotation/Entity.class], URL [jar:file:/D:/devtool/repository/Maven/Maven3.2.2/local/repo/com/yonyou/iuap/iuap-jdbc/3.0.0-RELEASE/iuap-jdbc-3.0.0-RELEASE.jar!/com/yonyou/iuap/persistence/jdbc/framework/annotation/FK.class], URL [jar:file:/D:/devtool/repository/Maven/Maven3.2.2/local/repo/com/yonyou/iuap/iuap-jdbc/3.0.0-RELEASE/iuap-jdbc-3.0.0-RELEASE.jar!/com/yonyou/iuap/persistence/jdbc/framework/annotation/GeneratedValue.class], URL [jar:file:/D:/devtool/repository/Maven/Maven3.2.2/local/repo/com/yonyou/iuap/iuap-jdbc/3.0.0-RELEASE/iuap-jdbc-3.0.0-RELEASE.jar!/com/yonyou/iuap/persistence/jdbc/framework/annotation/Id.class], URL [jar:file:/D:/devtool/repository/Maven/Maven3.2.2/local/repo/com/yonyou/iuap/iuap-jdbc/3.0.0-RELEASE/iuap-jdbc-3.0.0-RELEASE.jar!/com/yonyou/iuap/persistence/jdbc/framework/annotation/OneToMany.class], URL [jar:file:/D:/devtool/repository/Maven/Maven3.2.2/local/repo/com/yonyou/iuap/iuap-jdbc/3.0.0-RELEASE/iuap-jdbc-3.0.0-RELEASE.jar!/com/yonyou/iuap/persistence/jdbc/framework/annotation/Stragegy.class], URL [jar:file:/D:/devtool/repository/Maven/Maven3.2.2/local/repo/com/yonyou/iuap/iuap-jdbc/3.0.0-RELEASE/iuap-jdbc-3.0.0-RELEASE.jar!/com/yonyou/iuap/persistence/jdbc/framework/annotation/Table.class], URL [jar:file:/D:/devtool/repository/Maven/Maven3.2.2/local/repo/com/yonyou/iuap/iuap-jdbc/3.0.0-RELEASE/iuap-jdbc-3.0.0-RELEASE.jar!/com/yonyou/iuap/persistence/jdbc/framework/crossdb/adapter/Adapter.class], URL [jar:file:/D:/devtool/repository/Maven/Maven3.2.2/local/repo/com/yonyou/iuap/iuap-jdbc/3.0.0-RELEASE/iuap-jdbc-3.0.0-RELEASE.jar!/com/yonyou/iuap/persistence/jdbc/framework/crossdb/adapter/AdapterFactory.class], URL [jar:file:/D:/devtool/repository/Maven/Maven3.2.2/local/repo/com/yonyou/iuap/iuap-jdbc/3.0.0-RELEASE/iuap-jdbc-3.0.0-RELEASE.jar!/com/yonyou/iuap/persistence/jdbc/framework/crossdb/adapter/AlcedoAdapter.class], URL [jar:file:/D:/devtool/repository/Maven/Maven3.2.2/local/repo/com/yonyou/iuap/iuap-jdbc/3.0.0-RELEASE/iuap-jdbc-3.0.0-RELEASE.jar!/com/yonyou/iuap/persistence/jdbc/framework/crossdb/adapter/BaseAdapter.class], URL [jar:file:/D:/devtool/repository/Maven/Maven3.2.2/local/repo/com/yonyou/iuap/iuap-jdbc/3.0.0-RELEASE/iuap-jdbc-3.0.0-RELEASE.jar!/com/yonyou/iuap/persistence/jdbc/framework/crossdb/adapter/DB2Adapter.class], URL [jar:file:/D:/devtool/repository/Maven/Maven3.2.2/local/repo/com/yonyou/iuap/iuap-jdbc/3.0.0-RELEASE/iuap-jdbc-3.0.0-RELEASE.jar!/com/yonyou/iuap/persistence/jdbc/framework/crossdb/adapter/GbaseAdapter.class], URL [jar:file:/D:/devtool/repository/Maven/Maven3.2.2/local/repo/com/yonyou/iuap/iuap-jdbc/3.0.0-RELEASE/iuap-jdbc-3.0.0-RELEASE.jar!/com/yonyou/iuap/persistence/jdbc/framework/crossdb/adapter/MySQLAdapter.class], URL [jar:file:/D:/devtool/repository/Maven/Maven3.2.2/local/repo/com/yonyou/iuap/iuap-jdbc/3.0.0-RELEASE/iuap-jdbc-3.0.0-RELEASE.jar!/com/yonyou/iuap/persistence/jdbc/framework/crossdb/adapter/OracleAdapter.class], URL [jar:file:/D:/devtool/repository/Maven/Maven3.2.2/local/repo/com/yonyou/iuap/iuap-jdbc/3.0.0-RELEASE/iuap-jdbc-3.0.0-RELEASE.jar!/com/yonyou/iuap/persistence/jdbc/framework/crossdb/adapter/PostgresAdapter.class], URL [jar:file:/D:/devtool/repository/Maven/Maven3.2.2/local/repo/com/yonyou/iuap/iuap-jdbc/3.0.0-RELEASE/iuap-jdbc-3.0.0-RELEASE.jar!/com/yonyou/iuap/persistence/jdbc/framework/crossdb/adapter/SQLServerAdapter.class], URL [jar:file:/D:/devtool/repository/Maven/Maven3.2.2/local/repo/com/yonyou/iuap/iuap-jdbc/3.0.0-RELEASE/iuap-jdbc-3.0.0-RELEASE.jar!/com/yonyou/iuap/persistence/jdbc/framework/crossdb/CrossDBConnection.class], URL [jar:file:/D:/devtool/repository/Maven/Maven3.2.2/local/repo/com/yonyou/iuap/iuap-jdbc/3.0.0-RELEASE/iuap-jdbc-3.0.0-RELEASE.jar!/com/yonyou/iuap/persistence/jdbc/framework/crossdb/CrossDBHints.class], URL [jar:file:/D:/devtool/repository/Maven/Maven3.2.2/local/repo/com/yonyou/iuap/iuap-jdbc/3.0.0-RELEASE/iuap-jdbc-3.0.0-RELEASE.jar!/com/yonyou/iuap/persistence/jdbc/framework/crossdb/CrossDBObject.class], URL [jar:file:/D:/devtool/repository/Maven/Maven3.2.2/local/repo/com/yonyou/iuap/iuap-jdbc/3.0.0-RELEASE/iuap-jdbc-3.0.0-RELEASE.jar!/com/yonyou/iuap/persistence/jdbc/framework/crossdb/CrossDBPreparedStatement.class], URL [jar:file:/D:/devtool/repository/Maven/Maven3.2.2/local/repo/com/yonyou/iuap/iuap-jdbc/3.0.0-RELEASE/iuap-jdbc-3.0.0-RELEASE.jar!/com/yonyou/iuap/persistence/jdbc/framework/crossdb/CrossDBResultSet.class], URL [jar:file:/D:/devtool/repository/Maven/Maven3.2.2/local/repo/com/yonyou/iuap/iuap-jdbc/3.0.0-RELEASE/iuap-jdbc-3.0.0-RELEASE.jar!/com/yonyou/iuap/persistence/jdbc/framework/crossdb/CrossDBResultSetMetaData.class], URL [jar:file:/D:/devtool/repository/Maven/Maven3.2.2/local/repo/com/yonyou/iuap/iuap-jdbc/3.0.0-RELEASE/iuap-jdbc-3.0.0-RELEASE.jar!/com/yonyou/iuap/persistence/jdbc/framework/crossdb/CrossDBSQLException.class], URL [jar:file:/D:/devtool/repository/Maven/Maven3.2.2/local/repo/com/yonyou/iuap/iuap-jdbc/3.0.0-RELEASE/iuap-jdbc-3.0.0-RELEASE.jar!/com/yonyou/iuap/persistence/jdbc/framework/crossdb/CrossDBStatement.class], URL [jar:file:/D:/devtool/repository/Maven/Maven3.2.2/local/repo/com/yonyou/iuap/iuap-jdbc/3.0.0-RELEASE/iuap-jdbc-3.0.0-RELEASE.jar!/com/yonyou/iuap/persistence/jdbc/framework/crossdb/ExceptionFactory.class], URL [jar:file:/D:/devtool/repository/Maven/Maven3.2.2/local/repo/com/yonyou/iuap/iuap-jdbc/3.0.0-RELEASE/iuap-jdbc-3.0.0-RELEASE.jar!/com/yonyou/iuap/persistence/jdbc/framework/crossdb/ExcessMaxRowException.class], URL [jar:file:/D:/devtool/repository/Maven/Maven3.2.2/local/repo/com/yonyou/iuap/iuap-jdbc/3.0.0-RELEASE/iuap-jdbc-3.0.0-RELEASE.jar!/com/yonyou/iuap/persistence/jdbc/framework/crossdb/Messages.class], URL [jar:file:/D:/devtool/repository/Maven/Maven3.2.2/local/repo/com/yonyou/iuap/iuap-jdbc/3.0.0-RELEASE/iuap-jdbc-3.0.0-RELEASE.jar!/com/yonyou/iuap/persistence/jdbc/framework/crossdb/SQLCache.class], URL [jar:file:/D:/devtool/repository/Maven/Maven3.2.2/local/repo/com/yonyou/iuap/iuap-jdbc/3.0.0-RELEASE/iuap-jdbc-3.0.0-RELEASE.jar!/com/yonyou/iuap/persistence/jdbc/framework/crossdb/SQLStruct.class], URL [jar:file:/D:/devtool/repository/Maven/Maven3.2.2/local/repo/com/yonyou/iuap/iuap-jdbc/3.0.0-RELEASE/iuap-jdbc-3.0.0-RELEASE.jar!/com/yonyou/iuap/persistence/jdbc/framework/crossdb/temptable/DB2TempTableCreator.class], URL [jar:file:/D:/devtool/repository/Maven/Maven3.2.2/local/repo/com/yonyou/iuap/iuap-jdbc/3.0.0-RELEASE/iuap-jdbc-3.0.0-RELEASE.jar!/com/yonyou/iuap/persistence/jdbc/framework/crossdb/temptable/GbaseTempTableCreator.class], URL [jar:file:/D:/devtool/repository/Maven/Maven3.2.2/local/repo/com/yonyou/iuap/iuap-jdbc/3.0.0-RELEASE/iuap-jdbc-3.0.0-RELEASE.jar!/com/yonyou/iuap/persistence/jdbc/framework/crossdb/temptable/OracleTempTableCreator.class], URL [jar:file:/D:/devtool/repository/Maven/Maven3.2.2/local/repo/com/yonyou/iuap/iuap-jdbc/3.0.0-RELEASE/iuap-jdbc-3.0.0-RELEASE.jar!/com/yonyou/iuap/persistence/jdbc/framework/crossdb/temptable/PostgreSQLTempTableCreator.class], URL [jar:file:/D:/devtool/repository/Maven/Maven3.2.2/local/repo/com/yonyou/iuap/iuap-jdbc/3.0.0-RELEASE/iuap-jdbc-3.0.0-RELEASE.jar!/com/yonyou/iuap/persistence/jdbc/framework/crossdb/temptable/SQLServerTempTableCreator.class], URL [jar:file:/D:/devtool/repository/Maven/Maven3.2.2/local/repo/com/yonyou/iuap/iuap-jdbc/3.0.0-RELEASE/iuap-jdbc-3.0.0-RELEASE.jar!/com/yonyou/iuap/persistence/jdbc/framework/crossdb/temptable/TempTableCreator.class], URL [jar:file:/D:/devtool/repository/Maven/Maven3.2.2/local/repo/com/yonyou/iuap/iuap-jdbc/3.0.0-RELEASE/iuap-jdbc-3.0.0-RELEASE.jar!/com/yonyou/iuap/persistence/jdbc/framework/crossdb/temptable/TempTableCreatorFactory.class], URL [jar:file:/D:/devtool/repository/Maven/Maven3.2.2/local/repo/com/yonyou/iuap/iuap-jdbc/3.0.0-RELEASE/iuap-jdbc-3.0.0-RELEASE.jar!/com/yonyou/iuap/persistence/jdbc/framework/crossdb/temptable/TempTabMgr.class], URL [jar:file:/D:/devtool/repository/Maven/Maven3.2.2/local/repo/com/yonyou/iuap/iuap-jdbc/3.0.0-RELEASE/iuap-jdbc-3.0.0-RELEASE.jar!/com/yonyou/iuap/persistence/jdbc/framework/DataBaseDescriptor.class], URL [jar:file:/D:/devtool/repository/Maven/Maven3.2.2/local/repo/com/yonyou/iuap/iuap-jdbc/3.0.0-RELEASE/iuap-jdbc-3.0.0-RELEASE.jar!/com/yonyou/iuap/persistence/jdbc/framework/DataSourceCenter.class], URL [jar:file:/D:/devtool/repository/Maven/Maven3.2.2/local/repo/com/yonyou/iuap/iuap-jdbc/3.0.0-RELEASE/iuap-jdbc-3.0.0-RELEASE.jar!/com/yonyou/iuap/persistence/jdbc/framework/DBMetaInfo.class], URL [jar:file:/D:/devtool/repository/Maven/Maven3.2.2/local/repo/com/yonyou/iuap/iuap-jdbc/3.0.0-RELEASE/iuap-jdbc-3.0.0-RELEASE.jar!/com/yonyou/iuap/persistence/jdbc/framework/exception/ALCEDOSqlException.class], URL [jar:file:/D:/devtool/repository/Maven/Maven3.2.2/local/repo/com/yonyou/iuap/iuap-jdbc/3.0.0-RELEASE/iuap-jdbc-3.0.0-RELEASE.jar!/com/yonyou/iuap/persistence/jdbc/framework/exception/DB2Exception.class], URL [jar:file:/D:/devtool/repository/Maven/Maven3.2.2/local/repo/com/yonyou/iuap/iuap-jdbc/3.0.0-RELEASE/iuap-jdbc-3.0.0-RELEASE.jar!/com/yonyou/iuap/persistence/jdbc/framework/exception/DbException.class], URL [jar:file:/D:/devtool/repository/Maven/Maven3.2.2/local/repo/com/yonyou/iuap/iuap-jdbc/3.0.0-RELEASE/iuap-jdbc-3.0.0-RELEASE.jar!/com/yonyou/iuap/persistence/jdbc/framework/exception/ExceptionFactory.class], URL [jar:file:/D:/devtool/repository/Maven/Maven3.2.2/local/repo/com/yonyou/iuap/iuap-jdbc/3.0.0-RELEASE/iuap-jdbc-3.0.0-RELEASE.jar!/com/yonyou/iuap/persistence/jdbc/framework/exception/GbaseException.class], URL [jar:file:/D:/devtool/repository/Maven/Maven3.2.2/local/repo/com/yonyou/iuap/iuap-jdbc/3.0.0-RELEASE/iuap-jdbc-3.0.0-RELEASE.jar!/com/yonyou/iuap/persistence/jdbc/framework/exception/HSQLException.class], URL [jar:file:/D:/devtool/repository/Maven/Maven3.2.2/local/repo/com/yonyou/iuap/iuap-jdbc/3.0.0-RELEASE/iuap-jdbc-3.0.0-RELEASE.jar!/com/yonyou/iuap/persistence/jdbc/framework/exception/MSSQLException.class], URL [jar:file:/D:/devtool/repository/Maven/Maven3.2.2/local/repo/com/yonyou/iuap/iuap-jdbc/3.0.0-RELEASE/iuap-jdbc-3.0.0-RELEASE.jar!/com/yonyou/iuap/persistence/jdbc/framework/exception/OracleException.class], URL [jar:file:/D:/devtool/repository/Maven/Maven3.2.2/local/repo/com/yonyou/iuap/iuap-jdbc/3.0.0-RELEASE/iuap-jdbc-3.0.0-RELEASE.jar!/com/yonyou/iuap/persistence/jdbc/framework/exception/OscarException.class], URL [jar:file:/D:/devtool/repository/Maven/Maven3.2.2/local/repo/com/yonyou/iuap/iuap-jdbc/3.0.0-RELEASE/iuap-jdbc-3.0.0-RELEASE.jar!/com/yonyou/iuap/persistence/jdbc/framework/exception/PostgresSqlException.class], URL [jar:file:/D:/devtool/repository/Maven/Maven3.2.2/local/repo/com/yonyou/iuap/iuap-jdbc/3.0.0-RELEASE/iuap-jdbc-3.0.0-RELEASE.jar!/com/yonyou/iuap/persistence/jdbc/framework/exception/UnKnownException.class], URL [jar:file:/D:/devtool/repository/Maven/Maven3.2.2/local/repo/com/yonyou/iuap/iuap-jdbc/3.0.0-RELEASE/iuap-jdbc-3.0.0-RELEASE.jar!/com/yonyou/iuap/persistence/jdbc/framework/generator/IdGenerator.class], URL [jar:file:/D:/devtool/repository/Maven/Maven3.2.2/local/repo/com/yonyou/iuap/iuap-jdbc/3.0.0-RELEASE/iuap-jdbc-3.0.0-RELEASE.jar!/com/yonyou/iuap/persistence/jdbc/framework/generator/IDGeneratorFactory.class], URL [jar:file:/D:/devtool/repository/Maven/Maven3.2.2/local/repo/com/yonyou/iuap/iuap-jdbc/3.0.0-RELEASE/iuap-jdbc-3.0.0-RELEASE.jar!/com/yonyou/iuap/persistence/jdbc/framework/JdbcPersistenceManager.class], URL [jar:file:/D:/devtool/repository/Maven/Maven3.2.2/local/repo/com/yonyou/iuap/iuap-jdbc/3.0.0-RELEASE/iuap-jdbc-3.0.0-RELEASE.jar!/com/yonyou/iuap/persistence/jdbc/framework/JdbcSession$1.class], URL [jar:file:/D:/devtool/repository/Maven/Maven3.2.2/local/repo/com/yonyou/iuap/iuap-jdbc/3.0.0-RELEASE/iuap-jdbc-3.0.0-RELEASE.jar!/com/yonyou/iuap/persistence/jdbc/framework/JdbcSession$2.class], URL [jar:file:/D:/devtool/repository/Maven/Maven3.2.2/local/repo/com/yonyou/iuap/iuap-jdbc/3.0.0-RELEASE/iuap-jdbc-3.0.0-RELEASE.jar!/com/yonyou/iuap/persistence/jdbc/framework/JdbcSession$3.class], URL [jar:file:/D:/devtool/repository/Maven/Maven3.2.2/local/repo/com/yonyou/iuap/iuap-jdbc/3.0.0-RELEASE/iuap-jdbc-3.0.0-RELEASE.jar!/com/yonyou/iuap/persistence/jdbc/framework/JdbcSession$4.class], URL [jar:file:/D:/devtool/repository/Maven/Maven3.2.2/local/repo/com/yonyou/iuap/iuap-jdbc/3.0.0-RELEASE/iuap-jdbc-3.0.0-RELEASE.jar!/com/yonyou/iuap/persistence/jdbc/framework/JdbcSession$5.class], URL [jar:file:/D:/devtool/repository/Maven/Maven3.2.2/local/repo/com/yonyou/iuap/iuap-jdbc/3.0.0-RELEASE/iuap-jdbc-3.0.0-RELEASE.jar!/com/yonyou/iuap/persistence/jdbc/framework/JdbcSession.class], URL [jar:file:/D:/devtool/repository/Maven/Maven3.2.2/local/repo/com/yonyou/iuap/iuap-jdbc/3.0.0-RELEASE/iuap-jdbc-3.0.0-RELEASE.jar!/com/yonyou/iuap/persistence/jdbc/framework/mapping/AttributeMapping.class], URL [jar:file:/D:/devtool/repository/Maven/Maven3.2.2/local/repo/com/yonyou/iuap/iuap-jdbc/3.0.0-RELEASE/iuap-jdbc-3.0.0-RELEASE.jar!/com/yonyou/iuap/persistence/jdbc/framework/mapping/BeanMapping.class], URL [jar:file:/D:/devtool/repository/Maven/Maven3.2.2/local/repo/com/yonyou/iuap/iuap-jdbc/3.0.0-RELEASE/iuap-jdbc-3.0.0-RELEASE.jar!/com/yonyou/iuap/persistence/jdbc/framework/mapping/ext/JoinQueryMappingMetaWrapper.class], URL [jar:file:/D:/devtool/repository/Maven/Maven3.2.2/local/repo/com/yonyou/iuap/iuap-jdbc/3.0.0-RELEASE/iuap-jdbc-3.0.0-RELEASE.jar!/com/yonyou/iuap/persistence/jdbc/framework/mapping/IAttributeMapping.class], URL [jar:file:/D:/devtool/repository/Maven/Maven3.2.2/local/repo/com/yonyou/iuap/iuap-jdbc/3.0.0-RELEASE/iuap-jdbc-3.0.0-RELEASE.jar!/com/yonyou/iuap/persistence/jdbc/framework/mapping/IMappingMeta.class], URL [jar:file:/D:/devtool/repository/Maven/Maven3.2.2/local/repo/com/yonyou/iuap/iuap-jdbc/3.0.0-RELEASE/iuap-jdbc-3.0.0-RELEASE.jar!/com/yonyou/iuap/persistence/jdbc/framework/mapping/MappingMeta.class], URL [jar:file:/D:/devtool/repository/Maven/Maven3.2.2/local/repo/com/yonyou/iuap/iuap-jdbc/3.0.0-RELEASE/iuap-jdbc-3.0.0-RELEASE.jar!/com/yonyou/iuap/persistence/jdbc/framework/mapping/MappingMetaManager.class], URL [jar:file:/D:/devtool/repository/Maven/Maven3.2.2/local/repo/com/yonyou/iuap/iuap-jdbc/3.0.0-RELEASE/iuap-jdbc-3.0.0-RELEASE.jar!/com/yonyou/iuap/persistence/jdbc/framework/orm/IPersistenceObject.class], URL [jar:file:/D:/devtool/repository/Maven/Maven3.2.2/local/repo/com/yonyou/iuap/iuap-jdbc/3.0.0-RELEASE/iuap-jdbc-3.0.0-RELEASE.jar!/com/yonyou/iuap/persistence/jdbc/framework/orm/MappingHelper.class], URL [jar:file:/D:/devtool/repository/Maven/Maven3.2.2/local/repo/com/yonyou/iuap/iuap-jdbc/3.0.0-RELEASE/iuap-jdbc-3.0.0-RELEASE.jar!/com/yonyou/iuap/persistence/jdbc/framework/orm/OperatorWrapper.class], URL [jar:file:/D:/devtool/repository/Maven/Maven3.2.2/local/repo/com/yonyou/iuap/iuap-jdbc/3.0.0-RELEASE/iuap-jdbc-3.0.0-RELEASE.jar!/com/yonyou/iuap/persistence/jdbc/framework/orm/ORMCache.class], URL [jar:file:/D:/devtool/repository/Maven/Maven3.2.2/local/repo/com/yonyou/iuap/iuap-jdbc/3.0.0-RELEASE/iuap-jdbc-3.0.0-RELEASE.jar!/com/yonyou/iuap/persistence/jdbc/framework/orm/ORMColumnInfo.class], URL [jar:file:/D:/devtool/repository/Maven/Maven3.2.2/local/repo/com/yonyou/iuap/iuap-jdbc/3.0.0-RELEASE/iuap-jdbc-3.0.0-RELEASE.jar!/com/yonyou/iuap/persistence/jdbc/framework/page/DB2LimitSQLBuilder.class], URL [jar:file:/D:/devtool/repository/Maven/Maven3.2.2/local/repo/com/yonyou/iuap/iuap-jdbc/3.0.0-RELEASE/iuap-jdbc-3.0.0-RELEASE.jar!/com/yonyou/iuap/persistence/jdbc/framework/page/GbaseLimitSQLBuilder.class], URL [jar:file:/D:/devtool/repository/Maven/Maven3.2.2/local/repo/com/yonyou/iuap/iuap-jdbc/3.0.0-RELEASE/iuap-jdbc-3.0.0-RELEASE.jar!/com/yonyou/iuap/persistence/jdbc/framework/page/LimitSQLBuilder.class], URL [jar:file:/D:/devtool/repository/Maven/Maven3.2.2/local/repo/com/yonyou/iuap/iuap-jdbc/3.0.0-RELEASE/iuap-jdbc-3.0.0-RELEASE.jar!/com/yonyou/iuap/persistence/jdbc/framework/page/MSSQLLimitSQLBuilder.class], URL [jar:file:/D:/devtool/repository/Maven/Maven3.2.2/local/repo/com/yonyou/iuap/iuap-jdbc/3.0.0-RELEASE/iuap-jdbc-3.0.0-RELEASE.jar!/com/yonyou/iuap/persistence/jdbc/framework/page/MySQLLimitSQLBuilder.class], URL [jar:file:/D:/devtool/repository/Maven/Maven3.2.2/local/repo/com/yonyou/iuap/iuap-jdbc/3.0.0-RELEASE/iuap-jdbc-3.0.0-RELEASE.jar!/com/yonyou/iuap/persistence/jdbc/framework/page/OracleLimitSQLBuilder.class], URL [jar:file:/D:/devtool/repository/Maven/Maven3.2.2/local/repo/com/yonyou/iuap/iuap-jdbc/3.0.0-RELEASE/iuap-jdbc-3.0.0-RELEASE.jar!/com/yonyou/iuap/persistence/jdbc/framework/page/OscarLimitSQLBuilder.class], URL [jar:file:/D:/devtool/repository/Maven/Maven3.2.2/local/repo/com/yonyou/iuap/iuap-jdbc/3.0.0-RELEASE/iuap-jdbc-3.0.0-RELEASE.jar!/com/yonyou/iuap/persistence/jdbc/framework/page/PageQuery.class], URL [jar:file:/D:/devtool/repository/Maven/Maven3.2.2/local/repo/com/yonyou/iuap/iuap-jdbc/3.0.0-RELEASE/iuap-jdbc-3.0.0-RELEASE.jar!/com/yonyou/iuap/persistence/jdbc/framework/page/PostgresqlLimitSQLBuilder.class], URL [jar:file:/D:/devtool/repository/Maven/Maven3.2.2/local/repo/com/yonyou/iuap/iuap-jdbc/3.0.0-RELEASE/iuap-jdbc-3.0.0-RELEASE.jar!/com/yonyou/iuap/persistence/jdbc/framework/page/SQLBuilderFactory.class], URL [jar:file:/D:/devtool/repository/Maven/Maven3.2.2/local/repo/com/yonyou/iuap/iuap-jdbc/3.0.0-RELEASE/iuap-jdbc-3.0.0-RELEASE.jar!/com/yonyou/iuap/persistence/jdbc/framework/processor/ArrayListProcessor.class], URL [jar:file:/D:/devtool/repository/Maven/Maven3.2.2/local/repo/com/yonyou/iuap/iuap-jdbc/3.0.0-RELEASE/iuap-jdbc-3.0.0-RELEASE.jar!/com/yonyou/iuap/persistence/jdbc/framework/processor/ArrayProcessor.class], URL [jar:file:/D:/devtool/repository/Maven/Maven3.2.2/local/repo/com/yonyou/iuap/iuap-jdbc/3.0.0-RELEASE/iuap-jdbc-3.0.0-RELEASE.jar!/com/yonyou/iuap/persistence/jdbc/framework/processor/BaseProcessor.class], URL [jar:file:/D:/devtool/repository/Maven/Maven3.2.2/local/repo/com/yonyou/iuap/iuap-jdbc/3.0.0-RELEASE/iuap-jdbc-3.0.0-RELEASE.jar!/com/yonyou/iuap/persistence/jdbc/framework/processor/BeanInitFactory$1.class], URL [jar:file:/D:/devtool/repository/Maven/Maven3.2.2/local/repo/com/yonyou/iuap/iuap-jdbc/3.0.0-RELEASE/iuap-jdbc-3.0.0-RELEASE.jar!/com/yonyou/iuap/persistence/jdbc/framework/processor/BeanInitFactory.class], URL [jar:file:/D:/devtool/repository/Maven/Maven3.2.2/local/repo/com/yonyou/iuap/iuap-jdbc/3.0.0-RELEASE/iuap-jdbc-3.0.0-RELEASE.jar!/com/yonyou/iuap/persistence/jdbc/framework/processor/BeanInitlizer.class], URL [jar:file:/D:/devtool/repository/Maven/Maven3.2.2/local/repo/com/yonyou/iuap/iuap-jdbc/3.0.0-RELEASE/iuap-jdbc-3.0.0-RELEASE.jar!/com/yonyou/iuap/persistence/jdbc/framework/processor/BeanInitlizerImpl.class], URL [jar:file:/D:/devtool/repository/Maven/Maven3.2.2/local/repo/com/yonyou/iuap/iuap-jdbc/3.0.0-RELEASE/iuap-jdbc-3.0.0-RELEASE.jar!/com/yonyou/iuap/persistence/jdbc/framework/processor/BeanListProcessor.class], URL [jar:file:/D:/devtool/repository/Maven/Maven3.2.2/local/repo/com/yonyou/iuap/iuap-jdbc/3.0.0-RELEASE/iuap-jdbc-3.0.0-RELEASE.jar!/com/yonyou/iuap/persistence/jdbc/framework/processor/BeanPagedListProcessor.class], URL [jar:file:/D:/devtool/repository/Maven/Maven3.2.2/local/repo/com/yonyou/iuap/iuap-jdbc/3.0.0-RELEASE/iuap-jdbc-3.0.0-RELEASE.jar!/com/yonyou/iuap/persistence/jdbc/framework/processor/BeanProcessor.class], URL [jar:file:/D:/devtool/repository/Maven/Maven3.2.2/local/repo/com/yonyou/iuap/iuap-jdbc/3.0.0-RELEASE/iuap-jdbc-3.0.0-RELEASE.jar!/com/yonyou/iuap/persistence/jdbc/framework/processor/ColumnListProcessor.class], URL [jar:file:/D:/devtool/repository/Maven/Maven3.2.2/local/repo/com/yonyou/iuap/iuap-jdbc/3.0.0-RELEASE/iuap-jdbc-3.0.0-RELEASE.jar!/com/yonyou/iuap/persistence/jdbc/framework/processor/ColumnProcessor.class], URL [jar:file:/D:/devtool/repository/Maven/Maven3.2.2/local/repo/com/yonyou/iuap/iuap-jdbc/3.0.0-RELEASE/iuap-jdbc-3.0.0-RELEASE.jar!/com/yonyou/iuap/persistence/jdbc/framework/processor/CSVProcessor.class], URL [jar:file:/D:/devtool/repository/Maven/Maven3.2.2/local/repo/com/yonyou/iuap/iuap-jdbc/3.0.0-RELEASE/iuap-jdbc-3.0.0-RELEASE.jar!/com/yonyou/iuap/persistence/jdbc/framework/processor/JSONProcessor.class], URL [jar:file:/D:/devtool/repository/Maven/Maven3.2.2/local/repo/com/yonyou/iuap/iuap-jdbc/3.0.0-RELEASE/iuap-jdbc-3.0.0-RELEASE.jar!/com/yonyou/iuap/persistence/jdbc/framework/processor/JSONSerializer.class], URL [jar:file:/D:/devtool/repository/Maven/Maven3.2.2/local/repo/com/yonyou/iuap/iuap-jdbc/3.0.0-RELEASE/iuap-jdbc-3.0.0-RELEASE.jar!/com/yonyou/iuap/persistence/jdbc/framework/processor/lazy/AbstractLazyCallback.class], URL [jar:file:/D:/devtool/repository/Maven/Maven3.2.2/local/repo/com/yonyou/iuap/iuap-jdbc/3.0.0-RELEASE/iuap-jdbc-3.0.0-RELEASE.jar!/com/yonyou/iuap/persistence/jdbc/framework/processor/lazy/ChildEnum.class], URL [jar:file:/D:/devtool/repository/Maven/Maven3.2.2/local/repo/com/yonyou/iuap/iuap-jdbc/3.0.0-RELEASE/iuap-jdbc-3.0.0-RELEASE.jar!/com/yonyou/iuap/persistence/jdbc/framework/processor/lazy/DefaultLazyCallbackFinder$1.class], URL [jar:file:/D:/devtool/repository/Maven/Maven3.2.2/local/repo/com/yonyou/iuap/iuap-jdbc/3.0.0-RELEASE/iuap-jdbc-3.0.0-RELEASE.jar!/com/yonyou/iuap/persistence/jdbc/framework/processor/lazy/DefaultLazyCallbackFinder$InnerInstance.class], URL [jar:file:/D:/devtool/repository/Maven/Maven3.2.2/local/repo/com/yonyou/iuap/iuap-jdbc/3.0.0-RELEASE/iuap-jdbc-3.0.0-RELEASE.jar!/com/yonyou/iuap/persistence/jdbc/framework/processor/lazy/DefaultLazyCallbackFinder.class], URL [jar:file:/D:/devtool/repository/Maven/Maven3.2.2/local/repo/com/yonyou/iuap/iuap-jdbc/3.0.0-RELEASE/iuap-jdbc-3.0.0-RELEASE.jar!/com/yonyou/iuap/persistence/jdbc/framework/processor/lazy/impl/ListLazyCallback.class], URL [jar:file:/D:/devtool/repository/Maven/Maven3.2.2/local/repo/com/yonyou/iuap/iuap-jdbc/3.0.0-RELEASE/iuap-jdbc-3.0.0-RELEASE.jar!/com/yonyou/iuap/persistence/jdbc/framework/processor/lazy/impl/RefLazyCallback.class], URL [jar:file:/D:/devtool/repository/Maven/Maven3.2.2/local/repo/com/yonyou/iuap/iuap-jdbc/3.0.0-RELEASE/iuap-jdbc-3.0.0-RELEASE.jar!/com/yonyou/iuap/persistence/jdbc/framework/processor/lazy/LazyCallbackFactory$1.class], URL [jar:file:/D:/devtool/repository/Maven/Maven3.2.2/local/repo/com/yonyou/iuap/iuap-jdbc/3.0.0-RELEASE/iuap-jdbc-3.0.0-RELEASE.jar!/com/yonyou/iuap/persistence/jdbc/framework/processor/lazy/LazyCallbackFactory.class], URL [jar:file:/D:/devtool/repository/Maven/Maven3.2.2/local/repo/com/yonyou/iuap/iuap-jdbc/3.0.0-RELEASE/iuap-jdbc-3.0.0-RELEASE.jar!/com/yonyou/iuap/persistence/jdbc/framework/processor/lazy/LazyCallbackFinder.class], URL [jar:file:/D:/devtool/repository/Maven/Maven3.2.2/local/repo/com/yonyou/iuap/iuap-jdbc/3.0.0-RELEASE/iuap-jdbc-3.0.0-RELEASE.jar!/com/yonyou/iuap/persistence/jdbc/framework/processor/lazy/LazyContextParam.class], URL [jar:file:/D:/devtool/repository/Maven/Maven3.2.2/local/repo/com/yonyou/iuap/iuap-jdbc/3.0.0-RELEASE/iuap-jdbc-3.0.0-RELEASE.jar!/com/yonyou/iuap/persistence/jdbc/framework/processor/lazy/LazyCreator.class], URL [jar:file:/D:/devtool/repository/Maven/Maven3.2.2/local/repo/com/yonyou/iuap/iuap-jdbc/3.0.0-RELEASE/iuap-jdbc-3.0.0-RELEASE.jar!/com/yonyou/iuap/persistence/jdbc/framework/processor/lazy/UAPLazyLoader.class], URL [jar:file:/D:/devtool/repository/Maven/Maven3.2.2/local/repo/com/yonyou/iuap/iuap-jdbc/3.0.0-RELEASE/iuap-jdbc-3.0.0-RELEASE.jar!/com/yonyou/iuap/persistence/jdbc/framework/processor/MapListProcessor.class], URL [jar:file:/D:/devtool/repository/Maven/Maven3.2.2/local/repo/com/yonyou/iuap/iuap-jdbc/3.0.0-RELEASE/iuap-jdbc-3.0.0-RELEASE.jar!/com/yonyou/iuap/persistence/jdbc/framework/processor/MapProcessor.class], URL [jar:file:/D:/devtool/repository/Maven/Maven3.2.2/local/repo/com/yonyou/iuap/iuap-jdbc/3.0.0-RELEASE/iuap-jdbc-3.0.0-RELEASE.jar!/com/yonyou/iuap/persistence/jdbc/framework/processor/OutputStreamProcessor.class], URL [jar:file:/D:/devtool/repository/Maven/Maven3.2.2/local/repo/com/yonyou/iuap/iuap-jdbc/3.0.0-RELEASE/iuap-jdbc-3.0.0-RELEASE.jar!/com/yonyou/iuap/persistence/jdbc/framework/processor/ProcessorUtils$1.class], URL [jar:file:/D:/devtool/repository/Maven/Maven3.2.2/local/repo/com/yonyou/iuap/iuap-jdbc/3.0.0-RELEASE/iuap-jdbc-3.0.0-RELEASE.jar!/com/yonyou/iuap/persistence/jdbc/framework/processor/ProcessorUtils$MethodAndTypes.class], URL [jar:file:/D:/devtool/repository/Maven/Maven3.2.2/local/repo/com/yonyou/iuap/iuap-jdbc/3.0.0-RELEASE/iuap-jdbc-3.0.0-RELEASE.jar!/com/yonyou/iuap/persistence/jdbc/framework/processor/ProcessorUtils.class], URL [jar:file:/D:/devtool/repository/Maven/Maven3.2.2/local/repo/com/yonyou/iuap/iuap-jdbc/3.0.0-RELEASE/iuap-jdbc-3.0.0-RELEASE.jar!/com/yonyou/iuap/persistence/jdbc/framework/processor/ResultSetProcessor.class], URL [jar:file:/D:/devtool/repository/Maven/Maven3.2.2/local/repo/com/yonyou/iuap/iuap-jdbc/3.0.0-RELEASE/iuap-jdbc-3.0.0-RELEASE.jar!/com/yonyou/iuap/persistence/jdbc/framework/processor/TableModelProcessor.class], URL [jar:file:/D:/devtool/repository/Maven/Maven3.2.2/local/repo/com/yonyou/iuap/iuap-jdbc/3.0.0-RELEASE/iuap-jdbc-3.0.0-RELEASE.jar!/com/yonyou/iuap/persistence/jdbc/framework/processor/VectorProcessor.class], URL [jar:file:/D:/devtool/repository/Maven/Maven3.2.2/local/repo/com/yonyou/iuap/iuap-jdbc/3.0.0-RELEASE/iuap-jdbc-3.0.0-RELEASE.jar!/com/yonyou/iuap/persistence/jdbc/framework/processor/XMLProcessor.class], URL [jar:file:/D:/devtool/repository/Maven/Maven3.2.2/local/repo/com/yonyou/iuap/iuap-jdbc/3.0.0-RELEASE/iuap-jdbc-3.0.0-RELEASE.jar!/com/yonyou/iuap/persistence/jdbc/framework/SQLParameter.class], URL [jar:file:/D:/devtool/repository/Maven/Maven3.2.2/local/repo/com/yonyou/iuap/iuap-jdbc/3.0.0-RELEASE/iuap-jdbc-3.0.0-RELEASE.jar!/com/yonyou/iuap/persistence/jdbc/framework/type/BlobObject.class], URL [jar:file:/D:/devtool/repository/Maven/Maven3.2.2/local/repo/com/yonyou/iuap/iuap-jdbc/3.0.0-RELEASE/iuap-jdbc-3.0.0-RELEASE.jar!/com/yonyou/iuap/persistence/jdbc/framework/type/BlobParamType.class], URL [jar:file:/D:/devtool/repository/Maven/Maven3.2.2/local/repo/com/yonyou/iuap/iuap-jdbc/3.0.0-RELEASE/iuap-jdbc-3.0.0-RELEASE.jar!/com/yonyou/iuap/persistence/jdbc/framework/type/ClobParamType.class], URL [jar:file:/D:/devtool/repository/Maven/Maven3.2.2/local/repo/com/yonyou/iuap/iuap-jdbc/3.0.0-RELEASE/iuap-jdbc-3.0.0-RELEASE.jar!/com/yonyou/iuap/persistence/jdbc/framework/type/EntityType.class], URL [jar:file:/D:/devtool/repository/Maven/Maven3.2.2/local/repo/com/yonyou/iuap/iuap-jdbc/3.0.0-RELEASE/iuap-jdbc-3.0.0-RELEASE.jar!/com/yonyou/iuap/persistence/jdbc/framework/type/NullParamType.class], URL [jar:file:/D:/devtool/repository/Maven/Maven3.2.2/local/repo/com/yonyou/iuap/iuap-jdbc/3.0.0-RELEASE/iuap-jdbc-3.0.0-RELEASE.jar!/com/yonyou/iuap/persistence/jdbc/framework/type/SQLParamType.class], URL [jar:file:/D:/devtool/repository/Maven/Maven3.2.2/local/repo/com/yonyou/iuap/iuap-jdbc/3.0.0-RELEASE/iuap-jdbc-3.0.0-RELEASE.jar!/com/yonyou/iuap/persistence/jdbc/framework/type/SQLTypeFactory.class], URL [jar:file:/D:/devtool/repository/Maven/Maven3.2.2/local/repo/com/yonyou/iuap/iuap-jdbc/3.0.0-RELEASE/iuap-jdbc-3.0.0-RELEASE.jar!/com/yonyou/iuap/persistence/jdbc/framework/util/BigDecimalConverter.class], URL [jar:file:/D:/devtool/repository/Maven/Maven3.2.2/local/repo/com/yonyou/iuap/iuap-jdbc/3.0.0-RELEASE/iuap-jdbc-3.0.0-RELEASE.jar!/com/yonyou/iuap/persistence/jdbc/framework/util/BigIntegerConverter.class], URL [jar:file:/D:/devtool/repository/Maven/Maven3.2.2/local/repo/com/yonyou/iuap/iuap-jdbc/3.0.0-RELEASE/iuap-jdbc-3.0.0-RELEASE.jar!/com/yonyou/iuap/persistence/jdbc/framework/util/BlobConvertor.class], URL [jar:file:/D:/devtool/repository/Maven/Maven3.2.2/local/repo/com/yonyou/iuap/iuap-jdbc/3.0.0-RELEASE/iuap-jdbc-3.0.0-RELEASE.jar!/com/yonyou/iuap/persistence/jdbc/framework/util/BooleanConverter.class], URL [jar:file:/D:/devtool/repository/Maven/Maven3.2.2/local/repo/com/yonyou/iuap/iuap-jdbc/3.0.0-RELEASE/iuap-jdbc-3.0.0-RELEASE.jar!/com/yonyou/iuap/persistence/jdbc/framework/util/CacheKey.class], URL [jar:file:/D:/devtool/repository/Maven/Maven3.2.2/local/repo/com/yonyou/iuap/iuap-jdbc/3.0.0-RELEASE/iuap-jdbc-3.0.0-RELEASE.jar!/com/yonyou/iuap/persistence/jdbc/framework/util/CalenderConvertor.class], URL [jar:file:/D:/devtool/repository/Maven/Maven3.2.2/local/repo/com/yonyou/iuap/iuap-jdbc/3.0.0-RELEASE/iuap-jdbc-3.0.0-RELEASE.jar!/com/yonyou/iuap/persistence/jdbc/framework/util/ConverterManager.class], URL [jar:file:/D:/devtool/repository/Maven/Maven3.2.2/local/repo/com/yonyou/iuap/iuap-jdbc/3.0.0-RELEASE/iuap-jdbc-3.0.0-RELEASE.jar!/com/yonyou/iuap/persistence/jdbc/framework/util/DBConsts.class], URL [jar:file:/D:/devtool/repository/Maven/Maven3.2.2/local/repo/com/yonyou/iuap/iuap-jdbc/3.0.0-RELEASE/iuap-jdbc-3.0.0-RELEASE.jar!/com/yonyou/iuap/persistence/jdbc/framework/util/DBUtil.class], URL [jar:file:/D:/devtool/repository/Maven/Maven3.2.2/local/repo/com/yonyou/iuap/iuap-jdbc/3.0.0-RELEASE/iuap-jdbc-3.0.0-RELEASE.jar!/com/yonyou/iuap/persistence/jdbc/framework/util/DoubleConverter.class], URL [jar:file:/D:/devtool/repository/Maven/Maven3.2.2/local/repo/com/yonyou/iuap/iuap-jdbc/3.0.0-RELEASE/iuap-jdbc-3.0.0-RELEASE.jar!/com/yonyou/iuap/persistence/jdbc/framework/util/EncodingUtils.class], URL [jar:file:/D:/devtool/repository/Maven/Maven3.2.2/local/repo/com/yonyou/iuap/iuap-jdbc/3.0.0-RELEASE/iuap-jdbc-3.0.0-RELEASE.jar!/com/yonyou/iuap/persistence/jdbc/framework/util/FastBeanHelper$AnnotationInfo.class], URL [jar:file:/D:/devtool/repository/Maven/Maven3.2.2/local/repo/com/yonyou/iuap/iuap-jdbc/3.0.0-RELEASE/iuap-jdbc-3.0.0-RELEASE.jar!/com/yonyou/iuap/persistence/jdbc/framework/util/FastBeanHelper$PropDescriptor.class], URL [jar:file:/D:/devtool/repository/Maven/Maven3.2.2/local/repo/com/yonyou/iuap/iuap-jdbc/3.0.0-RELEASE/iuap-jdbc-3.0.0-RELEASE.jar!/com/yonyou/iuap/persistence/jdbc/framework/util/FastBeanHelper$ReflectionInfo.class], URL [jar:file:/D:/devtool/repository/Maven/Maven3.2.2/local/repo/com/yonyou/iuap/iuap-jdbc/3.0.0-RELEASE/iuap-jdbc-3.0.0-RELEASE.jar!/com/yonyou/iuap/persistence/jdbc/framework/util/FastBeanHelper.class], URL [jar:file:/D:/devtool/repository/Maven/Maven3.2.2/local/repo/com/yonyou/iuap/iuap-jdbc/3.0.0-RELEASE/iuap-jdbc-3.0.0-RELEASE.jar!/com/yonyou/iuap/persistence/jdbc/framework/util/InOutUtil.class], URL [jar:file:/D:/devtool/repository/Maven/Maven3.2.2/local/repo/com/yonyou/iuap/iuap-jdbc/3.0.0-RELEASE/iuap-jdbc-3.0.0-RELEASE.jar!/com/yonyou/iuap/persistence/jdbc/framework/util/LRUCache$LRUMap.class], URL [jar:file:/D:/devtool/repository/Maven/Maven3.2.2/local/repo/com/yonyou/iuap/iuap-jdbc/3.0.0-RELEASE/iuap-jdbc-3.0.0-RELEASE.jar!/com/yonyou/iuap/persistence/jdbc/framework/util/LRUCache.class], URL [jar:file:/D:/devtool/repository/Maven/Maven3.2.2/local/repo/com/yonyou/iuap/iuap-jdbc/3.0.0-RELEASE/iuap-jdbc-3.0.0-RELEASE.jar!/com/yonyou/iuap/persistence/jdbc/framework/util/MRUCache.class], URL [jar:file:/D:/devtool/repository/Maven/Maven3.2.2/local/repo/com/yonyou/iuap/iuap-jdbc/3.0.0-RELEASE/iuap-jdbc-3.0.0-RELEASE.jar!/com/yonyou/iuap/persistence/jdbc/framework/util/ObjectConvertor.class], URL [jar:file:/D:/devtool/repository/Maven/Maven3.2.2/local/repo/com/yonyou/iuap/iuap-jdbc/3.0.0-RELEASE/iuap-jdbc-3.0.0-RELEASE.jar!/com/yonyou/iuap/persistence/jdbc/framework/util/ParamHandler.class], URL [jar:file:/D:/devtool/repository/Maven/Maven3.2.2/local/repo/com/yonyou/iuap/iuap-jdbc/3.0.0-RELEASE/iuap-jdbc-3.0.0-RELEASE.jar!/com/yonyou/iuap/persistence/jdbc/framework/util/ReadWriteLock.class], URL [jar:file:/D:/devtool/repository/Maven/Maven3.2.2/local/repo/com/yonyou/iuap/iuap-jdbc/3.0.0-RELEASE/iuap-jdbc-3.0.0-RELEASE.jar!/com/yonyou/iuap/persistence/jdbc/framework/util/SQLHelper.class], URL [jar:file:/D:/devtool/repository/Maven/Maven3.2.2/local/repo/com/yonyou/iuap/iuap-jdbc/3.0.0-RELEASE/iuap-jdbc-3.0.0-RELEASE.jar!/com/yonyou/iuap/persistence/jdbc/framework/util/StopWatch.class], URL [jar:file:/D:/devtool/repository/Maven/Maven3.2.2/local/repo/com/yonyou/iuap/iuap-jdbc/3.0.0-RELEASE/iuap-jdbc-3.0.0-RELEASE.jar!/com/yonyou/iuap/persistence/jdbc/framework/util/StringArrayConverter.class], URL [jar:file:/D:/devtool/repository/Maven/Maven3.2.2/local/repo/com/yonyou/iuap/iuap-jdbc/3.0.0-RELEASE/iuap-jdbc-3.0.0-RELEASE.jar!/com/yonyou/iuap/persistence/jdbc/framework/util/StringConvertor.class], URL [jar:file:/D:/devtool/repository/Maven/Maven3.2.2/local/repo/com/yonyou/iuap/iuap-jdbc/3.0.0-RELEASE/iuap-jdbc-3.0.0-RELEASE.jar!/com/yonyou/iuap/persistence/jdbc/framework/util/SyncMapDecorator.class], URL [jar:file:/D:/devtool/repository/Maven/Maven3.2.2/local/repo/com/yonyou/iuap/iuap-jdbc/3.0.0-RELEASE/iuap-jdbc-3.0.0-RELEASE.jar!/com/yonyou/iuap/persistence/jdbc/framework/util/XMLUtils.class], URL [jar:file:/D:/devtool/repository/Maven/Maven3.2.2/local/repo/com/yonyou/iuap/iuap-jdbc/3.0.0-RELEASE/iuap-jdbc-3.0.0-RELEASE.jar!/com/yonyou/iuap/persistence/vo/pub/AggregatedValueObject.class], URL [jar:file:/D:/devtool/repository/Maven/Maven3.2.2/local/repo/com/yonyou/iuap/iuap-jdbc/3.0.0-RELEASE/iuap-jdbc-3.0.0-RELEASE.jar!/com/yonyou/iuap/persistence/vo/pub/AggregatedVO.class], URL [jar:file:/D:/devtool/repository/Maven/Maven3.2.2/local/repo/com/yonyou/iuap/iuap-jdbc/3.0.0-RELEASE/iuap-jdbc-3.0.0-RELEASE.jar!/com/yonyou/iuap/persistence/vo/pub/BusinessException.class], URL [jar:file:/D:/devtool/repository/Maven/Maven3.2.2/local/repo/com/yonyou/iuap/iuap-jdbc/3.0.0-RELEASE/iuap-jdbc-3.0.0-RELEASE.jar!/com/yonyou/iuap/persistence/vo/pub/BusinessRuntimeException.class], URL [jar:file:/D:/devtool/repository/Maven/Maven3.2.2/local/repo/com/yonyou/iuap/iuap-jdbc/3.0.0-RELEASE/iuap-jdbc-3.0.0-RELEASE.jar!/com/yonyou/iuap/persistence/vo/pub/CircularlyAccessibleValueObject.class], URL [jar:file:/D:/devtool/repository/Maven/Maven3.2.2/local/repo/com/yonyou/iuap/iuap-jdbc/3.0.0-RELEASE/iuap-jdbc-3.0.0-RELEASE.jar!/com/yonyou/iuap/persistence/vo/pub/ExtendedAggregatedValueObject.class], URL [jar:file:/D:/devtool/repository/Maven/Maven3.2.2/local/repo/com/yonyou/iuap/iuap-jdbc/3.0.0-RELEASE/iuap-jdbc-3.0.0-RELEASE.jar!/com/yonyou/iuap/persistence/vo/pub/FieldHelper.class], URL [jar:file:/D:/devtool/repository/Maven/Maven3.2.2/local/repo/com/yonyou/iuap/iuap-jdbc/3.0.0-RELEASE/iuap-jdbc-3.0.0-RELEASE.jar!/com/yonyou/iuap/persistence/vo/pub/FieldObject.class], URL [jar:file:/D:/devtool/repository/Maven/Maven3.2.2/local/repo/com/yonyou/iuap/iuap-jdbc/3.0.0-RELEASE/iuap-jdbc-3.0.0-RELEASE.jar!/com/yonyou/iuap/persistence/vo/pub/format/AbstractFormat.class], URL [jar:file:/D:/devtool/repository/Maven/Maven3.2.2/local/repo/com/yonyou/iuap/iuap-jdbc/3.0.0-RELEASE/iuap-jdbc-3.0.0-RELEASE.jar!/com/yonyou/iuap/persistence/vo/pub/format/AbstractReplaceFormat.class], URL [jar:file:/D:/devtool/repository/Maven/Maven3.2.2/local/repo/com/yonyou/iuap/iuap-jdbc/3.0.0-RELEASE/iuap-jdbc-3.0.0-RELEASE.jar!/com/yonyou/iuap/persistence/vo/pub/format/AbstractSplitFormat.class], URL [jar:file:/D:/devtool/repository/Maven/Maven3.2.2/local/repo/com/yonyou/iuap/iuap-jdbc/3.0.0-RELEASE/iuap-jdbc-3.0.0-RELEASE.jar!/com/yonyou/iuap/persistence/vo/pub/format/AddressFormat$1.class], URL [jar:file:/D:/devtool/repository/Maven/Maven3.2.2/local/repo/com/yonyou/iuap/iuap-jdbc/3.0.0-RELEASE/iuap-jdbc-3.0.0-RELEASE.jar!/com/yonyou/iuap/persistence/vo/pub/format/AddressFormat$2.class], URL [jar:file:/D:/devtool/repository/Maven/Maven3.2.2/local/repo/com/yonyou/iuap/iuap-jdbc/3.0.0-RELEASE/iuap-jdbc-3.0.0-RELEASE.jar!/com/yonyou/iuap/persistence/vo/pub/format/AddressFormat$3.class], URL [jar:file:/D:/devtool/repository/Maven/Maven3.2.2/local/repo/com/yonyou/iuap/iuap-jdbc/3.0.0-RELEASE/iuap-jdbc-3.0.0-RELEASE.jar!/com/yonyou/iuap/persistence/vo/pub/format/AddressFormat$4.class], URL [jar:file:/D:/devtool/repository/Maven/Maven3.2.2/local/repo/com/yonyou/iuap/iuap-jdbc/3.0.0-RELEASE/iuap-jdbc-3.0.0-RELEASE.jar!/com/yonyou/iuap/persistence/vo/pub/format/AddressFormat$5.class], URL [jar:file:/D:/devtool/repository/Maven/Maven3.2.2/local/repo/com/yonyou/iuap/iuap-jdbc/3.0.0-RELEASE/iuap-jdbc-3.0.0-RELEASE.jar!/com/yonyou/iuap/persistence/vo/pub/format/AddressFormat$6.class], URL [jar:file:/D:/devtool/repository/Maven/Maven3.2.2/local/repo/com/yonyou/iuap/iuap-jdbc/3.0.0-RELEASE/iuap-jdbc-3.0.0-RELEASE.jar!/com/yonyou/iuap/persistence/vo/pub/format/AddressFormat.class], URL [jar:file:/D:/devtool/repository/Maven/Maven3.2.2/local/repo/com/yonyou/iuap/iuap-jdbc/3.0.0-RELEASE/iuap-jdbc-3.0.0-RELEASE.jar!/com/yonyou/iuap/persistence/vo/pub/format/AddressObject.class], URL [jar:file:/D:/devtool/repository/Maven/Maven3.2.2/local/repo/com/yonyou/iuap/iuap-jdbc/3.0.0-RELEASE/iuap-jdbc-3.0.0-RELEASE.jar!/com/yonyou/iuap/persistence/vo/pub/format/CurrencyObject.class], URL [jar:file:/D:/devtool/repository/Maven/Maven3.2.2/local/repo/com/yonyou/iuap/iuap-jdbc/3.0.0-RELEASE/iuap-jdbc-3.0.0-RELEASE.jar!/com/yonyou/iuap/persistence/vo/pub/format/DefaultAddressObject.class], URL [jar:file:/D:/devtool/repository/Maven/Maven3.2.2/local/repo/com/yonyou/iuap/iuap-jdbc/3.0.0-RELEASE/iuap-jdbc-3.0.0-RELEASE.jar!/com/yonyou/iuap/persistence/vo/pub/format/exception/FormatException.class], URL [jar:file:/D:/devtool/repository/Maven/Maven3.2.2/local/repo/com/yonyou/iuap/iuap-jdbc/3.0.0-RELEASE/iuap-jdbc-3.0.0-RELEASE.jar!/com/yonyou/iuap/persistence/vo/pub/format/FormatResult.class], URL [jar:file:/D:/devtool/repository/Maven/Maven3.2.2/local/repo/com/yonyou/iuap/iuap-jdbc/3.0.0-RELEASE/iuap-jdbc-3.0.0-RELEASE.jar!/com/yonyou/iuap/persistence/vo/pub/format/IElement.class], URL [jar:file:/D:/devtool/repository/Maven/Maven3.2.2/local/repo/com/yonyou/iuap/iuap-jdbc/3.0.0-RELEASE/iuap-jdbc-3.0.0-RELEASE.jar!/com/yonyou/iuap/persistence/vo/pub/format/IFormat.class], URL [jar:file:/D:/devtool/repository/Maven/Maven3.2.2/local/repo/com/yonyou/iuap/iuap-jdbc/3.0.0-RELEASE/iuap-jdbc-3.0.0-RELEASE.jar!/com/yonyou/iuap/persistence/vo/pub/format/meta/AddressFormatMeta.class], URL [jar:file:/D:/devtool/repository/Maven/Maven3.2.2/local/repo/com/yonyou/iuap/iuap-jdbc/3.0.0-RELEASE/iuap-jdbc-3.0.0-RELEASE.jar!/com/yonyou/iuap/persistence/vo/pub/format/meta/CurrencyFormatMeta.class], URL [jar:file:/D:/devtool/repository/Maven/Maven3.2.2/local/repo/com/yonyou/iuap/iuap-jdbc/3.0.0-RELEASE/iuap-jdbc-3.0.0-RELEASE.jar!/com/yonyou/iuap/persistence/vo/pub/format/meta/DateFormatMeta.class], URL [jar:file:/D:/devtool/repository/Maven/Maven3.2.2/local/repo/com/yonyou/iuap/iuap-jdbc/3.0.0-RELEASE/iuap-jdbc-3.0.0-RELEASE.jar!/com/yonyou/iuap/persistence/vo/pub/format/meta/DateTimeFormatMeta.class], URL [jar:file:/D:/devtool/repository/Maven/Maven3.2.2/local/repo/com/yonyou/iuap/iuap-jdbc/3.0.0-RELEASE/iuap-jdbc-3.0.0-RELEASE.jar!/com/yonyou/iuap/persistence/vo/pub/format/meta/NCFormatMeta.class], URL [jar:file:/D:/devtool/repository/Maven/Maven3.2.2/local/repo/com/yonyou/iuap/iuap-jdbc/3.0.0-RELEASE/iuap-jdbc-3.0.0-RELEASE.jar!/com/yonyou/iuap/persistence/vo/pub/format/meta/NumberFormatMeta.class], URL [jar:file:/D:/devtool/repository/Maven/Maven3.2.2/local/repo/com/yonyou/iuap/iuap-jdbc/3.0.0-RELEASE/iuap-jdbc-3.0.0-RELEASE.jar!/com/yonyou/iuap/persistence/vo/pub/format/meta/TimeFormatMeta.class], URL [jar:file:/D:/devtool/repository/Maven/Maven3.2.2/local/repo/com/yonyou/iuap/iuap-jdbc/3.0.0-RELEASE/iuap-jdbc-3.0.0-RELEASE.jar!/com/yonyou/iuap/persistence/vo/pub/format/StringElement.class], URL [jar:file:/D:/devtool/repository/Maven/Maven3.2.2/local/repo/com/yonyou/iuap/iuap-jdbc/3.0.0-RELEASE/iuap-jdbc-3.0.0-RELEASE.jar!/com/yonyou/iuap/persistence/vo/pub/IAttributeMeta.class], URL [jar:file:/D:/devtool/repository/Maven/Maven3.2.2/local/repo/com/yonyou/iuap/iuap-jdbc/3.0.0-RELEASE/iuap-jdbc-3.0.0-RELEASE.jar!/com/yonyou/iuap/persistence/vo/pub/IColumnMeta.class], URL [jar:file:/D:/devtool/repository/Maven/Maven3.2.2/local/repo/com/yonyou/iuap/iuap-jdbc/3.0.0-RELEASE/iuap-jdbc-3.0.0-RELEASE.jar!/com/yonyou/iuap/persistence/vo/pub/IErrorDict.class], URL [jar:file:/D:/devtool/repository/Maven/Maven3.2.2/local/repo/com/yonyou/iuap/iuap-jdbc/3.0.0-RELEASE/iuap-jdbc-3.0.0-RELEASE.jar!/com/yonyou/iuap/persistence/vo/pub/ISuperVO.class], URL [jar:file:/D:/devtool/repository/Maven/Maven3.2.2/local/repo/com/yonyou/iuap/iuap-jdbc/3.0.0-RELEASE/iuap-jdbc-3.0.0-RELEASE.jar!/com/yonyou/iuap/persistence/vo/pub/ITableMeta.class], URL [jar:file:/D:/devtool/repository/Maven/Maven3.2.2/local/repo/com/yonyou/iuap/iuap-jdbc/3.0.0-RELEASE/iuap-jdbc-3.0.0-RELEASE.jar!/com/yonyou/iuap/persistence/vo/pub/IVOMeta.class], URL [jar:file:/D:/devtool/repository/Maven/Maven3.2.2/local/repo/com/yonyou/iuap/iuap-jdbc/3.0.0-RELEASE/iuap-jdbc-3.0.0-RELEASE.jar!/com/yonyou/iuap/persistence/vo/pub/IVOMetaStatisticInfo.class], URL [jar:file:/D:/devtool/repository/Maven/Maven3.2.2/local/repo/com/yonyou/iuap/iuap-jdbc/3.0.0-RELEASE/iuap-jdbc-3.0.0-RELEASE.jar!/com/yonyou/iuap/persistence/vo/pub/JavaType.class], URL [jar:file:/D:/devtool/repository/Maven/Maven3.2.2/local/repo/com/yonyou/iuap/iuap-jdbc/3.0.0-RELEASE/iuap-jdbc-3.0.0-RELEASE.jar!/com/yonyou/iuap/persistence/vo/pub/pinyin/CnToSpell.class], URL [jar:file:/D:/devtool/repository/Maven/Maven3.2.2/local/repo/com/yonyou/iuap/iuap-jdbc/3.0.0-RELEASE/iuap-jdbc-3.0.0-RELEASE.jar!/com/yonyou/iuap/persistence/vo/pub/pinyin/NCPYTable.class], URL [jar:file:/D:/devtool/repository/Maven/Maven3.2.2/local/repo/com/yonyou/iuap/iuap-jdbc/3.0.0-RELEASE/iuap-jdbc-3.0.0-RELEASE.jar!/com/yonyou/iuap/persistence/vo/pub/SerializeReader.class], URL [jar:file:/D:/devtool/repository/Maven/Maven3.2.2/local/repo/com/yonyou/iuap/iuap-jdbc/3.0.0-RELEASE/iuap-jdbc-3.0.0-RELEASE.jar!/com/yonyou/iuap/persistence/vo/pub/SerializeWriter.class], URL [jar:file:/D:/devtool/repository/Maven/Maven3.2.2/local/repo/com/yonyou/iuap/iuap-jdbc/3.0.0-RELEASE/iuap-jdbc-3.0.0-RELEASE.jar!/com/yonyou/iuap/persistence/vo/pub/SqlSupportVO.class], URL [jar:file:/D:/devtool/repository/Maven/Maven3.2.2/local/repo/com/yonyou/iuap/iuap-jdbc/3.0.0-RELEASE/iuap-jdbc-3.0.0-RELEASE.jar!/com/yonyou/iuap/persistence/vo/pub/table/TableFieldVO.class], URL [jar:file:/D:/devtool/repository/Maven/Maven3.2.2/local/repo/com/yonyou/iuap/iuap-jdbc/3.0.0-RELEASE/iuap-jdbc-3.0.0-RELEASE.jar!/com/yonyou/iuap/persistence/vo/pub/table/TableVO.class], URL [jar:file:/D:/devtool/repository/Maven/Maven3.2.2/local/repo/com/yonyou/iuap/iuap-jdbc/3.0.0-RELEASE/iuap-jdbc-3.0.0-RELEASE.jar!/com/yonyou/iuap/persistence/vo/pub/util/FifoList.class], URL [jar:file:/D:/devtool/repository/Maven/Maven3.2.2/local/repo/com/yonyou/iuap/iuap-jdbc/3.0.0-RELEASE/iuap-jdbc-3.0.0-RELEASE.jar!/com/yonyou/iuap/persistence/vo/pub/util/ISNConvert.class], URL [jar:file:/D:/devtool/repository/Maven/Maven3.2.2/local/repo/com/yonyou/iuap/iuap-jdbc/3.0.0-RELEASE/iuap-jdbc-3.0.0-RELEASE.jar!/com/yonyou/iuap/persistence/vo/pub/util/StringOperator.class], URL [jar:file:/D:/devtool/repository/Maven/Maven3.2.2/local/repo/com/yonyou/iuap/iuap-jdbc/3.0.0-RELEASE/iuap-jdbc-3.0.0-RELEASE.jar!/com/yonyou/iuap/persistence/vo/pub/util/StringUtil.class], URL [jar:file:/D:/devtool/repository/Maven/Maven3.2.2/local/repo/com/yonyou/iuap/iuap-jdbc/3.0.0-RELEASE/iuap-jdbc-3.0.0-RELEASE.jar!/com/yonyou/iuap/persistence/vo/pub/util/WildcardMatcher.class], URL [jar:file:/D:/devtool/repository/Maven/Maven3.2.2/local/repo/com/yonyou/iuap/iuap-jdbc/3.0.0-RELEASE/iuap-jdbc-3.0.0-RELEASE.jar!/com/yonyou/iuap/persistence/vo/pub/ValidationException.class], URL [jar:file:/D:/devtool/repository/Maven/Maven3.2.2/local/repo/com/yonyou/iuap/iuap-jdbc/3.0.0-RELEASE/iuap-jdbc-3.0.0-RELEASE.jar!/com/yonyou/iuap/persistence/vo/pub/ValueObject.class], URL [jar:file:/D:/devtool/repository/Maven/Maven3.2.2/local/repo/com/yonyou/iuap/iuap-jdbc/3.0.0-RELEASE/iuap-jdbc-3.0.0-RELEASE.jar!/com/yonyou/iuap/persistence/vo/pubapp/pattern/model/entity/bill/IBill.class], URL [jar:file:/D:/devtool/repository/Maven/Maven3.2.2/local/repo/com/yonyou/iuap/iuap-jdbc/3.0.0-RELEASE/iuap-jdbc-3.0.0-RELEASE.jar!/com/yonyou/iuap/persistence/vo/pubapp/pattern/model/meta/entity/bill/IBillMeta.class], URL [jar:file:/D:/devtool/repository/Maven/Maven3.2.2/local/repo/com/yonyou/iuap/iuap-jdbc/3.0.0-RELEASE/iuap-jdbc-3.0.0-RELEASE.jar!/com/yonyou/iuap/persistence/vo/trade/sqlutil/IInSqlBatchCallBack.class], URL [jar:file:/D:/devtool/repository/Maven/Maven3.2.2/local/repo/com/yonyou/iuap/iuap-jdbc/3.0.0-RELEASE/iuap-jdbc-3.0.0-RELEASE.jar!/com/yonyou/iuap/persistence/vo/trade/sqlutil/InSqlBatchCaller.class], URL [jar:file:/D:/devtool/repository/Maven/Maven3.2.2/local/repo/com/yonyou/iuap/iuap-jdbc/3.0.0-RELEASE/iuap-jdbc-3.0.0-RELEASE.jar!/com/yonyou/iuap/persistence/vo/trade/summarize/BillSourceRecorder.class], URL [jar:file:/D:/devtool/repository/Maven/Maven3.2.2/local/repo/com/yonyou/iuap/iuap-jdbc/3.0.0-RELEASE/iuap-jdbc-3.0.0-RELEASE.jar!/com/yonyou/iuap/persistence/vo/trade/summarize/Hashlize$1.class], URL [jar:file:/D:/devtool/repository/Maven/Maven3.2.2/local/repo/com/yonyou/iuap/iuap-jdbc/3.0.0-RELEASE/iuap-jdbc-3.0.0-RELEASE.jar!/com/yonyou/iuap/persistence/vo/trade/summarize/Hashlize.class], URL [jar:file:/D:/devtool/repository/Maven/Maven3.2.2/local/repo/com/yonyou/iuap/iuap-jdbc/3.0.0-RELEASE/iuap-jdbc-3.0.0-RELEASE.jar!/com/yonyou/iuap/persistence/vo/trade/summarize/IAggVOSummarizeInfo.class], URL [jar:file:/D:/devtool/repository/Maven/Maven3.2.2/local/repo/com/yonyou/iuap/iuap-jdbc/3.0.0-RELEASE/iuap-jdbc-3.0.0-RELEASE.jar!/com/yonyou/iuap/persistence/vo/trade/summarize/IBillSource.class], URL [jar:file:/D:/devtool/repository/Maven/Maven3.2.2/local/repo/com/yonyou/iuap/iuap-jdbc/3.0.0-RELEASE/iuap-jdbc-3.0.0-RELEASE.jar!/com/yonyou/iuap/persistence/vo/trade/summarize/ICombine.class], URL [jar:file:/D:/devtool/repository/Maven/Maven3.2.2/local/repo/com/yonyou/iuap/iuap-jdbc/3.0.0-RELEASE/iuap-jdbc-3.0.0-RELEASE.jar!/com/yonyou/iuap/persistence/vo/trade/summarize/IHashKey.class], URL [jar:file:/D:/devtool/repository/Maven/Maven3.2.2/local/repo/com/yonyou/iuap/iuap-jdbc/3.0.0-RELEASE/iuap-jdbc-3.0.0-RELEASE.jar!/com/yonyou/iuap/persistence/vo/trade/summarize/IIdentification.class], URL [jar:file:/D:/devtool/repository/Maven/Maven3.2.2/local/repo/com/yonyou/iuap/iuap-jdbc/3.0.0-RELEASE/iuap-jdbc-3.0.0-RELEASE.jar!/com/yonyou/iuap/persistence/vo/trade/summarize/ObjectCombine.class], URL [jar:file:/D:/devtool/repository/Maven/Maven3.2.2/local/repo/com/yonyou/iuap/iuap-jdbc/3.0.0-RELEASE/iuap-jdbc-3.0.0-RELEASE.jar!/com/yonyou/iuap/persistence/vo/trade/summarize/VOHashKeyAdapter.class], URL [jar:file:/D:/devtool/repository/Maven/Maven3.2.2/local/repo/com/yonyou/iuap/iuap-jdbc/3.0.0-RELEASE/iuap-jdbc-3.0.0-RELEASE.jar!/com/yonyou/iuap/persistence/vo/trade/summarize/VOHashPrimaryKeyAdapter.class], URL [jar:file:/D:/devtool/repository/Maven/Maven3.2.2/local/repo/com/yonyou/iuap/iuap-jdbc/3.0.0-RELEASE/iuap-jdbc-3.0.0-RELEASE.jar!/com/yonyou/iuap/persistence/vo/trade/summarize/VOIdentification.class], URL [jar:file:/D:/devtool/repository/Maven/Maven3.2.2/local/repo/com/yonyou/iuap/iuap-jdbc/3.0.0-RELEASE/iuap-jdbc-3.0.0-RELEASE.jar!/com/yonyou/iuap/persistence/vo/trade/voutils/IFilter.class], URL [jar:file:/D:/devtool/repository/Maven/Maven3.2.2/local/repo/com/yonyou/iuap/iuap-jdbc/3.0.0-RELEASE/iuap-jdbc-3.0.0-RELEASE.jar!/com/yonyou/iuap/persistence/vo/trade/voutils/IUFtypes.class], URL [jar:file:/D:/devtool/repository/Maven/Maven3.2.2/local/repo/com/yonyou/iuap/iuap-jdbc/3.0.0-RELEASE/iuap-jdbc-3.0.0-RELEASE.jar!/com/yonyou/iuap/persistence/vo/trade/voutils/TimeCounter.class], URL [jar:file:/D:/devtool/repository/Maven/Maven3.2.2/local/repo/com/yonyou/iuap/iuap-jdbc/3.0.0-RELEASE/iuap-jdbc-3.0.0-RELEASE.jar!/com/yonyou/iuap/persistence/vo/trade/voutils/VOUtil$1.class], URL [jar:file:/D:/devtool/repository/Maven/Maven3.2.2/local/repo/com/yonyou/iuap/iuap-jdbc/3.0.0-RELEASE/iuap-jdbc-3.0.0-RELEASE.jar!/com/yonyou/iuap/persistence/vo/trade/voutils/VOUtil.class], URL [jar:file:/D:/devtool/repository/Maven/Maven3.2.2/local/repo/com/yonyou/iuap/iuap-generic/3.0.0-RELEASE/iuap-generic-3.0.0-RELEASE.jar!/com/yonyou/iuap/context/ContextHolder.class], URL [jar:file:/D:/devtool/repository/Maven/Maven3.2.2/local/repo/com/yonyou/iuap/iuap-generic/3.0.0-RELEASE/iuap-generic-3.0.0-RELEASE.jar!/com/yonyou/iuap/context/filter/ContextFilter.class], URL [jar:file:/D:/devtool/repository/Maven/Maven3.2.2/local/repo/com/yonyou/iuap/iuap-generic/3.0.0-RELEASE/iuap-generic-3.0.0-RELEASE.jar!/com/yonyou/iuap/context/InvocationInfo.class], URL [jar:file:/D:/devtool/repository/Maven/Maven3.2.2/local/repo/com/yonyou/iuap/iuap-generic/3.0.0-RELEASE/iuap-generic-3.0.0-RELEASE.jar!/com/yonyou/iuap/context/InvocationInfoProxy$1.class], URL [jar:file:/D:/devtool/repository/Maven/Maven3.2.2/local/repo/com/yonyou/iuap/iuap-generic/3.0.0-RELEASE/iuap-generic-3.0.0-RELEASE.jar!/com/yonyou/iuap/context/InvocationInfoProxy.class], URL [jar:file:/D:/devtool/repository/Maven/Maven3.2.2/local/repo/com/yonyou/iuap/iuap-generic/3.0.0-RELEASE/iuap-generic-3.0.0-RELEASE.jar!/com/yonyou/iuap/persistence/vo/annotation/MetaGetter.class], URL [jar:file:/D:/devtool/repository/Maven/Maven3.2.2/local/repo/com/yonyou/iuap/iuap-generic/3.0.0-RELEASE/iuap-generic-3.0.0-RELEASE.jar!/com/yonyou/iuap/persistence/vo/annotation/MetaSetter.class], URL [jar:file:/D:/devtool/repository/Maven/Maven3.2.2/local/repo/com/yonyou/iuap/iuap-generic/3.0.0-RELEASE/iuap-generic-3.0.0-RELEASE.jar!/com/yonyou/iuap/persistence/vo/BaseEntity.class], URL [jar:file:/D:/devtool/repository/Maven/Maven3.2.2/local/repo/com/yonyou/iuap/iuap-generic/3.0.0-RELEASE/iuap-generic-3.0.0-RELEASE.jar!/com/yonyou/iuap/persistence/vo/pub/VOStatus.class], URL [jar:file:/D:/devtool/repository/Maven/Maven3.2.2/local/repo/com/yonyou/iuap/iuap-generic/3.0.0-RELEASE/iuap-generic-3.0.0-RELEASE.jar!/com/yonyou/iuap/thread/ThreadExecutor.class], URL [jar:file:/D:/devtool/repository/Maven/Maven3.2.2/local/repo/com/yonyou/iuap/iuap-generic/3.0.0-RELEASE/iuap-generic-3.0.0-RELEASE.jar!/com/yonyou/iuap/thread/ThreadWarpper.class], URL [jar:file:/D:/devtool/repository/Maven/Maven3.2.2/local/repo/com/yonyou/iuap/iuap-cache/3.0.0-RELEASE/iuap-cache-3.0.0-RELEASE.jar!/com/yonyou/iuap/cache/anotation/Clearable.class], URL [jar:file:/D:/devtool/repository/Maven/Maven3.2.2/local/repo/com/yonyou/iuap/iuap-cache/3.0.0-RELEASE/iuap-cache-3.0.0-RELEASE.jar!/com/yonyou/iuap/cache/aop/CacheAspect$1.class], URL [jar:file:/D:/devtool/repository/Maven/Maven3.2.2/local/repo/com/yonyou/iuap/iuap-cache/3.0.0-RELEASE/iuap-cache-3.0.0-RELEASE.jar!/com/yonyou/iuap/cache/aop/CacheAspect.class], URL [jar:file:/D:/devtool/repository/Maven/Maven3.2.2/local/repo/com/yonyou/iuap/iuap-cache/3.0.0-RELEASE/iuap-cache-3.0.0-RELEASE.jar!/com/yonyou/iuap/cache/aop/CacheOperate$OperationType.class], URL [jar:file:/D:/devtool/repository/Maven/Maven3.2.2/local/repo/com/yonyou/iuap/iuap-cache/3.0.0-RELEASE/iuap-cache-3.0.0-RELEASE.jar!/com/yonyou/iuap/cache/aop/CacheOperate.class], URL [jar:file:/D:/devtool/repository/Maven/Maven3.2.2/local/repo/com/yonyou/iuap/iuap-cache/3.0.0-RELEASE/iuap-cache-3.0.0-RELEASE.jar!/com/yonyou/iuap/cache/aop/ClearCacheService.class], URL [jar:file:/D:/devtool/repository/Maven/Maven3.2.2/local/repo/com/yonyou/iuap/iuap-cache/3.0.0-RELEASE/iuap-cache-3.0.0-RELEASE.jar!/com/yonyou/iuap/cache/CacheManager$1.class], URL [jar:file:/D:/devtool/repository/Maven/Maven3.2.2/local/repo/com/yonyou/iuap/iuap-cache/3.0.0-RELEASE/iuap-cache-3.0.0-RELEASE.jar!/com/yonyou/iuap/cache/CacheManager$10.class], URL [jar:file:/D:/devtool/repository/Maven/Maven3.2.2/local/repo/com/yonyou/iuap/iuap-cache/3.0.0-RELEASE/iuap-cache-3.0.0-RELEASE.jar!/com/yonyou/iuap/cache/CacheManager$11.class], URL [jar:file:/D:/devtool/repository/Maven/Maven3.2.2/local/repo/com/yonyou/iuap/iuap-cache/3.0.0-RELEASE/iuap-cache-3.0.0-RELEASE.jar!/com/yonyou/iuap/cache/CacheManager$12.class], URL [jar:file:/D:/devtool/repository/Maven/Maven3.2.2/local/repo/com/yonyou/iuap/iuap-cache/3.0.0-RELEASE/iuap-cache-3.0.0-RELEASE.jar!/com/yonyou/iuap/cache/CacheManager$2.class], URL [jar:file:/D:/devtool/repository/Maven/Maven3.2.2/local/repo/com/yonyou/iuap/iuap-cache/3.0.0-RELEASE/iuap-cache-3.0.0-RELEASE.jar!/com/yonyou/iuap/cache/CacheManager$3.class], URL [jar:file:/D:/devtool/repository/Maven/Maven3.2.2/local/repo/com/yonyou/iuap/iuap-cache/3.0.0-RELEASE/iuap-cache-3.0.0-RELEASE.jar!/com/yonyou/iuap/cache/CacheManager$4.class], URL [jar:file:/D:/devtool/repository/Maven/Maven3.2.2/local/repo/com/yonyou/iuap/iuap-cache/3.0.0-RELEASE/iuap-cache-3.0.0-RELEASE.jar!/com/yonyou/iuap/cache/CacheManager$5.class], URL [jar:file:/D:/devtool/repository/Maven/Maven3.2.2/local/repo/com/yonyou/iuap/iuap-cache/3.0.0-RELEASE/iuap-cache-3.0.0-RELEASE.jar!/com/yonyou/iuap/cache/CacheManager$6.class], URL [jar:file:/D:/devtool/repository/Maven/Maven3.2.2/local/repo/com/yonyou/iuap/iuap-cache/3.0.0-RELEASE/iuap-cache-3.0.0-RELEASE.jar!/com/yonyou/iuap/cache/CacheManager$7.class], URL [jar:file:/D:/devtool/repository/Maven/Maven3.2.2/local/repo/com/yonyou/iuap/iuap-cache/3.0.0-RELEASE/iuap-cache-3.0.0-RELEASE.jar!/com/yonyou/iuap/cache/CacheManager$8.class], URL [jar:file:/D:/devtool/repository/Maven/Maven3.2.2/local/repo/com/yonyou/iuap/iuap-cache/3.0.0-RELEASE/iuap-cache-3.0.0-RELEASE.jar!/com/yonyou/iuap/cache/CacheManager$9.class], URL [jar:file:/D:/devtool/repository/Maven/Maven3.2.2/local/repo/com/yonyou/iuap/iuap-cache/3.0.0-RELEASE/iuap-cache-3.0.0-RELEASE.jar!/com/yonyou/iuap/cache/CacheManager$JedisAction.class], URL [jar:file:/D:/devtool/repository/Maven/Maven3.2.2/local/repo/com/yonyou/iuap/iuap-cache/3.0.0-RELEASE/iuap-cache-3.0.0-RELEASE.jar!/com/yonyou/iuap/cache/CacheManager$JedisActionNoResult.class], URL [jar:file:/D:/devtool/repository/Maven/Maven3.2.2/local/repo/com/yonyou/iuap/iuap-cache/3.0.0-RELEASE/iuap-cache-3.0.0-RELEASE.jar!/com/yonyou/iuap/cache/CacheManager.class], URL [jar:file:/D:/devtool/repository/Maven/Maven3.2.2/local/repo/com/yonyou/iuap/iuap-cache/3.0.0-RELEASE/iuap-cache-3.0.0-RELEASE.jar!/com/yonyou/iuap/cache/entity/CacheAbleEntity.class], URL [jar:file:/D:/devtool/repository/Maven/Maven3.2.2/local/repo/com/yonyou/iuap/iuap-cache/3.0.0-RELEASE/iuap-cache-3.0.0-RELEASE.jar!/com/yonyou/iuap/cache/redis/RedisPoolFactory.class], URL [jar:file:/D:/devtool/repository/Maven/Maven3.2.2/local/repo/com/yonyou/iuap/iuap-cache/3.0.0-RELEASE/iuap-cache-3.0.0-RELEASE.jar!/com/yonyou/iuap/cache/serializer/impl/DefaultJDKSerializer.class], URL [jar:file:/D:/devtool/repository/Maven/Maven3.2.2/local/repo/com/yonyou/iuap/iuap-cache/3.0.0-RELEASE/iuap-cache-3.0.0-RELEASE.jar!/com/yonyou/iuap/cache/serializer/Serializer.class], URL [jar:file:/D:/devtool/repository/Maven/Maven3.2.2/local/repo/com/yonyou/iuap/iuap-cache/3.0.0-RELEASE/iuap-cache-3.0.0-RELEASE.jar!/com/yonyou/iuap/cache/utils/SerializUtil.class], URL [jar:file:/D:/devtool/repository/Maven/Maven3.2.2/local/repo/com/yonyou/iuap/iuap-log/3.0.0-RELEASE/iuap-log-3.0.0-RELEASE.jar!/com/yonyou/iuap/log/constants/LogConstants.class], URL [jar:file:/D:/devtool/repository/Maven/Maven3.2.2/local/repo/com/yonyou/iuap/iuap-log/3.0.0-RELEASE/iuap-log-3.0.0-RELEASE.jar!/com/yonyou/iuap/log/utils/ThreadCallerIdGenerator.class], URL [jar:file:/D:/devtool/repository/Maven/Maven3.2.2/local/repo/com/yonyou/iuap/iuap-security/3.0.0-RELEASE/iuap-security-3.0.0-RELEASE.jar!/com/yonyou/iuap/iweb/security/IRSAService.class], URL [jar:file:/D:/devtool/repository/Maven/Maven3.2.2/local/repo/com/yonyou/iuap/iuap-security/3.0.0-RELEASE/iuap-security-3.0.0-RELEASE.jar!/com/yonyou/iuap/iweb/security/RSAService.class], URL [jar:file:/D:/devtool/repository/Maven/Maven3.2.2/local/repo/com/yonyou/iuap/iuap-security/3.0.0-RELEASE/iuap-security-3.0.0-RELEASE.jar!/com/yonyou/iuap/security/esapi/EncryptException.class], URL [jar:file:/D:/devtool/repository/Maven/Maven3.2.2/local/repo/com/yonyou/iuap/iuap-security/3.0.0-RELEASE/iuap-security-3.0.0-RELEASE.jar!/com/yonyou/iuap/security/esapi/IUAPEncoder$DatabaseCodec.class], URL [jar:file:/D:/devtool/repository/Maven/Maven3.2.2/local/repo/com/yonyou/iuap/iuap-security/3.0.0-RELEASE/iuap-security-3.0.0-RELEASE.jar!/com/yonyou/iuap/security/esapi/IUAPEncoder$TextCodec.class], URL [jar:file:/D:/devtool/repository/Maven/Maven3.2.2/local/repo/com/yonyou/iuap/iuap-security/3.0.0-RELEASE/iuap-security-3.0.0-RELEASE.jar!/com/yonyou/iuap/security/esapi/IUAPEncoder.class], URL [jar:file:/D:/devtool/repository/Maven/Maven3.2.2/local/repo/com/yonyou/iuap/iuap-security/3.0.0-RELEASE/iuap-security-3.0.0-RELEASE.jar!/com/yonyou/iuap/security/esapi/IUAPEncryptor.class], URL [jar:file:/D:/devtool/repository/Maven/Maven3.2.2/local/repo/com/yonyou/iuap/iuap-security/3.0.0-RELEASE/iuap-security-3.0.0-RELEASE.jar!/com/yonyou/iuap/security/esapi/IUAPESAPI.class], URL [jar:file:/D:/devtool/repository/Maven/Maven3.2.2/local/repo/com/yonyou/iuap/iuap-security/3.0.0-RELEASE/iuap-security-3.0.0-RELEASE.jar!/com/yonyou/iuap/security/rest/api/Signer.class], URL [jar:file:/D:/devtool/repository/Maven/Maven3.2.2/local/repo/com/yonyou/iuap/iuap-security/3.0.0-RELEASE/iuap-security-3.0.0-RELEASE.jar!/com/yonyou/iuap/security/rest/api/Verifier.class], URL [jar:file:/D:/devtool/repository/Maven/Maven3.2.2/local/repo/com/yonyou/iuap/iuap-security/3.0.0-RELEASE/iuap-security-3.0.0-RELEASE.jar!/com/yonyou/iuap/security/rest/common/AuthConstants.class], URL [jar:file:/D:/devtool/repository/Maven/Maven3.2.2/local/repo/com/yonyou/iuap/iuap-security/3.0.0-RELEASE/iuap-security-3.0.0-RELEASE.jar!/com/yonyou/iuap/security/rest/common/Credential.class], URL [jar:file:/D:/devtool/repository/Maven/Maven3.2.2/local/repo/com/yonyou/iuap/iuap-security/3.0.0-RELEASE/iuap-security-3.0.0-RELEASE.jar!/com/yonyou/iuap/security/rest/common/SignProp.class], URL [jar:file:/D:/devtool/repository/Maven/Maven3.2.2/local/repo/com/yonyou/iuap/iuap-security/3.0.0-RELEASE/iuap-security-3.0.0-RELEASE.jar!/com/yonyou/iuap/security/rest/common/UAPKeyPair.class], URL [jar:file:/D:/devtool/repository/Maven/Maven3.2.2/local/repo/com/yonyou/iuap/iuap-security/3.0.0-RELEASE/iuap-security-3.0.0-RELEASE.jar!/com/yonyou/iuap/security/rest/digest/client/DigestSigner.class], URL [jar:file:/D:/devtool/repository/Maven/Maven3.2.2/local/repo/com/yonyou/iuap/iuap-security/3.0.0-RELEASE/iuap-security-3.0.0-RELEASE.jar!/com/yonyou/iuap/security/rest/digest/core/HMACDigestUtils$Algorithm_HMAC.class], URL [jar:file:/D:/devtool/repository/Maven/Maven3.2.2/local/repo/com/yonyou/iuap/iuap-security/3.0.0-RELEASE/iuap-security-3.0.0-RELEASE.jar!/com/yonyou/iuap/security/rest/digest/core/HMACDigestUtils.class], URL [jar:file:/D:/devtool/repository/Maven/Maven3.2.2/local/repo/com/yonyou/iuap/iuap-security/3.0.0-RELEASE/iuap-security-3.0.0-RELEASE.jar!/com/yonyou/iuap/security/rest/digest/server/DigestVerifier.class], URL [jar:file:/D:/devtool/repository/Maven/Maven3.2.2/local/repo/com/yonyou/iuap/iuap-security/3.0.0-RELEASE/iuap-security-3.0.0-RELEASE.jar!/com/yonyou/iuap/security/rest/exception/UAPSecurityException.class], URL [jar:file:/D:/devtool/repository/Maven/Maven3.2.2/local/repo/com/yonyou/iuap/iuap-security/3.0.0-RELEASE/iuap-security-3.0.0-RELEASE.jar!/com/yonyou/iuap/security/rest/factory/ClientParamsProvider.class], URL [jar:file:/D:/devtool/repository/Maven/Maven3.2.2/local/repo/com/yonyou/iuap/iuap-security/3.0.0-RELEASE/iuap-security-3.0.0-RELEASE.jar!/com/yonyou/iuap/security/rest/factory/ClientSignFactory.class], URL [jar:file:/D:/devtool/repository/Maven/Maven3.2.2/local/repo/com/yonyou/iuap/iuap-security/3.0.0-RELEASE/iuap-security-3.0.0-RELEASE.jar!/com/yonyou/iuap/security/rest/factory/KeyGenerator.class], URL [jar:file:/D:/devtool/repository/Maven/Maven3.2.2/local/repo/com/yonyou/iuap/iuap-security/3.0.0-RELEASE/iuap-security-3.0.0-RELEASE.jar!/com/yonyou/iuap/security/rest/factory/ServerVerifyFactory.class], URL [jar:file:/D:/devtool/repository/Maven/Maven3.2.2/local/repo/com/yonyou/iuap/iuap-security/3.0.0-RELEASE/iuap-security-3.0.0-RELEASE.jar!/com/yonyou/iuap/security/rest/rsa/client/RSAClientSigner.class], URL [jar:file:/D:/devtool/repository/Maven/Maven3.2.2/local/repo/com/yonyou/iuap/iuap-security/3.0.0-RELEASE/iuap-security-3.0.0-RELEASE.jar!/com/yonyou/iuap/security/rest/rsa/core/RSACryptor$1.class], URL [jar:file:/D:/devtool/repository/Maven/Maven3.2.2/local/repo/com/yonyou/iuap/iuap-security/3.0.0-RELEASE/iuap-security-3.0.0-RELEASE.jar!/com/yonyou/iuap/security/rest/rsa/core/RSACryptor$KeyType.class], URL [jar:file:/D:/devtool/repository/Maven/Maven3.2.2/local/repo/com/yonyou/iuap/iuap-security/3.0.0-RELEASE/iuap-security-3.0.0-RELEASE.jar!/com/yonyou/iuap/security/rest/rsa/core/RSACryptor.class], URL [jar:file:/D:/devtool/repository/Maven/Maven3.2.2/local/repo/com/yonyou/iuap/iuap-security/3.0.0-RELEASE/iuap-security-3.0.0-RELEASE.jar!/com/yonyou/iuap/security/rest/rsa/core/RSAKeyPair.class], URL [jar:file:/D:/devtool/repository/Maven/Maven3.2.2/local/repo/com/yonyou/iuap/iuap-security/3.0.0-RELEASE/iuap-security-3.0.0-RELEASE.jar!/com/yonyou/iuap/security/rest/rsa/core/RSASigner.class], URL [jar:file:/D:/devtool/repository/Maven/Maven3.2.2/local/repo/com/yonyou/iuap/iuap-security/3.0.0-RELEASE/iuap-security-3.0.0-RELEASE.jar!/com/yonyou/iuap/security/rest/rsa/core/RSAVerfier.class], URL [jar:file:/D:/devtool/repository/Maven/Maven3.2.2/local/repo/com/yonyou/iuap/iuap-security/3.0.0-RELEASE/iuap-security-3.0.0-RELEASE.jar!/com/yonyou/iuap/security/rest/rsa/server/RSAServerVerfier.class], URL [jar:file:/D:/devtool/repository/Maven/Maven3.2.2/local/repo/com/yonyou/iuap/iuap-security/3.0.0-RELEASE/iuap-security-3.0.0-RELEASE.jar!/com/yonyou/iuap/security/rest/utils/ClientCredentialGenerator.class], URL [jar:file:/D:/devtool/repository/Maven/Maven3.2.2/local/repo/com/yonyou/iuap/iuap-security/3.0.0-RELEASE/iuap-security-3.0.0-RELEASE.jar!/com/yonyou/iuap/security/rest/utils/PostParamsHelper$1.class], URL [jar:file:/D:/devtool/repository/Maven/Maven3.2.2/local/repo/com/yonyou/iuap/iuap-security/3.0.0-RELEASE/iuap-security-3.0.0-RELEASE.jar!/com/yonyou/iuap/security/rest/utils/PostParamsHelper.class], URL [jar:file:/D:/devtool/repository/Maven/Maven3.2.2/local/repo/com/yonyou/iuap/iuap-security/3.0.0-RELEASE/iuap-security-3.0.0-RELEASE.jar!/com/yonyou/iuap/security/rest/utils/SignPropGenerator$1.class], URL [jar:file:/D:/devtool/repository/Maven/Maven3.2.2/local/repo/com/yonyou/iuap/iuap-security/3.0.0-RELEASE/iuap-security-3.0.0-RELEASE.jar!/com/yonyou/iuap/security/rest/utils/SignPropGenerator.class], URL [jar:file:/D:/devtool/repository/Maven/Maven3.2.2/local/repo/com/yonyou/iuap/iuap-security/3.0.0-RELEASE/iuap-security-3.0.0-RELEASE.jar!/com/yonyou/iuap/security/utils/RSAUtils.class], URL [jar:file:/D:/devtool/repository/Maven/Maven3.2.2/local/repo/com/yonyou/iuap/iuap-security/3.0.0-RELEASE/iuap-security-3.0.0-RELEASE.jar!/com/yonyou/iuap/security/utils/TokenGenerator.class], URL [jar:file:/D:/devtool/repository/Maven/Maven3.2.2/local/repo/com/yonyou/iuap/iuap-utils/3.0.0-RELEASE/iuap-utils-3.0.0-RELEASE.jar!/com/yonyou/iuap/config/PropertyConfigurer.class], URL [jar:file:/D:/devtool/repository/Maven/Maven3.2.2/local/repo/com/yonyou/iuap/iuap-utils/3.0.0-RELEASE/iuap-utils-3.0.0-RELEASE.jar!/com/yonyou/iuap/context/IHttpHeadersProvider.class], URL [jar:file:/D:/devtool/repository/Maven/Maven3.2.2/local/repo/com/yonyou/iuap/iuap-utils/3.0.0-RELEASE/iuap-utils-3.0.0-RELEASE.jar!/com/yonyou/iuap/utils/AnyTrustStrategy.class], URL [jar:file:/D:/devtool/repository/Maven/Maven3.2.2/local/repo/com/yonyou/iuap/iuap-utils/3.0.0-RELEASE/iuap-utils-3.0.0-RELEASE.jar!/com/yonyou/iuap/utils/Base64Util.class], URL [jar:file:/D:/devtool/repository/Maven/Maven3.2.2/local/repo/com/yonyou/iuap/iuap-utils/3.0.0-RELEASE/iuap-utils-3.0.0-RELEASE.jar!/com/yonyou/iuap/utils/CookieUtil.class], URL [jar:file:/D:/devtool/repository/Maven/Maven3.2.2/local/repo/com/yonyou/iuap/iuap-utils/3.0.0-RELEASE/iuap-utils-3.0.0-RELEASE.jar!/com/yonyou/iuap/utils/HttpContextUtil.class], URL [jar:file:/D:/devtool/repository/Maven/Maven3.2.2/local/repo/com/yonyou/iuap/iuap-utils/3.0.0-RELEASE/iuap-utils-3.0.0-RELEASE.jar!/com/yonyou/iuap/utils/HttpTookit.class], URL [jar:file:/D:/devtool/repository/Maven/Maven3.2.2/local/repo/com/yonyou/iuap/iuap-utils/3.0.0-RELEASE/iuap-utils-3.0.0-RELEASE.jar!/com/yonyou/iuap/utils/HttpUtil.class], URL [jar:file:/D:/devtool/repository/Maven/Maven3.2.2/local/repo/com/yonyou/iuap/iuap-utils/3.0.0-RELEASE/iuap-utils-3.0.0-RELEASE.jar!/com/yonyou/iuap/utils/PropertyCodec.class], URL [jar:file:/D:/devtool/repository/Maven/Maven3.2.2/local/repo/com/yonyou/iuap/iuap-utils/3.0.0-RELEASE/iuap-utils-3.0.0-RELEASE.jar!/com/yonyou/iuap/utils/PropertyUtil.class], URL [jar:file:/D:/devtool/repository/Maven/Maven3.2.2/local/repo/com/yonyou/iuap/iuap-auth/3.0.0-RELEASE/iuap-auth-3.0.0-RELEASE.jar!/com/yonyou/iuap/auth/session/SessionManager$1.class], URL [jar:file:/D:/devtool/repository/Maven/Maven3.2.2/local/repo/com/yonyou/iuap/iuap-auth/3.0.0-RELEASE/iuap-auth-3.0.0-RELEASE.jar!/com/yonyou/iuap/auth/session/SessionManager$10.class], URL [jar:file:/D:/devtool/repository/Maven/Maven3.2.2/local/repo/com/yonyou/iuap/iuap-auth/3.0.0-RELEASE/iuap-auth-3.0.0-RELEASE.jar!/com/yonyou/iuap/auth/session/SessionManager$11.class], URL [jar:file:/D:/devtool/repository/Maven/Maven3.2.2/local/repo/com/yonyou/iuap/iuap-auth/3.0.0-RELEASE/iuap-auth-3.0.0-RELEASE.jar!/com/yonyou/iuap/auth/session/SessionManager$12.class], URL [jar:file:/D:/devtool/repository/Maven/Maven3.2.2/local/repo/com/yonyou/iuap/iuap-auth/3.0.0-RELEASE/iuap-auth-3.0.0-RELEASE.jar!/com/yonyou/iuap/auth/session/SessionManager$13.class], URL [jar:file:/D:/devtool/repository/Maven/Maven3.2.2/local/repo/com/yonyou/iuap/iuap-auth/3.0.0-RELEASE/iuap-auth-3.0.0-RELEASE.jar!/com/yonyou/iuap/auth/session/SessionManager$14.class], URL [jar:file:/D:/devtool/repository/Maven/Maven3.2.2/local/repo/com/yonyou/iuap/iuap-auth/3.0.0-RELEASE/iuap-auth-3.0.0-RELEASE.jar!/com/yonyou/iuap/auth/session/SessionManager$15.class], URL [jar:file:/D:/devtool/repository/Maven/Maven3.2.2/local/repo/com/yonyou/iuap/iuap-auth/3.0.0-RELEASE/iuap-auth-3.0.0-RELEASE.jar!/com/yonyou/iuap/auth/session/SessionManager$16.class], URL [jar:file:/D:/devtool/repository/Maven/Maven3.2.2/local/repo/com/yonyou/iuap/iuap-auth/3.0.0-RELEASE/iuap-auth-3.0.0-RELEASE.jar!/com/yonyou/iuap/auth/session/SessionManager$17.class], URL [jar:file:/D:/devtool/repository/Maven/Maven3.2.2/local/repo/com/yonyou/iuap/iuap-auth/3.0.0-RELEASE/iuap-auth-3.0.0-RELEASE.jar!/com/yonyou/iuap/auth/session/SessionManager$2.class], URL [jar:file:/D:/devtool/repository/Maven/Maven3.2.2/local/repo/com/yonyou/iuap/iuap-auth/3.0.0-RELEASE/iuap-auth-3.0.0-RELEASE.jar!/com/yonyou/iuap/auth/session/SessionManager$3.class], URL [jar:file:/D:/devtool/repository/Maven/Maven3.2.2/local/repo/com/yonyou/iuap/iuap-auth/3.0.0-RELEASE/iuap-auth-3.0.0-RELEASE.jar!/com/yonyou/iuap/auth/session/SessionManager$4.class], URL [jar:file:/D:/devtool/repository/Maven/Maven3.2.2/local/repo/com/yonyou/iuap/iuap-auth/3.0.0-RELEASE/iuap-auth-3.0.0-RELEASE.jar!/com/yonyou/iuap/auth/session/SessionManager$5.class], URL [jar:file:/D:/devtool/repository/Maven/Maven3.2.2/local/repo/com/yonyou/iuap/iuap-auth/3.0.0-RELEASE/iuap-auth-3.0.0-RELEASE.jar!/com/yonyou/iuap/auth/session/SessionManager$6.class], URL [jar:file:/D:/devtool/repository/Maven/Maven3.2.2/local/repo/com/yonyou/iuap/iuap-auth/3.0.0-RELEASE/iuap-auth-3.0.0-RELEASE.jar!/com/yonyou/iuap/auth/session/SessionManager$7.class], URL [jar:file:/D:/devtool/repository/Maven/Maven3.2.2/local/repo/com/yonyou/iuap/iuap-auth/3.0.0-RELEASE/iuap-auth-3.0.0-RELEASE.jar!/com/yonyou/iuap/auth/session/SessionManager$8.class], URL [jar:file:/D:/devtool/repository/Maven/Maven3.2.2/local/repo/com/yonyou/iuap/iuap-auth/3.0.0-RELEASE/iuap-auth-3.0.0-RELEASE.jar!/com/yonyou/iuap/auth/session/SessionManager$9.class], URL [jar:file:/D:/devtool/repository/Maven/Maven3.2.2/local/repo/com/yonyou/iuap/iuap-auth/3.0.0-RELEASE/iuap-auth-3.0.0-RELEASE.jar!/com/yonyou/iuap/auth/session/SessionManager.class], URL [jar:file:/D:/devtool/repository/Maven/Maven3.2.2/local/repo/com/yonyou/iuap/iuap-auth/3.0.0-RELEASE/iuap-auth-3.0.0-RELEASE.jar!/com/yonyou/iuap/auth/shiro/AuthConstants.class], URL [jar:file:/D:/devtool/repository/Maven/Maven3.2.2/local/repo/com/yonyou/iuap/iuap-auth/3.0.0-RELEASE/iuap-auth-3.0.0-RELEASE.jar!/com/yonyou/iuap/auth/shiro/ExtendAuthFilter.class], URL [jar:file:/D:/devtool/repository/Maven/Maven3.2.2/local/repo/com/yonyou/iuap/iuap-auth/3.0.0-RELEASE/iuap-auth-3.0.0-RELEASE.jar!/com/yonyou/iuap/auth/shiro/LogoutFilter.class], URL [jar:file:/D:/devtool/repository/Maven/Maven3.2.2/local/repo/com/yonyou/iuap/iuap-auth/3.0.0-RELEASE/iuap-auth-3.0.0-RELEASE.jar!/com/yonyou/iuap/auth/shiro/StatelessAuthcFilter.class], URL [jar:file:/D:/devtool/repository/Maven/Maven3.2.2/local/repo/com/yonyou/iuap/iuap-auth/3.0.0-RELEASE/iuap-auth-3.0.0-RELEASE.jar!/com/yonyou/iuap/auth/shiro/StatelessDefaultSubjectFactory.class], URL [jar:file:/D:/devtool/repository/Maven/Maven3.2.2/local/repo/com/yonyou/iuap/iuap-auth/3.0.0-RELEASE/iuap-auth-3.0.0-RELEASE.jar!/com/yonyou/iuap/auth/shiro/StatelessLogoutFilter.class], URL [jar:file:/D:/devtool/repository/Maven/Maven3.2.2/local/repo/com/yonyou/iuap/iuap-auth/3.0.0-RELEASE/iuap-auth-3.0.0-RELEASE.jar!/com/yonyou/iuap/auth/shiro/StatelessRealm.class], URL [jar:file:/D:/devtool/repository/Maven/Maven3.2.2/local/repo/com/yonyou/iuap/iuap-auth/3.0.0-RELEASE/iuap-auth-3.0.0-RELEASE.jar!/com/yonyou/iuap/auth/shiro/StatelessToken.class], URL [jar:file:/D:/devtool/repository/Maven/Maven3.2.2/local/repo/com/yonyou/iuap/iuap-auth/3.0.0-RELEASE/iuap-auth-3.0.0-RELEASE.jar!/com/yonyou/iuap/auth/token/DefaultTokenPorcessor.class], URL [jar:file:/D:/devtool/repository/Maven/Maven3.2.2/local/repo/com/yonyou/iuap/iuap-auth/3.0.0-RELEASE/iuap-auth-3.0.0-RELEASE.jar!/com/yonyou/iuap/auth/token/ITokenProcessor.class], URL [jar:file:/D:/devtool/repository/Maven/Maven3.2.2/local/repo/com/yonyou/iuap/iuap-auth/3.0.0-RELEASE/iuap-auth-3.0.0-RELEASE.jar!/com/yonyou/iuap/auth/token/TokenFactory.class], URL [jar:file:/D:/devtool/repository/Maven/Maven3.2.2/local/repo/com/yonyou/iuap/iuap-auth/3.0.0-RELEASE/iuap-auth-3.0.0-RELEASE.jar!/com/yonyou/iuap/auth/token/TokenInfo.class], URL [jar:file:/D:/devtool/repository/Maven/Maven3.2.2/local/repo/com/yonyou/iuap/iuap-auth/3.0.0-RELEASE/iuap-auth-3.0.0-RELEASE.jar!/com/yonyou/iuap/auth/token/TokenParameter.class], URL [jar:file:/D:/devtool/repository/Maven/Maven3.2.2/local/repo/com/yonyou/iuap/iuap-persistence/3.0.0-RELEASE/iuap-persistence-3.0.0-RELEASE.jar!/com/yonyou/iuap/persistence/mybatis/anotation/MyBatisRepository.class], URL [jar:file:/D:/devtool/repository/Maven/Maven3.2.2/local/repo/com/yonyou/iuap/iuap-persistence/3.0.0-RELEASE/iuap-persistence-3.0.0-RELEASE.jar!/com/yonyou/iuap/persistence/mybatis/mapper/PageMapper.class], URL [jar:file:/D:/devtool/repository/Maven/Maven3.2.2/local/repo/com/yonyou/iuap/iuap-oid/3.0.0-RELEASE/iuap-oid-3.0.0-RELEASE.jar!/com/yonyou/iuap/persistence/oid/DefaultIdProvider.class], URL [jar:file:/D:/devtool/repository/Maven/Maven3.2.2/local/repo/com/yonyou/iuap/iuap-oid/3.0.0-RELEASE/iuap-oid-3.0.0-RELEASE.jar!/com/yonyou/iuap/persistence/oid/IdProviderFactory.class], URL [jar:file:/D:/devtool/repository/Maven/Maven3.2.2/local/repo/com/yonyou/iuap/iuap-oid/3.0.0-RELEASE/iuap-oid-3.0.0-RELEASE.jar!/com/yonyou/iuap/persistence/oid/IOidProvider.class], URL [jar:file:/D:/devtool/repository/Maven/Maven3.2.2/local/repo/com/yonyou/iuap/iuap-oid/3.0.0-RELEASE/iuap-oid-3.0.0-RELEASE.jar!/com/yonyou/iuap/persistence/oid/RedisIdProvider.class], URL [jar:file:/D:/devtool/repository/Maven/Maven3.2.2/local/repo/com/yonyou/iuap/iuap-oid/3.0.0-RELEASE/iuap-oid-3.0.0-RELEASE.jar!/com/yonyou/iuap/persistence/oid/SnowFlakeProvider.class], URL [jar:file:/D:/devtool/repository/Maven/Maven3.2.2/local/repo/com/yonyou/iuap/iuap-oid/3.0.0-RELEASE/iuap-oid-3.0.0-RELEASE.jar!/com/yonyou/iuap/persistence/oid/UapIdProvider.class], URL [jar:file:/D:/devtool/repository/Maven/Maven3.2.2/local/repo/com/yonyou/iuap/iuap-oid/3.0.0-RELEASE/iuap-oid-3.0.0-RELEASE.jar!/com/yonyou/iuap/persistence/oid/UapOidAlgorithm.class], URL [jar:file:/D:/devtool/repository/Maven/Maven3.2.2/local/repo/com/yonyou/iuap/iuap-oid/3.0.0-RELEASE/iuap-oid-3.0.0-RELEASE.jar!/com/yonyou/iuap/persistence/oid/UapOidGenerator$OidCounter.class], URL [jar:file:/D:/devtool/repository/Maven/Maven3.2.2/local/repo/com/yonyou/iuap/iuap-oid/3.0.0-RELEASE/iuap-oid-3.0.0-RELEASE.jar!/com/yonyou/iuap/persistence/oid/UapOidGenerator.class], URL [jar:file:/D:/devtool/repository/Maven/Maven3.2.2/local/repo/com/yonyou/iuap/iuap-oid/3.0.0-RELEASE/iuap-oid-3.0.0-RELEASE.jar!/com/yonyou/iuap/persistence/oid/UapOidJdbcService.class], URL [jar:file:/D:/devtool/repository/Maven/Maven3.2.2/local/repo/com/yonyou/iuap/iuap-oid/3.0.0-RELEASE/iuap-oid-3.0.0-RELEASE.jar!/com/yonyou/iuap/persistence/utils/IDGenerator.class]]
10:20:58.154 [] [] [main] TRACE o.s.c.a.ClassPathBeanDefinitionScanner - Scanning file [D:\DevTool\workspace\activiti\portal\target\classes\com\yonyou\iuap\example\entity\GoodJdbcDemo.class]
10:20:58.168 [] [] [main] TRACE o.s.c.a.ClassPathBeanDefinitionScanner - Ignored because not matching any filter: file [D:\DevTool\workspace\activiti\portal\target\classes\com\yonyou\iuap\example\entity\GoodJdbcDemo.class]
10:20:58.168 [] [] [main] TRACE o.s.c.a.ClassPathBeanDefinitionScanner - Scanning file [D:\DevTool\workspace\activiti\portal\target\classes\com\yonyou\iuap\example\entity\GoodJpaDemo.class]
10:20:58.171 [] [] [main] TRACE o.s.c.a.ClassPathBeanDefinitionScanner - Ignored because not matching any filter: file [D:\DevTool\workspace\activiti\portal\target\classes\com\yonyou\iuap\example\entity\GoodJpaDemo.class]
10:20:58.171 [] [] [main] TRACE o.s.c.a.ClassPathBeanDefinitionScanner - Scanning file [D:\DevTool\workspace\activiti\portal\target\classes\com\yonyou\iuap\example\repository\GoodJdbcDemoDao.class]
10:20:58.173 [] [] [main] DEBUG o.s.c.a.ClassPathBeanDefinitionScanner - Identified candidate component class: file [D:\DevTool\workspace\activiti\portal\target\classes\com\yonyou\iuap\example\repository\GoodJdbcDemoDao.class]
10:20:58.173 [] [] [main] TRACE o.s.c.a.ClassPathBeanDefinitionScanner - Scanning file [D:\DevTool\workspace\activiti\portal\target\classes\com\yonyou\iuap\example\repository\GoodJpaDemoDao.class]
10:20:58.173 [] [] [main] TRACE o.s.c.a.ClassPathBeanDefinitionScanner - Ignored because not matching any filter: file [D:\DevTool\workspace\activiti\portal\target\classes\com\yonyou\iuap\example\repository\GoodJpaDemoDao.class]
10:20:58.173 [] [] [main] TRACE o.s.c.a.ClassPathBeanDefinitionScanner - Scanning file [D:\DevTool\workspace\activiti\portal\target\classes\com\yonyou\iuap\example\service\GoodJdbcDemoService.class]
10:20:58.175 [] [] [main] DEBUG o.s.c.a.ClassPathBeanDefinitionScanner - Identified candidate component class: file [D:\DevTool\workspace\activiti\portal\target\classes\com\yonyou\iuap\example\service\GoodJdbcDemoService.class]
10:20:58.176 [] [] [main] TRACE o.s.c.a.ClassPathBeanDefinitionScanner - Scanning file [D:\DevTool\workspace\activiti\portal\target\classes\com\yonyou\iuap\example\service\GoodJpaDemoService.class]
10:20:58.176 [] [] [main] DEBUG o.s.c.a.ClassPathBeanDefinitionScanner - Identified candidate component class: file [D:\DevTool\workspace\activiti\portal\target\classes\com\yonyou\iuap\example\service\GoodJpaDemoService.class]
10:20:58.176 [] [] [main] TRACE o.s.c.a.ClassPathBeanDefinitionScanner - Scanning file [D:\DevTool\workspace\activiti\portal\target\classes\com\yonyou\iuap\example\web\GoodJdbcDemoController.class]
10:20:58.180 [] [] [main] TRACE o.s.c.a.ClassPathBeanDefinitionScanner - Ignored because not matching any filter: file [D:\DevTool\workspace\activiti\portal\target\classes\com\yonyou\iuap\example\web\GoodJdbcDemoController.class]
10:20:58.181 [] [] [main] TRACE o.s.c.a.ClassPathBeanDefinitionScanner - Scanning file [D:\DevTool\workspace\activiti\portal\target\classes\com\yonyou\iuap\example\web\GoodJpaDemoController.class]
10:20:58.181 [] [] [main] TRACE o.s.c.a.ClassPathBeanDefinitionScanner - Ignored because not matching any filter: file [D:\DevTool\workspace\activiti\portal\target\classes\com\yonyou\iuap\example\web\GoodJpaDemoController.class]
10:20:58.182 [] [] [main] TRACE o.s.c.a.ClassPathBeanDefinitionScanner - Scanning file [D:\DevTool\workspace\activiti\portal\target\classes\com\yonyou\iuap\system\entity\MgrUser.class]
10:20:58.190 [] [] [main] TRACE o.s.c.a.ClassPathBeanDefinitionScanner - Ignored because not matching any filter: file [D:\DevTool\workspace\activiti\portal\target\classes\com\yonyou\iuap\system\entity\MgrUser.class]
10:20:58.191 [] [] [main] TRACE o.s.c.a.ClassPathBeanDefinitionScanner - Scanning file [D:\DevTool\workspace\activiti\portal\target\classes\com\yonyou\iuap\system\repository\MgrUserDao.class]
10:20:58.196 [] [] [main] TRACE o.s.c.a.ClassPathBeanDefinitionScanner - Ignored because not matching any filter: file [D:\DevTool\workspace\activiti\portal\target\classes\com\yonyou\iuap\system\repository\MgrUserDao.class]
10:20:58.196 [] [] [main] TRACE o.s.c.a.ClassPathBeanDefinitionScanner - Scanning file [D:\DevTool\workspace\activiti\portal\target\classes\com\yonyou\iuap\system\service\AccountService.class]
10:20:58.197 [] [] [main] DEBUG o.s.c.a.ClassPathBeanDefinitionScanner - Identified candidate component class: file [D:\DevTool\workspace\activiti\portal\target\classes\com\yonyou\iuap\system\service\AccountService.class]
10:20:58.197 [] [] [main] TRACE o.s.c.a.ClassPathBeanDefinitionScanner - Scanning file [D:\DevTool\workspace\activiti\portal\target\classes\com\yonyou\iuap\system\web\account\MgrAccountController.class]
10:20:58.198 [] [] [main] TRACE o.s.c.a.ClassPathBeanDefinitionScanner - Ignored because not matching any filter: file [D:\DevTool\workspace\activiti\portal\target\classes\com\yonyou\iuap\system\web\account\MgrAccountController.class]
10:20:58.198 [] [] [main] TRACE o.s.c.a.ClassPathBeanDefinitionScanner - Scanning file [D:\DevTool\workspace\activiti\portal\target\classes\com\yonyou\iuap\system\web\index\IndexController.class]
10:20:58.198 [] [] [main] TRACE o.s.c.a.ClassPathBeanDefinitionScanner - Ignored because not matching any filter: file [D:\DevTool\workspace\activiti\portal\target\classes\com\yonyou\iuap\system\web\index\IndexController.class]
10:20:58.198 [] [] [main] TRACE o.s.c.a.ClassPathBeanDefinitionScanner - Scanning file [D:\DevTool\workspace\activiti\portal\target\classes\com\yonyou\iuap\system\web\login\LoginController.class]
10:20:58.199 [] [] [main] TRACE o.s.c.a.ClassPathBeanDefinitionScanner - Ignored because not matching any filter: file [D:\DevTool\workspace\activiti\portal\target\classes\com\yonyou\iuap\system\web\login\LoginController.class]
10:20:58.199 [] [] [main] TRACE o.s.c.a.ClassPathBeanDefinitionScanner - Scanning file [D:\DevTool\workspace\activiti\portal\target\classes\com\yonyou\iuap\system\web\login\MaLoginController.class]
10:20:58.200 [] [] [main] TRACE o.s.c.a.ClassPathBeanDefinitionScanner - Ignored because not matching any filter: file [D:\DevTool\workspace\activiti\portal\target\classes\com\yonyou\iuap\system\web\login\MaLoginController.class]
10:20:58.200 [] [] [main] TRACE o.s.c.a.ClassPathBeanDefinitionScanner - Scanning file [D:\DevTool\workspace\activiti\portal\target\classes\com\yonyou\iuap\system\web\login\RoleForTheme.class]
10:20:58.200 [] [] [main] TRACE o.s.c.a.ClassPathBeanDefinitionScanner - Ignored because not matching any filter: file [D:\DevTool\workspace\activiti\portal\target\classes\com\yonyou\iuap\system\web\login\RoleForTheme.class]
10:20:58.200 [] [] [main] TRACE o.s.c.a.ClassPathBeanDefinitionScanner - Scanning file [D:\DevTool\workspace\activiti\portal\target\classes\com\yonyou\iuap\system\web\login\SSOLoginFilter.class]
10:20:58.200 [] [] [main] TRACE o.s.c.a.ClassPathBeanDefinitionScanner - Ignored because not matching any filter: file [D:\DevTool\workspace\activiti\portal\target\classes\com\yonyou\iuap\system\web\login\SSOLoginFilter.class]
10:20:58.200 [] [] [main] TRACE o.s.c.a.ClassPathBeanDefinitionScanner - Scanning file [D:\DevTool\workspace\activiti\portal\target\classes\com\yonyou\iuap\system\web\login\TimeOutFilter.class]
10:20:58.201 [] [] [main] TRACE o.s.c.a.ClassPathBeanDefinitionScanner - Ignored because not matching any filter: file [D:\DevTool\workspace\activiti\portal\target\classes\com\yonyou\iuap\system\web\login\TimeOutFilter.class]
10:20:58.201 [] [] [main] TRACE o.s.c.a.ClassPathBeanDefinitionScanner - Scanning URL [jar:file:/D:/devtool/repository/Maven/Maven3.2.2/local/repo/com/yonyou/iuap/iuap-jdbc/3.0.0-RELEASE/iuap-jdbc-3.0.0-RELEASE.jar!/com/yonyou/iuap/persistence/bs/dao/AbstractDAO.class]
10:20:58.201 [] [] [main] TRACE o.s.c.a.ClassPathBeanDefinitionScanner - Ignored because not matching any filter: URL [jar:file:/D:/devtool/repository/Maven/Maven3.2.2/local/repo/com/yonyou/iuap/iuap-jdbc/3.0.0-RELEASE/iuap-jdbc-3.0.0-RELEASE.jar!/com/yonyou/iuap/persistence/bs/dao/AbstractDAO.class]
10:20:58.201 [] [] [main] TRACE o.s.c.a.ClassPathBeanDefinitionScanner - Scanning URL [jar:file:/D:/devtool/repository/Maven/Maven3.2.2/local/repo/com/yonyou/iuap/iuap-jdbc/3.0.0-RELEASE/iuap-jdbc-3.0.0-RELEASE.jar!/com/yonyou/iuap/persistence/bs/dao/BaseDAO.class]
10:20:58.202 [] [] [main] TRACE o.s.c.a.ClassPathBeanDefinitionScanner - Ignored because not matching any filter: URL [jar:file:/D:/devtool/repository/Maven/Maven3.2.2/local/repo/com/yonyou/iuap/iuap-jdbc/3.0.0-RELEASE/iuap-jdbc-3.0.0-RELEASE.jar!/com/yonyou/iuap/persistence/bs/dao/BaseDAO.class]
10:20:58.202 [] [] [main] TRACE o.s.c.a.ClassPathBeanDefinitionScanner - Scanning URL [jar:file:/D:/devtool/repository/Maven/Maven3.2.2/local/repo/com/yonyou/iuap/iuap-jdbc/3.0.0-RELEASE/iuap-jdbc-3.0.0-RELEASE.jar!/com/yonyou/iuap/persistence/bs/dao/DAOException.class]
10:20:58.202 [] [] [main] TRACE o.s.c.a.ClassPathBeanDefinitionScanner - Ignored because not matching any filter: URL [jar:file:/D:/devtool/repository/Maven/Maven3.2.2/local/repo/com/yonyou/iuap/iuap-jdbc/3.0.0-RELEASE/iuap-jdbc-3.0.0-RELEASE.jar!/com/yonyou/iuap/persistence/bs/dao/DAOException.class]
10:20:58.202 [] [] [main] TRACE o.s.c.a.ClassPathBeanDefinitionScanner - Scanning URL [jar:file:/D:/devtool/repository/Maven/Maven3.2.2/local/repo/com/yonyou/iuap/iuap-jdbc/3.0.0-RELEASE/iuap-jdbc-3.0.0-RELEASE.jar!/com/yonyou/iuap/persistence/bs/framework/common/ITimeService.class]
10:20:58.203 [] [] [main] TRACE o.s.c.a.ClassPathBeanDefinitionScanner - Ignored because not matching any filter: URL [jar:file:/D:/devtool/repository/Maven/Maven3.2.2/local/repo/com/yonyou/iuap/iuap-jdbc/3.0.0-RELEASE/iuap-jdbc-3.0.0-RELEASE.jar!/com/yonyou/iuap/persistence/bs/framework/common/ITimeService.class]
10:20:58.203 [] [] [main] TRACE o.s.c.a.ClassPathBeanDefinitionScanner - Scanning URL [jar:file:/D:/devtool/repository/Maven/Maven3.2.2/local/repo/com/yonyou/iuap/iuap-jdbc/3.0.0-RELEASE/iuap-jdbc-3.0.0-RELEASE.jar!/com/yonyou/iuap/persistence/bs/framework/core/service/TimeService.class]
10:20:58.203 [] [] [main] TRACE o.s.c.a.ClassPathBeanDefinitionScanner - Ignored because not matching any filter: URL [jar:file:/D:/devtool/repository/Maven/Maven3.2.2/local/repo/com/yonyou/iuap/iuap-jdbc/3.0.0-RELEASE/iuap-jdbc-3.0.0-RELEASE.jar!/com/yonyou/iuap/persistence/bs/framework/core/service/TimeService.class]
10:20:58.203 [] [] [main] TRACE o.s.c.a.ClassPathBeanDefinitionScanner - Scanning URL [jar:file:/D:/devtool/repository/Maven/Maven3.2.2/local/repo/com/yonyou/iuap/iuap-jdbc/3.0.0-RELEASE/iuap-jdbc-3.0.0-RELEASE.jar!/com/yonyou/iuap/persistence/bs/framework/ds/CrossdbDataSource.class]
10:20:58.203 [] [] [main] TRACE o.s.c.a.ClassPathBeanDefinitionScanner - Ignored because not matching any filter: URL [jar:file:/D:/devtool/repository/Maven/Maven3.2.2/local/repo/com/yonyou/iuap/iuap-jdbc/3.0.0-RELEASE/iuap-jdbc-3.0.0-RELEASE.jar!/com/yonyou/iuap/persistence/bs/framework/ds/CrossdbDataSource.class]
10:20:58.203 [] [] [main] TRACE o.s.c.a.ClassPathBeanDefinitionScanner - Scanning URL [jar:file:/D:/devtool/repository/Maven/Maven3.2.2/local/repo/com/yonyou/iuap/iuap-jdbc/3.0.0-RELEASE/iuap-jdbc-3.0.0-RELEASE.jar!/com/yonyou/iuap/persistence/bs/mw/sqltrans/Expresion_str.class]
10:20:58.204 [] [] [main] TRACE o.s.c.a.ClassPathBeanDefinitionScanner - Ignored because not matching any filter: URL [jar:file:/D:/devtool/repository/Maven/Maven3.2.2/local/repo/com/yonyou/iuap/iuap-jdbc/3.0.0-RELEASE/iuap-jdbc-3.0.0-RELEASE.jar!/com/yonyou/iuap/persistence/bs/mw/sqltrans/Expresion_str.class]
10:20:58.204 [] [] [main] TRACE o.s.c.a.ClassPathBeanDefinitionScanner - Scanning URL [jar:file:/D:/devtool/repository/Maven/Maven3.2.2/local/repo/com/yonyou/iuap/iuap-jdbc/3.0.0-RELEASE/iuap-jdbc-3.0.0-RELEASE.jar!/com/yonyou/iuap/persistence/bs/mw/sqltrans/Express_str.class]
10:20:58.205 [] [] [main] TRACE o.s.c.a.ClassPathBeanDefinitionScanner - Ignored because not matching any filter: URL [jar:file:/D:/devtool/repository/Maven/Maven3.2.2/local/repo/com/yonyou/iuap/iuap-jdbc/3.0.0-RELEASE/iuap-jdbc-3.0.0-RELEASE.jar!/com/yonyou/iuap/persistence/bs/mw/sqltrans/Express_str.class]
10:20:58.205 [] [] [main] TRACE o.s.c.a.ClassPathBeanDefinitionScanner - Scanning URL [jar:file:/D:/devtool/repository/Maven/Maven3.2.2/local/repo/com/yonyou/iuap/iuap-jdbc/3.0.0-RELEASE/iuap-jdbc-3.0.0-RELEASE.jar!/com/yonyou/iuap/persistence/bs/mw/sqltrans/FunctionDict.class]
10:20:58.205 [] [] [main] TRACE o.s.c.a.ClassPathBeanDefinitionScanner - Ignored because not matching any filter: URL [jar:file:/D:/devtool/repository/Maven/Maven3.2.2/local/repo/com/yonyou/iuap/iuap-jdbc/3.0.0-RELEASE/iuap-jdbc-3.0.0-RELEASE.jar!/com/yonyou/iuap/persistence/bs/mw/sqltrans/FunctionDict.class]
10:20:58.205 [] [] [main] TRACE o.s.c.a.ClassPathBeanDefinitionScanner - Scanning URL [jar:file:/D:/devtool/repository/Maven/Maven3.2.2/local/repo/com/yonyou/iuap/iuap-jdbc/3.0.0-RELEASE/iuap-jdbc-3.0.0-RELEASE.jar!/com/yonyou/iuap/persistence/bs/mw/sqltrans/ITranslator.class]
10:20:58.206 [] [] [main] TRACE o.s.c.a.ClassPathBeanDefinitionScanner - Ignored because not matching any filter: URL [jar:file:/D:/devtool/repository/Maven/Maven3.2.2/local/repo/com/yonyou/iuap/iuap-jdbc/3.0.0-RELEASE/iuap-jdbc-3.0.0-RELEASE.jar!/com/yonyou/iuap/persistence/bs/mw/sqltrans/ITranslator.class]
10:20:58.206 [] [] [main] TRACE o.s.c.a.ClassPathBeanDefinitionScanner - Scanning URL [jar:file:/D:/devtool/repository/Maven/Maven3.2.2/local/repo/com/yonyou/iuap/iuap-jdbc/3.0.0-RELEASE/iuap-jdbc-3.0.0-RELEASE.jar!/com/yonyou/iuap/persistence/bs/mw/sqltrans/SqlTranslator.class]
10:20:58.206 [] [] [main] TRACE o.s.c.a.ClassPathBeanDefinitionScanner - Ignored because not matching any filter: URL [jar:file:/D:/devtool/repository/Maven/Maven3.2.2/local/repo/com/yonyou/iuap/iuap-jdbc/3.0.0-RELEASE/iuap-jdbc-3.0.0-RELEASE.jar!/com/yonyou/iuap/persistence/bs/mw/sqltrans/SqlTranslator.class]
10:20:58.206 [] [] [main] TRACE o.s.c.a.ClassPathBeanDefinitionScanner - Scanning URL [jar:file:/D:/devtool/repository/Maven/Maven3.2.2/local/repo/com/yonyou/iuap/iuap-jdbc/3.0.0-RELEASE/iuap-jdbc-3.0.0-RELEASE.jar!/com/yonyou/iuap/persistence/bs/mw/sqltrans/TempTable.class]
10:20:58.207 [] [] [main] TRACE o.s.c.a.ClassPathBeanDefinitionScanner - Ignored because not matching any filter: URL [jar:file:/D:/devtool/repository/Maven/Maven3.2.2/local/repo/com/yonyou/iuap/iuap-jdbc/3.0.0-RELEASE/iuap-jdbc-3.0.0-RELEASE.jar!/com/yonyou/iuap/persistence/bs/mw/sqltrans/TempTable.class]
10:20:58.207 [] [] [main] TRACE o.s.c.a.ClassPathBeanDefinitionScanner - Scanning URL [jar:file:/D:/devtool/repository/Maven/Maven3.2.2/local/repo/com/yonyou/iuap/iuap-jdbc/3.0.0-RELEASE/iuap-jdbc-3.0.0-RELEASE.jar!/com/yonyou/iuap/persistence/bs/mw/sqltrans/TranslateToAlcedo.class]
10:20:58.207 [] [] [main] TRACE o.s.c.a.ClassPathBeanDefinitionScanner - Ignored because not matching any filter: URL [jar:file:/D:/devtool/repository/Maven/Maven3.2.2/local/repo/com/yonyou/iuap/iuap-jdbc/3.0.0-RELEASE/iuap-jdbc-3.0.0-RELEASE.jar!/com/yonyou/iuap/persistence/bs/mw/sqltrans/TranslateToAlcedo.class]
10:20:58.207 [] [] [main] TRACE o.s.c.a.ClassPathBeanDefinitionScanner - Scanning URL [jar:file:/D:/devtool/repository/Maven/Maven3.2.2/local/repo/com/yonyou/iuap/iuap-jdbc/3.0.0-RELEASE/iuap-jdbc-3.0.0-RELEASE.jar!/com/yonyou/iuap/persistence/bs/mw/sqltrans/TranslateToDB2.class]
10:20:58.209 [] [] [main] TRACE o.s.c.a.ClassPathBeanDefinitionScanner - Ignored because not matching any filter: URL [jar:file:/D:/devtool/repository/Maven/Maven3.2.2/local/repo/com/yonyou/iuap/iuap-jdbc/3.0.0-RELEASE/iuap-jdbc-3.0.0-RELEASE.jar!/com/yonyou/iuap/persistence/bs/mw/sqltrans/TranslateToDB2.class]
10:20:58.209 [] [] [main] TRACE o.s.c.a.ClassPathBeanDefinitionScanner - Scanning URL [jar:file:/D:/devtool/repository/Maven/Maven3.2.2/local/repo/com/yonyou/iuap/iuap-jdbc/3.0.0-RELEASE/iuap-jdbc-3.0.0-RELEASE.jar!/com/yonyou/iuap/persistence/bs/mw/sqltrans/TranslateToGbase.class]
10:20:58.210 [] [] [main] TRACE o.s.c.a.ClassPathBeanDefinitionScanner - Ignored because not matching any filter: URL [jar:file:/D:/devtool/repository/Maven/Maven3.2.2/local/repo/com/yonyou/iuap/iuap-jdbc/3.0.0-RELEASE/iuap-jdbc-3.0.0-RELEASE.jar!/com/yonyou/iuap/persistence/bs/mw/sqltrans/TranslateToGbase.class]
10:20:58.210 [] [] [main] TRACE o.s.c.a.ClassPathBeanDefinitionScanner - Scanning URL [jar:file:/D:/devtool/repository/Maven/Maven3.2.2/local/repo/com/yonyou/iuap/iuap-jdbc/3.0.0-RELEASE/iuap-jdbc-3.0.0-RELEASE.jar!/com/yonyou/iuap/persistence/bs/mw/sqltrans/TranslateToInformix.class]
10:20:58.211 [] [] [main] TRACE o.s.c.a.ClassPathBeanDefinitionScanner - Ignored because not matching any filter: URL [jar:file:/D:/devtool/repository/Maven/Maven3.2.2/local/repo/com/yonyou/iuap/iuap-jdbc/3.0.0-RELEASE/iuap-jdbc-3.0.0-RELEASE.jar!/com/yonyou/iuap/persistence/bs/mw/sqltrans/TranslateToInformix.class]
10:20:58.211 [] [] [main] TRACE o.s.c.a.ClassPathBeanDefinitionScanner - Scanning URL [jar:file:/D:/devtool/repository/Maven/Maven3.2.2/local/repo/com/yonyou/iuap/iuap-jdbc/3.0.0-RELEASE/iuap-jdbc-3.0.0-RELEASE.jar!/com/yonyou/iuap/persistence/bs/mw/sqltrans/TranslateToMySQL.class]
10:20:58.212 [] [] [main] TRACE o.s.c.a.ClassPathBeanDefinitionScanner - Ignored because not matching any filter: URL [jar:file:/D:/devtool/repository/Maven/Maven3.2.2/local/repo/com/yonyou/iuap/iuap-jdbc/3.0.0-RELEASE/iuap-jdbc-3.0.0-RELEASE.jar!/com/yonyou/iuap/persistence/bs/mw/sqltrans/TranslateToMySQL.class]
10:20:58.212 [] [] [main] TRACE o.s.c.a.ClassPathBeanDefinitionScanner - Scanning URL [jar:file:/D:/devtool/repository/Maven/Maven3.2.2/local/repo/com/yonyou/iuap/iuap-jdbc/3.0.0-RELEASE/iuap-jdbc-3.0.0-RELEASE.jar!/com/yonyou/iuap/persistence/bs/mw/sqltrans/TranslateToOracle.class]
10:20:58.213 [] [] [main] TRACE o.s.c.a.ClassPathBeanDefinitionScanner - Ignored because not matching any filter: URL [jar:file:/D:/devtool/repository/Maven/Maven3.2.2/local/repo/com/yonyou/iuap/iuap-jdbc/3.0.0-RELEASE/iuap-jdbc-3.0.0-RELEASE.jar!/com/yonyou/iuap/persistence/bs/mw/sqltrans/TranslateToOracle.class]
10:20:58.213 [] [] [main] TRACE o.s.c.a.ClassPathBeanDefinitionScanner - Scanning URL [jar:file:/D:/devtool/repository/Maven/Maven3.2.2/local/repo/com/yonyou/iuap/iuap-jdbc/3.0.0-RELEASE/iuap-jdbc-3.0.0-RELEASE.jar!/com/yonyou/iuap/persistence/bs/mw/sqltrans/TranslateToOscar.class]
10:20:58.215 [] [] [main] TRACE o.s.c.a.ClassPathBeanDefinitionScanner - Ignored because not matching any filter: URL [jar:file:/D:/devtool/repository/Maven/Maven3.2.2/local/repo/com/yonyou/iuap/iuap-jdbc/3.0.0-RELEASE/iuap-jdbc-3.0.0-RELEASE.jar!/com/yonyou/iuap/persistence/bs/mw/sqltrans/TranslateToOscar.class]
10:20:58.215 [] [] [main] TRACE o.s.c.a.ClassPathBeanDefinitionScanner - Scanning URL [jar:file:/D:/devtool/repository/Maven/Maven3.2.2/local/repo/com/yonyou/iuap/iuap-jdbc/3.0.0-RELEASE/iuap-jdbc-3.0.0-RELEASE.jar!/com/yonyou/iuap/persistence/bs/mw/sqltrans/TranslateToPostgreSQL.class]
10:20:58.216 [] [] [main] TRACE o.s.c.a.ClassPathBeanDefinitionScanner - Ignored because not matching any filter: URL [jar:file:/D:/devtool/repository/Maven/Maven3.2.2/local/repo/com/yonyou/iuap/iuap-jdbc/3.0.0-RELEASE/iuap-jdbc-3.0.0-RELEASE.jar!/com/yonyou/iuap/persistence/bs/mw/sqltrans/TranslateToPostgreSQL.class]
10:20:58.216 [] [] [main] TRACE o.s.c.a.ClassPathBeanDefinitionScanner - Scanning URL [jar:file:/D:/devtool/repository/Maven/Maven3.2.2/local/repo/com/yonyou/iuap/iuap-jdbc/3.0.0-RELEASE/iuap-jdbc-3.0.0-RELEASE.jar!/com/yonyou/iuap/persistence/bs/mw/sqltrans/TranslateToSqlServer.class]
10:20:58.216 [] [] [main] TRACE o.s.c.a.ClassPathBeanDefinitionScanner - Ignored because not matching any filter: URL [jar:file:/D:/devtool/repository/Maven/Maven3.2.2/local/repo/com/yonyou/iuap/iuap-jdbc/3.0.0-RELEASE/iuap-jdbc-3.0.0-RELEASE.jar!/com/yonyou/iuap/persistence/bs/mw/sqltrans/TranslateToSqlServer.class]
10:20:58.216 [] [] [main] TRACE o.s.c.a.ClassPathBeanDefinitionScanner - Scanning URL [jar:file:/D:/devtool/repository/Maven/Maven3.2.2/local/repo/com/yonyou/iuap/iuap-jdbc/3.0.0-RELEASE/iuap-jdbc-3.0.0-RELEASE.jar!/com/yonyou/iuap/persistence/bs/mw/sqltrans/TranslateToSybase.class]
10:20:58.217 [] [] [main] TRACE o.s.c.a.ClassPathBeanDefinitionScanner - Ignored because not matching any filter: URL [jar:file:/D:/devtool/repository/Maven/Maven3.2.2/local/repo/com/yonyou/iuap/iuap-jdbc/3.0.0-RELEASE/iuap-jdbc-3.0.0-RELEASE.jar!/com/yonyou/iuap/persistence/bs/mw/sqltrans/TranslateToSybase.class]
10:20:58.217 [] [] [main] TRACE o.s.c.a.ClassPathBeanDefinitionScanner - Scanning URL [jar:file:/D:/devtool/repository/Maven/Maven3.2.2/local/repo/com/yonyou/iuap/iuap-jdbc/3.0.0-RELEASE/iuap-jdbc-3.0.0-RELEASE.jar!/com/yonyou/iuap/persistence/bs/mw/sqltrans/TranslatorObject.class]
10:20:58.219 [] [] [main] TRACE o.s.c.a.ClassPathBeanDefinitionScanner - Ignored because not matching any filter: URL [jar:file:/D:/devtool/repository/Maven/Maven3.2.2/local/repo/com/yonyou/iuap/iuap-jdbc/3.0.0-RELEASE/iuap-jdbc-3.0.0-RELEASE.jar!/com/yonyou/iuap/persistence/bs/mw/sqltrans/TranslatorObject.class]
10:20:58.219 [] [] [main] TRACE o.s.c.a.ClassPathBeanDefinitionScanner - Scanning URL [jar:file:/D:/devtool/repository/Maven/Maven3.2.2/local/repo/com/yonyou/iuap/iuap-jdbc/3.0.0-RELEASE/iuap-jdbc-3.0.0-RELEASE.jar!/com/yonyou/iuap/persistence/bs/mw/sqltrans/TransUnit.class]
10:20:58.220 [] [] [main] TRACE o.s.c.a.ClassPathBeanDefinitionScanner - Ignored because not matching any filter: URL [jar:file:/D:/devtool/repository/Maven/Maven3.2.2/local/repo/com/yonyou/iuap/iuap-jdbc/3.0.0-RELEASE/iuap-jdbc-3.0.0-RELEASE.jar!/com/yonyou/iuap/persistence/bs/mw/sqltrans/TransUnit.class]
10:20:58.220 [] [] [main] TRACE o.s.c.a.ClassPathBeanDefinitionScanner - Scanning URL [jar:file:/D:/devtool/repository/Maven/Maven3.2.2/local/repo/com/yonyou/iuap/iuap-jdbc/3.0.0-RELEASE/iuap-jdbc-3.0.0-RELEASE.jar!/com/yonyou/iuap/persistence/bs/util/DBMetaHelper$ColCache.class]
10:20:58.220 [] [] [main] TRACE o.s.c.a.ClassPathBeanDefinitionScanner - Ignored because not matching any filter: URL [jar:file:/D:/devtool/repository/Maven/Maven3.2.2/local/repo/com/yonyou/iuap/iuap-jdbc/3.0.0-RELEASE/iuap-jdbc-3.0.0-RELEASE.jar!/com/yonyou/iuap/persistence/bs/util/DBMetaHelper$ColCache.class]
10:20:58.220 [] [] [main] TRACE o.s.c.a.ClassPathBeanDefinitionScanner - Scanning URL [jar:file:/D:/devtool/repository/Maven/Maven3.2.2/local/repo/com/yonyou/iuap/iuap-jdbc/3.0.0-RELEASE/iuap-jdbc-3.0.0-RELEASE.jar!/com/yonyou/iuap/persistence/bs/util/DBMetaHelper.class]
10:20:58.221 [] [] [main] TRACE o.s.c.a.ClassPathBeanDefinitionScanner - Ignored because not matching any filter: URL [jar:file:/D:/devtool/repository/Maven/Maven3.2.2/local/repo/com/yonyou/iuap/iuap-jdbc/3.0.0-RELEASE/iuap-jdbc-3.0.0-RELEASE.jar!/com/yonyou/iuap/persistence/bs/util/DBMetaHelper.class]
10:20:58.221 [] [] [main] TRACE o.s.c.a.ClassPathBeanDefinitionScanner - Scanning URL [jar:file:/D:/devtool/repository/Maven/Maven3.2.2/local/repo/com/yonyou/iuap/iuap-jdbc/3.0.0-RELEASE/iuap-jdbc-3.0.0-RELEASE.jar!/com/yonyou/iuap/persistence/itf/uap/IUAPQueryBS.class]
10:20:58.221 [] [] [main] TRACE o.s.c.a.ClassPathBeanDefinitionScanner - Ignored because not matching any filter: URL [jar:file:/D:/devtool/repository/Maven/Maven3.2.2/local/repo/com/yonyou/iuap/iuap-jdbc/3.0.0-RELEASE/iuap-jdbc-3.0.0-RELEASE.jar!/com/yonyou/iuap/persistence/itf/uap/IUAPQueryBS.class]
10:20:58.221 [] [] [main] TRACE o.s.c.a.ClassPathBeanDefinitionScanner - Scanning URL [jar:file:/D:/devtool/repository/Maven/Maven3.2.2/local/repo/com/yonyou/iuap/iuap-jdbc/3.0.0-RELEASE/iuap-jdbc-3.0.0-RELEASE.jar!/com/yonyou/iuap/persistence/itf/uap/IVOPersistence.class]
10:20:58.221 [] [] [main] TRACE o.s.c.a.ClassPathBeanDefinitionScanner - Ignored because not matching any filter: URL [jar:file:/D:/devtool/repository/Maven/Maven3.2.2/local/repo/com/yonyou/iuap/iuap-jdbc/3.0.0-RELEASE/iuap-jdbc-3.0.0-RELEASE.jar!/com/yonyou/iuap/persistence/itf/uap/IVOPersistence.class]
10:20:58.221 [] [] [main] TRACE o.s.c.a.ClassPathBeanDefinitionScanner - Scanning URL [jar:file:/D:/devtool/repository/Maven/Maven3.2.2/local/repo/com/yonyou/iuap/iuap-jdbc/3.0.0-RELEASE/iuap-jdbc-3.0.0-RELEASE.jar!/com/yonyou/iuap/persistence/jdbc/framework/AbstractJdbcPersistenceManager$1.class]
10:20:58.222 [] [] [main] TRACE o.s.c.a.ClassPathBeanDefinitionScanner - Ignored because not matching any filter: URL [jar:file:/D:/devtool/repository/Maven/Maven3.2.2/local/repo/com/yonyou/iuap/iuap-jdbc/3.0.0-RELEASE/iuap-jdbc-3.0.0-RELEASE.jar!/com/yonyou/iuap/persistence/jdbc/framework/AbstractJdbcPersistenceManager$1.class]
10:20:58.222 [] [] [main] TRACE o.s.c.a.ClassPathBeanDefinitionScanner - Scanning URL [jar:file:/D:/devtool/repository/Maven/Maven3.2.2/local/repo/com/yonyou/iuap/iuap-jdbc/3.0.0-RELEASE/iuap-jdbc-3.0.0-RELEASE.jar!/com/yonyou/iuap/persistence/jdbc/framework/AbstractJdbcPersistenceManager$2.class]
10:20:58.222 [] [] [main] TRACE o.s.c.a.ClassPathBeanDefinitionScanner - Ignored because not matching any filter: URL [jar:file:/D:/devtool/repository/Maven/Maven3.2.2/local/repo/com/yonyou/iuap/iuap-jdbc/3.0.0-RELEASE/iuap-jdbc-3.0.0-RELEASE.jar!/com/yonyou/iuap/persistence/jdbc/framework/AbstractJdbcPersistenceManager$2.class]
10:20:58.222 [] [] [main] TRACE o.s.c.a.ClassPathBeanDefinitionScanner - Scanning URL [jar:file:/D:/devtool/repository/Maven/Maven3.2.2/local/repo/com/yonyou/iuap/iuap-jdbc/3.0.0-RELEASE/iuap-jdbc-3.0.0-RELEASE.jar!/com/yonyou/iuap/persistence/jdbc/framework/AbstractJdbcPersistenceManager.class]
10:20:58.223 [] [] [main] TRACE o.s.c.a.ClassPathBeanDefinitionScanner - Ignored because not matching any filter: URL [jar:file:/D:/devtool/repository/Maven/Maven3.2.2/local/repo/com/yonyou/iuap/iuap-jdbc/3.0.0-RELEASE/iuap-jdbc-3.0.0-RELEASE.jar!/com/yonyou/iuap/persistence/jdbc/framework/AbstractJdbcPersistenceManager.class]
10:20:58.223 [] [] [main] TRACE o.s.c.a.ClassPathBeanDefinitionScanner - Scanning URL [jar:file:/D:/devtool/repository/Maven/Maven3.2.2/local/repo/com/yonyou/iuap/iuap-jdbc/3.0.0-RELEASE/iuap-jdbc-3.0.0-RELEASE.jar!/com/yonyou/iuap/persistence/jdbc/framework/annotation/Column.class]
10:20:58.224 [] [] [main] TRACE o.s.c.a.ClassPathBeanDefinitionScanner - Ignored because not matching any filter: URL [jar:file:/D:/devtool/repository/Maven/Maven3.2.2/local/repo/com/yonyou/iuap/iuap-jdbc/3.0.0-RELEASE/iuap-jdbc-3.0.0-RELEASE.jar!/com/yonyou/iuap/persistence/jdbc/framework/annotation/Column.class]
10:20:58.224 [] [] [main] TRACE o.s.c.a.ClassPathBeanDefinitionScanner - Scanning URL [jar:file:/D:/devtool/repository/Maven/Maven3.2.2/local/repo/com/yonyou/iuap/iuap-jdbc/3.0.0-RELEASE/iuap-jdbc-3.0.0-RELEASE.jar!/com/yonyou/iuap/persistence/jdbc/framework/annotation/Entity.class]
10:20:58.224 [] [] [main] TRACE o.s.c.a.ClassPathBeanDefinitionScanner - Ignored because not matching any filter: URL [jar:file:/D:/devtool/repository/Maven/Maven3.2.2/local/repo/com/yonyou/iuap/iuap-jdbc/3.0.0-RELEASE/iuap-jdbc-3.0.0-RELEASE.jar!/com/yonyou/iuap/persistence/jdbc/framework/annotation/Entity.class]
10:20:58.224 [] [] [main] TRACE o.s.c.a.ClassPathBeanDefinitionScanner - Scanning URL [jar:file:/D:/devtool/repository/Maven/Maven3.2.2/local/repo/com/yonyou/iuap/iuap-jdbc/3.0.0-RELEASE/iuap-jdbc-3.0.0-RELEASE.jar!/com/yonyou/iuap/persistence/jdbc/framework/annotation/FK.class]
10:20:58.225 [] [] [main] TRACE o.s.c.a.ClassPathBeanDefinitionScanner - Ignored because not matching any filter: URL [jar:file:/D:/devtool/repository/Maven/Maven3.2.2/local/repo/com/yonyou/iuap/iuap-jdbc/3.0.0-RELEASE/iuap-jdbc-3.0.0-RELEASE.jar!/com/yonyou/iuap/persistence/jdbc/framework/annotation/FK.class]
10:20:58.225 [] [] [main] TRACE o.s.c.a.ClassPathBeanDefinitionScanner - Scanning URL [jar:file:/D:/devtool/repository/Maven/Maven3.2.2/local/repo/com/yonyou/iuap/iuap-jdbc/3.0.0-RELEASE/iuap-jdbc-3.0.0-RELEASE.jar!/com/yonyou/iuap/persistence/jdbc/framework/annotation/GeneratedValue.class]
10:20:58.225 [] [] [main] TRACE o.s.c.a.ClassPathBeanDefinitionScanner - Ignored because not matching any filter: URL [jar:file:/D:/devtool/repository/Maven/Maven3.2.2/local/repo/com/yonyou/iuap/iuap-jdbc/3.0.0-RELEASE/iuap-jdbc-3.0.0-RELEASE.jar!/com/yonyou/iuap/persistence/jdbc/framework/annotation/GeneratedValue.class]
10:20:58.225 [] [] [main] TRACE o.s.c.a.ClassPathBeanDefinitionScanner - Scanning URL [jar:file:/D:/devtool/repository/Maven/Maven3.2.2/local/repo/com/yonyou/iuap/iuap-jdbc/3.0.0-RELEASE/iuap-jdbc-3.0.0-RELEASE.jar!/com/yonyou/iuap/persistence/jdbc/framework/annotation/Id.class]
10:20:58.226 [] [] [main] TRACE o.s.c.a.ClassPathBeanDefinitionScanner - Ignored because not matching any filter: URL [jar:file:/D:/devtool/repository/Maven/Maven3.2.2/local/repo/com/yonyou/iuap/iuap-jdbc/3.0.0-RELEASE/iuap-jdbc-3.0.0-RELEASE.jar!/com/yonyou/iuap/persistence/jdbc/framework/annotation/Id.class]
10:20:58.226 [] [] [main] TRACE o.s.c.a.ClassPathBeanDefinitionScanner - Scanning URL [jar:file:/D:/devtool/repository/Maven/Maven3.2.2/local/repo/com/yonyou/iuap/iuap-jdbc/3.0.0-RELEASE/iuap-jdbc-3.0.0-RELEASE.jar!/com/yonyou/iuap/persistence/jdbc/framework/annotation/OneToMany.class]
10:20:58.226 [] [] [main] TRACE o.s.c.a.ClassPathBeanDefinitionScanner - Ignored because not matching any filter: URL [jar:file:/D:/devtool/repository/Maven/Maven3.2.2/local/repo/com/yonyou/iuap/iuap-jdbc/3.0.0-RELEASE/iuap-jdbc-3.0.0-RELEASE.jar!/com/yonyou/iuap/persistence/jdbc/framework/annotation/OneToMany.class]
10:20:58.226 [] [] [main] TRACE o.s.c.a.ClassPathBeanDefinitionScanner - Scanning URL [jar:file:/D:/devtool/repository/Maven/Maven3.2.2/local/repo/com/yonyou/iuap/iuap-jdbc/3.0.0-RELEASE/iuap-jdbc-3.0.0-RELEASE.jar!/com/yonyou/iuap/persistence/jdbc/framework/annotation/Stragegy.class]
10:20:58.226 [] [] [main] TRACE o.s.c.a.ClassPathBeanDefinitionScanner - Ignored because not matching any filter: URL [jar:file:/D:/devtool/repository/Maven/Maven3.2.2/local/repo/com/yonyou/iuap/iuap-jdbc/3.0.0-RELEASE/iuap-jdbc-3.0.0-RELEASE.jar!/com/yonyou/iuap/persistence/jdbc/framework/annotation/Stragegy.class]
10:20:58.226 [] [] [main] TRACE o.s.c.a.ClassPathBeanDefinitionScanner - Scanning URL [jar:file:/D:/devtool/repository/Maven/Maven3.2.2/local/repo/com/yonyou/iuap/iuap-jdbc/3.0.0-RELEASE/iuap-jdbc-3.0.0-RELEASE.jar!/com/yonyou/iuap/persistence/jdbc/framework/annotation/Table.class]
10:20:58.227 [] [] [main] TRACE o.s.c.a.ClassPathBeanDefinitionScanner - Ignored because not matching any filter: URL [jar:file:/D:/devtool/repository/Maven/Maven3.2.2/local/repo/com/yonyou/iuap/iuap-jdbc/3.0.0-RELEASE/iuap-jdbc-3.0.0-RELEASE.jar!/com/yonyou/iuap/persistence/jdbc/framework/annotation/Table.class]
10:20:58.227 [] [] [main] TRACE o.s.c.a.ClassPathBeanDefinitionScanner - Scanning URL [jar:file:/D:/devtool/repository/Maven/Maven3.2.2/local/repo/com/yonyou/iuap/iuap-jdbc/3.0.0-RELEASE/iuap-jdbc-3.0.0-RELEASE.jar!/com/yonyou/iuap/persistence/jdbc/framework/crossdb/adapter/Adapter.class]
10:20:58.227 [] [] [main] TRACE o.s.c.a.ClassPathBeanDefinitionScanner - Ignored because not matching any filter: URL [jar:file:/D:/devtool/repository/Maven/Maven3.2.2/local/repo/com/yonyou/iuap/iuap-jdbc/3.0.0-RELEASE/iuap-jdbc-3.0.0-RELEASE.jar!/com/yonyou/iuap/persistence/jdbc/framework/crossdb/adapter/Adapter.class]
10:20:58.227 [] [] [main] TRACE o.s.c.a.ClassPathBeanDefinitionScanner - Scanning URL [jar:file:/D:/devtool/repository/Maven/Maven3.2.2/local/repo/com/yonyou/iuap/iuap-jdbc/3.0.0-RELEASE/iuap-jdbc-3.0.0-RELEASE.jar!/com/yonyou/iuap/persistence/jdbc/framework/crossdb/adapter/AdapterFactory.class]
10:20:58.227 [] [] [main] TRACE o.s.c.a.ClassPathBeanDefinitionScanner - Ignored because not matching any filter: URL [jar:file:/D:/devtool/repository/Maven/Maven3.2.2/local/repo/com/yonyou/iuap/iuap-jdbc/3.0.0-RELEASE/iuap-jdbc-3.0.0-RELEASE.jar!/com/yonyou/iuap/persistence/jdbc/framework/crossdb/adapter/AdapterFactory.class]
10:20:58.227 [] [] [main] TRACE o.s.c.a.ClassPathBeanDefinitionScanner - Scanning URL [jar:file:/D:/devtool/repository/Maven/Maven3.2.2/local/repo/com/yonyou/iuap/iuap-jdbc/3.0.0-RELEASE/iuap-jdbc-3.0.0-RELEASE.jar!/com/yonyou/iuap/persistence/jdbc/framework/crossdb/adapter/AlcedoAdapter.class]
10:20:58.228 [] [] [main] TRACE o.s.c.a.ClassPathBeanDefinitionScanner - Ignored because not matching any filter: URL [jar:file:/D:/devtool/repository/Maven/Maven3.2.2/local/repo/com/yonyou/iuap/iuap-jdbc/3.0.0-RELEASE/iuap-jdbc-3.0.0-RELEASE.jar!/com/yonyou/iuap/persistence/jdbc/framework/crossdb/adapter/AlcedoAdapter.class]
10:20:58.228 [] [] [main] TRACE o.s.c.a.ClassPathBeanDefinitionScanner - Scanning URL [jar:file:/D:/devtool/repository/Maven/Maven3.2.2/local/repo/com/yonyou/iuap/iuap-jdbc/3.0.0-RELEASE/iuap-jdbc-3.0.0-RELEASE.jar!/com/yonyou/iuap/persistence/jdbc/framework/crossdb/adapter/BaseAdapter.class]
10:20:58.228 [] [] [main] TRACE o.s.c.a.ClassPathBeanDefinitionScanner - Ignored because not matching any filter: URL [jar:file:/D:/devtool/repository/Maven/Maven3.2.2/local/repo/com/yonyou/iuap/iuap-jdbc/3.0.0-RELEASE/iuap-jdbc-3.0.0-RELEASE.jar!/com/yonyou/iuap/persistence/jdbc/framework/crossdb/adapter/BaseAdapter.class]
10:20:58.228 [] [] [main] TRACE o.s.c.a.ClassPathBeanDefinitionScanner - Scanning URL [jar:file:/D:/devtool/repository/Maven/Maven3.2.2/local/repo/com/yonyou/iuap/iuap-jdbc/3.0.0-RELEASE/iuap-jdbc-3.0.0-RELEASE.jar!/com/yonyou/iuap/persistence/jdbc/framework/crossdb/adapter/DB2Adapter.class]
10:20:58.228 [] [] [main] TRACE o.s.c.a.ClassPathBeanDefinitionScanner - Ignored because not matching any filter: URL [jar:file:/D:/devtool/repository/Maven/Maven3.2.2/local/repo/com/yonyou/iuap/iuap-jdbc/3.0.0-RELEASE/iuap-jdbc-3.0.0-RELEASE.jar!/com/yonyou/iuap/persistence/jdbc/framework/crossdb/adapter/DB2Adapter.class]
10:20:58.229 [] [] [main] TRACE o.s.c.a.ClassPathBeanDefinitionScanner - Scanning URL [jar:file:/D:/devtool/repository/Maven/Maven3.2.2/local/repo/com/yonyou/iuap/iuap-jdbc/3.0.0-RELEASE/iuap-jdbc-3.0.0-RELEASE.jar!/com/yonyou/iuap/persistence/jdbc/framework/crossdb/adapter/GbaseAdapter.class]
10:20:58.229 [] [] [main] TRACE o.s.c.a.ClassPathBeanDefinitionScanner - Ignored because not matching any filter: URL [jar:file:/D:/devtool/repository/Maven/Maven3.2.2/local/repo/com/yonyou/iuap/iuap-jdbc/3.0.0-RELEASE/iuap-jdbc-3.0.0-RELEASE.jar!/com/yonyou/iuap/persistence/jdbc/framework/crossdb/adapter/GbaseAdapter.class]
10:20:58.229 [] [] [main] TRACE o.s.c.a.ClassPathBeanDefinitionScanner - Scanning URL [jar:file:/D:/devtool/repository/Maven/Maven3.2.2/local/repo/com/yonyou/iuap/iuap-jdbc/3.0.0-RELEASE/iuap-jdbc-3.0.0-RELEASE.jar!/com/yonyou/iuap/persistence/jdbc/framework/crossdb/adapter/MySQLAdapter.class]
10:20:58.229 [] [] [main] TRACE o.s.c.a.ClassPathBeanDefinitionScanner - Ignored because not matching any filter: URL [jar:file:/D:/devtool/repository/Maven/Maven3.2.2/local/repo/com/yonyou/iuap/iuap-jdbc/3.0.0-RELEASE/iuap-jdbc-3.0.0-RELEASE.jar!/com/yonyou/iuap/persistence/jdbc/framework/crossdb/adapter/MySQLAdapter.class]
10:20:58.229 [] [] [main] TRACE o.s.c.a.ClassPathBeanDefinitionScanner - Scanning URL [jar:file:/D:/devtool/repository/Maven/Maven3.2.2/local/repo/com/yonyou/iuap/iuap-jdbc/3.0.0-RELEASE/iuap-jdbc-3.0.0-RELEASE.jar!/com/yonyou/iuap/persistence/jdbc/framework/crossdb/adapter/OracleAdapter.class]
10:20:58.230 [] [] [main] TRACE o.s.c.a.ClassPathBeanDefinitionScanner - Ignored because not matching any filter: URL [jar:file:/D:/devtool/repository/Maven/Maven3.2.2/local/repo/com/yonyou/iuap/iuap-jdbc/3.0.0-RELEASE/iuap-jdbc-3.0.0-RELEASE.jar!/com/yonyou/iuap/persistence/jdbc/framework/crossdb/adapter/OracleAdapter.class]
10:20:58.230 [] [] [main] TRACE o.s.c.a.ClassPathBeanDefinitionScanner - Scanning URL [jar:file:/D:/devtool/repository/Maven/Maven3.2.2/local/repo/com/yonyou/iuap/iuap-jdbc/3.0.0-RELEASE/iuap-jdbc-3.0.0-RELEASE.jar!/com/yonyou/iuap/persistence/jdbc/framework/crossdb/adapter/PostgresAdapter.class]
10:20:58.230 [] [] [main] TRACE o.s.c.a.ClassPathBeanDefinitionScanner - Ignored because not matching any filter: URL [jar:file:/D:/devtool/repository/Maven/Maven3.2.2/local/repo/com/yonyou/iuap/iuap-jdbc/3.0.0-RELEASE/iuap-jdbc-3.0.0-RELEASE.jar!/com/yonyou/iuap/persistence/jdbc/framework/crossdb/adapter/PostgresAdapter.class]
10:20:58.230 [] [] [main] TRACE o.s.c.a.ClassPathBeanDefinitionScanner - Scanning URL [jar:file:/D:/devtool/repository/Maven/Maven3.2.2/local/repo/com/yonyou/iuap/iuap-jdbc/3.0.0-RELEASE/iuap-jdbc-3.0.0-RELEASE.jar!/com/yonyou/iuap/persistence/jdbc/framework/crossdb/adapter/SQLServerAdapter.class]
10:20:58.230 [] [] [main] TRACE o.s.c.a.ClassPathBeanDefinitionScanner - Ignored because not matching any filter: URL [jar:file:/D:/devtool/repository/Maven/Maven3.2.2/local/repo/com/yonyou/iuap/iuap-jdbc/3.0.0-RELEASE/iuap-jdbc-3.0.0-RELEASE.jar!/com/yonyou/iuap/persistence/jdbc/framework/crossdb/adapter/SQLServerAdapter.class]
10:20:58.230 [] [] [main] TRACE o.s.c.a.ClassPathBeanDefinitionScanner - Scanning URL [jar:file:/D:/devtool/repository/Maven/Maven3.2.2/local/repo/com/yonyou/iuap/iuap-jdbc/3.0.0-RELEASE/iuap-jdbc-3.0.0-RELEASE.jar!/com/yonyou/iuap/persistence/jdbc/framework/crossdb/CrossDBConnection.class]
10:20:58.231 [] [] [main] TRACE o.s.c.a.ClassPathBeanDefinitionScanner - Ignored because not matching any filter: URL [jar:file:/D:/devtool/repository/Maven/Maven3.2.2/local/repo/com/yonyou/iuap/iuap-jdbc/3.0.0-RELEASE/iuap-jdbc-3.0.0-RELEASE.jar!/com/yonyou/iuap/persistence/jdbc/framework/crossdb/CrossDBConnection.class]
10:20:58.231 [] [] [main] TRACE o.s.c.a.ClassPathBeanDefinitionScanner - Scanning URL [jar:file:/D:/devtool/repository/Maven/Maven3.2.2/local/repo/com/yonyou/iuap/iuap-jdbc/3.0.0-RELEASE/iuap-jdbc-3.0.0-RELEASE.jar!/com/yonyou/iuap/persistence/jdbc/framework/crossdb/CrossDBHints.class]
10:20:58.231 [] [] [main] TRACE o.s.c.a.ClassPathBeanDefinitionScanner - Ignored because not matching any filter: URL [jar:file:/D:/devtool/repository/Maven/Maven3.2.2/local/repo/com/yonyou/iuap/iuap-jdbc/3.0.0-RELEASE/iuap-jdbc-3.0.0-RELEASE.jar!/com/yonyou/iuap/persistence/jdbc/framework/crossdb/CrossDBHints.class]
10:20:58.231 [] [] [main] TRACE o.s.c.a.ClassPathBeanDefinitionScanner - Scanning URL [jar:file:/D:/devtool/repository/Maven/Maven3.2.2/local/repo/com/yonyou/iuap/iuap-jdbc/3.0.0-RELEASE/iuap-jdbc-3.0.0-RELEASE.jar!/com/yonyou/iuap/persistence/jdbc/framework/crossdb/CrossDBObject.class]
10:20:58.232 [] [] [main] TRACE o.s.c.a.ClassPathBeanDefinitionScanner - Ignored because not matching any filter: URL [jar:file:/D:/devtool/repository/Maven/Maven3.2.2/local/repo/com/yonyou/iuap/iuap-jdbc/3.0.0-RELEASE/iuap-jdbc-3.0.0-RELEASE.jar!/com/yonyou/iuap/persistence/jdbc/framework/crossdb/CrossDBObject.class]
10:20:58.232 [] [] [main] TRACE o.s.c.a.ClassPathBeanDefinitionScanner - Scanning URL [jar:file:/D:/devtool/repository/Maven/Maven3.2.2/local/repo/com/yonyou/iuap/iuap-jdbc/3.0.0-RELEASE/iuap-jdbc-3.0.0-RELEASE.jar!/com/yonyou/iuap/persistence/jdbc/framework/crossdb/CrossDBPreparedStatement.class]
10:20:58.233 [] [] [main] TRACE o.s.c.a.ClassPathBeanDefinitionScanner - Ignored because not matching any filter: URL [jar:file:/D:/devtool/repository/Maven/Maven3.2.2/local/repo/com/yonyou/iuap/iuap-jdbc/3.0.0-RELEASE/iuap-jdbc-3.0.0-RELEASE.jar!/com/yonyou/iuap/persistence/jdbc/framework/crossdb/CrossDBPreparedStatement.class]
10:20:58.233 [] [] [main] TRACE o.s.c.a.ClassPathBeanDefinitionScanner - Scanning URL [jar:file:/D:/devtool/repository/Maven/Maven3.2.2/local/repo/com/yonyou/iuap/iuap-jdbc/3.0.0-RELEASE/iuap-jdbc-3.0.0-RELEASE.jar!/com/yonyou/iuap/persistence/jdbc/framework/crossdb/CrossDBResultSet.class]
10:20:58.234 [] [] [main] TRACE o.s.c.a.ClassPathBeanDefinitionScanner - Ignored because not matching any filter: URL [jar:file:/D:/devtool/repository/Maven/Maven3.2.2/local/repo/com/yonyou/iuap/iuap-jdbc/3.0.0-RELEASE/iuap-jdbc-3.0.0-RELEASE.jar!/com/yonyou/iuap/persistence/jdbc/framework/crossdb/CrossDBResultSet.class]
10:20:58.234 [] [] [main] TRACE o.s.c.a.ClassPathBeanDefinitionScanner - Scanning URL [jar:file:/D:/devtool/repository/Maven/Maven3.2.2/local/repo/com/yonyou/iuap/iuap-jdbc/3.0.0-RELEASE/iuap-jdbc-3.0.0-RELEASE.jar!/com/yonyou/iuap/persistence/jdbc/framework/crossdb/CrossDBResultSetMetaData.class]
10:20:58.234 [] [] [main] TRACE o.s.c.a.ClassPathBeanDefinitionScanner - Ignored because not matching any filter: URL [jar:file:/D:/devtool/repository/Maven/Maven3.2.2/local/repo/com/yonyou/iuap/iuap-jdbc/3.0.0-RELEASE/iuap-jdbc-3.0.0-RELEASE.jar!/com/yonyou/iuap/persistence/jdbc/framework/crossdb/CrossDBResultSetMetaData.class]
10:20:58.234 [] [] [main] TRACE o.s.c.a.ClassPathBeanDefinitionScanner - Scanning URL [jar:file:/D:/devtool/repository/Maven/Maven3.2.2/local/repo/com/yonyou/iuap/iuap-jdbc/3.0.0-RELEASE/iuap-jdbc-3.0.0-RELEASE.jar!/com/yonyou/iuap/persistence/jdbc/framework/crossdb/CrossDBSQLException.class]
10:20:58.234 [] [] [main] TRACE o.s.c.a.ClassPathBeanDefinitionScanner - Ignored because not matching any filter: URL [jar:file:/D:/devtool/repository/Maven/Maven3.2.2/local/repo/com/yonyou/iuap/iuap-jdbc/3.0.0-RELEASE/iuap-jdbc-3.0.0-RELEASE.jar!/com/yonyou/iuap/persistence/jdbc/framework/crossdb/CrossDBSQLException.class]
10:20:58.234 [] [] [main] TRACE o.s.c.a.ClassPathBeanDefinitionScanner - Scanning URL [jar:file:/D:/devtool/repository/Maven/Maven3.2.2/local/repo/com/yonyou/iuap/iuap-jdbc/3.0.0-RELEASE/iuap-jdbc-3.0.0-RELEASE.jar!/com/yonyou/iuap/persistence/jdbc/framework/crossdb/CrossDBStatement.class]
10:20:58.235 [] [] [main] TRACE o.s.c.a.ClassPathBeanDefinitionScanner - Ignored because not matching any filter: URL [jar:file:/D:/devtool/repository/Maven/Maven3.2.2/local/repo/com/yonyou/iuap/iuap-jdbc/3.0.0-RELEASE/iuap-jdbc-3.0.0-RELEASE.jar!/com/yonyou/iuap/persistence/jdbc/framework/crossdb/CrossDBStatement.class]
10:20:58.235 [] [] [main] TRACE o.s.c.a.ClassPathBeanDefinitionScanner - Scanning URL [jar:file:/D:/devtool/repository/Maven/Maven3.2.2/local/repo/com/yonyou/iuap/iuap-jdbc/3.0.0-RELEASE/iuap-jdbc-3.0.0-RELEASE.jar!/com/yonyou/iuap/persistence/jdbc/framework/crossdb/ExceptionFactory.class]
10:20:58.235 [] [] [main] TRACE o.s.c.a.ClassPathBeanDefinitionScanner - Ignored because not matching any filter: URL [jar:file:/D:/devtool/repository/Maven/Maven3.2.2/local/repo/com/yonyou/iuap/iuap-jdbc/3.0.0-RELEASE/iuap-jdbc-3.0.0-RELEASE.jar!/com/yonyou/iuap/persistence/jdbc/framework/crossdb/ExceptionFactory.class]
10:20:58.235 [] [] [main] TRACE o.s.c.a.ClassPathBeanDefinitionScanner - Scanning URL [jar:file:/D:/devtool/repository/Maven/Maven3.2.2/local/repo/com/yonyou/iuap/iuap-jdbc/3.0.0-RELEASE/iuap-jdbc-3.0.0-RELEASE.jar!/com/yonyou/iuap/persistence/jdbc/framework/crossdb/ExcessMaxRowException.class]
10:20:58.236 [] [] [main] TRACE o.s.c.a.ClassPathBeanDefinitionScanner - Ignored because not matching any filter: URL [jar:file:/D:/devtool/repository/Maven/Maven3.2.2/local/repo/com/yonyou/iuap/iuap-jdbc/3.0.0-RELEASE/iuap-jdbc-3.0.0-RELEASE.jar!/com/yonyou/iuap/persistence/jdbc/framework/crossdb/ExcessMaxRowException.class]
10:20:58.236 [] [] [main] TRACE o.s.c.a.ClassPathBeanDefinitionScanner - Scanning URL [jar:file:/D:/devtool/repository/Maven/Maven3.2.2/local/repo/com/yonyou/iuap/iuap-jdbc/3.0.0-RELEASE/iuap-jdbc-3.0.0-RELEASE.jar!/com/yonyou/iuap/persistence/jdbc/framework/crossdb/Messages.class]
10:20:58.236 [] [] [main] TRACE o.s.c.a.ClassPathBeanDefinitionScanner - Ignored because not matching any filter: URL [jar:file:/D:/devtool/repository/Maven/Maven3.2.2/local/repo/com/yonyou/iuap/iuap-jdbc/3.0.0-RELEASE/iuap-jdbc-3.0.0-RELEASE.jar!/com/yonyou/iuap/persistence/jdbc/framework/crossdb/Messages.class]
10:20:58.236 [] [] [main] TRACE o.s.c.a.ClassPathBeanDefinitionScanner - Scanning URL [jar:file:/D:/devtool/repository/Maven/Maven3.2.2/local/repo/com/yonyou/iuap/iuap-jdbc/3.0.0-RELEASE/iuap-jdbc-3.0.0-RELEASE.jar!/com/yonyou/iuap/persistence/jdbc/framework/crossdb/SQLCache.class]
10:20:58.236 [] [] [main] TRACE o.s.c.a.ClassPathBeanDefinitionScanner - Ignored because not matching any filter: URL [jar:file:/D:/devtool/repository/Maven/Maven3.2.2/local/repo/com/yonyou/iuap/iuap-jdbc/3.0.0-RELEASE/iuap-jdbc-3.0.0-RELEASE.jar!/com/yonyou/iuap/persistence/jdbc/framework/crossdb/SQLCache.class]
10:20:58.236 [] [] [main] TRACE o.s.c.a.ClassPathBeanDefinitionScanner - Scanning URL [jar:file:/D:/devtool/repository/Maven/Maven3.2.2/local/repo/com/yonyou/iuap/iuap-jdbc/3.0.0-RELEASE/iuap-jdbc-3.0.0-RELEASE.jar!/com/yonyou/iuap/persistence/jdbc/framework/crossdb/SQLStruct.class]
10:20:58.237 [] [] [main] TRACE o.s.c.a.ClassPathBeanDefinitionScanner - Ignored because not matching any filter: URL [jar:file:/D:/devtool/repository/Maven/Maven3.2.2/local/repo/com/yonyou/iuap/iuap-jdbc/3.0.0-RELEASE/iuap-jdbc-3.0.0-RELEASE.jar!/com/yonyou/iuap/persistence/jdbc/framework/crossdb/SQLStruct.class]
10:20:58.237 [] [] [main] TRACE o.s.c.a.ClassPathBeanDefinitionScanner - Scanning URL [jar:file:/D:/devtool/repository/Maven/Maven3.2.2/local/repo/com/yonyou/iuap/iuap-jdbc/3.0.0-RELEASE/iuap-jdbc-3.0.0-RELEASE.jar!/com/yonyou/iuap/persistence/jdbc/framework/crossdb/temptable/DB2TempTableCreator.class]
10:20:58.237 [] [] [main] TRACE o.s.c.a.ClassPathBeanDefinitionScanner - Ignored because not matching any filter: URL [jar:file:/D:/devtool/repository/Maven/Maven3.2.2/local/repo/com/yonyou/iuap/iuap-jdbc/3.0.0-RELEASE/iuap-jdbc-3.0.0-RELEASE.jar!/com/yonyou/iuap/persistence/jdbc/framework/crossdb/temptable/DB2TempTableCreator.class]
10:20:58.237 [] [] [main] TRACE o.s.c.a.ClassPathBeanDefinitionScanner - Scanning URL [jar:file:/D:/devtool/repository/Maven/Maven3.2.2/local/repo/com/yonyou/iuap/iuap-jdbc/3.0.0-RELEASE/iuap-jdbc-3.0.0-RELEASE.jar!/com/yonyou/iuap/persistence/jdbc/framework/crossdb/temptable/GbaseTempTableCreator.class]
10:20:58.237 [] [] [main] TRACE o.s.c.a.ClassPathBeanDefinitionScanner - Ignored because not matching any filter: URL [jar:file:/D:/devtool/repository/Maven/Maven3.2.2/local/repo/com/yonyou/iuap/iuap-jdbc/3.0.0-RELEASE/iuap-jdbc-3.0.0-RELEASE.jar!/com/yonyou/iuap/persistence/jdbc/framework/crossdb/temptable/GbaseTempTableCreator.class]
10:20:58.238 [] [] [main] TRACE o.s.c.a.ClassPathBeanDefinitionScanner - Scanning URL [jar:file:/D:/devtool/repository/Maven/Maven3.2.2/local/repo/com/yonyou/iuap/iuap-jdbc/3.0.0-RELEASE/iuap-jdbc-3.0.0-RELEASE.jar!/com/yonyou/iuap/persistence/jdbc/framework/crossdb/temptable/OracleTempTableCreator.class]
10:20:58.238 [] [] [main] TRACE o.s.c.a.ClassPathBeanDefinitionScanner - Ignored because not matching any filter: URL [jar:file:/D:/devtool/repository/Maven/Maven3.2.2/local/repo/com/yonyou/iuap/iuap-jdbc/3.0.0-RELEASE/iuap-jdbc-3.0.0-RELEASE.jar!/com/yonyou/iuap/persistence/jdbc/framework/crossdb/temptable/OracleTempTableCreator.class]
10:20:58.238 [] [] [main] TRACE o.s.c.a.ClassPathBeanDefinitionScanner - Scanning URL [jar:file:/D:/devtool/repository/Maven/Maven3.2.2/local/repo/com/yonyou/iuap/iuap-jdbc/3.0.0-RELEASE/iuap-jdbc-3.0.0-RELEASE.jar!/com/yonyou/iuap/persistence/jdbc/framework/crossdb/temptable/PostgreSQLTempTableCreator.class]
10:20:58.238 [] [] [main] TRACE o.s.c.a.ClassPathBeanDefinitionScanner - Ignored because not matching any filter: URL [jar:file:/D:/devtool/repository/Maven/Maven3.2.2/local/repo/com/yonyou/iuap/iuap-jdbc/3.0.0-RELEASE/iuap-jdbc-3.0.0-RELEASE.jar!/com/yonyou/iuap/persistence/jdbc/framework/crossdb/temptable/PostgreSQLTempTableCreator.class]
10:20:58.238 [] [] [main] TRACE o.s.c.a.ClassPathBeanDefinitionScanner - Scanning URL [jar:file:/D:/devtool/repository/Maven/Maven3.2.2/local/repo/com/yonyou/iuap/iuap-jdbc/3.0.0-RELEASE/iuap-jdbc-3.0.0-RELEASE.jar!/com/yonyou/iuap/persistence/jdbc/framework/crossdb/temptable/SQLServerTempTableCreator.class]
10:20:58.239 [] [] [main] TRACE o.s.c.a.ClassPathBeanDefinitionScanner - Ignored because not matching any filter: URL [jar:file:/D:/devtool/repository/Maven/Maven3.2.2/local/repo/com/yonyou/iuap/iuap-jdbc/3.0.0-RELEASE/iuap-jdbc-3.0.0-RELEASE.jar!/com/yonyou/iuap/persistence/jdbc/framework/crossdb/temptable/SQLServerTempTableCreator.class]
10:20:58.239 [] [] [main] TRACE o.s.c.a.ClassPathBeanDefinitionScanner - Scanning URL [jar:file:/D:/devtool/repository/Maven/Maven3.2.2/local/repo/com/yonyou/iuap/iuap-jdbc/3.0.0-RELEASE/iuap-jdbc-3.0.0-RELEASE.jar!/com/yonyou/iuap/persistence/jdbc/framework/crossdb/temptable/TempTableCreator.class]
10:20:58.239 [] [] [main] TRACE o.s.c.a.ClassPathBeanDefinitionScanner - Ignored because not matching any filter: URL [jar:file:/D:/devtool/repository/Maven/Maven3.2.2/local/repo/com/yonyou/iuap/iuap-jdbc/3.0.0-RELEASE/iuap-jdbc-3.0.0-RELEASE.jar!/com/yonyou/iuap/persistence/jdbc/framework/crossdb/temptable/TempTableCreator.class]
10:20:58.239 [] [] [main] TRACE o.s.c.a.ClassPathBeanDefinitionScanner - Scanning URL [jar:file:/D:/devtool/repository/Maven/Maven3.2.2/local/repo/com/yonyou/iuap/iuap-jdbc/3.0.0-RELEASE/iuap-jdbc-3.0.0-RELEASE.jar!/com/yonyou/iuap/persistence/jdbc/framework/crossdb/temptable/TempTableCreatorFactory.class]
10:20:58.239 [] [] [main] TRACE o.s.c.a.ClassPathBeanDefinitionScanner - Ignored because not matching any filter: URL [jar:file:/D:/devtool/repository/Maven/Maven3.2.2/local/repo/com/yonyou/iuap/iuap-jdbc/3.0.0-RELEASE/iuap-jdbc-3.0.0-RELEASE.jar!/com/yonyou/iuap/persistence/jdbc/framework/crossdb/temptable/TempTableCreatorFactory.class]
10:20:58.239 [] [] [main] TRACE o.s.c.a.ClassPathBeanDefinitionScanner - Scanning URL [jar:file:/D:/devtool/repository/Maven/Maven3.2.2/local/repo/com/yonyou/iuap/iuap-jdbc/3.0.0-RELEASE/iuap-jdbc-3.0.0-RELEASE.jar!/com/yonyou/iuap/persistence/jdbc/framework/crossdb/temptable/TempTabMgr.class]
10:20:58.240 [] [] [main] TRACE o.s.c.a.ClassPathBeanDefinitionScanner - Ignored because not matching any filter: URL [jar:file:/D:/devtool/repository/Maven/Maven3.2.2/local/repo/com/yonyou/iuap/iuap-jdbc/3.0.0-RELEASE/iuap-jdbc-3.0.0-RELEASE.jar!/com/yonyou/iuap/persistence/jdbc/framework/crossdb/temptable/TempTabMgr.class]
10:20:58.240 [] [] [main] TRACE o.s.c.a.ClassPathBeanDefinitionScanner - Scanning URL [jar:file:/D:/devtool/repository/Maven/Maven3.2.2/local/repo/com/yonyou/iuap/iuap-jdbc/3.0.0-RELEASE/iuap-jdbc-3.0.0-RELEASE.jar!/com/yonyou/iuap/persistence/jdbc/framework/DataBaseDescriptor.class]
10:20:58.240 [] [] [main] TRACE o.s.c.a.ClassPathBeanDefinitionScanner - Ignored because not matching any filter: URL [jar:file:/D:/devtool/repository/Maven/Maven3.2.2/local/repo/com/yonyou/iuap/iuap-jdbc/3.0.0-RELEASE/iuap-jdbc-3.0.0-RELEASE.jar!/com/yonyou/iuap/persistence/jdbc/framework/DataBaseDescriptor.class]
10:20:58.240 [] [] [main] TRACE o.s.c.a.ClassPathBeanDefinitionScanner - Scanning URL [jar:file:/D:/devtool/repository/Maven/Maven3.2.2/local/repo/com/yonyou/iuap/iuap-jdbc/3.0.0-RELEASE/iuap-jdbc-3.0.0-RELEASE.jar!/com/yonyou/iuap/persistence/jdbc/framework/DataSourceCenter.class]
10:20:58.241 [] [] [main] TRACE o.s.c.a.ClassPathBeanDefinitionScanner - Ignored because not matching any filter: URL [jar:file:/D:/devtool/repository/Maven/Maven3.2.2/local/repo/com/yonyou/iuap/iuap-jdbc/3.0.0-RELEASE/iuap-jdbc-3.0.0-RELEASE.jar!/com/yonyou/iuap/persistence/jdbc/framework/DataSourceCenter.class]
10:20:58.241 [] [] [main] TRACE o.s.c.a.ClassPathBeanDefinitionScanner - Scanning URL [jar:file:/D:/devtool/repository/Maven/Maven3.2.2/local/repo/com/yonyou/iuap/iuap-jdbc/3.0.0-RELEASE/iuap-jdbc-3.0.0-RELEASE.jar!/com/yonyou/iuap/persistence/jdbc/framework/DBMetaInfo.class]
10:20:58.241 [] [] [main] TRACE o.s.c.a.ClassPathBeanDefinitionScanner - Ignored because not matching any filter: URL [jar:file:/D:/devtool/repository/Maven/Maven3.2.2/local/repo/com/yonyou/iuap/iuap-jdbc/3.0.0-RELEASE/iuap-jdbc-3.0.0-RELEASE.jar!/com/yonyou/iuap/persistence/jdbc/framework/DBMetaInfo.class]
10:20:58.241 [] [] [main] TRACE o.s.c.a.ClassPathBeanDefinitionScanner - Scanning URL [jar:file:/D:/devtool/repository/Maven/Maven3.2.2/local/repo/com/yonyou/iuap/iuap-jdbc/3.0.0-RELEASE/iuap-jdbc-3.0.0-RELEASE.jar!/com/yonyou/iuap/persistence/jdbc/framework/exception/ALCEDOSqlException.class]
10:20:58.241 [] [] [main] TRACE o.s.c.a.ClassPathBeanDefinitionScanner - Ignored because not matching any filter: URL [jar:file:/D:/devtool/repository/Maven/Maven3.2.2/local/repo/com/yonyou/iuap/iuap-jdbc/3.0.0-RELEASE/iuap-jdbc-3.0.0-RELEASE.jar!/com/yonyou/iuap/persistence/jdbc/framework/exception/ALCEDOSqlException.class]
10:20:58.242 [] [] [main] TRACE o.s.c.a.ClassPathBeanDefinitionScanner - Scanning URL [jar:file:/D:/devtool/repository/Maven/Maven3.2.2/local/repo/com/yonyou/iuap/iuap-jdbc/3.0.0-RELEASE/iuap-jdbc-3.0.0-RELEASE.jar!/com/yonyou/iuap/persistence/jdbc/framework/exception/DB2Exception.class]
10:20:58.242 [] [] [main] TRACE o.s.c.a.ClassPathBeanDefinitionScanner - Ignored because not matching any filter: URL [jar:file:/D:/devtool/repository/Maven/Maven3.2.2/local/repo/com/yonyou/iuap/iuap-jdbc/3.0.0-RELEASE/iuap-jdbc-3.0.0-RELEASE.jar!/com/yonyou/iuap/persistence/jdbc/framework/exception/DB2Exception.class]
10:20:58.242 [] [] [main] TRACE o.s.c.a.ClassPathBeanDefinitionScanner - Scanning URL [jar:file:/D:/devtool/repository/Maven/Maven3.2.2/local/repo/com/yonyou/iuap/iuap-jdbc/3.0.0-RELEASE/iuap-jdbc-3.0.0-RELEASE.jar!/com/yonyou/iuap/persistence/jdbc/framework/exception/DbException.class]
10:20:58.242 [] [] [main] TRACE o.s.c.a.ClassPathBeanDefinitionScanner - Ignored because not matching any filter: URL [jar:file:/D:/devtool/repository/Maven/Maven3.2.2/local/repo/com/yonyou/iuap/iuap-jdbc/3.0.0-RELEASE/iuap-jdbc-3.0.0-RELEASE.jar!/com/yonyou/iuap/persistence/jdbc/framework/exception/DbException.class]
10:20:58.242 [] [] [main] TRACE o.s.c.a.ClassPathBeanDefinitionScanner - Scanning URL [jar:file:/D:/devtool/repository/Maven/Maven3.2.2/local/repo/com/yonyou/iuap/iuap-jdbc/3.0.0-RELEASE/iuap-jdbc-3.0.0-RELEASE.jar!/com/yonyou/iuap/persistence/jdbc/framework/exception/ExceptionFactory.class]
10:20:58.243 [] [] [main] TRACE o.s.c.a.ClassPathBeanDefinitionScanner - Ignored because not matching any filter: URL [jar:file:/D:/devtool/repository/Maven/Maven3.2.2/local/repo/com/yonyou/iuap/iuap-jdbc/3.0.0-RELEASE/iuap-jdbc-3.0.0-RELEASE.jar!/com/yonyou/iuap/persistence/jdbc/framework/exception/ExceptionFactory.class]
10:20:58.243 [] [] [main] TRACE o.s.c.a.ClassPathBeanDefinitionScanner - Scanning URL [jar:file:/D:/devtool/repository/Maven/Maven3.2.2/local/repo/com/yonyou/iuap/iuap-jdbc/3.0.0-RELEASE/iuap-jdbc-3.0.0-RELEASE.jar!/com/yonyou/iuap/persistence/jdbc/framework/exception/GbaseException.class]
10:20:58.243 [] [] [main] TRACE o.s.c.a.ClassPathBeanDefinitionScanner - Ignored because not matching any filter: URL [jar:file:/D:/devtool/repository/Maven/Maven3.2.2/local/repo/com/yonyou/iuap/iuap-jdbc/3.0.0-RELEASE/iuap-jdbc-3.0.0-RELEASE.jar!/com/yonyou/iuap/persistence/jdbc/framework/exception/GbaseException.class]
10:20:58.243 [] [] [main] TRACE o.s.c.a.ClassPathBeanDefinitionScanner - Scanning URL [jar:file:/D:/devtool/repository/Maven/Maven3.2.2/local/repo/com/yonyou/iuap/iuap-jdbc/3.0.0-RELEASE/iuap-jdbc-3.0.0-RELEASE.jar!/com/yonyou/iuap/persistence/jdbc/framework/exception/HSQLException.class]
10:20:58.243 [] [] [main] TRACE o.s.c.a.ClassPathBeanDefinitionScanner - Ignored because not matching any filter: URL [jar:file:/D:/devtool/repository/Maven/Maven3.2.2/local/repo/com/yonyou/iuap/iuap-jdbc/3.0.0-RELEASE/iuap-jdbc-3.0.0-RELEASE.jar!/com/yonyou/iuap/persistence/jdbc/framework/exception/HSQLException.class]
10:20:58.243 [] [] [main] TRACE o.s.c.a.ClassPathBeanDefinitionScanner - Scanning URL [jar:file:/D:/devtool/repository/Maven/Maven3.2.2/local/repo/com/yonyou/iuap/iuap-jdbc/3.0.0-RELEASE/iuap-jdbc-3.0.0-RELEASE.jar!/com/yonyou/iuap/persistence/jdbc/framework/exception/MSSQLException.class]
10:20:58.244 [] [] [main] TRACE o.s.c.a.ClassPathBeanDefinitionScanner - Ignored because not matching any filter: URL [jar:file:/D:/devtool/repository/Maven/Maven3.2.2/local/repo/com/yonyou/iuap/iuap-jdbc/3.0.0-RELEASE/iuap-jdbc-3.0.0-RELEASE.jar!/com/yonyou/iuap/persistence/jdbc/framework/exception/MSSQLException.class]
10:20:58.244 [] [] [main] TRACE o.s.c.a.ClassPathBeanDefinitionScanner - Scanning URL [jar:file:/D:/devtool/repository/Maven/Maven3.2.2/local/repo/com/yonyou/iuap/iuap-jdbc/3.0.0-RELEASE/iuap-jdbc-3.0.0-RELEASE.jar!/com/yonyou/iuap/persistence/jdbc/framework/exception/OracleException.class]
10:20:58.244 [] [] [main] TRACE o.s.c.a.ClassPathBeanDefinitionScanner - Ignored because not matching any filter: URL [jar:file:/D:/devtool/repository/Maven/Maven3.2.2/local/repo/com/yonyou/iuap/iuap-jdbc/3.0.0-RELEASE/iuap-jdbc-3.0.0-RELEASE.jar!/com/yonyou/iuap/persistence/jdbc/framework/exception/OracleException.class]
10:20:58.244 [] [] [main] TRACE o.s.c.a.ClassPathBeanDefinitionScanner - Scanning URL [jar:file:/D:/devtool/repository/Maven/Maven3.2.2/local/repo/com/yonyou/iuap/iuap-jdbc/3.0.0-RELEASE/iuap-jdbc-3.0.0-RELEASE.jar!/com/yonyou/iuap/persistence/jdbc/framework/exception/OscarException.class]
10:20:58.244 [] [] [main] TRACE o.s.c.a.ClassPathBeanDefinitionScanner - Ignored because not matching any filter: URL [jar:file:/D:/devtool/repository/Maven/Maven3.2.2/local/repo/com/yonyou/iuap/iuap-jdbc/3.0.0-RELEASE/iuap-jdbc-3.0.0-RELEASE.jar!/com/yonyou/iuap/persistence/jdbc/framework/exception/OscarException.class]
10:20:58.244 [] [] [main] TRACE o.s.c.a.ClassPathBeanDefinitionScanner - Scanning URL [jar:file:/D:/devtool/repository/Maven/Maven3.2.2/local/repo/com/yonyou/iuap/iuap-jdbc/3.0.0-RELEASE/iuap-jdbc-3.0.0-RELEASE.jar!/com/yonyou/iuap/persistence/jdbc/framework/exception/PostgresSqlException.class]
10:20:58.245 [] [] [main] TRACE o.s.c.a.ClassPathBeanDefinitionScanner - Ignored because not matching any filter: URL [jar:file:/D:/devtool/repository/Maven/Maven3.2.2/local/repo/com/yonyou/iuap/iuap-jdbc/3.0.0-RELEASE/iuap-jdbc-3.0.0-RELEASE.jar!/com/yonyou/iuap/persistence/jdbc/framework/exception/PostgresSqlException.class]
10:20:58.246 [] [] [main] TRACE o.s.c.a.ClassPathBeanDefinitionScanner - Scanning URL [jar:file:/D:/devtool/repository/Maven/Maven3.2.2/local/repo/com/yonyou/iuap/iuap-jdbc/3.0.0-RELEASE/iuap-jdbc-3.0.0-RELEASE.jar!/com/yonyou/iuap/persistence/jdbc/framework/exception/UnKnownException.class]
10:20:58.246 [] [] [main] TRACE o.s.c.a.ClassPathBeanDefinitionScanner - Ignored because not matching any filter: URL [jar:file:/D:/devtool/repository/Maven/Maven3.2.2/local/repo/com/yonyou/iuap/iuap-jdbc/3.0.0-RELEASE/iuap-jdbc-3.0.0-RELEASE.jar!/com/yonyou/iuap/persistence/jdbc/framework/exception/UnKnownException.class]
10:20:58.246 [] [] [main] TRACE o.s.c.a.ClassPathBeanDefinitionScanner - Scanning URL [jar:file:/D:/devtool/repository/Maven/Maven3.2.2/local/repo/com/yonyou/iuap/iuap-jdbc/3.0.0-RELEASE/iuap-jdbc-3.0.0-RELEASE.jar!/com/yonyou/iuap/persistence/jdbc/framework/generator/IdGenerator.class]
10:20:58.246 [] [] [main] TRACE o.s.c.a.ClassPathBeanDefinitionScanner - Ignored because not matching any filter: URL [jar:file:/D:/devtool/repository/Maven/Maven3.2.2/local/repo/com/yonyou/iuap/iuap-jdbc/3.0.0-RELEASE/iuap-jdbc-3.0.0-RELEASE.jar!/com/yonyou/iuap/persistence/jdbc/framework/generator/IdGenerator.class]
10:20:58.247 [] [] [main] TRACE o.s.c.a.ClassPathBeanDefinitionScanner - Scanning URL [jar:file:/D:/devtool/repository/Maven/Maven3.2.2/local/repo/com/yonyou/iuap/iuap-jdbc/3.0.0-RELEASE/iuap-jdbc-3.0.0-RELEASE.jar!/com/yonyou/iuap/persistence/jdbc/framework/generator/IDGeneratorFactory.class]
10:20:58.247 [] [] [main] TRACE o.s.c.a.ClassPathBeanDefinitionScanner - Ignored because not matching any filter: URL [jar:file:/D:/devtool/repository/Maven/Maven3.2.2/local/repo/com/yonyou/iuap/iuap-jdbc/3.0.0-RELEASE/iuap-jdbc-3.0.0-RELEASE.jar!/com/yonyou/iuap/persistence/jdbc/framework/generator/IDGeneratorFactory.class]
10:20:58.247 [] [] [main] TRACE o.s.c.a.ClassPathBeanDefinitionScanner - Scanning URL [jar:file:/D:/devtool/repository/Maven/Maven3.2.2/local/repo/com/yonyou/iuap/iuap-jdbc/3.0.0-RELEASE/iuap-jdbc-3.0.0-RELEASE.jar!/com/yonyou/iuap/persistence/jdbc/framework/JdbcPersistenceManager.class]
10:20:58.247 [] [] [main] TRACE o.s.c.a.ClassPathBeanDefinitionScanner - Ignored because not matching any filter: URL [jar:file:/D:/devtool/repository/Maven/Maven3.2.2/local/repo/com/yonyou/iuap/iuap-jdbc/3.0.0-RELEASE/iuap-jdbc-3.0.0-RELEASE.jar!/com/yonyou/iuap/persistence/jdbc/framework/JdbcPersistenceManager.class]
10:20:58.247 [] [] [main] TRACE o.s.c.a.ClassPathBeanDefinitionScanner - Scanning URL [jar:file:/D:/devtool/repository/Maven/Maven3.2.2/local/repo/com/yonyou/iuap/iuap-jdbc/3.0.0-RELEASE/iuap-jdbc-3.0.0-RELEASE.jar!/com/yonyou/iuap/persistence/jdbc/framework/JdbcSession$1.class]
10:20:58.248 [] [] [main] TRACE o.s.c.a.ClassPathBeanDefinitionScanner - Ignored because not matching any filter: URL [jar:file:/D:/devtool/repository/Maven/Maven3.2.2/local/repo/com/yonyou/iuap/iuap-jdbc/3.0.0-RELEASE/iuap-jdbc-3.0.0-RELEASE.jar!/com/yonyou/iuap/persistence/jdbc/framework/JdbcSession$1.class]
10:20:58.248 [] [] [main] TRACE o.s.c.a.ClassPathBeanDefinitionScanner - Scanning URL [jar:file:/D:/devtool/repository/Maven/Maven3.2.2/local/repo/com/yonyou/iuap/iuap-jdbc/3.0.0-RELEASE/iuap-jdbc-3.0.0-RELEASE.jar!/com/yonyou/iuap/persistence/jdbc/framework/JdbcSession$2.class]
10:20:58.248 [] [] [main] TRACE o.s.c.a.ClassPathBeanDefinitionScanner - Ignored because not matching any filter: URL [jar:file:/D:/devtool/repository/Maven/Maven3.2.2/local/repo/com/yonyou/iuap/iuap-jdbc/3.0.0-RELEASE/iuap-jdbc-3.0.0-RELEASE.jar!/com/yonyou/iuap/persistence/jdbc/framework/JdbcSession$2.class]
10:20:58.248 [] [] [main] TRACE o.s.c.a.ClassPathBeanDefinitionScanner - Scanning URL [jar:file:/D:/devtool/repository/Maven/Maven3.2.2/local/repo/com/yonyou/iuap/iuap-jdbc/3.0.0-RELEASE/iuap-jdbc-3.0.0-RELEASE.jar!/com/yonyou/iuap/persistence/jdbc/framework/JdbcSession$3.class]
10:20:58.248 [] [] [main] TRACE o.s.c.a.ClassPathBeanDefinitionScanner - Ignored because not matching any filter: URL [jar:file:/D:/devtool/repository/Maven/Maven3.2.2/local/repo/com/yonyou/iuap/iuap-jdbc/3.0.0-RELEASE/iuap-jdbc-3.0.0-RELEASE.jar!/com/yonyou/iuap/persistence/jdbc/framework/JdbcSession$3.class]
10:20:58.248 [] [] [main] TRACE o.s.c.a.ClassPathBeanDefinitionScanner - Scanning URL [jar:file:/D:/devtool/repository/Maven/Maven3.2.2/local/repo/com/yonyou/iuap/iuap-jdbc/3.0.0-RELEASE/iuap-jdbc-3.0.0-RELEASE.jar!/com/yonyou/iuap/persistence/jdbc/framework/JdbcSession$4.class]
10:20:58.249 [] [] [main] TRACE o.s.c.a.ClassPathBeanDefinitionScanner - Ignored because not matching any filter: URL [jar:file:/D:/devtool/repository/Maven/Maven3.2.2/local/repo/com/yonyou/iuap/iuap-jdbc/3.0.0-RELEASE/iuap-jdbc-3.0.0-RELEASE.jar!/com/yonyou/iuap/persistence/jdbc/framework/JdbcSession$4.class]
10:20:58.249 [] [] [main] TRACE o.s.c.a.ClassPathBeanDefinitionScanner - Scanning URL [jar:file:/D:/devtool/repository/Maven/Maven3.2.2/local/repo/com/yonyou/iuap/iuap-jdbc/3.0.0-RELEASE/iuap-jdbc-3.0.0-RELEASE.jar!/com/yonyou/iuap/persistence/jdbc/framework/JdbcSession$5.class]
10:20:58.249 [] [] [main] TRACE o.s.c.a.ClassPathBeanDefinitionScanner - Ignored because not matching any filter: URL [jar:file:/D:/devtool/repository/Maven/Maven3.2.2/local/repo/com/yonyou/iuap/iuap-jdbc/3.0.0-RELEASE/iuap-jdbc-3.0.0-RELEASE.jar!/com/yonyou/iuap/persistence/jdbc/framework/JdbcSession$5.class]
10:20:58.249 [] [] [main] TRACE o.s.c.a.ClassPathBeanDefinitionScanner - Scanning URL [jar:file:/D:/devtool/repository/Maven/Maven3.2.2/local/repo/com/yonyou/iuap/iuap-jdbc/3.0.0-RELEASE/iuap-jdbc-3.0.0-RELEASE.jar!/com/yonyou/iuap/persistence/jdbc/framework/JdbcSession.class]
10:20:58.249 [] [] [main] TRACE o.s.c.a.ClassPathBeanDefinitionScanner - Ignored because not matching any filter: URL [jar:file:/D:/devtool/repository/Maven/Maven3.2.2/local/repo/com/yonyou/iuap/iuap-jdbc/3.0.0-RELEASE/iuap-jdbc-3.0.0-RELEASE.jar!/com/yonyou/iuap/persistence/jdbc/framework/JdbcSession.class]
10:20:58.249 [] [] [main] TRACE o.s.c.a.ClassPathBeanDefinitionScanner - Scanning URL [jar:file:/D:/devtool/repository/Maven/Maven3.2.2/local/repo/com/yonyou/iuap/iuap-jdbc/3.0.0-RELEASE/iuap-jdbc-3.0.0-RELEASE.jar!/com/yonyou/iuap/persistence/jdbc/framework/mapping/AttributeMapping.class]
10:20:58.250 [] [] [main] TRACE o.s.c.a.ClassPathBeanDefinitionScanner - Ignored because not matching any filter: URL [jar:file:/D:/devtool/repository/Maven/Maven3.2.2/local/repo/com/yonyou/iuap/iuap-jdbc/3.0.0-RELEASE/iuap-jdbc-3.0.0-RELEASE.jar!/com/yonyou/iuap/persistence/jdbc/framework/mapping/AttributeMapping.class]
10:20:58.250 [] [] [main] TRACE o.s.c.a.ClassPathBeanDefinitionScanner - Scanning URL [jar:file:/D:/devtool/repository/Maven/Maven3.2.2/local/repo/com/yonyou/iuap/iuap-jdbc/3.0.0-RELEASE/iuap-jdbc-3.0.0-RELEASE.jar!/com/yonyou/iuap/persistence/jdbc/framework/mapping/BeanMapping.class]
10:20:58.250 [] [] [main] TRACE o.s.c.a.ClassPathBeanDefinitionScanner - Ignored because not matching any filter: URL [jar:file:/D:/devtool/repository/Maven/Maven3.2.2/local/repo/com/yonyou/iuap/iuap-jdbc/3.0.0-RELEASE/iuap-jdbc-3.0.0-RELEASE.jar!/com/yonyou/iuap/persistence/jdbc/framework/mapping/BeanMapping.class]
10:20:58.250 [] [] [main] TRACE o.s.c.a.ClassPathBeanDefinitionScanner - Scanning URL [jar:file:/D:/devtool/repository/Maven/Maven3.2.2/local/repo/com/yonyou/iuap/iuap-jdbc/3.0.0-RELEASE/iuap-jdbc-3.0.0-RELEASE.jar!/com/yonyou/iuap/persistence/jdbc/framework/mapping/ext/JoinQueryMappingMetaWrapper.class]
10:20:58.250 [] [] [main] TRACE o.s.c.a.ClassPathBeanDefinitionScanner - Ignored because not matching any filter: URL [jar:file:/D:/devtool/repository/Maven/Maven3.2.2/local/repo/com/yonyou/iuap/iuap-jdbc/3.0.0-RELEASE/iuap-jdbc-3.0.0-RELEASE.jar!/com/yonyou/iuap/persistence/jdbc/framework/mapping/ext/JoinQueryMappingMetaWrapper.class]
10:20:58.250 [] [] [main] TRACE o.s.c.a.ClassPathBeanDefinitionScanner - Scanning URL [jar:file:/D:/devtool/repository/Maven/Maven3.2.2/local/repo/com/yonyou/iuap/iuap-jdbc/3.0.0-RELEASE/iuap-jdbc-3.0.0-RELEASE.jar!/com/yonyou/iuap/persistence/jdbc/framework/mapping/IAttributeMapping.class]
10:20:58.251 [] [] [main] TRACE o.s.c.a.ClassPathBeanDefinitionScanner - Ignored because not matching any filter: URL [jar:file:/D:/devtool/repository/Maven/Maven3.2.2/local/repo/com/yonyou/iuap/iuap-jdbc/3.0.0-RELEASE/iuap-jdbc-3.0.0-RELEASE.jar!/com/yonyou/iuap/persistence/jdbc/framework/mapping/IAttributeMapping.class]
10:20:58.251 [] [] [main] TRACE o.s.c.a.ClassPathBeanDefinitionScanner - Scanning URL [jar:file:/D:/devtool/repository/Maven/Maven3.2.2/local/repo/com/yonyou/iuap/iuap-jdbc/3.0.0-RELEASE/iuap-jdbc-3.0.0-RELEASE.jar!/com/yonyou/iuap/persistence/jdbc/framework/mapping/IMappingMeta.class]
10:20:58.251 [] [] [main] TRACE o.s.c.a.ClassPathBeanDefinitionScanner - Ignored because not matching any filter: URL [jar:file:/D:/devtool/repository/Maven/Maven3.2.2/local/repo/com/yonyou/iuap/iuap-jdbc/3.0.0-RELEASE/iuap-jdbc-3.0.0-RELEASE.jar!/com/yonyou/iuap/persistence/jdbc/framework/mapping/IMappingMeta.class]
10:20:58.251 [] [] [main] TRACE o.s.c.a.ClassPathBeanDefinitionScanner - Scanning URL [jar:file:/D:/devtool/repository/Maven/Maven3.2.2/local/repo/com/yonyou/iuap/iuap-jdbc/3.0.0-RELEASE/iuap-jdbc-3.0.0-RELEASE.jar!/com/yonyou/iuap/persistence/jdbc/framework/mapping/MappingMeta.class]
10:20:58.251 [] [] [main] TRACE o.s.c.a.ClassPathBeanDefinitionScanner - Ignored because not matching any filter: URL [jar:file:/D:/devtool/repository/Maven/Maven3.2.2/local/repo/com/yonyou/iuap/iuap-jdbc/3.0.0-RELEASE/iuap-jdbc-3.0.0-RELEASE.jar!/com/yonyou/iuap/persistence/jdbc/framework/mapping/MappingMeta.class]
10:20:58.251 [] [] [main] TRACE o.s.c.a.ClassPathBeanDefinitionScanner - Scanning URL [jar:file:/D:/devtool/repository/Maven/Maven3.2.2/local/repo/com/yonyou/iuap/iuap-jdbc/3.0.0-RELEASE/iuap-jdbc-3.0.0-RELEASE.jar!/com/yonyou/iuap/persistence/jdbc/framework/mapping/MappingMetaManager.class]
10:20:58.252 [] [] [main] TRACE o.s.c.a.ClassPathBeanDefinitionScanner - Ignored because not matching any filter: URL [jar:file:/D:/devtool/repository/Maven/Maven3.2.2/local/repo/com/yonyou/iuap/iuap-jdbc/3.0.0-RELEASE/iuap-jdbc-3.0.0-RELEASE.jar!/com/yonyou/iuap/persistence/jdbc/framework/mapping/MappingMetaManager.class]
10:20:58.252 [] [] [main] TRACE o.s.c.a.ClassPathBeanDefinitionScanner - Scanning URL [jar:file:/D:/devtool/repository/Maven/Maven3.2.2/local/repo/com/yonyou/iuap/iuap-jdbc/3.0.0-RELEASE/iuap-jdbc-3.0.0-RELEASE.jar!/com/yonyou/iuap/persistence/jdbc/framework/orm/IPersistenceObject.class]
10:20:58.252 [] [] [main] TRACE o.s.c.a.ClassPathBeanDefinitionScanner - Ignored because not matching any filter: URL [jar:file:/D:/devtool/repository/Maven/Maven3.2.2/local/repo/com/yonyou/iuap/iuap-jdbc/3.0.0-RELEASE/iuap-jdbc-3.0.0-RELEASE.jar!/com/yonyou/iuap/persistence/jdbc/framework/orm/IPersistenceObject.class]
10:20:58.252 [] [] [main] TRACE o.s.c.a.ClassPathBeanDefinitionScanner - Scanning URL [jar:file:/D:/devtool/repository/Maven/Maven3.2.2/local/repo/com/yonyou/iuap/iuap-jdbc/3.0.0-RELEASE/iuap-jdbc-3.0.0-RELEASE.jar!/com/yonyou/iuap/persistence/jdbc/framework/orm/MappingHelper.class]
10:20:58.252 [] [] [main] TRACE o.s.c.a.ClassPathBeanDefinitionScanner - Ignored because not matching any filter: URL [jar:file:/D:/devtool/repository/Maven/Maven3.2.2/local/repo/com/yonyou/iuap/iuap-jdbc/3.0.0-RELEASE/iuap-jdbc-3.0.0-RELEASE.jar!/com/yonyou/iuap/persistence/jdbc/framework/orm/MappingHelper.class]
10:20:58.252 [] [] [main] TRACE o.s.c.a.ClassPathBeanDefinitionScanner - Scanning URL [jar:file:/D:/devtool/repository/Maven/Maven3.2.2/local/repo/com/yonyou/iuap/iuap-jdbc/3.0.0-RELEASE/iuap-jdbc-3.0.0-RELEASE.jar!/com/yonyou/iuap/persistence/jdbc/framework/orm/OperatorWrapper.class]
10:20:58.253 [] [] [main] TRACE o.s.c.a.ClassPathBeanDefinitionScanner - Ignored because not matching any filter: URL [jar:file:/D:/devtool/repository/Maven/Maven3.2.2/local/repo/com/yonyou/iuap/iuap-jdbc/3.0.0-RELEASE/iuap-jdbc-3.0.0-RELEASE.jar!/com/yonyou/iuap/persistence/jdbc/framework/orm/OperatorWrapper.class]
10:20:58.253 [] [] [main] TRACE o.s.c.a.ClassPathBeanDefinitionScanner - Scanning URL [jar:file:/D:/devtool/repository/Maven/Maven3.2.2/local/repo/com/yonyou/iuap/iuap-jdbc/3.0.0-RELEASE/iuap-jdbc-3.0.0-RELEASE.jar!/com/yonyou/iuap/persistence/jdbc/framework/orm/ORMCache.class]
10:20:58.253 [] [] [main] TRACE o.s.c.a.ClassPathBeanDefinitionScanner - Ignored because not matching any filter: URL [jar:file:/D:/devtool/repository/Maven/Maven3.2.2/local/repo/com/yonyou/iuap/iuap-jdbc/3.0.0-RELEASE/iuap-jdbc-3.0.0-RELEASE.jar!/com/yonyou/iuap/persistence/jdbc/framework/orm/ORMCache.class]
10:20:58.253 [] [] [main] TRACE o.s.c.a.ClassPathBeanDefinitionScanner - Scanning URL [jar:file:/D:/devtool/repository/Maven/Maven3.2.2/local/repo/com/yonyou/iuap/iuap-jdbc/3.0.0-RELEASE/iuap-jdbc-3.0.0-RELEASE.jar!/com/yonyou/iuap/persistence/jdbc/framework/orm/ORMColumnInfo.class]
10:20:58.253 [] [] [main] TRACE o.s.c.a.ClassPathBeanDefinitionScanner - Ignored because not matching any filter: URL [jar:file:/D:/devtool/repository/Maven/Maven3.2.2/local/repo/com/yonyou/iuap/iuap-jdbc/3.0.0-RELEASE/iuap-jdbc-3.0.0-RELEASE.jar!/com/yonyou/iuap/persistence/jdbc/framework/orm/ORMColumnInfo.class]
10:20:58.253 [] [] [main] TRACE o.s.c.a.ClassPathBeanDefinitionScanner - Scanning URL [jar:file:/D:/devtool/repository/Maven/Maven3.2.2/local/repo/com/yonyou/iuap/iuap-jdbc/3.0.0-RELEASE/iuap-jdbc-3.0.0-RELEASE.jar!/com/yonyou/iuap/persistence/jdbc/framework/page/DB2LimitSQLBuilder.class]
10:20:58.254 [] [] [main] TRACE o.s.c.a.ClassPathBeanDefinitionScanner - Ignored because not matching any filter: URL [jar:file:/D:/devtool/repository/Maven/Maven3.2.2/local/repo/com/yonyou/iuap/iuap-jdbc/3.0.0-RELEASE/iuap-jdbc-3.0.0-RELEASE.jar!/com/yonyou/iuap/persistence/jdbc/framework/page/DB2LimitSQLBuilder.class]
10:20:58.254 [] [] [main] TRACE o.s.c.a.ClassPathBeanDefinitionScanner - Scanning URL [jar:file:/D:/devtool/repository/Maven/Maven3.2.2/local/repo/com/yonyou/iuap/iuap-jdbc/3.0.0-RELEASE/iuap-jdbc-3.0.0-RELEASE.jar!/com/yonyou/iuap/persistence/jdbc/framework/page/GbaseLimitSQLBuilder.class]
10:20:58.254 [] [] [main] TRACE o.s.c.a.ClassPathBeanDefinitionScanner - Ignored because not matching any filter: URL [jar:file:/D:/devtool/repository/Maven/Maven3.2.2/local/repo/com/yonyou/iuap/iuap-jdbc/3.0.0-RELEASE/iuap-jdbc-3.0.0-RELEASE.jar!/com/yonyou/iuap/persistence/jdbc/framework/page/GbaseLimitSQLBuilder.class]
10:20:58.254 [] [] [main] TRACE o.s.c.a.ClassPathBeanDefinitionScanner - Scanning URL [jar:file:/D:/devtool/repository/Maven/Maven3.2.2/local/repo/com/yonyou/iuap/iuap-jdbc/3.0.0-RELEASE/iuap-jdbc-3.0.0-RELEASE.jar!/com/yonyou/iuap/persistence/jdbc/framework/page/LimitSQLBuilder.class]
10:20:58.254 [] [] [main] TRACE o.s.c.a.ClassPathBeanDefinitionScanner - Ignored because not matching any filter: URL [jar:file:/D:/devtool/repository/Maven/Maven3.2.2/local/repo/com/yonyou/iuap/iuap-jdbc/3.0.0-RELEASE/iuap-jdbc-3.0.0-RELEASE.jar!/com/yonyou/iuap/persistence/jdbc/framework/page/LimitSQLBuilder.class]
10:20:58.254 [] [] [main] TRACE o.s.c.a.ClassPathBeanDefinitionScanner - Scanning URL [jar:file:/D:/devtool/repository/Maven/Maven3.2.2/local/repo/com/yonyou/iuap/iuap-jdbc/3.0.0-RELEASE/iuap-jdbc-3.0.0-RELEASE.jar!/com/yonyou/iuap/persistence/jdbc/framework/page/MSSQLLimitSQLBuilder.class]
10:20:58.255 [] [] [main] TRACE o.s.c.a.ClassPathBeanDefinitionScanner - Ignored because not matching any filter: URL [jar:file:/D:/devtool/repository/Maven/Maven3.2.2/local/repo/com/yonyou/iuap/iuap-jdbc/3.0.0-RELEASE/iuap-jdbc-3.0.0-RELEASE.jar!/com/yonyou/iuap/persistence/jdbc/framework/page/MSSQLLimitSQLBuilder.class]
10:20:58.255 [] [] [main] TRACE o.s.c.a.ClassPathBeanDefinitionScanner - Scanning URL [jar:file:/D:/devtool/repository/Maven/Maven3.2.2/local/repo/com/yonyou/iuap/iuap-jdbc/3.0.0-RELEASE/iuap-jdbc-3.0.0-RELEASE.jar!/com/yonyou/iuap/persistence/jdbc/framework/page/MySQLLimitSQLBuilder.class]
10:20:58.255 [] [] [main] TRACE o.s.c.a.ClassPathBeanDefinitionScanner - Ignored because not matching any filter: URL [jar:file:/D:/devtool/repository/Maven/Maven3.2.2/local/repo/com/yonyou/iuap/iuap-jdbc/3.0.0-RELEASE/iuap-jdbc-3.0.0-RELEASE.jar!/com/yonyou/iuap/persistence/jdbc/framework/page/MySQLLimitSQLBuilder.class]
10:20:58.255 [] [] [main] TRACE o.s.c.a.ClassPathBeanDefinitionScanner - Scanning URL [jar:file:/D:/devtool/repository/Maven/Maven3.2.2/local/repo/com/yonyou/iuap/iuap-jdbc/3.0.0-RELEASE/iuap-jdbc-3.0.0-RELEASE.jar!/com/yonyou/iuap/persistence/jdbc/framework/page/OracleLimitSQLBuilder.class]
10:20:58.255 [] [] [main] TRACE o.s.c.a.ClassPathBeanDefinitionScanner - Ignored because not matching any filter: URL [jar:file:/D:/devtool/repository/Maven/Maven3.2.2/local/repo/com/yonyou/iuap/iuap-jdbc/3.0.0-RELEASE/iuap-jdbc-3.0.0-RELEASE.jar!/com/yonyou/iuap/persistence/jdbc/framework/page/OracleLimitSQLBuilder.class]
10:20:58.255 [] [] [main] TRACE o.s.c.a.ClassPathBeanDefinitionScanner - Scanning URL [jar:file:/D:/devtool/repository/Maven/Maven3.2.2/local/repo/com/yonyou/iuap/iuap-jdbc/3.0.0-RELEASE/iuap-jdbc-3.0.0-RELEASE.jar!/com/yonyou/iuap/persistence/jdbc/framework/page/OscarLimitSQLBuilder.class]
10:20:58.256 [] [] [main] TRACE o.s.c.a.ClassPathBeanDefinitionScanner - Ignored because not matching any filter: URL [jar:file:/D:/devtool/repository/Maven/Maven3.2.2/local/repo/com/yonyou/iuap/iuap-jdbc/3.0.0-RELEASE/iuap-jdbc-3.0.0-RELEASE.jar!/com/yonyou/iuap/persistence/jdbc/framework/page/OscarLimitSQLBuilder.class]
10:20:58.256 [] [] [main] TRACE o.s.c.a.ClassPathBeanDefinitionScanner - Scanning URL [jar:file:/D:/devtool/repository/Maven/Maven3.2.2/local/repo/com/yonyou/iuap/iuap-jdbc/3.0.0-RELEASE/iuap-jdbc-3.0.0-RELEASE.jar!/com/yonyou/iuap/persistence/jdbc/framework/page/PageQuery.class]
10:20:58.256 [] [] [main] TRACE o.s.c.a.ClassPathBeanDefinitionScanner - Ignored because not matching any filter: URL [jar:file:/D:/devtool/repository/Maven/Maven3.2.2/local/repo/com/yonyou/iuap/iuap-jdbc/3.0.0-RELEASE/iuap-jdbc-3.0.0-RELEASE.jar!/com/yonyou/iuap/persistence/jdbc/framework/page/PageQuery.class]
10:20:58.256 [] [] [main] TRACE o.s.c.a.ClassPathBeanDefinitionScanner - Scanning URL [jar:file:/D:/devtool/repository/Maven/Maven3.2.2/local/repo/com/yonyou/iuap/iuap-jdbc/3.0.0-RELEASE/iuap-jdbc-3.0.0-RELEASE.jar!/com/yonyou/iuap/persistence/jdbc/framework/page/PostgresqlLimitSQLBuilder.class]
10:20:58.256 [] [] [main] TRACE o.s.c.a.ClassPathBeanDefinitionScanner - Ignored because not matching any filter: URL [jar:file:/D:/devtool/repository/Maven/Maven3.2.2/local/repo/com/yonyou/iuap/iuap-jdbc/3.0.0-RELEASE/iuap-jdbc-3.0.0-RELEASE.jar!/com/yonyou/iuap/persistence/jdbc/framework/page/PostgresqlLimitSQLBuilder.class]
10:20:58.256 [] [] [main] TRACE o.s.c.a.ClassPathBeanDefinitionScanner - Scanning URL [jar:file:/D:/devtool/repository/Maven/Maven3.2.2/local/repo/com/yonyou/iuap/iuap-jdbc/3.0.0-RELEASE/iuap-jdbc-3.0.0-RELEASE.jar!/com/yonyou/iuap/persistence/jdbc/framework/page/SQLBuilderFactory.class]
10:20:58.257 [] [] [main] TRACE o.s.c.a.ClassPathBeanDefinitionScanner - Ignored because not matching any filter: URL [jar:file:/D:/devtool/repository/Maven/Maven3.2.2/local/repo/com/yonyou/iuap/iuap-jdbc/3.0.0-RELEASE/iuap-jdbc-3.0.0-RELEASE.jar!/com/yonyou/iuap/persistence/jdbc/framework/page/SQLBuilderFactory.class]
10:20:58.257 [] [] [main] TRACE o.s.c.a.ClassPathBeanDefinitionScanner - Scanning URL [jar:file:/D:/devtool/repository/Maven/Maven3.2.2/local/repo/com/yonyou/iuap/iuap-jdbc/3.0.0-RELEASE/iuap-jdbc-3.0.0-RELEASE.jar!/com/yonyou/iuap/persistence/jdbc/framework/processor/ArrayListProcessor.class]
10:20:58.257 [] [] [main] TRACE o.s.c.a.ClassPathBeanDefinitionScanner - Ignored because not matching any filter: URL [jar:file:/D:/devtool/repository/Maven/Maven3.2.2/local/repo/com/yonyou/iuap/iuap-jdbc/3.0.0-RELEASE/iuap-jdbc-3.0.0-RELEASE.jar!/com/yonyou/iuap/persistence/jdbc/framework/processor/ArrayListProcessor.class]
10:20:58.257 [] [] [main] TRACE o.s.c.a.ClassPathBeanDefinitionScanner - Scanning URL [jar:file:/D:/devtool/repository/Maven/Maven3.2.2/local/repo/com/yonyou/iuap/iuap-jdbc/3.0.0-RELEASE/iuap-jdbc-3.0.0-RELEASE.jar!/com/yonyou/iuap/persistence/jdbc/framework/processor/ArrayProcessor.class]
10:20:58.257 [] [] [main] TRACE o.s.c.a.ClassPathBeanDefinitionScanner - Ignored because not matching any filter: URL [jar:file:/D:/devtool/repository/Maven/Maven3.2.2/local/repo/com/yonyou/iuap/iuap-jdbc/3.0.0-RELEASE/iuap-jdbc-3.0.0-RELEASE.jar!/com/yonyou/iuap/persistence/jdbc/framework/processor/ArrayProcessor.class]
10:20:58.257 [] [] [main] TRACE o.s.c.a.ClassPathBeanDefinitionScanner - Scanning URL [jar:file:/D:/devtool/repository/Maven/Maven3.2.2/local/repo/com/yonyou/iuap/iuap-jdbc/3.0.0-RELEASE/iuap-jdbc-3.0.0-RELEASE.jar!/com/yonyou/iuap/persistence/jdbc/framework/processor/BaseProcessor.class]
10:20:58.258 [] [] [main] TRACE o.s.c.a.ClassPathBeanDefinitionScanner - Ignored because not matching any filter: URL [jar:file:/D:/devtool/repository/Maven/Maven3.2.2/local/repo/com/yonyou/iuap/iuap-jdbc/3.0.0-RELEASE/iuap-jdbc-3.0.0-RELEASE.jar!/com/yonyou/iuap/persistence/jdbc/framework/processor/BaseProcessor.class]
10:20:58.258 [] [] [main] TRACE o.s.c.a.ClassPathBeanDefinitionScanner - Scanning URL [jar:file:/D:/devtool/repository/Maven/Maven3.2.2/local/repo/com/yonyou/iuap/iuap-jdbc/3.0.0-RELEASE/iuap-jdbc-3.0.0-RELEASE.jar!/com/yonyou/iuap/persistence/jdbc/framework/processor/BeanInitFactory$1.class]
10:20:58.258 [] [] [main] TRACE o.s.c.a.ClassPathBeanDefinitionScanner - Ignored because not matching any filter: URL [jar:file:/D:/devtool/repository/Maven/Maven3.2.2/local/repo/com/yonyou/iuap/iuap-jdbc/3.0.0-RELEASE/iuap-jdbc-3.0.0-RELEASE.jar!/com/yonyou/iuap/persistence/jdbc/framework/processor/BeanInitFactory$1.class]
10:20:58.258 [] [] [main] TRACE o.s.c.a.ClassPathBeanDefinitionScanner - Scanning URL [jar:file:/D:/devtool/repository/Maven/Maven3.2.2/local/repo/com/yonyou/iuap/iuap-jdbc/3.0.0-RELEASE/iuap-jdbc-3.0.0-RELEASE.jar!/com/yonyou/iuap/persistence/jdbc/framework/processor/BeanInitFactory.class]
10:20:58.258 [] [] [main] TRACE o.s.c.a.ClassPathBeanDefinitionScanner - Ignored because not matching any filter: URL [jar:file:/D:/devtool/repository/Maven/Maven3.2.2/local/repo/com/yonyou/iuap/iuap-jdbc/3.0.0-RELEASE/iuap-jdbc-3.0.0-RELEASE.jar!/com/yonyou/iuap/persistence/jdbc/framework/processor/BeanInitFactory.class]
10:20:58.258 [] [] [main] TRACE o.s.c.a.ClassPathBeanDefinitionScanner - Scanning URL [jar:file:/D:/devtool/repository/Maven/Maven3.2.2/local/repo/com/yonyou/iuap/iuap-jdbc/3.0.0-RELEASE/iuap-jdbc-3.0.0-RELEASE.jar!/com/yonyou/iuap/persistence/jdbc/framework/processor/BeanInitlizer.class]
10:20:58.259 [] [] [main] TRACE o.s.c.a.ClassPathBeanDefinitionScanner - Ignored because not matching any filter: URL [jar:file:/D:/devtool/repository/Maven/Maven3.2.2/local/repo/com/yonyou/iuap/iuap-jdbc/3.0.0-RELEASE/iuap-jdbc-3.0.0-RELEASE.jar!/com/yonyou/iuap/persistence/jdbc/framework/processor/BeanInitlizer.class]
10:20:58.259 [] [] [main] TRACE o.s.c.a.ClassPathBeanDefinitionScanner - Scanning URL [jar:file:/D:/devtool/repository/Maven/Maven3.2.2/local/repo/com/yonyou/iuap/iuap-jdbc/3.0.0-RELEASE/iuap-jdbc-3.0.0-RELEASE.jar!/com/yonyou/iuap/persistence/jdbc/framework/processor/BeanInitlizerImpl.class]
10:20:58.259 [] [] [main] TRACE o.s.c.a.ClassPathBeanDefinitionScanner - Ignored because not matching any filter: URL [jar:file:/D:/devtool/repository/Maven/Maven3.2.2/local/repo/com/yonyou/iuap/iuap-jdbc/3.0.0-RELEASE/iuap-jdbc-3.0.0-RELEASE.jar!/com/yonyou/iuap/persistence/jdbc/framework/processor/BeanInitlizerImpl.class]
10:20:58.259 [] [] [main] TRACE o.s.c.a.ClassPathBeanDefinitionScanner - Scanning URL [jar:file:/D:/devtool/repository/Maven/Maven3.2.2/local/repo/com/yonyou/iuap/iuap-jdbc/3.0.0-RELEASE/iuap-jdbc-3.0.0-RELEASE.jar!/com/yonyou/iuap/persistence/jdbc/framework/processor/BeanListProcessor.class]
10:20:58.259 [] [] [main] TRACE o.s.c.a.ClassPathBeanDefinitionScanner - Ignored because not matching any filter: URL [jar:file:/D:/devtool/repository/Maven/Maven3.2.2/local/repo/com/yonyou/iuap/iuap-jdbc/3.0.0-RELEASE/iuap-jdbc-3.0.0-RELEASE.jar!/com/yonyou/iuap/persistence/jdbc/framework/processor/BeanListProcessor.class]
10:20:58.259 [] [] [main] TRACE o.s.c.a.ClassPathBeanDefinitionScanner - Scanning URL [jar:file:/D:/devtool/repository/Maven/Maven3.2.2/local/repo/com/yonyou/iuap/iuap-jdbc/3.0.0-RELEASE/iuap-jdbc-3.0.0-RELEASE.jar!/com/yonyou/iuap/persistence/jdbc/framework/processor/BeanPagedListProcessor.class]
10:20:58.259 [] [] [main] TRACE o.s.c.a.ClassPathBeanDefinitionScanner - Ignored because not matching any filter: URL [jar:file:/D:/devtool/repository/Maven/Maven3.2.2/local/repo/com/yonyou/iuap/iuap-jdbc/3.0.0-RELEASE/iuap-jdbc-3.0.0-RELEASE.jar!/com/yonyou/iuap/persistence/jdbc/framework/processor/BeanPagedListProcessor.class]
10:20:58.260 [] [] [main] TRACE o.s.c.a.ClassPathBeanDefinitionScanner - Scanning URL [jar:file:/D:/devtool/repository/Maven/Maven3.2.2/local/repo/com/yonyou/iuap/iuap-jdbc/3.0.0-RELEASE/iuap-jdbc-3.0.0-RELEASE.jar!/com/yonyou/iuap/persistence/jdbc/framework/processor/BeanProcessor.class]
10:20:58.260 [] [] [main] TRACE o.s.c.a.ClassPathBeanDefinitionScanner - Ignored because not matching any filter: URL [jar:file:/D:/devtool/repository/Maven/Maven3.2.2/local/repo/com/yonyou/iuap/iuap-jdbc/3.0.0-RELEASE/iuap-jdbc-3.0.0-RELEASE.jar!/com/yonyou/iuap/persistence/jdbc/framework/processor/BeanProcessor.class]
10:20:58.260 [] [] [main] TRACE o.s.c.a.ClassPathBeanDefinitionScanner - Scanning URL [jar:file:/D:/devtool/repository/Maven/Maven3.2.2/local/repo/com/yonyou/iuap/iuap-jdbc/3.0.0-RELEASE/iuap-jdbc-3.0.0-RELEASE.jar!/com/yonyou/iuap/persistence/jdbc/framework/processor/ColumnListProcessor.class]
10:20:58.260 [] [] [main] TRACE o.s.c.a.ClassPathBeanDefinitionScanner - Ignored because not matching any filter: URL [jar:file:/D:/devtool/repository/Maven/Maven3.2.2/local/repo/com/yonyou/iuap/iuap-jdbc/3.0.0-RELEASE/iuap-jdbc-3.0.0-RELEASE.jar!/com/yonyou/iuap/persistence/jdbc/framework/processor/ColumnListProcessor.class]
10:20:58.260 [] [] [main] TRACE o.s.c.a.ClassPathBeanDefinitionScanner - Scanning URL [jar:file:/D:/devtool/repository/Maven/Maven3.2.2/local/repo/com/yonyou/iuap/iuap-jdbc/3.0.0-RELEASE/iuap-jdbc-3.0.0-RELEASE.jar!/com/yonyou/iuap/persistence/jdbc/framework/processor/ColumnProcessor.class]
10:20:58.260 [] [] [main] TRACE o.s.c.a.ClassPathBeanDefinitionScanner - Ignored because not matching any filter: URL [jar:file:/D:/devtool/repository/Maven/Maven3.2.2/local/repo/com/yonyou/iuap/iuap-jdbc/3.0.0-RELEASE/iuap-jdbc-3.0.0-RELEASE.jar!/com/yonyou/iuap/persistence/jdbc/framework/processor/ColumnProcessor.class]
10:20:58.260 [] [] [main] TRACE o.s.c.a.ClassPathBeanDefinitionScanner - Scanning URL [jar:file:/D:/devtool/repository/Maven/Maven3.2.2/local/repo/com/yonyou/iuap/iuap-jdbc/3.0.0-RELEASE/iuap-jdbc-3.0.0-RELEASE.jar!/com/yonyou/iuap/persistence/jdbc/framework/processor/CSVProcessor.class]
10:20:58.261 [] [] [main] TRACE o.s.c.a.ClassPathBeanDefinitionScanner - Ignored because not matching any filter: URL [jar:file:/D:/devtool/repository/Maven/Maven3.2.2/local/repo/com/yonyou/iuap/iuap-jdbc/3.0.0-RELEASE/iuap-jdbc-3.0.0-RELEASE.jar!/com/yonyou/iuap/persistence/jdbc/framework/processor/CSVProcessor.class]
10:20:58.261 [] [] [main] TRACE o.s.c.a.ClassPathBeanDefinitionScanner - Scanning URL [jar:file:/D:/devtool/repository/Maven/Maven3.2.2/local/repo/com/yonyou/iuap/iuap-jdbc/3.0.0-RELEASE/iuap-jdbc-3.0.0-RELEASE.jar!/com/yonyou/iuap/persistence/jdbc/framework/processor/JSONProcessor.class]
10:20:58.261 [] [] [main] TRACE o.s.c.a.ClassPathBeanDefinitionScanner - Ignored because not matching any filter: URL [jar:file:/D:/devtool/repository/Maven/Maven3.2.2/local/repo/com/yonyou/iuap/iuap-jdbc/3.0.0-RELEASE/iuap-jdbc-3.0.0-RELEASE.jar!/com/yonyou/iuap/persistence/jdbc/framework/processor/JSONProcessor.class]
10:20:58.261 [] [] [main] TRACE o.s.c.a.ClassPathBeanDefinitionScanner - Scanning URL [jar:file:/D:/devtool/repository/Maven/Maven3.2.2/local/repo/com/yonyou/iuap/iuap-jdbc/3.0.0-RELEASE/iuap-jdbc-3.0.0-RELEASE.jar!/com/yonyou/iuap/persistence/jdbc/framework/processor/JSONSerializer.class]
10:20:58.261 [] [] [main] TRACE o.s.c.a.ClassPathBeanDefinitionScanner - Ignored because not matching any filter: URL [jar:file:/D:/devtool/repository/Maven/Maven3.2.2/local/repo/com/yonyou/iuap/iuap-jdbc/3.0.0-RELEASE/iuap-jdbc-3.0.0-RELEASE.jar!/com/yonyou/iuap/persistence/jdbc/framework/processor/JSONSerializer.class]
10:20:58.261 [] [] [main] TRACE o.s.c.a.ClassPathBeanDefinitionScanner - Scanning URL [jar:file:/D:/devtool/repository/Maven/Maven3.2.2/local/repo/com/yonyou/iuap/iuap-jdbc/3.0.0-RELEASE/iuap-jdbc-3.0.0-RELEASE.jar!/com/yonyou/iuap/persistence/jdbc/framework/processor/lazy/AbstractLazyCallback.class]
10:20:58.262 [] [] [main] TRACE o.s.c.a.ClassPathBeanDefinitionScanner - Ignored because not matching any filter: URL [jar:file:/D:/devtool/repository/Maven/Maven3.2.2/local/repo/com/yonyou/iuap/iuap-jdbc/3.0.0-RELEASE/iuap-jdbc-3.0.0-RELEASE.jar!/com/yonyou/iuap/persistence/jdbc/framework/processor/lazy/AbstractLazyCallback.class]
10:20:58.262 [] [] [main] TRACE o.s.c.a.ClassPathBeanDefinitionScanner - Scanning URL [jar:file:/D:/devtool/repository/Maven/Maven3.2.2/local/repo/com/yonyou/iuap/iuap-jdbc/3.0.0-RELEASE/iuap-jdbc-3.0.0-RELEASE.jar!/com/yonyou/iuap/persistence/jdbc/framework/processor/lazy/ChildEnum.class]
10:20:58.262 [] [] [main] TRACE o.s.c.a.ClassPathBeanDefinitionScanner - Ignored because not matching any filter: URL [jar:file:/D:/devtool/repository/Maven/Maven3.2.2/local/repo/com/yonyou/iuap/iuap-jdbc/3.0.0-RELEASE/iuap-jdbc-3.0.0-RELEASE.jar!/com/yonyou/iuap/persistence/jdbc/framework/processor/lazy/ChildEnum.class]
10:20:58.262 [] [] [main] TRACE o.s.c.a.ClassPathBeanDefinitionScanner - Scanning URL [jar:file:/D:/devtool/repository/Maven/Maven3.2.2/local/repo/com/yonyou/iuap/iuap-jdbc/3.0.0-RELEASE/iuap-jdbc-3.0.0-RELEASE.jar!/com/yonyou/iuap/persistence/jdbc/framework/processor/lazy/DefaultLazyCallbackFinder$1.class]
10:20:58.262 [] [] [main] TRACE o.s.c.a.ClassPathBeanDefinitionScanner - Ignored because not matching any filter: URL [jar:file:/D:/devtool/repository/Maven/Maven3.2.2/local/repo/com/yonyou/iuap/iuap-jdbc/3.0.0-RELEASE/iuap-jdbc-3.0.0-RELEASE.jar!/com/yonyou/iuap/persistence/jdbc/framework/processor/lazy/DefaultLazyCallbackFinder$1.class]
10:20:58.262 [] [] [main] TRACE o.s.c.a.ClassPathBeanDefinitionScanner - Scanning URL [jar:file:/D:/devtool/repository/Maven/Maven3.2.2/local/repo/com/yonyou/iuap/iuap-jdbc/3.0.0-RELEASE/iuap-jdbc-3.0.0-RELEASE.jar!/com/yonyou/iuap/persistence/jdbc/framework/processor/lazy/DefaultLazyCallbackFinder$InnerInstance.class]
10:20:58.262 [] [] [main] TRACE o.s.c.a.ClassPathBeanDefinitionScanner - Ignored because not matching any filter: URL [jar:file:/D:/devtool/repository/Maven/Maven3.2.2/local/repo/com/yonyou/iuap/iuap-jdbc/3.0.0-RELEASE/iuap-jdbc-3.0.0-RELEASE.jar!/com/yonyou/iuap/persistence/jdbc/framework/processor/lazy/DefaultLazyCallbackFinder$InnerInstance.class]
10:20:58.262 [] [] [main] TRACE o.s.c.a.ClassPathBeanDefinitionScanner - Scanning URL [jar:file:/D:/devtool/repository/Maven/Maven3.2.2/local/repo/com/yonyou/iuap/iuap-jdbc/3.0.0-RELEASE/iuap-jdbc-3.0.0-RELEASE.jar!/com/yonyou/iuap/persistence/jdbc/framework/processor/lazy/DefaultLazyCallbackFinder.class]
10:20:58.263 [] [] [main] TRACE o.s.c.a.ClassPathBeanDefinitionScanner - Ignored because not matching any filter: URL [jar:file:/D:/devtool/repository/Maven/Maven3.2.2/local/repo/com/yonyou/iuap/iuap-jdbc/3.0.0-RELEASE/iuap-jdbc-3.0.0-RELEASE.jar!/com/yonyou/iuap/persistence/jdbc/framework/processor/lazy/DefaultLazyCallbackFinder.class]
10:20:58.263 [] [] [main] TRACE o.s.c.a.ClassPathBeanDefinitionScanner - Scanning URL [jar:file:/D:/devtool/repository/Maven/Maven3.2.2/local/repo/com/yonyou/iuap/iuap-jdbc/3.0.0-RELEASE/iuap-jdbc-3.0.0-RELEASE.jar!/com/yonyou/iuap/persistence/jdbc/framework/processor/lazy/impl/ListLazyCallback.class]
10:20:58.263 [] [] [main] TRACE o.s.c.a.ClassPathBeanDefinitionScanner - Ignored because not matching any filter: URL [jar:file:/D:/devtool/repository/Maven/Maven3.2.2/local/repo/com/yonyou/iuap/iuap-jdbc/3.0.0-RELEASE/iuap-jdbc-3.0.0-RELEASE.jar!/com/yonyou/iuap/persistence/jdbc/framework/processor/lazy/impl/ListLazyCallback.class]
10:20:58.263 [] [] [main] TRACE o.s.c.a.ClassPathBeanDefinitionScanner - Scanning URL [jar:file:/D:/devtool/repository/Maven/Maven3.2.2/local/repo/com/yonyou/iuap/iuap-jdbc/3.0.0-RELEASE/iuap-jdbc-3.0.0-RELEASE.jar!/com/yonyou/iuap/persistence/jdbc/framework/processor/lazy/impl/RefLazyCallback.class]
10:20:58.263 [] [] [main] TRACE o.s.c.a.ClassPathBeanDefinitionScanner - Ignored because not matching any filter: URL [jar:file:/D:/devtool/repository/Maven/Maven3.2.2/local/repo/com/yonyou/iuap/iuap-jdbc/3.0.0-RELEASE/iuap-jdbc-3.0.0-RELEASE.jar!/com/yonyou/iuap/persistence/jdbc/framework/processor/lazy/impl/RefLazyCallback.class]
10:20:58.263 [] [] [main] TRACE o.s.c.a.ClassPathBeanDefinitionScanner - Scanning URL [jar:file:/D:/devtool/repository/Maven/Maven3.2.2/local/repo/com/yonyou/iuap/iuap-jdbc/3.0.0-RELEASE/iuap-jdbc-3.0.0-RELEASE.jar!/com/yonyou/iuap/persistence/jdbc/framework/processor/lazy/LazyCallbackFactory$1.class]
10:20:58.264 [] [] [main] TRACE o.s.c.a.ClassPathBeanDefinitionScanner - Ignored because not matching any filter: URL [jar:file:/D:/devtool/repository/Maven/Maven3.2.2/local/repo/com/yonyou/iuap/iuap-jdbc/3.0.0-RELEASE/iuap-jdbc-3.0.0-RELEASE.jar!/com/yonyou/iuap/persistence/jdbc/framework/processor/lazy/LazyCallbackFactory$1.class]
10:20:58.264 [] [] [main] TRACE o.s.c.a.ClassPathBeanDefinitionScanner - Scanning URL [jar:file:/D:/devtool/repository/Maven/Maven3.2.2/local/repo/com/yonyou/iuap/iuap-jdbc/3.0.0-RELEASE/iuap-jdbc-3.0.0-RELEASE.jar!/com/yonyou/iuap/persistence/jdbc/framework/processor/lazy/LazyCallbackFactory.class]
10:20:58.264 [] [] [main] TRACE o.s.c.a.ClassPathBeanDefinitionScanner - Ignored because not matching any filter: URL [jar:file:/D:/devtool/repository/Maven/Maven3.2.2/local/repo/com/yonyou/iuap/iuap-jdbc/3.0.0-RELEASE/iuap-jdbc-3.0.0-RELEASE.jar!/com/yonyou/iuap/persistence/jdbc/framework/processor/lazy/LazyCallbackFactory.class]
10:20:58.264 [] [] [main] TRACE o.s.c.a.ClassPathBeanDefinitionScanner - Scanning URL [jar:file:/D:/devtool/repository/Maven/Maven3.2.2/local/repo/com/yonyou/iuap/iuap-jdbc/3.0.0-RELEASE/iuap-jdbc-3.0.0-RELEASE.jar!/com/yonyou/iuap/persistence/jdbc/framework/processor/lazy/LazyCallbackFinder.class]
10:20:58.264 [] [] [main] TRACE o.s.c.a.ClassPathBeanDefinitionScanner - Ignored because not matching any filter: URL [jar:file:/D:/devtool/repository/Maven/Maven3.2.2/local/repo/com/yonyou/iuap/iuap-jdbc/3.0.0-RELEASE/iuap-jdbc-3.0.0-RELEASE.jar!/com/yonyou/iuap/persistence/jdbc/framework/processor/lazy/LazyCallbackFinder.class]
10:20:58.264 [] [] [main] TRACE o.s.c.a.ClassPathBeanDefinitionScanner - Scanning URL [jar:file:/D:/devtool/repository/Maven/Maven3.2.2/local/repo/com/yonyou/iuap/iuap-jdbc/3.0.0-RELEASE/iuap-jdbc-3.0.0-RELEASE.jar!/com/yonyou/iuap/persistence/jdbc/framework/processor/lazy/LazyContextParam.class]
10:20:58.264 [] [] [main] TRACE o.s.c.a.ClassPathBeanDefinitionScanner - Ignored because not matching any filter: URL [jar:file:/D:/devtool/repository/Maven/Maven3.2.2/local/repo/com/yonyou/iuap/iuap-jdbc/3.0.0-RELEASE/iuap-jdbc-3.0.0-RELEASE.jar!/com/yonyou/iuap/persistence/jdbc/framework/processor/lazy/LazyContextParam.class]
10:20:58.264 [] [] [main] TRACE o.s.c.a.ClassPathBeanDefinitionScanner - Scanning URL [jar:file:/D:/devtool/repository/Maven/Maven3.2.2/local/repo/com/yonyou/iuap/iuap-jdbc/3.0.0-RELEASE/iuap-jdbc-3.0.0-RELEASE.jar!/com/yonyou/iuap/persistence/jdbc/framework/processor/lazy/LazyCreator.class]
10:20:58.265 [] [] [main] TRACE o.s.c.a.ClassPathBeanDefinitionScanner - Ignored because not matching any filter: URL [jar:file:/D:/devtool/repository/Maven/Maven3.2.2/local/repo/com/yonyou/iuap/iuap-jdbc/3.0.0-RELEASE/iuap-jdbc-3.0.0-RELEASE.jar!/com/yonyou/iuap/persistence/jdbc/framework/processor/lazy/LazyCreator.class]
10:20:58.265 [] [] [main] TRACE o.s.c.a.ClassPathBeanDefinitionScanner - Scanning URL [jar:file:/D:/devtool/repository/Maven/Maven3.2.2/local/repo/com/yonyou/iuap/iuap-jdbc/3.0.0-RELEASE/iuap-jdbc-3.0.0-RELEASE.jar!/com/yonyou/iuap/persistence/jdbc/framework/processor/lazy/UAPLazyLoader.class]
10:20:58.265 [] [] [main] TRACE o.s.c.a.ClassPathBeanDefinitionScanner - Ignored because not matching any filter: URL [jar:file:/D:/devtool/repository/Maven/Maven3.2.2/local/repo/com/yonyou/iuap/iuap-jdbc/3.0.0-RELEASE/iuap-jdbc-3.0.0-RELEASE.jar!/com/yonyou/iuap/persistence/jdbc/framework/processor/lazy/UAPLazyLoader.class]
10:20:58.265 [] [] [main] TRACE o.s.c.a.ClassPathBeanDefinitionScanner - Scanning URL [jar:file:/D:/devtool/repository/Maven/Maven3.2.2/local/repo/com/yonyou/iuap/iuap-jdbc/3.0.0-RELEASE/iuap-jdbc-3.0.0-RELEASE.jar!/com/yonyou/iuap/persistence/jdbc/framework/processor/MapListProcessor.class]
10:20:58.265 [] [] [main] TRACE o.s.c.a.ClassPathBeanDefinitionScanner - Ignored because not matching any filter: URL [jar:file:/D:/devtool/repository/Maven/Maven3.2.2/local/repo/com/yonyou/iuap/iuap-jdbc/3.0.0-RELEASE/iuap-jdbc-3.0.0-RELEASE.jar!/com/yonyou/iuap/persistence/jdbc/framework/processor/MapListProcessor.class]
10:20:58.265 [] [] [main] TRACE o.s.c.a.ClassPathBeanDefinitionScanner - Scanning URL [jar:file:/D:/devtool/repository/Maven/Maven3.2.2/local/repo/com/yonyou/iuap/iuap-jdbc/3.0.0-RELEASE/iuap-jdbc-3.0.0-RELEASE.jar!/com/yonyou/iuap/persistence/jdbc/framework/processor/MapProcessor.class]
10:20:58.266 [] [] [main] TRACE o.s.c.a.ClassPathBeanDefinitionScanner - Ignored because not matching any filter: URL [jar:file:/D:/devtool/repository/Maven/Maven3.2.2/local/repo/com/yonyou/iuap/iuap-jdbc/3.0.0-RELEASE/iuap-jdbc-3.0.0-RELEASE.jar!/com/yonyou/iuap/persistence/jdbc/framework/processor/MapProcessor.class]
10:20:58.266 [] [] [main] TRACE o.s.c.a.ClassPathBeanDefinitionScanner - Scanning URL [jar:file:/D:/devtool/repository/Maven/Maven3.2.2/local/repo/com/yonyou/iuap/iuap-jdbc/3.0.0-RELEASE/iuap-jdbc-3.0.0-RELEASE.jar!/com/yonyou/iuap/persistence/jdbc/framework/processor/OutputStreamProcessor.class]
10:20:58.266 [] [] [main] TRACE o.s.c.a.ClassPathBeanDefinitionScanner - Ignored because not matching any filter: URL [jar:file:/D:/devtool/repository/Maven/Maven3.2.2/local/repo/com/yonyou/iuap/iuap-jdbc/3.0.0-RELEASE/iuap-jdbc-3.0.0-RELEASE.jar!/com/yonyou/iuap/persistence/jdbc/framework/processor/OutputStreamProcessor.class]
10:20:58.266 [] [] [main] TRACE o.s.c.a.ClassPathBeanDefinitionScanner - Scanning URL [jar:file:/D:/devtool/repository/Maven/Maven3.2.2/local/repo/com/yonyou/iuap/iuap-jdbc/3.0.0-RELEASE/iuap-jdbc-3.0.0-RELEASE.jar!/com/yonyou/iuap/persistence/jdbc/framework/processor/ProcessorUtils$1.class]
10:20:58.266 [] [] [main] TRACE o.s.c.a.ClassPathBeanDefinitionScanner - Ignored because not matching any filter: URL [jar:file:/D:/devtool/repository/Maven/Maven3.2.2/local/repo/com/yonyou/iuap/iuap-jdbc/3.0.0-RELEASE/iuap-jdbc-3.0.0-RELEASE.jar!/com/yonyou/iuap/persistence/jdbc/framework/processor/ProcessorUtils$1.class]
10:20:58.266 [] [] [main] TRACE o.s.c.a.ClassPathBeanDefinitionScanner - Scanning URL [jar:file:/D:/devtool/repository/Maven/Maven3.2.2/local/repo/com/yonyou/iuap/iuap-jdbc/3.0.0-RELEASE/iuap-jdbc-3.0.0-RELEASE.jar!/com/yonyou/iuap/persistence/jdbc/framework/processor/ProcessorUtils$MethodAndTypes.class]
10:20:58.266 [] [] [main] TRACE o.s.c.a.ClassPathBeanDefinitionScanner - Ignored because not matching any filter: URL [jar:file:/D:/devtool/repository/Maven/Maven3.2.2/local/repo/com/yonyou/iuap/iuap-jdbc/3.0.0-RELEASE/iuap-jdbc-3.0.0-RELEASE.jar!/com/yonyou/iuap/persistence/jdbc/framework/processor/ProcessorUtils$MethodAndTypes.class]
10:20:58.266 [] [] [main] TRACE o.s.c.a.ClassPathBeanDefinitionScanner - Scanning URL [jar:file:/D:/devtool/repository/Maven/Maven3.2.2/local/repo/com/yonyou/iuap/iuap-jdbc/3.0.0-RELEASE/iuap-jdbc-3.0.0-RELEASE.jar!/com/yonyou/iuap/persistence/jdbc/framework/processor/ProcessorUtils.class]
10:20:58.267 [] [] [main] TRACE o.s.c.a.ClassPathBeanDefinitionScanner - Ignored because not matching any filter: URL [jar:file:/D:/devtool/repository/Maven/Maven3.2.2/local/repo/com/yonyou/iuap/iuap-jdbc/3.0.0-RELEASE/iuap-jdbc-3.0.0-RELEASE.jar!/com/yonyou/iuap/persistence/jdbc/framework/processor/ProcessorUtils.class]
10:20:58.267 [] [] [main] TRACE o.s.c.a.ClassPathBeanDefinitionScanner - Scanning URL [jar:file:/D:/devtool/repository/Maven/Maven3.2.2/local/repo/com/yonyou/iuap/iuap-jdbc/3.0.0-RELEASE/iuap-jdbc-3.0.0-RELEASE.jar!/com/yonyou/iuap/persistence/jdbc/framework/processor/ResultSetProcessor.class]
10:20:58.267 [] [] [main] TRACE o.s.c.a.ClassPathBeanDefinitionScanner - Ignored because not matching any filter: URL [jar:file:/D:/devtool/repository/Maven/Maven3.2.2/local/repo/com/yonyou/iuap/iuap-jdbc/3.0.0-RELEASE/iuap-jdbc-3.0.0-RELEASE.jar!/com/yonyou/iuap/persistence/jdbc/framework/processor/ResultSetProcessor.class]
10:20:58.267 [] [] [main] TRACE o.s.c.a.ClassPathBeanDefinitionScanner - Scanning URL [jar:file:/D:/devtool/repository/Maven/Maven3.2.2/local/repo/com/yonyou/iuap/iuap-jdbc/3.0.0-RELEASE/iuap-jdbc-3.0.0-RELEASE.jar!/com/yonyou/iuap/persistence/jdbc/framework/processor/TableModelProcessor.class]
10:20:58.267 [] [] [main] TRACE o.s.c.a.ClassPathBeanDefinitionScanner - Ignored because not matching any filter: URL [jar:file:/D:/devtool/repository/Maven/Maven3.2.2/local/repo/com/yonyou/iuap/iuap-jdbc/3.0.0-RELEASE/iuap-jdbc-3.0.0-RELEASE.jar!/com/yonyou/iuap/persistence/jdbc/framework/processor/TableModelProcessor.class]
10:20:58.267 [] [] [main] TRACE o.s.c.a.ClassPathBeanDefinitionScanner - Scanning URL [jar:file:/D:/devtool/repository/Maven/Maven3.2.2/local/repo/com/yonyou/iuap/iuap-jdbc/3.0.0-RELEASE/iuap-jdbc-3.0.0-RELEASE.jar!/com/yonyou/iuap/persistence/jdbc/framework/processor/VectorProcessor.class]
10:20:58.268 [] [] [main] TRACE o.s.c.a.ClassPathBeanDefinitionScanner - Ignored because not matching any filter: URL [jar:file:/D:/devtool/repository/Maven/Maven3.2.2/local/repo/com/yonyou/iuap/iuap-jdbc/3.0.0-RELEASE/iuap-jdbc-3.0.0-RELEASE.jar!/com/yonyou/iuap/persistence/jdbc/framework/processor/VectorProcessor.class]
10:20:58.268 [] [] [main] TRACE o.s.c.a.ClassPathBeanDefinitionScanner - Scanning URL [jar:file:/D:/devtool/repository/Maven/Maven3.2.2/local/repo/com/yonyou/iuap/iuap-jdbc/3.0.0-RELEASE/iuap-jdbc-3.0.0-RELEASE.jar!/com/yonyou/iuap/persistence/jdbc/framework/processor/XMLProcessor.class]
10:20:58.268 [] [] [main] TRACE o.s.c.a.ClassPathBeanDefinitionScanner - Ignored because not matching any filter: URL [jar:file:/D:/devtool/repository/Maven/Maven3.2.2/local/repo/com/yonyou/iuap/iuap-jdbc/3.0.0-RELEASE/iuap-jdbc-3.0.0-RELEASE.jar!/com/yonyou/iuap/persistence/jdbc/framework/processor/XMLProcessor.class]
10:20:58.268 [] [] [main] TRACE o.s.c.a.ClassPathBeanDefinitionScanner - Scanning URL [jar:file:/D:/devtool/repository/Maven/Maven3.2.2/local/repo/com/yonyou/iuap/iuap-jdbc/3.0.0-RELEASE/iuap-jdbc-3.0.0-RELEASE.jar!/com/yonyou/iuap/persistence/jdbc/framework/SQLParameter.class]
10:20:58.268 [] [] [main] TRACE o.s.c.a.ClassPathBeanDefinitionScanner - Ignored because not matching any filter: URL [jar:file:/D:/devtool/repository/Maven/Maven3.2.2/local/repo/com/yonyou/iuap/iuap-jdbc/3.0.0-RELEASE/iuap-jdbc-3.0.0-RELEASE.jar!/com/yonyou/iuap/persistence/jdbc/framework/SQLParameter.class]
10:20:58.269 [] [] [main] TRACE o.s.c.a.ClassPathBeanDefinitionScanner - Scanning URL [jar:file:/D:/devtool/repository/Maven/Maven3.2.2/local/repo/com/yonyou/iuap/iuap-jdbc/3.0.0-RELEASE/iuap-jdbc-3.0.0-RELEASE.jar!/com/yonyou/iuap/persistence/jdbc/framework/type/BlobObject.class]
10:20:58.269 [] [] [main] TRACE o.s.c.a.ClassPathBeanDefinitionScanner - Ignored because not matching any filter: URL [jar:file:/D:/devtool/repository/Maven/Maven3.2.2/local/repo/com/yonyou/iuap/iuap-jdbc/3.0.0-RELEASE/iuap-jdbc-3.0.0-RELEASE.jar!/com/yonyou/iuap/persistence/jdbc/framework/type/BlobObject.class]
10:20:58.269 [] [] [main] TRACE o.s.c.a.ClassPathBeanDefinitionScanner - Scanning URL [jar:file:/D:/devtool/repository/Maven/Maven3.2.2/local/repo/com/yonyou/iuap/iuap-jdbc/3.0.0-RELEASE/iuap-jdbc-3.0.0-RELEASE.jar!/com/yonyou/iuap/persistence/jdbc/framework/type/BlobParamType.class]
10:20:58.269 [] [] [main] TRACE o.s.c.a.ClassPathBeanDefinitionScanner - Ignored because not matching any filter: URL [jar:file:/D:/devtool/repository/Maven/Maven3.2.2/local/repo/com/yonyou/iuap/iuap-jdbc/3.0.0-RELEASE/iuap-jdbc-3.0.0-RELEASE.jar!/com/yonyou/iuap/persistence/jdbc/framework/type/BlobParamType.class]
10:20:58.269 [] [] [main] TRACE o.s.c.a.ClassPathBeanDefinitionScanner - Scanning URL [jar:file:/D:/devtool/repository/Maven/Maven3.2.2/local/repo/com/yonyou/iuap/iuap-jdbc/3.0.0-RELEASE/iuap-jdbc-3.0.0-RELEASE.jar!/com/yonyou/iuap/persistence/jdbc/framework/type/ClobParamType.class]
10:20:58.269 [] [] [main] TRACE o.s.c.a.ClassPathBeanDefinitionScanner - Ignored because not matching any filter: URL [jar:file:/D:/devtool/repository/Maven/Maven3.2.2/local/repo/com/yonyou/iuap/iuap-jdbc/3.0.0-RELEASE/iuap-jdbc-3.0.0-RELEASE.jar!/com/yonyou/iuap/persistence/jdbc/framework/type/ClobParamType.class]
10:20:58.269 [] [] [main] TRACE o.s.c.a.ClassPathBeanDefinitionScanner - Scanning URL [jar:file:/D:/devtool/repository/Maven/Maven3.2.2/local/repo/com/yonyou/iuap/iuap-jdbc/3.0.0-RELEASE/iuap-jdbc-3.0.0-RELEASE.jar!/com/yonyou/iuap/persistence/jdbc/framework/type/EntityType.class]
10:20:58.270 [] [] [main] TRACE o.s.c.a.ClassPathBeanDefinitionScanner - Ignored because not matching any filter: URL [jar:file:/D:/devtool/repository/Maven/Maven3.2.2/local/repo/com/yonyou/iuap/iuap-jdbc/3.0.0-RELEASE/iuap-jdbc-3.0.0-RELEASE.jar!/com/yonyou/iuap/persistence/jdbc/framework/type/EntityType.class]
10:20:58.270 [] [] [main] TRACE o.s.c.a.ClassPathBeanDefinitionScanner - Scanning URL [jar:file:/D:/devtool/repository/Maven/Maven3.2.2/local/repo/com/yonyou/iuap/iuap-jdbc/3.0.0-RELEASE/iuap-jdbc-3.0.0-RELEASE.jar!/com/yonyou/iuap/persistence/jdbc/framework/type/NullParamType.class]
10:20:58.270 [] [] [main] TRACE o.s.c.a.ClassPathBeanDefinitionScanner - Ignored because not matching any filter: URL [jar:file:/D:/devtool/repository/Maven/Maven3.2.2/local/repo/com/yonyou/iuap/iuap-jdbc/3.0.0-RELEASE/iuap-jdbc-3.0.0-RELEASE.jar!/com/yonyou/iuap/persistence/jdbc/framework/type/NullParamType.class]
10:20:58.270 [] [] [main] TRACE o.s.c.a.ClassPathBeanDefinitionScanner - Scanning URL [jar:file:/D:/devtool/repository/Maven/Maven3.2.2/local/repo/com/yonyou/iuap/iuap-jdbc/3.0.0-RELEASE/iuap-jdbc-3.0.0-RELEASE.jar!/com/yonyou/iuap/persistence/jdbc/framework/type/SQLParamType.class]
10:20:58.270 [] [] [main] TRACE o.s.c.a.ClassPathBeanDefinitionScanner - Ignored because not matching any filter: URL [jar:file:/D:/devtool/repository/Maven/Maven3.2.2/local/repo/com/yonyou/iuap/iuap-jdbc/3.0.0-RELEASE/iuap-jdbc-3.0.0-RELEASE.jar!/com/yonyou/iuap/persistence/jdbc/framework/type/SQLParamType.class]
10:20:58.270 [] [] [main] TRACE o.s.c.a.ClassPathBeanDefinitionScanner - Scanning URL [jar:file:/D:/devtool/repository/Maven/Maven3.2.2/local/repo/com/yonyou/iuap/iuap-jdbc/3.0.0-RELEASE/iuap-jdbc-3.0.0-RELEASE.jar!/com/yonyou/iuap/persistence/jdbc/framework/type/SQLTypeFactory.class]
10:20:58.272 [] [] [main] TRACE o.s.c.a.ClassPathBeanDefinitionScanner - Ignored because not matching any filter: URL [jar:file:/D:/devtool/repository/Maven/Maven3.2.2/local/repo/com/yonyou/iuap/iuap-jdbc/3.0.0-RELEASE/iuap-jdbc-3.0.0-RELEASE.jar!/com/yonyou/iuap/persistence/jdbc/framework/type/SQLTypeFactory.class]
10:20:58.272 [] [] [main] TRACE o.s.c.a.ClassPathBeanDefinitionScanner - Scanning URL [jar:file:/D:/devtool/repository/Maven/Maven3.2.2/local/repo/com/yonyou/iuap/iuap-jdbc/3.0.0-RELEASE/iuap-jdbc-3.0.0-RELEASE.jar!/com/yonyou/iuap/persistence/jdbc/framework/util/BigDecimalConverter.class]
10:20:58.272 [] [] [main] TRACE o.s.c.a.ClassPathBeanDefinitionScanner - Ignored because not matching any filter: URL [jar:file:/D:/devtool/repository/Maven/Maven3.2.2/local/repo/com/yonyou/iuap/iuap-jdbc/3.0.0-RELEASE/iuap-jdbc-3.0.0-RELEASE.jar!/com/yonyou/iuap/persistence/jdbc/framework/util/BigDecimalConverter.class]
10:20:58.272 [] [] [main] TRACE o.s.c.a.ClassPathBeanDefinitionScanner - Scanning URL [jar:file:/D:/devtool/repository/Maven/Maven3.2.2/local/repo/com/yonyou/iuap/iuap-jdbc/3.0.0-RELEASE/iuap-jdbc-3.0.0-RELEASE.jar!/com/yonyou/iuap/persistence/jdbc/framework/util/BigIntegerConverter.class]
10:20:58.272 [] [] [main] TRACE o.s.c.a.ClassPathBeanDefinitionScanner - Ignored because not matching any filter: URL [jar:file:/D:/devtool/repository/Maven/Maven3.2.2/local/repo/com/yonyou/iuap/iuap-jdbc/3.0.0-RELEASE/iuap-jdbc-3.0.0-RELEASE.jar!/com/yonyou/iuap/persistence/jdbc/framework/util/BigIntegerConverter.class]
10:20:58.272 [] [] [main] TRACE o.s.c.a.ClassPathBeanDefinitionScanner - Scanning URL [jar:file:/D:/devtool/repository/Maven/Maven3.2.2/local/repo/com/yonyou/iuap/iuap-jdbc/3.0.0-RELEASE/iuap-jdbc-3.0.0-RELEASE.jar!/com/yonyou/iuap/persistence/jdbc/framework/util/BlobConvertor.class]
10:20:58.273 [] [] [main] TRACE o.s.c.a.ClassPathBeanDefinitionScanner - Ignored because not matching any filter: URL [jar:file:/D:/devtool/repository/Maven/Maven3.2.2/local/repo/com/yonyou/iuap/iuap-jdbc/3.0.0-RELEASE/iuap-jdbc-3.0.0-RELEASE.jar!/com/yonyou/iuap/persistence/jdbc/framework/util/BlobConvertor.class]
10:20:58.273 [] [] [main] TRACE o.s.c.a.ClassPathBeanDefinitionScanner - Scanning URL [jar:file:/D:/devtool/repository/Maven/Maven3.2.2/local/repo/com/yonyou/iuap/iuap-jdbc/3.0.0-RELEASE/iuap-jdbc-3.0.0-RELEASE.jar!/com/yonyou/iuap/persistence/jdbc/framework/util/BooleanConverter.class]
10:20:58.273 [] [] [main] TRACE o.s.c.a.ClassPathBeanDefinitionScanner - Ignored because not matching any filter: URL [jar:file:/D:/devtool/repository/Maven/Maven3.2.2/local/repo/com/yonyou/iuap/iuap-jdbc/3.0.0-RELEASE/iuap-jdbc-3.0.0-RELEASE.jar!/com/yonyou/iuap/persistence/jdbc/framework/util/BooleanConverter.class]
10:20:58.273 [] [] [main] TRACE o.s.c.a.ClassPathBeanDefinitionScanner - Scanning URL [jar:file:/D:/devtool/repository/Maven/Maven3.2.2/local/repo/com/yonyou/iuap/iuap-jdbc/3.0.0-RELEASE/iuap-jdbc-3.0.0-RELEASE.jar!/com/yonyou/iuap/persistence/jdbc/framework/util/CacheKey.class]
10:20:58.273 [] [] [main] TRACE o.s.c.a.ClassPathBeanDefinitionScanner - Ignored because not matching any filter: URL [jar:file:/D:/devtool/repository/Maven/Maven3.2.2/local/repo/com/yonyou/iuap/iuap-jdbc/3.0.0-RELEASE/iuap-jdbc-3.0.0-RELEASE.jar!/com/yonyou/iuap/persistence/jdbc/framework/util/CacheKey.class]
10:20:58.273 [] [] [main] TRACE o.s.c.a.ClassPathBeanDefinitionScanner - Scanning URL [jar:file:/D:/devtool/repository/Maven/Maven3.2.2/local/repo/com/yonyou/iuap/iuap-jdbc/3.0.0-RELEASE/iuap-jdbc-3.0.0-RELEASE.jar!/com/yonyou/iuap/persistence/jdbc/framework/util/CalenderConvertor.class]
10:20:58.274 [] [] [main] TRACE o.s.c.a.ClassPathBeanDefinitionScanner - Ignored because not matching any filter: URL [jar:file:/D:/devtool/repository/Maven/Maven3.2.2/local/repo/com/yonyou/iuap/iuap-jdbc/3.0.0-RELEASE/iuap-jdbc-3.0.0-RELEASE.jar!/com/yonyou/iuap/persistence/jdbc/framework/util/CalenderConvertor.class]
10:20:58.274 [] [] [main] TRACE o.s.c.a.ClassPathBeanDefinitionScanner - Scanning URL [jar:file:/D:/devtool/repository/Maven/Maven3.2.2/local/repo/com/yonyou/iuap/iuap-jdbc/3.0.0-RELEASE/iuap-jdbc-3.0.0-RELEASE.jar!/com/yonyou/iuap/persistence/jdbc/framework/util/ConverterManager.class]
10:20:58.274 [] [] [main] TRACE o.s.c.a.ClassPathBeanDefinitionScanner - Ignored because not matching any filter: URL [jar:file:/D:/devtool/repository/Maven/Maven3.2.2/local/repo/com/yonyou/iuap/iuap-jdbc/3.0.0-RELEASE/iuap-jdbc-3.0.0-RELEASE.jar!/com/yonyou/iuap/persistence/jdbc/framework/util/ConverterManager.class]
10:20:58.274 [] [] [main] TRACE o.s.c.a.ClassPathBeanDefinitionScanner - Scanning URL [jar:file:/D:/devtool/repository/Maven/Maven3.2.2/local/repo/com/yonyou/iuap/iuap-jdbc/3.0.0-RELEASE/iuap-jdbc-3.0.0-RELEASE.jar!/com/yonyou/iuap/persistence/jdbc/framework/util/DBConsts.class]
10:20:58.274 [] [] [main] TRACE o.s.c.a.ClassPathBeanDefinitionScanner - Ignored because not matching any filter: URL [jar:file:/D:/devtool/repository/Maven/Maven3.2.2/local/repo/com/yonyou/iuap/iuap-jdbc/3.0.0-RELEASE/iuap-jdbc-3.0.0-RELEASE.jar!/com/yonyou/iuap/persistence/jdbc/framework/util/DBConsts.class]
10:20:58.274 [] [] [main] TRACE o.s.c.a.ClassPathBeanDefinitionScanner - Scanning URL [jar:file:/D:/devtool/repository/Maven/Maven3.2.2/local/repo/com/yonyou/iuap/iuap-jdbc/3.0.0-RELEASE/iuap-jdbc-3.0.0-RELEASE.jar!/com/yonyou/iuap/persistence/jdbc/framework/util/DBUtil.class]
10:20:58.275 [] [] [main] TRACE o.s.c.a.ClassPathBeanDefinitionScanner - Ignored because not matching any filter: URL [jar:file:/D:/devtool/repository/Maven/Maven3.2.2/local/repo/com/yonyou/iuap/iuap-jdbc/3.0.0-RELEASE/iuap-jdbc-3.0.0-RELEASE.jar!/com/yonyou/iuap/persistence/jdbc/framework/util/DBUtil.class]
10:20:58.275 [] [] [main] TRACE o.s.c.a.ClassPathBeanDefinitionScanner - Scanning URL [jar:file:/D:/devtool/repository/Maven/Maven3.2.2/local/repo/com/yonyou/iuap/iuap-jdbc/3.0.0-RELEASE/iuap-jdbc-3.0.0-RELEASE.jar!/com/yonyou/iuap/persistence/jdbc/framework/util/DoubleConverter.class]
10:20:58.275 [] [] [main] TRACE o.s.c.a.ClassPathBeanDefinitionScanner - Ignored because not matching any filter: URL [jar:file:/D:/devtool/repository/Maven/Maven3.2.2/local/repo/com/yonyou/iuap/iuap-jdbc/3.0.0-RELEASE/iuap-jdbc-3.0.0-RELEASE.jar!/com/yonyou/iuap/persistence/jdbc/framework/util/DoubleConverter.class]
10:20:58.275 [] [] [main] TRACE o.s.c.a.ClassPathBeanDefinitionScanner - Scanning URL [jar:file:/D:/devtool/repository/Maven/Maven3.2.2/local/repo/com/yonyou/iuap/iuap-jdbc/3.0.0-RELEASE/iuap-jdbc-3.0.0-RELEASE.jar!/com/yonyou/iuap/persistence/jdbc/framework/util/EncodingUtils.class]
10:20:58.276 [] [] [main] TRACE o.s.c.a.ClassPathBeanDefinitionScanner - Ignored because not matching any filter: URL [jar:file:/D:/devtool/repository/Maven/Maven3.2.2/local/repo/com/yonyou/iuap/iuap-jdbc/3.0.0-RELEASE/iuap-jdbc-3.0.0-RELEASE.jar!/com/yonyou/iuap/persistence/jdbc/framework/util/EncodingUtils.class]
10:20:58.276 [] [] [main] TRACE o.s.c.a.ClassPathBeanDefinitionScanner - Scanning URL [jar:file:/D:/devtool/repository/Maven/Maven3.2.2/local/repo/com/yonyou/iuap/iuap-jdbc/3.0.0-RELEASE/iuap-jdbc-3.0.0-RELEASE.jar!/com/yonyou/iuap/persistence/jdbc/framework/util/FastBeanHelper$AnnotationInfo.class]
10:20:58.276 [] [] [main] TRACE o.s.c.a.ClassPathBeanDefinitionScanner - Ignored because not matching any filter: URL [jar:file:/D:/devtool/repository/Maven/Maven3.2.2/local/repo/com/yonyou/iuap/iuap-jdbc/3.0.0-RELEASE/iuap-jdbc-3.0.0-RELEASE.jar!/com/yonyou/iuap/persistence/jdbc/framework/util/FastBeanHelper$AnnotationInfo.class]
10:20:58.276 [] [] [main] TRACE o.s.c.a.ClassPathBeanDefinitionScanner - Scanning URL [jar:file:/D:/devtool/repository/Maven/Maven3.2.2/local/repo/com/yonyou/iuap/iuap-jdbc/3.0.0-RELEASE/iuap-jdbc-3.0.0-RELEASE.jar!/com/yonyou/iuap/persistence/jdbc/framework/util/FastBeanHelper$PropDescriptor.class]
10:20:58.276 [] [] [main] TRACE o.s.c.a.ClassPathBeanDefinitionScanner - Ignored because not matching any filter: URL [jar:file:/D:/devtool/repository/Maven/Maven3.2.2/local/repo/com/yonyou/iuap/iuap-jdbc/3.0.0-RELEASE/iuap-jdbc-3.0.0-RELEASE.jar!/com/yonyou/iuap/persistence/jdbc/framework/util/FastBeanHelper$PropDescriptor.class]
10:20:58.276 [] [] [main] TRACE o.s.c.a.ClassPathBeanDefinitionScanner - Scanning URL [jar:file:/D:/devtool/repository/Maven/Maven3.2.2/local/repo/com/yonyou/iuap/iuap-jdbc/3.0.0-RELEASE/iuap-jdbc-3.0.0-RELEASE.jar!/com/yonyou/iuap/persistence/jdbc/framework/util/FastBeanHelper$ReflectionInfo.class]
10:20:58.277 [] [] [main] TRACE o.s.c.a.ClassPathBeanDefinitionScanner - Ignored because not matching any filter: URL [jar:file:/D:/devtool/repository/Maven/Maven3.2.2/local/repo/com/yonyou/iuap/iuap-jdbc/3.0.0-RELEASE/iuap-jdbc-3.0.0-RELEASE.jar!/com/yonyou/iuap/persistence/jdbc/framework/util/FastBeanHelper$ReflectionInfo.class]
10:20:58.277 [] [] [main] TRACE o.s.c.a.ClassPathBeanDefinitionScanner - Scanning URL [jar:file:/D:/devtool/repository/Maven/Maven3.2.2/local/repo/com/yonyou/iuap/iuap-jdbc/3.0.0-RELEASE/iuap-jdbc-3.0.0-RELEASE.jar!/com/yonyou/iuap/persistence/jdbc/framework/util/FastBeanHelper.class]
10:20:58.277 [] [] [main] TRACE o.s.c.a.ClassPathBeanDefinitionScanner - Ignored because not matching any filter: URL [jar:file:/D:/devtool/repository/Maven/Maven3.2.2/local/repo/com/yonyou/iuap/iuap-jdbc/3.0.0-RELEASE/iuap-jdbc-3.0.0-RELEASE.jar!/com/yonyou/iuap/persistence/jdbc/framework/util/FastBeanHelper.class]
10:20:58.277 [] [] [main] TRACE o.s.c.a.ClassPathBeanDefinitionScanner - Scanning URL [jar:file:/D:/devtool/repository/Maven/Maven3.2.2/local/repo/com/yonyou/iuap/iuap-jdbc/3.0.0-RELEASE/iuap-jdbc-3.0.0-RELEASE.jar!/com/yonyou/iuap/persistence/jdbc/framework/util/InOutUtil.class]
10:20:58.277 [] [] [main] TRACE o.s.c.a.ClassPathBeanDefinitionScanner - Ignored because not matching any filter: URL [jar:file:/D:/devtool/repository/Maven/Maven3.2.2/local/repo/com/yonyou/iuap/iuap-jdbc/3.0.0-RELEASE/iuap-jdbc-3.0.0-RELEASE.jar!/com/yonyou/iuap/persistence/jdbc/framework/util/InOutUtil.class]
10:20:58.278 [] [] [main] TRACE o.s.c.a.ClassPathBeanDefinitionScanner - Scanning URL [jar:file:/D:/devtool/repository/Maven/Maven3.2.2/local/repo/com/yonyou/iuap/iuap-jdbc/3.0.0-RELEASE/iuap-jdbc-3.0.0-RELEASE.jar!/com/yonyou/iuap/persistence/jdbc/framework/util/LRUCache$LRUMap.class]
10:20:58.278 [] [] [main] TRACE o.s.c.a.ClassPathBeanDefinitionScanner - Ignored because not matching any filter: URL [jar:file:/D:/devtool/repository/Maven/Maven3.2.2/local/repo/com/yonyou/iuap/iuap-jdbc/3.0.0-RELEASE/iuap-jdbc-3.0.0-RELEASE.jar!/com/yonyou/iuap/persistence/jdbc/framework/util/LRUCache$LRUMap.class]
10:20:58.278 [] [] [main] TRACE o.s.c.a.ClassPathBeanDefinitionScanner - Scanning URL [jar:file:/D:/devtool/repository/Maven/Maven3.2.2/local/repo/com/yonyou/iuap/iuap-jdbc/3.0.0-RELEASE/iuap-jdbc-3.0.0-RELEASE.jar!/com/yonyou/iuap/persistence/jdbc/framework/util/LRUCache.class]
10:20:58.278 [] [] [main] TRACE o.s.c.a.ClassPathBeanDefinitionScanner - Ignored because not matching any filter: URL [jar:file:/D:/devtool/repository/Maven/Maven3.2.2/local/repo/com/yonyou/iuap/iuap-jdbc/3.0.0-RELEASE/iuap-jdbc-3.0.0-RELEASE.jar!/com/yonyou/iuap/persistence/jdbc/framework/util/LRUCache.class]
10:20:58.278 [] [] [main] TRACE o.s.c.a.ClassPathBeanDefinitionScanner - Scanning URL [jar:file:/D:/devtool/repository/Maven/Maven3.2.2/local/repo/com/yonyou/iuap/iuap-jdbc/3.0.0-RELEASE/iuap-jdbc-3.0.0-RELEASE.jar!/com/yonyou/iuap/persistence/jdbc/framework/util/MRUCache.class]
10:20:58.278 [] [] [main] TRACE o.s.c.a.ClassPathBeanDefinitionScanner - Ignored because not matching any filter: URL [jar:file:/D:/devtool/repository/Maven/Maven3.2.2/local/repo/com/yonyou/iuap/iuap-jdbc/3.0.0-RELEASE/iuap-jdbc-3.0.0-RELEASE.jar!/com/yonyou/iuap/persistence/jdbc/framework/util/MRUCache.class]
10:20:58.278 [] [] [main] TRACE o.s.c.a.ClassPathBeanDefinitionScanner - Scanning URL [jar:file:/D:/devtool/repository/Maven/Maven3.2.2/local/repo/com/yonyou/iuap/iuap-jdbc/3.0.0-RELEASE/iuap-jdbc-3.0.0-RELEASE.jar!/com/yonyou/iuap/persistence/jdbc/framework/util/ObjectConvertor.class]
10:20:58.279 [] [] [main] TRACE o.s.c.a.ClassPathBeanDefinitionScanner - Ignored because not matching any filter: URL [jar:file:/D:/devtool/repository/Maven/Maven3.2.2/local/repo/com/yonyou/iuap/iuap-jdbc/3.0.0-RELEASE/iuap-jdbc-3.0.0-RELEASE.jar!/com/yonyou/iuap/persistence/jdbc/framework/util/ObjectConvertor.class]
10:20:58.279 [] [] [main] TRACE o.s.c.a.ClassPathBeanDefinitionScanner - Scanning URL [jar:file:/D:/devtool/repository/Maven/Maven3.2.2/local/repo/com/yonyou/iuap/iuap-jdbc/3.0.0-RELEASE/iuap-jdbc-3.0.0-RELEASE.jar!/com/yonyou/iuap/persistence/jdbc/framework/util/ParamHandler.class]
10:20:58.279 [] [] [main] TRACE o.s.c.a.ClassPathBeanDefinitionScanner - Ignored because not matching any filter: URL [jar:file:/D:/devtool/repository/Maven/Maven3.2.2/local/repo/com/yonyou/iuap/iuap-jdbc/3.0.0-RELEASE/iuap-jdbc-3.0.0-RELEASE.jar!/com/yonyou/iuap/persistence/jdbc/framework/util/ParamHandler.class]
10:20:58.279 [] [] [main] TRACE o.s.c.a.ClassPathBeanDefinitionScanner - Scanning URL [jar:file:/D:/devtool/repository/Maven/Maven3.2.2/local/repo/com/yonyou/iuap/iuap-jdbc/3.0.0-RELEASE/iuap-jdbc-3.0.0-RELEASE.jar!/com/yonyou/iuap/persistence/jdbc/framework/util/ReadWriteLock.class]
10:20:58.279 [] [] [main] TRACE o.s.c.a.ClassPathBeanDefinitionScanner - Ignored because not matching any filter: URL [jar:file:/D:/devtool/repository/Maven/Maven3.2.2/local/repo/com/yonyou/iuap/iuap-jdbc/3.0.0-RELEASE/iuap-jdbc-3.0.0-RELEASE.jar!/com/yonyou/iuap/persistence/jdbc/framework/util/ReadWriteLock.class]
10:20:58.279 [] [] [main] TRACE o.s.c.a.ClassPathBeanDefinitionScanner - Scanning URL [jar:file:/D:/devtool/repository/Maven/Maven3.2.2/local/repo/com/yonyou/iuap/iuap-jdbc/3.0.0-RELEASE/iuap-jdbc-3.0.0-RELEASE.jar!/com/yonyou/iuap/persistence/jdbc/framework/util/SQLHelper.class]
10:20:58.280 [] [] [main] TRACE o.s.c.a.ClassPathBeanDefinitionScanner - Ignored because not matching any filter: URL [jar:file:/D:/devtool/repository/Maven/Maven3.2.2/local/repo/com/yonyou/iuap/iuap-jdbc/3.0.0-RELEASE/iuap-jdbc-3.0.0-RELEASE.jar!/com/yonyou/iuap/persistence/jdbc/framework/util/SQLHelper.class]
10:20:58.280 [] [] [main] TRACE o.s.c.a.ClassPathBeanDefinitionScanner - Scanning URL [jar:file:/D:/devtool/repository/Maven/Maven3.2.2/local/repo/com/yonyou/iuap/iuap-jdbc/3.0.0-RELEASE/iuap-jdbc-3.0.0-RELEASE.jar!/com/yonyou/iuap/persistence/jdbc/framework/util/StopWatch.class]
10:20:58.280 [] [] [main] TRACE o.s.c.a.ClassPathBeanDefinitionScanner - Ignored because not matching any filter: URL [jar:file:/D:/devtool/repository/Maven/Maven3.2.2/local/repo/com/yonyou/iuap/iuap-jdbc/3.0.0-RELEASE/iuap-jdbc-3.0.0-RELEASE.jar!/com/yonyou/iuap/persistence/jdbc/framework/util/StopWatch.class]
10:20:58.280 [] [] [main] TRACE o.s.c.a.ClassPathBeanDefinitionScanner - Scanning URL [jar:file:/D:/devtool/repository/Maven/Maven3.2.2/local/repo/com/yonyou/iuap/iuap-jdbc/3.0.0-RELEASE/iuap-jdbc-3.0.0-RELEASE.jar!/com/yonyou/iuap/persistence/jdbc/framework/util/StringArrayConverter.class]
10:20:58.280 [] [] [main] TRACE o.s.c.a.ClassPathBeanDefinitionScanner - Ignored because not matching any filter: URL [jar:file:/D:/devtool/repository/Maven/Maven3.2.2/local/repo/com/yonyou/iuap/iuap-jdbc/3.0.0-RELEASE/iuap-jdbc-3.0.0-RELEASE.jar!/com/yonyou/iuap/persistence/jdbc/framework/util/StringArrayConverter.class]
10:20:58.280 [] [] [main] TRACE o.s.c.a.ClassPathBeanDefinitionScanner - Scanning URL [jar:file:/D:/devtool/repository/Maven/Maven3.2.2/local/repo/com/yonyou/iuap/iuap-jdbc/3.0.0-RELEASE/iuap-jdbc-3.0.0-RELEASE.jar!/com/yonyou/iuap/persistence/jdbc/framework/util/StringConvertor.class]
10:20:58.280 [] [] [main] TRACE o.s.c.a.ClassPathBeanDefinitionScanner - Ignored because not matching any filter: URL [jar:file:/D:/devtool/repository/Maven/Maven3.2.2/local/repo/com/yonyou/iuap/iuap-jdbc/3.0.0-RELEASE/iuap-jdbc-3.0.0-RELEASE.jar!/com/yonyou/iuap/persistence/jdbc/framework/util/StringConvertor.class]
10:20:58.281 [] [] [main] TRACE o.s.c.a.ClassPathBeanDefinitionScanner - Scanning URL [jar:file:/D:/devtool/repository/Maven/Maven3.2.2/local/repo/com/yonyou/iuap/iuap-jdbc/3.0.0-RELEASE/iuap-jdbc-3.0.0-RELEASE.jar!/com/yonyou/iuap/persistence/jdbc/framework/util/SyncMapDecorator.class]
10:20:58.281 [] [] [main] TRACE o.s.c.a.ClassPathBeanDefinitionScanner - Ignored because not matching any filter: URL [jar:file:/D:/devtool/repository/Maven/Maven3.2.2/local/repo/com/yonyou/iuap/iuap-jdbc/3.0.0-RELEASE/iuap-jdbc-3.0.0-RELEASE.jar!/com/yonyou/iuap/persistence/jdbc/framework/util/SyncMapDecorator.class]
10:20:58.281 [] [] [main] TRACE o.s.c.a.ClassPathBeanDefinitionScanner - Scanning URL [jar:file:/D:/devtool/repository/Maven/Maven3.2.2/local/repo/com/yonyou/iuap/iuap-jdbc/3.0.0-RELEASE/iuap-jdbc-3.0.0-RELEASE.jar!/com/yonyou/iuap/persistence/jdbc/framework/util/XMLUtils.class]
10:20:58.281 [] [] [main] TRACE o.s.c.a.ClassPathBeanDefinitionScanner - Ignored because not matching any filter: URL [jar:file:/D:/devtool/repository/Maven/Maven3.2.2/local/repo/com/yonyou/iuap/iuap-jdbc/3.0.0-RELEASE/iuap-jdbc-3.0.0-RELEASE.jar!/com/yonyou/iuap/persistence/jdbc/framework/util/XMLUtils.class]
10:20:58.281 [] [] [main] TRACE o.s.c.a.ClassPathBeanDefinitionScanner - Scanning URL [jar:file:/D:/devtool/repository/Maven/Maven3.2.2/local/repo/com/yonyou/iuap/iuap-jdbc/3.0.0-RELEASE/iuap-jdbc-3.0.0-RELEASE.jar!/com/yonyou/iuap/persistence/vo/pub/AggregatedValueObject.class]
10:20:58.281 [] [] [main] TRACE o.s.c.a.ClassPathBeanDefinitionScanner - Ignored because not matching any filter: URL [jar:file:/D:/devtool/repository/Maven/Maven3.2.2/local/repo/com/yonyou/iuap/iuap-jdbc/3.0.0-RELEASE/iuap-jdbc-3.0.0-RELEASE.jar!/com/yonyou/iuap/persistence/vo/pub/AggregatedValueObject.class]
10:20:58.281 [] [] [main] TRACE o.s.c.a.ClassPathBeanDefinitionScanner - Scanning URL [jar:file:/D:/devtool/repository/Maven/Maven3.2.2/local/repo/com/yonyou/iuap/iuap-jdbc/3.0.0-RELEASE/iuap-jdbc-3.0.0-RELEASE.jar!/com/yonyou/iuap/persistence/vo/pub/AggregatedVO.class]
10:20:58.282 [] [] [main] TRACE o.s.c.a.ClassPathBeanDefinitionScanner - Ignored because not matching any filter: URL [jar:file:/D:/devtool/repository/Maven/Maven3.2.2/local/repo/com/yonyou/iuap/iuap-jdbc/3.0.0-RELEASE/iuap-jdbc-3.0.0-RELEASE.jar!/com/yonyou/iuap/persistence/vo/pub/AggregatedVO.class]
10:20:58.282 [] [] [main] TRACE o.s.c.a.ClassPathBeanDefinitionScanner - Scanning URL [jar:file:/D:/devtool/repository/Maven/Maven3.2.2/local/repo/com/yonyou/iuap/iuap-jdbc/3.0.0-RELEASE/iuap-jdbc-3.0.0-RELEASE.jar!/com/yonyou/iuap/persistence/vo/pub/BusinessException.class]
10:20:58.282 [] [] [main] TRACE o.s.c.a.ClassPathBeanDefinitionScanner - Ignored because not matching any filter: URL [jar:file:/D:/devtool/repository/Maven/Maven3.2.2/local/repo/com/yonyou/iuap/iuap-jdbc/3.0.0-RELEASE/iuap-jdbc-3.0.0-RELEASE.jar!/com/yonyou/iuap/persistence/vo/pub/BusinessException.class]
10:20:58.282 [] [] [main] TRACE o.s.c.a.ClassPathBeanDefinitionScanner - Scanning URL [jar:file:/D:/devtool/repository/Maven/Maven3.2.2/local/repo/com/yonyou/iuap/iuap-jdbc/3.0.0-RELEASE/iuap-jdbc-3.0.0-RELEASE.jar!/com/yonyou/iuap/persistence/vo/pub/BusinessRuntimeException.class]
10:20:58.282 [] [] [main] TRACE o.s.c.a.ClassPathBeanDefinitionScanner - Ignored because not matching any filter: URL [jar:file:/D:/devtool/repository/Maven/Maven3.2.2/local/repo/com/yonyou/iuap/iuap-jdbc/3.0.0-RELEASE/iuap-jdbc-3.0.0-RELEASE.jar!/com/yonyou/iuap/persistence/vo/pub/BusinessRuntimeException.class]
10:20:58.282 [] [] [main] TRACE o.s.c.a.ClassPathBeanDefinitionScanner - Scanning URL [jar:file:/D:/devtool/repository/Maven/Maven3.2.2/local/repo/com/yonyou/iuap/iuap-jdbc/3.0.0-RELEASE/iuap-jdbc-3.0.0-RELEASE.jar!/com/yonyou/iuap/persistence/vo/pub/CircularlyAccessibleValueObject.class]
10:20:58.283 [] [] [main] TRACE o.s.c.a.ClassPathBeanDefinitionScanner - Ignored because not matching any filter: URL [jar:file:/D:/devtool/repository/Maven/Maven3.2.2/local/repo/com/yonyou/iuap/iuap-jdbc/3.0.0-RELEASE/iuap-jdbc-3.0.0-RELEASE.jar!/com/yonyou/iuap/persistence/vo/pub/CircularlyAccessibleValueObject.class]
10:20:58.283 [] [] [main] TRACE o.s.c.a.ClassPathBeanDefinitionScanner - Scanning URL [jar:file:/D:/devtool/repository/Maven/Maven3.2.2/local/repo/com/yonyou/iuap/iuap-jdbc/3.0.0-RELEASE/iuap-jdbc-3.0.0-RELEASE.jar!/com/yonyou/iuap/persistence/vo/pub/ExtendedAggregatedValueObject.class]
10:20:58.283 [] [] [main] TRACE o.s.c.a.ClassPathBeanDefinitionScanner - Ignored because not matching any filter: URL [jar:file:/D:/devtool/repository/Maven/Maven3.2.2/local/repo/com/yonyou/iuap/iuap-jdbc/3.0.0-RELEASE/iuap-jdbc-3.0.0-RELEASE.jar!/com/yonyou/iuap/persistence/vo/pub/ExtendedAggregatedValueObject.class]
10:20:58.283 [] [] [main] TRACE o.s.c.a.ClassPathBeanDefinitionScanner - Scanning URL [jar:file:/D:/devtool/repository/Maven/Maven3.2.2/local/repo/com/yonyou/iuap/iuap-jdbc/3.0.0-RELEASE/iuap-jdbc-3.0.0-RELEASE.jar!/com/yonyou/iuap/persistence/vo/pub/FieldHelper.class]
10:20:58.283 [] [] [main] TRACE o.s.c.a.ClassPathBeanDefinitionScanner - Ignored because not matching any filter: URL [jar:file:/D:/devtool/repository/Maven/Maven3.2.2/local/repo/com/yonyou/iuap/iuap-jdbc/3.0.0-RELEASE/iuap-jdbc-3.0.0-RELEASE.jar!/com/yonyou/iuap/persistence/vo/pub/FieldHelper.class]
10:20:58.283 [] [] [main] TRACE o.s.c.a.ClassPathBeanDefinitionScanner - Scanning URL [jar:file:/D:/devtool/repository/Maven/Maven3.2.2/local/repo/com/yonyou/iuap/iuap-jdbc/3.0.0-RELEASE/iuap-jdbc-3.0.0-RELEASE.jar!/com/yonyou/iuap/persistence/vo/pub/FieldObject.class]
10:20:58.283 [] [] [main] TRACE o.s.c.a.ClassPathBeanDefinitionScanner - Ignored because not matching any filter: URL [jar:file:/D:/devtool/repository/Maven/Maven3.2.2/local/repo/com/yonyou/iuap/iuap-jdbc/3.0.0-RELEASE/iuap-jdbc-3.0.0-RELEASE.jar!/com/yonyou/iuap/persistence/vo/pub/FieldObject.class]
10:20:58.283 [] [] [main] TRACE o.s.c.a.ClassPathBeanDefinitionScanner - Scanning URL [jar:file:/D:/devtool/repository/Maven/Maven3.2.2/local/repo/com/yonyou/iuap/iuap-jdbc/3.0.0-RELEASE/iuap-jdbc-3.0.0-RELEASE.jar!/com/yonyou/iuap/persistence/vo/pub/format/AbstractFormat.class]
10:20:58.284 [] [] [main] TRACE o.s.c.a.ClassPathBeanDefinitionScanner - Ignored because not matching any filter: URL [jar:file:/D:/devtool/repository/Maven/Maven3.2.2/local/repo/com/yonyou/iuap/iuap-jdbc/3.0.0-RELEASE/iuap-jdbc-3.0.0-RELEASE.jar!/com/yonyou/iuap/persistence/vo/pub/format/AbstractFormat.class]
10:20:58.284 [] [] [main] TRACE o.s.c.a.ClassPathBeanDefinitionScanner - Scanning URL [jar:file:/D:/devtool/repository/Maven/Maven3.2.2/local/repo/com/yonyou/iuap/iuap-jdbc/3.0.0-RELEASE/iuap-jdbc-3.0.0-RELEASE.jar!/com/yonyou/iuap/persistence/vo/pub/format/AbstractReplaceFormat.class]
10:20:58.284 [] [] [main] TRACE o.s.c.a.ClassPathBeanDefinitionScanner - Ignored because not matching any filter: URL [jar:file:/D:/devtool/repository/Maven/Maven3.2.2/local/repo/com/yonyou/iuap/iuap-jdbc/3.0.0-RELEASE/iuap-jdbc-3.0.0-RELEASE.jar!/com/yonyou/iuap/persistence/vo/pub/format/AbstractReplaceFormat.class]
10:20:58.284 [] [] [main] TRACE o.s.c.a.ClassPathBeanDefinitionScanner - Scanning URL [jar:file:/D:/devtool/repository/Maven/Maven3.2.2/local/repo/com/yonyou/iuap/iuap-jdbc/3.0.0-RELEASE/iuap-jdbc-3.0.0-RELEASE.jar!/com/yonyou/iuap/persistence/vo/pub/format/AbstractSplitFormat.class]
10:20:58.284 [] [] [main] TRACE o.s.c.a.ClassPathBeanDefinitionScanner - Ignored because not matching any filter: URL [jar:file:/D:/devtool/repository/Maven/Maven3.2.2/local/repo/com/yonyou/iuap/iuap-jdbc/3.0.0-RELEASE/iuap-jdbc-3.0.0-RELEASE.jar!/com/yonyou/iuap/persistence/vo/pub/format/AbstractSplitFormat.class]
10:20:58.284 [] [] [main] TRACE o.s.c.a.ClassPathBeanDefinitionScanner - Scanning URL [jar:file:/D:/devtool/repository/Maven/Maven3.2.2/local/repo/com/yonyou/iuap/iuap-jdbc/3.0.0-RELEASE/iuap-jdbc-3.0.0-RELEASE.jar!/com/yonyou/iuap/persistence/vo/pub/format/AddressFormat$1.class]
10:20:58.285 [] [] [main] TRACE o.s.c.a.ClassPathBeanDefinitionScanner - Ignored because not matching any filter: URL [jar:file:/D:/devtool/repository/Maven/Maven3.2.2/local/repo/com/yonyou/iuap/iuap-jdbc/3.0.0-RELEASE/iuap-jdbc-3.0.0-RELEASE.jar!/com/yonyou/iuap/persistence/vo/pub/format/AddressFormat$1.class]
10:20:58.285 [] [] [main] TRACE o.s.c.a.ClassPathBeanDefinitionScanner - Scanning URL [jar:file:/D:/devtool/repository/Maven/Maven3.2.2/local/repo/com/yonyou/iuap/iuap-jdbc/3.0.0-RELEASE/iuap-jdbc-3.0.0-RELEASE.jar!/com/yonyou/iuap/persistence/vo/pub/format/AddressFormat$2.class]
10:20:58.285 [] [] [main] TRACE o.s.c.a.ClassPathBeanDefinitionScanner - Ignored because not matching any filter: URL [jar:file:/D:/devtool/repository/Maven/Maven3.2.2/local/repo/com/yonyou/iuap/iuap-jdbc/3.0.0-RELEASE/iuap-jdbc-3.0.0-RELEASE.jar!/com/yonyou/iuap/persistence/vo/pub/format/AddressFormat$2.class]
10:20:58.285 [] [] [main] TRACE o.s.c.a.ClassPathBeanDefinitionScanner - Scanning URL [jar:file:/D:/devtool/repository/Maven/Maven3.2.2/local/repo/com/yonyou/iuap/iuap-jdbc/3.0.0-RELEASE/iuap-jdbc-3.0.0-RELEASE.jar!/com/yonyou/iuap/persistence/vo/pub/format/AddressFormat$3.class]
10:20:58.285 [] [] [main] TRACE o.s.c.a.ClassPathBeanDefinitionScanner - Ignored because not matching any filter: URL [jar:file:/D:/devtool/repository/Maven/Maven3.2.2/local/repo/com/yonyou/iuap/iuap-jdbc/3.0.0-RELEASE/iuap-jdbc-3.0.0-RELEASE.jar!/com/yonyou/iuap/persistence/vo/pub/format/AddressFormat$3.class]
10:20:58.285 [] [] [main] TRACE o.s.c.a.ClassPathBeanDefinitionScanner - Scanning URL [jar:file:/D:/devtool/repository/Maven/Maven3.2.2/local/repo/com/yonyou/iuap/iuap-jdbc/3.0.0-RELEASE/iuap-jdbc-3.0.0-RELEASE.jar!/com/yonyou/iuap/persistence/vo/pub/format/AddressFormat$4.class]
10:20:58.285 [] [] [main] TRACE o.s.c.a.ClassPathBeanDefinitionScanner - Ignored because not matching any filter: URL [jar:file:/D:/devtool/repository/Maven/Maven3.2.2/local/repo/com/yonyou/iuap/iuap-jdbc/3.0.0-RELEASE/iuap-jdbc-3.0.0-RELEASE.jar!/com/yonyou/iuap/persistence/vo/pub/format/AddressFormat$4.class]
10:20:58.285 [] [] [main] TRACE o.s.c.a.ClassPathBeanDefinitionScanner - Scanning URL [jar:file:/D:/devtool/repository/Maven/Maven3.2.2/local/repo/com/yonyou/iuap/iuap-jdbc/3.0.0-RELEASE/iuap-jdbc-3.0.0-RELEASE.jar!/com/yonyou/iuap/persistence/vo/pub/format/AddressFormat$5.class]
10:20:58.286 [] [] [main] TRACE o.s.c.a.ClassPathBeanDefinitionScanner - Ignored because not matching any filter: URL [jar:file:/D:/devtool/repository/Maven/Maven3.2.2/local/repo/com/yonyou/iuap/iuap-jdbc/3.0.0-RELEASE/iuap-jdbc-3.0.0-RELEASE.jar!/com/yonyou/iuap/persistence/vo/pub/format/AddressFormat$5.class]
10:20:58.286 [] [] [main] TRACE o.s.c.a.ClassPathBeanDefinitionScanner - Scanning URL [jar:file:/D:/devtool/repository/Maven/Maven3.2.2/local/repo/com/yonyou/iuap/iuap-jdbc/3.0.0-RELEASE/iuap-jdbc-3.0.0-RELEASE.jar!/com/yonyou/iuap/persistence/vo/pub/format/AddressFormat$6.class]
10:20:58.286 [] [] [main] TRACE o.s.c.a.ClassPathBeanDefinitionScanner - Ignored because not matching any filter: URL [jar:file:/D:/devtool/repository/Maven/Maven3.2.2/local/repo/com/yonyou/iuap/iuap-jdbc/3.0.0-RELEASE/iuap-jdbc-3.0.0-RELEASE.jar!/com/yonyou/iuap/persistence/vo/pub/format/AddressFormat$6.class]
10:20:58.286 [] [] [main] TRACE o.s.c.a.ClassPathBeanDefinitionScanner - Scanning URL [jar:file:/D:/devtool/repository/Maven/Maven3.2.2/local/repo/com/yonyou/iuap/iuap-jdbc/3.0.0-RELEASE/iuap-jdbc-3.0.0-RELEASE.jar!/com/yonyou/iuap/persistence/vo/pub/format/AddressFormat.class]
10:20:58.286 [] [] [main] TRACE o.s.c.a.ClassPathBeanDefinitionScanner - Ignored because not matching any filter: URL [jar:file:/D:/devtool/repository/Maven/Maven3.2.2/local/repo/com/yonyou/iuap/iuap-jdbc/3.0.0-RELEASE/iuap-jdbc-3.0.0-RELEASE.jar!/com/yonyou/iuap/persistence/vo/pub/format/AddressFormat.class]
10:20:58.286 [] [] [main] TRACE o.s.c.a.ClassPathBeanDefinitionScanner - Scanning URL [jar:file:/D:/devtool/repository/Maven/Maven3.2.2/local/repo/com/yonyou/iuap/iuap-jdbc/3.0.0-RELEASE/iuap-jdbc-3.0.0-RELEASE.jar!/com/yonyou/iuap/persistence/vo/pub/format/AddressObject.class]
10:20:58.287 [] [] [main] TRACE o.s.c.a.ClassPathBeanDefinitionScanner - Ignored because not matching any filter: URL [jar:file:/D:/devtool/repository/Maven/Maven3.2.2/local/repo/com/yonyou/iuap/iuap-jdbc/3.0.0-RELEASE/iuap-jdbc-3.0.0-RELEASE.jar!/com/yonyou/iuap/persistence/vo/pub/format/AddressObject.class]
10:20:58.287 [] [] [main] TRACE o.s.c.a.ClassPathBeanDefinitionScanner - Scanning URL [jar:file:/D:/devtool/repository/Maven/Maven3.2.2/local/repo/com/yonyou/iuap/iuap-jdbc/3.0.0-RELEASE/iuap-jdbc-3.0.0-RELEASE.jar!/com/yonyou/iuap/persistence/vo/pub/format/CurrencyObject.class]
10:20:58.287 [] [] [main] TRACE o.s.c.a.ClassPathBeanDefinitionScanner - Ignored because not matching any filter: URL [jar:file:/D:/devtool/repository/Maven/Maven3.2.2/local/repo/com/yonyou/iuap/iuap-jdbc/3.0.0-RELEASE/iuap-jdbc-3.0.0-RELEASE.jar!/com/yonyou/iuap/persistence/vo/pub/format/CurrencyObject.class]
10:20:58.287 [] [] [main] TRACE o.s.c.a.ClassPathBeanDefinitionScanner - Scanning URL [jar:file:/D:/devtool/repository/Maven/Maven3.2.2/local/repo/com/yonyou/iuap/iuap-jdbc/3.0.0-RELEASE/iuap-jdbc-3.0.0-RELEASE.jar!/com/yonyou/iuap/persistence/vo/pub/format/DefaultAddressObject.class]
10:20:58.287 [] [] [main] TRACE o.s.c.a.ClassPathBeanDefinitionScanner - Ignored because not matching any filter: URL [jar:file:/D:/devtool/repository/Maven/Maven3.2.2/local/repo/com/yonyou/iuap/iuap-jdbc/3.0.0-RELEASE/iuap-jdbc-3.0.0-RELEASE.jar!/com/yonyou/iuap/persistence/vo/pub/format/DefaultAddressObject.class]
10:20:58.287 [] [] [main] TRACE o.s.c.a.ClassPathBeanDefinitionScanner - Scanning URL [jar:file:/D:/devtool/repository/Maven/Maven3.2.2/local/repo/com/yonyou/iuap/iuap-jdbc/3.0.0-RELEASE/iuap-jdbc-3.0.0-RELEASE.jar!/com/yonyou/iuap/persistence/vo/pub/format/exception/FormatException.class]
10:20:58.287 [] [] [main] TRACE o.s.c.a.ClassPathBeanDefinitionScanner - Ignored because not matching any filter: URL [jar:file:/D:/devtool/repository/Maven/Maven3.2.2/local/repo/com/yonyou/iuap/iuap-jdbc/3.0.0-RELEASE/iuap-jdbc-3.0.0-RELEASE.jar!/com/yonyou/iuap/persistence/vo/pub/format/exception/FormatException.class]
10:20:58.287 [] [] [main] TRACE o.s.c.a.ClassPathBeanDefinitionScanner - Scanning URL [jar:file:/D:/devtool/repository/Maven/Maven3.2.2/local/repo/com/yonyou/iuap/iuap-jdbc/3.0.0-RELEASE/iuap-jdbc-3.0.0-RELEASE.jar!/com/yonyou/iuap/persistence/vo/pub/format/FormatResult.class]
10:20:58.288 [] [] [main] TRACE o.s.c.a.ClassPathBeanDefinitionScanner - Ignored because not matching any filter: URL [jar:file:/D:/devtool/repository/Maven/Maven3.2.2/local/repo/com/yonyou/iuap/iuap-jdbc/3.0.0-RELEASE/iuap-jdbc-3.0.0-RELEASE.jar!/com/yonyou/iuap/persistence/vo/pub/format/FormatResult.class]
10:20:58.288 [] [] [main] TRACE o.s.c.a.ClassPathBeanDefinitionScanner - Scanning URL [jar:file:/D:/devtool/repository/Maven/Maven3.2.2/local/repo/com/yonyou/iuap/iuap-jdbc/3.0.0-RELEASE/iuap-jdbc-3.0.0-RELEASE.jar!/com/yonyou/iuap/persistence/vo/pub/format/IElement.class]
10:20:58.288 [] [] [main] TRACE o.s.c.a.ClassPathBeanDefinitionScanner - Ignored because not matching any filter: URL [jar:file:/D:/devtool/repository/Maven/Maven3.2.2/local/repo/com/yonyou/iuap/iuap-jdbc/3.0.0-RELEASE/iuap-jdbc-3.0.0-RELEASE.jar!/com/yonyou/iuap/persistence/vo/pub/format/IElement.class]
10:20:58.288 [] [] [main] TRACE o.s.c.a.ClassPathBeanDefinitionScanner - Scanning URL [jar:file:/D:/devtool/repository/Maven/Maven3.2.2/local/repo/com/yonyou/iuap/iuap-jdbc/3.0.0-RELEASE/iuap-jdbc-3.0.0-RELEASE.jar!/com/yonyou/iuap/persistence/vo/pub/format/IFormat.class]
10:20:58.288 [] [] [main] TRACE o.s.c.a.ClassPathBeanDefinitionScanner - Ignored because not matching any filter: URL [jar:file:/D:/devtool/repository/Maven/Maven3.2.2/local/repo/com/yonyou/iuap/iuap-jdbc/3.0.0-RELEASE/iuap-jdbc-3.0.0-RELEASE.jar!/com/yonyou/iuap/persistence/vo/pub/format/IFormat.class]
10:20:58.288 [] [] [main] TRACE o.s.c.a.ClassPathBeanDefinitionScanner - Scanning URL [jar:file:/D:/devtool/repository/Maven/Maven3.2.2/local/repo/com/yonyou/iuap/iuap-jdbc/3.0.0-RELEASE/iuap-jdbc-3.0.0-RELEASE.jar!/com/yonyou/iuap/persistence/vo/pub/format/meta/AddressFormatMeta.class]
10:20:58.288 [] [] [main] TRACE o.s.c.a.ClassPathBeanDefinitionScanner - Ignored because not matching any filter: URL [jar:file:/D:/devtool/repository/Maven/Maven3.2.2/local/repo/com/yonyou/iuap/iuap-jdbc/3.0.0-RELEASE/iuap-jdbc-3.0.0-RELEASE.jar!/com/yonyou/iuap/persistence/vo/pub/format/meta/AddressFormatMeta.class]
10:20:58.289 [] [] [main] TRACE o.s.c.a.ClassPathBeanDefinitionScanner - Scanning URL [jar:file:/D:/devtool/repository/Maven/Maven3.2.2/local/repo/com/yonyou/iuap/iuap-jdbc/3.0.0-RELEASE/iuap-jdbc-3.0.0-RELEASE.jar!/com/yonyou/iuap/persistence/vo/pub/format/meta/CurrencyFormatMeta.class]
10:20:58.289 [] [] [main] TRACE o.s.c.a.ClassPathBeanDefinitionScanner - Ignored because not matching any filter: URL [jar:file:/D:/devtool/repository/Maven/Maven3.2.2/local/repo/com/yonyou/iuap/iuap-jdbc/3.0.0-RELEASE/iuap-jdbc-3.0.0-RELEASE.jar!/com/yonyou/iuap/persistence/vo/pub/format/meta/CurrencyFormatMeta.class]
10:20:58.289 [] [] [main] TRACE o.s.c.a.ClassPathBeanDefinitionScanner - Scanning URL [jar:file:/D:/devtool/repository/Maven/Maven3.2.2/local/repo/com/yonyou/iuap/iuap-jdbc/3.0.0-RELEASE/iuap-jdbc-3.0.0-RELEASE.jar!/com/yonyou/iuap/persistence/vo/pub/format/meta/DateFormatMeta.class]
10:20:58.289 [] [] [main] TRACE o.s.c.a.ClassPathBeanDefinitionScanner - Ignored because not matching any filter: URL [jar:file:/D:/devtool/repository/Maven/Maven3.2.2/local/repo/com/yonyou/iuap/iuap-jdbc/3.0.0-RELEASE/iuap-jdbc-3.0.0-RELEASE.jar!/com/yonyou/iuap/persistence/vo/pub/format/meta/DateFormatMeta.class]
10:20:58.289 [] [] [main] TRACE o.s.c.a.ClassPathBeanDefinitionScanner - Scanning URL [jar:file:/D:/devtool/repository/Maven/Maven3.2.2/local/repo/com/yonyou/iuap/iuap-jdbc/3.0.0-RELEASE/iuap-jdbc-3.0.0-RELEASE.jar!/com/yonyou/iuap/persistence/vo/pub/format/meta/DateTimeFormatMeta.class]
10:20:58.289 [] [] [main] TRACE o.s.c.a.ClassPathBeanDefinitionScanner - Ignored because not matching any filter: URL [jar:file:/D:/devtool/repository/Maven/Maven3.2.2/local/repo/com/yonyou/iuap/iuap-jdbc/3.0.0-RELEASE/iuap-jdbc-3.0.0-RELEASE.jar!/com/yonyou/iuap/persistence/vo/pub/format/meta/DateTimeFormatMeta.class]
10:20:58.289 [] [] [main] TRACE o.s.c.a.ClassPathBeanDefinitionScanner - Scanning URL [jar:file:/D:/devtool/repository/Maven/Maven3.2.2/local/repo/com/yonyou/iuap/iuap-jdbc/3.0.0-RELEASE/iuap-jdbc-3.0.0-RELEASE.jar!/com/yonyou/iuap/persistence/vo/pub/format/meta/NCFormatMeta.class]
10:20:58.290 [] [] [main] TRACE o.s.c.a.ClassPathBeanDefinitionScanner - Ignored because not matching any filter: URL [jar:file:/D:/devtool/repository/Maven/Maven3.2.2/local/repo/com/yonyou/iuap/iuap-jdbc/3.0.0-RELEASE/iuap-jdbc-3.0.0-RELEASE.jar!/com/yonyou/iuap/persistence/vo/pub/format/meta/NCFormatMeta.class]
10:20:58.290 [] [] [main] TRACE o.s.c.a.ClassPathBeanDefinitionScanner - Scanning URL [jar:file:/D:/devtool/repository/Maven/Maven3.2.2/local/repo/com/yonyou/iuap/iuap-jdbc/3.0.0-RELEASE/iuap-jdbc-3.0.0-RELEASE.jar!/com/yonyou/iuap/persistence/vo/pub/format/meta/NumberFormatMeta.class]
10:20:58.290 [] [] [main] TRACE o.s.c.a.ClassPathBeanDefinitionScanner - Ignored because not matching any filter: URL [jar:file:/D:/devtool/repository/Maven/Maven3.2.2/local/repo/com/yonyou/iuap/iuap-jdbc/3.0.0-RELEASE/iuap-jdbc-3.0.0-RELEASE.jar!/com/yonyou/iuap/persistence/vo/pub/format/meta/NumberFormatMeta.class]
10:20:58.290 [] [] [main] TRACE o.s.c.a.ClassPathBeanDefinitionScanner - Scanning URL [jar:file:/D:/devtool/repository/Maven/Maven3.2.2/local/repo/com/yonyou/iuap/iuap-jdbc/3.0.0-RELEASE/iuap-jdbc-3.0.0-RELEASE.jar!/com/yonyou/iuap/persistence/vo/pub/format/meta/TimeFormatMeta.class]
10:20:58.290 [] [] [main] TRACE o.s.c.a.ClassPathBeanDefinitionScanner - Ignored because not matching any filter: URL [jar:file:/D:/devtool/repository/Maven/Maven3.2.2/local/repo/com/yonyou/iuap/iuap-jdbc/3.0.0-RELEASE/iuap-jdbc-3.0.0-RELEASE.jar!/com/yonyou/iuap/persistence/vo/pub/format/meta/TimeFormatMeta.class]
10:20:58.290 [] [] [main] TRACE o.s.c.a.ClassPathBeanDefinitionScanner - Scanning URL [jar:file:/D:/devtool/repository/Maven/Maven3.2.2/local/repo/com/yonyou/iuap/iuap-jdbc/3.0.0-RELEASE/iuap-jdbc-3.0.0-RELEASE.jar!/com/yonyou/iuap/persistence/vo/pub/format/StringElement.class]
10:20:58.291 [] [] [main] TRACE o.s.c.a.ClassPathBeanDefinitionScanner - Ignored because not matching any filter: URL [jar:file:/D:/devtool/repository/Maven/Maven3.2.2/local/repo/com/yonyou/iuap/iuap-jdbc/3.0.0-RELEASE/iuap-jdbc-3.0.0-RELEASE.jar!/com/yonyou/iuap/persistence/vo/pub/format/StringElement.class]
10:20:58.291 [] [] [main] TRACE o.s.c.a.ClassPathBeanDefinitionScanner - Scanning URL [jar:file:/D:/devtool/repository/Maven/Maven3.2.2/local/repo/com/yonyou/iuap/iuap-jdbc/3.0.0-RELEASE/iuap-jdbc-3.0.0-RELEASE.jar!/com/yonyou/iuap/persistence/vo/pub/IAttributeMeta.class]
10:20:58.291 [] [] [main] TRACE o.s.c.a.ClassPathBeanDefinitionScanner - Ignored because not matching any filter: URL [jar:file:/D:/devtool/repository/Maven/Maven3.2.2/local/repo/com/yonyou/iuap/iuap-jdbc/3.0.0-RELEASE/iuap-jdbc-3.0.0-RELEASE.jar!/com/yonyou/iuap/persistence/vo/pub/IAttributeMeta.class]
10:20:58.291 [] [] [main] TRACE o.s.c.a.ClassPathBeanDefinitionScanner - Scanning URL [jar:file:/D:/devtool/repository/Maven/Maven3.2.2/local/repo/com/yonyou/iuap/iuap-jdbc/3.0.0-RELEASE/iuap-jdbc-3.0.0-RELEASE.jar!/com/yonyou/iuap/persistence/vo/pub/IColumnMeta.class]
10:20:58.291 [] [] [main] TRACE o.s.c.a.ClassPathBeanDefinitionScanner - Ignored because not matching any filter: URL [jar:file:/D:/devtool/repository/Maven/Maven3.2.2/local/repo/com/yonyou/iuap/iuap-jdbc/3.0.0-RELEASE/iuap-jdbc-3.0.0-RELEASE.jar!/com/yonyou/iuap/persistence/vo/pub/IColumnMeta.class]
10:20:58.291 [] [] [main] TRACE o.s.c.a.ClassPathBeanDefinitionScanner - Scanning URL [jar:file:/D:/devtool/repository/Maven/Maven3.2.2/local/repo/com/yonyou/iuap/iuap-jdbc/3.0.0-RELEASE/iuap-jdbc-3.0.0-RELEASE.jar!/com/yonyou/iuap/persistence/vo/pub/IErrorDict.class]
10:20:58.291 [] [] [main] TRACE o.s.c.a.ClassPathBeanDefinitionScanner - Ignored because not matching any filter: URL [jar:file:/D:/devtool/repository/Maven/Maven3.2.2/local/repo/com/yonyou/iuap/iuap-jdbc/3.0.0-RELEASE/iuap-jdbc-3.0.0-RELEASE.jar!/com/yonyou/iuap/persistence/vo/pub/IErrorDict.class]
10:20:58.292 [] [] [main] TRACE o.s.c.a.ClassPathBeanDefinitionScanner - Scanning URL [jar:file:/D:/devtool/repository/Maven/Maven3.2.2/local/repo/com/yonyou/iuap/iuap-jdbc/3.0.0-RELEASE/iuap-jdbc-3.0.0-RELEASE.jar!/com/yonyou/iuap/persistence/vo/pub/ISuperVO.class]
10:20:58.292 [] [] [main] TRACE o.s.c.a.ClassPathBeanDefinitionScanner - Ignored because not matching any filter: URL [jar:file:/D:/devtool/repository/Maven/Maven3.2.2/local/repo/com/yonyou/iuap/iuap-jdbc/3.0.0-RELEASE/iuap-jdbc-3.0.0-RELEASE.jar!/com/yonyou/iuap/persistence/vo/pub/ISuperVO.class]
10:20:58.292 [] [] [main] TRACE o.s.c.a.ClassPathBeanDefinitionScanner - Scanning URL [jar:file:/D:/devtool/repository/Maven/Maven3.2.2/local/repo/com/yonyou/iuap/iuap-jdbc/3.0.0-RELEASE/iuap-jdbc-3.0.0-RELEASE.jar!/com/yonyou/iuap/persistence/vo/pub/ITableMeta.class]
10:20:58.292 [] [] [main] TRACE o.s.c.a.ClassPathBeanDefinitionScanner - Ignored because not matching any filter: URL [jar:file:/D:/devtool/repository/Maven/Maven3.2.2/local/repo/com/yonyou/iuap/iuap-jdbc/3.0.0-RELEASE/iuap-jdbc-3.0.0-RELEASE.jar!/com/yonyou/iuap/persistence/vo/pub/ITableMeta.class]
10:20:58.292 [] [] [main] TRACE o.s.c.a.ClassPathBeanDefinitionScanner - Scanning URL [jar:file:/D:/devtool/repository/Maven/Maven3.2.2/local/repo/com/yonyou/iuap/iuap-jdbc/3.0.0-RELEASE/iuap-jdbc-3.0.0-RELEASE.jar!/com/yonyou/iuap/persistence/vo/pub/IVOMeta.class]
10:20:58.292 [] [] [main] TRACE o.s.c.a.ClassPathBeanDefinitionScanner - Ignored because not matching any filter: URL [jar:file:/D:/devtool/repository/Maven/Maven3.2.2/local/repo/com/yonyou/iuap/iuap-jdbc/3.0.0-RELEASE/iuap-jdbc-3.0.0-RELEASE.jar!/com/yonyou/iuap/persistence/vo/pub/IVOMeta.class]
10:20:58.292 [] [] [main] TRACE o.s.c.a.ClassPathBeanDefinitionScanner - Scanning URL [jar:file:/D:/devtool/repository/Maven/Maven3.2.2/local/repo/com/yonyou/iuap/iuap-jdbc/3.0.0-RELEASE/iuap-jdbc-3.0.0-RELEASE.jar!/com/yonyou/iuap/persistence/vo/pub/IVOMetaStatisticInfo.class]
10:20:58.293 [] [] [main] TRACE o.s.c.a.ClassPathBeanDefinitionScanner - Ignored because not matching any filter: URL [jar:file:/D:/devtool/repository/Maven/Maven3.2.2/local/repo/com/yonyou/iuap/iuap-jdbc/3.0.0-RELEASE/iuap-jdbc-3.0.0-RELEASE.jar!/com/yonyou/iuap/persistence/vo/pub/IVOMetaStatisticInfo.class]
10:20:58.293 [] [] [main] TRACE o.s.c.a.ClassPathBeanDefinitionScanner - Scanning URL [jar:file:/D:/devtool/repository/Maven/Maven3.2.2/local/repo/com/yonyou/iuap/iuap-jdbc/3.0.0-RELEASE/iuap-jdbc-3.0.0-RELEASE.jar!/com/yonyou/iuap/persistence/vo/pub/JavaType.class]
10:20:58.293 [] [] [main] TRACE o.s.c.a.ClassPathBeanDefinitionScanner - Ignored because not matching any filter: URL [jar:file:/D:/devtool/repository/Maven/Maven3.2.2/local/repo/com/yonyou/iuap/iuap-jdbc/3.0.0-RELEASE/iuap-jdbc-3.0.0-RELEASE.jar!/com/yonyou/iuap/persistence/vo/pub/JavaType.class]
10:20:58.293 [] [] [main] TRACE o.s.c.a.ClassPathBeanDefinitionScanner - Scanning URL [jar:file:/D:/devtool/repository/Maven/Maven3.2.2/local/repo/com/yonyou/iuap/iuap-jdbc/3.0.0-RELEASE/iuap-jdbc-3.0.0-RELEASE.jar!/com/yonyou/iuap/persistence/vo/pub/pinyin/CnToSpell.class]
10:20:58.293 [] [] [main] TRACE o.s.c.a.ClassPathBeanDefinitionScanner - Ignored because not matching any filter: URL [jar:file:/D:/devtool/repository/Maven/Maven3.2.2/local/repo/com/yonyou/iuap/iuap-jdbc/3.0.0-RELEASE/iuap-jdbc-3.0.0-RELEASE.jar!/com/yonyou/iuap/persistence/vo/pub/pinyin/CnToSpell.class]
10:20:58.293 [] [] [main] TRACE o.s.c.a.ClassPathBeanDefinitionScanner - Scanning URL [jar:file:/D:/devtool/repository/Maven/Maven3.2.2/local/repo/com/yonyou/iuap/iuap-jdbc/3.0.0-RELEASE/iuap-jdbc-3.0.0-RELEASE.jar!/com/yonyou/iuap/persistence/vo/pub/pinyin/NCPYTable.class]
10:20:58.293 [] [] [main] TRACE o.s.c.a.ClassPathBeanDefinitionScanner - Ignored because not matching any filter: URL [jar:file:/D:/devtool/repository/Maven/Maven3.2.2/local/repo/com/yonyou/iuap/iuap-jdbc/3.0.0-RELEASE/iuap-jdbc-3.0.0-RELEASE.jar!/com/yonyou/iuap/persistence/vo/pub/pinyin/NCPYTable.class]
10:20:58.293 [] [] [main] TRACE o.s.c.a.ClassPathBeanDefinitionScanner - Scanning URL [jar:file:/D:/devtool/repository/Maven/Maven3.2.2/local/repo/com/yonyou/iuap/iuap-jdbc/3.0.0-RELEASE/iuap-jdbc-3.0.0-RELEASE.jar!/com/yonyou/iuap/persistence/vo/pub/SerializeReader.class]
10:20:58.294 [] [] [main] TRACE o.s.c.a.ClassPathBeanDefinitionScanner - Ignored because not matching any filter: URL [jar:file:/D:/devtool/repository/Maven/Maven3.2.2/local/repo/com/yonyou/iuap/iuap-jdbc/3.0.0-RELEASE/iuap-jdbc-3.0.0-RELEASE.jar!/com/yonyou/iuap/persistence/vo/pub/SerializeReader.class]
10:20:58.294 [] [] [main] TRACE o.s.c.a.ClassPathBeanDefinitionScanner - Scanning URL [jar:file:/D:/devtool/repository/Maven/Maven3.2.2/local/repo/com/yonyou/iuap/iuap-jdbc/3.0.0-RELEASE/iuap-jdbc-3.0.0-RELEASE.jar!/com/yonyou/iuap/persistence/vo/pub/SerializeWriter.class]
10:20:58.294 [] [] [main] TRACE o.s.c.a.ClassPathBeanDefinitionScanner - Ignored because not matching any filter: URL [jar:file:/D:/devtool/repository/Maven/Maven3.2.2/local/repo/com/yonyou/iuap/iuap-jdbc/3.0.0-RELEASE/iuap-jdbc-3.0.0-RELEASE.jar!/com/yonyou/iuap/persistence/vo/pub/SerializeWriter.class]
10:20:58.294 [] [] [main] TRACE o.s.c.a.ClassPathBeanDefinitionScanner - Scanning URL [jar:file:/D:/devtool/repository/Maven/Maven3.2.2/local/repo/com/yonyou/iuap/iuap-jdbc/3.0.0-RELEASE/iuap-jdbc-3.0.0-RELEASE.jar!/com/yonyou/iuap/persistence/vo/pub/SqlSupportVO.class]
10:20:58.294 [] [] [main] TRACE o.s.c.a.ClassPathBeanDefinitionScanner - Ignored because not matching any filter: URL [jar:file:/D:/devtool/repository/Maven/Maven3.2.2/local/repo/com/yonyou/iuap/iuap-jdbc/3.0.0-RELEASE/iuap-jdbc-3.0.0-RELEASE.jar!/com/yonyou/iuap/persistence/vo/pub/SqlSupportVO.class]
10:20:58.294 [] [] [main] TRACE o.s.c.a.ClassPathBeanDefinitionScanner - Scanning URL [jar:file:/D:/devtool/repository/Maven/Maven3.2.2/local/repo/com/yonyou/iuap/iuap-jdbc/3.0.0-RELEASE/iuap-jdbc-3.0.0-RELEASE.jar!/com/yonyou/iuap/persistence/vo/pub/table/TableFieldVO.class]
10:20:58.295 [] [] [main] TRACE o.s.c.a.ClassPathBeanDefinitionScanner - Ignored because not matching any filter: URL [jar:file:/D:/devtool/repository/Maven/Maven3.2.2/local/repo/com/yonyou/iuap/iuap-jdbc/3.0.0-RELEASE/iuap-jdbc-3.0.0-RELEASE.jar!/com/yonyou/iuap/persistence/vo/pub/table/TableFieldVO.class]
10:20:58.295 [] [] [main] TRACE o.s.c.a.ClassPathBeanDefinitionScanner - Scanning URL [jar:file:/D:/devtool/repository/Maven/Maven3.2.2/local/repo/com/yonyou/iuap/iuap-jdbc/3.0.0-RELEASE/iuap-jdbc-3.0.0-RELEASE.jar!/com/yonyou/iuap/persistence/vo/pub/table/TableVO.class]
10:20:58.295 [] [] [main] TRACE o.s.c.a.ClassPathBeanDefinitionScanner - Ignored because not matching any filter: URL [jar:file:/D:/devtool/repository/Maven/Maven3.2.2/local/repo/com/yonyou/iuap/iuap-jdbc/3.0.0-RELEASE/iuap-jdbc-3.0.0-RELEASE.jar!/com/yonyou/iuap/persistence/vo/pub/table/TableVO.class]
10:20:58.295 [] [] [main] TRACE o.s.c.a.ClassPathBeanDefinitionScanner - Scanning URL [jar:file:/D:/devtool/repository/Maven/Maven3.2.2/local/repo/com/yonyou/iuap/iuap-jdbc/3.0.0-RELEASE/iuap-jdbc-3.0.0-RELEASE.jar!/com/yonyou/iuap/persistence/vo/pub/util/FifoList.class]
10:20:58.295 [] [] [main] TRACE o.s.c.a.ClassPathBeanDefinitionScanner - Ignored because not matching any filter: URL [jar:file:/D:/devtool/repository/Maven/Maven3.2.2/local/repo/com/yonyou/iuap/iuap-jdbc/3.0.0-RELEASE/iuap-jdbc-3.0.0-RELEASE.jar!/com/yonyou/iuap/persistence/vo/pub/util/FifoList.class]
10:20:58.295 [] [] [main] TRACE o.s.c.a.ClassPathBeanDefinitionScanner - Scanning URL [jar:file:/D:/devtool/repository/Maven/Maven3.2.2/local/repo/com/yonyou/iuap/iuap-jdbc/3.0.0-RELEASE/iuap-jdbc-3.0.0-RELEASE.jar!/com/yonyou/iuap/persistence/vo/pub/util/ISNConvert.class]
10:20:58.297 [] [] [main] TRACE o.s.c.a.ClassPathBeanDefinitionScanner - Ignored because not matching any filter: URL [jar:file:/D:/devtool/repository/Maven/Maven3.2.2/local/repo/com/yonyou/iuap/iuap-jdbc/3.0.0-RELEASE/iuap-jdbc-3.0.0-RELEASE.jar!/com/yonyou/iuap/persistence/vo/pub/util/ISNConvert.class]
10:20:58.297 [] [] [main] TRACE o.s.c.a.ClassPathBeanDefinitionScanner - Scanning URL [jar:file:/D:/devtool/repository/Maven/Maven3.2.2/local/repo/com/yonyou/iuap/iuap-jdbc/3.0.0-RELEASE/iuap-jdbc-3.0.0-RELEASE.jar!/com/yonyou/iuap/persistence/vo/pub/util/StringOperator.class]
10:20:58.298 [] [] [main] TRACE o.s.c.a.ClassPathBeanDefinitionScanner - Ignored because not matching any filter: URL [jar:file:/D:/devtool/repository/Maven/Maven3.2.2/local/repo/com/yonyou/iuap/iuap-jdbc/3.0.0-RELEASE/iuap-jdbc-3.0.0-RELEASE.jar!/com/yonyou/iuap/persistence/vo/pub/util/StringOperator.class]
10:20:58.298 [] [] [main] TRACE o.s.c.a.ClassPathBeanDefinitionScanner - Scanning URL [jar:file:/D:/devtool/repository/Maven/Maven3.2.2/local/repo/com/yonyou/iuap/iuap-jdbc/3.0.0-RELEASE/iuap-jdbc-3.0.0-RELEASE.jar!/com/yonyou/iuap/persistence/vo/pub/util/StringUtil.class]
10:20:58.298 [] [] [main] TRACE o.s.c.a.ClassPathBeanDefinitionScanner - Ignored because not matching any filter: URL [jar:file:/D:/devtool/repository/Maven/Maven3.2.2/local/repo/com/yonyou/iuap/iuap-jdbc/3.0.0-RELEASE/iuap-jdbc-3.0.0-RELEASE.jar!/com/yonyou/iuap/persistence/vo/pub/util/StringUtil.class]
10:20:58.299 [] [] [main] TRACE o.s.c.a.ClassPathBeanDefinitionScanner - Scanning URL [jar:file:/D:/devtool/repository/Maven/Maven3.2.2/local/repo/com/yonyou/iuap/iuap-jdbc/3.0.0-RELEASE/iuap-jdbc-3.0.0-RELEASE.jar!/com/yonyou/iuap/persistence/vo/pub/util/WildcardMatcher.class]
10:20:58.299 [] [] [main] TRACE o.s.c.a.ClassPathBeanDefinitionScanner - Ignored because not matching any filter: URL [jar:file:/D:/devtool/repository/Maven/Maven3.2.2/local/repo/com/yonyou/iuap/iuap-jdbc/3.0.0-RELEASE/iuap-jdbc-3.0.0-RELEASE.jar!/com/yonyou/iuap/persistence/vo/pub/util/WildcardMatcher.class]
10:20:58.299 [] [] [main] TRACE o.s.c.a.ClassPathBeanDefinitionScanner - Scanning URL [jar:file:/D:/devtool/repository/Maven/Maven3.2.2/local/repo/com/yonyou/iuap/iuap-jdbc/3.0.0-RELEASE/iuap-jdbc-3.0.0-RELEASE.jar!/com/yonyou/iuap/persistence/vo/pub/ValidationException.class]
10:20:58.299 [] [] [main] TRACE o.s.c.a.ClassPathBeanDefinitionScanner - Ignored because not matching any filter: URL [jar:file:/D:/devtool/repository/Maven/Maven3.2.2/local/repo/com/yonyou/iuap/iuap-jdbc/3.0.0-RELEASE/iuap-jdbc-3.0.0-RELEASE.jar!/com/yonyou/iuap/persistence/vo/pub/ValidationException.class]
10:20:58.299 [] [] [main] TRACE o.s.c.a.ClassPathBeanDefinitionScanner - Scanning URL [jar:file:/D:/devtool/repository/Maven/Maven3.2.2/local/repo/com/yonyou/iuap/iuap-jdbc/3.0.0-RELEASE/iuap-jdbc-3.0.0-RELEASE.jar!/com/yonyou/iuap/persistence/vo/pub/ValueObject.class]
10:20:58.299 [] [] [main] TRACE o.s.c.a.ClassPathBeanDefinitionScanner - Ignored because not matching any filter: URL [jar:file:/D:/devtool/repository/Maven/Maven3.2.2/local/repo/com/yonyou/iuap/iuap-jdbc/3.0.0-RELEASE/iuap-jdbc-3.0.0-RELEASE.jar!/com/yonyou/iuap/persistence/vo/pub/ValueObject.class]
10:20:58.299 [] [] [main] TRACE o.s.c.a.ClassPathBeanDefinitionScanner - Scanning URL [jar:file:/D:/devtool/repository/Maven/Maven3.2.2/local/repo/com/yonyou/iuap/iuap-jdbc/3.0.0-RELEASE/iuap-jdbc-3.0.0-RELEASE.jar!/com/yonyou/iuap/persistence/vo/pubapp/pattern/model/entity/bill/IBill.class]
10:20:58.300 [] [] [main] TRACE o.s.c.a.ClassPathBeanDefinitionScanner - Ignored because not matching any filter: URL [jar:file:/D:/devtool/repository/Maven/Maven3.2.2/local/repo/com/yonyou/iuap/iuap-jdbc/3.0.0-RELEASE/iuap-jdbc-3.0.0-RELEASE.jar!/com/yonyou/iuap/persistence/vo/pubapp/pattern/model/entity/bill/IBill.class]
10:20:58.300 [] [] [main] TRACE o.s.c.a.ClassPathBeanDefinitionScanner - Scanning URL [jar:file:/D:/devtool/repository/Maven/Maven3.2.2/local/repo/com/yonyou/iuap/iuap-jdbc/3.0.0-RELEASE/iuap-jdbc-3.0.0-RELEASE.jar!/com/yonyou/iuap/persistence/vo/pubapp/pattern/model/meta/entity/bill/IBillMeta.class]
10:20:58.300 [] [] [main] TRACE o.s.c.a.ClassPathBeanDefinitionScanner - Ignored because not matching any filter: URL [jar:file:/D:/devtool/repository/Maven/Maven3.2.2/local/repo/com/yonyou/iuap/iuap-jdbc/3.0.0-RELEASE/iuap-jdbc-3.0.0-RELEASE.jar!/com/yonyou/iuap/persistence/vo/pubapp/pattern/model/meta/entity/bill/IBillMeta.class]
10:20:58.300 [] [] [main] TRACE o.s.c.a.ClassPathBeanDefinitionScanner - Scanning URL [jar:file:/D:/devtool/repository/Maven/Maven3.2.2/local/repo/com/yonyou/iuap/iuap-jdbc/3.0.0-RELEASE/iuap-jdbc-3.0.0-RELEASE.jar!/com/yonyou/iuap/persistence/vo/trade/sqlutil/IInSqlBatchCallBack.class]
10:20:58.300 [] [] [main] TRACE o.s.c.a.ClassPathBeanDefinitionScanner - Ignored because not matching any filter: URL [jar:file:/D:/devtool/repository/Maven/Maven3.2.2/local/repo/com/yonyou/iuap/iuap-jdbc/3.0.0-RELEASE/iuap-jdbc-3.0.0-RELEASE.jar!/com/yonyou/iuap/persistence/vo/trade/sqlutil/IInSqlBatchCallBack.class]
10:20:58.300 [] [] [main] TRACE o.s.c.a.ClassPathBeanDefinitionScanner - Scanning URL [jar:file:/D:/devtool/repository/Maven/Maven3.2.2/local/repo/com/yonyou/iuap/iuap-jdbc/3.0.0-RELEASE/iuap-jdbc-3.0.0-RELEASE.jar!/com/yonyou/iuap/persistence/vo/trade/sqlutil/InSqlBatchCaller.class]
10:20:58.301 [] [] [main] TRACE o.s.c.a.ClassPathBeanDefinitionScanner - Ignored because not matching any filter: URL [jar:file:/D:/devtool/repository/Maven/Maven3.2.2/local/repo/com/yonyou/iuap/iuap-jdbc/3.0.0-RELEASE/iuap-jdbc-3.0.0-RELEASE.jar!/com/yonyou/iuap/persistence/vo/trade/sqlutil/InSqlBatchCaller.class]
10:20:58.301 [] [] [main] TRACE o.s.c.a.ClassPathBeanDefinitionScanner - Scanning URL [jar:file:/D:/devtool/repository/Maven/Maven3.2.2/local/repo/com/yonyou/iuap/iuap-jdbc/3.0.0-RELEASE/iuap-jdbc-3.0.0-RELEASE.jar!/com/yonyou/iuap/persistence/vo/trade/summarize/BillSourceRecorder.class]
10:20:58.301 [] [] [main] TRACE o.s.c.a.ClassPathBeanDefinitionScanner - Ignored because not matching any filter: URL [jar:file:/D:/devtool/repository/Maven/Maven3.2.2/local/repo/com/yonyou/iuap/iuap-jdbc/3.0.0-RELEASE/iuap-jdbc-3.0.0-RELEASE.jar!/com/yonyou/iuap/persistence/vo/trade/summarize/BillSourceRecorder.class]
10:20:58.301 [] [] [main] TRACE o.s.c.a.ClassPathBeanDefinitionScanner - Scanning URL [jar:file:/D:/devtool/repository/Maven/Maven3.2.2/local/repo/com/yonyou/iuap/iuap-jdbc/3.0.0-RELEASE/iuap-jdbc-3.0.0-RELEASE.jar!/com/yonyou/iuap/persistence/vo/trade/summarize/Hashlize$1.class]
10:20:58.301 [] [] [main] TRACE o.s.c.a.ClassPathBeanDefinitionScanner - Ignored because not matching any filter: URL [jar:file:/D:/devtool/repository/Maven/Maven3.2.2/local/repo/com/yonyou/iuap/iuap-jdbc/3.0.0-RELEASE/iuap-jdbc-3.0.0-RELEASE.jar!/com/yonyou/iuap/persistence/vo/trade/summarize/Hashlize$1.class]
10:20:58.301 [] [] [main] TRACE o.s.c.a.ClassPathBeanDefinitionScanner - Scanning URL [jar:file:/D:/devtool/repository/Maven/Maven3.2.2/local/repo/com/yonyou/iuap/iuap-jdbc/3.0.0-RELEASE/iuap-jdbc-3.0.0-RELEASE.jar!/com/yonyou/iuap/persistence/vo/trade/summarize/Hashlize.class]
10:20:58.301 [] [] [main] TRACE o.s.c.a.ClassPathBeanDefinitionScanner - Ignored because not matching any filter: URL [jar:file:/D:/devtool/repository/Maven/Maven3.2.2/local/repo/com/yonyou/iuap/iuap-jdbc/3.0.0-RELEASE/iuap-jdbc-3.0.0-RELEASE.jar!/com/yonyou/iuap/persistence/vo/trade/summarize/Hashlize.class]
10:20:58.301 [] [] [main] TRACE o.s.c.a.ClassPathBeanDefinitionScanner - Scanning URL [jar:file:/D:/devtool/repository/Maven/Maven3.2.2/local/repo/com/yonyou/iuap/iuap-jdbc/3.0.0-RELEASE/iuap-jdbc-3.0.0-RELEASE.jar!/com/yonyou/iuap/persistence/vo/trade/summarize/IAggVOSummarizeInfo.class]
10:20:58.302 [] [] [main] TRACE o.s.c.a.ClassPathBeanDefinitionScanner - Ignored because not matching any filter: URL [jar:file:/D:/devtool/repository/Maven/Maven3.2.2/local/repo/com/yonyou/iuap/iuap-jdbc/3.0.0-RELEASE/iuap-jdbc-3.0.0-RELEASE.jar!/com/yonyou/iuap/persistence/vo/trade/summarize/IAggVOSummarizeInfo.class]
10:20:58.302 [] [] [main] TRACE o.s.c.a.ClassPathBeanDefinitionScanner - Scanning URL [jar:file:/D:/devtool/repository/Maven/Maven3.2.2/local/repo/com/yonyou/iuap/iuap-jdbc/3.0.0-RELEASE/iuap-jdbc-3.0.0-RELEASE.jar!/com/yonyou/iuap/persistence/vo/trade/summarize/IBillSource.class]
10:20:58.302 [] [] [main] TRACE o.s.c.a.ClassPathBeanDefinitionScanner - Ignored because not matching any filter: URL [jar:file:/D:/devtool/repository/Maven/Maven3.2.2/local/repo/com/yonyou/iuap/iuap-jdbc/3.0.0-RELEASE/iuap-jdbc-3.0.0-RELEASE.jar!/com/yonyou/iuap/persistence/vo/trade/summarize/IBillSource.class]
10:20:58.302 [] [] [main] TRACE o.s.c.a.ClassPathBeanDefinitionScanner - Scanning URL [jar:file:/D:/devtool/repository/Maven/Maven3.2.2/local/repo/com/yonyou/iuap/iuap-jdbc/3.0.0-RELEASE/iuap-jdbc-3.0.0-RELEASE.jar!/com/yonyou/iuap/persistence/vo/trade/summarize/ICombine.class]
10:20:58.302 [] [] [main] TRACE o.s.c.a.ClassPathBeanDefinitionScanner - Ignored because not matching any filter: URL [jar:file:/D:/devtool/repository/Maven/Maven3.2.2/local/repo/com/yonyou/iuap/iuap-jdbc/3.0.0-RELEASE/iuap-jdbc-3.0.0-RELEASE.jar!/com/yonyou/iuap/persistence/vo/trade/summarize/ICombine.class]
10:20:58.302 [] [] [main] TRACE o.s.c.a.ClassPathBeanDefinitionScanner - Scanning URL [jar:file:/D:/devtool/repository/Maven/Maven3.2.2/local/repo/com/yonyou/iuap/iuap-jdbc/3.0.0-RELEASE/iuap-jdbc-3.0.0-RELEASE.jar!/com/yonyou/iuap/persistence/vo/trade/summarize/IHashKey.class]
10:20:58.303 [] [] [main] TRACE o.s.c.a.ClassPathBeanDefinitionScanner - Ignored because not matching any filter: URL [jar:file:/D:/devtool/repository/Maven/Maven3.2.2/local/repo/com/yonyou/iuap/iuap-jdbc/3.0.0-RELEASE/iuap-jdbc-3.0.0-RELEASE.jar!/com/yonyou/iuap/persistence/vo/trade/summarize/IHashKey.class]
10:20:58.303 [] [] [main] TRACE o.s.c.a.ClassPathBeanDefinitionScanner - Scanning URL [jar:file:/D:/devtool/repository/Maven/Maven3.2.2/local/repo/com/yonyou/iuap/iuap-jdbc/3.0.0-RELEASE/iuap-jdbc-3.0.0-RELEASE.jar!/com/yonyou/iuap/persistence/vo/trade/summarize/IIdentification.class]
10:20:58.303 [] [] [main] TRACE o.s.c.a.ClassPathBeanDefinitionScanner - Ignored because not matching any filter: URL [jar:file:/D:/devtool/repository/Maven/Maven3.2.2/local/repo/com/yonyou/iuap/iuap-jdbc/3.0.0-RELEASE/iuap-jdbc-3.0.0-RELEASE.jar!/com/yonyou/iuap/persistence/vo/trade/summarize/IIdentification.class]
10:20:58.303 [] [] [main] TRACE o.s.c.a.ClassPathBeanDefinitionScanner - Scanning URL [jar:file:/D:/devtool/repository/Maven/Maven3.2.2/local/repo/com/yonyou/iuap/iuap-jdbc/3.0.0-RELEASE/iuap-jdbc-3.0.0-RELEASE.jar!/com/yonyou/iuap/persistence/vo/trade/summarize/ObjectCombine.class]
10:20:58.303 [] [] [main] TRACE o.s.c.a.ClassPathBeanDefinitionScanner - Ignored because not matching any filter: URL [jar:file:/D:/devtool/repository/Maven/Maven3.2.2/local/repo/com/yonyou/iuap/iuap-jdbc/3.0.0-RELEASE/iuap-jdbc-3.0.0-RELEASE.jar!/com/yonyou/iuap/persistence/vo/trade/summarize/ObjectCombine.class]
10:20:58.303 [] [] [main] TRACE o.s.c.a.ClassPathBeanDefinitionScanner - Scanning URL [jar:file:/D:/devtool/repository/Maven/Maven3.2.2/local/repo/com/yonyou/iuap/iuap-jdbc/3.0.0-RELEASE/iuap-jdbc-3.0.0-RELEASE.jar!/com/yonyou/iuap/persistence/vo/trade/summarize/VOHashKeyAdapter.class]
10:20:58.303 [] [] [main] TRACE o.s.c.a.ClassPathBeanDefinitionScanner - Ignored because not matching any filter: URL [jar:file:/D:/devtool/repository/Maven/Maven3.2.2/local/repo/com/yonyou/iuap/iuap-jdbc/3.0.0-RELEASE/iuap-jdbc-3.0.0-RELEASE.jar!/com/yonyou/iuap/persistence/vo/trade/summarize/VOHashKeyAdapter.class]
10:20:58.304 [] [] [main] TRACE o.s.c.a.ClassPathBeanDefinitionScanner - Scanning URL [jar:file:/D:/devtool/repository/Maven/Maven3.2.2/local/repo/com/yonyou/iuap/iuap-jdbc/3.0.0-RELEASE/iuap-jdbc-3.0.0-RELEASE.jar!/com/yonyou/iuap/persistence/vo/trade/summarize/VOHashPrimaryKeyAdapter.class]
10:20:58.304 [] [] [main] TRACE o.s.c.a.ClassPathBeanDefinitionScanner - Ignored because not matching any filter: URL [jar:file:/D:/devtool/repository/Maven/Maven3.2.2/local/repo/com/yonyou/iuap/iuap-jdbc/3.0.0-RELEASE/iuap-jdbc-3.0.0-RELEASE.jar!/com/yonyou/iuap/persistence/vo/trade/summarize/VOHashPrimaryKeyAdapter.class]
10:20:58.304 [] [] [main] TRACE o.s.c.a.ClassPathBeanDefinitionScanner - Scanning URL [jar:file:/D:/devtool/repository/Maven/Maven3.2.2/local/repo/com/yonyou/iuap/iuap-jdbc/3.0.0-RELEASE/iuap-jdbc-3.0.0-RELEASE.jar!/com/yonyou/iuap/persistence/vo/trade/summarize/VOIdentification.class]
10:20:58.304 [] [] [main] TRACE o.s.c.a.ClassPathBeanDefinitionScanner - Ignored because not matching any filter: URL [jar:file:/D:/devtool/repository/Maven/Maven3.2.2/local/repo/com/yonyou/iuap/iuap-jdbc/3.0.0-RELEASE/iuap-jdbc-3.0.0-RELEASE.jar!/com/yonyou/iuap/persistence/vo/trade/summarize/VOIdentification.class]
10:20:58.304 [] [] [main] TRACE o.s.c.a.ClassPathBeanDefinitionScanner - Scanning URL [jar:file:/D:/devtool/repository/Maven/Maven3.2.2/local/repo/com/yonyou/iuap/iuap-jdbc/3.0.0-RELEASE/iuap-jdbc-3.0.0-RELEASE.jar!/com/yonyou/iuap/persistence/vo/trade/voutils/IFilter.class]
10:20:58.304 [] [] [main] TRACE o.s.c.a.ClassPathBeanDefinitionScanner - Ignored because not matching any filter: URL [jar:file:/D:/devtool/repository/Maven/Maven3.2.2/local/repo/com/yonyou/iuap/iuap-jdbc/3.0.0-RELEASE/iuap-jdbc-3.0.0-RELEASE.jar!/com/yonyou/iuap/persistence/vo/trade/voutils/IFilter.class]
10:20:58.304 [] [] [main] TRACE o.s.c.a.ClassPathBeanDefinitionScanner - Scanning URL [jar:file:/D:/devtool/repository/Maven/Maven3.2.2/local/repo/com/yonyou/iuap/iuap-jdbc/3.0.0-RELEASE/iuap-jdbc-3.0.0-RELEASE.jar!/com/yonyou/iuap/persistence/vo/trade/voutils/IUFtypes.class]
10:20:58.305 [] [] [main] TRACE o.s.c.a.ClassPathBeanDefinitionScanner - Ignored because not matching any filter: URL [jar:file:/D:/devtool/repository/Maven/Maven3.2.2/local/repo/com/yonyou/iuap/iuap-jdbc/3.0.0-RELEASE/iuap-jdbc-3.0.0-RELEASE.jar!/com/yonyou/iuap/persistence/vo/trade/voutils/IUFtypes.class]
10:20:58.305 [] [] [main] TRACE o.s.c.a.ClassPathBeanDefinitionScanner - Scanning URL [jar:file:/D:/devtool/repository/Maven/Maven3.2.2/local/repo/com/yonyou/iuap/iuap-jdbc/3.0.0-RELEASE/iuap-jdbc-3.0.0-RELEASE.jar!/com/yonyou/iuap/persistence/vo/trade/voutils/TimeCounter.class]
10:20:58.305 [] [] [main] TRACE o.s.c.a.ClassPathBeanDefinitionScanner - Ignored because not matching any filter: URL [jar:file:/D:/devtool/repository/Maven/Maven3.2.2/local/repo/com/yonyou/iuap/iuap-jdbc/3.0.0-RELEASE/iuap-jdbc-3.0.0-RELEASE.jar!/com/yonyou/iuap/persistence/vo/trade/voutils/TimeCounter.class]
10:20:58.305 [] [] [main] TRACE o.s.c.a.ClassPathBeanDefinitionScanner - Scanning URL [jar:file:/D:/devtool/repository/Maven/Maven3.2.2/local/repo/com/yonyou/iuap/iuap-jdbc/3.0.0-RELEASE/iuap-jdbc-3.0.0-RELEASE.jar!/com/yonyou/iuap/persistence/vo/trade/voutils/VOUtil$1.class]
10:20:58.305 [] [] [main] TRACE o.s.c.a.ClassPathBeanDefinitionScanner - Ignored because not matching any filter: URL [jar:file:/D:/devtool/repository/Maven/Maven3.2.2/local/repo/com/yonyou/iuap/iuap-jdbc/3.0.0-RELEASE/iuap-jdbc-3.0.0-RELEASE.jar!/com/yonyou/iuap/persistence/vo/trade/voutils/VOUtil$1.class]
10:20:58.305 [] [] [main] TRACE o.s.c.a.ClassPathBeanDefinitionScanner - Scanning URL [jar:file:/D:/devtool/repository/Maven/Maven3.2.2/local/repo/com/yonyou/iuap/iuap-jdbc/3.0.0-RELEASE/iuap-jdbc-3.0.0-RELEASE.jar!/com/yonyou/iuap/persistence/vo/trade/voutils/VOUtil.class]
10:20:58.306 [] [] [main] TRACE o.s.c.a.ClassPathBeanDefinitionScanner - Ignored because not matching any filter: URL [jar:file:/D:/devtool/repository/Maven/Maven3.2.2/local/repo/com/yonyou/iuap/iuap-jdbc/3.0.0-RELEASE/iuap-jdbc-3.0.0-RELEASE.jar!/com/yonyou/iuap/persistence/vo/trade/voutils/VOUtil.class]
10:20:58.306 [] [] [main] TRACE o.s.c.a.ClassPathBeanDefinitionScanner - Scanning URL [jar:file:/D:/devtool/repository/Maven/Maven3.2.2/local/repo/com/yonyou/iuap/iuap-generic/3.0.0-RELEASE/iuap-generic-3.0.0-RELEASE.jar!/com/yonyou/iuap/context/ContextHolder.class]
10:20:58.306 [] [] [main] TRACE o.s.c.a.ClassPathBeanDefinitionScanner - Ignored because not matching any filter: URL [jar:file:/D:/devtool/repository/Maven/Maven3.2.2/local/repo/com/yonyou/iuap/iuap-generic/3.0.0-RELEASE/iuap-generic-3.0.0-RELEASE.jar!/com/yonyou/iuap/context/ContextHolder.class]
10:20:58.306 [] [] [main] TRACE o.s.c.a.ClassPathBeanDefinitionScanner - Scanning URL [jar:file:/D:/devtool/repository/Maven/Maven3.2.2/local/repo/com/yonyou/iuap/iuap-generic/3.0.0-RELEASE/iuap-generic-3.0.0-RELEASE.jar!/com/yonyou/iuap/context/filter/ContextFilter.class]
10:20:58.307 [] [] [main] TRACE o.s.c.a.ClassPathBeanDefinitionScanner - Ignored because not matching any filter: URL [jar:file:/D:/devtool/repository/Maven/Maven3.2.2/local/repo/com/yonyou/iuap/iuap-generic/3.0.0-RELEASE/iuap-generic-3.0.0-RELEASE.jar!/com/yonyou/iuap/context/filter/ContextFilter.class]
10:20:58.307 [] [] [main] TRACE o.s.c.a.ClassPathBeanDefinitionScanner - Scanning URL [jar:file:/D:/devtool/repository/Maven/Maven3.2.2/local/repo/com/yonyou/iuap/iuap-generic/3.0.0-RELEASE/iuap-generic-3.0.0-RELEASE.jar!/com/yonyou/iuap/context/InvocationInfo.class]
10:20:58.307 [] [] [main] TRACE o.s.c.a.ClassPathBeanDefinitionScanner - Ignored because not matching any filter: URL [jar:file:/D:/devtool/repository/Maven/Maven3.2.2/local/repo/com/yonyou/iuap/iuap-generic/3.0.0-RELEASE/iuap-generic-3.0.0-RELEASE.jar!/com/yonyou/iuap/context/InvocationInfo.class]
10:20:58.307 [] [] [main] TRACE o.s.c.a.ClassPathBeanDefinitionScanner - Scanning URL [jar:file:/D:/devtool/repository/Maven/Maven3.2.2/local/repo/com/yonyou/iuap/iuap-generic/3.0.0-RELEASE/iuap-generic-3.0.0-RELEASE.jar!/com/yonyou/iuap/context/InvocationInfoProxy$1.class]
10:20:58.307 [] [] [main] TRACE o.s.c.a.ClassPathBeanDefinitionScanner - Ignored because not matching any filter: URL [jar:file:/D:/devtool/repository/Maven/Maven3.2.2/local/repo/com/yonyou/iuap/iuap-generic/3.0.0-RELEASE/iuap-generic-3.0.0-RELEASE.jar!/com/yonyou/iuap/context/InvocationInfoProxy$1.class]
10:20:58.307 [] [] [main] TRACE o.s.c.a.ClassPathBeanDefinitionScanner - Scanning URL [jar:file:/D:/devtool/repository/Maven/Maven3.2.2/local/repo/com/yonyou/iuap/iuap-generic/3.0.0-RELEASE/iuap-generic-3.0.0-RELEASE.jar!/com/yonyou/iuap/context/InvocationInfoProxy.class]
10:20:58.308 [] [] [main] TRACE o.s.c.a.ClassPathBeanDefinitionScanner - Ignored because not matching any filter: URL [jar:file:/D:/devtool/repository/Maven/Maven3.2.2/local/repo/com/yonyou/iuap/iuap-generic/3.0.0-RELEASE/iuap-generic-3.0.0-RELEASE.jar!/com/yonyou/iuap/context/InvocationInfoProxy.class]
10:20:58.308 [] [] [main] TRACE o.s.c.a.ClassPathBeanDefinitionScanner - Scanning URL [jar:file:/D:/devtool/repository/Maven/Maven3.2.2/local/repo/com/yonyou/iuap/iuap-generic/3.0.0-RELEASE/iuap-generic-3.0.0-RELEASE.jar!/com/yonyou/iuap/persistence/vo/annotation/MetaGetter.class]
10:20:58.308 [] [] [main] TRACE o.s.c.a.ClassPathBeanDefinitionScanner - Ignored because not matching any filter: URL [jar:file:/D:/devtool/repository/Maven/Maven3.2.2/local/repo/com/yonyou/iuap/iuap-generic/3.0.0-RELEASE/iuap-generic-3.0.0-RELEASE.jar!/com/yonyou/iuap/persistence/vo/annotation/MetaGetter.class]
10:20:58.308 [] [] [main] TRACE o.s.c.a.ClassPathBeanDefinitionScanner - Scanning URL [jar:file:/D:/devtool/repository/Maven/Maven3.2.2/local/repo/com/yonyou/iuap/iuap-generic/3.0.0-RELEASE/iuap-generic-3.0.0-RELEASE.jar!/com/yonyou/iuap/persistence/vo/annotation/MetaSetter.class]
10:20:58.308 [] [] [main] TRACE o.s.c.a.ClassPathBeanDefinitionScanner - Ignored because not matching any filter: URL [jar:file:/D:/devtool/repository/Maven/Maven3.2.2/local/repo/com/yonyou/iuap/iuap-generic/3.0.0-RELEASE/iuap-generic-3.0.0-RELEASE.jar!/com/yonyou/iuap/persistence/vo/annotation/MetaSetter.class]
10:20:58.308 [] [] [main] TRACE o.s.c.a.ClassPathBeanDefinitionScanner - Scanning URL [jar:file:/D:/devtool/repository/Maven/Maven3.2.2/local/repo/com/yonyou/iuap/iuap-generic/3.0.0-RELEASE/iuap-generic-3.0.0-RELEASE.jar!/com/yonyou/iuap/persistence/vo/BaseEntity.class]
10:20:58.310 [] [] [main] TRACE o.s.c.a.ClassPathBeanDefinitionScanner - Ignored because not matching any filter: URL [jar:file:/D:/devtool/repository/Maven/Maven3.2.2/local/repo/com/yonyou/iuap/iuap-generic/3.0.0-RELEASE/iuap-generic-3.0.0-RELEASE.jar!/com/yonyou/iuap/persistence/vo/BaseEntity.class]
10:20:58.311 [] [] [main] TRACE o.s.c.a.ClassPathBeanDefinitionScanner - Scanning URL [jar:file:/D:/devtool/repository/Maven/Maven3.2.2/local/repo/com/yonyou/iuap/iuap-generic/3.0.0-RELEASE/iuap-generic-3.0.0-RELEASE.jar!/com/yonyou/iuap/persistence/vo/pub/VOStatus.class]
10:20:58.311 [] [] [main] TRACE o.s.c.a.ClassPathBeanDefinitionScanner - Ignored because not matching any filter: URL [jar:file:/D:/devtool/repository/Maven/Maven3.2.2/local/repo/com/yonyou/iuap/iuap-generic/3.0.0-RELEASE/iuap-generic-3.0.0-RELEASE.jar!/com/yonyou/iuap/persistence/vo/pub/VOStatus.class]
10:20:58.311 [] [] [main] TRACE o.s.c.a.ClassPathBeanDefinitionScanner - Scanning URL [jar:file:/D:/devtool/repository/Maven/Maven3.2.2/local/repo/com/yonyou/iuap/iuap-generic/3.0.0-RELEASE/iuap-generic-3.0.0-RELEASE.jar!/com/yonyou/iuap/thread/ThreadExecutor.class]
10:20:58.311 [] [] [main] TRACE o.s.c.a.ClassPathBeanDefinitionScanner - Ignored because not matching any filter: URL [jar:file:/D:/devtool/repository/Maven/Maven3.2.2/local/repo/com/yonyou/iuap/iuap-generic/3.0.0-RELEASE/iuap-generic-3.0.0-RELEASE.jar!/com/yonyou/iuap/thread/ThreadExecutor.class]
10:20:58.311 [] [] [main] TRACE o.s.c.a.ClassPathBeanDefinitionScanner - Scanning URL [jar:file:/D:/devtool/repository/Maven/Maven3.2.2/local/repo/com/yonyou/iuap/iuap-generic/3.0.0-RELEASE/iuap-generic-3.0.0-RELEASE.jar!/com/yonyou/iuap/thread/ThreadWarpper.class]
10:20:58.311 [] [] [main] TRACE o.s.c.a.ClassPathBeanDefinitionScanner - Ignored because not matching any filter: URL [jar:file:/D:/devtool/repository/Maven/Maven3.2.2/local/repo/com/yonyou/iuap/iuap-generic/3.0.0-RELEASE/iuap-generic-3.0.0-RELEASE.jar!/com/yonyou/iuap/thread/ThreadWarpper.class]
10:20:58.311 [] [] [main] TRACE o.s.c.a.ClassPathBeanDefinitionScanner - Scanning URL [jar:file:/D:/devtool/repository/Maven/Maven3.2.2/local/repo/com/yonyou/iuap/iuap-cache/3.0.0-RELEASE/iuap-cache-3.0.0-RELEASE.jar!/com/yonyou/iuap/cache/anotation/Clearable.class]
10:20:58.312 [] [] [main] TRACE o.s.c.a.ClassPathBeanDefinitionScanner - Ignored because not matching any filter: URL [jar:file:/D:/devtool/repository/Maven/Maven3.2.2/local/repo/com/yonyou/iuap/iuap-cache/3.0.0-RELEASE/iuap-cache-3.0.0-RELEASE.jar!/com/yonyou/iuap/cache/anotation/Clearable.class]
10:20:58.312 [] [] [main] TRACE o.s.c.a.ClassPathBeanDefinitionScanner - Scanning URL [jar:file:/D:/devtool/repository/Maven/Maven3.2.2/local/repo/com/yonyou/iuap/iuap-cache/3.0.0-RELEASE/iuap-cache-3.0.0-RELEASE.jar!/com/yonyou/iuap/cache/aop/CacheAspect$1.class]
10:20:58.312 [] [] [main] TRACE o.s.c.a.ClassPathBeanDefinitionScanner - Ignored because not matching any filter: URL [jar:file:/D:/devtool/repository/Maven/Maven3.2.2/local/repo/com/yonyou/iuap/iuap-cache/3.0.0-RELEASE/iuap-cache-3.0.0-RELEASE.jar!/com/yonyou/iuap/cache/aop/CacheAspect$1.class]
10:20:58.312 [] [] [main] TRACE o.s.c.a.ClassPathBeanDefinitionScanner - Scanning URL [jar:file:/D:/devtool/repository/Maven/Maven3.2.2/local/repo/com/yonyou/iuap/iuap-cache/3.0.0-RELEASE/iuap-cache-3.0.0-RELEASE.jar!/com/yonyou/iuap/cache/aop/CacheAspect.class]
10:20:58.312 [] [] [main] TRACE o.s.c.a.ClassPathBeanDefinitionScanner - Ignored because not matching any filter: URL [jar:file:/D:/devtool/repository/Maven/Maven3.2.2/local/repo/com/yonyou/iuap/iuap-cache/3.0.0-RELEASE/iuap-cache-3.0.0-RELEASE.jar!/com/yonyou/iuap/cache/aop/CacheAspect.class]
10:20:58.312 [] [] [main] TRACE o.s.c.a.ClassPathBeanDefinitionScanner - Scanning URL [jar:file:/D:/devtool/repository/Maven/Maven3.2.2/local/repo/com/yonyou/iuap/iuap-cache/3.0.0-RELEASE/iuap-cache-3.0.0-RELEASE.jar!/com/yonyou/iuap/cache/aop/CacheOperate$OperationType.class]
10:20:58.313 [] [] [main] TRACE o.s.c.a.ClassPathBeanDefinitionScanner - Ignored because not matching any filter: URL [jar:file:/D:/devtool/repository/Maven/Maven3.2.2/local/repo/com/yonyou/iuap/iuap-cache/3.0.0-RELEASE/iuap-cache-3.0.0-RELEASE.jar!/com/yonyou/iuap/cache/aop/CacheOperate$OperationType.class]
10:20:58.313 [] [] [main] TRACE o.s.c.a.ClassPathBeanDefinitionScanner - Scanning URL [jar:file:/D:/devtool/repository/Maven/Maven3.2.2/local/repo/com/yonyou/iuap/iuap-cache/3.0.0-RELEASE/iuap-cache-3.0.0-RELEASE.jar!/com/yonyou/iuap/cache/aop/CacheOperate.class]
10:20:58.315 [] [] [main] TRACE o.s.c.a.ClassPathBeanDefinitionScanner - Ignored because not matching any filter: URL [jar:file:/D:/devtool/repository/Maven/Maven3.2.2/local/repo/com/yonyou/iuap/iuap-cache/3.0.0-RELEASE/iuap-cache-3.0.0-RELEASE.jar!/com/yonyou/iuap/cache/aop/CacheOperate.class]
10:20:58.315 [] [] [main] TRACE o.s.c.a.ClassPathBeanDefinitionScanner - Scanning URL [jar:file:/D:/devtool/repository/Maven/Maven3.2.2/local/repo/com/yonyou/iuap/iuap-cache/3.0.0-RELEASE/iuap-cache-3.0.0-RELEASE.jar!/com/yonyou/iuap/cache/aop/ClearCacheService.class]
10:20:58.316 [] [] [main] TRACE o.s.c.a.ClassPathBeanDefinitionScanner - Ignored because not matching any filter: URL [jar:file:/D:/devtool/repository/Maven/Maven3.2.2/local/repo/com/yonyou/iuap/iuap-cache/3.0.0-RELEASE/iuap-cache-3.0.0-RELEASE.jar!/com/yonyou/iuap/cache/aop/ClearCacheService.class]
10:20:58.316 [] [] [main] TRACE o.s.c.a.ClassPathBeanDefinitionScanner - Scanning URL [jar:file:/D:/devtool/repository/Maven/Maven3.2.2/local/repo/com/yonyou/iuap/iuap-cache/3.0.0-RELEASE/iuap-cache-3.0.0-RELEASE.jar!/com/yonyou/iuap/cache/CacheManager$1.class]
10:20:58.316 [] [] [main] TRACE o.s.c.a.ClassPathBeanDefinitionScanner - Ignored because not matching any filter: URL [jar:file:/D:/devtool/repository/Maven/Maven3.2.2/local/repo/com/yonyou/iuap/iuap-cache/3.0.0-RELEASE/iuap-cache-3.0.0-RELEASE.jar!/com/yonyou/iuap/cache/CacheManager$1.class]
10:20:58.316 [] [] [main] TRACE o.s.c.a.ClassPathBeanDefinitionScanner - Scanning URL [jar:file:/D:/devtool/repository/Maven/Maven3.2.2/local/repo/com/yonyou/iuap/iuap-cache/3.0.0-RELEASE/iuap-cache-3.0.0-RELEASE.jar!/com/yonyou/iuap/cache/CacheManager$10.class]
10:20:58.316 [] [] [main] TRACE o.s.c.a.ClassPathBeanDefinitionScanner - Ignored because not matching any filter: URL [jar:file:/D:/devtool/repository/Maven/Maven3.2.2/local/repo/com/yonyou/iuap/iuap-cache/3.0.0-RELEASE/iuap-cache-3.0.0-RELEASE.jar!/com/yonyou/iuap/cache/CacheManager$10.class]
10:20:58.316 [] [] [main] TRACE o.s.c.a.ClassPathBeanDefinitionScanner - Scanning URL [jar:file:/D:/devtool/repository/Maven/Maven3.2.2/local/repo/com/yonyou/iuap/iuap-cache/3.0.0-RELEASE/iuap-cache-3.0.0-RELEASE.jar!/com/yonyou/iuap/cache/CacheManager$11.class]
10:20:58.317 [] [] [main] TRACE o.s.c.a.ClassPathBeanDefinitionScanner - Ignored because not matching any filter: URL [jar:file:/D:/devtool/repository/Maven/Maven3.2.2/local/repo/com/yonyou/iuap/iuap-cache/3.0.0-RELEASE/iuap-cache-3.0.0-RELEASE.jar!/com/yonyou/iuap/cache/CacheManager$11.class]
10:20:58.317 [] [] [main] TRACE o.s.c.a.ClassPathBeanDefinitionScanner - Scanning URL [jar:file:/D:/devtool/repository/Maven/Maven3.2.2/local/repo/com/yonyou/iuap/iuap-cache/3.0.0-RELEASE/iuap-cache-3.0.0-RELEASE.jar!/com/yonyou/iuap/cache/CacheManager$12.class]
10:20:58.317 [] [] [main] TRACE o.s.c.a.ClassPathBeanDefinitionScanner - Ignored because not matching any filter: URL [jar:file:/D:/devtool/repository/Maven/Maven3.2.2/local/repo/com/yonyou/iuap/iuap-cache/3.0.0-RELEASE/iuap-cache-3.0.0-RELEASE.jar!/com/yonyou/iuap/cache/CacheManager$12.class]
10:20:58.317 [] [] [main] TRACE o.s.c.a.ClassPathBeanDefinitionScanner - Scanning URL [jar:file:/D:/devtool/repository/Maven/Maven3.2.2/local/repo/com/yonyou/iuap/iuap-cache/3.0.0-RELEASE/iuap-cache-3.0.0-RELEASE.jar!/com/yonyou/iuap/cache/CacheManager$2.class]
10:20:58.317 [] [] [main] TRACE o.s.c.a.ClassPathBeanDefinitionScanner - Ignored because not matching any filter: URL [jar:file:/D:/devtool/repository/Maven/Maven3.2.2/local/repo/com/yonyou/iuap/iuap-cache/3.0.0-RELEASE/iuap-cache-3.0.0-RELEASE.jar!/com/yonyou/iuap/cache/CacheManager$2.class]
10:20:58.317 [] [] [main] TRACE o.s.c.a.ClassPathBeanDefinitionScanner - Scanning URL [jar:file:/D:/devtool/repository/Maven/Maven3.2.2/local/repo/com/yonyou/iuap/iuap-cache/3.0.0-RELEASE/iuap-cache-3.0.0-RELEASE.jar!/com/yonyou/iuap/cache/CacheManager$3.class]
10:20:58.318 [] [] [main] TRACE o.s.c.a.ClassPathBeanDefinitionScanner - Ignored because not matching any filter: URL [jar:file:/D:/devtool/repository/Maven/Maven3.2.2/local/repo/com/yonyou/iuap/iuap-cache/3.0.0-RELEASE/iuap-cache-3.0.0-RELEASE.jar!/com/yonyou/iuap/cache/CacheManager$3.class]
10:20:58.318 [] [] [main] TRACE o.s.c.a.ClassPathBeanDefinitionScanner - Scanning URL [jar:file:/D:/devtool/repository/Maven/Maven3.2.2/local/repo/com/yonyou/iuap/iuap-cache/3.0.0-RELEASE/iuap-cache-3.0.0-RELEASE.jar!/com/yonyou/iuap/cache/CacheManager$4.class]
10:20:58.318 [] [] [main] TRACE o.s.c.a.ClassPathBeanDefinitionScanner - Ignored because not matching any filter: URL [jar:file:/D:/devtool/repository/Maven/Maven3.2.2/local/repo/com/yonyou/iuap/iuap-cache/3.0.0-RELEASE/iuap-cache-3.0.0-RELEASE.jar!/com/yonyou/iuap/cache/CacheManager$4.class]
10:20:58.318 [] [] [main] TRACE o.s.c.a.ClassPathBeanDefinitionScanner - Scanning URL [jar:file:/D:/devtool/repository/Maven/Maven3.2.2/local/repo/com/yonyou/iuap/iuap-cache/3.0.0-RELEASE/iuap-cache-3.0.0-RELEASE.jar!/com/yonyou/iuap/cache/CacheManager$5.class]
10:20:58.318 [] [] [main] TRACE o.s.c.a.ClassPathBeanDefinitionScanner - Ignored because not matching any filter: URL [jar:file:/D:/devtool/repository/Maven/Maven3.2.2/local/repo/com/yonyou/iuap/iuap-cache/3.0.0-RELEASE/iuap-cache-3.0.0-RELEASE.jar!/com/yonyou/iuap/cache/CacheManager$5.class]
10:20:58.318 [] [] [main] TRACE o.s.c.a.ClassPathBeanDefinitionScanner - Scanning URL [jar:file:/D:/devtool/repository/Maven/Maven3.2.2/local/repo/com/yonyou/iuap/iuap-cache/3.0.0-RELEASE/iuap-cache-3.0.0-RELEASE.jar!/com/yonyou/iuap/cache/CacheManager$6.class]
10:20:58.318 [] [] [main] TRACE o.s.c.a.ClassPathBeanDefinitionScanner - Ignored because not matching any filter: URL [jar:file:/D:/devtool/repository/Maven/Maven3.2.2/local/repo/com/yonyou/iuap/iuap-cache/3.0.0-RELEASE/iuap-cache-3.0.0-RELEASE.jar!/com/yonyou/iuap/cache/CacheManager$6.class]
10:20:58.318 [] [] [main] TRACE o.s.c.a.ClassPathBeanDefinitionScanner - Scanning URL [jar:file:/D:/devtool/repository/Maven/Maven3.2.2/local/repo/com/yonyou/iuap/iuap-cache/3.0.0-RELEASE/iuap-cache-3.0.0-RELEASE.jar!/com/yonyou/iuap/cache/CacheManager$7.class]
10:20:58.319 [] [] [main] TRACE o.s.c.a.ClassPathBeanDefinitionScanner - Ignored because not matching any filter: URL [jar:file:/D:/devtool/repository/Maven/Maven3.2.2/local/repo/com/yonyou/iuap/iuap-cache/3.0.0-RELEASE/iuap-cache-3.0.0-RELEASE.jar!/com/yonyou/iuap/cache/CacheManager$7.class]
10:20:58.319 [] [] [main] TRACE o.s.c.a.ClassPathBeanDefinitionScanner - Scanning URL [jar:file:/D:/devtool/repository/Maven/Maven3.2.2/local/repo/com/yonyou/iuap/iuap-cache/3.0.0-RELEASE/iuap-cache-3.0.0-RELEASE.jar!/com/yonyou/iuap/cache/CacheManager$8.class]
10:20:58.319 [] [] [main] TRACE o.s.c.a.ClassPathBeanDefinitionScanner - Ignored because not matching any filter: URL [jar:file:/D:/devtool/repository/Maven/Maven3.2.2/local/repo/com/yonyou/iuap/iuap-cache/3.0.0-RELEASE/iuap-cache-3.0.0-RELEASE.jar!/com/yonyou/iuap/cache/CacheManager$8.class]
10:20:58.319 [] [] [main] TRACE o.s.c.a.ClassPathBeanDefinitionScanner - Scanning URL [jar:file:/D:/devtool/repository/Maven/Maven3.2.2/local/repo/com/yonyou/iuap/iuap-cache/3.0.0-RELEASE/iuap-cache-3.0.0-RELEASE.jar!/com/yonyou/iuap/cache/CacheManager$9.class]
10:20:58.319 [] [] [main] TRACE o.s.c.a.ClassPathBeanDefinitionScanner - Ignored because not matching any filter: URL [jar:file:/D:/devtool/repository/Maven/Maven3.2.2/local/repo/com/yonyou/iuap/iuap-cache/3.0.0-RELEASE/iuap-cache-3.0.0-RELEASE.jar!/com/yonyou/iuap/cache/CacheManager$9.class]
10:20:58.319 [] [] [main] TRACE o.s.c.a.ClassPathBeanDefinitionScanner - Scanning URL [jar:file:/D:/devtool/repository/Maven/Maven3.2.2/local/repo/com/yonyou/iuap/iuap-cache/3.0.0-RELEASE/iuap-cache-3.0.0-RELEASE.jar!/com/yonyou/iuap/cache/CacheManager$JedisAction.class]
10:20:58.320 [] [] [main] TRACE o.s.c.a.ClassPathBeanDefinitionScanner - Ignored because not matching any filter: URL [jar:file:/D:/devtool/repository/Maven/Maven3.2.2/local/repo/com/yonyou/iuap/iuap-cache/3.0.0-RELEASE/iuap-cache-3.0.0-RELEASE.jar!/com/yonyou/iuap/cache/CacheManager$JedisAction.class]
10:20:58.320 [] [] [main] TRACE o.s.c.a.ClassPathBeanDefinitionScanner - Scanning URL [jar:file:/D:/devtool/repository/Maven/Maven3.2.2/local/repo/com/yonyou/iuap/iuap-cache/3.0.0-RELEASE/iuap-cache-3.0.0-RELEASE.jar!/com/yonyou/iuap/cache/CacheManager$JedisActionNoResult.class]
10:20:58.320 [] [] [main] TRACE o.s.c.a.ClassPathBeanDefinitionScanner - Ignored because not matching any filter: URL [jar:file:/D:/devtool/repository/Maven/Maven3.2.2/local/repo/com/yonyou/iuap/iuap-cache/3.0.0-RELEASE/iuap-cache-3.0.0-RELEASE.jar!/com/yonyou/iuap/cache/CacheManager$JedisActionNoResult.class]
10:20:58.320 [] [] [main] TRACE o.s.c.a.ClassPathBeanDefinitionScanner - Scanning URL [jar:file:/D:/devtool/repository/Maven/Maven3.2.2/local/repo/com/yonyou/iuap/iuap-cache/3.0.0-RELEASE/iuap-cache-3.0.0-RELEASE.jar!/com/yonyou/iuap/cache/CacheManager.class]
10:20:58.320 [] [] [main] TRACE o.s.c.a.ClassPathBeanDefinitionScanner - Ignored because not matching any filter: URL [jar:file:/D:/devtool/repository/Maven/Maven3.2.2/local/repo/com/yonyou/iuap/iuap-cache/3.0.0-RELEASE/iuap-cache-3.0.0-RELEASE.jar!/com/yonyou/iuap/cache/CacheManager.class]
10:20:58.320 [] [] [main] TRACE o.s.c.a.ClassPathBeanDefinitionScanner - Scanning URL [jar:file:/D:/devtool/repository/Maven/Maven3.2.2/local/repo/com/yonyou/iuap/iuap-cache/3.0.0-RELEASE/iuap-cache-3.0.0-RELEASE.jar!/com/yonyou/iuap/cache/entity/CacheAbleEntity.class]
10:20:58.321 [] [] [main] TRACE o.s.c.a.ClassPathBeanDefinitionScanner - Ignored because not matching any filter: URL [jar:file:/D:/devtool/repository/Maven/Maven3.2.2/local/repo/com/yonyou/iuap/iuap-cache/3.0.0-RELEASE/iuap-cache-3.0.0-RELEASE.jar!/com/yonyou/iuap/cache/entity/CacheAbleEntity.class]
10:20:58.321 [] [] [main] TRACE o.s.c.a.ClassPathBeanDefinitionScanner - Scanning URL [jar:file:/D:/devtool/repository/Maven/Maven3.2.2/local/repo/com/yonyou/iuap/iuap-cache/3.0.0-RELEASE/iuap-cache-3.0.0-RELEASE.jar!/com/yonyou/iuap/cache/redis/RedisPoolFactory.class]
10:20:58.321 [] [] [main] TRACE o.s.c.a.ClassPathBeanDefinitionScanner - Ignored because not matching any filter: URL [jar:file:/D:/devtool/repository/Maven/Maven3.2.2/local/repo/com/yonyou/iuap/iuap-cache/3.0.0-RELEASE/iuap-cache-3.0.0-RELEASE.jar!/com/yonyou/iuap/cache/redis/RedisPoolFactory.class]
10:20:58.321 [] [] [main] TRACE o.s.c.a.ClassPathBeanDefinitionScanner - Scanning URL [jar:file:/D:/devtool/repository/Maven/Maven3.2.2/local/repo/com/yonyou/iuap/iuap-cache/3.0.0-RELEASE/iuap-cache-3.0.0-RELEASE.jar!/com/yonyou/iuap/cache/serializer/impl/DefaultJDKSerializer.class]
10:20:58.321 [] [] [main] TRACE o.s.c.a.ClassPathBeanDefinitionScanner - Ignored because not matching any filter: URL [jar:file:/D:/devtool/repository/Maven/Maven3.2.2/local/repo/com/yonyou/iuap/iuap-cache/3.0.0-RELEASE/iuap-cache-3.0.0-RELEASE.jar!/com/yonyou/iuap/cache/serializer/impl/DefaultJDKSerializer.class]
10:20:58.321 [] [] [main] TRACE o.s.c.a.ClassPathBeanDefinitionScanner - Scanning URL [jar:file:/D:/devtool/repository/Maven/Maven3.2.2/local/repo/com/yonyou/iuap/iuap-cache/3.0.0-RELEASE/iuap-cache-3.0.0-RELEASE.jar!/com/yonyou/iuap/cache/serializer/Serializer.class]
10:20:58.321 [] [] [main] TRACE o.s.c.a.ClassPathBeanDefinitionScanner - Ignored because not matching any filter: URL [jar:file:/D:/devtool/repository/Maven/Maven3.2.2/local/repo/com/yonyou/iuap/iuap-cache/3.0.0-RELEASE/iuap-cache-3.0.0-RELEASE.jar!/com/yonyou/iuap/cache/serializer/Serializer.class]
10:20:58.321 [] [] [main] TRACE o.s.c.a.ClassPathBeanDefinitionScanner - Scanning URL [jar:file:/D:/devtool/repository/Maven/Maven3.2.2/local/repo/com/yonyou/iuap/iuap-cache/3.0.0-RELEASE/iuap-cache-3.0.0-RELEASE.jar!/com/yonyou/iuap/cache/utils/SerializUtil.class]
10:20:58.322 [] [] [main] TRACE o.s.c.a.ClassPathBeanDefinitionScanner - Ignored because not matching any filter: URL [jar:file:/D:/devtool/repository/Maven/Maven3.2.2/local/repo/com/yonyou/iuap/iuap-cache/3.0.0-RELEASE/iuap-cache-3.0.0-RELEASE.jar!/com/yonyou/iuap/cache/utils/SerializUtil.class]
10:20:58.322 [] [] [main] TRACE o.s.c.a.ClassPathBeanDefinitionScanner - Scanning URL [jar:file:/D:/devtool/repository/Maven/Maven3.2.2/local/repo/com/yonyou/iuap/iuap-log/3.0.0-RELEASE/iuap-log-3.0.0-RELEASE.jar!/com/yonyou/iuap/log/constants/LogConstants.class]
10:20:58.322 [] [] [main] TRACE o.s.c.a.ClassPathBeanDefinitionScanner - Ignored because not matching any filter: URL [jar:file:/D:/devtool/repository/Maven/Maven3.2.2/local/repo/com/yonyou/iuap/iuap-log/3.0.0-RELEASE/iuap-log-3.0.0-RELEASE.jar!/com/yonyou/iuap/log/constants/LogConstants.class]
10:20:58.322 [] [] [main] TRACE o.s.c.a.ClassPathBeanDefinitionScanner - Scanning URL [jar:file:/D:/devtool/repository/Maven/Maven3.2.2/local/repo/com/yonyou/iuap/iuap-log/3.0.0-RELEASE/iuap-log-3.0.0-RELEASE.jar!/com/yonyou/iuap/log/utils/ThreadCallerIdGenerator.class]
10:20:58.322 [] [] [main] TRACE o.s.c.a.ClassPathBeanDefinitionScanner - Ignored because not matching any filter: URL [jar:file:/D:/devtool/repository/Maven/Maven3.2.2/local/repo/com/yonyou/iuap/iuap-log/3.0.0-RELEASE/iuap-log-3.0.0-RELEASE.jar!/com/yonyou/iuap/log/utils/ThreadCallerIdGenerator.class]
10:20:58.322 [] [] [main] TRACE o.s.c.a.ClassPathBeanDefinitionScanner - Scanning URL [jar:file:/D:/devtool/repository/Maven/Maven3.2.2/local/repo/com/yonyou/iuap/iuap-security/3.0.0-RELEASE/iuap-security-3.0.0-RELEASE.jar!/com/yonyou/iuap/iweb/security/IRSAService.class]
10:20:58.322 [] [] [main] TRACE o.s.c.a.ClassPathBeanDefinitionScanner - Ignored because not matching any filter: URL [jar:file:/D:/devtool/repository/Maven/Maven3.2.2/local/repo/com/yonyou/iuap/iuap-security/3.0.0-RELEASE/iuap-security-3.0.0-RELEASE.jar!/com/yonyou/iuap/iweb/security/IRSAService.class]
10:20:58.323 [] [] [main] TRACE o.s.c.a.ClassPathBeanDefinitionScanner - Scanning URL [jar:file:/D:/devtool/repository/Maven/Maven3.2.2/local/repo/com/yonyou/iuap/iuap-security/3.0.0-RELEASE/iuap-security-3.0.0-RELEASE.jar!/com/yonyou/iuap/iweb/security/RSAService.class]
10:20:58.323 [] [] [main] TRACE o.s.c.a.ClassPathBeanDefinitionScanner - Ignored because not matching any filter: URL [jar:file:/D:/devtool/repository/Maven/Maven3.2.2/local/repo/com/yonyou/iuap/iuap-security/3.0.0-RELEASE/iuap-security-3.0.0-RELEASE.jar!/com/yonyou/iuap/iweb/security/RSAService.class]
10:20:58.323 [] [] [main] TRACE o.s.c.a.ClassPathBeanDefinitionScanner - Scanning URL [jar:file:/D:/devtool/repository/Maven/Maven3.2.2/local/repo/com/yonyou/iuap/iuap-security/3.0.0-RELEASE/iuap-security-3.0.0-RELEASE.jar!/com/yonyou/iuap/security/esapi/EncryptException.class]
10:20:58.323 [] [] [main] TRACE o.s.c.a.ClassPathBeanDefinitionScanner - Ignored because not matching any filter: URL [jar:file:/D:/devtool/repository/Maven/Maven3.2.2/local/repo/com/yonyou/iuap/iuap-security/3.0.0-RELEASE/iuap-security-3.0.0-RELEASE.jar!/com/yonyou/iuap/security/esapi/EncryptException.class]
10:20:58.323 [] [] [main] TRACE o.s.c.a.ClassPathBeanDefinitionScanner - Scanning URL [jar:file:/D:/devtool/repository/Maven/Maven3.2.2/local/repo/com/yonyou/iuap/iuap-security/3.0.0-RELEASE/iuap-security-3.0.0-RELEASE.jar!/com/yonyou/iuap/security/esapi/IUAPEncoder$DatabaseCodec.class]
10:20:58.323 [] [] [main] TRACE o.s.c.a.ClassPathBeanDefinitionScanner - Ignored because not matching any filter: URL [jar:file:/D:/devtool/repository/Maven/Maven3.2.2/local/repo/com/yonyou/iuap/iuap-security/3.0.0-RELEASE/iuap-security-3.0.0-RELEASE.jar!/com/yonyou/iuap/security/esapi/IUAPEncoder$DatabaseCodec.class]
10:20:58.323 [] [] [main] TRACE o.s.c.a.ClassPathBeanDefinitionScanner - Scanning URL [jar:file:/D:/devtool/repository/Maven/Maven3.2.2/local/repo/com/yonyou/iuap/iuap-security/3.0.0-RELEASE/iuap-security-3.0.0-RELEASE.jar!/com/yonyou/iuap/security/esapi/IUAPEncoder$TextCodec.class]
10:20:58.324 [] [] [main] TRACE o.s.c.a.ClassPathBeanDefinitionScanner - Ignored because not matching any filter: URL [jar:file:/D:/devtool/repository/Maven/Maven3.2.2/local/repo/com/yonyou/iuap/iuap-security/3.0.0-RELEASE/iuap-security-3.0.0-RELEASE.jar!/com/yonyou/iuap/security/esapi/IUAPEncoder$TextCodec.class]
10:20:58.324 [] [] [main] TRACE o.s.c.a.ClassPathBeanDefinitionScanner - Scanning URL [jar:file:/D:/devtool/repository/Maven/Maven3.2.2/local/repo/com/yonyou/iuap/iuap-security/3.0.0-RELEASE/iuap-security-3.0.0-RELEASE.jar!/com/yonyou/iuap/security/esapi/IUAPEncoder.class]
10:20:58.324 [] [] [main] TRACE o.s.c.a.ClassPathBeanDefinitionScanner - Ignored because not matching any filter: URL [jar:file:/D:/devtool/repository/Maven/Maven3.2.2/local/repo/com/yonyou/iuap/iuap-security/3.0.0-RELEASE/iuap-security-3.0.0-RELEASE.jar!/com/yonyou/iuap/security/esapi/IUAPEncoder.class]
10:20:58.324 [] [] [main] TRACE o.s.c.a.ClassPathBeanDefinitionScanner - Scanning URL [jar:file:/D:/devtool/repository/Maven/Maven3.2.2/local/repo/com/yonyou/iuap/iuap-security/3.0.0-RELEASE/iuap-security-3.0.0-RELEASE.jar!/com/yonyou/iuap/security/esapi/IUAPEncryptor.class]
10:20:58.324 [] [] [main] TRACE o.s.c.a.ClassPathBeanDefinitionScanner - Ignored because not matching any filter: URL [jar:file:/D:/devtool/repository/Maven/Maven3.2.2/local/repo/com/yonyou/iuap/iuap-security/3.0.0-RELEASE/iuap-security-3.0.0-RELEASE.jar!/com/yonyou/iuap/security/esapi/IUAPEncryptor.class]
10:20:58.324 [] [] [main] TRACE o.s.c.a.ClassPathBeanDefinitionScanner - Scanning URL [jar:file:/D:/devtool/repository/Maven/Maven3.2.2/local/repo/com/yonyou/iuap/iuap-security/3.0.0-RELEASE/iuap-security-3.0.0-RELEASE.jar!/com/yonyou/iuap/security/esapi/IUAPESAPI.class]
10:20:58.326 [] [] [main] TRACE o.s.c.a.ClassPathBeanDefinitionScanner - Ignored because not matching any filter: URL [jar:file:/D:/devtool/repository/Maven/Maven3.2.2/local/repo/com/yonyou/iuap/iuap-security/3.0.0-RELEASE/iuap-security-3.0.0-RELEASE.jar!/com/yonyou/iuap/security/esapi/IUAPESAPI.class]
10:20:58.326 [] [] [main] TRACE o.s.c.a.ClassPathBeanDefinitionScanner - Scanning URL [jar:file:/D:/devtool/repository/Maven/Maven3.2.2/local/repo/com/yonyou/iuap/iuap-security/3.0.0-RELEASE/iuap-security-3.0.0-RELEASE.jar!/com/yonyou/iuap/security/rest/api/Signer.class]
10:20:58.326 [] [] [main] TRACE o.s.c.a.ClassPathBeanDefinitionScanner - Ignored because not matching any filter: URL [jar:file:/D:/devtool/repository/Maven/Maven3.2.2/local/repo/com/yonyou/iuap/iuap-security/3.0.0-RELEASE/iuap-security-3.0.0-RELEASE.jar!/com/yonyou/iuap/security/rest/api/Signer.class]
10:20:58.326 [] [] [main] TRACE o.s.c.a.ClassPathBeanDefinitionScanner - Scanning URL [jar:file:/D:/devtool/repository/Maven/Maven3.2.2/local/repo/com/yonyou/iuap/iuap-security/3.0.0-RELEASE/iuap-security-3.0.0-RELEASE.jar!/com/yonyou/iuap/security/rest/api/Verifier.class]
10:20:58.326 [] [] [main] TRACE o.s.c.a.ClassPathBeanDefinitionScanner - Ignored because not matching any filter: URL [jar:file:/D:/devtool/repository/Maven/Maven3.2.2/local/repo/com/yonyou/iuap/iuap-security/3.0.0-RELEASE/iuap-security-3.0.0-RELEASE.jar!/com/yonyou/iuap/security/rest/api/Verifier.class]
10:20:58.327 [] [] [main] TRACE o.s.c.a.ClassPathBeanDefinitionScanner - Scanning URL [jar:file:/D:/devtool/repository/Maven/Maven3.2.2/local/repo/com/yonyou/iuap/iuap-security/3.0.0-RELEASE/iuap-security-3.0.0-RELEASE.jar!/com/yonyou/iuap/security/rest/common/AuthConstants.class]
10:20:58.327 [] [] [main] TRACE o.s.c.a.ClassPathBeanDefinitionScanner - Ignored because not matching any filter: URL [jar:file:/D:/devtool/repository/Maven/Maven3.2.2/local/repo/com/yonyou/iuap/iuap-security/3.0.0-RELEASE/iuap-security-3.0.0-RELEASE.jar!/com/yonyou/iuap/security/rest/common/AuthConstants.class]
10:20:58.327 [] [] [main] TRACE o.s.c.a.ClassPathBeanDefinitionScanner - Scanning URL [jar:file:/D:/devtool/repository/Maven/Maven3.2.2/local/repo/com/yonyou/iuap/iuap-security/3.0.0-RELEASE/iuap-security-3.0.0-RELEASE.jar!/com/yonyou/iuap/security/rest/common/Credential.class]
10:20:58.327 [] [] [main] TRACE o.s.c.a.ClassPathBeanDefinitionScanner - Ignored because not matching any filter: URL [jar:file:/D:/devtool/repository/Maven/Maven3.2.2/local/repo/com/yonyou/iuap/iuap-security/3.0.0-RELEASE/iuap-security-3.0.0-RELEASE.jar!/com/yonyou/iuap/security/rest/common/Credential.class]
10:20:58.327 [] [] [main] TRACE o.s.c.a.ClassPathBeanDefinitionScanner - Scanning URL [jar:file:/D:/devtool/repository/Maven/Maven3.2.2/local/repo/com/yonyou/iuap/iuap-security/3.0.0-RELEASE/iuap-security-3.0.0-RELEASE.jar!/com/yonyou/iuap/security/rest/common/SignProp.class]
10:20:58.327 [] [] [main] TRACE o.s.c.a.ClassPathBeanDefinitionScanner - Ignored because not matching any filter: URL [jar:file:/D:/devtool/repository/Maven/Maven3.2.2/local/repo/com/yonyou/iuap/iuap-security/3.0.0-RELEASE/iuap-security-3.0.0-RELEASE.jar!/com/yonyou/iuap/security/rest/common/SignProp.class]
10:20:58.327 [] [] [main] TRACE o.s.c.a.ClassPathBeanDefinitionScanner - Scanning URL [jar:file:/D:/devtool/repository/Maven/Maven3.2.2/local/repo/com/yonyou/iuap/iuap-security/3.0.0-RELEASE/iuap-security-3.0.0-RELEASE.jar!/com/yonyou/iuap/security/rest/common/UAPKeyPair.class]
10:20:58.328 [] [] [main] TRACE o.s.c.a.ClassPathBeanDefinitionScanner - Ignored because not matching any filter: URL [jar:file:/D:/devtool/repository/Maven/Maven3.2.2/local/repo/com/yonyou/iuap/iuap-security/3.0.0-RELEASE/iuap-security-3.0.0-RELEASE.jar!/com/yonyou/iuap/security/rest/common/UAPKeyPair.class]
10:20:58.328 [] [] [main] TRACE o.s.c.a.ClassPathBeanDefinitionScanner - Scanning URL [jar:file:/D:/devtool/repository/Maven/Maven3.2.2/local/repo/com/yonyou/iuap/iuap-security/3.0.0-RELEASE/iuap-security-3.0.0-RELEASE.jar!/com/yonyou/iuap/security/rest/digest/client/DigestSigner.class]
10:20:58.328 [] [] [main] TRACE o.s.c.a.ClassPathBeanDefinitionScanner - Ignored because not matching any filter: URL [jar:file:/D:/devtool/repository/Maven/Maven3.2.2/local/repo/com/yonyou/iuap/iuap-security/3.0.0-RELEASE/iuap-security-3.0.0-RELEASE.jar!/com/yonyou/iuap/security/rest/digest/client/DigestSigner.class]
10:20:58.328 [] [] [main] TRACE o.s.c.a.ClassPathBeanDefinitionScanner - Scanning URL [jar:file:/D:/devtool/repository/Maven/Maven3.2.2/local/repo/com/yonyou/iuap/iuap-security/3.0.0-RELEASE/iuap-security-3.0.0-RELEASE.jar!/com/yonyou/iuap/security/rest/digest/core/HMACDigestUtils$Algorithm_HMAC.class]
10:20:58.328 [] [] [main] TRACE o.s.c.a.ClassPathBeanDefinitionScanner - Ignored because not matching any filter: URL [jar:file:/D:/devtool/repository/Maven/Maven3.2.2/local/repo/com/yonyou/iuap/iuap-security/3.0.0-RELEASE/iuap-security-3.0.0-RELEASE.jar!/com/yonyou/iuap/security/rest/digest/core/HMACDigestUtils$Algorithm_HMAC.class]
10:20:58.328 [] [] [main] TRACE o.s.c.a.ClassPathBeanDefinitionScanner - Scanning URL [jar:file:/D:/devtool/repository/Maven/Maven3.2.2/local/repo/com/yonyou/iuap/iuap-security/3.0.0-RELEASE/iuap-security-3.0.0-RELEASE.jar!/com/yonyou/iuap/security/rest/digest/core/HMACDigestUtils.class]
10:20:58.329 [] [] [main] TRACE o.s.c.a.ClassPathBeanDefinitionScanner - Ignored because not matching any filter: URL [jar:file:/D:/devtool/repository/Maven/Maven3.2.2/local/repo/com/yonyou/iuap/iuap-security/3.0.0-RELEASE/iuap-security-3.0.0-RELEASE.jar!/com/yonyou/iuap/security/rest/digest/core/HMACDigestUtils.class]
10:20:58.329 [] [] [main] TRACE o.s.c.a.ClassPathBeanDefinitionScanner - Scanning URL [jar:file:/D:/devtool/repository/Maven/Maven3.2.2/local/repo/com/yonyou/iuap/iuap-security/3.0.0-RELEASE/iuap-security-3.0.0-RELEASE.jar!/com/yonyou/iuap/security/rest/digest/server/DigestVerifier.class]
10:20:58.329 [] [] [main] TRACE o.s.c.a.ClassPathBeanDefinitionScanner - Ignored because not matching any filter: URL [jar:file:/D:/devtool/repository/Maven/Maven3.2.2/local/repo/com/yonyou/iuap/iuap-security/3.0.0-RELEASE/iuap-security-3.0.0-RELEASE.jar!/com/yonyou/iuap/security/rest/digest/server/DigestVerifier.class]
10:20:58.329 [] [] [main] TRACE o.s.c.a.ClassPathBeanDefinitionScanner - Scanning URL [jar:file:/D:/devtool/repository/Maven/Maven3.2.2/local/repo/com/yonyou/iuap/iuap-security/3.0.0-RELEASE/iuap-security-3.0.0-RELEASE.jar!/com/yonyou/iuap/security/rest/exception/UAPSecurityException.class]
10:20:58.329 [] [] [main] TRACE o.s.c.a.ClassPathBeanDefinitionScanner - Ignored because not matching any filter: URL [jar:file:/D:/devtool/repository/Maven/Maven3.2.2/local/repo/com/yonyou/iuap/iuap-security/3.0.0-RELEASE/iuap-security-3.0.0-RELEASE.jar!/com/yonyou/iuap/security/rest/exception/UAPSecurityException.class]
10:20:58.329 [] [] [main] TRACE o.s.c.a.ClassPathBeanDefinitionScanner - Scanning URL [jar:file:/D:/devtool/repository/Maven/Maven3.2.2/local/repo/com/yonyou/iuap/iuap-security/3.0.0-RELEASE/iuap-security-3.0.0-RELEASE.jar!/com/yonyou/iuap/security/rest/factory/ClientParamsProvider.class]
10:20:58.330 [] [] [main] TRACE o.s.c.a.ClassPathBeanDefinitionScanner - Ignored because not matching any filter: URL [jar:file:/D:/devtool/repository/Maven/Maven3.2.2/local/repo/com/yonyou/iuap/iuap-security/3.0.0-RELEASE/iuap-security-3.0.0-RELEASE.jar!/com/yonyou/iuap/security/rest/factory/ClientParamsProvider.class]
10:20:58.330 [] [] [main] TRACE o.s.c.a.ClassPathBeanDefinitionScanner - Scanning URL [jar:file:/D:/devtool/repository/Maven/Maven3.2.2/local/repo/com/yonyou/iuap/iuap-security/3.0.0-RELEASE/iuap-security-3.0.0-RELEASE.jar!/com/yonyou/iuap/security/rest/factory/ClientSignFactory.class]
10:20:58.330 [] [] [main] TRACE o.s.c.a.ClassPathBeanDefinitionScanner - Ignored because not matching any filter: URL [jar:file:/D:/devtool/repository/Maven/Maven3.2.2/local/repo/com/yonyou/iuap/iuap-security/3.0.0-RELEASE/iuap-security-3.0.0-RELEASE.jar!/com/yonyou/iuap/security/rest/factory/ClientSignFactory.class]
10:20:58.330 [] [] [main] TRACE o.s.c.a.ClassPathBeanDefinitionScanner - Scanning URL [jar:file:/D:/devtool/repository/Maven/Maven3.2.2/local/repo/com/yonyou/iuap/iuap-security/3.0.0-RELEASE/iuap-security-3.0.0-RELEASE.jar!/com/yonyou/iuap/security/rest/factory/KeyGenerator.class]
10:20:58.330 [] [] [main] TRACE o.s.c.a.ClassPathBeanDefinitionScanner - Ignored because not matching any filter: URL [jar:file:/D:/devtool/repository/Maven/Maven3.2.2/local/repo/com/yonyou/iuap/iuap-security/3.0.0-RELEASE/iuap-security-3.0.0-RELEASE.jar!/com/yonyou/iuap/security/rest/factory/KeyGenerator.class]
10:20:58.330 [] [] [main] TRACE o.s.c.a.ClassPathBeanDefinitionScanner - Scanning URL [jar:file:/D:/devtool/repository/Maven/Maven3.2.2/local/repo/com/yonyou/iuap/iuap-security/3.0.0-RELEASE/iuap-security-3.0.0-RELEASE.jar!/com/yonyou/iuap/security/rest/factory/ServerVerifyFactory.class]
10:20:58.331 [] [] [main] TRACE o.s.c.a.ClassPathBeanDefinitionScanner - Ignored because not matching any filter: URL [jar:file:/D:/devtool/repository/Maven/Maven3.2.2/local/repo/com/yonyou/iuap/iuap-security/3.0.0-RELEASE/iuap-security-3.0.0-RELEASE.jar!/com/yonyou/iuap/security/rest/factory/ServerVerifyFactory.class]
10:20:58.331 [] [] [main] TRACE o.s.c.a.ClassPathBeanDefinitionScanner - Scanning URL [jar:file:/D:/devtool/repository/Maven/Maven3.2.2/local/repo/com/yonyou/iuap/iuap-security/3.0.0-RELEASE/iuap-security-3.0.0-RELEASE.jar!/com/yonyou/iuap/security/rest/rsa/client/RSAClientSigner.class]
10:20:58.331 [] [] [main] TRACE o.s.c.a.ClassPathBeanDefinitionScanner - Ignored because not matching any filter: URL [jar:file:/D:/devtool/repository/Maven/Maven3.2.2/local/repo/com/yonyou/iuap/iuap-security/3.0.0-RELEASE/iuap-security-3.0.0-RELEASE.jar!/com/yonyou/iuap/security/rest/rsa/client/RSAClientSigner.class]
10:20:58.331 [] [] [main] TRACE o.s.c.a.ClassPathBeanDefinitionScanner - Scanning URL [jar:file:/D:/devtool/repository/Maven/Maven3.2.2/local/repo/com/yonyou/iuap/iuap-security/3.0.0-RELEASE/iuap-security-3.0.0-RELEASE.jar!/com/yonyou/iuap/security/rest/rsa/core/RSACryptor$1.class]
10:20:58.331 [] [] [main] TRACE o.s.c.a.ClassPathBeanDefinitionScanner - Ignored because not matching any filter: URL [jar:file:/D:/devtool/repository/Maven/Maven3.2.2/local/repo/com/yonyou/iuap/iuap-security/3.0.0-RELEASE/iuap-security-3.0.0-RELEASE.jar!/com/yonyou/iuap/security/rest/rsa/core/RSACryptor$1.class]
10:20:58.331 [] [] [main] TRACE o.s.c.a.ClassPathBeanDefinitionScanner - Scanning URL [jar:file:/D:/devtool/repository/Maven/Maven3.2.2/local/repo/com/yonyou/iuap/iuap-security/3.0.0-RELEASE/iuap-security-3.0.0-RELEASE.jar!/com/yonyou/iuap/security/rest/rsa/core/RSACryptor$KeyType.class]
10:20:58.332 [] [] [main] TRACE o.s.c.a.ClassPathBeanDefinitionScanner - Ignored because not matching any filter: URL [jar:file:/D:/devtool/repository/Maven/Maven3.2.2/local/repo/com/yonyou/iuap/iuap-security/3.0.0-RELEASE/iuap-security-3.0.0-RELEASE.jar!/com/yonyou/iuap/security/rest/rsa/core/RSACryptor$KeyType.class]
10:20:58.332 [] [] [main] TRACE o.s.c.a.ClassPathBeanDefinitionScanner - Scanning URL [jar:file:/D:/devtool/repository/Maven/Maven3.2.2/local/repo/com/yonyou/iuap/iuap-security/3.0.0-RELEASE/iuap-security-3.0.0-RELEASE.jar!/com/yonyou/iuap/security/rest/rsa/core/RSACryptor.class]
10:20:58.332 [] [] [main] TRACE o.s.c.a.ClassPathBeanDefinitionScanner - Ignored because not matching any filter: URL [jar:file:/D:/devtool/repository/Maven/Maven3.2.2/local/repo/com/yonyou/iuap/iuap-security/3.0.0-RELEASE/iuap-security-3.0.0-RELEASE.jar!/com/yonyou/iuap/security/rest/rsa/core/RSACryptor.class]
10:20:58.332 [] [] [main] TRACE o.s.c.a.ClassPathBeanDefinitionScanner - Scanning URL [jar:file:/D:/devtool/repository/Maven/Maven3.2.2/local/repo/com/yonyou/iuap/iuap-security/3.0.0-RELEASE/iuap-security-3.0.0-RELEASE.jar!/com/yonyou/iuap/security/rest/rsa/core/RSAKeyPair.class]
10:20:58.332 [] [] [main] TRACE o.s.c.a.ClassPathBeanDefinitionScanner - Ignored because not matching any filter: URL [jar:file:/D:/devtool/repository/Maven/Maven3.2.2/local/repo/com/yonyou/iuap/iuap-security/3.0.0-RELEASE/iuap-security-3.0.0-RELEASE.jar!/com/yonyou/iuap/security/rest/rsa/core/RSAKeyPair.class]
10:20:58.332 [] [] [main] TRACE o.s.c.a.ClassPathBeanDefinitionScanner - Scanning URL [jar:file:/D:/devtool/repository/Maven/Maven3.2.2/local/repo/com/yonyou/iuap/iuap-security/3.0.0-RELEASE/iuap-security-3.0.0-RELEASE.jar!/com/yonyou/iuap/security/rest/rsa/core/RSASigner.class]
10:20:58.333 [] [] [main] TRACE o.s.c.a.ClassPathBeanDefinitionScanner - Ignored because not matching any filter: URL [jar:file:/D:/devtool/repository/Maven/Maven3.2.2/local/repo/com/yonyou/iuap/iuap-security/3.0.0-RELEASE/iuap-security-3.0.0-RELEASE.jar!/com/yonyou/iuap/security/rest/rsa/core/RSASigner.class]
10:20:58.333 [] [] [main] TRACE o.s.c.a.ClassPathBeanDefinitionScanner - Scanning URL [jar:file:/D:/devtool/repository/Maven/Maven3.2.2/local/repo/com/yonyou/iuap/iuap-security/3.0.0-RELEASE/iuap-security-3.0.0-RELEASE.jar!/com/yonyou/iuap/security/rest/rsa/core/RSAVerfier.class]
10:20:58.333 [] [] [main] TRACE o.s.c.a.ClassPathBeanDefinitionScanner - Ignored because not matching any filter: URL [jar:file:/D:/devtool/repository/Maven/Maven3.2.2/local/repo/com/yonyou/iuap/iuap-security/3.0.0-RELEASE/iuap-security-3.0.0-RELEASE.jar!/com/yonyou/iuap/security/rest/rsa/core/RSAVerfier.class]
10:20:58.333 [] [] [main] TRACE o.s.c.a.ClassPathBeanDefinitionScanner - Scanning URL [jar:file:/D:/devtool/repository/Maven/Maven3.2.2/local/repo/com/yonyou/iuap/iuap-security/3.0.0-RELEASE/iuap-security-3.0.0-RELEASE.jar!/com/yonyou/iuap/security/rest/rsa/server/RSAServerVerfier.class]
10:20:58.333 [] [] [main] TRACE o.s.c.a.ClassPathBeanDefinitionScanner - Ignored because not matching any filter: URL [jar:file:/D:/devtool/repository/Maven/Maven3.2.2/local/repo/com/yonyou/iuap/iuap-security/3.0.0-RELEASE/iuap-security-3.0.0-RELEASE.jar!/com/yonyou/iuap/security/rest/rsa/server/RSAServerVerfier.class]
10:20:58.333 [] [] [main] TRACE o.s.c.a.ClassPathBeanDefinitionScanner - Scanning URL [jar:file:/D:/devtool/repository/Maven/Maven3.2.2/local/repo/com/yonyou/iuap/iuap-security/3.0.0-RELEASE/iuap-security-3.0.0-RELEASE.jar!/com/yonyou/iuap/security/rest/utils/ClientCredentialGenerator.class]
10:20:58.334 [] [] [main] TRACE o.s.c.a.ClassPathBeanDefinitionScanner - Ignored because not matching any filter: URL [jar:file:/D:/devtool/repository/Maven/Maven3.2.2/local/repo/com/yonyou/iuap/iuap-security/3.0.0-RELEASE/iuap-security-3.0.0-RELEASE.jar!/com/yonyou/iuap/security/rest/utils/ClientCredentialGenerator.class]
10:20:58.334 [] [] [main] TRACE o.s.c.a.ClassPathBeanDefinitionScanner - Scanning URL [jar:file:/D:/devtool/repository/Maven/Maven3.2.2/local/repo/com/yonyou/iuap/iuap-security/3.0.0-RELEASE/iuap-security-3.0.0-RELEASE.jar!/com/yonyou/iuap/security/rest/utils/PostParamsHelper$1.class]
10:20:58.334 [] [] [main] TRACE o.s.c.a.ClassPathBeanDefinitionScanner - Ignored because not matching any filter: URL [jar:file:/D:/devtool/repository/Maven/Maven3.2.2/local/repo/com/yonyou/iuap/iuap-security/3.0.0-RELEASE/iuap-security-3.0.0-RELEASE.jar!/com/yonyou/iuap/security/rest/utils/PostParamsHelper$1.class]
10:20:58.334 [] [] [main] TRACE o.s.c.a.ClassPathBeanDefinitionScanner - Scanning URL [jar:file:/D:/devtool/repository/Maven/Maven3.2.2/local/repo/com/yonyou/iuap/iuap-security/3.0.0-RELEASE/iuap-security-3.0.0-RELEASE.jar!/com/yonyou/iuap/security/rest/utils/PostParamsHelper.class]
10:20:58.334 [] [] [main] TRACE o.s.c.a.ClassPathBeanDefinitionScanner - Ignored because not matching any filter: URL [jar:file:/D:/devtool/repository/Maven/Maven3.2.2/local/repo/com/yonyou/iuap/iuap-security/3.0.0-RELEASE/iuap-security-3.0.0-RELEASE.jar!/com/yonyou/iuap/security/rest/utils/PostParamsHelper.class]
10:20:58.334 [] [] [main] TRACE o.s.c.a.ClassPathBeanDefinitionScanner - Scanning URL [jar:file:/D:/devtool/repository/Maven/Maven3.2.2/local/repo/com/yonyou/iuap/iuap-security/3.0.0-RELEASE/iuap-security-3.0.0-RELEASE.jar!/com/yonyou/iuap/security/rest/utils/SignPropGenerator$1.class]
10:20:58.335 [] [] [main] TRACE o.s.c.a.ClassPathBeanDefinitionScanner - Ignored because not matching any filter: URL [jar:file:/D:/devtool/repository/Maven/Maven3.2.2/local/repo/com/yonyou/iuap/iuap-security/3.0.0-RELEASE/iuap-security-3.0.0-RELEASE.jar!/com/yonyou/iuap/security/rest/utils/SignPropGenerator$1.class]
10:20:58.335 [] [] [main] TRACE o.s.c.a.ClassPathBeanDefinitionScanner - Scanning URL [jar:file:/D:/devtool/repository/Maven/Maven3.2.2/local/repo/com/yonyou/iuap/iuap-security/3.0.0-RELEASE/iuap-security-3.0.0-RELEASE.jar!/com/yonyou/iuap/security/rest/utils/SignPropGenerator.class]
10:20:58.335 [] [] [main] TRACE o.s.c.a.ClassPathBeanDefinitionScanner - Ignored because not matching any filter: URL [jar:file:/D:/devtool/repository/Maven/Maven3.2.2/local/repo/com/yonyou/iuap/iuap-security/3.0.0-RELEASE/iuap-security-3.0.0-RELEASE.jar!/com/yonyou/iuap/security/rest/utils/SignPropGenerator.class]
10:20:58.335 [] [] [main] TRACE o.s.c.a.ClassPathBeanDefinitionScanner - Scanning URL [jar:file:/D:/devtool/repository/Maven/Maven3.2.2/local/repo/com/yonyou/iuap/iuap-security/3.0.0-RELEASE/iuap-security-3.0.0-RELEASE.jar!/com/yonyou/iuap/security/utils/RSAUtils.class]
10:20:58.335 [] [] [main] TRACE o.s.c.a.ClassPathBeanDefinitionScanner - Ignored because not matching any filter: URL [jar:file:/D:/devtool/repository/Maven/Maven3.2.2/local/repo/com/yonyou/iuap/iuap-security/3.0.0-RELEASE/iuap-security-3.0.0-RELEASE.jar!/com/yonyou/iuap/security/utils/RSAUtils.class]
10:20:58.335 [] [] [main] TRACE o.s.c.a.ClassPathBeanDefinitionScanner - Scanning URL [jar:file:/D:/devtool/repository/Maven/Maven3.2.2/local/repo/com/yonyou/iuap/iuap-security/3.0.0-RELEASE/iuap-security-3.0.0-RELEASE.jar!/com/yonyou/iuap/security/utils/TokenGenerator.class]
10:20:58.336 [] [] [main] TRACE o.s.c.a.ClassPathBeanDefinitionScanner - Ignored because not matching any filter: URL [jar:file:/D:/devtool/repository/Maven/Maven3.2.2/local/repo/com/yonyou/iuap/iuap-security/3.0.0-RELEASE/iuap-security-3.0.0-RELEASE.jar!/com/yonyou/iuap/security/utils/TokenGenerator.class]
10:20:58.336 [] [] [main] TRACE o.s.c.a.ClassPathBeanDefinitionScanner - Scanning URL [jar:file:/D:/devtool/repository/Maven/Maven3.2.2/local/repo/com/yonyou/iuap/iuap-utils/3.0.0-RELEASE/iuap-utils-3.0.0-RELEASE.jar!/com/yonyou/iuap/config/PropertyConfigurer.class]
10:20:58.336 [] [] [main] TRACE o.s.c.a.ClassPathBeanDefinitionScanner - Ignored because not matching any filter: URL [jar:file:/D:/devtool/repository/Maven/Maven3.2.2/local/repo/com/yonyou/iuap/iuap-utils/3.0.0-RELEASE/iuap-utils-3.0.0-RELEASE.jar!/com/yonyou/iuap/config/PropertyConfigurer.class]
10:20:58.336 [] [] [main] TRACE o.s.c.a.ClassPathBeanDefinitionScanner - Scanning URL [jar:file:/D:/devtool/repository/Maven/Maven3.2.2/local/repo/com/yonyou/iuap/iuap-utils/3.0.0-RELEASE/iuap-utils-3.0.0-RELEASE.jar!/com/yonyou/iuap/context/IHttpHeadersProvider.class]
10:20:58.336 [] [] [main] TRACE o.s.c.a.ClassPathBeanDefinitionScanner - Ignored because not matching any filter: URL [jar:file:/D:/devtool/repository/Maven/Maven3.2.2/local/repo/com/yonyou/iuap/iuap-utils/3.0.0-RELEASE/iuap-utils-3.0.0-RELEASE.jar!/com/yonyou/iuap/context/IHttpHeadersProvider.class]
10:20:58.336 [] [] [main] TRACE o.s.c.a.ClassPathBeanDefinitionScanner - Scanning URL [jar:file:/D:/devtool/repository/Maven/Maven3.2.2/local/repo/com/yonyou/iuap/iuap-utils/3.0.0-RELEASE/iuap-utils-3.0.0-RELEASE.jar!/com/yonyou/iuap/utils/AnyTrustStrategy.class]
10:20:58.337 [] [] [main] TRACE o.s.c.a.ClassPathBeanDefinitionScanner - Ignored because not matching any filter: URL [jar:file:/D:/devtool/repository/Maven/Maven3.2.2/local/repo/com/yonyou/iuap/iuap-utils/3.0.0-RELEASE/iuap-utils-3.0.0-RELEASE.jar!/com/yonyou/iuap/utils/AnyTrustStrategy.class]
10:20:58.337 [] [] [main] TRACE o.s.c.a.ClassPathBeanDefinitionScanner - Scanning URL [jar:file:/D:/devtool/repository/Maven/Maven3.2.2/local/repo/com/yonyou/iuap/iuap-utils/3.0.0-RELEASE/iuap-utils-3.0.0-RELEASE.jar!/com/yonyou/iuap/utils/Base64Util.class]
10:20:58.337 [] [] [main] TRACE o.s.c.a.ClassPathBeanDefinitionScanner - Ignored because not matching any filter: URL [jar:file:/D:/devtool/repository/Maven/Maven3.2.2/local/repo/com/yonyou/iuap/iuap-utils/3.0.0-RELEASE/iuap-utils-3.0.0-RELEASE.jar!/com/yonyou/iuap/utils/Base64Util.class]
10:20:58.337 [] [] [main] TRACE o.s.c.a.ClassPathBeanDefinitionScanner - Scanning URL [jar:file:/D:/devtool/repository/Maven/Maven3.2.2/local/repo/com/yonyou/iuap/iuap-utils/3.0.0-RELEASE/iuap-utils-3.0.0-RELEASE.jar!/com/yonyou/iuap/utils/CookieUtil.class]
10:20:58.337 [] [] [main] TRACE o.s.c.a.ClassPathBeanDefinitionScanner - Ignored because not matching any filter: URL [jar:file:/D:/devtool/repository/Maven/Maven3.2.2/local/repo/com/yonyou/iuap/iuap-utils/3.0.0-RELEASE/iuap-utils-3.0.0-RELEASE.jar!/com/yonyou/iuap/utils/CookieUtil.class]
10:20:58.337 [] [] [main] TRACE o.s.c.a.ClassPathBeanDefinitionScanner - Scanning URL [jar:file:/D:/devtool/repository/Maven/Maven3.2.2/local/repo/com/yonyou/iuap/iuap-utils/3.0.0-RELEASE/iuap-utils-3.0.0-RELEASE.jar!/com/yonyou/iuap/utils/HttpContextUtil.class]
10:20:58.337 [] [] [main] TRACE o.s.c.a.ClassPathBeanDefinitionScanner - Ignored because not matching any filter: URL [jar:file:/D:/devtool/repository/Maven/Maven3.2.2/local/repo/com/yonyou/iuap/iuap-utils/3.0.0-RELEASE/iuap-utils-3.0.0-RELEASE.jar!/com/yonyou/iuap/utils/HttpContextUtil.class]
10:20:58.338 [] [] [main] TRACE o.s.c.a.ClassPathBeanDefinitionScanner - Scanning URL [jar:file:/D:/devtool/repository/Maven/Maven3.2.2/local/repo/com/yonyou/iuap/iuap-utils/3.0.0-RELEASE/iuap-utils-3.0.0-RELEASE.jar!/com/yonyou/iuap/utils/HttpTookit.class]
10:20:58.338 [] [] [main] TRACE o.s.c.a.ClassPathBeanDefinitionScanner - Ignored because not matching any filter: URL [jar:file:/D:/devtool/repository/Maven/Maven3.2.2/local/repo/com/yonyou/iuap/iuap-utils/3.0.0-RELEASE/iuap-utils-3.0.0-RELEASE.jar!/com/yonyou/iuap/utils/HttpTookit.class]
10:20:58.338 [] [] [main] TRACE o.s.c.a.ClassPathBeanDefinitionScanner - Scanning URL [jar:file:/D:/devtool/repository/Maven/Maven3.2.2/local/repo/com/yonyou/iuap/iuap-utils/3.0.0-RELEASE/iuap-utils-3.0.0-RELEASE.jar!/com/yonyou/iuap/utils/HttpUtil.class]
10:20:58.338 [] [] [main] TRACE o.s.c.a.ClassPathBeanDefinitionScanner - Ignored because not matching any filter: URL [jar:file:/D:/devtool/repository/Maven/Maven3.2.2/local/repo/com/yonyou/iuap/iuap-utils/3.0.0-RELEASE/iuap-utils-3.0.0-RELEASE.jar!/com/yonyou/iuap/utils/HttpUtil.class]
10:20:58.338 [] [] [main] TRACE o.s.c.a.ClassPathBeanDefinitionScanner - Scanning URL [jar:file:/D:/devtool/repository/Maven/Maven3.2.2/local/repo/com/yonyou/iuap/iuap-utils/3.0.0-RELEASE/iuap-utils-3.0.0-RELEASE.jar!/com/yonyou/iuap/utils/PropertyCodec.class]
10:20:58.339 [] [] [main] TRACE o.s.c.a.ClassPathBeanDefinitionScanner - Ignored because not matching any filter: URL [jar:file:/D:/devtool/repository/Maven/Maven3.2.2/local/repo/com/yonyou/iuap/iuap-utils/3.0.0-RELEASE/iuap-utils-3.0.0-RELEASE.jar!/com/yonyou/iuap/utils/PropertyCodec.class]
10:20:58.339 [] [] [main] TRACE o.s.c.a.ClassPathBeanDefinitionScanner - Scanning URL [jar:file:/D:/devtool/repository/Maven/Maven3.2.2/local/repo/com/yonyou/iuap/iuap-utils/3.0.0-RELEASE/iuap-utils-3.0.0-RELEASE.jar!/com/yonyou/iuap/utils/PropertyUtil.class]
10:20:58.339 [] [] [main] TRACE o.s.c.a.ClassPathBeanDefinitionScanner - Ignored because not matching any filter: URL [jar:file:/D:/devtool/repository/Maven/Maven3.2.2/local/repo/com/yonyou/iuap/iuap-utils/3.0.0-RELEASE/iuap-utils-3.0.0-RELEASE.jar!/com/yonyou/iuap/utils/PropertyUtil.class]
10:20:58.339 [] [] [main] TRACE o.s.c.a.ClassPathBeanDefinitionScanner - Scanning URL [jar:file:/D:/devtool/repository/Maven/Maven3.2.2/local/repo/com/yonyou/iuap/iuap-auth/3.0.0-RELEASE/iuap-auth-3.0.0-RELEASE.jar!/com/yonyou/iuap/auth/session/SessionManager$1.class]
10:20:58.339 [] [] [main] TRACE o.s.c.a.ClassPathBeanDefinitionScanner - Ignored because not matching any filter: URL [jar:file:/D:/devtool/repository/Maven/Maven3.2.2/local/repo/com/yonyou/iuap/iuap-auth/3.0.0-RELEASE/iuap-auth-3.0.0-RELEASE.jar!/com/yonyou/iuap/auth/session/SessionManager$1.class]
10:20:58.339 [] [] [main] TRACE o.s.c.a.ClassPathBeanDefinitionScanner - Scanning URL [jar:file:/D:/devtool/repository/Maven/Maven3.2.2/local/repo/com/yonyou/iuap/iuap-auth/3.0.0-RELEASE/iuap-auth-3.0.0-RELEASE.jar!/com/yonyou/iuap/auth/session/SessionManager$10.class]
10:20:58.340 [] [] [main] TRACE o.s.c.a.ClassPathBeanDefinitionScanner - Ignored because not matching any filter: URL [jar:file:/D:/devtool/repository/Maven/Maven3.2.2/local/repo/com/yonyou/iuap/iuap-auth/3.0.0-RELEASE/iuap-auth-3.0.0-RELEASE.jar!/com/yonyou/iuap/auth/session/SessionManager$10.class]
10:20:58.340 [] [] [main] TRACE o.s.c.a.ClassPathBeanDefinitionScanner - Scanning URL [jar:file:/D:/devtool/repository/Maven/Maven3.2.2/local/repo/com/yonyou/iuap/iuap-auth/3.0.0-RELEASE/iuap-auth-3.0.0-RELEASE.jar!/com/yonyou/iuap/auth/session/SessionManager$11.class]
10:20:58.340 [] [] [main] TRACE o.s.c.a.ClassPathBeanDefinitionScanner - Ignored because not matching any filter: URL [jar:file:/D:/devtool/repository/Maven/Maven3.2.2/local/repo/com/yonyou/iuap/iuap-auth/3.0.0-RELEASE/iuap-auth-3.0.0-RELEASE.jar!/com/yonyou/iuap/auth/session/SessionManager$11.class]
10:20:58.340 [] [] [main] TRACE o.s.c.a.ClassPathBeanDefinitionScanner - Scanning URL [jar:file:/D:/devtool/repository/Maven/Maven3.2.2/local/repo/com/yonyou/iuap/iuap-auth/3.0.0-RELEASE/iuap-auth-3.0.0-RELEASE.jar!/com/yonyou/iuap/auth/session/SessionManager$12.class]
10:20:58.340 [] [] [main] TRACE o.s.c.a.ClassPathBeanDefinitionScanner - Ignored because not matching any filter: URL [jar:file:/D:/devtool/repository/Maven/Maven3.2.2/local/repo/com/yonyou/iuap/iuap-auth/3.0.0-RELEASE/iuap-auth-3.0.0-RELEASE.jar!/com/yonyou/iuap/auth/session/SessionManager$12.class]
10:20:58.340 [] [] [main] TRACE o.s.c.a.ClassPathBeanDefinitionScanner - Scanning URL [jar:file:/D:/devtool/repository/Maven/Maven3.2.2/local/repo/com/yonyou/iuap/iuap-auth/3.0.0-RELEASE/iuap-auth-3.0.0-RELEASE.jar!/com/yonyou/iuap/auth/session/SessionManager$13.class]
10:20:58.340 [] [] [main] TRACE o.s.c.a.ClassPathBeanDefinitionScanner - Ignored because not matching any filter: URL [jar:file:/D:/devtool/repository/Maven/Maven3.2.2/local/repo/com/yonyou/iuap/iuap-auth/3.0.0-RELEASE/iuap-auth-3.0.0-RELEASE.jar!/com/yonyou/iuap/auth/session/SessionManager$13.class]
10:20:58.340 [] [] [main] TRACE o.s.c.a.ClassPathBeanDefinitionScanner - Scanning URL [jar:file:/D:/devtool/repository/Maven/Maven3.2.2/local/repo/com/yonyou/iuap/iuap-auth/3.0.0-RELEASE/iuap-auth-3.0.0-RELEASE.jar!/com/yonyou/iuap/auth/session/SessionManager$14.class]
10:20:58.341 [] [] [main] TRACE o.s.c.a.ClassPathBeanDefinitionScanner - Ignored because not matching any filter: URL [jar:file:/D:/devtool/repository/Maven/Maven3.2.2/local/repo/com/yonyou/iuap/iuap-auth/3.0.0-RELEASE/iuap-auth-3.0.0-RELEASE.jar!/com/yonyou/iuap/auth/session/SessionManager$14.class]
10:20:58.341 [] [] [main] TRACE o.s.c.a.ClassPathBeanDefinitionScanner - Scanning URL [jar:file:/D:/devtool/repository/Maven/Maven3.2.2/local/repo/com/yonyou/iuap/iuap-auth/3.0.0-RELEASE/iuap-auth-3.0.0-RELEASE.jar!/com/yonyou/iuap/auth/session/SessionManager$15.class]
10:20:58.341 [] [] [main] TRACE o.s.c.a.ClassPathBeanDefinitionScanner - Ignored because not matching any filter: URL [jar:file:/D:/devtool/repository/Maven/Maven3.2.2/local/repo/com/yonyou/iuap/iuap-auth/3.0.0-RELEASE/iuap-auth-3.0.0-RELEASE.jar!/com/yonyou/iuap/auth/session/SessionManager$15.class]
10:20:58.341 [] [] [main] TRACE o.s.c.a.ClassPathBeanDefinitionScanner - Scanning URL [jar:file:/D:/devtool/repository/Maven/Maven3.2.2/local/repo/com/yonyou/iuap/iuap-auth/3.0.0-RELEASE/iuap-auth-3.0.0-RELEASE.jar!/com/yonyou/iuap/auth/session/SessionManager$16.class]
10:20:58.341 [] [] [main] TRACE o.s.c.a.ClassPathBeanDefinitionScanner - Ignored because not matching any filter: URL [jar:file:/D:/devtool/repository/Maven/Maven3.2.2/local/repo/com/yonyou/iuap/iuap-auth/3.0.0-RELEASE/iuap-auth-3.0.0-RELEASE.jar!/com/yonyou/iuap/auth/session/SessionManager$16.class]
10:20:58.341 [] [] [main] TRACE o.s.c.a.ClassPathBeanDefinitionScanner - Scanning URL [jar:file:/D:/devtool/repository/Maven/Maven3.2.2/local/repo/com/yonyou/iuap/iuap-auth/3.0.0-RELEASE/iuap-auth-3.0.0-RELEASE.jar!/com/yonyou/iuap/auth/session/SessionManager$17.class]
10:20:58.341 [] [] [main] TRACE o.s.c.a.ClassPathBeanDefinitionScanner - Ignored because not matching any filter: URL [jar:file:/D:/devtool/repository/Maven/Maven3.2.2/local/repo/com/yonyou/iuap/iuap-auth/3.0.0-RELEASE/iuap-auth-3.0.0-RELEASE.jar!/com/yonyou/iuap/auth/session/SessionManager$17.class]
10:20:58.341 [] [] [main] TRACE o.s.c.a.ClassPathBeanDefinitionScanner - Scanning URL [jar:file:/D:/devtool/repository/Maven/Maven3.2.2/local/repo/com/yonyou/iuap/iuap-auth/3.0.0-RELEASE/iuap-auth-3.0.0-RELEASE.jar!/com/yonyou/iuap/auth/session/SessionManager$2.class]
10:20:58.342 [] [] [main] TRACE o.s.c.a.ClassPathBeanDefinitionScanner - Ignored because not matching any filter: URL [jar:file:/D:/devtool/repository/Maven/Maven3.2.2/local/repo/com/yonyou/iuap/iuap-auth/3.0.0-RELEASE/iuap-auth-3.0.0-RELEASE.jar!/com/yonyou/iuap/auth/session/SessionManager$2.class]
10:20:58.342 [] [] [main] TRACE o.s.c.a.ClassPathBeanDefinitionScanner - Scanning URL [jar:file:/D:/devtool/repository/Maven/Maven3.2.2/local/repo/com/yonyou/iuap/iuap-auth/3.0.0-RELEASE/iuap-auth-3.0.0-RELEASE.jar!/com/yonyou/iuap/auth/session/SessionManager$3.class]
10:20:58.342 [] [] [main] TRACE o.s.c.a.ClassPathBeanDefinitionScanner - Ignored because not matching any filter: URL [jar:file:/D:/devtool/repository/Maven/Maven3.2.2/local/repo/com/yonyou/iuap/iuap-auth/3.0.0-RELEASE/iuap-auth-3.0.0-RELEASE.jar!/com/yonyou/iuap/auth/session/SessionManager$3.class]
10:20:58.342 [] [] [main] TRACE o.s.c.a.ClassPathBeanDefinitionScanner - Scanning URL [jar:file:/D:/devtool/repository/Maven/Maven3.2.2/local/repo/com/yonyou/iuap/iuap-auth/3.0.0-RELEASE/iuap-auth-3.0.0-RELEASE.jar!/com/yonyou/iuap/auth/session/SessionManager$4.class]
10:20:58.342 [] [] [main] TRACE o.s.c.a.ClassPathBeanDefinitionScanner - Ignored because not matching any filter: URL [jar:file:/D:/devtool/repository/Maven/Maven3.2.2/local/repo/com/yonyou/iuap/iuap-auth/3.0.0-RELEASE/iuap-auth-3.0.0-RELEASE.jar!/com/yonyou/iuap/auth/session/SessionManager$4.class]
10:20:58.342 [] [] [main] TRACE o.s.c.a.ClassPathBeanDefinitionScanner - Scanning URL [jar:file:/D:/devtool/repository/Maven/Maven3.2.2/local/repo/com/yonyou/iuap/iuap-auth/3.0.0-RELEASE/iuap-auth-3.0.0-RELEASE.jar!/com/yonyou/iuap/auth/session/SessionManager$5.class]
10:20:58.342 [] [] [main] TRACE o.s.c.a.ClassPathBeanDefinitionScanner - Ignored because not matching any filter: URL [jar:file:/D:/devtool/repository/Maven/Maven3.2.2/local/repo/com/yonyou/iuap/iuap-auth/3.0.0-RELEASE/iuap-auth-3.0.0-RELEASE.jar!/com/yonyou/iuap/auth/session/SessionManager$5.class]
10:20:58.342 [] [] [main] TRACE o.s.c.a.ClassPathBeanDefinitionScanner - Scanning URL [jar:file:/D:/devtool/repository/Maven/Maven3.2.2/local/repo/com/yonyou/iuap/iuap-auth/3.0.0-RELEASE/iuap-auth-3.0.0-RELEASE.jar!/com/yonyou/iuap/auth/session/SessionManager$6.class]
10:20:58.343 [] [] [main] TRACE o.s.c.a.ClassPathBeanDefinitionScanner - Ignored because not matching any filter: URL [jar:file:/D:/devtool/repository/Maven/Maven3.2.2/local/repo/com/yonyou/iuap/iuap-auth/3.0.0-RELEASE/iuap-auth-3.0.0-RELEASE.jar!/com/yonyou/iuap/auth/session/SessionManager$6.class]
10:20:58.343 [] [] [main] TRACE o.s.c.a.ClassPathBeanDefinitionScanner - Scanning URL [jar:file:/D:/devtool/repository/Maven/Maven3.2.2/local/repo/com/yonyou/iuap/iuap-auth/3.0.0-RELEASE/iuap-auth-3.0.0-RELEASE.jar!/com/yonyou/iuap/auth/session/SessionManager$7.class]
10:20:58.343 [] [] [main] TRACE o.s.c.a.ClassPathBeanDefinitionScanner - Ignored because not matching any filter: URL [jar:file:/D:/devtool/repository/Maven/Maven3.2.2/local/repo/com/yonyou/iuap/iuap-auth/3.0.0-RELEASE/iuap-auth-3.0.0-RELEASE.jar!/com/yonyou/iuap/auth/session/SessionManager$7.class]
10:20:58.343 [] [] [main] TRACE o.s.c.a.ClassPathBeanDefinitionScanner - Scanning URL [jar:file:/D:/devtool/repository/Maven/Maven3.2.2/local/repo/com/yonyou/iuap/iuap-auth/3.0.0-RELEASE/iuap-auth-3.0.0-RELEASE.jar!/com/yonyou/iuap/auth/session/SessionManager$8.class]
10:20:58.344 [] [] [main] TRACE o.s.c.a.ClassPathBeanDefinitionScanner - Ignored because not matching any filter: URL [jar:file:/D:/devtool/repository/Maven/Maven3.2.2/local/repo/com/yonyou/iuap/iuap-auth/3.0.0-RELEASE/iuap-auth-3.0.0-RELEASE.jar!/com/yonyou/iuap/auth/session/SessionManager$8.class]
10:20:58.344 [] [] [main] TRACE o.s.c.a.ClassPathBeanDefinitionScanner - Scanning URL [jar:file:/D:/devtool/repository/Maven/Maven3.2.2/local/repo/com/yonyou/iuap/iuap-auth/3.0.0-RELEASE/iuap-auth-3.0.0-RELEASE.jar!/com/yonyou/iuap/auth/session/SessionManager$9.class]
10:20:58.344 [] [] [main] TRACE o.s.c.a.ClassPathBeanDefinitionScanner - Ignored because not matching any filter: URL [jar:file:/D:/devtool/repository/Maven/Maven3.2.2/local/repo/com/yonyou/iuap/iuap-auth/3.0.0-RELEASE/iuap-auth-3.0.0-RELEASE.jar!/com/yonyou/iuap/auth/session/SessionManager$9.class]
10:20:58.344 [] [] [main] TRACE o.s.c.a.ClassPathBeanDefinitionScanner - Scanning URL [jar:file:/D:/devtool/repository/Maven/Maven3.2.2/local/repo/com/yonyou/iuap/iuap-auth/3.0.0-RELEASE/iuap-auth-3.0.0-RELEASE.jar!/com/yonyou/iuap/auth/session/SessionManager.class]
10:20:58.344 [] [] [main] TRACE o.s.c.a.ClassPathBeanDefinitionScanner - Ignored because not matching any filter: URL [jar:file:/D:/devtool/repository/Maven/Maven3.2.2/local/repo/com/yonyou/iuap/iuap-auth/3.0.0-RELEASE/iuap-auth-3.0.0-RELEASE.jar!/com/yonyou/iuap/auth/session/SessionManager.class]
10:20:58.345 [] [] [main] TRACE o.s.c.a.ClassPathBeanDefinitionScanner - Scanning URL [jar:file:/D:/devtool/repository/Maven/Maven3.2.2/local/repo/com/yonyou/iuap/iuap-auth/3.0.0-RELEASE/iuap-auth-3.0.0-RELEASE.jar!/com/yonyou/iuap/auth/shiro/AuthConstants.class]
10:20:58.345 [] [] [main] TRACE o.s.c.a.ClassPathBeanDefinitionScanner - Ignored because not matching any filter: URL [jar:file:/D:/devtool/repository/Maven/Maven3.2.2/local/repo/com/yonyou/iuap/iuap-auth/3.0.0-RELEASE/iuap-auth-3.0.0-RELEASE.jar!/com/yonyou/iuap/auth/shiro/AuthConstants.class]
10:20:58.345 [] [] [main] TRACE o.s.c.a.ClassPathBeanDefinitionScanner - Scanning URL [jar:file:/D:/devtool/repository/Maven/Maven3.2.2/local/repo/com/yonyou/iuap/iuap-auth/3.0.0-RELEASE/iuap-auth-3.0.0-RELEASE.jar!/com/yonyou/iuap/auth/shiro/ExtendAuthFilter.class]
10:20:58.345 [] [] [main] TRACE o.s.c.a.ClassPathBeanDefinitionScanner - Ignored because not matching any filter: URL [jar:file:/D:/devtool/repository/Maven/Maven3.2.2/local/repo/com/yonyou/iuap/iuap-auth/3.0.0-RELEASE/iuap-auth-3.0.0-RELEASE.jar!/com/yonyou/iuap/auth/shiro/ExtendAuthFilter.class]
10:20:58.345 [] [] [main] TRACE o.s.c.a.ClassPathBeanDefinitionScanner - Scanning URL [jar:file:/D:/devtool/repository/Maven/Maven3.2.2/local/repo/com/yonyou/iuap/iuap-auth/3.0.0-RELEASE/iuap-auth-3.0.0-RELEASE.jar!/com/yonyou/iuap/auth/shiro/LogoutFilter.class]
10:20:58.345 [] [] [main] TRACE o.s.c.a.ClassPathBeanDefinitionScanner - Ignored because not matching any filter: URL [jar:file:/D:/devtool/repository/Maven/Maven3.2.2/local/repo/com/yonyou/iuap/iuap-auth/3.0.0-RELEASE/iuap-auth-3.0.0-RELEASE.jar!/com/yonyou/iuap/auth/shiro/LogoutFilter.class]
10:20:58.345 [] [] [main] TRACE o.s.c.a.ClassPathBeanDefinitionScanner - Scanning URL [jar:file:/D:/devtool/repository/Maven/Maven3.2.2/local/repo/com/yonyou/iuap/iuap-auth/3.0.0-RELEASE/iuap-auth-3.0.0-RELEASE.jar!/com/yonyou/iuap/auth/shiro/StatelessAuthcFilter.class]
10:20:58.346 [] [] [main] TRACE o.s.c.a.ClassPathBeanDefinitionScanner - Ignored because not matching any filter: URL [jar:file:/D:/devtool/repository/Maven/Maven3.2.2/local/repo/com/yonyou/iuap/iuap-auth/3.0.0-RELEASE/iuap-auth-3.0.0-RELEASE.jar!/com/yonyou/iuap/auth/shiro/StatelessAuthcFilter.class]
10:20:58.346 [] [] [main] TRACE o.s.c.a.ClassPathBeanDefinitionScanner - Scanning URL [jar:file:/D:/devtool/repository/Maven/Maven3.2.2/local/repo/com/yonyou/iuap/iuap-auth/3.0.0-RELEASE/iuap-auth-3.0.0-RELEASE.jar!/com/yonyou/iuap/auth/shiro/StatelessDefaultSubjectFactory.class]
10:20:58.346 [] [] [main] TRACE o.s.c.a.ClassPathBeanDefinitionScanner - Ignored because not matching any filter: URL [jar:file:/D:/devtool/repository/Maven/Maven3.2.2/local/repo/com/yonyou/iuap/iuap-auth/3.0.0-RELEASE/iuap-auth-3.0.0-RELEASE.jar!/com/yonyou/iuap/auth/shiro/StatelessDefaultSubjectFactory.class]
10:20:58.346 [] [] [main] TRACE o.s.c.a.ClassPathBeanDefinitionScanner - Scanning URL [jar:file:/D:/devtool/repository/Maven/Maven3.2.2/local/repo/com/yonyou/iuap/iuap-auth/3.0.0-RELEASE/iuap-auth-3.0.0-RELEASE.jar!/com/yonyou/iuap/auth/shiro/StatelessLogoutFilter.class]
10:20:58.347 [] [] [main] TRACE o.s.c.a.ClassPathBeanDefinitionScanner - Ignored because not matching any filter: URL [jar:file:/D:/devtool/repository/Maven/Maven3.2.2/local/repo/com/yonyou/iuap/iuap-auth/3.0.0-RELEASE/iuap-auth-3.0.0-RELEASE.jar!/com/yonyou/iuap/auth/shiro/StatelessLogoutFilter.class]
10:20:58.347 [] [] [main] TRACE o.s.c.a.ClassPathBeanDefinitionScanner - Scanning URL [jar:file:/D:/devtool/repository/Maven/Maven3.2.2/local/repo/com/yonyou/iuap/iuap-auth/3.0.0-RELEASE/iuap-auth-3.0.0-RELEASE.jar!/com/yonyou/iuap/auth/shiro/StatelessRealm.class]
10:20:58.347 [] [] [main] TRACE o.s.c.a.ClassPathBeanDefinitionScanner - Ignored because not matching any filter: URL [jar:file:/D:/devtool/repository/Maven/Maven3.2.2/local/repo/com/yonyou/iuap/iuap-auth/3.0.0-RELEASE/iuap-auth-3.0.0-RELEASE.jar!/com/yonyou/iuap/auth/shiro/StatelessRealm.class]
10:20:58.347 [] [] [main] TRACE o.s.c.a.ClassPathBeanDefinitionScanner - Scanning URL [jar:file:/D:/devtool/repository/Maven/Maven3.2.2/local/repo/com/yonyou/iuap/iuap-auth/3.0.0-RELEASE/iuap-auth-3.0.0-RELEASE.jar!/com/yonyou/iuap/auth/shiro/StatelessToken.class]
10:20:58.347 [] [] [main] TRACE o.s.c.a.ClassPathBeanDefinitionScanner - Ignored because not matching any filter: URL [jar:file:/D:/devtool/repository/Maven/Maven3.2.2/local/repo/com/yonyou/iuap/iuap-auth/3.0.0-RELEASE/iuap-auth-3.0.0-RELEASE.jar!/com/yonyou/iuap/auth/shiro/StatelessToken.class]
10:20:58.347 [] [] [main] TRACE o.s.c.a.ClassPathBeanDefinitionScanner - Scanning URL [jar:file:/D:/devtool/repository/Maven/Maven3.2.2/local/repo/com/yonyou/iuap/iuap-auth/3.0.0-RELEASE/iuap-auth-3.0.0-RELEASE.jar!/com/yonyou/iuap/auth/token/DefaultTokenPorcessor.class]
10:20:58.348 [] [] [main] TRACE o.s.c.a.ClassPathBeanDefinitionScanner - Ignored because not matching any filter: URL [jar:file:/D:/devtool/repository/Maven/Maven3.2.2/local/repo/com/yonyou/iuap/iuap-auth/3.0.0-RELEASE/iuap-auth-3.0.0-RELEASE.jar!/com/yonyou/iuap/auth/token/DefaultTokenPorcessor.class]
10:20:58.348 [] [] [main] TRACE o.s.c.a.ClassPathBeanDefinitionScanner - Scanning URL [jar:file:/D:/devtool/repository/Maven/Maven3.2.2/local/repo/com/yonyou/iuap/iuap-auth/3.0.0-RELEASE/iuap-auth-3.0.0-RELEASE.jar!/com/yonyou/iuap/auth/token/ITokenProcessor.class]
10:20:58.348 [] [] [main] TRACE o.s.c.a.ClassPathBeanDefinitionScanner - Ignored because not matching any filter: URL [jar:file:/D:/devtool/repository/Maven/Maven3.2.2/local/repo/com/yonyou/iuap/iuap-auth/3.0.0-RELEASE/iuap-auth-3.0.0-RELEASE.jar!/com/yonyou/iuap/auth/token/ITokenProcessor.class]
10:20:58.348 [] [] [main] TRACE o.s.c.a.ClassPathBeanDefinitionScanner - Scanning URL [jar:file:/D:/devtool/repository/Maven/Maven3.2.2/local/repo/com/yonyou/iuap/iuap-auth/3.0.0-RELEASE/iuap-auth-3.0.0-RELEASE.jar!/com/yonyou/iuap/auth/token/TokenFactory.class]
10:20:58.348 [] [] [main] TRACE o.s.c.a.ClassPathBeanDefinitionScanner - Ignored because not matching any filter: URL [jar:file:/D:/devtool/repository/Maven/Maven3.2.2/local/repo/com/yonyou/iuap/iuap-auth/3.0.0-RELEASE/iuap-auth-3.0.0-RELEASE.jar!/com/yonyou/iuap/auth/token/TokenFactory.class]
10:20:58.348 [] [] [main] TRACE o.s.c.a.ClassPathBeanDefinitionScanner - Scanning URL [jar:file:/D:/devtool/repository/Maven/Maven3.2.2/local/repo/com/yonyou/iuap/iuap-auth/3.0.0-RELEASE/iuap-auth-3.0.0-RELEASE.jar!/com/yonyou/iuap/auth/token/TokenInfo.class]
10:20:58.349 [] [] [main] TRACE o.s.c.a.ClassPathBeanDefinitionScanner - Ignored because not matching any filter: URL [jar:file:/D:/devtool/repository/Maven/Maven3.2.2/local/repo/com/yonyou/iuap/iuap-auth/3.0.0-RELEASE/iuap-auth-3.0.0-RELEASE.jar!/com/yonyou/iuap/auth/token/TokenInfo.class]
10:20:58.349 [] [] [main] TRACE o.s.c.a.ClassPathBeanDefinitionScanner - Scanning URL [jar:file:/D:/devtool/repository/Maven/Maven3.2.2/local/repo/com/yonyou/iuap/iuap-auth/3.0.0-RELEASE/iuap-auth-3.0.0-RELEASE.jar!/com/yonyou/iuap/auth/token/TokenParameter.class]
10:20:58.349 [] [] [main] TRACE o.s.c.a.ClassPathBeanDefinitionScanner - Ignored because not matching any filter: URL [jar:file:/D:/devtool/repository/Maven/Maven3.2.2/local/repo/com/yonyou/iuap/iuap-auth/3.0.0-RELEASE/iuap-auth-3.0.0-RELEASE.jar!/com/yonyou/iuap/auth/token/TokenParameter.class]
10:20:58.349 [] [] [main] TRACE o.s.c.a.ClassPathBeanDefinitionScanner - Scanning URL [jar:file:/D:/devtool/repository/Maven/Maven3.2.2/local/repo/com/yonyou/iuap/iuap-persistence/3.0.0-RELEASE/iuap-persistence-3.0.0-RELEASE.jar!/com/yonyou/iuap/persistence/mybatis/anotation/MyBatisRepository.class]
10:20:58.349 [] [] [main] DEBUG o.s.c.a.ClassPathBeanDefinitionScanner - Ignored because not a concrete top-level class: URL [jar:file:/D:/devtool/repository/Maven/Maven3.2.2/local/repo/com/yonyou/iuap/iuap-persistence/3.0.0-RELEASE/iuap-persistence-3.0.0-RELEASE.jar!/com/yonyou/iuap/persistence/mybatis/anotation/MyBatisRepository.class]
10:20:58.349 [] [] [main] TRACE o.s.c.a.ClassPathBeanDefinitionScanner - Scanning URL [jar:file:/D:/devtool/repository/Maven/Maven3.2.2/local/repo/com/yonyou/iuap/iuap-persistence/3.0.0-RELEASE/iuap-persistence-3.0.0-RELEASE.jar!/com/yonyou/iuap/persistence/mybatis/mapper/PageMapper.class]
10:20:58.350 [] [] [main] TRACE o.s.c.a.ClassPathBeanDefinitionScanner - Ignored because not matching any filter: URL [jar:file:/D:/devtool/repository/Maven/Maven3.2.2/local/repo/com/yonyou/iuap/iuap-persistence/3.0.0-RELEASE/iuap-persistence-3.0.0-RELEASE.jar!/com/yonyou/iuap/persistence/mybatis/mapper/PageMapper.class]
10:20:58.350 [] [] [main] TRACE o.s.c.a.ClassPathBeanDefinitionScanner - Scanning URL [jar:file:/D:/devtool/repository/Maven/Maven3.2.2/local/repo/com/yonyou/iuap/iuap-oid/3.0.0-RELEASE/iuap-oid-3.0.0-RELEASE.jar!/com/yonyou/iuap/persistence/oid/DefaultIdProvider.class]
10:20:58.350 [] [] [main] TRACE o.s.c.a.ClassPathBeanDefinitionScanner - Ignored because not matching any filter: URL [jar:file:/D:/devtool/repository/Maven/Maven3.2.2/local/repo/com/yonyou/iuap/iuap-oid/3.0.0-RELEASE/iuap-oid-3.0.0-RELEASE.jar!/com/yonyou/iuap/persistence/oid/DefaultIdProvider.class]
10:20:58.350 [] [] [main] TRACE o.s.c.a.ClassPathBeanDefinitionScanner - Scanning URL [jar:file:/D:/devtool/repository/Maven/Maven3.2.2/local/repo/com/yonyou/iuap/iuap-oid/3.0.0-RELEASE/iuap-oid-3.0.0-RELEASE.jar!/com/yonyou/iuap/persistence/oid/IdProviderFactory.class]
10:20:58.350 [] [] [main] TRACE o.s.c.a.ClassPathBeanDefinitionScanner - Ignored because not matching any filter: URL [jar:file:/D:/devtool/repository/Maven/Maven3.2.2/local/repo/com/yonyou/iuap/iuap-oid/3.0.0-RELEASE/iuap-oid-3.0.0-RELEASE.jar!/com/yonyou/iuap/persistence/oid/IdProviderFactory.class]
10:20:58.350 [] [] [main] TRACE o.s.c.a.ClassPathBeanDefinitionScanner - Scanning URL [jar:file:/D:/devtool/repository/Maven/Maven3.2.2/local/repo/com/yonyou/iuap/iuap-oid/3.0.0-RELEASE/iuap-oid-3.0.0-RELEASE.jar!/com/yonyou/iuap/persistence/oid/IOidProvider.class]
10:20:58.352 [] [] [main] TRACE o.s.c.a.ClassPathBeanDefinitionScanner - Ignored because not matching any filter: URL [jar:file:/D:/devtool/repository/Maven/Maven3.2.2/local/repo/com/yonyou/iuap/iuap-oid/3.0.0-RELEASE/iuap-oid-3.0.0-RELEASE.jar!/com/yonyou/iuap/persistence/oid/IOidProvider.class]
10:20:58.352 [] [] [main] TRACE o.s.c.a.ClassPathBeanDefinitionScanner - Scanning URL [jar:file:/D:/devtool/repository/Maven/Maven3.2.2/local/repo/com/yonyou/iuap/iuap-oid/3.0.0-RELEASE/iuap-oid-3.0.0-RELEASE.jar!/com/yonyou/iuap/persistence/oid/RedisIdProvider.class]
10:20:58.352 [] [] [main] TRACE o.s.c.a.ClassPathBeanDefinitionScanner - Ignored because not matching any filter: URL [jar:file:/D:/devtool/repository/Maven/Maven3.2.2/local/repo/com/yonyou/iuap/iuap-oid/3.0.0-RELEASE/iuap-oid-3.0.0-RELEASE.jar!/com/yonyou/iuap/persistence/oid/RedisIdProvider.class]
10:20:58.353 [] [] [main] TRACE o.s.c.a.ClassPathBeanDefinitionScanner - Scanning URL [jar:file:/D:/devtool/repository/Maven/Maven3.2.2/local/repo/com/yonyou/iuap/iuap-oid/3.0.0-RELEASE/iuap-oid-3.0.0-RELEASE.jar!/com/yonyou/iuap/persistence/oid/SnowFlakeProvider.class]
10:20:58.353 [] [] [main] TRACE o.s.c.a.ClassPathBeanDefinitionScanner - Ignored because not matching any filter: URL [jar:file:/D:/devtool/repository/Maven/Maven3.2.2/local/repo/com/yonyou/iuap/iuap-oid/3.0.0-RELEASE/iuap-oid-3.0.0-RELEASE.jar!/com/yonyou/iuap/persistence/oid/SnowFlakeProvider.class]
10:20:58.353 [] [] [main] TRACE o.s.c.a.ClassPathBeanDefinitionScanner - Scanning URL [jar:file:/D:/devtool/repository/Maven/Maven3.2.2/local/repo/com/yonyou/iuap/iuap-oid/3.0.0-RELEASE/iuap-oid-3.0.0-RELEASE.jar!/com/yonyou/iuap/persistence/oid/UapIdProvider.class]
10:20:58.353 [] [] [main] TRACE o.s.c.a.ClassPathBeanDefinitionScanner - Ignored because not matching any filter: URL [jar:file:/D:/devtool/repository/Maven/Maven3.2.2/local/repo/com/yonyou/iuap/iuap-oid/3.0.0-RELEASE/iuap-oid-3.0.0-RELEASE.jar!/com/yonyou/iuap/persistence/oid/UapIdProvider.class]
10:20:58.353 [] [] [main] TRACE o.s.c.a.ClassPathBeanDefinitionScanner - Scanning URL [jar:file:/D:/devtool/repository/Maven/Maven3.2.2/local/repo/com/yonyou/iuap/iuap-oid/3.0.0-RELEASE/iuap-oid-3.0.0-RELEASE.jar!/com/yonyou/iuap/persistence/oid/UapOidAlgorithm.class]
10:20:58.353 [] [] [main] TRACE o.s.c.a.ClassPathBeanDefinitionScanner - Ignored because not matching any filter: URL [jar:file:/D:/devtool/repository/Maven/Maven3.2.2/local/repo/com/yonyou/iuap/iuap-oid/3.0.0-RELEASE/iuap-oid-3.0.0-RELEASE.jar!/com/yonyou/iuap/persistence/oid/UapOidAlgorithm.class]
10:20:58.353 [] [] [main] TRACE o.s.c.a.ClassPathBeanDefinitionScanner - Scanning URL [jar:file:/D:/devtool/repository/Maven/Maven3.2.2/local/repo/com/yonyou/iuap/iuap-oid/3.0.0-RELEASE/iuap-oid-3.0.0-RELEASE.jar!/com/yonyou/iuap/persistence/oid/UapOidGenerator$OidCounter.class]
10:20:58.354 [] [] [main] TRACE o.s.c.a.ClassPathBeanDefinitionScanner - Ignored because not matching any filter: URL [jar:file:/D:/devtool/repository/Maven/Maven3.2.2/local/repo/com/yonyou/iuap/iuap-oid/3.0.0-RELEASE/iuap-oid-3.0.0-RELEASE.jar!/com/yonyou/iuap/persistence/oid/UapOidGenerator$OidCounter.class]
10:20:58.354 [] [] [main] TRACE o.s.c.a.ClassPathBeanDefinitionScanner - Scanning URL [jar:file:/D:/devtool/repository/Maven/Maven3.2.2/local/repo/com/yonyou/iuap/iuap-oid/3.0.0-RELEASE/iuap-oid-3.0.0-RELEASE.jar!/com/yonyou/iuap/persistence/oid/UapOidGenerator.class]
10:20:58.354 [] [] [main] TRACE o.s.c.a.ClassPathBeanDefinitionScanner - Ignored because not matching any filter: URL [jar:file:/D:/devtool/repository/Maven/Maven3.2.2/local/repo/com/yonyou/iuap/iuap-oid/3.0.0-RELEASE/iuap-oid-3.0.0-RELEASE.jar!/com/yonyou/iuap/persistence/oid/UapOidGenerator.class]
10:20:58.354 [] [] [main] TRACE o.s.c.a.ClassPathBeanDefinitionScanner - Scanning URL [jar:file:/D:/devtool/repository/Maven/Maven3.2.2/local/repo/com/yonyou/iuap/iuap-oid/3.0.0-RELEASE/iuap-oid-3.0.0-RELEASE.jar!/com/yonyou/iuap/persistence/oid/UapOidJdbcService.class]
10:20:58.354 [] [] [main] TRACE o.s.c.a.ClassPathBeanDefinitionScanner - Ignored because not matching any filter: URL [jar:file:/D:/devtool/repository/Maven/Maven3.2.2/local/repo/com/yonyou/iuap/iuap-oid/3.0.0-RELEASE/iuap-oid-3.0.0-RELEASE.jar!/com/yonyou/iuap/persistence/oid/UapOidJdbcService.class]
10:20:58.354 [] [] [main] TRACE o.s.c.a.ClassPathBeanDefinitionScanner - Scanning URL [jar:file:/D:/devtool/repository/Maven/Maven3.2.2/local/repo/com/yonyou/iuap/iuap-oid/3.0.0-RELEASE/iuap-oid-3.0.0-RELEASE.jar!/com/yonyou/iuap/persistence/utils/IDGenerator.class]
10:20:58.355 [] [] [main] TRACE o.s.c.a.ClassPathBeanDefinitionScanner - Ignored because not matching any filter: URL [jar:file:/D:/devtool/repository/Maven/Maven3.2.2/local/repo/com/yonyou/iuap/iuap-oid/3.0.0-RELEASE/iuap-oid-3.0.0-RELEASE.jar!/com/yonyou/iuap/persistence/utils/IDGenerator.class]
10:20:58.361 [] [] [main] DEBUG o.s.c.i.s.PathMatchingResourcePatternResolver - Resolved location pattern [classpath*:uap/iweb/**/*.class] to resources []
10:20:58.368 [] [] [main] DEBUG o.s.b.f.xml.XmlBeanDefinitionReader - Loaded 10 bean definitions from location pattern [classpath:applicationContext.xml]
10:20:58.369 [] [] [main] INFO  o.s.b.f.xml.XmlBeanDefinitionReader - Loading XML bean definitions from class path resource [applicationContext-cache.xml]
10:20:58.370 [] [] [main] DEBUG o.s.b.f.xml.DefaultDocumentLoader - Using JAXP provider [org.apache.xerces.jaxp.DocumentBuilderFactoryImpl]
10:20:58.371 [] [] [main] TRACE o.s.b.f.xml.PluggableSchemaResolver - Trying to resolve XML entity with public id [null] and system id [http://www.springframework.org/schema/beans/spring-beans-4.0.xsd]
10:20:58.371 [] [] [main] DEBUG o.s.b.f.xml.PluggableSchemaResolver - Found XML schema [http://www.springframework.org/schema/beans/spring-beans-4.0.xsd] in classpath: org/springframework/beans/factory/xml/spring-beans-4.0.xsd
10:20:58.378 [] [] [main] DEBUG o.s.b.f.x.DefaultBeanDefinitionDocumentReader - Loading bean definitions
10:20:58.380 [] [] [main] DEBUG o.s.b.f.xml.XmlBeanDefinitionReader - Loaded 3 bean definitions from location pattern [classpath:applicationContext-cache.xml]
10:20:58.380 [] [] [main] INFO  o.s.b.f.xml.XmlBeanDefinitionReader - Loading XML bean definitions from class path resource [applicationContext-persistence.xml]
10:20:58.382 [] [] [main] DEBUG o.s.b.f.xml.DefaultDocumentLoader - Using JAXP provider [org.apache.xerces.jaxp.DocumentBuilderFactoryImpl]
10:20:58.383 [] [] [main] TRACE o.s.b.f.xml.PluggableSchemaResolver - Trying to resolve XML entity with public id [null] and system id [http://www.springframework.org/schema/beans/spring-beans-4.0.xsd]
10:20:58.383 [] [] [main] DEBUG o.s.b.f.xml.PluggableSchemaResolver - Found XML schema [http://www.springframework.org/schema/beans/spring-beans-4.0.xsd] in classpath: org/springframework/beans/factory/xml/spring-beans-4.0.xsd
10:20:58.389 [] [] [main] TRACE o.s.b.f.xml.PluggableSchemaResolver - Trying to resolve XML entity with public id [null] and system id [http://www.springframework.org/schema/data/jpa/spring-jpa-1.3.xsd]
10:20:58.390 [] [] [main] DEBUG o.s.b.f.xml.PluggableSchemaResolver - Found XML schema [http://www.springframework.org/schema/data/jpa/spring-jpa-1.3.xsd] in classpath: org/springframework/data/jpa/repository/config/spring-jpa-1.3.xsd
10:20:58.390 [] [] [main] TRACE o.s.b.f.xml.PluggableSchemaResolver - Trying to resolve XML entity with public id [null] and system id [http://www.springframework.org/schema/context/spring-context-4.0.xsd]
10:20:58.391 [] [] [main] DEBUG o.s.b.f.xml.PluggableSchemaResolver - Found XML schema [http://www.springframework.org/schema/context/spring-context-4.0.xsd] in classpath: org/springframework/context/config/spring-context-4.0.xsd
10:20:58.394 [] [] [main] TRACE o.s.b.f.xml.PluggableSchemaResolver - Trying to resolve XML entity with public id [null] and system id [http://www.springframework.org/schema/tool/spring-tool-4.0.xsd]
10:20:58.395 [] [] [main] DEBUG o.s.b.f.xml.PluggableSchemaResolver - Found XML schema [http://www.springframework.org/schema/tool/spring-tool-4.0.xsd] in classpath: org/springframework/beans/factory/xml/spring-tool-4.0.xsd
10:20:58.395 [] [] [main] TRACE o.s.b.f.xml.PluggableSchemaResolver - Trying to resolve XML entity with public id [null] and system id [http://www.springframework.org/schema/data/repository/spring-repository.xsd]
10:20:58.396 [] [] [main] DEBUG o.s.b.f.xml.PluggableSchemaResolver - Found XML schema [http://www.springframework.org/schema/data/repository/spring-repository.xsd] in classpath: org/springframework/data/repository/config/spring-repository-1.7.xsd
10:20:58.399 [] [] [main] TRACE o.s.b.f.xml.PluggableSchemaResolver - Trying to resolve XML entity with public id [null] and system id [http://www.springframework.org/schema/tx/spring-tx-4.0.xsd]
10:20:58.400 [] [] [main] DEBUG o.s.b.f.xml.PluggableSchemaResolver - Found XML schema [http://www.springframework.org/schema/tx/spring-tx-4.0.xsd] in classpath: org/springframework/transaction/config/spring-tx-4.0.xsd
10:20:58.404 [] [] [main] TRACE o.s.b.f.xml.PluggableSchemaResolver - Trying to resolve XML entity with public id [null] and system id [http://www.springframework.org/schema/aop/spring-aop-4.0.xsd]
10:20:58.404 [] [] [main] DEBUG o.s.b.f.xml.PluggableSchemaResolver - Found XML schema [http://www.springframework.org/schema/aop/spring-aop-4.0.xsd] in classpath: org/springframework/aop/config/spring-aop-4.0.xsd
10:20:58.407 [] [] [main] DEBUG o.s.b.f.x.DefaultBeanDefinitionDocumentReader - Loading bean definitions
10:20:58.408 [] [] [main] DEBUG o.s.b.f.x.BeanDefinitionParserDelegate - Neither XML &apos;id&apos; nor &apos;name&apos; specified - using generated bean name [org.springside.modules.persistence.Hibernates#16fd757]
10:20:58.414 [] [] [main] DEBUG o.s.core.env.StandardEnvironment - Adding [systemProperties] PropertySource with lowest search precedence
10:20:58.415 [] [] [main] DEBUG o.s.core.env.StandardEnvironment - Adding [systemEnvironment] PropertySource with lowest search precedence
10:20:58.415 [] [] [main] DEBUG o.s.core.env.StandardEnvironment - Initialized StandardEnvironment with PropertySources [systemProperties,systemEnvironment]
10:20:58.417 [] [] [main] DEBUG o.s.c.i.s.PathMatchingResourcePatternResolver - Looking for matching resources in jar file [file:/D:/devtool/repository/Maven/Maven3.2.2/local/repo/org/springframework/data/spring-data-commons/1.10.2.RELEASE/spring-data-commons-1.10.2.RELEASE.jar]
10:20:58.421 [] [] [main] DEBUG o.s.c.i.s.PathMatchingResourcePatternResolver - Looking for matching resources in jar file [file:/D:/devtool/repository/Maven/Maven3.2.2/local/repo/org/springframework/data/spring-data-jpa/1.6.0.RELEASE/spring-data-jpa-1.6.0.RELEASE.jar]
10:20:58.422 [] [] [main] DEBUG o.s.c.i.s.PathMatchingResourcePatternResolver - Resolved location pattern [classpath*:org/springframework/data/**/repository/support/**/*.class] to resources [URL [jar:file:/D:/devtool/repository/Maven/Maven3.2.2/local/repo/org/springframework/data/spring-data-commons/1.10.2.RELEASE/spring-data-commons-1.10.2.RELEASE.jar!/org/springframework/data/repository/support/DomainClassPropertyEditor.class], URL [jar:file:/D:/devtool/repository/Maven/Maven3.2.2/local/repo/org/springframework/data/spring-data-commons/1.10.2.RELEASE/spring-data-commons-1.10.2.RELEASE.jar!/org/springframework/data/repository/support/CrudRepositoryInvoker.class], URL [jar:file:/D:/devtool/repository/Maven/Maven3.2.2/local/repo/org/springframework/data/spring-data-commons/1.10.2.RELEASE/spring-data-commons-1.10.2.RELEASE.jar!/org/springframework/data/repository/support/Repositories$EmptyRepositoryFactoryInformation.class], URL [jar:file:/D:/devtool/repository/Maven/Maven3.2.2/local/repo/org/springframework/data/spring-data-commons/1.10.2.RELEASE/spring-data-commons-1.10.2.RELEASE.jar!/org/springframework/data/repository/support/RepositoryInvoker.class], URL [jar:file:/D:/devtool/repository/Maven/Maven3.2.2/local/repo/org/springframework/data/spring-data-commons/1.10.2.RELEASE/spring-data-commons-1.10.2.RELEASE.jar!/org/springframework/data/repository/support/DomainClassConverter$ToIdConverter.class], URL [jar:file:/D:/devtool/repository/Maven/Maven3.2.2/local/repo/org/springframework/data/spring-data-commons/1.10.2.RELEASE/spring-data-commons-1.10.2.RELEASE.jar!/org/springframework/data/repository/support/DomainClassConverter$1.class], URL [jar:file:/D:/devtool/repository/Maven/Maven3.2.2/local/repo/org/springframework/data/spring-data-commons/1.10.2.RELEASE/spring-data-commons-1.10.2.RELEASE.jar!/org/springframework/data/repository/support/DomainClassPropertyEditorRegistrar.class], URL [jar:file:/D:/devtool/repository/Maven/Maven3.2.2/local/repo/org/springframework/data/spring-data-commons/1.10.2.RELEASE/spring-data-commons-1.10.2.RELEASE.jar!/org/springframework/data/repository/support/RepositoryInvokerFactory.class], URL [jar:file:/D:/devtool/repository/Maven/Maven3.2.2/local/repo/org/springframework/data/spring-data-commons/1.10.2.RELEASE/spring-data-commons-1.10.2.RELEASE.jar!/org/springframework/data/repository/support/DomainClassConverter.class], URL [jar:file:/D:/devtool/repository/Maven/Maven3.2.2/local/repo/org/springframework/data/spring-data-commons/1.10.2.RELEASE/spring-data-commons-1.10.2.RELEASE.jar!/org/springframework/data/repository/support/AnnotationAttribute.class], URL [jar:file:/D:/devtool/repository/Maven/Maven3.2.2/local/repo/org/springframework/data/spring-data-commons/1.10.2.RELEASE/spring-data-commons-1.10.2.RELEASE.jar!/org/springframework/data/repository/support/Repositories.class], URL [jar:file:/D:/devtool/repository/Maven/Maven3.2.2/local/repo/org/springframework/data/spring-data-commons/1.10.2.RELEASE/spring-data-commons-1.10.2.RELEASE.jar!/org/springframework/data/repository/support/DomainClassConverter$ConversionMatchAbbreviationException.class], URL [jar:file:/D:/devtool/repository/Maven/Maven3.2.2/local/repo/org/springframework/data/spring-data-commons/1.10.2.RELEASE/spring-data-commons-1.10.2.RELEASE.jar!/org/springframework/data/repository/support/ReflectionRepositoryInvoker.class], URL [jar:file:/D:/devtool/repository/Maven/Maven3.2.2/local/repo/org/springframework/data/spring-data-commons/1.10.2.RELEASE/spring-data-commons-1.10.2.RELEASE.jar!/org/springframework/data/repository/support/MethodParameters.class], URL [jar:file:/D:/devtool/repository/Maven/Maven3.2.2/local/repo/org/springframework/data/spring-data-commons/1.10.2.RELEASE/spring-data-commons-1.10.2.RELEASE.jar!/org/springframework/data/repository/support/PagingAndSortingRepositoryInvoker.class], URL [jar:file:/D:/devtool/repository/Maven/Maven3.2.2/local/repo/org/springframework/data/spring-data-commons/1.10.2.RELEASE/spring-data-commons-1.10.2.RELEASE.jar!/org/springframework/data/repository/support/DefaultRepositoryInvokerFactory.class], URL [jar:file:/D:/devtool/repository/Maven/Maven3.2.2/local/repo/org/springframework/data/spring-data-commons/1.10.2.RELEASE/spring-data-commons-1.10.2.RELEASE.jar!/org/springframework/data/repository/support/MethodParameters$AnnotationNamingMethodParameter.class], URL [jar:file:/D:/devtool/repository/Maven/Maven3.2.2/local/repo/org/springframework/data/spring-data-commons/1.10.2.RELEASE/spring-data-commons-1.10.2.RELEASE.jar!/org/springframework/data/repository/support/DomainClassConverter$ToEntityConverter.class], URL [jar:file:/D:/devtool/repository/Maven/Maven3.2.2/local/repo/org/springframework/data/spring-data-commons/1.10.2.RELEASE/spring-data-commons-1.10.2.RELEASE.jar!/org/springframework/data/repository/support/RepositoryInvocationInformation.class], URL [jar:file:/D:/devtool/repository/Maven/Maven3.2.2/local/repo/org/springframework/data/spring-data-jpa/1.6.0.RELEASE/spring-data-jpa-1.6.0.RELEASE.jar!/org/springframework/data/jpa/repository/support/EntityManagerBeanDefinitionRegistrarPostProcessor.class], URL [jar:file:/D:/devtool/repository/Maven/Maven3.2.2/local/repo/org/springframework/data/spring-data-jpa/1.6.0.RELEASE/spring-data-jpa-1.6.0.RELEASE.jar!/org/springframework/data/jpa/repository/support/QueryDslJpaRepository.class], URL [jar:file:/D:/devtool/repository/Maven/Maven3.2.2/local/repo/org/springframework/data/spring-data-jpa/1.6.0.RELEASE/spring-data-jpa-1.6.0.RELEASE.jar!/org/springframework/data/jpa/repository/support/JpaMetamodelEntityInformation$IdMetadata.class], URL [jar:file:/D:/devtool/repository/Maven/Maven3.2.2/local/repo/org/springframework/data/spring-data-jpa/1.6.0.RELEASE/spring-data-jpa-1.6.0.RELEASE.jar!/org/springframework/data/jpa/repository/support/JpaRepositoryFactoryBean.class], URL [jar:file:/D:/devtool/repository/Maven/Maven3.2.2/local/repo/org/springframework/data/spring-data-jpa/1.6.0.RELEASE/spring-data-jpa-1.6.0.RELEASE.jar!/org/springframework/data/jpa/repository/support/SimpleJpaRepository$1.class], URL [jar:file:/D:/devtool/repository/Maven/Maven3.2.2/local/repo/org/springframework/data/spring-data-jpa/1.6.0.RELEASE/spring-data-jpa-1.6.0.RELEASE.jar!/org/springframework/data/jpa/repository/support/JpaPersistableEntityInformation.class], URL [jar:file:/D:/devtool/repository/Maven/Maven3.2.2/local/repo/org/springframework/data/spring-data-jpa/1.6.0.RELEASE/spring-data-jpa-1.6.0.RELEASE.jar!/org/springframework/data/jpa/repository/support/CrudMethodMetadataPostProcessor$CrudMethodMetadataPopulatingMethodIntercceptor.class], URL [jar:file:/D:/devtool/repository/Maven/Maven3.2.2/local/repo/org/springframework/data/spring-data-jpa/1.6.0.RELEASE/spring-data-jpa-1.6.0.RELEASE.jar!/org/springframework/data/jpa/repository/support/CrudMethodMetadataPostProcessor.class], URL [jar:file:/D:/devtool/repository/Maven/Maven3.2.2/local/repo/org/springframework/data/spring-data-jpa/1.6.0.RELEASE/spring-data-jpa-1.6.0.RELEASE.jar!/org/springframework/data/jpa/repository/support/JpaEntityMetadata.class], URL [jar:file:/D:/devtool/repository/Maven/Maven3.2.2/local/repo/org/springframework/data/spring-data-jpa/1.6.0.RELEASE/spring-data-jpa-1.6.0.RELEASE.jar!/org/springframework/data/jpa/repository/support/Querydsl.class], URL [jar:file:/D:/devtool/repository/Maven/Maven3.2.2/local/repo/org/springframework/data/spring-data-jpa/1.6.0.RELEASE/spring-data-jpa-1.6.0.RELEASE.jar!/org/springframework/data/jpa/repository/support/CrudMethodMetadataPostProcessor$1.class], URL [jar:file:/D:/devtool/repository/Maven/Maven3.2.2/local/repo/org/springframework/data/spring-data-jpa/1.6.0.RELEASE/spring-data-jpa-1.6.0.RELEASE.jar!/org/springframework/data/jpa/repository/support/PersistenceProvider$4.class], URL [jar:file:/D:/devtool/repository/Maven/Maven3.2.2/local/repo/org/springframework/data/spring-data-jpa/1.6.0.RELEASE/spring-data-jpa-1.6.0.RELEASE.jar!/org/springframework/data/jpa/repository/support/CrudMethodMetadataPostProcessor$DefaultCrudMethodMetadata.class], URL [jar:file:/D:/devtool/repository/Maven/Maven3.2.2/local/repo/org/springframework/data/spring-data-jpa/1.6.0.RELEASE/spring-data-jpa-1.6.0.RELEASE.jar!/org/springframework/data/jpa/repository/support/PersistenceProvider$3.class], URL [jar:file:/D:/devtool/repository/Maven/Maven3.2.2/local/repo/org/springframework/data/spring-data-jpa/1.6.0.RELEASE/spring-data-jpa-1.6.0.RELEASE.jar!/org/springframework/data/jpa/repository/support/PersistenceProvider$2.class], URL [jar:file:/D:/devtool/repository/Maven/Maven3.2.2/local/repo/org/springframework/data/spring-data-jpa/1.6.0.RELEASE/spring-data-jpa-1.6.0.RELEASE.jar!/org/springframework/data/jpa/repository/support/QueryDslRepositorySupport.class], URL [jar:file:/D:/devtool/repository/Maven/Maven3.2.2/local/repo/org/springframework/data/spring-data-jpa/1.6.0.RELEASE/spring-data-jpa-1.6.0.RELEASE.jar!/org/springframework/data/jpa/repository/support/PersistenceProvider.class], URL [jar:file:/D:/devtool/repository/Maven/Maven3.2.2/local/repo/org/springframework/data/spring-data-jpa/1.6.0.RELEASE/spring-data-jpa-1.6.0.RELEASE.jar!/org/springframework/data/jpa/repository/support/CrudMethodMetadata.class], URL [jar:file:/D:/devtool/repository/Maven/Maven3.2.2/local/repo/org/springframework/data/spring-data-jpa/1.6.0.RELEASE/spring-data-jpa-1.6.0.RELEASE.jar!/org/springframework/data/jpa/repository/support/CrudMethodMetadataPostProcessor$ThreadBoundTargetSource.class], URL [jar:file:/D:/devtool/repository/Maven/Maven3.2.2/local/repo/org/springframework/data/spring-data-jpa/1.6.0.RELEASE/spring-data-jpa-1.6.0.RELEASE.jar!/org/springframework/data/jpa/repository/support/JpaEntityInformationSupport.class], URL [jar:file:/D:/devtool/repository/Maven/Maven3.2.2/local/repo/org/springframework/data/spring-data-jpa/1.6.0.RELEASE/spring-data-jpa-1.6.0.RELEASE.jar!/org/springframework/data/jpa/repository/support/JpaEntityInformation.class], URL [jar:file:/D:/devtool/repository/Maven/Maven3.2.2/local/repo/org/springframework/data/spring-data-jpa/1.6.0.RELEASE/spring-data-jpa-1.6.0.RELEASE.jar!/org/springframework/data/jpa/repository/support/DefaultJpaEntityMetadata.class], URL [jar:file:/D:/devtool/repository/Maven/Maven3.2.2/local/repo/org/springframework/data/spring-data-jpa/1.6.0.RELEASE/spring-data-jpa-1.6.0.RELEASE.jar!/org/springframework/data/jpa/repository/support/SimpleJpaRepository$ByIdsSpecification.class], URL [jar:file:/D:/devtool/repository/Maven/Maven3.2.2/local/repo/org/springframework/data/spring-data-jpa/1.6.0.RELEASE/spring-data-jpa-1.6.0.RELEASE.jar!/org/springframework/data/jpa/repository/support/JpaRepositoryFactory.class], URL [jar:file:/D:/devtool/repository/Maven/Maven3.2.2/local/repo/org/springframework/data/spring-data-jpa/1.6.0.RELEASE/spring-data-jpa-1.6.0.RELEASE.jar!/org/springframework/data/jpa/repository/support/JpaMetamodelEntityInformation$IdentifierDerivingDirectFieldAccessFallbackBeanWrapper.class], URL [jar:file:/D:/devtool/repository/Maven/Maven3.2.2/local/repo/org/springframework/data/spring-data-jpa/1.6.0.RELEASE/spring-data-jpa-1.6.0.RELEASE.jar!/org/springframework/data/jpa/repository/support/Querydsl$1.class], URL [jar:file:/D:/devtool/repository/Maven/Maven3.2.2/local/repo/org/springframework/data/spring-data-jpa/1.6.0.RELEASE/spring-data-jpa-1.6.0.RELEASE.jar!/org/springframework/data/jpa/repository/support/PersistenceProvider$1.class], URL [jar:file:/D:/devtool/repository/Maven/Maven3.2.2/local/repo/org/springframework/data/spring-data-jpa/1.6.0.RELEASE/spring-data-jpa-1.6.0.RELEASE.jar!/org/springframework/data/jpa/repository/support/PersistenceProvider$Constants.class], URL [jar:file:/D:/devtool/repository/Maven/Maven3.2.2/local/repo/org/springframework/data/spring-data-jpa/1.6.0.RELEASE/spring-data-jpa-1.6.0.RELEASE.jar!/org/springframework/data/jpa/repository/support/JpaMetamodelEntityInformation.class], URL [jar:file:/D:/devtool/repository/Maven/Maven3.2.2/local/repo/org/springframework/data/spring-data-jpa/1.6.0.RELEASE/spring-data-jpa-1.6.0.RELEASE.jar!/org/springframework/data/jpa/repository/support/SimpleJpaRepository.class]]
10:20:58.423 [] [] [main] TRACE o.s.c.a.ClassPathScanningCandidateComponentProvider - Scanning URL [jar:file:/D:/devtool/repository/Maven/Maven3.2.2/local/repo/org/springframework/data/spring-data-commons/1.10.2.RELEASE/spring-data-commons-1.10.2.RELEASE.jar!/org/springframework/data/repository/support/DomainClassPropertyEditor.class]
10:20:58.423 [] [] [main] TRACE o.s.c.a.ClassPathScanningCandidateComponentProvider - Ignored because not matching any filter: URL [jar:file:/D:/devtool/repository/Maven/Maven3.2.2/local/repo/org/springframework/data/spring-data-commons/1.10.2.RELEASE/spring-data-commons-1.10.2.RELEASE.jar!/org/springframework/data/repository/support/DomainClassPropertyEditor.class]
10:20:58.423 [] [] [main] TRACE o.s.c.a.ClassPathScanningCandidateComponentProvider - Scanning URL [jar:file:/D:/devtool/repository/Maven/Maven3.2.2/local/repo/org/springframework/data/spring-data-commons/1.10.2.RELEASE/spring-data-commons-1.10.2.RELEASE.jar!/org/springframework/data/repository/support/CrudRepositoryInvoker.class]
10:20:58.426 [] [] [main] TRACE o.s.c.a.ClassPathScanningCandidateComponentProvider - Ignored because not matching any filter: URL [jar:file:/D:/devtool/repository/Maven/Maven3.2.2/local/repo/org/springframework/data/spring-data-commons/1.10.2.RELEASE/spring-data-commons-1.10.2.RELEASE.jar!/org/springframework/data/repository/support/CrudRepositoryInvoker.class]
10:20:58.427 [] [] [main] TRACE o.s.c.a.ClassPathScanningCandidateComponentProvider - Scanning URL [jar:file:/D:/devtool/repository/Maven/Maven3.2.2/local/repo/org/springframework/data/spring-data-commons/1.10.2.RELEASE/spring-data-commons-1.10.2.RELEASE.jar!/org/springframework/data/repository/support/Repositories$EmptyRepositoryFactoryInformation.class]
10:20:58.427 [] [] [main] TRACE o.s.c.a.ClassPathScanningCandidateComponentProvider - Ignored because not matching any filter: URL [jar:file:/D:/devtool/repository/Maven/Maven3.2.2/local/repo/org/springframework/data/spring-data-commons/1.10.2.RELEASE/spring-data-commons-1.10.2.RELEASE.jar!/org/springframework/data/repository/support/Repositories$EmptyRepositoryFactoryInformation.class]
10:20:58.427 [] [] [main] TRACE o.s.c.a.ClassPathScanningCandidateComponentProvider - Scanning URL [jar:file:/D:/devtool/repository/Maven/Maven3.2.2/local/repo/org/springframework/data/spring-data-commons/1.10.2.RELEASE/spring-data-commons-1.10.2.RELEASE.jar!/org/springframework/data/repository/support/RepositoryInvoker.class]
10:20:58.427 [] [] [main] TRACE o.s.c.a.ClassPathScanningCandidateComponentProvider - Ignored because not matching any filter: URL [jar:file:/D:/devtool/repository/Maven/Maven3.2.2/local/repo/org/springframework/data/spring-data-commons/1.10.2.RELEASE/spring-data-commons-1.10.2.RELEASE.jar!/org/springframework/data/repository/support/RepositoryInvoker.class]
10:20:58.428 [] [] [main] TRACE o.s.c.a.ClassPathScanningCandidateComponentProvider - Scanning URL [jar:file:/D:/devtool/repository/Maven/Maven3.2.2/local/repo/org/springframework/data/spring-data-commons/1.10.2.RELEASE/spring-data-commons-1.10.2.RELEASE.jar!/org/springframework/data/repository/support/DomainClassConverter$ToIdConverter.class]
10:20:58.428 [] [] [main] TRACE o.s.c.a.ClassPathScanningCandidateComponentProvider - Ignored because not matching any filter: URL [jar:file:/D:/devtool/repository/Maven/Maven3.2.2/local/repo/org/springframework/data/spring-data-commons/1.10.2.RELEASE/spring-data-commons-1.10.2.RELEASE.jar!/org/springframework/data/repository/support/DomainClassConverter$ToIdConverter.class]
10:20:58.428 [] [] [main] TRACE o.s.c.a.ClassPathScanningCandidateComponentProvider - Scanning URL [jar:file:/D:/devtool/repository/Maven/Maven3.2.2/local/repo/org/springframework/data/spring-data-commons/1.10.2.RELEASE/spring-data-commons-1.10.2.RELEASE.jar!/org/springframework/data/repository/support/DomainClassConverter$1.class]
10:20:58.429 [] [] [main] TRACE o.s.c.a.ClassPathScanningCandidateComponentProvider - Ignored because not matching any filter: URL [jar:file:/D:/devtool/repository/Maven/Maven3.2.2/local/repo/org/springframework/data/spring-data-commons/1.10.2.RELEASE/spring-data-commons-1.10.2.RELEASE.jar!/org/springframework/data/repository/support/DomainClassConverter$1.class]
10:20:58.429 [] [] [main] TRACE o.s.c.a.ClassPathScanningCandidateComponentProvider - Scanning URL [jar:file:/D:/devtool/repository/Maven/Maven3.2.2/local/repo/org/springframework/data/spring-data-commons/1.10.2.RELEASE/spring-data-commons-1.10.2.RELEASE.jar!/org/springframework/data/repository/support/DomainClassPropertyEditorRegistrar.class]
10:20:58.430 [] [] [main] TRACE o.s.c.a.ClassPathScanningCandidateComponentProvider - Ignored because not matching any filter: URL [jar:file:/D:/devtool/repository/Maven/Maven3.2.2/local/repo/org/springframework/data/spring-data-commons/1.10.2.RELEASE/spring-data-commons-1.10.2.RELEASE.jar!/org/springframework/data/repository/support/DomainClassPropertyEditorRegistrar.class]
10:20:58.430 [] [] [main] TRACE o.s.c.a.ClassPathScanningCandidateComponentProvider - Scanning URL [jar:file:/D:/devtool/repository/Maven/Maven3.2.2/local/repo/org/springframework/data/spring-data-commons/1.10.2.RELEASE/spring-data-commons-1.10.2.RELEASE.jar!/org/springframework/data/repository/support/RepositoryInvokerFactory.class]
10:20:58.430 [] [] [main] TRACE o.s.c.a.ClassPathScanningCandidateComponentProvider - Ignored because not matching any filter: URL [jar:file:/D:/devtool/repository/Maven/Maven3.2.2/local/repo/org/springframework/data/spring-data-commons/1.10.2.RELEASE/spring-data-commons-1.10.2.RELEASE.jar!/org/springframework/data/repository/support/RepositoryInvokerFactory.class]
10:20:58.430 [] [] [main] TRACE o.s.c.a.ClassPathScanningCandidateComponentProvider - Scanning URL [jar:file:/D:/devtool/repository/Maven/Maven3.2.2/local/repo/org/springframework/data/spring-data-commons/1.10.2.RELEASE/spring-data-commons-1.10.2.RELEASE.jar!/org/springframework/data/repository/support/DomainClassConverter.class]
10:20:58.431 [] [] [main] TRACE o.s.c.a.ClassPathScanningCandidateComponentProvider - Ignored because not matching any filter: URL [jar:file:/D:/devtool/repository/Maven/Maven3.2.2/local/repo/org/springframework/data/spring-data-commons/1.10.2.RELEASE/spring-data-commons-1.10.2.RELEASE.jar!/org/springframework/data/repository/support/DomainClassConverter.class]
10:20:58.431 [] [] [main] TRACE o.s.c.a.ClassPathScanningCandidateComponentProvider - Scanning URL [jar:file:/D:/devtool/repository/Maven/Maven3.2.2/local/repo/org/springframework/data/spring-data-commons/1.10.2.RELEASE/spring-data-commons-1.10.2.RELEASE.jar!/org/springframework/data/repository/support/AnnotationAttribute.class]
10:20:58.431 [] [] [main] TRACE o.s.c.a.ClassPathScanningCandidateComponentProvider - Ignored because not matching any filter: URL [jar:file:/D:/devtool/repository/Maven/Maven3.2.2/local/repo/org/springframework/data/spring-data-commons/1.10.2.RELEASE/spring-data-commons-1.10.2.RELEASE.jar!/org/springframework/data/repository/support/AnnotationAttribute.class]
10:20:58.431 [] [] [main] TRACE o.s.c.a.ClassPathScanningCandidateComponentProvider - Scanning URL [jar:file:/D:/devtool/repository/Maven/Maven3.2.2/local/repo/org/springframework/data/spring-data-commons/1.10.2.RELEASE/spring-data-commons-1.10.2.RELEASE.jar!/org/springframework/data/repository/support/Repositories.class]
10:20:58.432 [] [] [main] TRACE o.s.c.a.ClassPathScanningCandidateComponentProvider - Ignored because not matching any filter: URL [jar:file:/D:/devtool/repository/Maven/Maven3.2.2/local/repo/org/springframework/data/spring-data-commons/1.10.2.RELEASE/spring-data-commons-1.10.2.RELEASE.jar!/org/springframework/data/repository/support/Repositories.class]
10:20:58.432 [] [] [main] TRACE o.s.c.a.ClassPathScanningCandidateComponentProvider - Scanning URL [jar:file:/D:/devtool/repository/Maven/Maven3.2.2/local/repo/org/springframework/data/spring-data-commons/1.10.2.RELEASE/spring-data-commons-1.10.2.RELEASE.jar!/org/springframework/data/repository/support/DomainClassConverter$ConversionMatchAbbreviationException.class]
10:20:58.432 [] [] [main] TRACE o.s.c.a.ClassPathScanningCandidateComponentProvider - Ignored because not matching any filter: URL [jar:file:/D:/devtool/repository/Maven/Maven3.2.2/local/repo/org/springframework/data/spring-data-commons/1.10.2.RELEASE/spring-data-commons-1.10.2.RELEASE.jar!/org/springframework/data/repository/support/DomainClassConverter$ConversionMatchAbbreviationException.class]
10:20:58.432 [] [] [main] TRACE o.s.c.a.ClassPathScanningCandidateComponentProvider - Scanning URL [jar:file:/D:/devtool/repository/Maven/Maven3.2.2/local/repo/org/springframework/data/spring-data-commons/1.10.2.RELEASE/spring-data-commons-1.10.2.RELEASE.jar!/org/springframework/data/repository/support/ReflectionRepositoryInvoker.class]
10:20:58.433 [] [] [main] TRACE o.s.c.a.ClassPathScanningCandidateComponentProvider - Ignored because not matching any filter: URL [jar:file:/D:/devtool/repository/Maven/Maven3.2.2/local/repo/org/springframework/data/spring-data-commons/1.10.2.RELEASE/spring-data-commons-1.10.2.RELEASE.jar!/org/springframework/data/repository/support/ReflectionRepositoryInvoker.class]
10:20:58.433 [] [] [main] TRACE o.s.c.a.ClassPathScanningCandidateComponentProvider - Scanning URL [jar:file:/D:/devtool/repository/Maven/Maven3.2.2/local/repo/org/springframework/data/spring-data-commons/1.10.2.RELEASE/spring-data-commons-1.10.2.RELEASE.jar!/org/springframework/data/repository/support/MethodParameters.class]
10:20:58.433 [] [] [main] TRACE o.s.c.a.ClassPathScanningCandidateComponentProvider - Ignored because not matching any filter: URL [jar:file:/D:/devtool/repository/Maven/Maven3.2.2/local/repo/org/springframework/data/spring-data-commons/1.10.2.RELEASE/spring-data-commons-1.10.2.RELEASE.jar!/org/springframework/data/repository/support/MethodParameters.class]
10:20:58.433 [] [] [main] TRACE o.s.c.a.ClassPathScanningCandidateComponentProvider - Scanning URL [jar:file:/D:/devtool/repository/Maven/Maven3.2.2/local/repo/org/springframework/data/spring-data-commons/1.10.2.RELEASE/spring-data-commons-1.10.2.RELEASE.jar!/org/springframework/data/repository/support/PagingAndSortingRepositoryInvoker.class]
10:20:58.434 [] [] [main] TRACE o.s.c.a.ClassPathScanningCandidateComponentProvider - Ignored because not matching any filter: URL [jar:file:/D:/devtool/repository/Maven/Maven3.2.2/local/repo/org/springframework/data/spring-data-commons/1.10.2.RELEASE/spring-data-commons-1.10.2.RELEASE.jar!/org/springframework/data/repository/support/PagingAndSortingRepositoryInvoker.class]
10:20:58.434 [] [] [main] TRACE o.s.c.a.ClassPathScanningCandidateComponentProvider - Scanning URL [jar:file:/D:/devtool/repository/Maven/Maven3.2.2/local/repo/org/springframework/data/spring-data-commons/1.10.2.RELEASE/spring-data-commons-1.10.2.RELEASE.jar!/org/springframework/data/repository/support/DefaultRepositoryInvokerFactory.class]
10:20:58.434 [] [] [main] TRACE o.s.c.a.ClassPathScanningCandidateComponentProvider - Ignored because not matching any filter: URL [jar:file:/D:/devtool/repository/Maven/Maven3.2.2/local/repo/org/springframework/data/spring-data-commons/1.10.2.RELEASE/spring-data-commons-1.10.2.RELEASE.jar!/org/springframework/data/repository/support/DefaultRepositoryInvokerFactory.class]
10:20:58.434 [] [] [main] TRACE o.s.c.a.ClassPathScanningCandidateComponentProvider - Scanning URL [jar:file:/D:/devtool/repository/Maven/Maven3.2.2/local/repo/org/springframework/data/spring-data-commons/1.10.2.RELEASE/spring-data-commons-1.10.2.RELEASE.jar!/org/springframework/data/repository/support/MethodParameters$AnnotationNamingMethodParameter.class]
10:20:58.435 [] [] [main] TRACE o.s.c.a.ClassPathScanningCandidateComponentProvider - Ignored because not matching any filter: URL [jar:file:/D:/devtool/repository/Maven/Maven3.2.2/local/repo/org/springframework/data/spring-data-commons/1.10.2.RELEASE/spring-data-commons-1.10.2.RELEASE.jar!/org/springframework/data/repository/support/MethodParameters$AnnotationNamingMethodParameter.class]
10:20:58.435 [] [] [main] TRACE o.s.c.a.ClassPathScanningCandidateComponentProvider - Scanning URL [jar:file:/D:/devtool/repository/Maven/Maven3.2.2/local/repo/org/springframework/data/spring-data-commons/1.10.2.RELEASE/spring-data-commons-1.10.2.RELEASE.jar!/org/springframework/data/repository/support/DomainClassConverter$ToEntityConverter.class]
10:20:58.435 [] [] [main] TRACE o.s.c.a.ClassPathScanningCandidateComponentProvider - Ignored because not matching any filter: URL [jar:file:/D:/devtool/repository/Maven/Maven3.2.2/local/repo/org/springframework/data/spring-data-commons/1.10.2.RELEASE/spring-data-commons-1.10.2.RELEASE.jar!/org/springframework/data/repository/support/DomainClassConverter$ToEntityConverter.class]
10:20:58.435 [] [] [main] TRACE o.s.c.a.ClassPathScanningCandidateComponentProvider - Scanning URL [jar:file:/D:/devtool/repository/Maven/Maven3.2.2/local/repo/org/springframework/data/spring-data-commons/1.10.2.RELEASE/spring-data-commons-1.10.2.RELEASE.jar!/org/springframework/data/repository/support/RepositoryInvocationInformation.class]
10:20:58.436 [] [] [main] TRACE o.s.c.a.ClassPathScanningCandidateComponentProvider - Ignored because not matching any filter: URL [jar:file:/D:/devtool/repository/Maven/Maven3.2.2/local/repo/org/springframework/data/spring-data-commons/1.10.2.RELEASE/spring-data-commons-1.10.2.RELEASE.jar!/org/springframework/data/repository/support/RepositoryInvocationInformation.class]
10:20:58.436 [] [] [main] TRACE o.s.c.a.ClassPathScanningCandidateComponentProvider - Scanning URL [jar:file:/D:/devtool/repository/Maven/Maven3.2.2/local/repo/org/springframework/data/spring-data-jpa/1.6.0.RELEASE/spring-data-jpa-1.6.0.RELEASE.jar!/org/springframework/data/jpa/repository/support/EntityManagerBeanDefinitionRegistrarPostProcessor.class]
10:20:58.436 [] [] [main] TRACE o.s.c.a.ClassPathScanningCandidateComponentProvider - Ignored because not matching any filter: URL [jar:file:/D:/devtool/repository/Maven/Maven3.2.2/local/repo/org/springframework/data/spring-data-jpa/1.6.0.RELEASE/spring-data-jpa-1.6.0.RELEASE.jar!/org/springframework/data/jpa/repository/support/EntityManagerBeanDefinitionRegistrarPostProcessor.class]
10:20:58.436 [] [] [main] TRACE o.s.c.a.ClassPathScanningCandidateComponentProvider - Scanning URL [jar:file:/D:/devtool/repository/Maven/Maven3.2.2/local/repo/org/springframework/data/spring-data-jpa/1.6.0.RELEASE/spring-data-jpa-1.6.0.RELEASE.jar!/org/springframework/data/jpa/repository/support/QueryDslJpaRepository.class]
10:20:58.439 [] [] [main] TRACE o.s.c.a.ClassPathScanningCandidateComponentProvider - Ignored because not matching any filter: URL [jar:file:/D:/devtool/repository/Maven/Maven3.2.2/local/repo/org/springframework/data/spring-data-jpa/1.6.0.RELEASE/spring-data-jpa-1.6.0.RELEASE.jar!/org/springframework/data/jpa/repository/support/QueryDslJpaRepository.class]
10:20:58.440 [] [] [main] TRACE o.s.c.a.ClassPathScanningCandidateComponentProvider - Scanning URL [jar:file:/D:/devtool/repository/Maven/Maven3.2.2/local/repo/org/springframework/data/spring-data-jpa/1.6.0.RELEASE/spring-data-jpa-1.6.0.RELEASE.jar!/org/springframework/data/jpa/repository/support/JpaMetamodelEntityInformation$IdMetadata.class]
10:20:58.440 [] [] [main] TRACE o.s.c.a.ClassPathScanningCandidateComponentProvider - Ignored because not matching any filter: URL [jar:file:/D:/devtool/repository/Maven/Maven3.2.2/local/repo/org/springframework/data/spring-data-jpa/1.6.0.RELEASE/spring-data-jpa-1.6.0.RELEASE.jar!/org/springframework/data/jpa/repository/support/JpaMetamodelEntityInformation$IdMetadata.class]
10:20:58.440 [] [] [main] TRACE o.s.c.a.ClassPathScanningCandidateComponentProvider - Scanning URL [jar:file:/D:/devtool/repository/Maven/Maven3.2.2/local/repo/org/springframework/data/spring-data-jpa/1.6.0.RELEASE/spring-data-jpa-1.6.0.RELEASE.jar!/org/springframework/data/jpa/repository/support/JpaRepositoryFactoryBean.class]
10:20:58.443 [] [] [main] TRACE o.s.c.a.ClassPathScanningCandidateComponentProvider - Ignored because not matching any filter: URL [jar:file:/D:/devtool/repository/Maven/Maven3.2.2/local/repo/org/springframework/data/spring-data-jpa/1.6.0.RELEASE/spring-data-jpa-1.6.0.RELEASE.jar!/org/springframework/data/jpa/repository/support/JpaRepositoryFactoryBean.class]
10:20:58.443 [] [] [main] TRACE o.s.c.a.ClassPathScanningCandidateComponentProvider - Scanning URL [jar:file:/D:/devtool/repository/Maven/Maven3.2.2/local/repo/org/springframework/data/spring-data-jpa/1.6.0.RELEASE/spring-data-jpa-1.6.0.RELEASE.jar!/org/springframework/data/jpa/repository/support/SimpleJpaRepository$1.class]
10:20:58.443 [] [] [main] TRACE o.s.c.a.ClassPathScanningCandidateComponentProvider - Ignored because not matching any filter: URL [jar:file:/D:/devtool/repository/Maven/Maven3.2.2/local/repo/org/springframework/data/spring-data-jpa/1.6.0.RELEASE/spring-data-jpa-1.6.0.RELEASE.jar!/org/springframework/data/jpa/repository/support/SimpleJpaRepository$1.class]
10:20:58.444 [] [] [main] TRACE o.s.c.a.ClassPathScanningCandidateComponentProvider - Scanning URL [jar:file:/D:/devtool/repository/Maven/Maven3.2.2/local/repo/org/springframework/data/spring-data-jpa/1.6.0.RELEASE/spring-data-jpa-1.6.0.RELEASE.jar!/org/springframework/data/jpa/repository/support/JpaPersistableEntityInformation.class]
10:20:58.445 [] [] [main] TRACE o.s.c.a.ClassPathScanningCandidateComponentProvider - Ignored because not matching any filter: URL [jar:file:/D:/devtool/repository/Maven/Maven3.2.2/local/repo/org/springframework/data/spring-data-jpa/1.6.0.RELEASE/spring-data-jpa-1.6.0.RELEASE.jar!/org/springframework/data/jpa/repository/support/JpaPersistableEntityInformation.class]
10:20:58.445 [] [] [main] TRACE o.s.c.a.ClassPathScanningCandidateComponentProvider - Scanning URL [jar:file:/D:/devtool/repository/Maven/Maven3.2.2/local/repo/org/springframework/data/spring-data-jpa/1.6.0.RELEASE/spring-data-jpa-1.6.0.RELEASE.jar!/org/springframework/data/jpa/repository/support/CrudMethodMetadataPostProcessor$CrudMethodMetadataPopulatingMethodIntercceptor.class]
10:20:58.448 [] [] [main] TRACE o.s.c.a.ClassPathScanningCandidateComponentProvider - Ignored because not matching any filter: URL [jar:file:/D:/devtool/repository/Maven/Maven3.2.2/local/repo/org/springframework/data/spring-data-jpa/1.6.0.RELEASE/spring-data-jpa-1.6.0.RELEASE.jar!/org/springframework/data/jpa/repository/support/CrudMethodMetadataPostProcessor$CrudMethodMetadataPopulatingMethodIntercceptor.class]
10:20:58.448 [] [] [main] TRACE o.s.c.a.ClassPathScanningCandidateComponentProvider - Scanning URL [jar:file:/D:/devtool/repository/Maven/Maven3.2.2/local/repo/org/springframework/data/spring-data-jpa/1.6.0.RELEASE/spring-data-jpa-1.6.0.RELEASE.jar!/org/springframework/data/jpa/repository/support/CrudMethodMetadataPostProcessor.class]
10:20:58.449 [] [] [main] TRACE o.s.c.a.ClassPathScanningCandidateComponentProvider - Ignored because not matching any filter: URL [jar:file:/D:/devtool/repository/Maven/Maven3.2.2/local/repo/org/springframework/data/spring-data-jpa/1.6.0.RELEASE/spring-data-jpa-1.6.0.RELEASE.jar!/org/springframework/data/jpa/repository/support/CrudMethodMetadataPostProcessor.class]
10:20:58.449 [] [] [main] TRACE o.s.c.a.ClassPathScanningCandidateComponentProvider - Scanning URL [jar:file:/D:/devtool/repository/Maven/Maven3.2.2/local/repo/org/springframework/data/spring-data-jpa/1.6.0.RELEASE/spring-data-jpa-1.6.0.RELEASE.jar!/org/springframework/data/jpa/repository/support/JpaEntityMetadata.class]
10:20:58.449 [] [] [main] TRACE o.s.c.a.ClassPathScanningCandidateComponentProvider - Ignored because not matching any filter: URL [jar:file:/D:/devtool/repository/Maven/Maven3.2.2/local/repo/org/springframework/data/spring-data-jpa/1.6.0.RELEASE/spring-data-jpa-1.6.0.RELEASE.jar!/org/springframework/data/jpa/repository/support/JpaEntityMetadata.class]
10:20:58.449 [] [] [main] TRACE o.s.c.a.ClassPathScanningCandidateComponentProvider - Scanning URL [jar:file:/D:/devtool/repository/Maven/Maven3.2.2/local/repo/org/springframework/data/spring-data-jpa/1.6.0.RELEASE/spring-data-jpa-1.6.0.RELEASE.jar!/org/springframework/data/jpa/repository/support/Querydsl.class]
10:20:58.450 [] [] [main] TRACE o.s.c.a.ClassPathScanningCandidateComponentProvider - Ignored because not matching any filter: URL [jar:file:/D:/devtool/repository/Maven/Maven3.2.2/local/repo/org/springframework/data/spring-data-jpa/1.6.0.RELEASE/spring-data-jpa-1.6.0.RELEASE.jar!/org/springframework/data/jpa/repository/support/Querydsl.class]
10:20:58.451 [] [] [main] TRACE o.s.c.a.ClassPathScanningCandidateComponentProvider - Scanning URL [jar:file:/D:/devtool/repository/Maven/Maven3.2.2/local/repo/org/springframework/data/spring-data-jpa/1.6.0.RELEASE/spring-data-jpa-1.6.0.RELEASE.jar!/org/springframework/data/jpa/repository/support/CrudMethodMetadataPostProcessor$1.class]
10:20:58.452 [] [] [main] TRACE o.s.c.a.ClassPathScanningCandidateComponentProvider - Ignored because not matching any filter: URL [jar:file:/D:/devtool/repository/Maven/Maven3.2.2/local/repo/org/springframework/data/spring-data-jpa/1.6.0.RELEASE/spring-data-jpa-1.6.0.RELEASE.jar!/org/springframework/data/jpa/repository/support/CrudMethodMetadataPostProcessor$1.class]
10:20:58.452 [] [] [main] TRACE o.s.c.a.ClassPathScanningCandidateComponentProvider - Scanning URL [jar:file:/D:/devtool/repository/Maven/Maven3.2.2/local/repo/org/springframework/data/spring-data-jpa/1.6.0.RELEASE/spring-data-jpa-1.6.0.RELEASE.jar!/org/springframework/data/jpa/repository/support/PersistenceProvider$4.class]
10:20:58.453 [] [] [main] TRACE o.s.c.a.ClassPathScanningCandidateComponentProvider - Ignored because not matching any filter: URL [jar:file:/D:/devtool/repository/Maven/Maven3.2.2/local/repo/org/springframework/data/spring-data-jpa/1.6.0.RELEASE/spring-data-jpa-1.6.0.RELEASE.jar!/org/springframework/data/jpa/repository/support/PersistenceProvider$4.class]
10:20:58.453 [] [] [main] TRACE o.s.c.a.ClassPathScanningCandidateComponentProvider - Scanning URL [jar:file:/D:/devtool/repository/Maven/Maven3.2.2/local/repo/org/springframework/data/spring-data-jpa/1.6.0.RELEASE/spring-data-jpa-1.6.0.RELEASE.jar!/org/springframework/data/jpa/repository/support/CrudMethodMetadataPostProcessor$DefaultCrudMethodMetadata.class]
10:20:58.453 [] [] [main] TRACE o.s.c.a.ClassPathScanningCandidateComponentProvider - Ignored because not matching any filter: URL [jar:file:/D:/devtool/repository/Maven/Maven3.2.2/local/repo/org/springframework/data/spring-data-jpa/1.6.0.RELEASE/spring-data-jpa-1.6.0.RELEASE.jar!/org/springframework/data/jpa/repository/support/CrudMethodMetadataPostProcessor$DefaultCrudMethodMetadata.class]
10:20:58.453 [] [] [main] TRACE o.s.c.a.ClassPathScanningCandidateComponentProvider - Scanning URL [jar:file:/D:/devtool/repository/Maven/Maven3.2.2/local/repo/org/springframework/data/spring-data-jpa/1.6.0.RELEASE/spring-data-jpa-1.6.0.RELEASE.jar!/org/springframework/data/jpa/repository/support/PersistenceProvider$3.class]
10:20:58.454 [] [] [main] TRACE o.s.c.a.ClassPathScanningCandidateComponentProvider - Ignored because not matching any filter: URL [jar:file:/D:/devtool/repository/Maven/Maven3.2.2/local/repo/org/springframework/data/spring-data-jpa/1.6.0.RELEASE/spring-data-jpa-1.6.0.RELEASE.jar!/org/springframework/data/jpa/repository/support/PersistenceProvider$3.class]
10:20:58.454 [] [] [main] TRACE o.s.c.a.ClassPathScanningCandidateComponentProvider - Scanning URL [jar:file:/D:/devtool/repository/Maven/Maven3.2.2/local/repo/org/springframework/data/spring-data-jpa/1.6.0.RELEASE/spring-data-jpa-1.6.0.RELEASE.jar!/org/springframework/data/jpa/repository/support/PersistenceProvider$2.class]
10:20:58.454 [] [] [main] TRACE o.s.c.a.ClassPathScanningCandidateComponentProvider - Ignored because not matching any filter: URL [jar:file:/D:/devtool/repository/Maven/Maven3.2.2/local/repo/org/springframework/data/spring-data-jpa/1.6.0.RELEASE/spring-data-jpa-1.6.0.RELEASE.jar!/org/springframework/data/jpa/repository/support/PersistenceProvider$2.class]
10:20:58.454 [] [] [main] TRACE o.s.c.a.ClassPathScanningCandidateComponentProvider - Scanning URL [jar:file:/D:/devtool/repository/Maven/Maven3.2.2/local/repo/org/springframework/data/spring-data-jpa/1.6.0.RELEASE/spring-data-jpa-1.6.0.RELEASE.jar!/org/springframework/data/jpa/repository/support/QueryDslRepositorySupport.class]
10:20:58.455 [] [] [main] TRACE o.s.c.a.ClassPathScanningCandidateComponentProvider - Ignored because not matching any filter: URL [jar:file:/D:/devtool/repository/Maven/Maven3.2.2/local/repo/org/springframework/data/spring-data-jpa/1.6.0.RELEASE/spring-data-jpa-1.6.0.RELEASE.jar!/org/springframework/data/jpa/repository/support/QueryDslRepositorySupport.class]
10:20:58.455 [] [] [main] TRACE o.s.c.a.ClassPathScanningCandidateComponentProvider - Scanning URL [jar:file:/D:/devtool/repository/Maven/Maven3.2.2/local/repo/org/springframework/data/spring-data-jpa/1.6.0.RELEASE/spring-data-jpa-1.6.0.RELEASE.jar!/org/springframework/data/jpa/repository/support/PersistenceProvider.class]
10:20:58.455 [] [] [main] TRACE o.s.c.a.ClassPathScanningCandidateComponentProvider - Ignored because not matching any filter: URL [jar:file:/D:/devtool/repository/Maven/Maven3.2.2/local/repo/org/springframework/data/spring-data-jpa/1.6.0.RELEASE/spring-data-jpa-1.6.0.RELEASE.jar!/org/springframework/data/jpa/repository/support/PersistenceProvider.class]
10:20:58.455 [] [] [main] TRACE o.s.c.a.ClassPathScanningCandidateComponentProvider - Scanning URL [jar:file:/D:/devtool/repository/Maven/Maven3.2.2/local/repo/org/springframework/data/spring-data-jpa/1.6.0.RELEASE/spring-data-jpa-1.6.0.RELEASE.jar!/org/springframework/data/jpa/repository/support/CrudMethodMetadata.class]
10:20:58.455 [] [] [main] TRACE o.s.c.a.ClassPathScanningCandidateComponentProvider - Ignored because not matching any filter: URL [jar:file:/D:/devtool/repository/Maven/Maven3.2.2/local/repo/org/springframework/data/spring-data-jpa/1.6.0.RELEASE/spring-data-jpa-1.6.0.RELEASE.jar!/org/springframework/data/jpa/repository/support/CrudMethodMetadata.class]
10:20:58.456 [] [] [main] TRACE o.s.c.a.ClassPathScanningCandidateComponentProvider - Scanning URL [jar:file:/D:/devtool/repository/Maven/Maven3.2.2/local/repo/org/springframework/data/spring-data-jpa/1.6.0.RELEASE/spring-data-jpa-1.6.0.RELEASE.jar!/org/springframework/data/jpa/repository/support/CrudMethodMetadataPostProcessor$ThreadBoundTargetSource.class]
10:20:58.456 [] [] [main] TRACE o.s.c.a.ClassPathScanningCandidateComponentProvider - Ignored because not matching any filter: URL [jar:file:/D:/devtool/repository/Maven/Maven3.2.2/local/repo/org/springframework/data/spring-data-jpa/1.6.0.RELEASE/spring-data-jpa-1.6.0.RELEASE.jar!/org/springframework/data/jpa/repository/support/CrudMethodMetadataPostProcessor$ThreadBoundTargetSource.class]
10:20:58.456 [] [] [main] TRACE o.s.c.a.ClassPathScanningCandidateComponentProvider - Scanning URL [jar:file:/D:/devtool/repository/Maven/Maven3.2.2/local/repo/org/springframework/data/spring-data-jpa/1.6.0.RELEASE/spring-data-jpa-1.6.0.RELEASE.jar!/org/springframework/data/jpa/repository/support/JpaEntityInformationSupport.class]
10:20:58.457 [] [] [main] TRACE o.s.c.a.ClassPathScanningCandidateComponentProvider - Ignored because not matching any filter: URL [jar:file:/D:/devtool/repository/Maven/Maven3.2.2/local/repo/org/springframework/data/spring-data-jpa/1.6.0.RELEASE/spring-data-jpa-1.6.0.RELEASE.jar!/org/springframework/data/jpa/repository/support/JpaEntityInformationSupport.class]
10:20:58.457 [] [] [main] TRACE o.s.c.a.ClassPathScanningCandidateComponentProvider - Scanning URL [jar:file:/D:/devtool/repository/Maven/Maven3.2.2/local/repo/org/springframework/data/spring-data-jpa/1.6.0.RELEASE/spring-data-jpa-1.6.0.RELEASE.jar!/org/springframework/data/jpa/repository/support/JpaEntityInformation.class]
10:20:58.457 [] [] [main] TRACE o.s.c.a.ClassPathScanningCandidateComponentProvider - Ignored because not matching any filter: URL [jar:file:/D:/devtool/repository/Maven/Maven3.2.2/local/repo/org/springframework/data/spring-data-jpa/1.6.0.RELEASE/spring-data-jpa-1.6.0.RELEASE.jar!/org/springframework/data/jpa/repository/support/JpaEntityInformation.class]
10:20:58.457 [] [] [main] TRACE o.s.c.a.ClassPathScanningCandidateComponentProvider - Scanning URL [jar:file:/D:/devtool/repository/Maven/Maven3.2.2/local/repo/org/springframework/data/spring-data-jpa/1.6.0.RELEASE/spring-data-jpa-1.6.0.RELEASE.jar!/org/springframework/data/jpa/repository/support/DefaultJpaEntityMetadata.class]
10:20:58.457 [] [] [main] TRACE o.s.c.a.ClassPathScanningCandidateComponentProvider - Ignored because not matching any filter: URL [jar:file:/D:/devtool/repository/Maven/Maven3.2.2/local/repo/org/springframework/data/spring-data-jpa/1.6.0.RELEASE/spring-data-jpa-1.6.0.RELEASE.jar!/org/springframework/data/jpa/repository/support/DefaultJpaEntityMetadata.class]
10:20:58.457 [] [] [main] TRACE o.s.c.a.ClassPathScanningCandidateComponentProvider - Scanning URL [jar:file:/D:/devtool/repository/Maven/Maven3.2.2/local/repo/org/springframework/data/spring-data-jpa/1.6.0.RELEASE/spring-data-jpa-1.6.0.RELEASE.jar!/org/springframework/data/jpa/repository/support/SimpleJpaRepository$ByIdsSpecification.class]
10:20:58.458 [] [] [main] TRACE o.s.c.a.ClassPathScanningCandidateComponentProvider - Ignored because not matching any filter: URL [jar:file:/D:/devtool/repository/Maven/Maven3.2.2/local/repo/org/springframework/data/spring-data-jpa/1.6.0.RELEASE/spring-data-jpa-1.6.0.RELEASE.jar!/org/springframework/data/jpa/repository/support/SimpleJpaRepository$ByIdsSpecification.class]
10:20:58.458 [] [] [main] TRACE o.s.c.a.ClassPathScanningCandidateComponentProvider - Scanning URL [jar:file:/D:/devtool/repository/Maven/Maven3.2.2/local/repo/org/springframework/data/spring-data-jpa/1.6.0.RELEASE/spring-data-jpa-1.6.0.RELEASE.jar!/org/springframework/data/jpa/repository/support/JpaRepositoryFactory.class]
10:20:58.458 [] [] [main] DEBUG o.s.c.a.ClassPathScanningCandidateComponentProvider - Identified candidate component class: URL [jar:file:/D:/devtool/repository/Maven/Maven3.2.2/local/repo/org/springframework/data/spring-data-jpa/1.6.0.RELEASE/spring-data-jpa-1.6.0.RELEASE.jar!/org/springframework/data/jpa/repository/support/JpaRepositoryFactory.class]
10:20:58.459 [] [] [main] TRACE o.s.c.a.ClassPathScanningCandidateComponentProvider - Scanning URL [jar:file:/D:/devtool/repository/Maven/Maven3.2.2/local/repo/org/springframework/data/spring-data-jpa/1.6.0.RELEASE/spring-data-jpa-1.6.0.RELEASE.jar!/org/springframework/data/jpa/repository/support/JpaMetamodelEntityInformation$IdentifierDerivingDirectFieldAccessFallbackBeanWrapper.class]
10:20:58.461 [] [] [main] TRACE o.s.c.a.ClassPathScanningCandidateComponentProvider - Ignored because not matching any filter: URL [jar:file:/D:/devtool/repository/Maven/Maven3.2.2/local/repo/org/springframework/data/spring-data-jpa/1.6.0.RELEASE/spring-data-jpa-1.6.0.RELEASE.jar!/org/springframework/data/jpa/repository/support/JpaMetamodelEntityInformation$IdentifierDerivingDirectFieldAccessFallbackBeanWrapper.class]
10:20:58.461 [] [] [main] TRACE o.s.c.a.ClassPathScanningCandidateComponentProvider - Scanning URL [jar:file:/D:/devtool/repository/Maven/Maven3.2.2/local/repo/org/springframework/data/spring-data-jpa/1.6.0.RELEASE/spring-data-jpa-1.6.0.RELEASE.jar!/org/springframework/data/jpa/repository/support/Querydsl$1.class]
10:20:58.462 [] [] [main] TRACE o.s.c.a.ClassPathScanningCandidateComponentProvider - Ignored because not matching any filter: URL [jar:file:/D:/devtool/repository/Maven/Maven3.2.2/local/repo/org/springframework/data/spring-data-jpa/1.6.0.RELEASE/spring-data-jpa-1.6.0.RELEASE.jar!/org/springframework/data/jpa/repository/support/Querydsl$1.class]
10:20:58.462 [] [] [main] TRACE o.s.c.a.ClassPathScanningCandidateComponentProvider - Scanning URL [jar:file:/D:/devtool/repository/Maven/Maven3.2.2/local/repo/org/springframework/data/spring-data-jpa/1.6.0.RELEASE/spring-data-jpa-1.6.0.RELEASE.jar!/org/springframework/data/jpa/repository/support/PersistenceProvider$1.class]
10:20:58.462 [] [] [main] TRACE o.s.c.a.ClassPathScanningCandidateComponentProvider - Ignored because not matching any filter: URL [jar:file:/D:/devtool/repository/Maven/Maven3.2.2/local/repo/org/springframework/data/spring-data-jpa/1.6.0.RELEASE/spring-data-jpa-1.6.0.RELEASE.jar!/org/springframework/data/jpa/repository/support/PersistenceProvider$1.class]
10:20:58.462 [] [] [main] TRACE o.s.c.a.ClassPathScanningCandidateComponentProvider - Scanning URL [jar:file:/D:/devtool/repository/Maven/Maven3.2.2/local/repo/org/springframework/data/spring-data-jpa/1.6.0.RELEASE/spring-data-jpa-1.6.0.RELEASE.jar!/org/springframework/data/jpa/repository/support/PersistenceProvider$Constants.class]
10:20:58.462 [] [] [main] TRACE o.s.c.a.ClassPathScanningCandidateComponentProvider - Ignored because not matching any filter: URL [jar:file:/D:/devtool/repository/Maven/Maven3.2.2/local/repo/org/springframework/data/spring-data-jpa/1.6.0.RELEASE/spring-data-jpa-1.6.0.RELEASE.jar!/org/springframework/data/jpa/repository/support/PersistenceProvider$Constants.class]
10:20:58.462 [] [] [main] TRACE o.s.c.a.ClassPathScanningCandidateComponentProvider - Scanning URL [jar:file:/D:/devtool/repository/Maven/Maven3.2.2/local/repo/org/springframework/data/spring-data-jpa/1.6.0.RELEASE/spring-data-jpa-1.6.0.RELEASE.jar!/org/springframework/data/jpa/repository/support/JpaMetamodelEntityInformation.class]
10:20:58.463 [] [] [main] TRACE o.s.c.a.ClassPathScanningCandidateComponentProvider - Ignored because not matching any filter: URL [jar:file:/D:/devtool/repository/Maven/Maven3.2.2/local/repo/org/springframework/data/spring-data-jpa/1.6.0.RELEASE/spring-data-jpa-1.6.0.RELEASE.jar!/org/springframework/data/jpa/repository/support/JpaMetamodelEntityInformation.class]
10:20:58.463 [] [] [main] TRACE o.s.c.a.ClassPathScanningCandidateComponentProvider - Scanning URL [jar:file:/D:/devtool/repository/Maven/Maven3.2.2/local/repo/org/springframework/data/spring-data-jpa/1.6.0.RELEASE/spring-data-jpa-1.6.0.RELEASE.jar!/org/springframework/data/jpa/repository/support/SimpleJpaRepository.class]
10:20:58.464 [] [] [main] TRACE o.s.c.a.ClassPathScanningCandidateComponentProvider - Ignored because not matching any filter: URL [jar:file:/D:/devtool/repository/Maven/Maven3.2.2/local/repo/org/springframework/data/spring-data-jpa/1.6.0.RELEASE/spring-data-jpa-1.6.0.RELEASE.jar!/org/springframework/data/jpa/repository/support/SimpleJpaRepository.class]
10:20:58.473 [] [] [main] DEBUG o.s.core.env.StandardEnvironment - Adding [systemProperties] PropertySource with lowest search precedence
10:20:58.473 [] [] [main] DEBUG o.s.core.env.StandardEnvironment - Adding [systemEnvironment] PropertySource with lowest search precedence
10:20:58.473 [] [] [main] DEBUG o.s.core.env.StandardEnvironment - Initialized StandardEnvironment with PropertySources [systemProperties,systemEnvironment]
10:20:58.475 [] [] [main] DEBUG o.s.c.i.s.PathMatchingResourcePatternResolver - Looking for matching resources in directory tree [D:\DevTool\workspace\activiti\portal\target\classes\com\yonyou\iuap]
10:20:58.475 [] [] [main] DEBUG o.s.c.i.s.PathMatchingResourcePatternResolver - Searching directory [D:\DevTool\workspace\activiti\portal\target\classes\com\yonyou\iuap] for files matching pattern [D:/DevTool/workspace/activiti/portal/target/classes/com/yonyou/iuap/**/*.class]
10:20:58.475 [] [] [main] DEBUG o.s.c.i.s.PathMatchingResourcePatternResolver - Searching directory [D:\DevTool\workspace\activiti\portal\target\classes\com\yonyou\iuap\example] for files matching pattern [D:/DevTool/workspace/activiti/portal/target/classes/com/yonyou/iuap/**/*.class]
10:20:58.475 [] [] [main] DEBUG o.s.c.i.s.PathMatchingResourcePatternResolver - Searching directory [D:\DevTool\workspace\activiti\portal\target\classes\com\yonyou\iuap\example\entity] for files matching pattern [D:/DevTool/workspace/activiti/portal/target/classes/com/yonyou/iuap/**/*.class]
10:20:58.475 [] [] [main] DEBUG o.s.c.i.s.PathMatchingResourcePatternResolver - Searching directory [D:\DevTool\workspace\activiti\portal\target\classes\com\yonyou\iuap\example\repository] for files matching pattern [D:/DevTool/workspace/activiti/portal/target/classes/com/yonyou/iuap/**/*.class]
10:20:58.476 [] [] [main] DEBUG o.s.c.i.s.PathMatchingResourcePatternResolver - Searching directory [D:\DevTool\workspace\activiti\portal\target\classes\com\yonyou\iuap\example\service] for files matching pattern [D:/DevTool/workspace/activiti/portal/target/classes/com/yonyou/iuap/**/*.class]
10:20:58.476 [] [] [main] DEBUG o.s.c.i.s.PathMatchingResourcePatternResolver - Searching directory [D:\DevTool\workspace\activiti\portal\target\classes\com\yonyou\iuap\example\web] for files matching pattern [D:/DevTool/workspace/activiti/portal/target/classes/com/yonyou/iuap/**/*.class]
10:20:58.476 [] [] [main] DEBUG o.s.c.i.s.PathMatchingResourcePatternResolver - Searching directory [D:\DevTool\workspace\activiti\portal\target\classes\com\yonyou\iuap\system] for files matching pattern [D:/DevTool/workspace/activiti/portal/target/classes/com/yonyou/iuap/**/*.class]
10:20:58.476 [] [] [main] DEBUG o.s.c.i.s.PathMatchingResourcePatternResolver - Searching directory [D:\DevTool\workspace\activiti\portal\target\classes\com\yonyou\iuap\system\entity] for files matching pattern [D:/DevTool/workspace/activiti/portal/target/classes/com/yonyou/iuap/**/*.class]
10:20:58.476 [] [] [main] DEBUG o.s.c.i.s.PathMatchingResourcePatternResolver - Searching directory [D:\DevTool\workspace\activiti\portal\target\classes\com\yonyou\iuap\system\repository] for files matching pattern [D:/DevTool/workspace/activiti/portal/target/classes/com/yonyou/iuap/**/*.class]
10:20:58.477 [] [] [main] DEBUG o.s.c.i.s.PathMatchingResourcePatternResolver - Searching directory [D:\DevTool\workspace\activiti\portal\target\classes\com\yonyou\iuap\system\service] for files matching pattern [D:/DevTool/workspace/activiti/portal/target/classes/com/yonyou/iuap/**/*.class]
10:20:58.477 [] [] [main] DEBUG o.s.c.i.s.PathMatchingResourcePatternResolver - Searching directory [D:\DevTool\workspace\activiti\portal\target\classes\com\yonyou\iuap\system\web] for files matching pattern [D:/DevTool/workspace/activiti/portal/target/classes/com/yonyou/iuap/**/*.class]
10:20:58.477 [] [] [main] DEBUG o.s.c.i.s.PathMatchingResourcePatternResolver - Searching directory [D:\DevTool\workspace\activiti\portal\target\classes\com\yonyou\iuap\system\web\account] for files matching pattern [D:/DevTool/workspace/activiti/portal/target/classes/com/yonyou/iuap/**/*.class]
10:20:58.477 [] [] [main] DEBUG o.s.c.i.s.PathMatchingResourcePatternResolver - Searching directory [D:\DevTool\workspace\activiti\portal\target\classes\com\yonyou\iuap\system\web\index] for files matching pattern [D:/DevTool/workspace/activiti/portal/target/classes/com/yonyou/iuap/**/*.class]
10:20:58.478 [] [] [main] DEBUG o.s.c.i.s.PathMatchingResourcePatternResolver - Searching directory [D:\DevTool\workspace\activiti\portal\target\classes\com\yonyou\iuap\system\web\login] for files matching pattern [D:/DevTool/workspace/activiti/portal/target/classes/com/yonyou/iuap/**/*.class]
10:20:58.478 [] [] [main] DEBUG o.s.c.i.s.PathMatchingResourcePatternResolver - Looking for matching resources in jar file [file:/D:/devtool/repository/Maven/Maven3.2.2/local/repo/com/yonyou/iuap/iuap-jdbc/3.0.0-RELEASE/iuap-jdbc-3.0.0-RELEASE.jar]
10:20:58.487 [] [] [main] DEBUG o.s.c.i.s.PathMatchingResourcePatternResolver - Looking for matching resources in jar file [file:/D:/devtool/repository/Maven/Maven3.2.2/local/repo/com/yonyou/iuap/iuap-generic/3.0.0-RELEASE/iuap-generic-3.0.0-RELEASE.jar]
10:20:58.487 [] [] [main] DEBUG o.s.c.i.s.PathMatchingResourcePatternResolver - Looking for matching resources in jar file [file:/D:/devtool/repository/Maven/Maven3.2.2/local/repo/com/yonyou/iuap/iuap-cache/3.0.0-RELEASE/iuap-cache-3.0.0-RELEASE.jar]
10:20:58.488 [] [] [main] DEBUG o.s.c.i.s.PathMatchingResourcePatternResolver - Looking for matching resources in jar file [file:/D:/devtool/repository/Maven/Maven3.2.2/local/repo/com/yonyou/iuap/iuap-log/3.0.0-RELEASE/iuap-log-3.0.0-RELEASE.jar]
10:20:58.488 [] [] [main] DEBUG o.s.c.i.s.PathMatchingResourcePatternResolver - Looking for matching resources in jar file [file:/D:/devtool/repository/Maven/Maven3.2.2/local/repo/com/yonyou/iuap/iuap-security/3.0.0-RELEASE/iuap-security-3.0.0-RELEASE.jar]
10:20:58.489 [] [] [main] DEBUG o.s.c.i.s.PathMatchingResourcePatternResolver - Looking for matching resources in jar file [file:/D:/devtool/repository/Maven/Maven3.2.2/local/repo/com/yonyou/iuap/iuap-utils/3.0.0-RELEASE/iuap-utils-3.0.0-RELEASE.jar]
10:20:58.489 [] [] [main] DEBUG o.s.c.i.s.PathMatchingResourcePatternResolver - Looking for matching resources in jar file [file:/D:/devtool/repository/Maven/Maven3.2.2/local/repo/com/yonyou/iuap/iuap-auth/3.0.0-RELEASE/iuap-auth-3.0.0-RELEASE.jar]
10:20:58.492 [] [] [main] DEBUG o.s.c.i.s.PathMatchingResourcePatternResolver - Looking for matching resources in jar file [file:/D:/devtool/repository/Maven/Maven3.2.2/local/repo/com/yonyou/iuap/iuap-persistence/3.0.0-RELEASE/iuap-persistence-3.0.0-RELEASE.jar]
10:20:58.492 [] [] [main] DEBUG o.s.c.i.s.PathMatchingResourcePatternResolver - Looking for matching resources in jar file [file:/D:/devtool/repository/Maven/Maven3.2.2/local/repo/com/yonyou/iuap/iuap-oid/3.0.0-RELEASE/iuap-oid-3.0.0-RELEASE.jar]
10:20:58.493 [] [] [main] DEBUG o.s.c.i.s.PathMatchingResourcePatternResolver - Resolved location pattern [classpath*:com/yonyou/iuap/**/*.class] to resources [file [D:\DevTool\workspace\activiti\portal\target\classes\com\yonyou\iuap\example\entity\GoodJdbcDemo.class], file [D:\DevTool\workspace\activiti\portal\target\classes\com\yonyou\iuap\example\entity\GoodJpaDemo.class], file [D:\DevTool\workspace\activiti\portal\target\classes\com\yonyou\iuap\example\repository\GoodJdbcDemoDao.class], file [D:\DevTool\workspace\activiti\portal\target\classes\com\yonyou\iuap\example\repository\GoodJpaDemoDao.class], file [D:\DevTool\workspace\activiti\portal\target\classes\com\yonyou\iuap\example\service\GoodJdbcDemoService.class], file [D:\DevTool\workspace\activiti\portal\target\classes\com\yonyou\iuap\example\service\GoodJpaDemoService.class], file [D:\DevTool\workspace\activiti\portal\target\classes\com\yonyou\iuap\example\web\GoodJdbcDemoController.class], file [D:\DevTool\workspace\activiti\portal\target\classes\com\yonyou\iuap\example\web\GoodJpaDemoController.class], file [D:\DevTool\workspace\activiti\portal\target\classes\com\yonyou\iuap\system\entity\MgrUser.class], file [D:\DevTool\workspace\activiti\portal\target\classes\com\yonyou\iuap\system\repository\MgrUserDao.class], file [D:\DevTool\workspace\activiti\portal\target\classes\com\yonyou\iuap\system\service\AccountService.class], file [D:\DevTool\workspace\activiti\portal\target\classes\com\yonyou\iuap\system\web\account\MgrAccountController.class], file [D:\DevTool\workspace\activiti\portal\target\classes\com\yonyou\iuap\system\web\index\IndexController.class], file [D:\DevTool\workspace\activiti\portal\target\classes\com\yonyou\iuap\system\web\login\LoginController.class], file [D:\DevTool\workspace\activiti\portal\target\classes\com\yonyou\iuap\system\web\login\MaLoginController.class], file [D:\DevTool\workspace\activiti\portal\target\classes\com\yonyou\iuap\system\web\login\RoleForTheme.class], file [D:\DevTool\workspace\activiti\portal\target\classes\com\yonyou\iuap\system\web\login\SSOLoginFilter.class], file [D:\DevTool\workspace\activiti\portal\target\classes\com\yonyou\iuap\system\web\login\TimeOutFilter.class], URL [jar:file:/D:/devtool/repository/Maven/Maven3.2.2/local/repo/com/yonyou/iuap/iuap-jdbc/3.0.0-RELEASE/iuap-jdbc-3.0.0-RELEASE.jar!/com/yonyou/iuap/persistence/bs/dao/AbstractDAO.class], URL [jar:file:/D:/devtool/repository/Maven/Maven3.2.2/local/repo/com/yonyou/iuap/iuap-jdbc/3.0.0-RELEASE/iuap-jdbc-3.0.0-RELEASE.jar!/com/yonyou/iuap/persistence/bs/dao/BaseDAO.class], URL [jar:file:/D:/devtool/repository/Maven/Maven3.2.2/local/repo/com/yonyou/iuap/iuap-jdbc/3.0.0-RELEASE/iuap-jdbc-3.0.0-RELEASE.jar!/com/yonyou/iuap/persistence/bs/dao/DAOException.class], URL [jar:file:/D:/devtool/repository/Maven/Maven3.2.2/local/repo/com/yonyou/iuap/iuap-jdbc/3.0.0-RELEASE/iuap-jdbc-3.0.0-RELEASE.jar!/com/yonyou/iuap/persistence/bs/framework/common/ITimeService.class], URL [jar:file:/D:/devtool/repository/Maven/Maven3.2.2/local/repo/com/yonyou/iuap/iuap-jdbc/3.0.0-RELEASE/iuap-jdbc-3.0.0-RELEASE.jar!/com/yonyou/iuap/persistence/bs/framework/core/service/TimeService.class], URL [jar:file:/D:/devtool/repository/Maven/Maven3.2.2/local/repo/com/yonyou/iuap/iuap-jdbc/3.0.0-RELEASE/iuap-jdbc-3.0.0-RELEASE.jar!/com/yonyou/iuap/persistence/bs/framework/ds/CrossdbDataSource.class], URL [jar:file:/D:/devtool/repository/Maven/Maven3.2.2/local/repo/com/yonyou/iuap/iuap-jdbc/3.0.0-RELEASE/iuap-jdbc-3.0.0-RELEASE.jar!/com/yonyou/iuap/persistence/bs/mw/sqltrans/Expresion_str.class], URL [jar:file:/D:/devtool/repository/Maven/Maven3.2.2/local/repo/com/yonyou/iuap/iuap-jdbc/3.0.0-RELEASE/iuap-jdbc-3.0.0-RELEASE.jar!/com/yonyou/iuap/persistence/bs/mw/sqltrans/Express_str.class], URL [jar:file:/D:/devtool/repository/Maven/Maven3.2.2/local/repo/com/yonyou/iuap/iuap-jdbc/3.0.0-RELEASE/iuap-jdbc-3.0.0-RELEASE.jar!/com/yonyou/iuap/persistence/bs/mw/sqltrans/FunctionDict.class], URL [jar:file:/D:/devtool/repository/Maven/Maven3.2.2/local/repo/com/yonyou/iuap/iuap-jdbc/3.0.0-RELEASE/iuap-jdbc-3.0.0-RELEASE.jar!/com/yonyou/iuap/persistence/bs/mw/sqltrans/ITranslator.class], URL [jar:file:/D:/devtool/repository/Maven/Maven3.2.2/local/repo/com/yonyou/iuap/iuap-jdbc/3.0.0-RELEASE/iuap-jdbc-3.0.0-RELEASE.jar!/com/yonyou/iuap/persistence/bs/mw/sqltrans/SqlTranslator.class], URL [jar:file:/D:/devtool/repository/Maven/Maven3.2.2/local/repo/com/yonyou/iuap/iuap-jdbc/3.0.0-RELEASE/iuap-jdbc-3.0.0-RELEASE.jar!/com/yonyou/iuap/persistence/bs/mw/sqltrans/TempTable.class], URL [jar:file:/D:/devtool/repository/Maven/Maven3.2.2/local/repo/com/yonyou/iuap/iuap-jdbc/3.0.0-RELEASE/iuap-jdbc-3.0.0-RELEASE.jar!/com/yonyou/iuap/persistence/bs/mw/sqltrans/TranslateToAlcedo.class], URL [jar:file:/D:/devtool/repository/Maven/Maven3.2.2/local/repo/com/yonyou/iuap/iuap-jdbc/3.0.0-RELEASE/iuap-jdbc-3.0.0-RELEASE.jar!/com/yonyou/iuap/persistence/bs/mw/sqltrans/TranslateToDB2.class], URL [jar:file:/D:/devtool/repository/Maven/Maven3.2.2/local/repo/com/yonyou/iuap/iuap-jdbc/3.0.0-RELEASE/iuap-jdbc-3.0.0-RELEASE.jar!/com/yonyou/iuap/persistence/bs/mw/sqltrans/TranslateToGbase.class], URL [jar:file:/D:/devtool/repository/Maven/Maven3.2.2/local/repo/com/yonyou/iuap/iuap-jdbc/3.0.0-RELEASE/iuap-jdbc-3.0.0-RELEASE.jar!/com/yonyou/iuap/persistence/bs/mw/sqltrans/TranslateToInformix.class], URL [jar:file:/D:/devtool/repository/Maven/Maven3.2.2/local/repo/com/yonyou/iuap/iuap-jdbc/3.0.0-RELEASE/iuap-jdbc-3.0.0-RELEASE.jar!/com/yonyou/iuap/persistence/bs/mw/sqltrans/TranslateToMySQL.class], URL [jar:file:/D:/devtool/repository/Maven/Maven3.2.2/local/repo/com/yonyou/iuap/iuap-jdbc/3.0.0-RELEASE/iuap-jdbc-3.0.0-RELEASE.jar!/com/yonyou/iuap/persistence/bs/mw/sqltrans/TranslateToOracle.class], URL [jar:file:/D:/devtool/repository/Maven/Maven3.2.2/local/repo/com/yonyou/iuap/iuap-jdbc/3.0.0-RELEASE/iuap-jdbc-3.0.0-RELEASE.jar!/com/yonyou/iuap/persistence/bs/mw/sqltrans/TranslateToOscar.class], URL [jar:file:/D:/devtool/repository/Maven/Maven3.2.2/local/repo/com/yonyou/iuap/iuap-jdbc/3.0.0-RELEASE/iuap-jdbc-3.0.0-RELEASE.jar!/com/yonyou/iuap/persistence/bs/mw/sqltrans/TranslateToPostgreSQL.class], URL [jar:file:/D:/devtool/repository/Maven/Maven3.2.2/local/repo/com/yonyou/iuap/iuap-jdbc/3.0.0-RELEASE/iuap-jdbc-3.0.0-RELEASE.jar!/com/yonyou/iuap/persistence/bs/mw/sqltrans/TranslateToSqlServer.class], URL [jar:file:/D:/devtool/repository/Maven/Maven3.2.2/local/repo/com/yonyou/iuap/iuap-jdbc/3.0.0-RELEASE/iuap-jdbc-3.0.0-RELEASE.jar!/com/yonyou/iuap/persistence/bs/mw/sqltrans/TranslateToSybase.class], URL [jar:file:/D:/devtool/repository/Maven/Maven3.2.2/local/repo/com/yonyou/iuap/iuap-jdbc/3.0.0-RELEASE/iuap-jdbc-3.0.0-RELEASE.jar!/com/yonyou/iuap/persistence/bs/mw/sqltrans/TranslatorObject.class], URL [jar:file:/D:/devtool/repository/Maven/Maven3.2.2/local/repo/com/yonyou/iuap/iuap-jdbc/3.0.0-RELEASE/iuap-jdbc-3.0.0-RELEASE.jar!/com/yonyou/iuap/persistence/bs/mw/sqltrans/TransUnit.class], URL [jar:file:/D:/devtool/repository/Maven/Maven3.2.2/local/repo/com/yonyou/iuap/iuap-jdbc/3.0.0-RELEASE/iuap-jdbc-3.0.0-RELEASE.jar!/com/yonyou/iuap/persistence/bs/util/DBMetaHelper$ColCache.class], URL [jar:file:/D:/devtool/repository/Maven/Maven3.2.2/local/repo/com/yonyou/iuap/iuap-jdbc/3.0.0-RELEASE/iuap-jdbc-3.0.0-RELEASE.jar!/com/yonyou/iuap/persistence/bs/util/DBMetaHelper.class], URL [jar:file:/D:/devtool/repository/Maven/Maven3.2.2/local/repo/com/yonyou/iuap/iuap-jdbc/3.0.0-RELEASE/iuap-jdbc-3.0.0-RELEASE.jar!/com/yonyou/iuap/persistence/itf/uap/IUAPQueryBS.class], URL [jar:file:/D:/devtool/repository/Maven/Maven3.2.2/local/repo/com/yonyou/iuap/iuap-jdbc/3.0.0-RELEASE/iuap-jdbc-3.0.0-RELEASE.jar!/com/yonyou/iuap/persistence/itf/uap/IVOPersistence.class], URL [jar:file:/D:/devtool/repository/Maven/Maven3.2.2/local/repo/com/yonyou/iuap/iuap-jdbc/3.0.0-RELEASE/iuap-jdbc-3.0.0-RELEASE.jar!/com/yonyou/iuap/persistence/jdbc/framework/AbstractJdbcPersistenceManager$1.class], URL [jar:file:/D:/devtool/repository/Maven/Maven3.2.2/local/repo/com/yonyou/iuap/iuap-jdbc/3.0.0-RELEASE/iuap-jdbc-3.0.0-RELEASE.jar!/com/yonyou/iuap/persistence/jdbc/framework/AbstractJdbcPersistenceManager$2.class], URL [jar:file:/D:/devtool/repository/Maven/Maven3.2.2/local/repo/com/yonyou/iuap/iuap-jdbc/3.0.0-RELEASE/iuap-jdbc-3.0.0-RELEASE.jar!/com/yonyou/iuap/persistence/jdbc/framework/AbstractJdbcPersistenceManager.class], URL [jar:file:/D:/devtool/repository/Maven/Maven3.2.2/local/repo/com/yonyou/iuap/iuap-jdbc/3.0.0-RELEASE/iuap-jdbc-3.0.0-RELEASE.jar!/com/yonyou/iuap/persistence/jdbc/framework/annotation/Column.class], URL [jar:file:/D:/devtool/repository/Maven/Maven3.2.2/local/repo/com/yonyou/iuap/iuap-jdbc/3.0.0-RELEASE/iuap-jdbc-3.0.0-RELEASE.jar!/com/yonyou/iuap/persistence/jdbc/framework/annotation/Entity.class], URL [jar:file:/D:/devtool/repository/Maven/Maven3.2.2/local/repo/com/yonyou/iuap/iuap-jdbc/3.0.0-RELEASE/iuap-jdbc-3.0.0-RELEASE.jar!/com/yonyou/iuap/persistence/jdbc/framework/annotation/FK.class], URL [jar:file:/D:/devtool/repository/Maven/Maven3.2.2/local/repo/com/yonyou/iuap/iuap-jdbc/3.0.0-RELEASE/iuap-jdbc-3.0.0-RELEASE.jar!/com/yonyou/iuap/persistence/jdbc/framework/annotation/GeneratedValue.class], URL [jar:file:/D:/devtool/repository/Maven/Maven3.2.2/local/repo/com/yonyou/iuap/iuap-jdbc/3.0.0-RELEASE/iuap-jdbc-3.0.0-RELEASE.jar!/com/yonyou/iuap/persistence/jdbc/framework/annotation/Id.class], URL [jar:file:/D:/devtool/repository/Maven/Maven3.2.2/local/repo/com/yonyou/iuap/iuap-jdbc/3.0.0-RELEASE/iuap-jdbc-3.0.0-RELEASE.jar!/com/yonyou/iuap/persistence/jdbc/framework/annotation/OneToMany.class], URL [jar:file:/D:/devtool/repository/Maven/Maven3.2.2/local/repo/com/yonyou/iuap/iuap-jdbc/3.0.0-RELEASE/iuap-jdbc-3.0.0-RELEASE.jar!/com/yonyou/iuap/persistence/jdbc/framework/annotation/Stragegy.class], URL [jar:file:/D:/devtool/repository/Maven/Maven3.2.2/local/repo/com/yonyou/iuap/iuap-jdbc/3.0.0-RELEASE/iuap-jdbc-3.0.0-RELEASE.jar!/com/yonyou/iuap/persistence/jdbc/framework/annotation/Table.class], URL [jar:file:/D:/devtool/repository/Maven/Maven3.2.2/local/repo/com/yonyou/iuap/iuap-jdbc/3.0.0-RELEASE/iuap-jdbc-3.0.0-RELEASE.jar!/com/yonyou/iuap/persistence/jdbc/framework/crossdb/adapter/Adapter.class], URL [jar:file:/D:/devtool/repository/Maven/Maven3.2.2/local/repo/com/yonyou/iuap/iuap-jdbc/3.0.0-RELEASE/iuap-jdbc-3.0.0-RELEASE.jar!/com/yonyou/iuap/persistence/jdbc/framework/crossdb/adapter/AdapterFactory.class], URL [jar:file:/D:/devtool/repository/Maven/Maven3.2.2/local/repo/com/yonyou/iuap/iuap-jdbc/3.0.0-RELEASE/iuap-jdbc-3.0.0-RELEASE.jar!/com/yonyou/iuap/persistence/jdbc/framework/crossdb/adapter/AlcedoAdapter.class], URL [jar:file:/D:/devtool/repository/Maven/Maven3.2.2/local/repo/com/yonyou/iuap/iuap-jdbc/3.0.0-RELEASE/iuap-jdbc-3.0.0-RELEASE.jar!/com/yonyou/iuap/persistence/jdbc/framework/crossdb/adapter/BaseAdapter.class], URL [jar:file:/D:/devtool/repository/Maven/Maven3.2.2/local/repo/com/yonyou/iuap/iuap-jdbc/3.0.0-RELEASE/iuap-jdbc-3.0.0-RELEASE.jar!/com/yonyou/iuap/persistence/jdbc/framework/crossdb/adapter/DB2Adapter.class], URL [jar:file:/D:/devtool/repository/Maven/Maven3.2.2/local/repo/com/yonyou/iuap/iuap-jdbc/3.0.0-RELEASE/iuap-jdbc-3.0.0-RELEASE.jar!/com/yonyou/iuap/persistence/jdbc/framework/crossdb/adapter/GbaseAdapter.class], URL [jar:file:/D:/devtool/repository/Maven/Maven3.2.2/local/repo/com/yonyou/iuap/iuap-jdbc/3.0.0-RELEASE/iuap-jdbc-3.0.0-RELEASE.jar!/com/yonyou/iuap/persistence/jdbc/framework/crossdb/adapter/MySQLAdapter.class], URL [jar:file:/D:/devtool/repository/Maven/Maven3.2.2/local/repo/com/yonyou/iuap/iuap-jdbc/3.0.0-RELEASE/iuap-jdbc-3.0.0-RELEASE.jar!/com/yonyou/iuap/persistence/jdbc/framework/crossdb/adapter/OracleAdapter.class], URL [jar:file:/D:/devtool/repository/Maven/Maven3.2.2/local/repo/com/yonyou/iuap/iuap-jdbc/3.0.0-RELEASE/iuap-jdbc-3.0.0-RELEASE.jar!/com/yonyou/iuap/persistence/jdbc/framework/crossdb/adapter/PostgresAdapter.class], URL [jar:file:/D:/devtool/repository/Maven/Maven3.2.2/local/repo/com/yonyou/iuap/iuap-jdbc/3.0.0-RELEASE/iuap-jdbc-3.0.0-RELEASE.jar!/com/yonyou/iuap/persistence/jdbc/framework/crossdb/adapter/SQLServerAdapter.class], URL [jar:file:/D:/devtool/repository/Maven/Maven3.2.2/local/repo/com/yonyou/iuap/iuap-jdbc/3.0.0-RELEASE/iuap-jdbc-3.0.0-RELEASE.jar!/com/yonyou/iuap/persistence/jdbc/framework/crossdb/CrossDBConnection.class], URL [jar:file:/D:/devtool/repository/Maven/Maven3.2.2/local/repo/com/yonyou/iuap/iuap-jdbc/3.0.0-RELEASE/iuap-jdbc-3.0.0-RELEASE.jar!/com/yonyou/iuap/persistence/jdbc/framework/crossdb/CrossDBHints.class], URL [jar:file:/D:/devtool/repository/Maven/Maven3.2.2/local/repo/com/yonyou/iuap/iuap-jdbc/3.0.0-RELEASE/iuap-jdbc-3.0.0-RELEASE.jar!/com/yonyou/iuap/persistence/jdbc/framework/crossdb/CrossDBObject.class], URL [jar:file:/D:/devtool/repository/Maven/Maven3.2.2/local/repo/com/yonyou/iuap/iuap-jdbc/3.0.0-RELEASE/iuap-jdbc-3.0.0-RELEASE.jar!/com/yonyou/iuap/persistence/jdbc/framework/crossdb/CrossDBPreparedStatement.class], URL [jar:file:/D:/devtool/repository/Maven/Maven3.2.2/local/repo/com/yonyou/iuap/iuap-jdbc/3.0.0-RELEASE/iuap-jdbc-3.0.0-RELEASE.jar!/com/yonyou/iuap/persistence/jdbc/framework/crossdb/CrossDBResultSet.class], URL [jar:file:/D:/devtool/repository/Maven/Maven3.2.2/local/repo/com/yonyou/iuap/iuap-jdbc/3.0.0-RELEASE/iuap-jdbc-3.0.0-RELEASE.jar!/com/yonyou/iuap/persistence/jdbc/framework/crossdb/CrossDBResultSetMetaData.class], URL [jar:file:/D:/devtool/repository/Maven/Maven3.2.2/local/repo/com/yonyou/iuap/iuap-jdbc/3.0.0-RELEASE/iuap-jdbc-3.0.0-RELEASE.jar!/com/yonyou/iuap/persistence/jdbc/framework/crossdb/CrossDBSQLException.class], URL [jar:file:/D:/devtool/repository/Maven/Maven3.2.2/local/repo/com/yonyou/iuap/iuap-jdbc/3.0.0-RELEASE/iuap-jdbc-3.0.0-RELEASE.jar!/com/yonyou/iuap/persistence/jdbc/framework/crossdb/CrossDBStatement.class], URL [jar:file:/D:/devtool/repository/Maven/Maven3.2.2/local/repo/com/yonyou/iuap/iuap-jdbc/3.0.0-RELEASE/iuap-jdbc-3.0.0-RELEASE.jar!/com/yonyou/iuap/persistence/jdbc/framework/crossdb/ExceptionFactory.class], URL [jar:file:/D:/devtool/repository/Maven/Maven3.2.2/local/repo/com/yonyou/iuap/iuap-jdbc/3.0.0-RELEASE/iuap-jdbc-3.0.0-RELEASE.jar!/com/yonyou/iuap/persistence/jdbc/framework/crossdb/ExcessMaxRowException.class], URL [jar:file:/D:/devtool/repository/Maven/Maven3.2.2/local/repo/com/yonyou/iuap/iuap-jdbc/3.0.0-RELEASE/iuap-jdbc-3.0.0-RELEASE.jar!/com/yonyou/iuap/persistence/jdbc/framework/crossdb/Messages.class], URL [jar:file:/D:/devtool/repository/Maven/Maven3.2.2/local/repo/com/yonyou/iuap/iuap-jdbc/3.0.0-RELEASE/iuap-jdbc-3.0.0-RELEASE.jar!/com/yonyou/iuap/persistence/jdbc/framework/crossdb/SQLCache.class], URL [jar:file:/D:/devtool/repository/Maven/Maven3.2.2/local/repo/com/yonyou/iuap/iuap-jdbc/3.0.0-RELEASE/iuap-jdbc-3.0.0-RELEASE.jar!/com/yonyou/iuap/persistence/jdbc/framework/crossdb/SQLStruct.class], URL [jar:file:/D:/devtool/repository/Maven/Maven3.2.2/local/repo/com/yonyou/iuap/iuap-jdbc/3.0.0-RELEASE/iuap-jdbc-3.0.0-RELEASE.jar!/com/yonyou/iuap/persistence/jdbc/framework/crossdb/temptable/DB2TempTableCreator.class], URL [jar:file:/D:/devtool/repository/Maven/Maven3.2.2/local/repo/com/yonyou/iuap/iuap-jdbc/3.0.0-RELEASE/iuap-jdbc-3.0.0-RELEASE.jar!/com/yonyou/iuap/persistence/jdbc/framework/crossdb/temptable/GbaseTempTableCreator.class], URL [jar:file:/D:/devtool/repository/Maven/Maven3.2.2/local/repo/com/yonyou/iuap/iuap-jdbc/3.0.0-RELEASE/iuap-jdbc-3.0.0-RELEASE.jar!/com/yonyou/iuap/persistence/jdbc/framework/crossdb/temptable/OracleTempTableCreator.class], URL [jar:file:/D:/devtool/repository/Maven/Maven3.2.2/local/repo/com/yonyou/iuap/iuap-jdbc/3.0.0-RELEASE/iuap-jdbc-3.0.0-RELEASE.jar!/com/yonyou/iuap/persistence/jdbc/framework/crossdb/temptable/PostgreSQLTempTableCreator.class], URL [jar:file:/D:/devtool/repository/Maven/Maven3.2.2/local/repo/com/yonyou/iuap/iuap-jdbc/3.0.0-RELEASE/iuap-jdbc-3.0.0-RELEASE.jar!/com/yonyou/iuap/persistence/jdbc/framework/crossdb/temptable/SQLServerTempTableCreator.class], URL [jar:file:/D:/devtool/repository/Maven/Maven3.2.2/local/repo/com/yonyou/iuap/iuap-jdbc/3.0.0-RELEASE/iuap-jdbc-3.0.0-RELEASE.jar!/com/yonyou/iuap/persistence/jdbc/framework/crossdb/temptable/TempTableCreator.class], URL [jar:file:/D:/devtool/repository/Maven/Maven3.2.2/local/repo/com/yonyou/iuap/iuap-jdbc/3.0.0-RELEASE/iuap-jdbc-3.0.0-RELEASE.jar!/com/yonyou/iuap/persistence/jdbc/framework/crossdb/temptable/TempTableCreatorFactory.class], URL [jar:file:/D:/devtool/repository/Maven/Maven3.2.2/local/repo/com/yonyou/iuap/iuap-jdbc/3.0.0-RELEASE/iuap-jdbc-3.0.0-RELEASE.jar!/com/yonyou/iuap/persistence/jdbc/framework/crossdb/temptable/TempTabMgr.class], URL [jar:file:/D:/devtool/repository/Maven/Maven3.2.2/local/repo/com/yonyou/iuap/iuap-jdbc/3.0.0-RELEASE/iuap-jdbc-3.0.0-RELEASE.jar!/com/yonyou/iuap/persistence/jdbc/framework/DataBaseDescriptor.class], URL [jar:file:/D:/devtool/repository/Maven/Maven3.2.2/local/repo/com/yonyou/iuap/iuap-jdbc/3.0.0-RELEASE/iuap-jdbc-3.0.0-RELEASE.jar!/com/yonyou/iuap/persistence/jdbc/framework/DataSourceCenter.class], URL [jar:file:/D:/devtool/repository/Maven/Maven3.2.2/local/repo/com/yonyou/iuap/iuap-jdbc/3.0.0-RELEASE/iuap-jdbc-3.0.0-RELEASE.jar!/com/yonyou/iuap/persistence/jdbc/framework/DBMetaInfo.class], URL [jar:file:/D:/devtool/repository/Maven/Maven3.2.2/local/repo/com/yonyou/iuap/iuap-jdbc/3.0.0-RELEASE/iuap-jdbc-3.0.0-RELEASE.jar!/com/yonyou/iuap/persistence/jdbc/framework/exception/ALCEDOSqlException.class], URL [jar:file:/D:/devtool/repository/Maven/Maven3.2.2/local/repo/com/yonyou/iuap/iuap-jdbc/3.0.0-RELEASE/iuap-jdbc-3.0.0-RELEASE.jar!/com/yonyou/iuap/persistence/jdbc/framework/exception/DB2Exception.class], URL [jar:file:/D:/devtool/repository/Maven/Maven3.2.2/local/repo/com/yonyou/iuap/iuap-jdbc/3.0.0-RELEASE/iuap-jdbc-3.0.0-RELEASE.jar!/com/yonyou/iuap/persistence/jdbc/framework/exception/DbException.class], URL [jar:file:/D:/devtool/repository/Maven/Maven3.2.2/local/repo/com/yonyou/iuap/iuap-jdbc/3.0.0-RELEASE/iuap-jdbc-3.0.0-RELEASE.jar!/com/yonyou/iuap/persistence/jdbc/framework/exception/ExceptionFactory.class], URL [jar:file:/D:/devtool/repository/Maven/Maven3.2.2/local/repo/com/yonyou/iuap/iuap-jdbc/3.0.0-RELEASE/iuap-jdbc-3.0.0-RELEASE.jar!/com/yonyou/iuap/persistence/jdbc/framework/exception/GbaseException.class], URL [jar:file:/D:/devtool/repository/Maven/Maven3.2.2/local/repo/com/yonyou/iuap/iuap-jdbc/3.0.0-RELEASE/iuap-jdbc-3.0.0-RELEASE.jar!/com/yonyou/iuap/persistence/jdbc/framework/exception/HSQLException.class], URL [jar:file:/D:/devtool/repository/Maven/Maven3.2.2/local/repo/com/yonyou/iuap/iuap-jdbc/3.0.0-RELEASE/iuap-jdbc-3.0.0-RELEASE.jar!/com/yonyou/iuap/persistence/jdbc/framework/exception/MSSQLException.class], URL [jar:file:/D:/devtool/repository/Maven/Maven3.2.2/local/repo/com/yonyou/iuap/iuap-jdbc/3.0.0-RELEASE/iuap-jdbc-3.0.0-RELEASE.jar!/com/yonyou/iuap/persistence/jdbc/framework/exception/OracleException.class], URL [jar:file:/D:/devtool/repository/Maven/Maven3.2.2/local/repo/com/yonyou/iuap/iuap-jdbc/3.0.0-RELEASE/iuap-jdbc-3.0.0-RELEASE.jar!/com/yonyou/iuap/persistence/jdbc/framework/exception/OscarException.class], URL [jar:file:/D:/devtool/repository/Maven/Maven3.2.2/local/repo/com/yonyou/iuap/iuap-jdbc/3.0.0-RELEASE/iuap-jdbc-3.0.0-RELEASE.jar!/com/yonyou/iuap/persistence/jdbc/framework/exception/PostgresSqlException.class], URL [jar:file:/D:/devtool/repository/Maven/Maven3.2.2/local/repo/com/yonyou/iuap/iuap-jdbc/3.0.0-RELEASE/iuap-jdbc-3.0.0-RELEASE.jar!/com/yonyou/iuap/persistence/jdbc/framework/exception/UnKnownException.class], URL [jar:file:/D:/devtool/repository/Maven/Maven3.2.2/local/repo/com/yonyou/iuap/iuap-jdbc/3.0.0-RELEASE/iuap-jdbc-3.0.0-RELEASE.jar!/com/yonyou/iuap/persistence/jdbc/framework/generator/IdGenerator.class], URL [jar:file:/D:/devtool/repository/Maven/Maven3.2.2/local/repo/com/yonyou/iuap/iuap-jdbc/3.0.0-RELEASE/iuap-jdbc-3.0.0-RELEASE.jar!/com/yonyou/iuap/persistence/jdbc/framework/generator/IDGeneratorFactory.class], URL [jar:file:/D:/devtool/repository/Maven/Maven3.2.2/local/repo/com/yonyou/iuap/iuap-jdbc/3.0.0-RELEASE/iuap-jdbc-3.0.0-RELEASE.jar!/com/yonyou/iuap/persistence/jdbc/framework/JdbcPersistenceManager.class], URL [jar:file:/D:/devtool/repository/Maven/Maven3.2.2/local/repo/com/yonyou/iuap/iuap-jdbc/3.0.0-RELEASE/iuap-jdbc-3.0.0-RELEASE.jar!/com/yonyou/iuap/persistence/jdbc/framework/JdbcSession$1.class], URL [jar:file:/D:/devtool/repository/Maven/Maven3.2.2/local/repo/com/yonyou/iuap/iuap-jdbc/3.0.0-RELEASE/iuap-jdbc-3.0.0-RELEASE.jar!/com/yonyou/iuap/persistence/jdbc/framework/JdbcSession$2.class], URL [jar:file:/D:/devtool/repository/Maven/Maven3.2.2/local/repo/com/yonyou/iuap/iuap-jdbc/3.0.0-RELEASE/iuap-jdbc-3.0.0-RELEASE.jar!/com/yonyou/iuap/persistence/jdbc/framework/JdbcSession$3.class], URL [jar:file:/D:/devtool/repository/Maven/Maven3.2.2/local/repo/com/yonyou/iuap/iuap-jdbc/3.0.0-RELEASE/iuap-jdbc-3.0.0-RELEASE.jar!/com/yonyou/iuap/persistence/jdbc/framework/JdbcSession$4.class], URL [jar:file:/D:/devtool/repository/Maven/Maven3.2.2/local/repo/com/yonyou/iuap/iuap-jdbc/3.0.0-RELEASE/iuap-jdbc-3.0.0-RELEASE.jar!/com/yonyou/iuap/persistence/jdbc/framework/JdbcSession$5.class], URL [jar:file:/D:/devtool/repository/Maven/Maven3.2.2/local/repo/com/yonyou/iuap/iuap-jdbc/3.0.0-RELEASE/iuap-jdbc-3.0.0-RELEASE.jar!/com/yonyou/iuap/persistence/jdbc/framework/JdbcSession.class], URL [jar:file:/D:/devtool/repository/Maven/Maven3.2.2/local/repo/com/yonyou/iuap/iuap-jdbc/3.0.0-RELEASE/iuap-jdbc-3.0.0-RELEASE.jar!/com/yonyou/iuap/persistence/jdbc/framework/mapping/AttributeMapping.class], URL [jar:file:/D:/devtool/repository/Maven/Maven3.2.2/local/repo/com/yonyou/iuap/iuap-jdbc/3.0.0-RELEASE/iuap-jdbc-3.0.0-RELEASE.jar!/com/yonyou/iuap/persistence/jdbc/framework/mapping/BeanMapping.class], URL [jar:file:/D:/devtool/repository/Maven/Maven3.2.2/local/repo/com/yonyou/iuap/iuap-jdbc/3.0.0-RELEASE/iuap-jdbc-3.0.0-RELEASE.jar!/com/yonyou/iuap/persistence/jdbc/framework/mapping/ext/JoinQueryMappingMetaWrapper.class], URL [jar:file:/D:/devtool/repository/Maven/Maven3.2.2/local/repo/com/yonyou/iuap/iuap-jdbc/3.0.0-RELEASE/iuap-jdbc-3.0.0-RELEASE.jar!/com/yonyou/iuap/persistence/jdbc/framework/mapping/IAttributeMapping.class], URL [jar:file:/D:/devtool/repository/Maven/Maven3.2.2/local/repo/com/yonyou/iuap/iuap-jdbc/3.0.0-RELEASE/iuap-jdbc-3.0.0-RELEASE.jar!/com/yonyou/iuap/persistence/jdbc/framework/mapping/IMappingMeta.class], URL [jar:file:/D:/devtool/repository/Maven/Maven3.2.2/local/repo/com/yonyou/iuap/iuap-jdbc/3.0.0-RELEASE/iuap-jdbc-3.0.0-RELEASE.jar!/com/yonyou/iuap/persistence/jdbc/framework/mapping/MappingMeta.class], URL [jar:file:/D:/devtool/repository/Maven/Maven3.2.2/local/repo/com/yonyou/iuap/iuap-jdbc/3.0.0-RELEASE/iuap-jdbc-3.0.0-RELEASE.jar!/com/yonyou/iuap/persistence/jdbc/framework/mapping/MappingMetaManager.class], URL [jar:file:/D:/devtool/repository/Maven/Maven3.2.2/local/repo/com/yonyou/iuap/iuap-jdbc/3.0.0-RELEASE/iuap-jdbc-3.0.0-RELEASE.jar!/com/yonyou/iuap/persistence/jdbc/framework/orm/IPersistenceObject.class], URL [jar:file:/D:/devtool/repository/Maven/Maven3.2.2/local/repo/com/yonyou/iuap/iuap-jdbc/3.0.0-RELEASE/iuap-jdbc-3.0.0-RELEASE.jar!/com/yonyou/iuap/persistence/jdbc/framework/orm/MappingHelper.class], URL [jar:file:/D:/devtool/repository/Maven/Maven3.2.2/local/repo/com/yonyou/iuap/iuap-jdbc/3.0.0-RELEASE/iuap-jdbc-3.0.0-RELEASE.jar!/com/yonyou/iuap/persistence/jdbc/framework/orm/OperatorWrapper.class], URL [jar:file:/D:/devtool/repository/Maven/Maven3.2.2/local/repo/com/yonyou/iuap/iuap-jdbc/3.0.0-RELEASE/iuap-jdbc-3.0.0-RELEASE.jar!/com/yonyou/iuap/persistence/jdbc/framework/orm/ORMCache.class], URL [jar:file:/D:/devtool/repository/Maven/Maven3.2.2/local/repo/com/yonyou/iuap/iuap-jdbc/3.0.0-RELEASE/iuap-jdbc-3.0.0-RELEASE.jar!/com/yonyou/iuap/persistence/jdbc/framework/orm/ORMColumnInfo.class], URL [jar:file:/D:/devtool/repository/Maven/Maven3.2.2/local/repo/com/yonyou/iuap/iuap-jdbc/3.0.0-RELEASE/iuap-jdbc-3.0.0-RELEASE.jar!/com/yonyou/iuap/persistence/jdbc/framework/page/DB2LimitSQLBuilder.class], URL [jar:file:/D:/devtool/repository/Maven/Maven3.2.2/local/repo/com/yonyou/iuap/iuap-jdbc/3.0.0-RELEASE/iuap-jdbc-3.0.0-RELEASE.jar!/com/yonyou/iuap/persistence/jdbc/framework/page/GbaseLimitSQLBuilder.class], URL [jar:file:/D:/devtool/repository/Maven/Maven3.2.2/local/repo/com/yonyou/iuap/iuap-jdbc/3.0.0-RELEASE/iuap-jdbc-3.0.0-RELEASE.jar!/com/yonyou/iuap/persistence/jdbc/framework/page/LimitSQLBuilder.class], URL [jar:file:/D:/devtool/repository/Maven/Maven3.2.2/local/repo/com/yonyou/iuap/iuap-jdbc/3.0.0-RELEASE/iuap-jdbc-3.0.0-RELEASE.jar!/com/yonyou/iuap/persistence/jdbc/framework/page/MSSQLLimitSQLBuilder.class], URL [jar:file:/D:/devtool/repository/Maven/Maven3.2.2/local/repo/com/yonyou/iuap/iuap-jdbc/3.0.0-RELEASE/iuap-jdbc-3.0.0-RELEASE.jar!/com/yonyou/iuap/persistence/jdbc/framework/page/MySQLLimitSQLBuilder.class], URL [jar:file:/D:/devtool/repository/Maven/Maven3.2.2/local/repo/com/yonyou/iuap/iuap-jdbc/3.0.0-RELEASE/iuap-jdbc-3.0.0-RELEASE.jar!/com/yonyou/iuap/persistence/jdbc/framework/page/OracleLimitSQLBuilder.class], URL [jar:file:/D:/devtool/repository/Maven/Maven3.2.2/local/repo/com/yonyou/iuap/iuap-jdbc/3.0.0-RELEASE/iuap-jdbc-3.0.0-RELEASE.jar!/com/yonyou/iuap/persistence/jdbc/framework/page/OscarLimitSQLBuilder.class], URL [jar:file:/D:/devtool/repository/Maven/Maven3.2.2/local/repo/com/yonyou/iuap/iuap-jdbc/3.0.0-RELEASE/iuap-jdbc-3.0.0-RELEASE.jar!/com/yonyou/iuap/persistence/jdbc/framework/page/PageQuery.class], URL [jar:file:/D:/devtool/repository/Maven/Maven3.2.2/local/repo/com/yonyou/iuap/iuap-jdbc/3.0.0-RELEASE/iuap-jdbc-3.0.0-RELEASE.jar!/com/yonyou/iuap/persistence/jdbc/framework/page/PostgresqlLimitSQLBuilder.class], URL [jar:file:/D:/devtool/repository/Maven/Maven3.2.2/local/repo/com/yonyou/iuap/iuap-jdbc/3.0.0-RELEASE/iuap-jdbc-3.0.0-RELEASE.jar!/com/yonyou/iuap/persistence/jdbc/framework/page/SQLBuilderFactory.class], URL [jar:file:/D:/devtool/repository/Maven/Maven3.2.2/local/repo/com/yonyou/iuap/iuap-jdbc/3.0.0-RELEASE/iuap-jdbc-3.0.0-RELEASE.jar!/com/yonyou/iuap/persistence/jdbc/framework/processor/ArrayListProcessor.class], URL [jar:file:/D:/devtool/repository/Maven/Maven3.2.2/local/repo/com/yonyou/iuap/iuap-jdbc/3.0.0-RELEASE/iuap-jdbc-3.0.0-RELEASE.jar!/com/yonyou/iuap/persistence/jdbc/framework/processor/ArrayProcessor.class], URL [jar:file:/D:/devtool/repository/Maven/Maven3.2.2/local/repo/com/yonyou/iuap/iuap-jdbc/3.0.0-RELEASE/iuap-jdbc-3.0.0-RELEASE.jar!/com/yonyou/iuap/persistence/jdbc/framework/processor/BaseProcessor.class], URL [jar:file:/D:/devtool/repository/Maven/Maven3.2.2/local/repo/com/yonyou/iuap/iuap-jdbc/3.0.0-RELEASE/iuap-jdbc-3.0.0-RELEASE.jar!/com/yonyou/iuap/persistence/jdbc/framework/processor/BeanInitFactory$1.class], URL [jar:file:/D:/devtool/repository/Maven/Maven3.2.2/local/repo/com/yonyou/iuap/iuap-jdbc/3.0.0-RELEASE/iuap-jdbc-3.0.0-RELEASE.jar!/com/yonyou/iuap/persistence/jdbc/framework/processor/BeanInitFactory.class], URL [jar:file:/D:/devtool/repository/Maven/Maven3.2.2/local/repo/com/yonyou/iuap/iuap-jdbc/3.0.0-RELEASE/iuap-jdbc-3.0.0-RELEASE.jar!/com/yonyou/iuap/persistence/jdbc/framework/processor/BeanInitlizer.class], URL [jar:file:/D:/devtool/repository/Maven/Maven3.2.2/local/repo/com/yonyou/iuap/iuap-jdbc/3.0.0-RELEASE/iuap-jdbc-3.0.0-RELEASE.jar!/com/yonyou/iuap/persistence/jdbc/framework/processor/BeanInitlizerImpl.class], URL [jar:file:/D:/devtool/repository/Maven/Maven3.2.2/local/repo/com/yonyou/iuap/iuap-jdbc/3.0.0-RELEASE/iuap-jdbc-3.0.0-RELEASE.jar!/com/yonyou/iuap/persistence/jdbc/framework/processor/BeanListProcessor.class], URL [jar:file:/D:/devtool/repository/Maven/Maven3.2.2/local/repo/com/yonyou/iuap/iuap-jdbc/3.0.0-RELEASE/iuap-jdbc-3.0.0-RELEASE.jar!/com/yonyou/iuap/persistence/jdbc/framework/processor/BeanPagedListProcessor.class], URL [jar:file:/D:/devtool/repository/Maven/Maven3.2.2/local/repo/com/yonyou/iuap/iuap-jdbc/3.0.0-RELEASE/iuap-jdbc-3.0.0-RELEASE.jar!/com/yonyou/iuap/persistence/jdbc/framework/processor/BeanProcessor.class], URL [jar:file:/D:/devtool/repository/Maven/Maven3.2.2/local/repo/com/yonyou/iuap/iuap-jdbc/3.0.0-RELEASE/iuap-jdbc-3.0.0-RELEASE.jar!/com/yonyou/iuap/persistence/jdbc/framework/processor/ColumnListProcessor.class], URL [jar:file:/D:/devtool/repository/Maven/Maven3.2.2/local/repo/com/yonyou/iuap/iuap-jdbc/3.0.0-RELEASE/iuap-jdbc-3.0.0-RELEASE.jar!/com/yonyou/iuap/persistence/jdbc/framework/processor/ColumnProcessor.class], URL [jar:file:/D:/devtool/repository/Maven/Maven3.2.2/local/repo/com/yonyou/iuap/iuap-jdbc/3.0.0-RELEASE/iuap-jdbc-3.0.0-RELEASE.jar!/com/yonyou/iuap/persistence/jdbc/framework/processor/CSVProcessor.class], URL [jar:file:/D:/devtool/repository/Maven/Maven3.2.2/local/repo/com/yonyou/iuap/iuap-jdbc/3.0.0-RELEASE/iuap-jdbc-3.0.0-RELEASE.jar!/com/yonyou/iuap/persistence/jdbc/framework/processor/JSONProcessor.class], URL [jar:file:/D:/devtool/repository/Maven/Maven3.2.2/local/repo/com/yonyou/iuap/iuap-jdbc/3.0.0-RELEASE/iuap-jdbc-3.0.0-RELEASE.jar!/com/yonyou/iuap/persistence/jdbc/framework/processor/JSONSerializer.class], URL [jar:file:/D:/devtool/repository/Maven/Maven3.2.2/local/repo/com/yonyou/iuap/iuap-jdbc/3.0.0-RELEASE/iuap-jdbc-3.0.0-RELEASE.jar!/com/yonyou/iuap/persistence/jdbc/framework/processor/lazy/AbstractLazyCallback.class], URL [jar:file:/D:/devtool/repository/Maven/Maven3.2.2/local/repo/com/yonyou/iuap/iuap-jdbc/3.0.0-RELEASE/iuap-jdbc-3.0.0-RELEASE.jar!/com/yonyou/iuap/persistence/jdbc/framework/processor/lazy/ChildEnum.class], URL [jar:file:/D:/devtool/repository/Maven/Maven3.2.2/local/repo/com/yonyou/iuap/iuap-jdbc/3.0.0-RELEASE/iuap-jdbc-3.0.0-RELEASE.jar!/com/yonyou/iuap/persistence/jdbc/framework/processor/lazy/DefaultLazyCallbackFinder$1.class], URL [jar:file:/D:/devtool/repository/Maven/Maven3.2.2/local/repo/com/yonyou/iuap/iuap-jdbc/3.0.0-RELEASE/iuap-jdbc-3.0.0-RELEASE.jar!/com/yonyou/iuap/persistence/jdbc/framework/processor/lazy/DefaultLazyCallbackFinder$InnerInstance.class], URL [jar:file:/D:/devtool/repository/Maven/Maven3.2.2/local/repo/com/yonyou/iuap/iuap-jdbc/3.0.0-RELEASE/iuap-jdbc-3.0.0-RELEASE.jar!/com/yonyou/iuap/persistence/jdbc/framework/processor/lazy/DefaultLazyCallbackFinder.class], URL [jar:file:/D:/devtool/repository/Maven/Maven3.2.2/local/repo/com/yonyou/iuap/iuap-jdbc/3.0.0-RELEASE/iuap-jdbc-3.0.0-RELEASE.jar!/com/yonyou/iuap/persistence/jdbc/framework/processor/lazy/impl/ListLazyCallback.class], URL [jar:file:/D:/devtool/repository/Maven/Maven3.2.2/local/repo/com/yonyou/iuap/iuap-jdbc/3.0.0-RELEASE/iuap-jdbc-3.0.0-RELEASE.jar!/com/yonyou/iuap/persistence/jdbc/framework/processor/lazy/impl/RefLazyCallback.class], URL [jar:file:/D:/devtool/repository/Maven/Maven3.2.2/local/repo/com/yonyou/iuap/iuap-jdbc/3.0.0-RELEASE/iuap-jdbc-3.0.0-RELEASE.jar!/com/yonyou/iuap/persistence/jdbc/framework/processor/lazy/LazyCallbackFactory$1.class], URL [jar:file:/D:/devtool/repository/Maven/Maven3.2.2/local/repo/com/yonyou/iuap/iuap-jdbc/3.0.0-RELEASE/iuap-jdbc-3.0.0-RELEASE.jar!/com/yonyou/iuap/persistence/jdbc/framework/processor/lazy/LazyCallbackFactory.class], URL [jar:file:/D:/devtool/repository/Maven/Maven3.2.2/local/repo/com/yonyou/iuap/iuap-jdbc/3.0.0-RELEASE/iuap-jdbc-3.0.0-RELEASE.jar!/com/yonyou/iuap/persistence/jdbc/framework/processor/lazy/LazyCallbackFinder.class], URL [jar:file:/D:/devtool/repository/Maven/Maven3.2.2/local/repo/com/yonyou/iuap/iuap-jdbc/3.0.0-RELEASE/iuap-jdbc-3.0.0-RELEASE.jar!/com/yonyou/iuap/persistence/jdbc/framework/processor/lazy/LazyContextParam.class], URL [jar:file:/D:/devtool/repository/Maven/Maven3.2.2/local/repo/com/yonyou/iuap/iuap-jdbc/3.0.0-RELEASE/iuap-jdbc-3.0.0-RELEASE.jar!/com/yonyou/iuap/persistence/jdbc/framework/processor/lazy/LazyCreator.class], URL [jar:file:/D:/devtool/repository/Maven/Maven3.2.2/local/repo/com/yonyou/iuap/iuap-jdbc/3.0.0-RELEASE/iuap-jdbc-3.0.0-RELEASE.jar!/com/yonyou/iuap/persistence/jdbc/framework/processor/lazy/UAPLazyLoader.class], URL [jar:file:/D:/devtool/repository/Maven/Maven3.2.2/local/repo/com/yonyou/iuap/iuap-jdbc/3.0.0-RELEASE/iuap-jdbc-3.0.0-RELEASE.jar!/com/yonyou/iuap/persistence/jdbc/framework/processor/MapListProcessor.class], URL [jar:file:/D:/devtool/repository/Maven/Maven3.2.2/local/repo/com/yonyou/iuap/iuap-jdbc/3.0.0-RELEASE/iuap-jdbc-3.0.0-RELEASE.jar!/com/yonyou/iuap/persistence/jdbc/framework/processor/MapProcessor.class], URL [jar:file:/D:/devtool/repository/Maven/Maven3.2.2/local/repo/com/yonyou/iuap/iuap-jdbc/3.0.0-RELEASE/iuap-jdbc-3.0.0-RELEASE.jar!/com/yonyou/iuap/persistence/jdbc/framework/processor/OutputStreamProcessor.class], URL [jar:file:/D:/devtool/repository/Maven/Maven3.2.2/local/repo/com/yonyou/iuap/iuap-jdbc/3.0.0-RELEASE/iuap-jdbc-3.0.0-RELEASE.jar!/com/yonyou/iuap/persistence/jdbc/framework/processor/ProcessorUtils$1.class], URL [jar:file:/D:/devtool/repository/Maven/Maven3.2.2/local/repo/com/yonyou/iuap/iuap-jdbc/3.0.0-RELEASE/iuap-jdbc-3.0.0-RELEASE.jar!/com/yonyou/iuap/persistence/jdbc/framework/processor/ProcessorUtils$MethodAndTypes.class], URL [jar:file:/D:/devtool/repository/Maven/Maven3.2.2/local/repo/com/yonyou/iuap/iuap-jdbc/3.0.0-RELEASE/iuap-jdbc-3.0.0-RELEASE.jar!/com/yonyou/iuap/persistence/jdbc/framework/processor/ProcessorUtils.class], URL [jar:file:/D:/devtool/repository/Maven/Maven3.2.2/local/repo/com/yonyou/iuap/iuap-jdbc/3.0.0-RELEASE/iuap-jdbc-3.0.0-RELEASE.jar!/com/yonyou/iuap/persistence/jdbc/framework/processor/ResultSetProcessor.class], URL [jar:file:/D:/devtool/repository/Maven/Maven3.2.2/local/repo/com/yonyou/iuap/iuap-jdbc/3.0.0-RELEASE/iuap-jdbc-3.0.0-RELEASE.jar!/com/yonyou/iuap/persistence/jdbc/framework/processor/TableModelProcessor.class], URL [jar:file:/D:/devtool/repository/Maven/Maven3.2.2/local/repo/com/yonyou/iuap/iuap-jdbc/3.0.0-RELEASE/iuap-jdbc-3.0.0-RELEASE.jar!/com/yonyou/iuap/persistence/jdbc/framework/processor/VectorProcessor.class], URL [jar:file:/D:/devtool/repository/Maven/Maven3.2.2/local/repo/com/yonyou/iuap/iuap-jdbc/3.0.0-RELEASE/iuap-jdbc-3.0.0-RELEASE.jar!/com/yonyou/iuap/persistence/jdbc/framework/processor/XMLProcessor.class], URL [jar:file:/D:/devtool/repository/Maven/Maven3.2.2/local/repo/com/yonyou/iuap/iuap-jdbc/3.0.0-RELEASE/iuap-jdbc-3.0.0-RELEASE.jar!/com/yonyou/iuap/persistence/jdbc/framework/SQLParameter.class], URL [jar:file:/D:/devtool/repository/Maven/Maven3.2.2/local/repo/com/yonyou/iuap/iuap-jdbc/3.0.0-RELEASE/iuap-jdbc-3.0.0-RELEASE.jar!/com/yonyou/iuap/persistence/jdbc/framework/type/BlobObject.class], URL [jar:file:/D:/devtool/repository/Maven/Maven3.2.2/local/repo/com/yonyou/iuap/iuap-jdbc/3.0.0-RELEASE/iuap-jdbc-3.0.0-RELEASE.jar!/com/yonyou/iuap/persistence/jdbc/framework/type/BlobParamType.class], URL [jar:file:/D:/devtool/repository/Maven/Maven3.2.2/local/repo/com/yonyou/iuap/iuap-jdbc/3.0.0-RELEASE/iuap-jdbc-3.0.0-RELEASE.jar!/com/yonyou/iuap/persistence/jdbc/framework/type/ClobParamType.class], URL [jar:file:/D:/devtool/repository/Maven/Maven3.2.2/local/repo/com/yonyou/iuap/iuap-jdbc/3.0.0-RELEASE/iuap-jdbc-3.0.0-RELEASE.jar!/com/yonyou/iuap/persistence/jdbc/framework/type/EntityType.class], URL [jar:file:/D:/devtool/repository/Maven/Maven3.2.2/local/repo/com/yonyou/iuap/iuap-jdbc/3.0.0-RELEASE/iuap-jdbc-3.0.0-RELEASE.jar!/com/yonyou/iuap/persistence/jdbc/framework/type/NullParamType.class], URL [jar:file:/D:/devtool/repository/Maven/Maven3.2.2/local/repo/com/yonyou/iuap/iuap-jdbc/3.0.0-RELEASE/iuap-jdbc-3.0.0-RELEASE.jar!/com/yonyou/iuap/persistence/jdbc/framework/type/SQLParamType.class], URL [jar:file:/D:/devtool/repository/Maven/Maven3.2.2/local/repo/com/yonyou/iuap/iuap-jdbc/3.0.0-RELEASE/iuap-jdbc-3.0.0-RELEASE.jar!/com/yonyou/iuap/persistence/jdbc/framework/type/SQLTypeFactory.class], URL [jar:file:/D:/devtool/repository/Maven/Maven3.2.2/local/repo/com/yonyou/iuap/iuap-jdbc/3.0.0-RELEASE/iuap-jdbc-3.0.0-RELEASE.jar!/com/yonyou/iuap/persistence/jdbc/framework/util/BigDecimalConverter.class], URL [jar:file:/D:/devtool/repository/Maven/Maven3.2.2/local/repo/com/yonyou/iuap/iuap-jdbc/3.0.0-RELEASE/iuap-jdbc-3.0.0-RELEASE.jar!/com/yonyou/iuap/persistence/jdbc/framework/util/BigIntegerConverter.class], URL [jar:file:/D:/devtool/repository/Maven/Maven3.2.2/local/repo/com/yonyou/iuap/iuap-jdbc/3.0.0-RELEASE/iuap-jdbc-3.0.0-RELEASE.jar!/com/yonyou/iuap/persistence/jdbc/framework/util/BlobConvertor.class], URL [jar:file:/D:/devtool/repository/Maven/Maven3.2.2/local/repo/com/yonyou/iuap/iuap-jdbc/3.0.0-RELEASE/iuap-jdbc-3.0.0-RELEASE.jar!/com/yonyou/iuap/persistence/jdbc/framework/util/BooleanConverter.class], URL [jar:file:/D:/devtool/repository/Maven/Maven3.2.2/local/repo/com/yonyou/iuap/iuap-jdbc/3.0.0-RELEASE/iuap-jdbc-3.0.0-RELEASE.jar!/com/yonyou/iuap/persistence/jdbc/framework/util/CacheKey.class], URL [jar:file:/D:/devtool/repository/Maven/Maven3.2.2/local/repo/com/yonyou/iuap/iuap-jdbc/3.0.0-RELEASE/iuap-jdbc-3.0.0-RELEASE.jar!/com/yonyou/iuap/persistence/jdbc/framework/util/CalenderConvertor.class], URL [jar:file:/D:/devtool/repository/Maven/Maven3.2.2/local/repo/com/yonyou/iuap/iuap-jdbc/3.0.0-RELEASE/iuap-jdbc-3.0.0-RELEASE.jar!/com/yonyou/iuap/persistence/jdbc/framework/util/ConverterManager.class], URL [jar:file:/D:/devtool/repository/Maven/Maven3.2.2/local/repo/com/yonyou/iuap/iuap-jdbc/3.0.0-RELEASE/iuap-jdbc-3.0.0-RELEASE.jar!/com/yonyou/iuap/persistence/jdbc/framework/util/DBConsts.class], URL [jar:file:/D:/devtool/repository/Maven/Maven3.2.2/local/repo/com/yonyou/iuap/iuap-jdbc/3.0.0-RELEASE/iuap-jdbc-3.0.0-RELEASE.jar!/com/yonyou/iuap/persistence/jdbc/framework/util/DBUtil.class], URL [jar:file:/D:/devtool/repository/Maven/Maven3.2.2/local/repo/com/yonyou/iuap/iuap-jdbc/3.0.0-RELEASE/iuap-jdbc-3.0.0-RELEASE.jar!/com/yonyou/iuap/persistence/jdbc/framework/util/DoubleConverter.class], URL [jar:file:/D:/devtool/repository/Maven/Maven3.2.2/local/repo/com/yonyou/iuap/iuap-jdbc/3.0.0-RELEASE/iuap-jdbc-3.0.0-RELEASE.jar!/com/yonyou/iuap/persistence/jdbc/framework/util/EncodingUtils.class], URL [jar:file:/D:/devtool/repository/Maven/Maven3.2.2/local/repo/com/yonyou/iuap/iuap-jdbc/3.0.0-RELEASE/iuap-jdbc-3.0.0-RELEASE.jar!/com/yonyou/iuap/persistence/jdbc/framework/util/FastBeanHelper$AnnotationInfo.class], URL [jar:file:/D:/devtool/repository/Maven/Maven3.2.2/local/repo/com/yonyou/iuap/iuap-jdbc/3.0.0-RELEASE/iuap-jdbc-3.0.0-RELEASE.jar!/com/yonyou/iuap/persistence/jdbc/framework/util/FastBeanHelper$PropDescriptor.class], URL [jar:file:/D:/devtool/repository/Maven/Maven3.2.2/local/repo/com/yonyou/iuap/iuap-jdbc/3.0.0-RELEASE/iuap-jdbc-3.0.0-RELEASE.jar!/com/yonyou/iuap/persistence/jdbc/framework/util/FastBeanHelper$ReflectionInfo.class], URL [jar:file:/D:/devtool/repository/Maven/Maven3.2.2/local/repo/com/yonyou/iuap/iuap-jdbc/3.0.0-RELEASE/iuap-jdbc-3.0.0-RELEASE.jar!/com/yonyou/iuap/persistence/jdbc/framework/util/FastBeanHelper.class], URL [jar:file:/D:/devtool/repository/Maven/Maven3.2.2/local/repo/com/yonyou/iuap/iuap-jdbc/3.0.0-RELEASE/iuap-jdbc-3.0.0-RELEASE.jar!/com/yonyou/iuap/persistence/jdbc/framework/util/InOutUtil.class], URL [jar:file:/D:/devtool/repository/Maven/Maven3.2.2/local/repo/com/yonyou/iuap/iuap-jdbc/3.0.0-RELEASE/iuap-jdbc-3.0.0-RELEASE.jar!/com/yonyou/iuap/persistence/jdbc/framework/util/LRUCache$LRUMap.class], URL [jar:file:/D:/devtool/repository/Maven/Maven3.2.2/local/repo/com/yonyou/iuap/iuap-jdbc/3.0.0-RELEASE/iuap-jdbc-3.0.0-RELEASE.jar!/com/yonyou/iuap/persistence/jdbc/framework/util/LRUCache.class], URL [jar:file:/D:/devtool/repository/Maven/Maven3.2.2/local/repo/com/yonyou/iuap/iuap-jdbc/3.0.0-RELEASE/iuap-jdbc-3.0.0-RELEASE.jar!/com/yonyou/iuap/persistence/jdbc/framework/util/MRUCache.class], URL [jar:file:/D:/devtool/repository/Maven/Maven3.2.2/local/repo/com/yonyou/iuap/iuap-jdbc/3.0.0-RELEASE/iuap-jdbc-3.0.0-RELEASE.jar!/com/yonyou/iuap/persistence/jdbc/framework/util/ObjectConvertor.class], URL [jar:file:/D:/devtool/repository/Maven/Maven3.2.2/local/repo/com/yonyou/iuap/iuap-jdbc/3.0.0-RELEASE/iuap-jdbc-3.0.0-RELEASE.jar!/com/yonyou/iuap/persistence/jdbc/framework/util/ParamHandler.class], URL [jar:file:/D:/devtool/repository/Maven/Maven3.2.2/local/repo/com/yonyou/iuap/iuap-jdbc/3.0.0-RELEASE/iuap-jdbc-3.0.0-RELEASE.jar!/com/yonyou/iuap/persistence/jdbc/framework/util/ReadWriteLock.class], URL [jar:file:/D:/devtool/repository/Maven/Maven3.2.2/local/repo/com/yonyou/iuap/iuap-jdbc/3.0.0-RELEASE/iuap-jdbc-3.0.0-RELEASE.jar!/com/yonyou/iuap/persistence/jdbc/framework/util/SQLHelper.class], URL [jar:file:/D:/devtool/repository/Maven/Maven3.2.2/local/repo/com/yonyou/iuap/iuap-jdbc/3.0.0-RELEASE/iuap-jdbc-3.0.0-RELEASE.jar!/com/yonyou/iuap/persistence/jdbc/framework/util/StopWatch.class], URL [jar:file:/D:/devtool/repository/Maven/Maven3.2.2/local/repo/com/yonyou/iuap/iuap-jdbc/3.0.0-RELEASE/iuap-jdbc-3.0.0-RELEASE.jar!/com/yonyou/iuap/persistence/jdbc/framework/util/StringArrayConverter.class], URL [jar:file:/D:/devtool/repository/Maven/Maven3.2.2/local/repo/com/yonyou/iuap/iuap-jdbc/3.0.0-RELEASE/iuap-jdbc-3.0.0-RELEASE.jar!/com/yonyou/iuap/persistence/jdbc/framework/util/StringConvertor.class], URL [jar:file:/D:/devtool/repository/Maven/Maven3.2.2/local/repo/com/yonyou/iuap/iuap-jdbc/3.0.0-RELEASE/iuap-jdbc-3.0.0-RELEASE.jar!/com/yonyou/iuap/persistence/jdbc/framework/util/SyncMapDecorator.class], URL [jar:file:/D:/devtool/repository/Maven/Maven3.2.2/local/repo/com/yonyou/iuap/iuap-jdbc/3.0.0-RELEASE/iuap-jdbc-3.0.0-RELEASE.jar!/com/yonyou/iuap/persistence/jdbc/framework/util/XMLUtils.class], URL [jar:file:/D:/devtool/repository/Maven/Maven3.2.2/local/repo/com/yonyou/iuap/iuap-jdbc/3.0.0-RELEASE/iuap-jdbc-3.0.0-RELEASE.jar!/com/yonyou/iuap/persistence/vo/pub/AggregatedValueObject.class], URL [jar:file:/D:/devtool/repository/Maven/Maven3.2.2/local/repo/com/yonyou/iuap/iuap-jdbc/3.0.0-RELEASE/iuap-jdbc-3.0.0-RELEASE.jar!/com/yonyou/iuap/persistence/vo/pub/AggregatedVO.class], URL [jar:file:/D:/devtool/repository/Maven/Maven3.2.2/local/repo/com/yonyou/iuap/iuap-jdbc/3.0.0-RELEASE/iuap-jdbc-3.0.0-RELEASE.jar!/com/yonyou/iuap/persistence/vo/pub/BusinessException.class], URL [jar:file:/D:/devtool/repository/Maven/Maven3.2.2/local/repo/com/yonyou/iuap/iuap-jdbc/3.0.0-RELEASE/iuap-jdbc-3.0.0-RELEASE.jar!/com/yonyou/iuap/persistence/vo/pub/BusinessRuntimeException.class], URL [jar:file:/D:/devtool/repository/Maven/Maven3.2.2/local/repo/com/yonyou/iuap/iuap-jdbc/3.0.0-RELEASE/iuap-jdbc-3.0.0-RELEASE.jar!/com/yonyou/iuap/persistence/vo/pub/CircularlyAccessibleValueObject.class], URL [jar:file:/D:/devtool/repository/Maven/Maven3.2.2/local/repo/com/yonyou/iuap/iuap-jdbc/3.0.0-RELEASE/iuap-jdbc-3.0.0-RELEASE.jar!/com/yonyou/iuap/persistence/vo/pub/ExtendedAggregatedValueObject.class], URL [jar:file:/D:/devtool/repository/Maven/Maven3.2.2/local/repo/com/yonyou/iuap/iuap-jdbc/3.0.0-RELEASE/iuap-jdbc-3.0.0-RELEASE.jar!/com/yonyou/iuap/persistence/vo/pub/FieldHelper.class], URL [jar:file:/D:/devtool/repository/Maven/Maven3.2.2/local/repo/com/yonyou/iuap/iuap-jdbc/3.0.0-RELEASE/iuap-jdbc-3.0.0-RELEASE.jar!/com/yonyou/iuap/persistence/vo/pub/FieldObject.class], URL [jar:file:/D:/devtool/repository/Maven/Maven3.2.2/local/repo/com/yonyou/iuap/iuap-jdbc/3.0.0-RELEASE/iuap-jdbc-3.0.0-RELEASE.jar!/com/yonyou/iuap/persistence/vo/pub/format/AbstractFormat.class], URL [jar:file:/D:/devtool/repository/Maven/Maven3.2.2/local/repo/com/yonyou/iuap/iuap-jdbc/3.0.0-RELEASE/iuap-jdbc-3.0.0-RELEASE.jar!/com/yonyou/iuap/persistence/vo/pub/format/AbstractReplaceFormat.class], URL [jar:file:/D:/devtool/repository/Maven/Maven3.2.2/local/repo/com/yonyou/iuap/iuap-jdbc/3.0.0-RELEASE/iuap-jdbc-3.0.0-RELEASE.jar!/com/yonyou/iuap/persistence/vo/pub/format/AbstractSplitFormat.class], URL [jar:file:/D:/devtool/repository/Maven/Maven3.2.2/local/repo/com/yonyou/iuap/iuap-jdbc/3.0.0-RELEASE/iuap-jdbc-3.0.0-RELEASE.jar!/com/yonyou/iuap/persistence/vo/pub/format/AddressFormat$1.class], URL [jar:file:/D:/devtool/repository/Maven/Maven3.2.2/local/repo/com/yonyou/iuap/iuap-jdbc/3.0.0-RELEASE/iuap-jdbc-3.0.0-RELEASE.jar!/com/yonyou/iuap/persistence/vo/pub/format/AddressFormat$2.class], URL [jar:file:/D:/devtool/repository/Maven/Maven3.2.2/local/repo/com/yonyou/iuap/iuap-jdbc/3.0.0-RELEASE/iuap-jdbc-3.0.0-RELEASE.jar!/com/yonyou/iuap/persistence/vo/pub/format/AddressFormat$3.class], URL [jar:file:/D:/devtool/repository/Maven/Maven3.2.2/local/repo/com/yonyou/iuap/iuap-jdbc/3.0.0-RELEASE/iuap-jdbc-3.0.0-RELEASE.jar!/com/yonyou/iuap/persistence/vo/pub/format/AddressFormat$4.class], URL [jar:file:/D:/devtool/repository/Maven/Maven3.2.2/local/repo/com/yonyou/iuap/iuap-jdbc/3.0.0-RELEASE/iuap-jdbc-3.0.0-RELEASE.jar!/com/yonyou/iuap/persistence/vo/pub/format/AddressFormat$5.class], URL [jar:file:/D:/devtool/repository/Maven/Maven3.2.2/local/repo/com/yonyou/iuap/iuap-jdbc/3.0.0-RELEASE/iuap-jdbc-3.0.0-RELEASE.jar!/com/yonyou/iuap/persistence/vo/pub/format/AddressFormat$6.class], URL [jar:file:/D:/devtool/repository/Maven/Maven3.2.2/local/repo/com/yonyou/iuap/iuap-jdbc/3.0.0-RELEASE/iuap-jdbc-3.0.0-RELEASE.jar!/com/yonyou/iuap/persistence/vo/pub/format/AddressFormat.class], URL [jar:file:/D:/devtool/repository/Maven/Maven3.2.2/local/repo/com/yonyou/iuap/iuap-jdbc/3.0.0-RELEASE/iuap-jdbc-3.0.0-RELEASE.jar!/com/yonyou/iuap/persistence/vo/pub/format/AddressObject.class], URL [jar:file:/D:/devtool/repository/Maven/Maven3.2.2/local/repo/com/yonyou/iuap/iuap-jdbc/3.0.0-RELEASE/iuap-jdbc-3.0.0-RELEASE.jar!/com/yonyou/iuap/persistence/vo/pub/format/CurrencyObject.class], URL [jar:file:/D:/devtool/repository/Maven/Maven3.2.2/local/repo/com/yonyou/iuap/iuap-jdbc/3.0.0-RELEASE/iuap-jdbc-3.0.0-RELEASE.jar!/com/yonyou/iuap/persistence/vo/pub/format/DefaultAddressObject.class], URL [jar:file:/D:/devtool/repository/Maven/Maven3.2.2/local/repo/com/yonyou/iuap/iuap-jdbc/3.0.0-RELEASE/iuap-jdbc-3.0.0-RELEASE.jar!/com/yonyou/iuap/persistence/vo/pub/format/exception/FormatException.class], URL [jar:file:/D:/devtool/repository/Maven/Maven3.2.2/local/repo/com/yonyou/iuap/iuap-jdbc/3.0.0-RELEASE/iuap-jdbc-3.0.0-RELEASE.jar!/com/yonyou/iuap/persistence/vo/pub/format/FormatResult.class], URL [jar:file:/D:/devtool/repository/Maven/Maven3.2.2/local/repo/com/yonyou/iuap/iuap-jdbc/3.0.0-RELEASE/iuap-jdbc-3.0.0-RELEASE.jar!/com/yonyou/iuap/persistence/vo/pub/format/IElement.class], URL [jar:file:/D:/devtool/repository/Maven/Maven3.2.2/local/repo/com/yonyou/iuap/iuap-jdbc/3.0.0-RELEASE/iuap-jdbc-3.0.0-RELEASE.jar!/com/yonyou/iuap/persistence/vo/pub/format/IFormat.class], URL [jar:file:/D:/devtool/repository/Maven/Maven3.2.2/local/repo/com/yonyou/iuap/iuap-jdbc/3.0.0-RELEASE/iuap-jdbc-3.0.0-RELEASE.jar!/com/yonyou/iuap/persistence/vo/pub/format/meta/AddressFormatMeta.class], URL [jar:file:/D:/devtool/repository/Maven/Maven3.2.2/local/repo/com/yonyou/iuap/iuap-jdbc/3.0.0-RELEASE/iuap-jdbc-3.0.0-RELEASE.jar!/com/yonyou/iuap/persistence/vo/pub/format/meta/CurrencyFormatMeta.class], URL [jar:file:/D:/devtool/repository/Maven/Maven3.2.2/local/repo/com/yonyou/iuap/iuap-jdbc/3.0.0-RELEASE/iuap-jdbc-3.0.0-RELEASE.jar!/com/yonyou/iuap/persistence/vo/pub/format/meta/DateFormatMeta.class], URL [jar:file:/D:/devtool/repository/Maven/Maven3.2.2/local/repo/com/yonyou/iuap/iuap-jdbc/3.0.0-RELEASE/iuap-jdbc-3.0.0-RELEASE.jar!/com/yonyou/iuap/persistence/vo/pub/format/meta/DateTimeFormatMeta.class], URL [jar:file:/D:/devtool/repository/Maven/Maven3.2.2/local/repo/com/yonyou/iuap/iuap-jdbc/3.0.0-RELEASE/iuap-jdbc-3.0.0-RELEASE.jar!/com/yonyou/iuap/persistence/vo/pub/format/meta/NCFormatMeta.class], URL [jar:file:/D:/devtool/repository/Maven/Maven3.2.2/local/repo/com/yonyou/iuap/iuap-jdbc/3.0.0-RELEASE/iuap-jdbc-3.0.0-RELEASE.jar!/com/yonyou/iuap/persistence/vo/pub/format/meta/NumberFormatMeta.class], URL [jar:file:/D:/devtool/repository/Maven/Maven3.2.2/local/repo/com/yonyou/iuap/iuap-jdbc/3.0.0-RELEASE/iuap-jdbc-3.0.0-RELEASE.jar!/com/yonyou/iuap/persistence/vo/pub/format/meta/TimeFormatMeta.class], URL [jar:file:/D:/devtool/repository/Maven/Maven3.2.2/local/repo/com/yonyou/iuap/iuap-jdbc/3.0.0-RELEASE/iuap-jdbc-3.0.0-RELEASE.jar!/com/yonyou/iuap/persistence/vo/pub/format/StringElement.class], URL [jar:file:/D:/devtool/repository/Maven/Maven3.2.2/local/repo/com/yonyou/iuap/iuap-jdbc/3.0.0-RELEASE/iuap-jdbc-3.0.0-RELEASE.jar!/com/yonyou/iuap/persistence/vo/pub/IAttributeMeta.class], URL [jar:file:/D:/devtool/repository/Maven/Maven3.2.2/local/repo/com/yonyou/iuap/iuap-jdbc/3.0.0-RELEASE/iuap-jdbc-3.0.0-RELEASE.jar!/com/yonyou/iuap/persistence/vo/pub/IColumnMeta.class], URL [jar:file:/D:/devtool/repository/Maven/Maven3.2.2/local/repo/com/yonyou/iuap/iuap-jdbc/3.0.0-RELEASE/iuap-jdbc-3.0.0-RELEASE.jar!/com/yonyou/iuap/persistence/vo/pub/IErrorDict.class], URL [jar:file:/D:/devtool/repository/Maven/Maven3.2.2/local/repo/com/yonyou/iuap/iuap-jdbc/3.0.0-RELEASE/iuap-jdbc-3.0.0-RELEASE.jar!/com/yonyou/iuap/persistence/vo/pub/ISuperVO.class], URL [jar:file:/D:/devtool/repository/Maven/Maven3.2.2/local/repo/com/yonyou/iuap/iuap-jdbc/3.0.0-RELEASE/iuap-jdbc-3.0.0-RELEASE.jar!/com/yonyou/iuap/persistence/vo/pub/ITableMeta.class], URL [jar:file:/D:/devtool/repository/Maven/Maven3.2.2/local/repo/com/yonyou/iuap/iuap-jdbc/3.0.0-RELEASE/iuap-jdbc-3.0.0-RELEASE.jar!/com/yonyou/iuap/persistence/vo/pub/IVOMeta.class], URL [jar:file:/D:/devtool/repository/Maven/Maven3.2.2/local/repo/com/yonyou/iuap/iuap-jdbc/3.0.0-RELEASE/iuap-jdbc-3.0.0-RELEASE.jar!/com/yonyou/iuap/persistence/vo/pub/IVOMetaStatisticInfo.class], URL [jar:file:/D:/devtool/repository/Maven/Maven3.2.2/local/repo/com/yonyou/iuap/iuap-jdbc/3.0.0-RELEASE/iuap-jdbc-3.0.0-RELEASE.jar!/com/yonyou/iuap/persistence/vo/pub/JavaType.class], URL [jar:file:/D:/devtool/repository/Maven/Maven3.2.2/local/repo/com/yonyou/iuap/iuap-jdbc/3.0.0-RELEASE/iuap-jdbc-3.0.0-RELEASE.jar!/com/yonyou/iuap/persistence/vo/pub/pinyin/CnToSpell.class], URL [jar:file:/D:/devtool/repository/Maven/Maven3.2.2/local/repo/com/yonyou/iuap/iuap-jdbc/3.0.0-RELEASE/iuap-jdbc-3.0.0-RELEASE.jar!/com/yonyou/iuap/persistence/vo/pub/pinyin/NCPYTable.class], URL [jar:file:/D:/devtool/repository/Maven/Maven3.2.2/local/repo/com/yonyou/iuap/iuap-jdbc/3.0.0-RELEASE/iuap-jdbc-3.0.0-RELEASE.jar!/com/yonyou/iuap/persistence/vo/pub/SerializeReader.class], URL [jar:file:/D:/devtool/repository/Maven/Maven3.2.2/local/repo/com/yonyou/iuap/iuap-jdbc/3.0.0-RELEASE/iuap-jdbc-3.0.0-RELEASE.jar!/com/yonyou/iuap/persistence/vo/pub/SerializeWriter.class], URL [jar:file:/D:/devtool/repository/Maven/Maven3.2.2/local/repo/com/yonyou/iuap/iuap-jdbc/3.0.0-RELEASE/iuap-jdbc-3.0.0-RELEASE.jar!/com/yonyou/iuap/persistence/vo/pub/SqlSupportVO.class], URL [jar:file:/D:/devtool/repository/Maven/Maven3.2.2/local/repo/com/yonyou/iuap/iuap-jdbc/3.0.0-RELEASE/iuap-jdbc-3.0.0-RELEASE.jar!/com/yonyou/iuap/persistence/vo/pub/table/TableFieldVO.class], URL [jar:file:/D:/devtool/repository/Maven/Maven3.2.2/local/repo/com/yonyou/iuap/iuap-jdbc/3.0.0-RELEASE/iuap-jdbc-3.0.0-RELEASE.jar!/com/yonyou/iuap/persistence/vo/pub/table/TableVO.class], URL [jar:file:/D:/devtool/repository/Maven/Maven3.2.2/local/repo/com/yonyou/iuap/iuap-jdbc/3.0.0-RELEASE/iuap-jdbc-3.0.0-RELEASE.jar!/com/yonyou/iuap/persistence/vo/pub/util/FifoList.class], URL [jar:file:/D:/devtool/repository/Maven/Maven3.2.2/local/repo/com/yonyou/iuap/iuap-jdbc/3.0.0-RELEASE/iuap-jdbc-3.0.0-RELEASE.jar!/com/yonyou/iuap/persistence/vo/pub/util/ISNConvert.class], URL [jar:file:/D:/devtool/repository/Maven/Maven3.2.2/local/repo/com/yonyou/iuap/iuap-jdbc/3.0.0-RELEASE/iuap-jdbc-3.0.0-RELEASE.jar!/com/yonyou/iuap/persistence/vo/pub/util/StringOperator.class], URL [jar:file:/D:/devtool/repository/Maven/Maven3.2.2/local/repo/com/yonyou/iuap/iuap-jdbc/3.0.0-RELEASE/iuap-jdbc-3.0.0-RELEASE.jar!/com/yonyou/iuap/persistence/vo/pub/util/StringUtil.class], URL [jar:file:/D:/devtool/repository/Maven/Maven3.2.2/local/repo/com/yonyou/iuap/iuap-jdbc/3.0.0-RELEASE/iuap-jdbc-3.0.0-RELEASE.jar!/com/yonyou/iuap/persistence/vo/pub/util/WildcardMatcher.class], URL [jar:file:/D:/devtool/repository/Maven/Maven3.2.2/local/repo/com/yonyou/iuap/iuap-jdbc/3.0.0-RELEASE/iuap-jdbc-3.0.0-RELEASE.jar!/com/yonyou/iuap/persistence/vo/pub/ValidationException.class], URL [jar:file:/D:/devtool/repository/Maven/Maven3.2.2/local/repo/com/yonyou/iuap/iuap-jdbc/3.0.0-RELEASE/iuap-jdbc-3.0.0-RELEASE.jar!/com/yonyou/iuap/persistence/vo/pub/ValueObject.class], URL [jar:file:/D:/devtool/repository/Maven/Maven3.2.2/local/repo/com/yonyou/iuap/iuap-jdbc/3.0.0-RELEASE/iuap-jdbc-3.0.0-RELEASE.jar!/com/yonyou/iuap/persistence/vo/pubapp/pattern/model/entity/bill/IBill.class], URL [jar:file:/D:/devtool/repository/Maven/Maven3.2.2/local/repo/com/yonyou/iuap/iuap-jdbc/3.0.0-RELEASE/iuap-jdbc-3.0.0-RELEASE.jar!/com/yonyou/iuap/persistence/vo/pubapp/pattern/model/meta/entity/bill/IBillMeta.class], URL [jar:file:/D:/devtool/repository/Maven/Maven3.2.2/local/repo/com/yonyou/iuap/iuap-jdbc/3.0.0-RELEASE/iuap-jdbc-3.0.0-RELEASE.jar!/com/yonyou/iuap/persistence/vo/trade/sqlutil/IInSqlBatchCallBack.class], URL [jar:file:/D:/devtool/repository/Maven/Maven3.2.2/local/repo/com/yonyou/iuap/iuap-jdbc/3.0.0-RELEASE/iuap-jdbc-3.0.0-RELEASE.jar!/com/yonyou/iuap/persistence/vo/trade/sqlutil/InSqlBatchCaller.class], URL [jar:file:/D:/devtool/repository/Maven/Maven3.2.2/local/repo/com/yonyou/iuap/iuap-jdbc/3.0.0-RELEASE/iuap-jdbc-3.0.0-RELEASE.jar!/com/yonyou/iuap/persistence/vo/trade/summarize/BillSourceRecorder.class], URL [jar:file:/D:/devtool/repository/Maven/Maven3.2.2/local/repo/com/yonyou/iuap/iuap-jdbc/3.0.0-RELEASE/iuap-jdbc-3.0.0-RELEASE.jar!/com/yonyou/iuap/persistence/vo/trade/summarize/Hashlize$1.class], URL [jar:file:/D:/devtool/repository/Maven/Maven3.2.2/local/repo/com/yonyou/iuap/iuap-jdbc/3.0.0-RELEASE/iuap-jdbc-3.0.0-RELEASE.jar!/com/yonyou/iuap/persistence/vo/trade/summarize/Hashlize.class], URL [jar:file:/D:/devtool/repository/Maven/Maven3.2.2/local/repo/com/yonyou/iuap/iuap-jdbc/3.0.0-RELEASE/iuap-jdbc-3.0.0-RELEASE.jar!/com/yonyou/iuap/persistence/vo/trade/summarize/IAggVOSummarizeInfo.class], URL [jar:file:/D:/devtool/repository/Maven/Maven3.2.2/local/repo/com/yonyou/iuap/iuap-jdbc/3.0.0-RELEASE/iuap-jdbc-3.0.0-RELEASE.jar!/com/yonyou/iuap/persistence/vo/trade/summarize/IBillSource.class], URL [jar:file:/D:/devtool/repository/Maven/Maven3.2.2/local/repo/com/yonyou/iuap/iuap-jdbc/3.0.0-RELEASE/iuap-jdbc-3.0.0-RELEASE.jar!/com/yonyou/iuap/persistence/vo/trade/summarize/ICombine.class], URL [jar:file:/D:/devtool/repository/Maven/Maven3.2.2/local/repo/com/yonyou/iuap/iuap-jdbc/3.0.0-RELEASE/iuap-jdbc-3.0.0-RELEASE.jar!/com/yonyou/iuap/persistence/vo/trade/summarize/IHashKey.class], URL [jar:file:/D:/devtool/repository/Maven/Maven3.2.2/local/repo/com/yonyou/iuap/iuap-jdbc/3.0.0-RELEASE/iuap-jdbc-3.0.0-RELEASE.jar!/com/yonyou/iuap/persistence/vo/trade/summarize/IIdentification.class], URL [jar:file:/D:/devtool/repository/Maven/Maven3.2.2/local/repo/com/yonyou/iuap/iuap-jdbc/3.0.0-RELEASE/iuap-jdbc-3.0.0-RELEASE.jar!/com/yonyou/iuap/persistence/vo/trade/summarize/ObjectCombine.class], URL [jar:file:/D:/devtool/repository/Maven/Maven3.2.2/local/repo/com/yonyou/iuap/iuap-jdbc/3.0.0-RELEASE/iuap-jdbc-3.0.0-RELEASE.jar!/com/yonyou/iuap/persistence/vo/trade/summarize/VOHashKeyAdapter.class], URL [jar:file:/D:/devtool/repository/Maven/Maven3.2.2/local/repo/com/yonyou/iuap/iuap-jdbc/3.0.0-RELEASE/iuap-jdbc-3.0.0-RELEASE.jar!/com/yonyou/iuap/persistence/vo/trade/summarize/VOHashPrimaryKeyAdapter.class], URL [jar:file:/D:/devtool/repository/Maven/Maven3.2.2/local/repo/com/yonyou/iuap/iuap-jdbc/3.0.0-RELEASE/iuap-jdbc-3.0.0-RELEASE.jar!/com/yonyou/iuap/persistence/vo/trade/summarize/VOIdentification.class], URL [jar:file:/D:/devtool/repository/Maven/Maven3.2.2/local/repo/com/yonyou/iuap/iuap-jdbc/3.0.0-RELEASE/iuap-jdbc-3.0.0-RELEASE.jar!/com/yonyou/iuap/persistence/vo/trade/voutils/IFilter.class], URL [jar:file:/D:/devtool/repository/Maven/Maven3.2.2/local/repo/com/yonyou/iuap/iuap-jdbc/3.0.0-RELEASE/iuap-jdbc-3.0.0-RELEASE.jar!/com/yonyou/iuap/persistence/vo/trade/voutils/IUFtypes.class], URL [jar:file:/D:/devtool/repository/Maven/Maven3.2.2/local/repo/com/yonyou/iuap/iuap-jdbc/3.0.0-RELEASE/iuap-jdbc-3.0.0-RELEASE.jar!/com/yonyou/iuap/persistence/vo/trade/voutils/TimeCounter.class], URL [jar:file:/D:/devtool/repository/Maven/Maven3.2.2/local/repo/com/yonyou/iuap/iuap-jdbc/3.0.0-RELEASE/iuap-jdbc-3.0.0-RELEASE.jar!/com/yonyou/iuap/persistence/vo/trade/voutils/VOUtil$1.class], URL [jar:file:/D:/devtool/repository/Maven/Maven3.2.2/local/repo/com/yonyou/iuap/iuap-jdbc/3.0.0-RELEASE/iuap-jdbc-3.0.0-RELEASE.jar!/com/yonyou/iuap/persistence/vo/trade/voutils/VOUtil.class], URL [jar:file:/D:/devtool/repository/Maven/Maven3.2.2/local/repo/com/yonyou/iuap/iuap-generic/3.0.0-RELEASE/iuap-generic-3.0.0-RELEASE.jar!/com/yonyou/iuap/context/ContextHolder.class], URL [jar:file:/D:/devtool/repository/Maven/Maven3.2.2/local/repo/com/yonyou/iuap/iuap-generic/3.0.0-RELEASE/iuap-generic-3.0.0-RELEASE.jar!/com/yonyou/iuap/context/filter/ContextFilter.class], URL [jar:file:/D:/devtool/repository/Maven/Maven3.2.2/local/repo/com/yonyou/iuap/iuap-generic/3.0.0-RELEASE/iuap-generic-3.0.0-RELEASE.jar!/com/yonyou/iuap/context/InvocationInfo.class], URL [jar:file:/D:/devtool/repository/Maven/Maven3.2.2/local/repo/com/yonyou/iuap/iuap-generic/3.0.0-RELEASE/iuap-generic-3.0.0-RELEASE.jar!/com/yonyou/iuap/context/InvocationInfoProxy$1.class], URL [jar:file:/D:/devtool/repository/Maven/Maven3.2.2/local/repo/com/yonyou/iuap/iuap-generic/3.0.0-RELEASE/iuap-generic-3.0.0-RELEASE.jar!/com/yonyou/iuap/context/InvocationInfoProxy.class], URL [jar:file:/D:/devtool/repository/Maven/Maven3.2.2/local/repo/com/yonyou/iuap/iuap-generic/3.0.0-RELEASE/iuap-generic-3.0.0-RELEASE.jar!/com/yonyou/iuap/persistence/vo/annotation/MetaGetter.class], URL [jar:file:/D:/devtool/repository/Maven/Maven3.2.2/local/repo/com/yonyou/iuap/iuap-generic/3.0.0-RELEASE/iuap-generic-3.0.0-RELEASE.jar!/com/yonyou/iuap/persistence/vo/annotation/MetaSetter.class], URL [jar:file:/D:/devtool/repository/Maven/Maven3.2.2/local/repo/com/yonyou/iuap/iuap-generic/3.0.0-RELEASE/iuap-generic-3.0.0-RELEASE.jar!/com/yonyou/iuap/persistence/vo/BaseEntity.class], URL [jar:file:/D:/devtool/repository/Maven/Maven3.2.2/local/repo/com/yonyou/iuap/iuap-generic/3.0.0-RELEASE/iuap-generic-3.0.0-RELEASE.jar!/com/yonyou/iuap/persistence/vo/pub/VOStatus.class], URL [jar:file:/D:/devtool/repository/Maven/Maven3.2.2/local/repo/com/yonyou/iuap/iuap-generic/3.0.0-RELEASE/iuap-generic-3.0.0-RELEASE.jar!/com/yonyou/iuap/thread/ThreadExecutor.class], URL [jar:file:/D:/devtool/repository/Maven/Maven3.2.2/local/repo/com/yonyou/iuap/iuap-generic/3.0.0-RELEASE/iuap-generic-3.0.0-RELEASE.jar!/com/yonyou/iuap/thread/ThreadWarpper.class], URL [jar:file:/D:/devtool/repository/Maven/Maven3.2.2/local/repo/com/yonyou/iuap/iuap-cache/3.0.0-RELEASE/iuap-cache-3.0.0-RELEASE.jar!/com/yonyou/iuap/cache/anotation/Clearable.class], URL [jar:file:/D:/devtool/repository/Maven/Maven3.2.2/local/repo/com/yonyou/iuap/iuap-cache/3.0.0-RELEASE/iuap-cache-3.0.0-RELEASE.jar!/com/yonyou/iuap/cache/aop/CacheAspect$1.class], URL [jar:file:/D:/devtool/repository/Maven/Maven3.2.2/local/repo/com/yonyou/iuap/iuap-cache/3.0.0-RELEASE/iuap-cache-3.0.0-RELEASE.jar!/com/yonyou/iuap/cache/aop/CacheAspect.class], URL [jar:file:/D:/devtool/repository/Maven/Maven3.2.2/local/repo/com/yonyou/iuap/iuap-cache/3.0.0-RELEASE/iuap-cache-3.0.0-RELEASE.jar!/com/yonyou/iuap/cache/aop/CacheOperate$OperationType.class], URL [jar:file:/D:/devtool/repository/Maven/Maven3.2.2/local/repo/com/yonyou/iuap/iuap-cache/3.0.0-RELEASE/iuap-cache-3.0.0-RELEASE.jar!/com/yonyou/iuap/cache/aop/CacheOperate.class], URL [jar:file:/D:/devtool/repository/Maven/Maven3.2.2/local/repo/com/yonyou/iuap/iuap-cache/3.0.0-RELEASE/iuap-cache-3.0.0-RELEASE.jar!/com/yonyou/iuap/cache/aop/ClearCacheService.class], URL [jar:file:/D:/devtool/repository/Maven/Maven3.2.2/local/repo/com/yonyou/iuap/iuap-cache/3.0.0-RELEASE/iuap-cache-3.0.0-RELEASE.jar!/com/yonyou/iuap/cache/CacheManager$1.class], URL [jar:file:/D:/devtool/repository/Maven/Maven3.2.2/local/repo/com/yonyou/iuap/iuap-cache/3.0.0-RELEASE/iuap-cache-3.0.0-RELEASE.jar!/com/yonyou/iuap/cache/CacheManager$10.class], URL [jar:file:/D:/devtool/repository/Maven/Maven3.2.2/local/repo/com/yonyou/iuap/iuap-cache/3.0.0-RELEASE/iuap-cache-3.0.0-RELEASE.jar!/com/yonyou/iuap/cache/CacheManager$11.class], URL [jar:file:/D:/devtool/repository/Maven/Maven3.2.2/local/repo/com/yonyou/iuap/iuap-cache/3.0.0-RELEASE/iuap-cache-3.0.0-RELEASE.jar!/com/yonyou/iuap/cache/CacheManager$12.class], URL [jar:file:/D:/devtool/repository/Maven/Maven3.2.2/local/repo/com/yonyou/iuap/iuap-cache/3.0.0-RELEASE/iuap-cache-3.0.0-RELEASE.jar!/com/yonyou/iuap/cache/CacheManager$2.class], URL [jar:file:/D:/devtool/repository/Maven/Maven3.2.2/local/repo/com/yonyou/iuap/iuap-cache/3.0.0-RELEASE/iuap-cache-3.0.0-RELEASE.jar!/com/yonyou/iuap/cache/CacheManager$3.class], URL [jar:file:/D:/devtool/repository/Maven/Maven3.2.2/local/repo/com/yonyou/iuap/iuap-cache/3.0.0-RELEASE/iuap-cache-3.0.0-RELEASE.jar!/com/yonyou/iuap/cache/CacheManager$4.class], URL [jar:file:/D:/devtool/repository/Maven/Maven3.2.2/local/repo/com/yonyou/iuap/iuap-cache/3.0.0-RELEASE/iuap-cache-3.0.0-RELEASE.jar!/com/yonyou/iuap/cache/CacheManager$5.class], URL [jar:file:/D:/devtool/repository/Maven/Maven3.2.2/local/repo/com/yonyou/iuap/iuap-cache/3.0.0-RELEASE/iuap-cache-3.0.0-RELEASE.jar!/com/yonyou/iuap/cache/CacheManager$6.class], URL [jar:file:/D:/devtool/repository/Maven/Maven3.2.2/local/repo/com/yonyou/iuap/iuap-cache/3.0.0-RELEASE/iuap-cache-3.0.0-RELEASE.jar!/com/yonyou/iuap/cache/CacheManager$7.class], URL [jar:file:/D:/devtool/repository/Maven/Maven3.2.2/local/repo/com/yonyou/iuap/iuap-cache/3.0.0-RELEASE/iuap-cache-3.0.0-RELEASE.jar!/com/yonyou/iuap/cache/CacheManager$8.class], URL [jar:file:/D:/devtool/repository/Maven/Maven3.2.2/local/repo/com/yonyou/iuap/iuap-cache/3.0.0-RELEASE/iuap-cache-3.0.0-RELEASE.jar!/com/yonyou/iuap/cache/CacheManager$9.class], URL [jar:file:/D:/devtool/repository/Maven/Maven3.2.2/local/repo/com/yonyou/iuap/iuap-cache/3.0.0-RELEASE/iuap-cache-3.0.0-RELEASE.jar!/com/yonyou/iuap/cache/CacheManager$JedisAction.class], URL [jar:file:/D:/devtool/repository/Maven/Maven3.2.2/local/repo/com/yonyou/iuap/iuap-cache/3.0.0-RELEASE/iuap-cache-3.0.0-RELEASE.jar!/com/yonyou/iuap/cache/CacheManager$JedisActionNoResult.class], URL [jar:file:/D:/devtool/repository/Maven/Maven3.2.2/local/repo/com/yonyou/iuap/iuap-cache/3.0.0-RELEASE/iuap-cache-3.0.0-RELEASE.jar!/com/yonyou/iuap/cache/CacheManager.class], URL [jar:file:/D:/devtool/repository/Maven/Maven3.2.2/local/repo/com/yonyou/iuap/iuap-cache/3.0.0-RELEASE/iuap-cache-3.0.0-RELEASE.jar!/com/yonyou/iuap/cache/entity/CacheAbleEntity.class], URL [jar:file:/D:/devtool/repository/Maven/Maven3.2.2/local/repo/com/yonyou/iuap/iuap-cache/3.0.0-RELEASE/iuap-cache-3.0.0-RELEASE.jar!/com/yonyou/iuap/cache/redis/RedisPoolFactory.class], URL [jar:file:/D:/devtool/repository/Maven/Maven3.2.2/local/repo/com/yonyou/iuap/iuap-cache/3.0.0-RELEASE/iuap-cache-3.0.0-RELEASE.jar!/com/yonyou/iuap/cache/serializer/impl/DefaultJDKSerializer.class], URL [jar:file:/D:/devtool/repository/Maven/Maven3.2.2/local/repo/com/yonyou/iuap/iuap-cache/3.0.0-RELEASE/iuap-cache-3.0.0-RELEASE.jar!/com/yonyou/iuap/cache/serializer/Serializer.class], URL [jar:file:/D:/devtool/repository/Maven/Maven3.2.2/local/repo/com/yonyou/iuap/iuap-cache/3.0.0-RELEASE/iuap-cache-3.0.0-RELEASE.jar!/com/yonyou/iuap/cache/utils/SerializUtil.class], URL [jar:file:/D:/devtool/repository/Maven/Maven3.2.2/local/repo/com/yonyou/iuap/iuap-log/3.0.0-RELEASE/iuap-log-3.0.0-RELEASE.jar!/com/yonyou/iuap/log/constants/LogConstants.class], URL [jar:file:/D:/devtool/repository/Maven/Maven3.2.2/local/repo/com/yonyou/iuap/iuap-log/3.0.0-RELEASE/iuap-log-3.0.0-RELEASE.jar!/com/yonyou/iuap/log/utils/ThreadCallerIdGenerator.class], URL [jar:file:/D:/devtool/repository/Maven/Maven3.2.2/local/repo/com/yonyou/iuap/iuap-security/3.0.0-RELEASE/iuap-security-3.0.0-RELEASE.jar!/com/yonyou/iuap/iweb/security/IRSAService.class], URL [jar:file:/D:/devtool/repository/Maven/Maven3.2.2/local/repo/com/yonyou/iuap/iuap-security/3.0.0-RELEASE/iuap-security-3.0.0-RELEASE.jar!/com/yonyou/iuap/iweb/security/RSAService.class], URL [jar:file:/D:/devtool/repository/Maven/Maven3.2.2/local/repo/com/yonyou/iuap/iuap-security/3.0.0-RELEASE/iuap-security-3.0.0-RELEASE.jar!/com/yonyou/iuap/security/esapi/EncryptException.class], URL [jar:file:/D:/devtool/repository/Maven/Maven3.2.2/local/repo/com/yonyou/iuap/iuap-security/3.0.0-RELEASE/iuap-security-3.0.0-RELEASE.jar!/com/yonyou/iuap/security/esapi/IUAPEncoder$DatabaseCodec.class], URL [jar:file:/D:/devtool/repository/Maven/Maven3.2.2/local/repo/com/yonyou/iuap/iuap-security/3.0.0-RELEASE/iuap-security-3.0.0-RELEASE.jar!/com/yonyou/iuap/security/esapi/IUAPEncoder$TextCodec.class], URL [jar:file:/D:/devtool/repository/Maven/Maven3.2.2/local/repo/com/yonyou/iuap/iuap-security/3.0.0-RELEASE/iuap-security-3.0.0-RELEASE.jar!/com/yonyou/iuap/security/esapi/IUAPEncoder.class], URL [jar:file:/D:/devtool/repository/Maven/Maven3.2.2/local/repo/com/yonyou/iuap/iuap-security/3.0.0-RELEASE/iuap-security-3.0.0-RELEASE.jar!/com/yonyou/iuap/security/esapi/IUAPEncryptor.class], URL [jar:file:/D:/devtool/repository/Maven/Maven3.2.2/local/repo/com/yonyou/iuap/iuap-security/3.0.0-RELEASE/iuap-security-3.0.0-RELEASE.jar!/com/yonyou/iuap/security/esapi/IUAPESAPI.class], URL [jar:file:/D:/devtool/repository/Maven/Maven3.2.2/local/repo/com/yonyou/iuap/iuap-security/3.0.0-RELEASE/iuap-security-3.0.0-RELEASE.jar!/com/yonyou/iuap/security/rest/api/Signer.class], URL [jar:file:/D:/devtool/repository/Maven/Maven3.2.2/local/repo/com/yonyou/iuap/iuap-security/3.0.0-RELEASE/iuap-security-3.0.0-RELEASE.jar!/com/yonyou/iuap/security/rest/api/Verifier.class], URL [jar:file:/D:/devtool/repository/Maven/Maven3.2.2/local/repo/com/yonyou/iuap/iuap-security/3.0.0-RELEASE/iuap-security-3.0.0-RELEASE.jar!/com/yonyou/iuap/security/rest/common/AuthConstants.class], URL [jar:file:/D:/devtool/repository/Maven/Maven3.2.2/local/repo/com/yonyou/iuap/iuap-security/3.0.0-RELEASE/iuap-security-3.0.0-RELEASE.jar!/com/yonyou/iuap/security/rest/common/Credential.class], URL [jar:file:/D:/devtool/repository/Maven/Maven3.2.2/local/repo/com/yonyou/iuap/iuap-security/3.0.0-RELEASE/iuap-security-3.0.0-RELEASE.jar!/com/yonyou/iuap/security/rest/common/SignProp.class], URL [jar:file:/D:/devtool/repository/Maven/Maven3.2.2/local/repo/com/yonyou/iuap/iuap-security/3.0.0-RELEASE/iuap-security-3.0.0-RELEASE.jar!/com/yonyou/iuap/security/rest/common/UAPKeyPair.class], URL [jar:file:/D:/devtool/repository/Maven/Maven3.2.2/local/repo/com/yonyou/iuap/iuap-security/3.0.0-RELEASE/iuap-security-3.0.0-RELEASE.jar!/com/yonyou/iuap/security/rest/digest/client/DigestSigner.class], URL [jar:file:/D:/devtool/repository/Maven/Maven3.2.2/local/repo/com/yonyou/iuap/iuap-security/3.0.0-RELEASE/iuap-security-3.0.0-RELEASE.jar!/com/yonyou/iuap/security/rest/digest/core/HMACDigestUtils$Algorithm_HMAC.class], URL [jar:file:/D:/devtool/repository/Maven/Maven3.2.2/local/repo/com/yonyou/iuap/iuap-security/3.0.0-RELEASE/iuap-security-3.0.0-RELEASE.jar!/com/yonyou/iuap/security/rest/digest/core/HMACDigestUtils.class], URL [jar:file:/D:/devtool/repository/Maven/Maven3.2.2/local/repo/com/yonyou/iuap/iuap-security/3.0.0-RELEASE/iuap-security-3.0.0-RELEASE.jar!/com/yonyou/iuap/security/rest/digest/server/DigestVerifier.class], URL [jar:file:/D:/devtool/repository/Maven/Maven3.2.2/local/repo/com/yonyou/iuap/iuap-security/3.0.0-RELEASE/iuap-security-3.0.0-RELEASE.jar!/com/yonyou/iuap/security/rest/exception/UAPSecurityException.class], URL [jar:file:/D:/devtool/repository/Maven/Maven3.2.2/local/repo/com/yonyou/iuap/iuap-security/3.0.0-RELEASE/iuap-security-3.0.0-RELEASE.jar!/com/yonyou/iuap/security/rest/factory/ClientParamsProvider.class], URL [jar:file:/D:/devtool/repository/Maven/Maven3.2.2/local/repo/com/yonyou/iuap/iuap-security/3.0.0-RELEASE/iuap-security-3.0.0-RELEASE.jar!/com/yonyou/iuap/security/rest/factory/ClientSignFactory.class], URL [jar:file:/D:/devtool/repository/Maven/Maven3.2.2/local/repo/com/yonyou/iuap/iuap-security/3.0.0-RELEASE/iuap-security-3.0.0-RELEASE.jar!/com/yonyou/iuap/security/rest/factory/KeyGenerator.class], URL [jar:file:/D:/devtool/repository/Maven/Maven3.2.2/local/repo/com/yonyou/iuap/iuap-security/3.0.0-RELEASE/iuap-security-3.0.0-RELEASE.jar!/com/yonyou/iuap/security/rest/factory/ServerVerifyFactory.class], URL [jar:file:/D:/devtool/repository/Maven/Maven3.2.2/local/repo/com/yonyou/iuap/iuap-security/3.0.0-RELEASE/iuap-security-3.0.0-RELEASE.jar!/com/yonyou/iuap/security/rest/rsa/client/RSAClientSigner.class], URL [jar:file:/D:/devtool/repository/Maven/Maven3.2.2/local/repo/com/yonyou/iuap/iuap-security/3.0.0-RELEASE/iuap-security-3.0.0-RELEASE.jar!/com/yonyou/iuap/security/rest/rsa/core/RSACryptor$1.class], URL [jar:file:/D:/devtool/repository/Maven/Maven3.2.2/local/repo/com/yonyou/iuap/iuap-security/3.0.0-RELEASE/iuap-security-3.0.0-RELEASE.jar!/com/yonyou/iuap/security/rest/rsa/core/RSACryptor$KeyType.class], URL [jar:file:/D:/devtool/repository/Maven/Maven3.2.2/local/repo/com/yonyou/iuap/iuap-security/3.0.0-RELEASE/iuap-security-3.0.0-RELEASE.jar!/com/yonyou/iuap/security/rest/rsa/core/RSACryptor.class], URL [jar:file:/D:/devtool/repository/Maven/Maven3.2.2/local/repo/com/yonyou/iuap/iuap-security/3.0.0-RELEASE/iuap-security-3.0.0-RELEASE.jar!/com/yonyou/iuap/security/rest/rsa/core/RSAKeyPair.class], URL [jar:file:/D:/devtool/repository/Maven/Maven3.2.2/local/repo/com/yonyou/iuap/iuap-security/3.0.0-RELEASE/iuap-security-3.0.0-RELEASE.jar!/com/yonyou/iuap/security/rest/rsa/core/RSASigner.class], URL [jar:file:/D:/devtool/repository/Maven/Maven3.2.2/local/repo/com/yonyou/iuap/iuap-security/3.0.0-RELEASE/iuap-security-3.0.0-RELEASE.jar!/com/yonyou/iuap/security/rest/rsa/core/RSAVerfier.class], URL [jar:file:/D:/devtool/repository/Maven/Maven3.2.2/local/repo/com/yonyou/iuap/iuap-security/3.0.0-RELEASE/iuap-security-3.0.0-RELEASE.jar!/com/yonyou/iuap/security/rest/rsa/server/RSAServerVerfier.class], URL [jar:file:/D:/devtool/repository/Maven/Maven3.2.2/local/repo/com/yonyou/iuap/iuap-security/3.0.0-RELEASE/iuap-security-3.0.0-RELEASE.jar!/com/yonyou/iuap/security/rest/utils/ClientCredentialGenerator.class], URL [jar:file:/D:/devtool/repository/Maven/Maven3.2.2/local/repo/com/yonyou/iuap/iuap-security/3.0.0-RELEASE/iuap-security-3.0.0-RELEASE.jar!/com/yonyou/iuap/security/rest/utils/PostParamsHelper$1.class], URL [jar:file:/D:/devtool/repository/Maven/Maven3.2.2/local/repo/com/yonyou/iuap/iuap-security/3.0.0-RELEASE/iuap-security-3.0.0-RELEASE.jar!/com/yonyou/iuap/security/rest/utils/PostParamsHelper.class], URL [jar:file:/D:/devtool/repository/Maven/Maven3.2.2/local/repo/com/yonyou/iuap/iuap-security/3.0.0-RELEASE/iuap-security-3.0.0-RELEASE.jar!/com/yonyou/iuap/security/rest/utils/SignPropGenerator$1.class], URL [jar:file:/D:/devtool/repository/Maven/Maven3.2.2/local/repo/com/yonyou/iuap/iuap-security/3.0.0-RELEASE/iuap-security-3.0.0-RELEASE.jar!/com/yonyou/iuap/security/rest/utils/SignPropGenerator.class], URL [jar:file:/D:/devtool/repository/Maven/Maven3.2.2/local/repo/com/yonyou/iuap/iuap-security/3.0.0-RELEASE/iuap-security-3.0.0-RELEASE.jar!/com/yonyou/iuap/security/utils/RSAUtils.class], URL [jar:file:/D:/devtool/repository/Maven/Maven3.2.2/local/repo/com/yonyou/iuap/iuap-security/3.0.0-RELEASE/iuap-security-3.0.0-RELEASE.jar!/com/yonyou/iuap/security/utils/TokenGenerator.class], URL [jar:file:/D:/devtool/repository/Maven/Maven3.2.2/local/repo/com/yonyou/iuap/iuap-utils/3.0.0-RELEASE/iuap-utils-3.0.0-RELEASE.jar!/com/yonyou/iuap/config/PropertyConfigurer.class], URL [jar:file:/D:/devtool/repository/Maven/Maven3.2.2/local/repo/com/yonyou/iuap/iuap-utils/3.0.0-RELEASE/iuap-utils-3.0.0-RELEASE.jar!/com/yonyou/iuap/context/IHttpHeadersProvider.class], URL [jar:file:/D:/devtool/repository/Maven/Maven3.2.2/local/repo/com/yonyou/iuap/iuap-utils/3.0.0-RELEASE/iuap-utils-3.0.0-RELEASE.jar!/com/yonyou/iuap/utils/AnyTrustStrategy.class], URL [jar:file:/D:/devtool/repository/Maven/Maven3.2.2/local/repo/com/yonyou/iuap/iuap-utils/3.0.0-RELEASE/iuap-utils-3.0.0-RELEASE.jar!/com/yonyou/iuap/utils/Base64Util.class], URL [jar:file:/D:/devtool/repository/Maven/Maven3.2.2/local/repo/com/yonyou/iuap/iuap-utils/3.0.0-RELEASE/iuap-utils-3.0.0-RELEASE.jar!/com/yonyou/iuap/utils/CookieUtil.class], URL [jar:file:/D:/devtool/repository/Maven/Maven3.2.2/local/repo/com/yonyou/iuap/iuap-utils/3.0.0-RELEASE/iuap-utils-3.0.0-RELEASE.jar!/com/yonyou/iuap/utils/HttpContextUtil.class], URL [jar:file:/D:/devtool/repository/Maven/Maven3.2.2/local/repo/com/yonyou/iuap/iuap-utils/3.0.0-RELEASE/iuap-utils-3.0.0-RELEASE.jar!/com/yonyou/iuap/utils/HttpTookit.class], URL [jar:file:/D:/devtool/repository/Maven/Maven3.2.2/local/repo/com/yonyou/iuap/iuap-utils/3.0.0-RELEASE/iuap-utils-3.0.0-RELEASE.jar!/com/yonyou/iuap/utils/HttpUtil.class], URL [jar:file:/D:/devtool/repository/Maven/Maven3.2.2/local/repo/com/yonyou/iuap/iuap-utils/3.0.0-RELEASE/iuap-utils-3.0.0-RELEASE.jar!/com/yonyou/iuap/utils/PropertyCodec.class], URL [jar:file:/D:/devtool/repository/Maven/Maven3.2.2/local/repo/com/yonyou/iuap/iuap-utils/3.0.0-RELEASE/iuap-utils-3.0.0-RELEASE.jar!/com/yonyou/iuap/utils/PropertyUtil.class], URL [jar:file:/D:/devtool/repository/Maven/Maven3.2.2/local/repo/com/yonyou/iuap/iuap-auth/3.0.0-RELEASE/iuap-auth-3.0.0-RELEASE.jar!/com/yonyou/iuap/auth/session/SessionManager$1.class], URL [jar:file:/D:/devtool/repository/Maven/Maven3.2.2/local/repo/com/yonyou/iuap/iuap-auth/3.0.0-RELEASE/iuap-auth-3.0.0-RELEASE.jar!/com/yonyou/iuap/auth/session/SessionManager$10.class], URL [jar:file:/D:/devtool/repository/Maven/Maven3.2.2/local/repo/com/yonyou/iuap/iuap-auth/3.0.0-RELEASE/iuap-auth-3.0.0-RELEASE.jar!/com/yonyou/iuap/auth/session/SessionManager$11.class], URL [jar:file:/D:/devtool/repository/Maven/Maven3.2.2/local/repo/com/yonyou/iuap/iuap-auth/3.0.0-RELEASE/iuap-auth-3.0.0-RELEASE.jar!/com/yonyou/iuap/auth/session/SessionManager$12.class], URL [jar:file:/D:/devtool/repository/Maven/Maven3.2.2/local/repo/com/yonyou/iuap/iuap-auth/3.0.0-RELEASE/iuap-auth-3.0.0-RELEASE.jar!/com/yonyou/iuap/auth/session/SessionManager$13.class], URL [jar:file:/D:/devtool/repository/Maven/Maven3.2.2/local/repo/com/yonyou/iuap/iuap-auth/3.0.0-RELEASE/iuap-auth-3.0.0-RELEASE.jar!/com/yonyou/iuap/auth/session/SessionManager$14.class], URL [jar:file:/D:/devtool/repository/Maven/Maven3.2.2/local/repo/com/yonyou/iuap/iuap-auth/3.0.0-RELEASE/iuap-auth-3.0.0-RELEASE.jar!/com/yonyou/iuap/auth/session/SessionManager$15.class], URL [jar:file:/D:/devtool/repository/Maven/Maven3.2.2/local/repo/com/yonyou/iuap/iuap-auth/3.0.0-RELEASE/iuap-auth-3.0.0-RELEASE.jar!/com/yonyou/iuap/auth/session/SessionManager$16.class], URL [jar:file:/D:/devtool/repository/Maven/Maven3.2.2/local/repo/com/yonyou/iuap/iuap-auth/3.0.0-RELEASE/iuap-auth-3.0.0-RELEASE.jar!/com/yonyou/iuap/auth/session/SessionManager$17.class], URL [jar:file:/D:/devtool/repository/Maven/Maven3.2.2/local/repo/com/yonyou/iuap/iuap-auth/3.0.0-RELEASE/iuap-auth-3.0.0-RELEASE.jar!/com/yonyou/iuap/auth/session/SessionManager$2.class], URL [jar:file:/D:/devtool/repository/Maven/Maven3.2.2/local/repo/com/yonyou/iuap/iuap-auth/3.0.0-RELEASE/iuap-auth-3.0.0-RELEASE.jar!/com/yonyou/iuap/auth/session/SessionManager$3.class], URL [jar:file:/D:/devtool/repository/Maven/Maven3.2.2/local/repo/com/yonyou/iuap/iuap-auth/3.0.0-RELEASE/iuap-auth-3.0.0-RELEASE.jar!/com/yonyou/iuap/auth/session/SessionManager$4.class], URL [jar:file:/D:/devtool/repository/Maven/Maven3.2.2/local/repo/com/yonyou/iuap/iuap-auth/3.0.0-RELEASE/iuap-auth-3.0.0-RELEASE.jar!/com/yonyou/iuap/auth/session/SessionManager$5.class], URL [jar:file:/D:/devtool/repository/Maven/Maven3.2.2/local/repo/com/yonyou/iuap/iuap-auth/3.0.0-RELEASE/iuap-auth-3.0.0-RELEASE.jar!/com/yonyou/iuap/auth/session/SessionManager$6.class], URL [jar:file:/D:/devtool/repository/Maven/Maven3.2.2/local/repo/com/yonyou/iuap/iuap-auth/3.0.0-RELEASE/iuap-auth-3.0.0-RELEASE.jar!/com/yonyou/iuap/auth/session/SessionManager$7.class], URL [jar:file:/D:/devtool/repository/Maven/Maven3.2.2/local/repo/com/yonyou/iuap/iuap-auth/3.0.0-RELEASE/iuap-auth-3.0.0-RELEASE.jar!/com/yonyou/iuap/auth/session/SessionManager$8.class], URL [jar:file:/D:/devtool/repository/Maven/Maven3.2.2/local/repo/com/yonyou/iuap/iuap-auth/3.0.0-RELEASE/iuap-auth-3.0.0-RELEASE.jar!/com/yonyou/iuap/auth/session/SessionManager$9.class], URL [jar:file:/D:/devtool/repository/Maven/Maven3.2.2/local/repo/com/yonyou/iuap/iuap-auth/3.0.0-RELEASE/iuap-auth-3.0.0-RELEASE.jar!/com/yonyou/iuap/auth/session/SessionManager.class], URL [jar:file:/D:/devtool/repository/Maven/Maven3.2.2/local/repo/com/yonyou/iuap/iuap-auth/3.0.0-RELEASE/iuap-auth-3.0.0-RELEASE.jar!/com/yonyou/iuap/auth/shiro/AuthConstants.class], URL [jar:file:/D:/devtool/repository/Maven/Maven3.2.2/local/repo/com/yonyou/iuap/iuap-auth/3.0.0-RELEASE/iuap-auth-3.0.0-RELEASE.jar!/com/yonyou/iuap/auth/shiro/ExtendAuthFilter.class], URL [jar:file:/D:/devtool/repository/Maven/Maven3.2.2/local/repo/com/yonyou/iuap/iuap-auth/3.0.0-RELEASE/iuap-auth-3.0.0-RELEASE.jar!/com/yonyou/iuap/auth/shiro/LogoutFilter.class], URL [jar:file:/D:/devtool/repository/Maven/Maven3.2.2/local/repo/com/yonyou/iuap/iuap-auth/3.0.0-RELEASE/iuap-auth-3.0.0-RELEASE.jar!/com/yonyou/iuap/auth/shiro/StatelessAuthcFilter.class], URL [jar:file:/D:/devtool/repository/Maven/Maven3.2.2/local/repo/com/yonyou/iuap/iuap-auth/3.0.0-RELEASE/iuap-auth-3.0.0-RELEASE.jar!/com/yonyou/iuap/auth/shiro/StatelessDefaultSubjectFactory.class], URL [jar:file:/D:/devtool/repository/Maven/Maven3.2.2/local/repo/com/yonyou/iuap/iuap-auth/3.0.0-RELEASE/iuap-auth-3.0.0-RELEASE.jar!/com/yonyou/iuap/auth/shiro/StatelessLogoutFilter.class], URL [jar:file:/D:/devtool/repository/Maven/Maven3.2.2/local/repo/com/yonyou/iuap/iuap-auth/3.0.0-RELEASE/iuap-auth-3.0.0-RELEASE.jar!/com/yonyou/iuap/auth/shiro/StatelessRealm.class], URL [jar:file:/D:/devtool/repository/Maven/Maven3.2.2/local/repo/com/yonyou/iuap/iuap-auth/3.0.0-RELEASE/iuap-auth-3.0.0-RELEASE.jar!/com/yonyou/iuap/auth/shiro/StatelessToken.class], URL [jar:file:/D:/devtool/repository/Maven/Maven3.2.2/local/repo/com/yonyou/iuap/iuap-auth/3.0.0-RELEASE/iuap-auth-3.0.0-RELEASE.jar!/com/yonyou/iuap/auth/token/DefaultTokenPorcessor.class], URL [jar:file:/D:/devtool/repository/Maven/Maven3.2.2/local/repo/com/yonyou/iuap/iuap-auth/3.0.0-RELEASE/iuap-auth-3.0.0-RELEASE.jar!/com/yonyou/iuap/auth/token/ITokenProcessor.class], URL [jar:file:/D:/devtool/repository/Maven/Maven3.2.2/local/repo/com/yonyou/iuap/iuap-auth/3.0.0-RELEASE/iuap-auth-3.0.0-RELEASE.jar!/com/yonyou/iuap/auth/token/TokenFactory.class], URL [jar:file:/D:/devtool/repository/Maven/Maven3.2.2/local/repo/com/yonyou/iuap/iuap-auth/3.0.0-RELEASE/iuap-auth-3.0.0-RELEASE.jar!/com/yonyou/iuap/auth/token/TokenInfo.class], URL [jar:file:/D:/devtool/repository/Maven/Maven3.2.2/local/repo/com/yonyou/iuap/iuap-auth/3.0.0-RELEASE/iuap-auth-3.0.0-RELEASE.jar!/com/yonyou/iuap/auth/token/TokenParameter.class], URL [jar:file:/D:/devtool/repository/Maven/Maven3.2.2/local/repo/com/yonyou/iuap/iuap-persistence/3.0.0-RELEASE/iuap-persistence-3.0.0-RELEASE.jar!/com/yonyou/iuap/persistence/mybatis/anotation/MyBatisRepository.class], URL [jar:file:/D:/devtool/repository/Maven/Maven3.2.2/local/repo/com/yonyou/iuap/iuap-persistence/3.0.0-RELEASE/iuap-persistence-3.0.0-RELEASE.jar!/com/yonyou/iuap/persistence/mybatis/mapper/PageMapper.class], URL [jar:file:/D:/devtool/repository/Maven/Maven3.2.2/local/repo/com/yonyou/iuap/iuap-oid/3.0.0-RELEASE/iuap-oid-3.0.0-RELEASE.jar!/com/yonyou/iuap/persistence/oid/DefaultIdProvider.class], URL [jar:file:/D:/devtool/repository/Maven/Maven3.2.2/local/repo/com/yonyou/iuap/iuap-oid/3.0.0-RELEASE/iuap-oid-3.0.0-RELEASE.jar!/com/yonyou/iuap/persistence/oid/IdProviderFactory.class], URL [jar:file:/D:/devtool/repository/Maven/Maven3.2.2/local/repo/com/yonyou/iuap/iuap-oid/3.0.0-RELEASE/iuap-oid-3.0.0-RELEASE.jar!/com/yonyou/iuap/persistence/oid/IOidProvider.class], URL [jar:file:/D:/devtool/repository/Maven/Maven3.2.2/local/repo/com/yonyou/iuap/iuap-oid/3.0.0-RELEASE/iuap-oid-3.0.0-RELEASE.jar!/com/yonyou/iuap/persistence/oid/RedisIdProvider.class], URL [jar:file:/D:/devtool/repository/Maven/Maven3.2.2/local/repo/com/yonyou/iuap/iuap-oid/3.0.0-RELEASE/iuap-oid-3.0.0-RELEASE.jar!/com/yonyou/iuap/persistence/oid/SnowFlakeProvider.class], URL [jar:file:/D:/devtool/repository/Maven/Maven3.2.2/local/repo/com/yonyou/iuap/iuap-oid/3.0.0-RELEASE/iuap-oid-3.0.0-RELEASE.jar!/com/yonyou/iuap/persistence/oid/UapIdProvider.class], URL [jar:file:/D:/devtool/repository/Maven/Maven3.2.2/local/repo/com/yonyou/iuap/iuap-oid/3.0.0-RELEASE/iuap-oid-3.0.0-RELEASE.jar!/com/yonyou/iuap/persistence/oid/UapOidAlgorithm.class], URL [jar:file:/D:/devtool/repository/Maven/Maven3.2.2/local/repo/com/yonyou/iuap/iuap-oid/3.0.0-RELEASE/iuap-oid-3.0.0-RELEASE.jar!/com/yonyou/iuap/persistence/oid/UapOidGenerator$OidCounter.class], URL [jar:file:/D:/devtool/repository/Maven/Maven3.2.2/local/repo/com/yonyou/iuap/iuap-oid/3.0.0-RELEASE/iuap-oid-3.0.0-RELEASE.jar!/com/yonyou/iuap/persistence/oid/UapOidGenerator.class], URL [jar:file:/D:/devtool/repository/Maven/Maven3.2.2/local/repo/com/yonyou/iuap/iuap-oid/3.0.0-RELEASE/iuap-oid-3.0.0-RELEASE.jar!/com/yonyou/iuap/persistence/oid/UapOidJdbcService.class], URL [jar:file:/D:/devtool/repository/Maven/Maven3.2.2/local/repo/com/yonyou/iuap/iuap-oid/3.0.0-RELEASE/iuap-oid-3.0.0-RELEASE.jar!/com/yonyou/iuap/persistence/utils/IDGenerator.class]]
10:20:58.496 [] [] [main] TRACE o.s.d.r.c.RepositoryComponentProvider - Scanning file [D:\DevTool\workspace\activiti\portal\target\classes\com\yonyou\iuap\example\entity\GoodJdbcDemo.class]
10:20:58.497 [] [] [main] TRACE o.s.d.r.c.RepositoryComponentProvider - Ignored because not matching any filter: file [D:\DevTool\workspace\activiti\portal\target\classes\com\yonyou\iuap\example\entity\GoodJdbcDemo.class]
10:20:58.497 [] [] [main] TRACE o.s.d.r.c.RepositoryComponentProvider - Scanning file [D:\DevTool\workspace\activiti\portal\target\classes\com\yonyou\iuap\example\entity\GoodJpaDemo.class]
10:20:58.498 [] [] [main] TRACE o.s.d.r.c.RepositoryComponentProvider - Ignored because not matching any filter: file [D:\DevTool\workspace\activiti\portal\target\classes\com\yonyou\iuap\example\entity\GoodJpaDemo.class]
10:20:58.498 [] [] [main] TRACE o.s.d.r.c.RepositoryComponentProvider - Scanning file [D:\DevTool\workspace\activiti\portal\target\classes\com\yonyou\iuap\example\repository\GoodJdbcDemoDao.class]
10:20:58.498 [] [] [main] TRACE o.s.d.r.c.RepositoryComponentProvider - Ignored because not matching any filter: file [D:\DevTool\workspace\activiti\portal\target\classes\com\yonyou\iuap\example\repository\GoodJdbcDemoDao.class]
10:20:58.498 [] [] [main] TRACE o.s.d.r.c.RepositoryComponentProvider - Scanning file [D:\DevTool\workspace\activiti\portal\target\classes\com\yonyou\iuap\example\repository\GoodJpaDemoDao.class]
10:20:58.500 [] [] [main] DEBUG o.s.d.r.c.RepositoryComponentProvider - Identified candidate component class: file [D:\DevTool\workspace\activiti\portal\target\classes\com\yonyou\iuap\example\repository\GoodJpaDemoDao.class]
10:20:58.500 [] [] [main] TRACE o.s.d.r.c.RepositoryComponentProvider - Scanning file [D:\DevTool\workspace\activiti\portal\target\classes\com\yonyou\iuap\example\service\GoodJdbcDemoService.class]
10:20:58.500 [] [] [main] TRACE o.s.d.r.c.RepositoryComponentProvider - Ignored because not matching any filter: file [D:\DevTool\workspace\activiti\portal\target\classes\com\yonyou\iuap\example\service\GoodJdbcDemoService.class]
10:20:58.500 [] [] [main] TRACE o.s.d.r.c.RepositoryComponentProvider - Scanning file [D:\DevTool\workspace\activiti\portal\target\classes\com\yonyou\iuap\example\service\GoodJpaDemoService.class]
10:20:58.501 [] [] [main] TRACE o.s.d.r.c.RepositoryComponentProvider - Ignored because not matching any filter: file [D:\DevTool\workspace\activiti\portal\target\classes\com\yonyou\iuap\example\service\GoodJpaDemoService.class]
10:20:58.501 [] [] [main] TRACE o.s.d.r.c.RepositoryComponentProvider - Scanning file [D:\DevTool\workspace\activiti\portal\target\classes\com\yonyou\iuap\example\web\GoodJdbcDemoController.class]
10:20:58.501 [] [] [main] TRACE o.s.d.r.c.RepositoryComponentProvider - Ignored because not matching any filter: file [D:\DevTool\workspace\activiti\portal\target\classes\com\yonyou\iuap\example\web\GoodJdbcDemoController.class]
10:20:58.501 [] [] [main] TRACE o.s.d.r.c.RepositoryComponentProvider - Scanning file [D:\DevTool\workspace\activiti\portal\target\classes\com\yonyou\iuap\example\web\GoodJpaDemoController.class]
10:20:58.502 [] [] [main] TRACE o.s.d.r.c.RepositoryComponentProvider - Ignored because not matching any filter: file [D:\DevTool\workspace\activiti\portal\target\classes\com\yonyou\iuap\example\web\GoodJpaDemoController.class]
10:20:58.502 [] [] [main] TRACE o.s.d.r.c.RepositoryComponentProvider - Scanning file [D:\DevTool\workspace\activiti\portal\target\classes\com\yonyou\iuap\system\entity\MgrUser.class]
10:20:58.503 [] [] [main] TRACE o.s.d.r.c.RepositoryComponentProvider - Ignored because not matching any filter: file [D:\DevTool\workspace\activiti\portal\target\classes\com\yonyou\iuap\system\entity\MgrUser.class]
10:20:58.503 [] [] [main] TRACE o.s.d.r.c.RepositoryComponentProvider - Scanning file [D:\DevTool\workspace\activiti\portal\target\classes\com\yonyou\iuap\system\repository\MgrUserDao.class]
10:20:58.503 [] [] [main] DEBUG o.s.d.r.c.RepositoryComponentProvider - Identified candidate component class: file [D:\DevTool\workspace\activiti\portal\target\classes\com\yonyou\iuap\system\repository\MgrUserDao.class]
10:20:58.503 [] [] [main] TRACE o.s.d.r.c.RepositoryComponentProvider - Scanning file [D:\DevTool\workspace\activiti\portal\target\classes\com\yonyou\iuap\system\service\AccountService.class]
10:20:58.503 [] [] [main] TRACE o.s.d.r.c.RepositoryComponentProvider - Ignored because not matching any filter: file [D:\DevTool\workspace\activiti\portal\target\classes\com\yonyou\iuap\system\service\AccountService.class]
10:20:58.503 [] [] [main] TRACE o.s.d.r.c.RepositoryComponentProvider - Scanning file [D:\DevTool\workspace\activiti\portal\target\classes\com\yonyou\iuap\system\web\account\MgrAccountController.class]
10:20:58.504 [] [] [main] TRACE o.s.d.r.c.RepositoryComponentProvider - Ignored because not matching any filter: file [D:\DevTool\workspace\activiti\portal\target\classes\com\yonyou\iuap\system\web\account\MgrAccountController.class]
10:20:58.504 [] [] [main] TRACE o.s.d.r.c.RepositoryComponentProvider - Scanning file [D:\DevTool\workspace\activiti\portal\target\classes\com\yonyou\iuap\system\web\index\IndexController.class]
10:20:58.504 [] [] [main] TRACE o.s.d.r.c.RepositoryComponentProvider - Ignored because not matching any filter: file [D:\DevTool\workspace\activiti\portal\target\classes\com\yonyou\iuap\system\web\index\IndexController.class]
10:20:58.504 [] [] [main] TRACE o.s.d.r.c.RepositoryComponentProvider - Scanning file [D:\DevTool\workspace\activiti\portal\target\classes\com\yonyou\iuap\system\web\login\LoginController.class]
10:20:58.505 [] [] [main] TRACE o.s.d.r.c.RepositoryComponentProvider - Ignored because not matching any filter: file [D:\DevTool\workspace\activiti\portal\target\classes\com\yonyou\iuap\system\web\login\LoginController.class]
10:20:58.505 [] [] [main] TRACE o.s.d.r.c.RepositoryComponentProvider - Scanning file [D:\DevTool\workspace\activiti\portal\target\classes\com\yonyou\iuap\system\web\login\MaLoginController.class]
10:20:58.506 [] [] [main] TRACE o.s.d.r.c.RepositoryComponentProvider - Ignored because not matching any filter: file [D:\DevTool\workspace\activiti\portal\target\classes\com\yonyou\iuap\system\web\login\MaLoginController.class]
10:20:58.506 [] [] [main] TRACE o.s.d.r.c.RepositoryComponentProvider - Scanning file [D:\DevTool\workspace\activiti\portal\target\classes\com\yonyou\iuap\system\web\login\RoleForTheme.class]
10:20:58.506 [] [] [main] TRACE o.s.d.r.c.RepositoryComponentProvider - Ignored because not matching any filter: file [D:\DevTool\workspace\activiti\portal\target\classes\com\yonyou\iuap\system\web\login\RoleForTheme.class]
10:20:58.506 [] [] [main] TRACE o.s.d.r.c.RepositoryComponentProvider - Scanning file [D:\DevTool\workspace\activiti\portal\target\classes\com\yonyou\iuap\system\web\login\SSOLoginFilter.class]
10:20:58.506 [] [] [main] TRACE o.s.d.r.c.RepositoryComponentProvider - Ignored because not matching any filter: file [D:\DevTool\workspace\activiti\portal\target\classes\com\yonyou\iuap\system\web\login\SSOLoginFilter.class]
10:20:58.506 [] [] [main] TRACE o.s.d.r.c.RepositoryComponentProvider - Scanning file [D:\DevTool\workspace\activiti\portal\target\classes\com\yonyou\iuap\system\web\login\TimeOutFilter.class]
10:20:58.507 [] [] [main] TRACE o.s.d.r.c.RepositoryComponentProvider - Ignored because not matching any filter: file [D:\DevTool\workspace\activiti\portal\target\classes\com\yonyou\iuap\system\web\login\TimeOutFilter.class]
10:20:58.507 [] [] [main] TRACE o.s.d.r.c.RepositoryComponentProvider - Scanning URL [jar:file:/D:/devtool/repository/Maven/Maven3.2.2/local/repo/com/yonyou/iuap/iuap-jdbc/3.0.0-RELEASE/iuap-jdbc-3.0.0-RELEASE.jar!/com/yonyou/iuap/persistence/bs/dao/AbstractDAO.class]
10:20:58.508 [] [] [main] TRACE o.s.d.r.c.RepositoryComponentProvider - Ignored because not matching any filter: URL [jar:file:/D:/devtool/repository/Maven/Maven3.2.2/local/repo/com/yonyou/iuap/iuap-jdbc/3.0.0-RELEASE/iuap-jdbc-3.0.0-RELEASE.jar!/com/yonyou/iuap/persistence/bs/dao/AbstractDAO.class]
10:20:58.508 [] [] [main] TRACE o.s.d.r.c.RepositoryComponentProvider - Scanning URL [jar:file:/D:/devtool/repository/Maven/Maven3.2.2/local/repo/com/yonyou/iuap/iuap-jdbc/3.0.0-RELEASE/iuap-jdbc-3.0.0-RELEASE.jar!/com/yonyou/iuap/persistence/bs/dao/BaseDAO.class]
10:20:58.508 [] [] [main] TRACE o.s.d.r.c.RepositoryComponentProvider - Ignored because not matching any filter: URL [jar:file:/D:/devtool/repository/Maven/Maven3.2.2/local/repo/com/yonyou/iuap/iuap-jdbc/3.0.0-RELEASE/iuap-jdbc-3.0.0-RELEASE.jar!/com/yonyou/iuap/persistence/bs/dao/BaseDAO.class]
10:20:58.508 [] [] [main] TRACE o.s.d.r.c.RepositoryComponentProvider - Scanning URL [jar:file:/D:/devtool/repository/Maven/Maven3.2.2/local/repo/com/yonyou/iuap/iuap-jdbc/3.0.0-RELEASE/iuap-jdbc-3.0.0-RELEASE.jar!/com/yonyou/iuap/persistence/bs/dao/DAOException.class]
10:20:58.509 [] [] [main] TRACE o.s.d.r.c.RepositoryComponentProvider - Ignored because not matching any filter: URL [jar:file:/D:/devtool/repository/Maven/Maven3.2.2/local/repo/com/yonyou/iuap/iuap-jdbc/3.0.0-RELEASE/iuap-jdbc-3.0.0-RELEASE.jar!/com/yonyou/iuap/persistence/bs/dao/DAOException.class]
10:20:58.509 [] [] [main] TRACE o.s.d.r.c.RepositoryComponentProvider - Scanning URL [jar:file:/D:/devtool/repository/Maven/Maven3.2.2/local/repo/com/yonyou/iuap/iuap-jdbc/3.0.0-RELEASE/iuap-jdbc-3.0.0-RELEASE.jar!/com/yonyou/iuap/persistence/bs/framework/common/ITimeService.class]
10:20:58.509 [] [] [main] TRACE o.s.d.r.c.RepositoryComponentProvider - Ignored because not matching any filter: URL [jar:file:/D:/devtool/repository/Maven/Maven3.2.2/local/repo/com/yonyou/iuap/iuap-jdbc/3.0.0-RELEASE/iuap-jdbc-3.0.0-RELEASE.jar!/com/yonyou/iuap/persistence/bs/framework/common/ITimeService.class]
10:20:58.509 [] [] [main] TRACE o.s.d.r.c.RepositoryComponentProvider - Scanning URL [jar:file:/D:/devtool/repository/Maven/Maven3.2.2/local/repo/com/yonyou/iuap/iuap-jdbc/3.0.0-RELEASE/iuap-jdbc-3.0.0-RELEASE.jar!/com/yonyou/iuap/persistence/bs/framework/core/service/TimeService.class]
10:20:58.510 [] [] [main] TRACE o.s.d.r.c.RepositoryComponentProvider - Ignored because not matching any filter: URL [jar:file:/D:/devtool/repository/Maven/Maven3.2.2/local/repo/com/yonyou/iuap/iuap-jdbc/3.0.0-RELEASE/iuap-jdbc-3.0.0-RELEASE.jar!/com/yonyou/iuap/persistence/bs/framework/core/service/TimeService.class]
10:20:58.510 [] [] [main] TRACE o.s.d.r.c.RepositoryComponentProvider - Scanning URL [jar:file:/D:/devtool/repository/Maven/Maven3.2.2/local/repo/com/yonyou/iuap/iuap-jdbc/3.0.0-RELEASE/iuap-jdbc-3.0.0-RELEASE.jar!/com/yonyou/iuap/persistence/bs/framework/ds/CrossdbDataSource.class]
10:20:58.510 [] [] [main] TRACE o.s.d.r.c.RepositoryComponentProvider - Ignored because not matching any filter: URL [jar:file:/D:/devtool/repository/Maven/Maven3.2.2/local/repo/com/yonyou/iuap/iuap-jdbc/3.0.0-RELEASE/iuap-jdbc-3.0.0-RELEASE.jar!/com/yonyou/iuap/persistence/bs/framework/ds/CrossdbDataSource.class]
10:20:58.510 [] [] [main] TRACE o.s.d.r.c.RepositoryComponentProvider - Scanning URL [jar:file:/D:/devtool/repository/Maven/Maven3.2.2/local/repo/com/yonyou/iuap/iuap-jdbc/3.0.0-RELEASE/iuap-jdbc-3.0.0-RELEASE.jar!/com/yonyou/iuap/persistence/bs/mw/sqltrans/Expresion_str.class]
10:20:58.511 [] [] [main] TRACE o.s.d.r.c.RepositoryComponentProvider - Ignored because not matching any filter: URL [jar:file:/D:/devtool/repository/Maven/Maven3.2.2/local/repo/com/yonyou/iuap/iuap-jdbc/3.0.0-RELEASE/iuap-jdbc-3.0.0-RELEASE.jar!/com/yonyou/iuap/persistence/bs/mw/sqltrans/Expresion_str.class]
10:20:58.511 [] [] [main] TRACE o.s.d.r.c.RepositoryComponentProvider - Scanning URL [jar:file:/D:/devtool/repository/Maven/Maven3.2.2/local/repo/com/yonyou/iuap/iuap-jdbc/3.0.0-RELEASE/iuap-jdbc-3.0.0-RELEASE.jar!/com/yonyou/iuap/persistence/bs/mw/sqltrans/Express_str.class]
10:20:58.511 [] [] [main] TRACE o.s.d.r.c.RepositoryComponentProvider - Ignored because not matching any filter: URL [jar:file:/D:/devtool/repository/Maven/Maven3.2.2/local/repo/com/yonyou/iuap/iuap-jdbc/3.0.0-RELEASE/iuap-jdbc-3.0.0-RELEASE.jar!/com/yonyou/iuap/persistence/bs/mw/sqltrans/Express_str.class]
10:20:58.511 [] [] [main] TRACE o.s.d.r.c.RepositoryComponentProvider - Scanning URL [jar:file:/D:/devtool/repository/Maven/Maven3.2.2/local/repo/com/yonyou/iuap/iuap-jdbc/3.0.0-RELEASE/iuap-jdbc-3.0.0-RELEASE.jar!/com/yonyou/iuap/persistence/bs/mw/sqltrans/FunctionDict.class]
10:20:58.512 [] [] [main] TRACE o.s.d.r.c.RepositoryComponentProvider - Ignored because not matching any filter: URL [jar:file:/D:/devtool/repository/Maven/Maven3.2.2/local/repo/com/yonyou/iuap/iuap-jdbc/3.0.0-RELEASE/iuap-jdbc-3.0.0-RELEASE.jar!/com/yonyou/iuap/persistence/bs/mw/sqltrans/FunctionDict.class]
10:20:58.512 [] [] [main] TRACE o.s.d.r.c.RepositoryComponentProvider - Scanning URL [jar:file:/D:/devtool/repository/Maven/Maven3.2.2/local/repo/com/yonyou/iuap/iuap-jdbc/3.0.0-RELEASE/iuap-jdbc-3.0.0-RELEASE.jar!/com/yonyou/iuap/persistence/bs/mw/sqltrans/ITranslator.class]
10:20:58.512 [] [] [main] TRACE o.s.d.r.c.RepositoryComponentProvider - Ignored because not matching any filter: URL [jar:file:/D:/devtool/repository/Maven/Maven3.2.2/local/repo/com/yonyou/iuap/iuap-jdbc/3.0.0-RELEASE/iuap-jdbc-3.0.0-RELEASE.jar!/com/yonyou/iuap/persistence/bs/mw/sqltrans/ITranslator.class]
10:20:58.512 [] [] [main] TRACE o.s.d.r.c.RepositoryComponentProvider - Scanning URL [jar:file:/D:/devtool/repository/Maven/Maven3.2.2/local/repo/com/yonyou/iuap/iuap-jdbc/3.0.0-RELEASE/iuap-jdbc-3.0.0-RELEASE.jar!/com/yonyou/iuap/persistence/bs/mw/sqltrans/SqlTranslator.class]
10:20:58.512 [] [] [main] TRACE o.s.d.r.c.RepositoryComponentProvider - Ignored because not matching any filter: URL [jar:file:/D:/devtool/repository/Maven/Maven3.2.2/local/repo/com/yonyou/iuap/iuap-jdbc/3.0.0-RELEASE/iuap-jdbc-3.0.0-RELEASE.jar!/com/yonyou/iuap/persistence/bs/mw/sqltrans/SqlTranslator.class]
10:20:58.513 [] [] [main] TRACE o.s.d.r.c.RepositoryComponentProvider - Scanning URL [jar:file:/D:/devtool/repository/Maven/Maven3.2.2/local/repo/com/yonyou/iuap/iuap-jdbc/3.0.0-RELEASE/iuap-jdbc-3.0.0-RELEASE.jar!/com/yonyou/iuap/persistence/bs/mw/sqltrans/TempTable.class]
10:20:58.513 [] [] [main] TRACE o.s.d.r.c.RepositoryComponentProvider - Ignored because not matching any filter: URL [jar:file:/D:/devtool/repository/Maven/Maven3.2.2/local/repo/com/yonyou/iuap/iuap-jdbc/3.0.0-RELEASE/iuap-jdbc-3.0.0-RELEASE.jar!/com/yonyou/iuap/persistence/bs/mw/sqltrans/TempTable.class]
10:20:58.513 [] [] [main] TRACE o.s.d.r.c.RepositoryComponentProvider - Scanning URL [jar:file:/D:/devtool/repository/Maven/Maven3.2.2/local/repo/com/yonyou/iuap/iuap-jdbc/3.0.0-RELEASE/iuap-jdbc-3.0.0-RELEASE.jar!/com/yonyou/iuap/persistence/bs/mw/sqltrans/TranslateToAlcedo.class]
10:20:58.515 [] [] [main] TRACE o.s.d.r.c.RepositoryComponentProvider - Ignored because not matching any filter: URL [jar:file:/D:/devtool/repository/Maven/Maven3.2.2/local/repo/com/yonyou/iuap/iuap-jdbc/3.0.0-RELEASE/iuap-jdbc-3.0.0-RELEASE.jar!/com/yonyou/iuap/persistence/bs/mw/sqltrans/TranslateToAlcedo.class]
10:20:58.515 [] [] [main] TRACE o.s.d.r.c.RepositoryComponentProvider - Scanning URL [jar:file:/D:/devtool/repository/Maven/Maven3.2.2/local/repo/com/yonyou/iuap/iuap-jdbc/3.0.0-RELEASE/iuap-jdbc-3.0.0-RELEASE.jar!/com/yonyou/iuap/persistence/bs/mw/sqltrans/TranslateToDB2.class]
10:20:58.515 [] [] [main] TRACE o.s.d.r.c.RepositoryComponentProvider - Ignored because not matching any filter: URL [jar:file:/D:/devtool/repository/Maven/Maven3.2.2/local/repo/com/yonyou/iuap/iuap-jdbc/3.0.0-RELEASE/iuap-jdbc-3.0.0-RELEASE.jar!/com/yonyou/iuap/persistence/bs/mw/sqltrans/TranslateToDB2.class]
10:20:58.515 [] [] [main] TRACE o.s.d.r.c.RepositoryComponentProvider - Scanning URL [jar:file:/D:/devtool/repository/Maven/Maven3.2.2/local/repo/com/yonyou/iuap/iuap-jdbc/3.0.0-RELEASE/iuap-jdbc-3.0.0-RELEASE.jar!/com/yonyou/iuap/persistence/bs/mw/sqltrans/TranslateToGbase.class]
10:20:58.516 [] [] [main] TRACE o.s.d.r.c.RepositoryComponentProvider - Ignored because not matching any filter: URL [jar:file:/D:/devtool/repository/Maven/Maven3.2.2/local/repo/com/yonyou/iuap/iuap-jdbc/3.0.0-RELEASE/iuap-jdbc-3.0.0-RELEASE.jar!/com/yonyou/iuap/persistence/bs/mw/sqltrans/TranslateToGbase.class]
10:20:58.516 [] [] [main] TRACE o.s.d.r.c.RepositoryComponentProvider - Scanning URL [jar:file:/D:/devtool/repository/Maven/Maven3.2.2/local/repo/com/yonyou/iuap/iuap-jdbc/3.0.0-RELEASE/iuap-jdbc-3.0.0-RELEASE.jar!/com/yonyou/iuap/persistence/bs/mw/sqltrans/TranslateToInformix.class]
10:20:58.517 [] [] [main] TRACE o.s.d.r.c.RepositoryComponentProvider - Ignored because not matching any filter: URL [jar:file:/D:/devtool/repository/Maven/Maven3.2.2/local/repo/com/yonyou/iuap/iuap-jdbc/3.0.0-RELEASE/iuap-jdbc-3.0.0-RELEASE.jar!/com/yonyou/iuap/persistence/bs/mw/sqltrans/TranslateToInformix.class]
10:20:58.517 [] [] [main] TRACE o.s.d.r.c.RepositoryComponentProvider - Scanning URL [jar:file:/D:/devtool/repository/Maven/Maven3.2.2/local/repo/com/yonyou/iuap/iuap-jdbc/3.0.0-RELEASE/iuap-jdbc-3.0.0-RELEASE.jar!/com/yonyou/iuap/persistence/bs/mw/sqltrans/TranslateToMySQL.class]
10:20:58.519 [] [] [main] TRACE o.s.d.r.c.RepositoryComponentProvider - Ignored because not matching any filter: URL [jar:file:/D:/devtool/repository/Maven/Maven3.2.2/local/repo/com/yonyou/iuap/iuap-jdbc/3.0.0-RELEASE/iuap-jdbc-3.0.0-RELEASE.jar!/com/yonyou/iuap/persistence/bs/mw/sqltrans/TranslateToMySQL.class]
10:20:58.519 [] [] [main] TRACE o.s.d.r.c.RepositoryComponentProvider - Scanning URL [jar:file:/D:/devtool/repository/Maven/Maven3.2.2/local/repo/com/yonyou/iuap/iuap-jdbc/3.0.0-RELEASE/iuap-jdbc-3.0.0-RELEASE.jar!/com/yonyou/iuap/persistence/bs/mw/sqltrans/TranslateToOracle.class]
10:20:58.520 [] [] [main] TRACE o.s.d.r.c.RepositoryComponentProvider - Ignored because not matching any filter: URL [jar:file:/D:/devtool/repository/Maven/Maven3.2.2/local/repo/com/yonyou/iuap/iuap-jdbc/3.0.0-RELEASE/iuap-jdbc-3.0.0-RELEASE.jar!/com/yonyou/iuap/persistence/bs/mw/sqltrans/TranslateToOracle.class]
10:20:58.520 [] [] [main] TRACE o.s.d.r.c.RepositoryComponentProvider - Scanning URL [jar:file:/D:/devtool/repository/Maven/Maven3.2.2/local/repo/com/yonyou/iuap/iuap-jdbc/3.0.0-RELEASE/iuap-jdbc-3.0.0-RELEASE.jar!/com/yonyou/iuap/persistence/bs/mw/sqltrans/TranslateToOscar.class]
10:20:58.521 [] [] [main] TRACE o.s.d.r.c.RepositoryComponentProvider - Ignored because not matching any filter: URL [jar:file:/D:/devtool/repository/Maven/Maven3.2.2/local/repo/com/yonyou/iuap/iuap-jdbc/3.0.0-RELEASE/iuap-jdbc-3.0.0-RELEASE.jar!/com/yonyou/iuap/persistence/bs/mw/sqltrans/TranslateToOscar.class]
10:20:58.521 [] [] [main] TRACE o.s.d.r.c.RepositoryComponentProvider - Scanning URL [jar:file:/D:/devtool/repository/Maven/Maven3.2.2/local/repo/com/yonyou/iuap/iuap-jdbc/3.0.0-RELEASE/iuap-jdbc-3.0.0-RELEASE.jar!/com/yonyou/iuap/persistence/bs/mw/sqltrans/TranslateToPostgreSQL.class]
10:20:58.522 [] [] [main] TRACE o.s.d.r.c.RepositoryComponentProvider - Ignored because not matching any filter: URL [jar:file:/D:/devtool/repository/Maven/Maven3.2.2/local/repo/com/yonyou/iuap/iuap-jdbc/3.0.0-RELEASE/iuap-jdbc-3.0.0-RELEASE.jar!/com/yonyou/iuap/persistence/bs/mw/sqltrans/TranslateToPostgreSQL.class]
10:20:58.522 [] [] [main] TRACE o.s.d.r.c.RepositoryComponentProvider - Scanning URL [jar:file:/D:/devtool/repository/Maven/Maven3.2.2/local/repo/com/yonyou/iuap/iuap-jdbc/3.0.0-RELEASE/iuap-jdbc-3.0.0-RELEASE.jar!/com/yonyou/iuap/persistence/bs/mw/sqltrans/TranslateToSqlServer.class]
10:20:58.522 [] [] [main] TRACE o.s.d.r.c.RepositoryComponentProvider - Ignored because not matching any filter: URL [jar:file:/D:/devtool/repository/Maven/Maven3.2.2/local/repo/com/yonyou/iuap/iuap-jdbc/3.0.0-RELEASE/iuap-jdbc-3.0.0-RELEASE.jar!/com/yonyou/iuap/persistence/bs/mw/sqltrans/TranslateToSqlServer.class]
10:20:58.522 [] [] [main] TRACE o.s.d.r.c.RepositoryComponentProvider - Scanning URL [jar:file:/D:/devtool/repository/Maven/Maven3.2.2/local/repo/com/yonyou/iuap/iuap-jdbc/3.0.0-RELEASE/iuap-jdbc-3.0.0-RELEASE.jar!/com/yonyou/iuap/persistence/bs/mw/sqltrans/TranslateToSybase.class]
10:20:58.522 [] [] [main] TRACE o.s.d.r.c.RepositoryComponentProvider - Ignored because not matching any filter: URL [jar:file:/D:/devtool/repository/Maven/Maven3.2.2/local/repo/com/yonyou/iuap/iuap-jdbc/3.0.0-RELEASE/iuap-jdbc-3.0.0-RELEASE.jar!/com/yonyou/iuap/persistence/bs/mw/sqltrans/TranslateToSybase.class]
10:20:58.522 [] [] [main] TRACE o.s.d.r.c.RepositoryComponentProvider - Scanning URL [jar:file:/D:/devtool/repository/Maven/Maven3.2.2/local/repo/com/yonyou/iuap/iuap-jdbc/3.0.0-RELEASE/iuap-jdbc-3.0.0-RELEASE.jar!/com/yonyou/iuap/persistence/bs/mw/sqltrans/TranslatorObject.class]
10:20:58.523 [] [] [main] TRACE o.s.d.r.c.RepositoryComponentProvider - Ignored because not matching any filter: URL [jar:file:/D:/devtool/repository/Maven/Maven3.2.2/local/repo/com/yonyou/iuap/iuap-jdbc/3.0.0-RELEASE/iuap-jdbc-3.0.0-RELEASE.jar!/com/yonyou/iuap/persistence/bs/mw/sqltrans/TranslatorObject.class]
10:20:58.523 [] [] [main] TRACE o.s.d.r.c.RepositoryComponentProvider - Scanning URL [jar:file:/D:/devtool/repository/Maven/Maven3.2.2/local/repo/com/yonyou/iuap/iuap-jdbc/3.0.0-RELEASE/iuap-jdbc-3.0.0-RELEASE.jar!/com/yonyou/iuap/persistence/bs/mw/sqltrans/TransUnit.class]
10:20:58.523 [] [] [main] TRACE o.s.d.r.c.RepositoryComponentProvider - Ignored because not matching any filter: URL [jar:file:/D:/devtool/repository/Maven/Maven3.2.2/local/repo/com/yonyou/iuap/iuap-jdbc/3.0.0-RELEASE/iuap-jdbc-3.0.0-RELEASE.jar!/com/yonyou/iuap/persistence/bs/mw/sqltrans/TransUnit.class]
10:20:58.523 [] [] [main] TRACE o.s.d.r.c.RepositoryComponentProvider - Scanning URL [jar:file:/D:/devtool/repository/Maven/Maven3.2.2/local/repo/com/yonyou/iuap/iuap-jdbc/3.0.0-RELEASE/iuap-jdbc-3.0.0-RELEASE.jar!/com/yonyou/iuap/persistence/bs/util/DBMetaHelper$ColCache.class]
10:20:58.524 [] [] [main] TRACE o.s.d.r.c.RepositoryComponentProvider - Ignored because not matching any filter: URL [jar:file:/D:/devtool/repository/Maven/Maven3.2.2/local/repo/com/yonyou/iuap/iuap-jdbc/3.0.0-RELEASE/iuap-jdbc-3.0.0-RELEASE.jar!/com/yonyou/iuap/persistence/bs/util/DBMetaHelper$ColCache.class]
10:20:58.524 [] [] [main] TRACE o.s.d.r.c.RepositoryComponentProvider - Scanning URL [jar:file:/D:/devtool/repository/Maven/Maven3.2.2/local/repo/com/yonyou/iuap/iuap-jdbc/3.0.0-RELEASE/iuap-jdbc-3.0.0-RELEASE.jar!/com/yonyou/iuap/persistence/bs/util/DBMetaHelper.class]
10:20:58.524 [] [] [main] TRACE o.s.d.r.c.RepositoryComponentProvider - Ignored because not matching any filter: URL [jar:file:/D:/devtool/repository/Maven/Maven3.2.2/local/repo/com/yonyou/iuap/iuap-jdbc/3.0.0-RELEASE/iuap-jdbc-3.0.0-RELEASE.jar!/com/yonyou/iuap/persistence/bs/util/DBMetaHelper.class]
10:20:58.524 [] [] [main] TRACE o.s.d.r.c.RepositoryComponentProvider - Scanning URL [jar:file:/D:/devtool/repository/Maven/Maven3.2.2/local/repo/com/yonyou/iuap/iuap-jdbc/3.0.0-RELEASE/iuap-jdbc-3.0.0-RELEASE.jar!/com/yonyou/iuap/persistence/itf/uap/IUAPQueryBS.class]
10:20:58.524 [] [] [main] TRACE o.s.d.r.c.RepositoryComponentProvider - Ignored because not matching any filter: URL [jar:file:/D:/devtool/repository/Maven/Maven3.2.2/local/repo/com/yonyou/iuap/iuap-jdbc/3.0.0-RELEASE/iuap-jdbc-3.0.0-RELEASE.jar!/com/yonyou/iuap/persistence/itf/uap/IUAPQueryBS.class]
10:20:58.525 [] [] [main] TRACE o.s.d.r.c.RepositoryComponentProvider - Scanning URL [jar:file:/D:/devtool/repository/Maven/Maven3.2.2/local/repo/com/yonyou/iuap/iuap-jdbc/3.0.0-RELEASE/iuap-jdbc-3.0.0-RELEASE.jar!/com/yonyou/iuap/persistence/itf/uap/IVOPersistence.class]
10:20:58.525 [] [] [main] TRACE o.s.d.r.c.RepositoryComponentProvider - Ignored because not matching any filter: URL [jar:file:/D:/devtool/repository/Maven/Maven3.2.2/local/repo/com/yonyou/iuap/iuap-jdbc/3.0.0-RELEASE/iuap-jdbc-3.0.0-RELEASE.jar!/com/yonyou/iuap/persistence/itf/uap/IVOPersistence.class]
10:20:58.525 [] [] [main] TRACE o.s.d.r.c.RepositoryComponentProvider - Scanning URL [jar:file:/D:/devtool/repository/Maven/Maven3.2.2/local/repo/com/yonyou/iuap/iuap-jdbc/3.0.0-RELEASE/iuap-jdbc-3.0.0-RELEASE.jar!/com/yonyou/iuap/persistence/jdbc/framework/AbstractJdbcPersistenceManager$1.class]
10:20:58.526 [] [] [main] TRACE o.s.d.r.c.RepositoryComponentProvider - Ignored because not matching any filter: URL [jar:file:/D:/devtool/repository/Maven/Maven3.2.2/local/repo/com/yonyou/iuap/iuap-jdbc/3.0.0-RELEASE/iuap-jdbc-3.0.0-RELEASE.jar!/com/yonyou/iuap/persistence/jdbc/framework/AbstractJdbcPersistenceManager$1.class]
10:20:58.526 [] [] [main] TRACE o.s.d.r.c.RepositoryComponentProvider - Scanning URL [jar:file:/D:/devtool/repository/Maven/Maven3.2.2/local/repo/com/yonyou/iuap/iuap-jdbc/3.0.0-RELEASE/iuap-jdbc-3.0.0-RELEASE.jar!/com/yonyou/iuap/persistence/jdbc/framework/AbstractJdbcPersistenceManager$2.class]
10:20:58.526 [] [] [main] TRACE o.s.d.r.c.RepositoryComponentProvider - Ignored because not matching any filter: URL [jar:file:/D:/devtool/repository/Maven/Maven3.2.2/local/repo/com/yonyou/iuap/iuap-jdbc/3.0.0-RELEASE/iuap-jdbc-3.0.0-RELEASE.jar!/com/yonyou/iuap/persistence/jdbc/framework/AbstractJdbcPersistenceManager$2.class]
10:20:58.526 [] [] [main] TRACE o.s.d.r.c.RepositoryComponentProvider - Scanning URL [jar:file:/D:/devtool/repository/Maven/Maven3.2.2/local/repo/com/yonyou/iuap/iuap-jdbc/3.0.0-RELEASE/iuap-jdbc-3.0.0-RELEASE.jar!/com/yonyou/iuap/persistence/jdbc/framework/AbstractJdbcPersistenceManager.class]
10:20:58.526 [] [] [main] TRACE o.s.d.r.c.RepositoryComponentProvider - Ignored because not matching any filter: URL [jar:file:/D:/devtool/repository/Maven/Maven3.2.2/local/repo/com/yonyou/iuap/iuap-jdbc/3.0.0-RELEASE/iuap-jdbc-3.0.0-RELEASE.jar!/com/yonyou/iuap/persistence/jdbc/framework/AbstractJdbcPersistenceManager.class]
10:20:58.527 [] [] [main] TRACE o.s.d.r.c.RepositoryComponentProvider - Scanning URL [jar:file:/D:/devtool/repository/Maven/Maven3.2.2/local/repo/com/yonyou/iuap/iuap-jdbc/3.0.0-RELEASE/iuap-jdbc-3.0.0-RELEASE.jar!/com/yonyou/iuap/persistence/jdbc/framework/annotation/Column.class]
10:20:58.527 [] [] [main] TRACE o.s.d.r.c.RepositoryComponentProvider - Ignored because not matching any filter: URL [jar:file:/D:/devtool/repository/Maven/Maven3.2.2/local/repo/com/yonyou/iuap/iuap-jdbc/3.0.0-RELEASE/iuap-jdbc-3.0.0-RELEASE.jar!/com/yonyou/iuap/persistence/jdbc/framework/annotation/Column.class]
10:20:58.527 [] [] [main] TRACE o.s.d.r.c.RepositoryComponentProvider - Scanning URL [jar:file:/D:/devtool/repository/Maven/Maven3.2.2/local/repo/com/yonyou/iuap/iuap-jdbc/3.0.0-RELEASE/iuap-jdbc-3.0.0-RELEASE.jar!/com/yonyou/iuap/persistence/jdbc/framework/annotation/Entity.class]
10:20:58.527 [] [] [main] TRACE o.s.d.r.c.RepositoryComponentProvider - Ignored because not matching any filter: URL [jar:file:/D:/devtool/repository/Maven/Maven3.2.2/local/repo/com/yonyou/iuap/iuap-jdbc/3.0.0-RELEASE/iuap-jdbc-3.0.0-RELEASE.jar!/com/yonyou/iuap/persistence/jdbc/framework/annotation/Entity.class]
10:20:58.527 [] [] [main] TRACE o.s.d.r.c.RepositoryComponentProvider - Scanning URL [jar:file:/D:/devtool/repository/Maven/Maven3.2.2/local/repo/com/yonyou/iuap/iuap-jdbc/3.0.0-RELEASE/iuap-jdbc-3.0.0-RELEASE.jar!/com/yonyou/iuap/persistence/jdbc/framework/annotation/FK.class]
10:20:58.528 [] [] [main] TRACE o.s.d.r.c.RepositoryComponentProvider - Ignored because not matching any filter: URL [jar:file:/D:/devtool/repository/Maven/Maven3.2.2/local/repo/com/yonyou/iuap/iuap-jdbc/3.0.0-RELEASE/iuap-jdbc-3.0.0-RELEASE.jar!/com/yonyou/iuap/persistence/jdbc/framework/annotation/FK.class]
10:20:58.528 [] [] [main] TRACE o.s.d.r.c.RepositoryComponentProvider - Scanning URL [jar:file:/D:/devtool/repository/Maven/Maven3.2.2/local/repo/com/yonyou/iuap/iuap-jdbc/3.0.0-RELEASE/iuap-jdbc-3.0.0-RELEASE.jar!/com/yonyou/iuap/persistence/jdbc/framework/annotation/GeneratedValue.class]
10:20:58.528 [] [] [main] TRACE o.s.d.r.c.RepositoryComponentProvider - Ignored because not matching any filter: URL [jar:file:/D:/devtool/repository/Maven/Maven3.2.2/local/repo/com/yonyou/iuap/iuap-jdbc/3.0.0-RELEASE/iuap-jdbc-3.0.0-RELEASE.jar!/com/yonyou/iuap/persistence/jdbc/framework/annotation/GeneratedValue.class]
10:20:58.528 [] [] [main] TRACE o.s.d.r.c.RepositoryComponentProvider - Scanning URL [jar:file:/D:/devtool/repository/Maven/Maven3.2.2/local/repo/com/yonyou/iuap/iuap-jdbc/3.0.0-RELEASE/iuap-jdbc-3.0.0-RELEASE.jar!/com/yonyou/iuap/persistence/jdbc/framework/annotation/Id.class]
10:20:58.528 [] [] [main] TRACE o.s.d.r.c.RepositoryComponentProvider - Ignored because not matching any filter: URL [jar:file:/D:/devtool/repository/Maven/Maven3.2.2/local/repo/com/yonyou/iuap/iuap-jdbc/3.0.0-RELEASE/iuap-jdbc-3.0.0-RELEASE.jar!/com/yonyou/iuap/persistence/jdbc/framework/annotation/Id.class]
10:20:58.528 [] [] [main] TRACE o.s.d.r.c.RepositoryComponentProvider - Scanning URL [jar:file:/D:/devtool/repository/Maven/Maven3.2.2/local/repo/com/yonyou/iuap/iuap-jdbc/3.0.0-RELEASE/iuap-jdbc-3.0.0-RELEASE.jar!/com/yonyou/iuap/persistence/jdbc/framework/annotation/OneToMany.class]
10:20:58.529 [] [] [main] TRACE o.s.d.r.c.RepositoryComponentProvider - Ignored because not matching any filter: URL [jar:file:/D:/devtool/repository/Maven/Maven3.2.2/local/repo/com/yonyou/iuap/iuap-jdbc/3.0.0-RELEASE/iuap-jdbc-3.0.0-RELEASE.jar!/com/yonyou/iuap/persistence/jdbc/framework/annotation/OneToMany.class]
10:20:58.529 [] [] [main] TRACE o.s.d.r.c.RepositoryComponentProvider - Scanning URL [jar:file:/D:/devtool/repository/Maven/Maven3.2.2/local/repo/com/yonyou/iuap/iuap-jdbc/3.0.0-RELEASE/iuap-jdbc-3.0.0-RELEASE.jar!/com/yonyou/iuap/persistence/jdbc/framework/annotation/Stragegy.class]
10:20:58.529 [] [] [main] TRACE o.s.d.r.c.RepositoryComponentProvider - Ignored because not matching any filter: URL [jar:file:/D:/devtool/repository/Maven/Maven3.2.2/local/repo/com/yonyou/iuap/iuap-jdbc/3.0.0-RELEASE/iuap-jdbc-3.0.0-RELEASE.jar!/com/yonyou/iuap/persistence/jdbc/framework/annotation/Stragegy.class]
10:20:58.529 [] [] [main] TRACE o.s.d.r.c.RepositoryComponentProvider - Scanning URL [jar:file:/D:/devtool/repository/Maven/Maven3.2.2/local/repo/com/yonyou/iuap/iuap-jdbc/3.0.0-RELEASE/iuap-jdbc-3.0.0-RELEASE.jar!/com/yonyou/iuap/persistence/jdbc/framework/annotation/Table.class]
10:20:58.529 [] [] [main] TRACE o.s.d.r.c.RepositoryComponentProvider - Ignored because not matching any filter: URL [jar:file:/D:/devtool/repository/Maven/Maven3.2.2/local/repo/com/yonyou/iuap/iuap-jdbc/3.0.0-RELEASE/iuap-jdbc-3.0.0-RELEASE.jar!/com/yonyou/iuap/persistence/jdbc/framework/annotation/Table.class]
10:20:58.529 [] [] [main] TRACE o.s.d.r.c.RepositoryComponentProvider - Scanning URL [jar:file:/D:/devtool/repository/Maven/Maven3.2.2/local/repo/com/yonyou/iuap/iuap-jdbc/3.0.0-RELEASE/iuap-jdbc-3.0.0-RELEASE.jar!/com/yonyou/iuap/persistence/jdbc/framework/crossdb/adapter/Adapter.class]
10:20:58.530 [] [] [main] TRACE o.s.d.r.c.RepositoryComponentProvider - Ignored because not matching any filter: URL [jar:file:/D:/devtool/repository/Maven/Maven3.2.2/local/repo/com/yonyou/iuap/iuap-jdbc/3.0.0-RELEASE/iuap-jdbc-3.0.0-RELEASE.jar!/com/yonyou/iuap/persistence/jdbc/framework/crossdb/adapter/Adapter.class]
10:20:58.530 [] [] [main] TRACE o.s.d.r.c.RepositoryComponentProvider - Scanning URL [jar:file:/D:/devtool/repository/Maven/Maven3.2.2/local/repo/com/yonyou/iuap/iuap-jdbc/3.0.0-RELEASE/iuap-jdbc-3.0.0-RELEASE.jar!/com/yonyou/iuap/persistence/jdbc/framework/crossdb/adapter/AdapterFactory.class]
10:20:58.530 [] [] [main] TRACE o.s.d.r.c.RepositoryComponentProvider - Ignored because not matching any filter: URL [jar:file:/D:/devtool/repository/Maven/Maven3.2.2/local/repo/com/yonyou/iuap/iuap-jdbc/3.0.0-RELEASE/iuap-jdbc-3.0.0-RELEASE.jar!/com/yonyou/iuap/persistence/jdbc/framework/crossdb/adapter/AdapterFactory.class]
10:20:58.530 [] [] [main] TRACE o.s.d.r.c.RepositoryComponentProvider - Scanning URL [jar:file:/D:/devtool/repository/Maven/Maven3.2.2/local/repo/com/yonyou/iuap/iuap-jdbc/3.0.0-RELEASE/iuap-jdbc-3.0.0-RELEASE.jar!/com/yonyou/iuap/persistence/jdbc/framework/crossdb/adapter/AlcedoAdapter.class]
10:20:58.531 [] [] [main] TRACE o.s.d.r.c.RepositoryComponentProvider - Ignored because not matching any filter: URL [jar:file:/D:/devtool/repository/Maven/Maven3.2.2/local/repo/com/yonyou/iuap/iuap-jdbc/3.0.0-RELEASE/iuap-jdbc-3.0.0-RELEASE.jar!/com/yonyou/iuap/persistence/jdbc/framework/crossdb/adapter/AlcedoAdapter.class]
10:20:58.531 [] [] [main] TRACE o.s.d.r.c.RepositoryComponentProvider - Scanning URL [jar:file:/D:/devtool/repository/Maven/Maven3.2.2/local/repo/com/yonyou/iuap/iuap-jdbc/3.0.0-RELEASE/iuap-jdbc-3.0.0-RELEASE.jar!/com/yonyou/iuap/persistence/jdbc/framework/crossdb/adapter/BaseAdapter.class]
10:20:58.531 [] [] [main] TRACE o.s.d.r.c.RepositoryComponentProvider - Ignored because not matching any filter: URL [jar:file:/D:/devtool/repository/Maven/Maven3.2.2/local/repo/com/yonyou/iuap/iuap-jdbc/3.0.0-RELEASE/iuap-jdbc-3.0.0-RELEASE.jar!/com/yonyou/iuap/persistence/jdbc/framework/crossdb/adapter/BaseAdapter.class]
10:20:58.531 [] [] [main] TRACE o.s.d.r.c.RepositoryComponentProvider - Scanning URL [jar:file:/D:/devtool/repository/Maven/Maven3.2.2/local/repo/com/yonyou/iuap/iuap-jdbc/3.0.0-RELEASE/iuap-jdbc-3.0.0-RELEASE.jar!/com/yonyou/iuap/persistence/jdbc/framework/crossdb/adapter/DB2Adapter.class]
10:20:58.532 [] [] [main] TRACE o.s.d.r.c.RepositoryComponentProvider - Ignored because not matching any filter: URL [jar:file:/D:/devtool/repository/Maven/Maven3.2.2/local/repo/com/yonyou/iuap/iuap-jdbc/3.0.0-RELEASE/iuap-jdbc-3.0.0-RELEASE.jar!/com/yonyou/iuap/persistence/jdbc/framework/crossdb/adapter/DB2Adapter.class]
10:20:58.532 [] [] [main] TRACE o.s.d.r.c.RepositoryComponentProvider - Scanning URL [jar:file:/D:/devtool/repository/Maven/Maven3.2.2/local/repo/com/yonyou/iuap/iuap-jdbc/3.0.0-RELEASE/iuap-jdbc-3.0.0-RELEASE.jar!/com/yonyou/iuap/persistence/jdbc/framework/crossdb/adapter/GbaseAdapter.class]
10:20:58.532 [] [] [main] TRACE o.s.d.r.c.RepositoryComponentProvider - Ignored because not matching any filter: URL [jar:file:/D:/devtool/repository/Maven/Maven3.2.2/local/repo/com/yonyou/iuap/iuap-jdbc/3.0.0-RELEASE/iuap-jdbc-3.0.0-RELEASE.jar!/com/yonyou/iuap/persistence/jdbc/framework/crossdb/adapter/GbaseAdapter.class]
10:20:58.532 [] [] [main] TRACE o.s.d.r.c.RepositoryComponentProvider - Scanning URL [jar:file:/D:/devtool/repository/Maven/Maven3.2.2/local/repo/com/yonyou/iuap/iuap-jdbc/3.0.0-RELEASE/iuap-jdbc-3.0.0-RELEASE.jar!/com/yonyou/iuap/persistence/jdbc/framework/crossdb/adapter/MySQLAdapter.class]
10:20:58.532 [] [] [main] TRACE o.s.d.r.c.RepositoryComponentProvider - Ignored because not matching any filter: URL [jar:file:/D:/devtool/repository/Maven/Maven3.2.2/local/repo/com/yonyou/iuap/iuap-jdbc/3.0.0-RELEASE/iuap-jdbc-3.0.0-RELEASE.jar!/com/yonyou/iuap/persistence/jdbc/framework/crossdb/adapter/MySQLAdapter.class]
10:20:58.532 [] [] [main] TRACE o.s.d.r.c.RepositoryComponentProvider - Scanning URL [jar:file:/D:/devtool/repository/Maven/Maven3.2.2/local/repo/com/yonyou/iuap/iuap-jdbc/3.0.0-RELEASE/iuap-jdbc-3.0.0-RELEASE.jar!/com/yonyou/iuap/persistence/jdbc/framework/crossdb/adapter/OracleAdapter.class]
10:20:58.533 [] [] [main] TRACE o.s.d.r.c.RepositoryComponentProvider - Ignored because not matching any filter: URL [jar:file:/D:/devtool/repository/Maven/Maven3.2.2/local/repo/com/yonyou/iuap/iuap-jdbc/3.0.0-RELEASE/iuap-jdbc-3.0.0-RELEASE.jar!/com/yonyou/iuap/persistence/jdbc/framework/crossdb/adapter/OracleAdapter.class]
10:20:58.533 [] [] [main] TRACE o.s.d.r.c.RepositoryComponentProvider - Scanning URL [jar:file:/D:/devtool/repository/Maven/Maven3.2.2/local/repo/com/yonyou/iuap/iuap-jdbc/3.0.0-RELEASE/iuap-jdbc-3.0.0-RELEASE.jar!/com/yonyou/iuap/persistence/jdbc/framework/crossdb/adapter/PostgresAdapter.class]
10:20:58.534 [] [] [main] TRACE o.s.d.r.c.RepositoryComponentProvider - Ignored because not matching any filter: URL [jar:file:/D:/devtool/repository/Maven/Maven3.2.2/local/repo/com/yonyou/iuap/iuap-jdbc/3.0.0-RELEASE/iuap-jdbc-3.0.0-RELEASE.jar!/com/yonyou/iuap/persistence/jdbc/framework/crossdb/adapter/PostgresAdapter.class]
10:20:58.534 [] [] [main] TRACE o.s.d.r.c.RepositoryComponentProvider - Scanning URL [jar:file:/D:/devtool/repository/Maven/Maven3.2.2/local/repo/com/yonyou/iuap/iuap-jdbc/3.0.0-RELEASE/iuap-jdbc-3.0.0-RELEASE.jar!/com/yonyou/iuap/persistence/jdbc/framework/crossdb/adapter/SQLServerAdapter.class]
10:20:58.534 [] [] [main] TRACE o.s.d.r.c.RepositoryComponentProvider - Ignored because not matching any filter: URL [jar:file:/D:/devtool/repository/Maven/Maven3.2.2/local/repo/com/yonyou/iuap/iuap-jdbc/3.0.0-RELEASE/iuap-jdbc-3.0.0-RELEASE.jar!/com/yonyou/iuap/persistence/jdbc/framework/crossdb/adapter/SQLServerAdapter.class]
10:20:58.534 [] [] [main] TRACE o.s.d.r.c.RepositoryComponentProvider - Scanning URL [jar:file:/D:/devtool/repository/Maven/Maven3.2.2/local/repo/com/yonyou/iuap/iuap-jdbc/3.0.0-RELEASE/iuap-jdbc-3.0.0-RELEASE.jar!/com/yonyou/iuap/persistence/jdbc/framework/crossdb/CrossDBConnection.class]
10:20:58.535 [] [] [main] TRACE o.s.d.r.c.RepositoryComponentProvider - Ignored because not matching any filter: URL [jar:file:/D:/devtool/repository/Maven/Maven3.2.2/local/repo/com/yonyou/iuap/iuap-jdbc/3.0.0-RELEASE/iuap-jdbc-3.0.0-RELEASE.jar!/com/yonyou/iuap/persistence/jdbc/framework/crossdb/CrossDBConnection.class]
10:20:58.535 [] [] [main] TRACE o.s.d.r.c.RepositoryComponentProvider - Scanning URL [jar:file:/D:/devtool/repository/Maven/Maven3.2.2/local/repo/com/yonyou/iuap/iuap-jdbc/3.0.0-RELEASE/iuap-jdbc-3.0.0-RELEASE.jar!/com/yonyou/iuap/persistence/jdbc/framework/crossdb/CrossDBHints.class]
10:20:58.535 [] [] [main] TRACE o.s.d.r.c.RepositoryComponentProvider - Ignored because not matching any filter: URL [jar:file:/D:/devtool/repository/Maven/Maven3.2.2/local/repo/com/yonyou/iuap/iuap-jdbc/3.0.0-RELEASE/iuap-jdbc-3.0.0-RELEASE.jar!/com/yonyou/iuap/persistence/jdbc/framework/crossdb/CrossDBHints.class]
10:20:58.535 [] [] [main] TRACE o.s.d.r.c.RepositoryComponentProvider - Scanning URL [jar:file:/D:/devtool/repository/Maven/Maven3.2.2/local/repo/com/yonyou/iuap/iuap-jdbc/3.0.0-RELEASE/iuap-jdbc-3.0.0-RELEASE.jar!/com/yonyou/iuap/persistence/jdbc/framework/crossdb/CrossDBObject.class]
10:20:58.536 [] [] [main] TRACE o.s.d.r.c.RepositoryComponentProvider - Ignored because not matching any filter: URL [jar:file:/D:/devtool/repository/Maven/Maven3.2.2/local/repo/com/yonyou/iuap/iuap-jdbc/3.0.0-RELEASE/iuap-jdbc-3.0.0-RELEASE.jar!/com/yonyou/iuap/persistence/jdbc/framework/crossdb/CrossDBObject.class]
10:20:58.536 [] [] [main] TRACE o.s.d.r.c.RepositoryComponentProvider - Scanning URL [jar:file:/D:/devtool/repository/Maven/Maven3.2.2/local/repo/com/yonyou/iuap/iuap-jdbc/3.0.0-RELEASE/iuap-jdbc-3.0.0-RELEASE.jar!/com/yonyou/iuap/persistence/jdbc/framework/crossdb/CrossDBPreparedStatement.class]
10:20:58.537 [] [] [main] TRACE o.s.d.r.c.RepositoryComponentProvider - Ignored because not matching any filter: URL [jar:file:/D:/devtool/repository/Maven/Maven3.2.2/local/repo/com/yonyou/iuap/iuap-jdbc/3.0.0-RELEASE/iuap-jdbc-3.0.0-RELEASE.jar!/com/yonyou/iuap/persistence/jdbc/framework/crossdb/CrossDBPreparedStatement.class]
10:20:58.537 [] [] [main] TRACE o.s.d.r.c.RepositoryComponentProvider - Scanning URL [jar:file:/D:/devtool/repository/Maven/Maven3.2.2/local/repo/com/yonyou/iuap/iuap-jdbc/3.0.0-RELEASE/iuap-jdbc-3.0.0-RELEASE.jar!/com/yonyou/iuap/persistence/jdbc/framework/crossdb/CrossDBResultSet.class]
10:20:58.538 [] [] [main] TRACE o.s.d.r.c.RepositoryComponentProvider - Ignored because not matching any filter: URL [jar:file:/D:/devtool/repository/Maven/Maven3.2.2/local/repo/com/yonyou/iuap/iuap-jdbc/3.0.0-RELEASE/iuap-jdbc-3.0.0-RELEASE.jar!/com/yonyou/iuap/persistence/jdbc/framework/crossdb/CrossDBResultSet.class]
10:20:58.538 [] [] [main] TRACE o.s.d.r.c.RepositoryComponentProvider - Scanning URL [jar:file:/D:/devtool/repository/Maven/Maven3.2.2/local/repo/com/yonyou/iuap/iuap-jdbc/3.0.0-RELEASE/iuap-jdbc-3.0.0-RELEASE.jar!/com/yonyou/iuap/persistence/jdbc/framework/crossdb/CrossDBResultSetMetaData.class]
10:20:58.538 [] [] [main] TRACE o.s.d.r.c.RepositoryComponentProvider - Ignored because not matching any filter: URL [jar:file:/D:/devtool/repository/Maven/Maven3.2.2/local/repo/com/yonyou/iuap/iuap-jdbc/3.0.0-RELEASE/iuap-jdbc-3.0.0-RELEASE.jar!/com/yonyou/iuap/persistence/jdbc/framework/crossdb/CrossDBResultSetMetaData.class]
10:20:58.539 [] [] [main] TRACE o.s.d.r.c.RepositoryComponentProvider - Scanning URL [jar:file:/D:/devtool/repository/Maven/Maven3.2.2/local/repo/com/yonyou/iuap/iuap-jdbc/3.0.0-RELEASE/iuap-jdbc-3.0.0-RELEASE.jar!/com/yonyou/iuap/persistence/jdbc/framework/crossdb/CrossDBSQLException.class]
10:20:58.540 [] [] [main] TRACE o.s.d.r.c.RepositoryComponentProvider - Ignored because not matching any filter: URL [jar:file:/D:/devtool/repository/Maven/Maven3.2.2/local/repo/com/yonyou/iuap/iuap-jdbc/3.0.0-RELEASE/iuap-jdbc-3.0.0-RELEASE.jar!/com/yonyou/iuap/persistence/jdbc/framework/crossdb/CrossDBSQLException.class]
10:20:58.540 [] [] [main] TRACE o.s.d.r.c.RepositoryComponentProvider - Scanning URL [jar:file:/D:/devtool/repository/Maven/Maven3.2.2/local/repo/com/yonyou/iuap/iuap-jdbc/3.0.0-RELEASE/iuap-jdbc-3.0.0-RELEASE.jar!/com/yonyou/iuap/persistence/jdbc/framework/crossdb/CrossDBStatement.class]
10:20:58.540 [] [] [main] TRACE o.s.d.r.c.RepositoryComponentProvider - Ignored because not matching any filter: URL [jar:file:/D:/devtool/repository/Maven/Maven3.2.2/local/repo/com/yonyou/iuap/iuap-jdbc/3.0.0-RELEASE/iuap-jdbc-3.0.0-RELEASE.jar!/com/yonyou/iuap/persistence/jdbc/framework/crossdb/CrossDBStatement.class]
10:20:58.540 [] [] [main] TRACE o.s.d.r.c.RepositoryComponentProvider - Scanning URL [jar:file:/D:/devtool/repository/Maven/Maven3.2.2/local/repo/com/yonyou/iuap/iuap-jdbc/3.0.0-RELEASE/iuap-jdbc-3.0.0-RELEASE.jar!/com/yonyou/iuap/persistence/jdbc/framework/crossdb/ExceptionFactory.class]
10:20:58.541 [] [] [main] TRACE o.s.d.r.c.RepositoryComponentProvider - Ignored because not matching any filter: URL [jar:file:/D:/devtool/repository/Maven/Maven3.2.2/local/repo/com/yonyou/iuap/iuap-jdbc/3.0.0-RELEASE/iuap-jdbc-3.0.0-RELEASE.jar!/com/yonyou/iuap/persistence/jdbc/framework/crossdb/ExceptionFactory.class]
10:20:58.541 [] [] [main] TRACE o.s.d.r.c.RepositoryComponentProvider - Scanning URL [jar:file:/D:/devtool/repository/Maven/Maven3.2.2/local/repo/com/yonyou/iuap/iuap-jdbc/3.0.0-RELEASE/iuap-jdbc-3.0.0-RELEASE.jar!/com/yonyou/iuap/persistence/jdbc/framework/crossdb/ExcessMaxRowException.class]
10:20:58.541 [] [] [main] TRACE o.s.d.r.c.RepositoryComponentProvider - Ignored because not matching any filter: URL [jar:file:/D:/devtool/repository/Maven/Maven3.2.2/local/repo/com/yonyou/iuap/iuap-jdbc/3.0.0-RELEASE/iuap-jdbc-3.0.0-RELEASE.jar!/com/yonyou/iuap/persistence/jdbc/framework/crossdb/ExcessMaxRowException.class]
10:20:58.541 [] [] [main] TRACE o.s.d.r.c.RepositoryComponentProvider - Scanning URL [jar:file:/D:/devtool/repository/Maven/Maven3.2.2/local/repo/com/yonyou/iuap/iuap-jdbc/3.0.0-RELEASE/iuap-jdbc-3.0.0-RELEASE.jar!/com/yonyou/iuap/persistence/jdbc/framework/crossdb/Messages.class]
10:20:58.541 [] [] [main] TRACE o.s.d.r.c.RepositoryComponentProvider - Ignored because not matching any filter: URL [jar:file:/D:/devtool/repository/Maven/Maven3.2.2/local/repo/com/yonyou/iuap/iuap-jdbc/3.0.0-RELEASE/iuap-jdbc-3.0.0-RELEASE.jar!/com/yonyou/iuap/persistence/jdbc/framework/crossdb/Messages.class]
10:20:58.541 [] [] [main] TRACE o.s.d.r.c.RepositoryComponentProvider - Scanning URL [jar:file:/D:/devtool/repository/Maven/Maven3.2.2/local/repo/com/yonyou/iuap/iuap-jdbc/3.0.0-RELEASE/iuap-jdbc-3.0.0-RELEASE.jar!/com/yonyou/iuap/persistence/jdbc/framework/crossdb/SQLCache.class]
10:20:58.542 [] [] [main] TRACE o.s.d.r.c.RepositoryComponentProvider - Ignored because not matching any filter: URL [jar:file:/D:/devtool/repository/Maven/Maven3.2.2/local/repo/com/yonyou/iuap/iuap-jdbc/3.0.0-RELEASE/iuap-jdbc-3.0.0-RELEASE.jar!/com/yonyou/iuap/persistence/jdbc/framework/crossdb/SQLCache.class]
10:20:58.542 [] [] [main] TRACE o.s.d.r.c.RepositoryComponentProvider - Scanning URL [jar:file:/D:/devtool/repository/Maven/Maven3.2.2/local/repo/com/yonyou/iuap/iuap-jdbc/3.0.0-RELEASE/iuap-jdbc-3.0.0-RELEASE.jar!/com/yonyou/iuap/persistence/jdbc/framework/crossdb/SQLStruct.class]
10:20:58.542 [] [] [main] TRACE o.s.d.r.c.RepositoryComponentProvider - Ignored because not matching any filter: URL [jar:file:/D:/devtool/repository/Maven/Maven3.2.2/local/repo/com/yonyou/iuap/iuap-jdbc/3.0.0-RELEASE/iuap-jdbc-3.0.0-RELEASE.jar!/com/yonyou/iuap/persistence/jdbc/framework/crossdb/SQLStruct.class]
10:20:58.542 [] [] [main] TRACE o.s.d.r.c.RepositoryComponentProvider - Scanning URL [jar:file:/D:/devtool/repository/Maven/Maven3.2.2/local/repo/com/yonyou/iuap/iuap-jdbc/3.0.0-RELEASE/iuap-jdbc-3.0.0-RELEASE.jar!/com/yonyou/iuap/persistence/jdbc/framework/crossdb/temptable/DB2TempTableCreator.class]
10:20:58.542 [] [] [main] TRACE o.s.d.r.c.RepositoryComponentProvider - Ignored because not matching any filter: URL [jar:file:/D:/devtool/repository/Maven/Maven3.2.2/local/repo/com/yonyou/iuap/iuap-jdbc/3.0.0-RELEASE/iuap-jdbc-3.0.0-RELEASE.jar!/com/yonyou/iuap/persistence/jdbc/framework/crossdb/temptable/DB2TempTableCreator.class]
10:20:58.542 [] [] [main] TRACE o.s.d.r.c.RepositoryComponentProvider - Scanning URL [jar:file:/D:/devtool/repository/Maven/Maven3.2.2/local/repo/com/yonyou/iuap/iuap-jdbc/3.0.0-RELEASE/iuap-jdbc-3.0.0-RELEASE.jar!/com/yonyou/iuap/persistence/jdbc/framework/crossdb/temptable/GbaseTempTableCreator.class]
10:20:58.543 [] [] [main] TRACE o.s.d.r.c.RepositoryComponentProvider - Ignored because not matching any filter: URL [jar:file:/D:/devtool/repository/Maven/Maven3.2.2/local/repo/com/yonyou/iuap/iuap-jdbc/3.0.0-RELEASE/iuap-jdbc-3.0.0-RELEASE.jar!/com/yonyou/iuap/persistence/jdbc/framework/crossdb/temptable/GbaseTempTableCreator.class]
10:20:58.543 [] [] [main] TRACE o.s.d.r.c.RepositoryComponentProvider - Scanning URL [jar:file:/D:/devtool/repository/Maven/Maven3.2.2/local/repo/com/yonyou/iuap/iuap-jdbc/3.0.0-RELEASE/iuap-jdbc-3.0.0-RELEASE.jar!/com/yonyou/iuap/persistence/jdbc/framework/crossdb/temptable/OracleTempTableCreator.class]
10:20:58.543 [] [] [main] TRACE o.s.d.r.c.RepositoryComponentProvider - Ignored because not matching any filter: URL [jar:file:/D:/devtool/repository/Maven/Maven3.2.2/local/repo/com/yonyou/iuap/iuap-jdbc/3.0.0-RELEASE/iuap-jdbc-3.0.0-RELEASE.jar!/com/yonyou/iuap/persistence/jdbc/framework/crossdb/temptable/OracleTempTableCreator.class]
10:20:58.543 [] [] [main] TRACE o.s.d.r.c.RepositoryComponentProvider - Scanning URL [jar:file:/D:/devtool/repository/Maven/Maven3.2.2/local/repo/com/yonyou/iuap/iuap-jdbc/3.0.0-RELEASE/iuap-jdbc-3.0.0-RELEASE.jar!/com/yonyou/iuap/persistence/jdbc/framework/crossdb/temptable/PostgreSQLTempTableCreator.class]
10:20:58.543 [] [] [main] TRACE o.s.d.r.c.RepositoryComponentProvider - Ignored because not matching any filter: URL [jar:file:/D:/devtool/repository/Maven/Maven3.2.2/local/repo/com/yonyou/iuap/iuap-jdbc/3.0.0-RELEASE/iuap-jdbc-3.0.0-RELEASE.jar!/com/yonyou/iuap/persistence/jdbc/framework/crossdb/temptable/PostgreSQLTempTableCreator.class]
10:20:58.543 [] [] [main] TRACE o.s.d.r.c.RepositoryComponentProvider - Scanning URL [jar:file:/D:/devtool/repository/Maven/Maven3.2.2/local/repo/com/yonyou/iuap/iuap-jdbc/3.0.0-RELEASE/iuap-jdbc-3.0.0-RELEASE.jar!/com/yonyou/iuap/persistence/jdbc/framework/crossdb/temptable/SQLServerTempTableCreator.class]
10:20:58.544 [] [] [main] TRACE o.s.d.r.c.RepositoryComponentProvider - Ignored because not matching any filter: URL [jar:file:/D:/devtool/repository/Maven/Maven3.2.2/local/repo/com/yonyou/iuap/iuap-jdbc/3.0.0-RELEASE/iuap-jdbc-3.0.0-RELEASE.jar!/com/yonyou/iuap/persistence/jdbc/framework/crossdb/temptable/SQLServerTempTableCreator.class]
10:20:58.544 [] [] [main] TRACE o.s.d.r.c.RepositoryComponentProvider - Scanning URL [jar:file:/D:/devtool/repository/Maven/Maven3.2.2/local/repo/com/yonyou/iuap/iuap-jdbc/3.0.0-RELEASE/iuap-jdbc-3.0.0-RELEASE.jar!/com/yonyou/iuap/persistence/jdbc/framework/crossdb/temptable/TempTableCreator.class]
10:20:58.544 [] [] [main] TRACE o.s.d.r.c.RepositoryComponentProvider - Ignored because not matching any filter: URL [jar:file:/D:/devtool/repository/Maven/Maven3.2.2/local/repo/com/yonyou/iuap/iuap-jdbc/3.0.0-RELEASE/iuap-jdbc-3.0.0-RELEASE.jar!/com/yonyou/iuap/persistence/jdbc/framework/crossdb/temptable/TempTableCreator.class]
10:20:58.544 [] [] [main] TRACE o.s.d.r.c.RepositoryComponentProvider - Scanning URL [jar:file:/D:/devtool/repository/Maven/Maven3.2.2/local/repo/com/yonyou/iuap/iuap-jdbc/3.0.0-RELEASE/iuap-jdbc-3.0.0-RELEASE.jar!/com/yonyou/iuap/persistence/jdbc/framework/crossdb/temptable/TempTableCreatorFactory.class]
10:20:58.544 [] [] [main] TRACE o.s.d.r.c.RepositoryComponentProvider - Ignored because not matching any filter: URL [jar:file:/D:/devtool/repository/Maven/Maven3.2.2/local/repo/com/yonyou/iuap/iuap-jdbc/3.0.0-RELEASE/iuap-jdbc-3.0.0-RELEASE.jar!/com/yonyou/iuap/persistence/jdbc/framework/crossdb/temptable/TempTableCreatorFactory.class]
10:20:58.544 [] [] [main] TRACE o.s.d.r.c.RepositoryComponentProvider - Scanning URL [jar:file:/D:/devtool/repository/Maven/Maven3.2.2/local/repo/com/yonyou/iuap/iuap-jdbc/3.0.0-RELEASE/iuap-jdbc-3.0.0-RELEASE.jar!/com/yonyou/iuap/persistence/jdbc/framework/crossdb/temptable/TempTabMgr.class]
10:20:58.545 [] [] [main] TRACE o.s.d.r.c.RepositoryComponentProvider - Ignored because not matching any filter: URL [jar:file:/D:/devtool/repository/Maven/Maven3.2.2/local/repo/com/yonyou/iuap/iuap-jdbc/3.0.0-RELEASE/iuap-jdbc-3.0.0-RELEASE.jar!/com/yonyou/iuap/persistence/jdbc/framework/crossdb/temptable/TempTabMgr.class]
10:20:58.545 [] [] [main] TRACE o.s.d.r.c.RepositoryComponentProvider - Scanning URL [jar:file:/D:/devtool/repository/Maven/Maven3.2.2/local/repo/com/yonyou/iuap/iuap-jdbc/3.0.0-RELEASE/iuap-jdbc-3.0.0-RELEASE.jar!/com/yonyou/iuap/persistence/jdbc/framework/DataBaseDescriptor.class]
10:20:58.545 [] [] [main] TRACE o.s.d.r.c.RepositoryComponentProvider - Ignored because not matching any filter: URL [jar:file:/D:/devtool/repository/Maven/Maven3.2.2/local/repo/com/yonyou/iuap/iuap-jdbc/3.0.0-RELEASE/iuap-jdbc-3.0.0-RELEASE.jar!/com/yonyou/iuap/persistence/jdbc/framework/DataBaseDescriptor.class]
10:20:58.545 [] [] [main] TRACE o.s.d.r.c.RepositoryComponentProvider - Scanning URL [jar:file:/D:/devtool/repository/Maven/Maven3.2.2/local/repo/com/yonyou/iuap/iuap-jdbc/3.0.0-RELEASE/iuap-jdbc-3.0.0-RELEASE.jar!/com/yonyou/iuap/persistence/jdbc/framework/DataSourceCenter.class]
10:20:58.546 [] [] [main] TRACE o.s.d.r.c.RepositoryComponentProvider - Ignored because not matching any filter: URL [jar:file:/D:/devtool/repository/Maven/Maven3.2.2/local/repo/com/yonyou/iuap/iuap-jdbc/3.0.0-RELEASE/iuap-jdbc-3.0.0-RELEASE.jar!/com/yonyou/iuap/persistence/jdbc/framework/DataSourceCenter.class]
10:20:58.546 [] [] [main] TRACE o.s.d.r.c.RepositoryComponentProvider - Scanning URL [jar:file:/D:/devtool/repository/Maven/Maven3.2.2/local/repo/com/yonyou/iuap/iuap-jdbc/3.0.0-RELEASE/iuap-jdbc-3.0.0-RELEASE.jar!/com/yonyou/iuap/persistence/jdbc/framework/DBMetaInfo.class]
10:20:58.546 [] [] [main] TRACE o.s.d.r.c.RepositoryComponentProvider - Ignored because not matching any filter: URL [jar:file:/D:/devtool/repository/Maven/Maven3.2.2/local/repo/com/yonyou/iuap/iuap-jdbc/3.0.0-RELEASE/iuap-jdbc-3.0.0-RELEASE.jar!/com/yonyou/iuap/persistence/jdbc/framework/DBMetaInfo.class]
10:20:58.546 [] [] [main] TRACE o.s.d.r.c.RepositoryComponentProvider - Scanning URL [jar:file:/D:/devtool/repository/Maven/Maven3.2.2/local/repo/com/yonyou/iuap/iuap-jdbc/3.0.0-RELEASE/iuap-jdbc-3.0.0-RELEASE.jar!/com/yonyou/iuap/persistence/jdbc/framework/exception/ALCEDOSqlException.class]
10:20:58.546 [] [] [main] TRACE o.s.d.r.c.RepositoryComponentProvider - Ignored because not matching any filter: URL [jar:file:/D:/devtool/repository/Maven/Maven3.2.2/local/repo/com/yonyou/iuap/iuap-jdbc/3.0.0-RELEASE/iuap-jdbc-3.0.0-RELEASE.jar!/com/yonyou/iuap/persistence/jdbc/framework/exception/ALCEDOSqlException.class]
10:20:58.546 [] [] [main] TRACE o.s.d.r.c.RepositoryComponentProvider - Scanning URL [jar:file:/D:/devtool/repository/Maven/Maven3.2.2/local/repo/com/yonyou/iuap/iuap-jdbc/3.0.0-RELEASE/iuap-jdbc-3.0.0-RELEASE.jar!/com/yonyou/iuap/persistence/jdbc/framework/exception/DB2Exception.class]
10:20:58.547 [] [] [main] TRACE o.s.d.r.c.RepositoryComponentProvider - Ignored because not matching any filter: URL [jar:file:/D:/devtool/repository/Maven/Maven3.2.2/local/repo/com/yonyou/iuap/iuap-jdbc/3.0.0-RELEASE/iuap-jdbc-3.0.0-RELEASE.jar!/com/yonyou/iuap/persistence/jdbc/framework/exception/DB2Exception.class]
10:20:58.547 [] [] [main] TRACE o.s.d.r.c.RepositoryComponentProvider - Scanning URL [jar:file:/D:/devtool/repository/Maven/Maven3.2.2/local/repo/com/yonyou/iuap/iuap-jdbc/3.0.0-RELEASE/iuap-jdbc-3.0.0-RELEASE.jar!/com/yonyou/iuap/persistence/jdbc/framework/exception/DbException.class]
10:20:58.547 [] [] [main] TRACE o.s.d.r.c.RepositoryComponentProvider - Ignored because not matching any filter: URL [jar:file:/D:/devtool/repository/Maven/Maven3.2.2/local/repo/com/yonyou/iuap/iuap-jdbc/3.0.0-RELEASE/iuap-jdbc-3.0.0-RELEASE.jar!/com/yonyou/iuap/persistence/jdbc/framework/exception/DbException.class]
10:20:58.547 [] [] [main] TRACE o.s.d.r.c.RepositoryComponentProvider - Scanning URL [jar:file:/D:/devtool/repository/Maven/Maven3.2.2/local/repo/com/yonyou/iuap/iuap-jdbc/3.0.0-RELEASE/iuap-jdbc-3.0.0-RELEASE.jar!/com/yonyou/iuap/persistence/jdbc/framework/exception/ExceptionFactory.class]
10:20:58.547 [] [] [main] TRACE o.s.d.r.c.RepositoryComponentProvider - Ignored because not matching any filter: URL [jar:file:/D:/devtool/repository/Maven/Maven3.2.2/local/repo/com/yonyou/iuap/iuap-jdbc/3.0.0-RELEASE/iuap-jdbc-3.0.0-RELEASE.jar!/com/yonyou/iuap/persistence/jdbc/framework/exception/ExceptionFactory.class]
10:20:58.547 [] [] [main] TRACE o.s.d.r.c.RepositoryComponentProvider - Scanning URL [jar:file:/D:/devtool/repository/Maven/Maven3.2.2/local/repo/com/yonyou/iuap/iuap-jdbc/3.0.0-RELEASE/iuap-jdbc-3.0.0-RELEASE.jar!/com/yonyou/iuap/persistence/jdbc/framework/exception/GbaseException.class]
10:20:58.548 [] [] [main] TRACE o.s.d.r.c.RepositoryComponentProvider - Ignored because not matching any filter: URL [jar:file:/D:/devtool/repository/Maven/Maven3.2.2/local/repo/com/yonyou/iuap/iuap-jdbc/3.0.0-RELEASE/iuap-jdbc-3.0.0-RELEASE.jar!/com/yonyou/iuap/persistence/jdbc/framework/exception/GbaseException.class]
10:20:58.548 [] [] [main] TRACE o.s.d.r.c.RepositoryComponentProvider - Scanning URL [jar:file:/D:/devtool/repository/Maven/Maven3.2.2/local/repo/com/yonyou/iuap/iuap-jdbc/3.0.0-RELEASE/iuap-jdbc-3.0.0-RELEASE.jar!/com/yonyou/iuap/persistence/jdbc/framework/exception/HSQLException.class]
10:20:58.548 [] [] [main] TRACE o.s.d.r.c.RepositoryComponentProvider - Ignored because not matching any filter: URL [jar:file:/D:/devtool/repository/Maven/Maven3.2.2/local/repo/com/yonyou/iuap/iuap-jdbc/3.0.0-RELEASE/iuap-jdbc-3.0.0-RELEASE.jar!/com/yonyou/iuap/persistence/jdbc/framework/exception/HSQLException.class]
10:20:58.548 [] [] [main] TRACE o.s.d.r.c.RepositoryComponentProvider - Scanning URL [jar:file:/D:/devtool/repository/Maven/Maven3.2.2/local/repo/com/yonyou/iuap/iuap-jdbc/3.0.0-RELEASE/iuap-jdbc-3.0.0-RELEASE.jar!/com/yonyou/iuap/persistence/jdbc/framework/exception/MSSQLException.class]
10:20:58.548 [] [] [main] TRACE o.s.d.r.c.RepositoryComponentProvider - Ignored because not matching any filter: URL [jar:file:/D:/devtool/repository/Maven/Maven3.2.2/local/repo/com/yonyou/iuap/iuap-jdbc/3.0.0-RELEASE/iuap-jdbc-3.0.0-RELEASE.jar!/com/yonyou/iuap/persistence/jdbc/framework/exception/MSSQLException.class]
10:20:58.548 [] [] [main] TRACE o.s.d.r.c.RepositoryComponentProvider - Scanning URL [jar:file:/D:/devtool/repository/Maven/Maven3.2.2/local/repo/com/yonyou/iuap/iuap-jdbc/3.0.0-RELEASE/iuap-jdbc-3.0.0-RELEASE.jar!/com/yonyou/iuap/persistence/jdbc/framework/exception/OracleException.class]
10:20:58.549 [] [] [main] TRACE o.s.d.r.c.RepositoryComponentProvider - Ignored because not matching any filter: URL [jar:file:/D:/devtool/repository/Maven/Maven3.2.2/local/repo/com/yonyou/iuap/iuap-jdbc/3.0.0-RELEASE/iuap-jdbc-3.0.0-RELEASE.jar!/com/yonyou/iuap/persistence/jdbc/framework/exception/OracleException.class]
10:20:58.549 [] [] [main] TRACE o.s.d.r.c.RepositoryComponentProvider - Scanning URL [jar:file:/D:/devtool/repository/Maven/Maven3.2.2/local/repo/com/yonyou/iuap/iuap-jdbc/3.0.0-RELEASE/iuap-jdbc-3.0.0-RELEASE.jar!/com/yonyou/iuap/persistence/jdbc/framework/exception/OscarException.class]
10:20:58.549 [] [] [main] TRACE o.s.d.r.c.RepositoryComponentProvider - Ignored because not matching any filter: URL [jar:file:/D:/devtool/repository/Maven/Maven3.2.2/local/repo/com/yonyou/iuap/iuap-jdbc/3.0.0-RELEASE/iuap-jdbc-3.0.0-RELEASE.jar!/com/yonyou/iuap/persistence/jdbc/framework/exception/OscarException.class]
10:20:58.549 [] [] [main] TRACE o.s.d.r.c.RepositoryComponentProvider - Scanning URL [jar:file:/D:/devtool/repository/Maven/Maven3.2.2/local/repo/com/yonyou/iuap/iuap-jdbc/3.0.0-RELEASE/iuap-jdbc-3.0.0-RELEASE.jar!/com/yonyou/iuap/persistence/jdbc/framework/exception/PostgresSqlException.class]
10:20:58.549 [] [] [main] TRACE o.s.d.r.c.RepositoryComponentProvider - Ignored because not matching any filter: URL [jar:file:/D:/devtool/repository/Maven/Maven3.2.2/local/repo/com/yonyou/iuap/iuap-jdbc/3.0.0-RELEASE/iuap-jdbc-3.0.0-RELEASE.jar!/com/yonyou/iuap/persistence/jdbc/framework/exception/PostgresSqlException.class]
10:20:58.549 [] [] [main] TRACE o.s.d.r.c.RepositoryComponentProvider - Scanning URL [jar:file:/D:/devtool/repository/Maven/Maven3.2.2/local/repo/com/yonyou/iuap/iuap-jdbc/3.0.0-RELEASE/iuap-jdbc-3.0.0-RELEASE.jar!/com/yonyou/iuap/persistence/jdbc/framework/exception/UnKnownException.class]
10:20:58.549 [] [] [main] TRACE o.s.d.r.c.RepositoryComponentProvider - Ignored because not matching any filter: URL [jar:file:/D:/devtool/repository/Maven/Maven3.2.2/local/repo/com/yonyou/iuap/iuap-jdbc/3.0.0-RELEASE/iuap-jdbc-3.0.0-RELEASE.jar!/com/yonyou/iuap/persistence/jdbc/framework/exception/UnKnownException.class]
10:20:58.549 [] [] [main] TRACE o.s.d.r.c.RepositoryComponentProvider - Scanning URL [jar:file:/D:/devtool/repository/Maven/Maven3.2.2/local/repo/com/yonyou/iuap/iuap-jdbc/3.0.0-RELEASE/iuap-jdbc-3.0.0-RELEASE.jar!/com/yonyou/iuap/persistence/jdbc/framework/generator/IdGenerator.class]
10:20:58.550 [] [] [main] TRACE o.s.d.r.c.RepositoryComponentProvider - Ignored because not matching any filter: URL [jar:file:/D:/devtool/repository/Maven/Maven3.2.2/local/repo/com/yonyou/iuap/iuap-jdbc/3.0.0-RELEASE/iuap-jdbc-3.0.0-RELEASE.jar!/com/yonyou/iuap/persistence/jdbc/framework/generator/IdGenerator.class]
10:20:58.550 [] [] [main] TRACE o.s.d.r.c.RepositoryComponentProvider - Scanning URL [jar:file:/D:/devtool/repository/Maven/Maven3.2.2/local/repo/com/yonyou/iuap/iuap-jdbc/3.0.0-RELEASE/iuap-jdbc-3.0.0-RELEASE.jar!/com/yonyou/iuap/persistence/jdbc/framework/generator/IDGeneratorFactory.class]
10:20:58.550 [] [] [main] TRACE o.s.d.r.c.RepositoryComponentProvider - Ignored because not matching any filter: URL [jar:file:/D:/devtool/repository/Maven/Maven3.2.2/local/repo/com/yonyou/iuap/iuap-jdbc/3.0.0-RELEASE/iuap-jdbc-3.0.0-RELEASE.jar!/com/yonyou/iuap/persistence/jdbc/framework/generator/IDGeneratorFactory.class]
10:20:58.550 [] [] [main] TRACE o.s.d.r.c.RepositoryComponentProvider - Scanning URL [jar:file:/D:/devtool/repository/Maven/Maven3.2.2/local/repo/com/yonyou/iuap/iuap-jdbc/3.0.0-RELEASE/iuap-jdbc-3.0.0-RELEASE.jar!/com/yonyou/iuap/persistence/jdbc/framework/JdbcPersistenceManager.class]
10:20:58.551 [] [] [main] TRACE o.s.d.r.c.RepositoryComponentProvider - Ignored because not matching any filter: URL [jar:file:/D:/devtool/repository/Maven/Maven3.2.2/local/repo/com/yonyou/iuap/iuap-jdbc/3.0.0-RELEASE/iuap-jdbc-3.0.0-RELEASE.jar!/com/yonyou/iuap/persistence/jdbc/framework/JdbcPersistenceManager.class]
10:20:58.551 [] [] [main] TRACE o.s.d.r.c.RepositoryComponentProvider - Scanning URL [jar:file:/D:/devtool/repository/Maven/Maven3.2.2/local/repo/com/yonyou/iuap/iuap-jdbc/3.0.0-RELEASE/iuap-jdbc-3.0.0-RELEASE.jar!/com/yonyou/iuap/persistence/jdbc/framework/JdbcSession$1.class]
10:20:58.552 [] [] [main] TRACE o.s.d.r.c.RepositoryComponentProvider - Ignored because not matching any filter: URL [jar:file:/D:/devtool/repository/Maven/Maven3.2.2/local/repo/com/yonyou/iuap/iuap-jdbc/3.0.0-RELEASE/iuap-jdbc-3.0.0-RELEASE.jar!/com/yonyou/iuap/persistence/jdbc/framework/JdbcSession$1.class]
10:20:58.552 [] [] [main] TRACE o.s.d.r.c.RepositoryComponentProvider - Scanning URL [jar:file:/D:/devtool/repository/Maven/Maven3.2.2/local/repo/com/yonyou/iuap/iuap-jdbc/3.0.0-RELEASE/iuap-jdbc-3.0.0-RELEASE.jar!/com/yonyou/iuap/persistence/jdbc/framework/JdbcSession$2.class]
10:20:58.553 [] [] [main] TRACE o.s.d.r.c.RepositoryComponentProvider - Ignored because not matching any filter: URL [jar:file:/D:/devtool/repository/Maven/Maven3.2.2/local/repo/com/yonyou/iuap/iuap-jdbc/3.0.0-RELEASE/iuap-jdbc-3.0.0-RELEASE.jar!/com/yonyou/iuap/persistence/jdbc/framework/JdbcSession$2.class]
10:20:58.553 [] [] [main] TRACE o.s.d.r.c.RepositoryComponentProvider - Scanning URL [jar:file:/D:/devtool/repository/Maven/Maven3.2.2/local/repo/com/yonyou/iuap/iuap-jdbc/3.0.0-RELEASE/iuap-jdbc-3.0.0-RELEASE.jar!/com/yonyou/iuap/persistence/jdbc/framework/JdbcSession$3.class]
10:20:58.553 [] [] [main] TRACE o.s.d.r.c.RepositoryComponentProvider - Ignored because not matching any filter: URL [jar:file:/D:/devtool/repository/Maven/Maven3.2.2/local/repo/com/yonyou/iuap/iuap-jdbc/3.0.0-RELEASE/iuap-jdbc-3.0.0-RELEASE.jar!/com/yonyou/iuap/persistence/jdbc/framework/JdbcSession$3.class]
10:20:58.554 [] [] [main] TRACE o.s.d.r.c.RepositoryComponentProvider - Scanning URL [jar:file:/D:/devtool/repository/Maven/Maven3.2.2/local/repo/com/yonyou/iuap/iuap-jdbc/3.0.0-RELEASE/iuap-jdbc-3.0.0-RELEASE.jar!/com/yonyou/iuap/persistence/jdbc/framework/JdbcSession$4.class]
10:20:58.554 [] [] [main] TRACE o.s.d.r.c.RepositoryComponentProvider - Ignored because not matching any filter: URL [jar:file:/D:/devtool/repository/Maven/Maven3.2.2/local/repo/com/yonyou/iuap/iuap-jdbc/3.0.0-RELEASE/iuap-jdbc-3.0.0-RELEASE.jar!/com/yonyou/iuap/persistence/jdbc/framework/JdbcSession$4.class]
10:20:58.554 [] [] [main] TRACE o.s.d.r.c.RepositoryComponentProvider - Scanning URL [jar:file:/D:/devtool/repository/Maven/Maven3.2.2/local/repo/com/yonyou/iuap/iuap-jdbc/3.0.0-RELEASE/iuap-jdbc-3.0.0-RELEASE.jar!/com/yonyou/iuap/persistence/jdbc/framework/JdbcSession$5.class]
10:20:58.554 [] [] [main] TRACE o.s.d.r.c.RepositoryComponentProvider - Ignored because not matching any filter: URL [jar:file:/D:/devtool/repository/Maven/Maven3.2.2/local/repo/com/yonyou/iuap/iuap-jdbc/3.0.0-RELEASE/iuap-jdbc-3.0.0-RELEASE.jar!/com/yonyou/iuap/persistence/jdbc/framework/JdbcSession$5.class]
10:20:58.554 [] [] [main] TRACE o.s.d.r.c.RepositoryComponentProvider - Scanning URL [jar:file:/D:/devtool/repository/Maven/Maven3.2.2/local/repo/com/yonyou/iuap/iuap-jdbc/3.0.0-RELEASE/iuap-jdbc-3.0.0-RELEASE.jar!/com/yonyou/iuap/persistence/jdbc/framework/JdbcSession.class]
10:20:58.554 [] [] [main] TRACE o.s.d.r.c.RepositoryComponentProvider - Ignored because not matching any filter: URL [jar:file:/D:/devtool/repository/Maven/Maven3.2.2/local/repo/com/yonyou/iuap/iuap-jdbc/3.0.0-RELEASE/iuap-jdbc-3.0.0-RELEASE.jar!/com/yonyou/iuap/persistence/jdbc/framework/JdbcSession.class]
10:20:58.554 [] [] [main] TRACE o.s.d.r.c.RepositoryComponentProvider - Scanning URL [jar:file:/D:/devtool/repository/Maven/Maven3.2.2/local/repo/com/yonyou/iuap/iuap-jdbc/3.0.0-RELEASE/iuap-jdbc-3.0.0-RELEASE.jar!/com/yonyou/iuap/persistence/jdbc/framework/mapping/AttributeMapping.class]
10:20:58.555 [] [] [main] TRACE o.s.d.r.c.RepositoryComponentProvider - Ignored because not matching any filter: URL [jar:file:/D:/devtool/repository/Maven/Maven3.2.2/local/repo/com/yonyou/iuap/iuap-jdbc/3.0.0-RELEASE/iuap-jdbc-3.0.0-RELEASE.jar!/com/yonyou/iuap/persistence/jdbc/framework/mapping/AttributeMapping.class]
10:20:58.555 [] [] [main] TRACE o.s.d.r.c.RepositoryComponentProvider - Scanning URL [jar:file:/D:/devtool/repository/Maven/Maven3.2.2/local/repo/com/yonyou/iuap/iuap-jdbc/3.0.0-RELEASE/iuap-jdbc-3.0.0-RELEASE.jar!/com/yonyou/iuap/persistence/jdbc/framework/mapping/BeanMapping.class]
10:20:58.555 [] [] [main] TRACE o.s.d.r.c.RepositoryComponentProvider - Ignored because not matching any filter: URL [jar:file:/D:/devtool/repository/Maven/Maven3.2.2/local/repo/com/yonyou/iuap/iuap-jdbc/3.0.0-RELEASE/iuap-jdbc-3.0.0-RELEASE.jar!/com/yonyou/iuap/persistence/jdbc/framework/mapping/BeanMapping.class]
10:20:58.555 [] [] [main] TRACE o.s.d.r.c.RepositoryComponentProvider - Scanning URL [jar:file:/D:/devtool/repository/Maven/Maven3.2.2/local/repo/com/yonyou/iuap/iuap-jdbc/3.0.0-RELEASE/iuap-jdbc-3.0.0-RELEASE.jar!/com/yonyou/iuap/persistence/jdbc/framework/mapping/ext/JoinQueryMappingMetaWrapper.class]
10:20:58.556 [] [] [main] TRACE o.s.d.r.c.RepositoryComponentProvider - Ignored because not matching any filter: URL [jar:file:/D:/devtool/repository/Maven/Maven3.2.2/local/repo/com/yonyou/iuap/iuap-jdbc/3.0.0-RELEASE/iuap-jdbc-3.0.0-RELEASE.jar!/com/yonyou/iuap/persistence/jdbc/framework/mapping/ext/JoinQueryMappingMetaWrapper.class]
10:20:58.556 [] [] [main] TRACE o.s.d.r.c.RepositoryComponentProvider - Scanning URL [jar:file:/D:/devtool/repository/Maven/Maven3.2.2/local/repo/com/yonyou/iuap/iuap-jdbc/3.0.0-RELEASE/iuap-jdbc-3.0.0-RELEASE.jar!/com/yonyou/iuap/persistence/jdbc/framework/mapping/IAttributeMapping.class]
10:20:58.556 [] [] [main] TRACE o.s.d.r.c.RepositoryComponentProvider - Ignored because not matching any filter: URL [jar:file:/D:/devtool/repository/Maven/Maven3.2.2/local/repo/com/yonyou/iuap/iuap-jdbc/3.0.0-RELEASE/iuap-jdbc-3.0.0-RELEASE.jar!/com/yonyou/iuap/persistence/jdbc/framework/mapping/IAttributeMapping.class]
10:20:58.556 [] [] [main] TRACE o.s.d.r.c.RepositoryComponentProvider - Scanning URL [jar:file:/D:/devtool/repository/Maven/Maven3.2.2/local/repo/com/yonyou/iuap/iuap-jdbc/3.0.0-RELEASE/iuap-jdbc-3.0.0-RELEASE.jar!/com/yonyou/iuap/persistence/jdbc/framework/mapping/IMappingMeta.class]
10:20:58.556 [] [] [main] TRACE o.s.d.r.c.RepositoryComponentProvider - Ignored because not matching any filter: URL [jar:file:/D:/devtool/repository/Maven/Maven3.2.2/local/repo/com/yonyou/iuap/iuap-jdbc/3.0.0-RELEASE/iuap-jdbc-3.0.0-RELEASE.jar!/com/yonyou/iuap/persistence/jdbc/framework/mapping/IMappingMeta.class]
10:20:58.556 [] [] [main] TRACE o.s.d.r.c.RepositoryComponentProvider - Scanning URL [jar:file:/D:/devtool/repository/Maven/Maven3.2.2/local/repo/com/yonyou/iuap/iuap-jdbc/3.0.0-RELEASE/iuap-jdbc-3.0.0-RELEASE.jar!/com/yonyou/iuap/persistence/jdbc/framework/mapping/MappingMeta.class]
10:20:58.557 [] [] [main] TRACE o.s.d.r.c.RepositoryComponentProvider - Ignored because not matching any filter: URL [jar:file:/D:/devtool/repository/Maven/Maven3.2.2/local/repo/com/yonyou/iuap/iuap-jdbc/3.0.0-RELEASE/iuap-jdbc-3.0.0-RELEASE.jar!/com/yonyou/iuap/persistence/jdbc/framework/mapping/MappingMeta.class]
10:20:58.557 [] [] [main] TRACE o.s.d.r.c.RepositoryComponentProvider - Scanning URL [jar:file:/D:/devtool/repository/Maven/Maven3.2.2/local/repo/com/yonyou/iuap/iuap-jdbc/3.0.0-RELEASE/iuap-jdbc-3.0.0-RELEASE.jar!/com/yonyou/iuap/persistence/jdbc/framework/mapping/MappingMetaManager.class]
10:20:58.557 [] [] [main] TRACE o.s.d.r.c.RepositoryComponentProvider - Ignored because not matching any filter: URL [jar:file:/D:/devtool/repository/Maven/Maven3.2.2/local/repo/com/yonyou/iuap/iuap-jdbc/3.0.0-RELEASE/iuap-jdbc-3.0.0-RELEASE.jar!/com/yonyou/iuap/persistence/jdbc/framework/mapping/MappingMetaManager.class]
10:20:58.557 [] [] [main] TRACE o.s.d.r.c.RepositoryComponentProvider - Scanning URL [jar:file:/D:/devtool/repository/Maven/Maven3.2.2/local/repo/com/yonyou/iuap/iuap-jdbc/3.0.0-RELEASE/iuap-jdbc-3.0.0-RELEASE.jar!/com/yonyou/iuap/persistence/jdbc/framework/orm/IPersistenceObject.class]
10:20:58.557 [] [] [main] TRACE o.s.d.r.c.RepositoryComponentProvider - Ignored because not matching any filter: URL [jar:file:/D:/devtool/repository/Maven/Maven3.2.2/local/repo/com/yonyou/iuap/iuap-jdbc/3.0.0-RELEASE/iuap-jdbc-3.0.0-RELEASE.jar!/com/yonyou/iuap/persistence/jdbc/framework/orm/IPersistenceObject.class]
10:20:58.557 [] [] [main] TRACE o.s.d.r.c.RepositoryComponentProvider - Scanning URL [jar:file:/D:/devtool/repository/Maven/Maven3.2.2/local/repo/com/yonyou/iuap/iuap-jdbc/3.0.0-RELEASE/iuap-jdbc-3.0.0-RELEASE.jar!/com/yonyou/iuap/persistence/jdbc/framework/orm/MappingHelper.class]
10:20:58.557 [] [] [main] TRACE o.s.d.r.c.RepositoryComponentProvider - Ignored because not matching any filter: URL [jar:file:/D:/devtool/repository/Maven/Maven3.2.2/local/repo/com/yonyou/iuap/iuap-jdbc/3.0.0-RELEASE/iuap-jdbc-3.0.0-RELEASE.jar!/com/yonyou/iuap/persistence/jdbc/framework/orm/MappingHelper.class]
10:20:58.558 [] [] [main] TRACE o.s.d.r.c.RepositoryComponentProvider - Scanning URL [jar:file:/D:/devtool/repository/Maven/Maven3.2.2/local/repo/com/yonyou/iuap/iuap-jdbc/3.0.0-RELEASE/iuap-jdbc-3.0.0-RELEASE.jar!/com/yonyou/iuap/persistence/jdbc/framework/orm/OperatorWrapper.class]
10:20:58.558 [] [] [main] TRACE o.s.d.r.c.RepositoryComponentProvider - Ignored because not matching any filter: URL [jar:file:/D:/devtool/repository/Maven/Maven3.2.2/local/repo/com/yonyou/iuap/iuap-jdbc/3.0.0-RELEASE/iuap-jdbc-3.0.0-RELEASE.jar!/com/yonyou/iuap/persistence/jdbc/framework/orm/OperatorWrapper.class]
10:20:58.558 [] [] [main] TRACE o.s.d.r.c.RepositoryComponentProvider - Scanning URL [jar:file:/D:/devtool/repository/Maven/Maven3.2.2/local/repo/com/yonyou/iuap/iuap-jdbc/3.0.0-RELEASE/iuap-jdbc-3.0.0-RELEASE.jar!/com/yonyou/iuap/persistence/jdbc/framework/orm/ORMCache.class]
10:20:58.558 [] [] [main] TRACE o.s.d.r.c.RepositoryComponentProvider - Ignored because not matching any filter: URL [jar:file:/D:/devtool/repository/Maven/Maven3.2.2/local/repo/com/yonyou/iuap/iuap-jdbc/3.0.0-RELEASE/iuap-jdbc-3.0.0-RELEASE.jar!/com/yonyou/iuap/persistence/jdbc/framework/orm/ORMCache.class]
10:20:58.558 [] [] [main] TRACE o.s.d.r.c.RepositoryComponentProvider - Scanning URL [jar:file:/D:/devtool/repository/Maven/Maven3.2.2/local/repo/com/yonyou/iuap/iuap-jdbc/3.0.0-RELEASE/iuap-jdbc-3.0.0-RELEASE.jar!/com/yonyou/iuap/persistence/jdbc/framework/orm/ORMColumnInfo.class]
10:20:58.558 [] [] [main] TRACE o.s.d.r.c.RepositoryComponentProvider - Ignored because not matching any filter: URL [jar:file:/D:/devtool/repository/Maven/Maven3.2.2/local/repo/com/yonyou/iuap/iuap-jdbc/3.0.0-RELEASE/iuap-jdbc-3.0.0-RELEASE.jar!/com/yonyou/iuap/persistence/jdbc/framework/orm/ORMColumnInfo.class]
10:20:58.559 [] [] [main] TRACE o.s.d.r.c.RepositoryComponentProvider - Scanning URL [jar:file:/D:/devtool/repository/Maven/Maven3.2.2/local/repo/com/yonyou/iuap/iuap-jdbc/3.0.0-RELEASE/iuap-jdbc-3.0.0-RELEASE.jar!/com/yonyou/iuap/persistence/jdbc/framework/page/DB2LimitSQLBuilder.class]
10:20:58.559 [] [] [main] TRACE o.s.d.r.c.RepositoryComponentProvider - Ignored because not matching any filter: URL [jar:file:/D:/devtool/repository/Maven/Maven3.2.2/local/repo/com/yonyou/iuap/iuap-jdbc/3.0.0-RELEASE/iuap-jdbc-3.0.0-RELEASE.jar!/com/yonyou/iuap/persistence/jdbc/framework/page/DB2LimitSQLBuilder.class]
10:20:58.559 [] [] [main] TRACE o.s.d.r.c.RepositoryComponentProvider - Scanning URL [jar:file:/D:/devtool/repository/Maven/Maven3.2.2/local/repo/com/yonyou/iuap/iuap-jdbc/3.0.0-RELEASE/iuap-jdbc-3.0.0-RELEASE.jar!/com/yonyou/iuap/persistence/jdbc/framework/page/GbaseLimitSQLBuilder.class]
10:20:58.559 [] [] [main] TRACE o.s.d.r.c.RepositoryComponentProvider - Ignored because not matching any filter: URL [jar:file:/D:/devtool/repository/Maven/Maven3.2.2/local/repo/com/yonyou/iuap/iuap-jdbc/3.0.0-RELEASE/iuap-jdbc-3.0.0-RELEASE.jar!/com/yonyou/iuap/persistence/jdbc/framework/page/GbaseLimitSQLBuilder.class]
10:20:58.559 [] [] [main] TRACE o.s.d.r.c.RepositoryComponentProvider - Scanning URL [jar:file:/D:/devtool/repository/Maven/Maven3.2.2/local/repo/com/yonyou/iuap/iuap-jdbc/3.0.0-RELEASE/iuap-jdbc-3.0.0-RELEASE.jar!/com/yonyou/iuap/persistence/jdbc/framework/page/LimitSQLBuilder.class]
10:20:58.560 [] [] [main] TRACE o.s.d.r.c.RepositoryComponentProvider - Ignored because not matching any filter: URL [jar:file:/D:/devtool/repository/Maven/Maven3.2.2/local/repo/com/yonyou/iuap/iuap-jdbc/3.0.0-RELEASE/iuap-jdbc-3.0.0-RELEASE.jar!/com/yonyou/iuap/persistence/jdbc/framework/page/LimitSQLBuilder.class]
10:20:58.560 [] [] [main] TRACE o.s.d.r.c.RepositoryComponentProvider - Scanning URL [jar:file:/D:/devtool/repository/Maven/Maven3.2.2/local/repo/com/yonyou/iuap/iuap-jdbc/3.0.0-RELEASE/iuap-jdbc-3.0.0-RELEASE.jar!/com/yonyou/iuap/persistence/jdbc/framework/page/MSSQLLimitSQLBuilder.class]
10:20:58.560 [] [] [main] TRACE o.s.d.r.c.RepositoryComponentProvider - Ignored because not matching any filter: URL [jar:file:/D:/devtool/repository/Maven/Maven3.2.2/local/repo/com/yonyou/iuap/iuap-jdbc/3.0.0-RELEASE/iuap-jdbc-3.0.0-RELEASE.jar!/com/yonyou/iuap/persistence/jdbc/framework/page/MSSQLLimitSQLBuilder.class]
10:20:58.560 [] [] [main] TRACE o.s.d.r.c.RepositoryComponentProvider - Scanning URL [jar:file:/D:/devtool/repository/Maven/Maven3.2.2/local/repo/com/yonyou/iuap/iuap-jdbc/3.0.0-RELEASE/iuap-jdbc-3.0.0-RELEASE.jar!/com/yonyou/iuap/persistence/jdbc/framework/page/MySQLLimitSQLBuilder.class]
10:20:58.560 [] [] [main] TRACE o.s.d.r.c.RepositoryComponentProvider - Ignored because not matching any filter: URL [jar:file:/D:/devtool/repository/Maven/Maven3.2.2/local/repo/com/yonyou/iuap/iuap-jdbc/3.0.0-RELEASE/iuap-jdbc-3.0.0-RELEASE.jar!/com/yonyou/iuap/persistence/jdbc/framework/page/MySQLLimitSQLBuilder.class]
10:20:58.560 [] [] [main] TRACE o.s.d.r.c.RepositoryComponentProvider - Scanning URL [jar:file:/D:/devtool/repository/Maven/Maven3.2.2/local/repo/com/yonyou/iuap/iuap-jdbc/3.0.0-RELEASE/iuap-jdbc-3.0.0-RELEASE.jar!/com/yonyou/iuap/persistence/jdbc/framework/page/OracleLimitSQLBuilder.class]
10:20:58.561 [] [] [main] TRACE o.s.d.r.c.RepositoryComponentProvider - Ignored because not matching any filter: URL [jar:file:/D:/devtool/repository/Maven/Maven3.2.2/local/repo/com/yonyou/iuap/iuap-jdbc/3.0.0-RELEASE/iuap-jdbc-3.0.0-RELEASE.jar!/com/yonyou/iuap/persistence/jdbc/framework/page/OracleLimitSQLBuilder.class]
10:20:58.561 [] [] [main] TRACE o.s.d.r.c.RepositoryComponentProvider - Scanning URL [jar:file:/D:/devtool/repository/Maven/Maven3.2.2/local/repo/com/yonyou/iuap/iuap-jdbc/3.0.0-RELEASE/iuap-jdbc-3.0.0-RELEASE.jar!/com/yonyou/iuap/persistence/jdbc/framework/page/OscarLimitSQLBuilder.class]
10:20:58.561 [] [] [main] TRACE o.s.d.r.c.RepositoryComponentProvider - Ignored because not matching any filter: URL [jar:file:/D:/devtool/repository/Maven/Maven3.2.2/local/repo/com/yonyou/iuap/iuap-jdbc/3.0.0-RELEASE/iuap-jdbc-3.0.0-RELEASE.jar!/com/yonyou/iuap/persistence/jdbc/framework/page/OscarLimitSQLBuilder.class]
10:20:58.561 [] [] [main] TRACE o.s.d.r.c.RepositoryComponentProvider - Scanning URL [jar:file:/D:/devtool/repository/Maven/Maven3.2.2/local/repo/com/yonyou/iuap/iuap-jdbc/3.0.0-RELEASE/iuap-jdbc-3.0.0-RELEASE.jar!/com/yonyou/iuap/persistence/jdbc/framework/page/PageQuery.class]
10:20:58.561 [] [] [main] TRACE o.s.d.r.c.RepositoryComponentProvider - Ignored because not matching any filter: URL [jar:file:/D:/devtool/repository/Maven/Maven3.2.2/local/repo/com/yonyou/iuap/iuap-jdbc/3.0.0-RELEASE/iuap-jdbc-3.0.0-RELEASE.jar!/com/yonyou/iuap/persistence/jdbc/framework/page/PageQuery.class]
10:20:58.561 [] [] [main] TRACE o.s.d.r.c.RepositoryComponentProvider - Scanning URL [jar:file:/D:/devtool/repository/Maven/Maven3.2.2/local/repo/com/yonyou/iuap/iuap-jdbc/3.0.0-RELEASE/iuap-jdbc-3.0.0-RELEASE.jar!/com/yonyou/iuap/persistence/jdbc/framework/page/PostgresqlLimitSQLBuilder.class]
10:20:58.561 [] [] [main] TRACE o.s.d.r.c.RepositoryComponentProvider - Ignored because not matching any filter: URL [jar:file:/D:/devtool/repository/Maven/Maven3.2.2/local/repo/com/yonyou/iuap/iuap-jdbc/3.0.0-RELEASE/iuap-jdbc-3.0.0-RELEASE.jar!/com/yonyou/iuap/persistence/jdbc/framework/page/PostgresqlLimitSQLBuilder.class]
10:20:58.561 [] [] [main] TRACE o.s.d.r.c.RepositoryComponentProvider - Scanning URL [jar:file:/D:/devtool/repository/Maven/Maven3.2.2/local/repo/com/yonyou/iuap/iuap-jdbc/3.0.0-RELEASE/iuap-jdbc-3.0.0-RELEASE.jar!/com/yonyou/iuap/persistence/jdbc/framework/page/SQLBuilderFactory.class]
10:20:58.562 [] [] [main] TRACE o.s.d.r.c.RepositoryComponentProvider - Ignored because not matching any filter: URL [jar:file:/D:/devtool/repository/Maven/Maven3.2.2/local/repo/com/yonyou/iuap/iuap-jdbc/3.0.0-RELEASE/iuap-jdbc-3.0.0-RELEASE.jar!/com/yonyou/iuap/persistence/jdbc/framework/page/SQLBuilderFactory.class]
10:20:58.562 [] [] [main] TRACE o.s.d.r.c.RepositoryComponentProvider - Scanning URL [jar:file:/D:/devtool/repository/Maven/Maven3.2.2/local/repo/com/yonyou/iuap/iuap-jdbc/3.0.0-RELEASE/iuap-jdbc-3.0.0-RELEASE.jar!/com/yonyou/iuap/persistence/jdbc/framework/processor/ArrayListProcessor.class]
10:20:58.562 [] [] [main] TRACE o.s.d.r.c.RepositoryComponentProvider - Ignored because not matching any filter: URL [jar:file:/D:/devtool/repository/Maven/Maven3.2.2/local/repo/com/yonyou/iuap/iuap-jdbc/3.0.0-RELEASE/iuap-jdbc-3.0.0-RELEASE.jar!/com/yonyou/iuap/persistence/jdbc/framework/processor/ArrayListProcessor.class]
10:20:58.562 [] [] [main] TRACE o.s.d.r.c.RepositoryComponentProvider - Scanning URL [jar:file:/D:/devtool/repository/Maven/Maven3.2.2/local/repo/com/yonyou/iuap/iuap-jdbc/3.0.0-RELEASE/iuap-jdbc-3.0.0-RELEASE.jar!/com/yonyou/iuap/persistence/jdbc/framework/processor/ArrayProcessor.class]
10:20:58.563 [] [] [main] TRACE o.s.d.r.c.RepositoryComponentProvider - Ignored because not matching any filter: URL [jar:file:/D:/devtool/repository/Maven/Maven3.2.2/local/repo/com/yonyou/iuap/iuap-jdbc/3.0.0-RELEASE/iuap-jdbc-3.0.0-RELEASE.jar!/com/yonyou/iuap/persistence/jdbc/framework/processor/ArrayProcessor.class]
10:20:58.563 [] [] [main] TRACE o.s.d.r.c.RepositoryComponentProvider - Scanning URL [jar:file:/D:/devtool/repository/Maven/Maven3.2.2/local/repo/com/yonyou/iuap/iuap-jdbc/3.0.0-RELEASE/iuap-jdbc-3.0.0-RELEASE.jar!/com/yonyou/iuap/persistence/jdbc/framework/processor/BaseProcessor.class]
10:20:58.563 [] [] [main] TRACE o.s.d.r.c.RepositoryComponentProvider - Ignored because not matching any filter: URL [jar:file:/D:/devtool/repository/Maven/Maven3.2.2/local/repo/com/yonyou/iuap/iuap-jdbc/3.0.0-RELEASE/iuap-jdbc-3.0.0-RELEASE.jar!/com/yonyou/iuap/persistence/jdbc/framework/processor/BaseProcessor.class]
10:20:58.563 [] [] [main] TRACE o.s.d.r.c.RepositoryComponentProvider - Scanning URL [jar:file:/D:/devtool/repository/Maven/Maven3.2.2/local/repo/com/yonyou/iuap/iuap-jdbc/3.0.0-RELEASE/iuap-jdbc-3.0.0-RELEASE.jar!/com/yonyou/iuap/persistence/jdbc/framework/processor/BeanInitFactory$1.class]
10:20:58.563 [] [] [main] TRACE o.s.d.r.c.RepositoryComponentProvider - Ignored because not matching any filter: URL [jar:file:/D:/devtool/repository/Maven/Maven3.2.2/local/repo/com/yonyou/iuap/iuap-jdbc/3.0.0-RELEASE/iuap-jdbc-3.0.0-RELEASE.jar!/com/yonyou/iuap/persistence/jdbc/framework/processor/BeanInitFactory$1.class]
10:20:58.564 [] [] [main] TRACE o.s.d.r.c.RepositoryComponentProvider - Scanning URL [jar:file:/D:/devtool/repository/Maven/Maven3.2.2/local/repo/com/yonyou/iuap/iuap-jdbc/3.0.0-RELEASE/iuap-jdbc-3.0.0-RELEASE.jar!/com/yonyou/iuap/persistence/jdbc/framework/processor/BeanInitFactory.class]
10:20:58.565 [] [] [main] TRACE o.s.d.r.c.RepositoryComponentProvider - Ignored because not matching any filter: URL [jar:file:/D:/devtool/repository/Maven/Maven3.2.2/local/repo/com/yonyou/iuap/iuap-jdbc/3.0.0-RELEASE/iuap-jdbc-3.0.0-RELEASE.jar!/com/yonyou/iuap/persistence/jdbc/framework/processor/BeanInitFactory.class]
10:20:58.565 [] [] [main] TRACE o.s.d.r.c.RepositoryComponentProvider - Scanning URL [jar:file:/D:/devtool/repository/Maven/Maven3.2.2/local/repo/com/yonyou/iuap/iuap-jdbc/3.0.0-RELEASE/iuap-jdbc-3.0.0-RELEASE.jar!/com/yonyou/iuap/persistence/jdbc/framework/processor/BeanInitlizer.class]
10:20:58.565 [] [] [main] TRACE o.s.d.r.c.RepositoryComponentProvider - Ignored because not matching any filter: URL [jar:file:/D:/devtool/repository/Maven/Maven3.2.2/local/repo/com/yonyou/iuap/iuap-jdbc/3.0.0-RELEASE/iuap-jdbc-3.0.0-RELEASE.jar!/com/yonyou/iuap/persistence/jdbc/framework/processor/BeanInitlizer.class]
10:20:58.565 [] [] [main] TRACE o.s.d.r.c.RepositoryComponentProvider - Scanning URL [jar:file:/D:/devtool/repository/Maven/Maven3.2.2/local/repo/com/yonyou/iuap/iuap-jdbc/3.0.0-RELEASE/iuap-jdbc-3.0.0-RELEASE.jar!/com/yonyou/iuap/persistence/jdbc/framework/processor/BeanInitlizerImpl.class]
10:20:58.565 [] [] [main] TRACE o.s.d.r.c.RepositoryComponentProvider - Ignored because not matching any filter: URL [jar:file:/D:/devtool/repository/Maven/Maven3.2.2/local/repo/com/yonyou/iuap/iuap-jdbc/3.0.0-RELEASE/iuap-jdbc-3.0.0-RELEASE.jar!/com/yonyou/iuap/persistence/jdbc/framework/processor/BeanInitlizerImpl.class]
10:20:58.565 [] [] [main] TRACE o.s.d.r.c.RepositoryComponentProvider - Scanning URL [jar:file:/D:/devtool/repository/Maven/Maven3.2.2/local/repo/com/yonyou/iuap/iuap-jdbc/3.0.0-RELEASE/iuap-jdbc-3.0.0-RELEASE.jar!/com/yonyou/iuap/persistence/jdbc/framework/processor/BeanListProcessor.class]
10:20:58.566 [] [] [main] TRACE o.s.d.r.c.RepositoryComponentProvider - Ignored because not matching any filter: URL [jar:file:/D:/devtool/repository/Maven/Maven3.2.2/local/repo/com/yonyou/iuap/iuap-jdbc/3.0.0-RELEASE/iuap-jdbc-3.0.0-RELEASE.jar!/com/yonyou/iuap/persistence/jdbc/framework/processor/BeanListProcessor.class]
10:20:58.566 [] [] [main] TRACE o.s.d.r.c.RepositoryComponentProvider - Scanning URL [jar:file:/D:/devtool/repository/Maven/Maven3.2.2/local/repo/com/yonyou/iuap/iuap-jdbc/3.0.0-RELEASE/iuap-jdbc-3.0.0-RELEASE.jar!/com/yonyou/iuap/persistence/jdbc/framework/processor/BeanPagedListProcessor.class]
10:20:58.566 [] [] [main] TRACE o.s.d.r.c.RepositoryComponentProvider - Ignored because not matching any filter: URL [jar:file:/D:/devtool/repository/Maven/Maven3.2.2/local/repo/com/yonyou/iuap/iuap-jdbc/3.0.0-RELEASE/iuap-jdbc-3.0.0-RELEASE.jar!/com/yonyou/iuap/persistence/jdbc/framework/processor/BeanPagedListProcessor.class]
10:20:58.566 [] [] [main] TRACE o.s.d.r.c.RepositoryComponentProvider - Scanning URL [jar:file:/D:/devtool/repository/Maven/Maven3.2.2/local/repo/com/yonyou/iuap/iuap-jdbc/3.0.0-RELEASE/iuap-jdbc-3.0.0-RELEASE.jar!/com/yonyou/iuap/persistence/jdbc/framework/processor/BeanProcessor.class]
10:20:58.566 [] [] [main] TRACE o.s.d.r.c.RepositoryComponentProvider - Ignored because not matching any filter: URL [jar:file:/D:/devtool/repository/Maven/Maven3.2.2/local/repo/com/yonyou/iuap/iuap-jdbc/3.0.0-RELEASE/iuap-jdbc-3.0.0-RELEASE.jar!/com/yonyou/iuap/persistence/jdbc/framework/processor/BeanProcessor.class]
10:20:58.567 [] [] [main] TRACE o.s.d.r.c.RepositoryComponentProvider - Scanning URL [jar:file:/D:/devtool/repository/Maven/Maven3.2.2/local/repo/com/yonyou/iuap/iuap-jdbc/3.0.0-RELEASE/iuap-jdbc-3.0.0-RELEASE.jar!/com/yonyou/iuap/persistence/jdbc/framework/processor/ColumnListProcessor.class]
10:20:58.567 [] [] [main] TRACE o.s.d.r.c.RepositoryComponentProvider - Ignored because not matching any filter: URL [jar:file:/D:/devtool/repository/Maven/Maven3.2.2/local/repo/com/yonyou/iuap/iuap-jdbc/3.0.0-RELEASE/iuap-jdbc-3.0.0-RELEASE.jar!/com/yonyou/iuap/persistence/jdbc/framework/processor/ColumnListProcessor.class]
10:20:58.567 [] [] [main] TRACE o.s.d.r.c.RepositoryComponentProvider - Scanning URL [jar:file:/D:/devtool/repository/Maven/Maven3.2.2/local/repo/com/yonyou/iuap/iuap-jdbc/3.0.0-RELEASE/iuap-jdbc-3.0.0-RELEASE.jar!/com/yonyou/iuap/persistence/jdbc/framework/processor/ColumnProcessor.class]
10:20:58.567 [] [] [main] TRACE o.s.d.r.c.RepositoryComponentProvider - Ignored because not matching any filter: URL [jar:file:/D:/devtool/repository/Maven/Maven3.2.2/local/repo/com/yonyou/iuap/iuap-jdbc/3.0.0-RELEASE/iuap-jdbc-3.0.0-RELEASE.jar!/com/yonyou/iuap/persistence/jdbc/framework/processor/ColumnProcessor.class]
10:20:58.567 [] [] [main] TRACE o.s.d.r.c.RepositoryComponentProvider - Scanning URL [jar:file:/D:/devtool/repository/Maven/Maven3.2.2/local/repo/com/yonyou/iuap/iuap-jdbc/3.0.0-RELEASE/iuap-jdbc-3.0.0-RELEASE.jar!/com/yonyou/iuap/persistence/jdbc/framework/processor/CSVProcessor.class]
10:20:58.568 [] [] [main] TRACE o.s.d.r.c.RepositoryComponentProvider - Ignored because not matching any filter: URL [jar:file:/D:/devtool/repository/Maven/Maven3.2.2/local/repo/com/yonyou/iuap/iuap-jdbc/3.0.0-RELEASE/iuap-jdbc-3.0.0-RELEASE.jar!/com/yonyou/iuap/persistence/jdbc/framework/processor/CSVProcessor.class]
10:20:58.568 [] [] [main] TRACE o.s.d.r.c.RepositoryComponentProvider - Scanning URL [jar:file:/D:/devtool/repository/Maven/Maven3.2.2/local/repo/com/yonyou/iuap/iuap-jdbc/3.0.0-RELEASE/iuap-jdbc-3.0.0-RELEASE.jar!/com/yonyou/iuap/persistence/jdbc/framework/processor/JSONProcessor.class]
10:20:58.568 [] [] [main] TRACE o.s.d.r.c.RepositoryComponentProvider - Ignored because not matching any filter: URL [jar:file:/D:/devtool/repository/Maven/Maven3.2.2/local/repo/com/yonyou/iuap/iuap-jdbc/3.0.0-RELEASE/iuap-jdbc-3.0.0-RELEASE.jar!/com/yonyou/iuap/persistence/jdbc/framework/processor/JSONProcessor.class]
10:20:58.568 [] [] [main] TRACE o.s.d.r.c.RepositoryComponentProvider - Scanning URL [jar:file:/D:/devtool/repository/Maven/Maven3.2.2/local/repo/com/yonyou/iuap/iuap-jdbc/3.0.0-RELEASE/iuap-jdbc-3.0.0-RELEASE.jar!/com/yonyou/iuap/persistence/jdbc/framework/processor/JSONSerializer.class]
10:20:58.568 [] [] [main] TRACE o.s.d.r.c.RepositoryComponentProvider - Ignored because not matching any filter: URL [jar:file:/D:/devtool/repository/Maven/Maven3.2.2/local/repo/com/yonyou/iuap/iuap-jdbc/3.0.0-RELEASE/iuap-jdbc-3.0.0-RELEASE.jar!/com/yonyou/iuap/persistence/jdbc/framework/processor/JSONSerializer.class]
10:20:58.569 [] [] [main] TRACE o.s.d.r.c.RepositoryComponentProvider - Scanning URL [jar:file:/D:/devtool/repository/Maven/Maven3.2.2/local/repo/com/yonyou/iuap/iuap-jdbc/3.0.0-RELEASE/iuap-jdbc-3.0.0-RELEASE.jar!/com/yonyou/iuap/persistence/jdbc/framework/processor/lazy/AbstractLazyCallback.class]
10:20:58.570 [] [] [main] TRACE o.s.d.r.c.RepositoryComponentProvider - Ignored because not matching any filter: URL [jar:file:/D:/devtool/repository/Maven/Maven3.2.2/local/repo/com/yonyou/iuap/iuap-jdbc/3.0.0-RELEASE/iuap-jdbc-3.0.0-RELEASE.jar!/com/yonyou/iuap/persistence/jdbc/framework/processor/lazy/AbstractLazyCallback.class]
10:20:58.570 [] [] [main] TRACE o.s.d.r.c.RepositoryComponentProvider - Scanning URL [jar:file:/D:/devtool/repository/Maven/Maven3.2.2/local/repo/com/yonyou/iuap/iuap-jdbc/3.0.0-RELEASE/iuap-jdbc-3.0.0-RELEASE.jar!/com/yonyou/iuap/persistence/jdbc/framework/processor/lazy/ChildEnum.class]
10:20:58.570 [] [] [main] TRACE o.s.d.r.c.RepositoryComponentProvider - Ignored because not matching any filter: URL [jar:file:/D:/devtool/repository/Maven/Maven3.2.2/local/repo/com/yonyou/iuap/iuap-jdbc/3.0.0-RELEASE/iuap-jdbc-3.0.0-RELEASE.jar!/com/yonyou/iuap/persistence/jdbc/framework/processor/lazy/ChildEnum.class]
10:20:58.570 [] [] [main] TRACE o.s.d.r.c.RepositoryComponentProvider - Scanning URL [jar:file:/D:/devtool/repository/Maven/Maven3.2.2/local/repo/com/yonyou/iuap/iuap-jdbc/3.0.0-RELEASE/iuap-jdbc-3.0.0-RELEASE.jar!/com/yonyou/iuap/persistence/jdbc/framework/processor/lazy/DefaultLazyCallbackFinder$1.class]
10:20:58.571 [] [] [main] TRACE o.s.d.r.c.RepositoryComponentProvider - Ignored because not matching any filter: URL [jar:file:/D:/devtool/repository/Maven/Maven3.2.2/local/repo/com/yonyou/iuap/iuap-jdbc/3.0.0-RELEASE/iuap-jdbc-3.0.0-RELEASE.jar!/com/yonyou/iuap/persistence/jdbc/framework/processor/lazy/DefaultLazyCallbackFinder$1.class]
10:20:58.571 [] [] [main] TRACE o.s.d.r.c.RepositoryComponentProvider - Scanning URL [jar:file:/D:/devtool/repository/Maven/Maven3.2.2/local/repo/com/yonyou/iuap/iuap-jdbc/3.0.0-RELEASE/iuap-jdbc-3.0.0-RELEASE.jar!/com/yonyou/iuap/persistence/jdbc/framework/processor/lazy/DefaultLazyCallbackFinder$InnerInstance.class]
10:20:58.571 [] [] [main] TRACE o.s.d.r.c.RepositoryComponentProvider - Ignored because not matching any filter: URL [jar:file:/D:/devtool/repository/Maven/Maven3.2.2/local/repo/com/yonyou/iuap/iuap-jdbc/3.0.0-RELEASE/iuap-jdbc-3.0.0-RELEASE.jar!/com/yonyou/iuap/persistence/jdbc/framework/processor/lazy/DefaultLazyCallbackFinder$InnerInstance.class]
10:20:58.571 [] [] [main] TRACE o.s.d.r.c.RepositoryComponentProvider - Scanning URL [jar:file:/D:/devtool/repository/Maven/Maven3.2.2/local/repo/com/yonyou/iuap/iuap-jdbc/3.0.0-RELEASE/iuap-jdbc-3.0.0-RELEASE.jar!/com/yonyou/iuap/persistence/jdbc/framework/processor/lazy/DefaultLazyCallbackFinder.class]
10:20:58.571 [] [] [main] TRACE o.s.d.r.c.RepositoryComponentProvider - Ignored because not matching any filter: URL [jar:file:/D:/devtool/repository/Maven/Maven3.2.2/local/repo/com/yonyou/iuap/iuap-jdbc/3.0.0-RELEASE/iuap-jdbc-3.0.0-RELEASE.jar!/com/yonyou/iuap/persistence/jdbc/framework/processor/lazy/DefaultLazyCallbackFinder.class]
10:20:58.571 [] [] [main] TRACE o.s.d.r.c.RepositoryComponentProvider - Scanning URL [jar:file:/D:/devtool/repository/Maven/Maven3.2.2/local/repo/com/yonyou/iuap/iuap-jdbc/3.0.0-RELEASE/iuap-jdbc-3.0.0-RELEASE.jar!/com/yonyou/iuap/persistence/jdbc/framework/processor/lazy/impl/ListLazyCallback.class]
10:20:58.572 [] [] [main] TRACE o.s.d.r.c.RepositoryComponentProvider - Ignored because not matching any filter: URL [jar:file:/D:/devtool/repository/Maven/Maven3.2.2/local/repo/com/yonyou/iuap/iuap-jdbc/3.0.0-RELEASE/iuap-jdbc-3.0.0-RELEASE.jar!/com/yonyou/iuap/persistence/jdbc/framework/processor/lazy/impl/ListLazyCallback.class]
10:20:58.572 [] [] [main] TRACE o.s.d.r.c.RepositoryComponentProvider - Scanning URL [jar:file:/D:/devtool/repository/Maven/Maven3.2.2/local/repo/com/yonyou/iuap/iuap-jdbc/3.0.0-RELEASE/iuap-jdbc-3.0.0-RELEASE.jar!/com/yonyou/iuap/persistence/jdbc/framework/processor/lazy/impl/RefLazyCallback.class]
10:20:58.572 [] [] [main] TRACE o.s.d.r.c.RepositoryComponentProvider - Ignored because not matching any filter: URL [jar:file:/D:/devtool/repository/Maven/Maven3.2.2/local/repo/com/yonyou/iuap/iuap-jdbc/3.0.0-RELEASE/iuap-jdbc-3.0.0-RELEASE.jar!/com/yonyou/iuap/persistence/jdbc/framework/processor/lazy/impl/RefLazyCallback.class]
10:20:58.572 [] [] [main] TRACE o.s.d.r.c.RepositoryComponentProvider - Scanning URL [jar:file:/D:/devtool/repository/Maven/Maven3.2.2/local/repo/com/yonyou/iuap/iuap-jdbc/3.0.0-RELEASE/iuap-jdbc-3.0.0-RELEASE.jar!/com/yonyou/iuap/persistence/jdbc/framework/processor/lazy/LazyCallbackFactory$1.class]
10:20:58.573 [] [] [main] TRACE o.s.d.r.c.RepositoryComponentProvider - Ignored because not matching any filter: URL [jar:file:/D:/devtool/repository/Maven/Maven3.2.2/local/repo/com/yonyou/iuap/iuap-jdbc/3.0.0-RELEASE/iuap-jdbc-3.0.0-RELEASE.jar!/com/yonyou/iuap/persistence/jdbc/framework/processor/lazy/LazyCallbackFactory$1.class]
10:20:58.573 [] [] [main] TRACE o.s.d.r.c.RepositoryComponentProvider - Scanning URL [jar:file:/D:/devtool/repository/Maven/Maven3.2.2/local/repo/com/yonyou/iuap/iuap-jdbc/3.0.0-RELEASE/iuap-jdbc-3.0.0-RELEASE.jar!/com/yonyou/iuap/persistence/jdbc/framework/processor/lazy/LazyCallbackFactory.class]
10:20:58.573 [] [] [main] TRACE o.s.d.r.c.RepositoryComponentProvider - Ignored because not matching any filter: URL [jar:file:/D:/devtool/repository/Maven/Maven3.2.2/local/repo/com/yonyou/iuap/iuap-jdbc/3.0.0-RELEASE/iuap-jdbc-3.0.0-RELEASE.jar!/com/yonyou/iuap/persistence/jdbc/framework/processor/lazy/LazyCallbackFactory.class]
10:20:58.573 [] [] [main] TRACE o.s.d.r.c.RepositoryComponentProvider - Scanning URL [jar:file:/D:/devtool/repository/Maven/Maven3.2.2/local/repo/com/yonyou/iuap/iuap-jdbc/3.0.0-RELEASE/iuap-jdbc-3.0.0-RELEASE.jar!/com/yonyou/iuap/persistence/jdbc/framework/processor/lazy/LazyCallbackFinder.class]
10:20:58.573 [] [] [main] TRACE o.s.d.r.c.RepositoryComponentProvider - Ignored because not matching any filter: URL [jar:file:/D:/devtool/repository/Maven/Maven3.2.2/local/repo/com/yonyou/iuap/iuap-jdbc/3.0.0-RELEASE/iuap-jdbc-3.0.0-RELEASE.jar!/com/yonyou/iuap/persistence/jdbc/framework/processor/lazy/LazyCallbackFinder.class]
10:20:58.573 [] [] [main] TRACE o.s.d.r.c.RepositoryComponentProvider - Scanning URL [jar:file:/D:/devtool/repository/Maven/Maven3.2.2/local/repo/com/yonyou/iuap/iuap-jdbc/3.0.0-RELEASE/iuap-jdbc-3.0.0-RELEASE.jar!/com/yonyou/iuap/persistence/jdbc/framework/processor/lazy/LazyContextParam.class]
10:20:58.574 [] [] [main] TRACE o.s.d.r.c.RepositoryComponentProvider - Ignored because not matching any filter: URL [jar:file:/D:/devtool/repository/Maven/Maven3.2.2/local/repo/com/yonyou/iuap/iuap-jdbc/3.0.0-RELEASE/iuap-jdbc-3.0.0-RELEASE.jar!/com/yonyou/iuap/persistence/jdbc/framework/processor/lazy/LazyContextParam.class]
10:20:58.574 [] [] [main] TRACE o.s.d.r.c.RepositoryComponentProvider - Scanning URL [jar:file:/D:/devtool/repository/Maven/Maven3.2.2/local/repo/com/yonyou/iuap/iuap-jdbc/3.0.0-RELEASE/iuap-jdbc-3.0.0-RELEASE.jar!/com/yonyou/iuap/persistence/jdbc/framework/processor/lazy/LazyCreator.class]
10:20:58.574 [] [] [main] TRACE o.s.d.r.c.RepositoryComponentProvider - Ignored because not matching any filter: URL [jar:file:/D:/devtool/repository/Maven/Maven3.2.2/local/repo/com/yonyou/iuap/iuap-jdbc/3.0.0-RELEASE/iuap-jdbc-3.0.0-RELEASE.jar!/com/yonyou/iuap/persistence/jdbc/framework/processor/lazy/LazyCreator.class]
10:20:58.574 [] [] [main] TRACE o.s.d.r.c.RepositoryComponentProvider - Scanning URL [jar:file:/D:/devtool/repository/Maven/Maven3.2.2/local/repo/com/yonyou/iuap/iuap-jdbc/3.0.0-RELEASE/iuap-jdbc-3.0.0-RELEASE.jar!/com/yonyou/iuap/persistence/jdbc/framework/processor/lazy/UAPLazyLoader.class]
10:20:58.574 [] [] [main] TRACE o.s.d.r.c.RepositoryComponentProvider - Ignored because not matching any filter: URL [jar:file:/D:/devtool/repository/Maven/Maven3.2.2/local/repo/com/yonyou/iuap/iuap-jdbc/3.0.0-RELEASE/iuap-jdbc-3.0.0-RELEASE.jar!/com/yonyou/iuap/persistence/jdbc/framework/processor/lazy/UAPLazyLoader.class]
10:20:58.574 [] [] [main] TRACE o.s.d.r.c.RepositoryComponentProvider - Scanning URL [jar:file:/D:/devtool/repository/Maven/Maven3.2.2/local/repo/com/yonyou/iuap/iuap-jdbc/3.0.0-RELEASE/iuap-jdbc-3.0.0-RELEASE.jar!/com/yonyou/iuap/persistence/jdbc/framework/processor/MapListProcessor.class]
10:20:58.574 [] [] [main] TRACE o.s.d.r.c.RepositoryComponentProvider - Ignored because not matching any filter: URL [jar:file:/D:/devtool/repository/Maven/Maven3.2.2/local/repo/com/yonyou/iuap/iuap-jdbc/3.0.0-RELEASE/iuap-jdbc-3.0.0-RELEASE.jar!/com/yonyou/iuap/persistence/jdbc/framework/processor/MapListProcessor.class]
10:20:58.574 [] [] [main] TRACE o.s.d.r.c.RepositoryComponentProvider - Scanning URL [jar:file:/D:/devtool/repository/Maven/Maven3.2.2/local/repo/com/yonyou/iuap/iuap-jdbc/3.0.0-RELEASE/iuap-jdbc-3.0.0-RELEASE.jar!/com/yonyou/iuap/persistence/jdbc/framework/processor/MapProcessor.class]
10:20:58.575 [] [] [main] TRACE o.s.d.r.c.RepositoryComponentProvider - Ignored because not matching any filter: URL [jar:file:/D:/devtool/repository/Maven/Maven3.2.2/local/repo/com/yonyou/iuap/iuap-jdbc/3.0.0-RELEASE/iuap-jdbc-3.0.0-RELEASE.jar!/com/yonyou/iuap/persistence/jdbc/framework/processor/MapProcessor.class]
10:20:58.575 [] [] [main] TRACE o.s.d.r.c.RepositoryComponentProvider - Scanning URL [jar:file:/D:/devtool/repository/Maven/Maven3.2.2/local/repo/com/yonyou/iuap/iuap-jdbc/3.0.0-RELEASE/iuap-jdbc-3.0.0-RELEASE.jar!/com/yonyou/iuap/persistence/jdbc/framework/processor/OutputStreamProcessor.class]
10:20:58.575 [] [] [main] TRACE o.s.d.r.c.RepositoryComponentProvider - Ignored because not matching any filter: URL [jar:file:/D:/devtool/repository/Maven/Maven3.2.2/local/repo/com/yonyou/iuap/iuap-jdbc/3.0.0-RELEASE/iuap-jdbc-3.0.0-RELEASE.jar!/com/yonyou/iuap/persistence/jdbc/framework/processor/OutputStreamProcessor.class]
10:20:58.575 [] [] [main] TRACE o.s.d.r.c.RepositoryComponentProvider - Scanning URL [jar:file:/D:/devtool/repository/Maven/Maven3.2.2/local/repo/com/yonyou/iuap/iuap-jdbc/3.0.0-RELEASE/iuap-jdbc-3.0.0-RELEASE.jar!/com/yonyou/iuap/persistence/jdbc/framework/processor/ProcessorUtils$1.class]
10:20:58.575 [] [] [main] TRACE o.s.d.r.c.RepositoryComponentProvider - Ignored because not matching any filter: URL [jar:file:/D:/devtool/repository/Maven/Maven3.2.2/local/repo/com/yonyou/iuap/iuap-jdbc/3.0.0-RELEASE/iuap-jdbc-3.0.0-RELEASE.jar!/com/yonyou/iuap/persistence/jdbc/framework/processor/ProcessorUtils$1.class]
10:20:58.575 [] [] [main] TRACE o.s.d.r.c.RepositoryComponentProvider - Scanning URL [jar:file:/D:/devtool/repository/Maven/Maven3.2.2/local/repo/com/yonyou/iuap/iuap-jdbc/3.0.0-RELEASE/iuap-jdbc-3.0.0-RELEASE.jar!/com/yonyou/iuap/persistence/jdbc/framework/processor/ProcessorUtils$MethodAndTypes.class]
10:20:58.576 [] [] [main] TRACE o.s.d.r.c.RepositoryComponentProvider - Ignored because not matching any filter: URL [jar:file:/D:/devtool/repository/Maven/Maven3.2.2/local/repo/com/yonyou/iuap/iuap-jdbc/3.0.0-RELEASE/iuap-jdbc-3.0.0-RELEASE.jar!/com/yonyou/iuap/persistence/jdbc/framework/processor/ProcessorUtils$MethodAndTypes.class]
10:20:58.576 [] [] [main] TRACE o.s.d.r.c.RepositoryComponentProvider - Scanning URL [jar:file:/D:/devtool/repository/Maven/Maven3.2.2/local/repo/com/yonyou/iuap/iuap-jdbc/3.0.0-RELEASE/iuap-jdbc-3.0.0-RELEASE.jar!/com/yonyou/iuap/persistence/jdbc/framework/processor/ProcessorUtils.class]
10:20:58.576 [] [] [main] TRACE o.s.d.r.c.RepositoryComponentProvider - Ignored because not matching any filter: URL [jar:file:/D:/devtool/repository/Maven/Maven3.2.2/local/repo/com/yonyou/iuap/iuap-jdbc/3.0.0-RELEASE/iuap-jdbc-3.0.0-RELEASE.jar!/com/yonyou/iuap/persistence/jdbc/framework/processor/ProcessorUtils.class]
10:20:58.576 [] [] [main] TRACE o.s.d.r.c.RepositoryComponentProvider - Scanning URL [jar:file:/D:/devtool/repository/Maven/Maven3.2.2/local/repo/com/yonyou/iuap/iuap-jdbc/3.0.0-RELEASE/iuap-jdbc-3.0.0-RELEASE.jar!/com/yonyou/iuap/persistence/jdbc/framework/processor/ResultSetProcessor.class]
10:20:58.576 [] [] [main] TRACE o.s.d.r.c.RepositoryComponentProvider - Ignored because not matching any filter: URL [jar:file:/D:/devtool/repository/Maven/Maven3.2.2/local/repo/com/yonyou/iuap/iuap-jdbc/3.0.0-RELEASE/iuap-jdbc-3.0.0-RELEASE.jar!/com/yonyou/iuap/persistence/jdbc/framework/processor/ResultSetProcessor.class]
10:20:58.576 [] [] [main] TRACE o.s.d.r.c.RepositoryComponentProvider - Scanning URL [jar:file:/D:/devtool/repository/Maven/Maven3.2.2/local/repo/com/yonyou/iuap/iuap-jdbc/3.0.0-RELEASE/iuap-jdbc-3.0.0-RELEASE.jar!/com/yonyou/iuap/persistence/jdbc/framework/processor/TableModelProcessor.class]
10:20:58.577 [] [] [main] TRACE o.s.d.r.c.RepositoryComponentProvider - Ignored because not matching any filter: URL [jar:file:/D:/devtool/repository/Maven/Maven3.2.2/local/repo/com/yonyou/iuap/iuap-jdbc/3.0.0-RELEASE/iuap-jdbc-3.0.0-RELEASE.jar!/com/yonyou/iuap/persistence/jdbc/framework/processor/TableModelProcessor.class]
10:20:58.577 [] [] [main] TRACE o.s.d.r.c.RepositoryComponentProvider - Scanning URL [jar:file:/D:/devtool/repository/Maven/Maven3.2.2/local/repo/com/yonyou/iuap/iuap-jdbc/3.0.0-RELEASE/iuap-jdbc-3.0.0-RELEASE.jar!/com/yonyou/iuap/persistence/jdbc/framework/processor/VectorProcessor.class]
10:20:58.577 [] [] [main] TRACE o.s.d.r.c.RepositoryComponentProvider - Ignored because not matching any filter: URL [jar:file:/D:/devtool/repository/Maven/Maven3.2.2/local/repo/com/yonyou/iuap/iuap-jdbc/3.0.0-RELEASE/iuap-jdbc-3.0.0-RELEASE.jar!/com/yonyou/iuap/persistence/jdbc/framework/processor/VectorProcessor.class]
10:20:58.577 [] [] [main] TRACE o.s.d.r.c.RepositoryComponentProvider - Scanning URL [jar:file:/D:/devtool/repository/Maven/Maven3.2.2/local/repo/com/yonyou/iuap/iuap-jdbc/3.0.0-RELEASE/iuap-jdbc-3.0.0-RELEASE.jar!/com/yonyou/iuap/persistence/jdbc/framework/processor/XMLProcessor.class]
10:20:58.577 [] [] [main] TRACE o.s.d.r.c.RepositoryComponentProvider - Ignored because not matching any filter: URL [jar:file:/D:/devtool/repository/Maven/Maven3.2.2/local/repo/com/yonyou/iuap/iuap-jdbc/3.0.0-RELEASE/iuap-jdbc-3.0.0-RELEASE.jar!/com/yonyou/iuap/persistence/jdbc/framework/processor/XMLProcessor.class]
10:20:58.577 [] [] [main] TRACE o.s.d.r.c.RepositoryComponentProvider - Scanning URL [jar:file:/D:/devtool/repository/Maven/Maven3.2.2/local/repo/com/yonyou/iuap/iuap-jdbc/3.0.0-RELEASE/iuap-jdbc-3.0.0-RELEASE.jar!/com/yonyou/iuap/persistence/jdbc/framework/SQLParameter.class]
10:20:58.578 [] [] [main] TRACE o.s.d.r.c.RepositoryComponentProvider - Ignored because not matching any filter: URL [jar:file:/D:/devtool/repository/Maven/Maven3.2.2/local/repo/com/yonyou/iuap/iuap-jdbc/3.0.0-RELEASE/iuap-jdbc-3.0.0-RELEASE.jar!/com/yonyou/iuap/persistence/jdbc/framework/SQLParameter.class]
10:20:58.578 [] [] [main] TRACE o.s.d.r.c.RepositoryComponentProvider - Scanning URL [jar:file:/D:/devtool/repository/Maven/Maven3.2.2/local/repo/com/yonyou/iuap/iuap-jdbc/3.0.0-RELEASE/iuap-jdbc-3.0.0-RELEASE.jar!/com/yonyou/iuap/persistence/jdbc/framework/type/BlobObject.class]
10:20:58.578 [] [] [main] TRACE o.s.d.r.c.RepositoryComponentProvider - Ignored because not matching any filter: URL [jar:file:/D:/devtool/repository/Maven/Maven3.2.2/local/repo/com/yonyou/iuap/iuap-jdbc/3.0.0-RELEASE/iuap-jdbc-3.0.0-RELEASE.jar!/com/yonyou/iuap/persistence/jdbc/framework/type/BlobObject.class]
10:20:58.578 [] [] [main] TRACE o.s.d.r.c.RepositoryComponentProvider - Scanning URL [jar:file:/D:/devtool/repository/Maven/Maven3.2.2/local/repo/com/yonyou/iuap/iuap-jdbc/3.0.0-RELEASE/iuap-jdbc-3.0.0-RELEASE.jar!/com/yonyou/iuap/persistence/jdbc/framework/type/BlobParamType.class]
10:20:58.578 [] [] [main] TRACE o.s.d.r.c.RepositoryComponentProvider - Ignored because not matching any filter: URL [jar:file:/D:/devtool/repository/Maven/Maven3.2.2/local/repo/com/yonyou/iuap/iuap-jdbc/3.0.0-RELEASE/iuap-jdbc-3.0.0-RELEASE.jar!/com/yonyou/iuap/persistence/jdbc/framework/type/BlobParamType.class]
10:20:58.578 [] [] [main] TRACE o.s.d.r.c.RepositoryComponentProvider - Scanning URL [jar:file:/D:/devtool/repository/Maven/Maven3.2.2/local/repo/com/yonyou/iuap/iuap-jdbc/3.0.0-RELEASE/iuap-jdbc-3.0.0-RELEASE.jar!/com/yonyou/iuap/persistence/jdbc/framework/type/ClobParamType.class]
10:20:58.579 [] [] [main] TRACE o.s.d.r.c.RepositoryComponentProvider - Ignored because not matching any filter: URL [jar:file:/D:/devtool/repository/Maven/Maven3.2.2/local/repo/com/yonyou/iuap/iuap-jdbc/3.0.0-RELEASE/iuap-jdbc-3.0.0-RELEASE.jar!/com/yonyou/iuap/persistence/jdbc/framework/type/ClobParamType.class]
10:20:58.579 [] [] [main] TRACE o.s.d.r.c.RepositoryComponentProvider - Scanning URL [jar:file:/D:/devtool/repository/Maven/Maven3.2.2/local/repo/com/yonyou/iuap/iuap-jdbc/3.0.0-RELEASE/iuap-jdbc-3.0.0-RELEASE.jar!/com/yonyou/iuap/persistence/jdbc/framework/type/EntityType.class]
10:20:58.579 [] [] [main] TRACE o.s.d.r.c.RepositoryComponentProvider - Ignored because not matching any filter: URL [jar:file:/D:/devtool/repository/Maven/Maven3.2.2/local/repo/com/yonyou/iuap/iuap-jdbc/3.0.0-RELEASE/iuap-jdbc-3.0.0-RELEASE.jar!/com/yonyou/iuap/persistence/jdbc/framework/type/EntityType.class]
10:20:58.579 [] [] [main] TRACE o.s.d.r.c.RepositoryComponentProvider - Scanning URL [jar:file:/D:/devtool/repository/Maven/Maven3.2.2/local/repo/com/yonyou/iuap/iuap-jdbc/3.0.0-RELEASE/iuap-jdbc-3.0.0-RELEASE.jar!/com/yonyou/iuap/persistence/jdbc/framework/type/NullParamType.class]
10:20:58.579 [] [] [main] TRACE o.s.d.r.c.RepositoryComponentProvider - Ignored because not matching any filter: URL [jar:file:/D:/devtool/repository/Maven/Maven3.2.2/local/repo/com/yonyou/iuap/iuap-jdbc/3.0.0-RELEASE/iuap-jdbc-3.0.0-RELEASE.jar!/com/yonyou/iuap/persistence/jdbc/framework/type/NullParamType.class]
10:20:58.579 [] [] [main] TRACE o.s.d.r.c.RepositoryComponentProvider - Scanning URL [jar:file:/D:/devtool/repository/Maven/Maven3.2.2/local/repo/com/yonyou/iuap/iuap-jdbc/3.0.0-RELEASE/iuap-jdbc-3.0.0-RELEASE.jar!/com/yonyou/iuap/persistence/jdbc/framework/type/SQLParamType.class]
10:20:58.579 [] [] [main] TRACE o.s.d.r.c.RepositoryComponentProvider - Ignored because not matching any filter: URL [jar:file:/D:/devtool/repository/Maven/Maven3.2.2/local/repo/com/yonyou/iuap/iuap-jdbc/3.0.0-RELEASE/iuap-jdbc-3.0.0-RELEASE.jar!/com/yonyou/iuap/persistence/jdbc/framework/type/SQLParamType.class]
10:20:58.579 [] [] [main] TRACE o.s.d.r.c.RepositoryComponentProvider - Scanning URL [jar:file:/D:/devtool/repository/Maven/Maven3.2.2/local/repo/com/yonyou/iuap/iuap-jdbc/3.0.0-RELEASE/iuap-jdbc-3.0.0-RELEASE.jar!/com/yonyou/iuap/persistence/jdbc/framework/type/SQLTypeFactory.class]
10:20:58.580 [] [] [main] TRACE o.s.d.r.c.RepositoryComponentProvider - Ignored because not matching any filter: URL [jar:file:/D:/devtool/repository/Maven/Maven3.2.2/local/repo/com/yonyou/iuap/iuap-jdbc/3.0.0-RELEASE/iuap-jdbc-3.0.0-RELEASE.jar!/com/yonyou/iuap/persistence/jdbc/framework/type/SQLTypeFactory.class]
10:20:58.580 [] [] [main] TRACE o.s.d.r.c.RepositoryComponentProvider - Scanning URL [jar:file:/D:/devtool/repository/Maven/Maven3.2.2/local/repo/com/yonyou/iuap/iuap-jdbc/3.0.0-RELEASE/iuap-jdbc-3.0.0-RELEASE.jar!/com/yonyou/iuap/persistence/jdbc/framework/util/BigDecimalConverter.class]
10:20:58.580 [] [] [main] TRACE o.s.d.r.c.RepositoryComponentProvider - Ignored because not matching any filter: URL [jar:file:/D:/devtool/repository/Maven/Maven3.2.2/local/repo/com/yonyou/iuap/iuap-jdbc/3.0.0-RELEASE/iuap-jdbc-3.0.0-RELEASE.jar!/com/yonyou/iuap/persistence/jdbc/framework/util/BigDecimalConverter.class]
10:20:58.580 [] [] [main] TRACE o.s.d.r.c.RepositoryComponentProvider - Scanning URL [jar:file:/D:/devtool/repository/Maven/Maven3.2.2/local/repo/com/yonyou/iuap/iuap-jdbc/3.0.0-RELEASE/iuap-jdbc-3.0.0-RELEASE.jar!/com/yonyou/iuap/persistence/jdbc/framework/util/BigIntegerConverter.class]
10:20:58.581 [] [] [main] TRACE o.s.d.r.c.RepositoryComponentProvider - Ignored because not matching any filter: URL [jar:file:/D:/devtool/repository/Maven/Maven3.2.2/local/repo/com/yonyou/iuap/iuap-jdbc/3.0.0-RELEASE/iuap-jdbc-3.0.0-RELEASE.jar!/com/yonyou/iuap/persistence/jdbc/framework/util/BigIntegerConverter.class]
10:20:58.581 [] [] [main] TRACE o.s.d.r.c.RepositoryComponentProvider - Scanning URL [jar:file:/D:/devtool/repository/Maven/Maven3.2.2/local/repo/com/yonyou/iuap/iuap-jdbc/3.0.0-RELEASE/iuap-jdbc-3.0.0-RELEASE.jar!/com/yonyou/iuap/persistence/jdbc/framework/util/BlobConvertor.class]
10:20:58.581 [] [] [main] TRACE o.s.d.r.c.RepositoryComponentProvider - Ignored because not matching any filter: URL [jar:file:/D:/devtool/repository/Maven/Maven3.2.2/local/repo/com/yonyou/iuap/iuap-jdbc/3.0.0-RELEASE/iuap-jdbc-3.0.0-RELEASE.jar!/com/yonyou/iuap/persistence/jdbc/framework/util/BlobConvertor.class]
10:20:58.581 [] [] [main] TRACE o.s.d.r.c.RepositoryComponentProvider - Scanning URL [jar:file:/D:/devtool/repository/Maven/Maven3.2.2/local/repo/com/yonyou/iuap/iuap-jdbc/3.0.0-RELEASE/iuap-jdbc-3.0.0-RELEASE.jar!/com/yonyou/iuap/persistence/jdbc/framework/util/BooleanConverter.class]
10:20:58.581 [] [] [main] TRACE o.s.d.r.c.RepositoryComponentProvider - Ignored because not matching any filter: URL [jar:file:/D:/devtool/repository/Maven/Maven3.2.2/local/repo/com/yonyou/iuap/iuap-jdbc/3.0.0-RELEASE/iuap-jdbc-3.0.0-RELEASE.jar!/com/yonyou/iuap/persistence/jdbc/framework/util/BooleanConverter.class]
10:20:58.581 [] [] [main] TRACE o.s.d.r.c.RepositoryComponentProvider - Scanning URL [jar:file:/D:/devtool/repository/Maven/Maven3.2.2/local/repo/com/yonyou/iuap/iuap-jdbc/3.0.0-RELEASE/iuap-jdbc-3.0.0-RELEASE.jar!/com/yonyou/iuap/persistence/jdbc/framework/util/CacheKey.class]
10:20:58.581 [] [] [main] TRACE o.s.d.r.c.RepositoryComponentProvider - Ignored because not matching any filter: URL [jar:file:/D:/devtool/repository/Maven/Maven3.2.2/local/repo/com/yonyou/iuap/iuap-jdbc/3.0.0-RELEASE/iuap-jdbc-3.0.0-RELEASE.jar!/com/yonyou/iuap/persistence/jdbc/framework/util/CacheKey.class]
10:20:58.581 [] [] [main] TRACE o.s.d.r.c.RepositoryComponentProvider - Scanning URL [jar:file:/D:/devtool/repository/Maven/Maven3.2.2/local/repo/com/yonyou/iuap/iuap-jdbc/3.0.0-RELEASE/iuap-jdbc-3.0.0-RELEASE.jar!/com/yonyou/iuap/persistence/jdbc/framework/util/CalenderConvertor.class]
10:20:58.582 [] [] [main] TRACE o.s.d.r.c.RepositoryComponentProvider - Ignored because not matching any filter: URL [jar:file:/D:/devtool/repository/Maven/Maven3.2.2/local/repo/com/yonyou/iuap/iuap-jdbc/3.0.0-RELEASE/iuap-jdbc-3.0.0-RELEASE.jar!/com/yonyou/iuap/persistence/jdbc/framework/util/CalenderConvertor.class]
10:20:58.582 [] [] [main] TRACE o.s.d.r.c.RepositoryComponentProvider - Scanning URL [jar:file:/D:/devtool/repository/Maven/Maven3.2.2/local/repo/com/yonyou/iuap/iuap-jdbc/3.0.0-RELEASE/iuap-jdbc-3.0.0-RELEASE.jar!/com/yonyou/iuap/persistence/jdbc/framework/util/ConverterManager.class]
10:20:58.582 [] [] [main] TRACE o.s.d.r.c.RepositoryComponentProvider - Ignored because not matching any filter: URL [jar:file:/D:/devtool/repository/Maven/Maven3.2.2/local/repo/com/yonyou/iuap/iuap-jdbc/3.0.0-RELEASE/iuap-jdbc-3.0.0-RELEASE.jar!/com/yonyou/iuap/persistence/jdbc/framework/util/ConverterManager.class]
10:20:58.582 [] [] [main] TRACE o.s.d.r.c.RepositoryComponentProvider - Scanning URL [jar:file:/D:/devtool/repository/Maven/Maven3.2.2/local/repo/com/yonyou/iuap/iuap-jdbc/3.0.0-RELEASE/iuap-jdbc-3.0.0-RELEASE.jar!/com/yonyou/iuap/persistence/jdbc/framework/util/DBConsts.class]
10:20:58.582 [] [] [main] TRACE o.s.d.r.c.RepositoryComponentProvider - Ignored because not matching any filter: URL [jar:file:/D:/devtool/repository/Maven/Maven3.2.2/local/repo/com/yonyou/iuap/iuap-jdbc/3.0.0-RELEASE/iuap-jdbc-3.0.0-RELEASE.jar!/com/yonyou/iuap/persistence/jdbc/framework/util/DBConsts.class]
10:20:58.582 [] [] [main] TRACE o.s.d.r.c.RepositoryComponentProvider - Scanning URL [jar:file:/D:/devtool/repository/Maven/Maven3.2.2/local/repo/com/yonyou/iuap/iuap-jdbc/3.0.0-RELEASE/iuap-jdbc-3.0.0-RELEASE.jar!/com/yonyou/iuap/persistence/jdbc/framework/util/DBUtil.class]
10:20:58.582 [] [] [main] TRACE o.s.d.r.c.RepositoryComponentProvider - Ignored because not matching any filter: URL [jar:file:/D:/devtool/repository/Maven/Maven3.2.2/local/repo/com/yonyou/iuap/iuap-jdbc/3.0.0-RELEASE/iuap-jdbc-3.0.0-RELEASE.jar!/com/yonyou/iuap/persistence/jdbc/framework/util/DBUtil.class]
10:20:58.583 [] [] [main] TRACE o.s.d.r.c.RepositoryComponentProvider - Scanning URL [jar:file:/D:/devtool/repository/Maven/Maven3.2.2/local/repo/com/yonyou/iuap/iuap-jdbc/3.0.0-RELEASE/iuap-jdbc-3.0.0-RELEASE.jar!/com/yonyou/iuap/persistence/jdbc/framework/util/DoubleConverter.class]
10:20:58.583 [] [] [main] TRACE o.s.d.r.c.RepositoryComponentProvider - Ignored because not matching any filter: URL [jar:file:/D:/devtool/repository/Maven/Maven3.2.2/local/repo/com/yonyou/iuap/iuap-jdbc/3.0.0-RELEASE/iuap-jdbc-3.0.0-RELEASE.jar!/com/yonyou/iuap/persistence/jdbc/framework/util/DoubleConverter.class]
10:20:58.583 [] [] [main] TRACE o.s.d.r.c.RepositoryComponentProvider - Scanning URL [jar:file:/D:/devtool/repository/Maven/Maven3.2.2/local/repo/com/yonyou/iuap/iuap-jdbc/3.0.0-RELEASE/iuap-jdbc-3.0.0-RELEASE.jar!/com/yonyou/iuap/persistence/jdbc/framework/util/EncodingUtils.class]
10:20:58.583 [] [] [main] TRACE o.s.d.r.c.RepositoryComponentProvider - Ignored because not matching any filter: URL [jar:file:/D:/devtool/repository/Maven/Maven3.2.2/local/repo/com/yonyou/iuap/iuap-jdbc/3.0.0-RELEASE/iuap-jdbc-3.0.0-RELEASE.jar!/com/yonyou/iuap/persistence/jdbc/framework/util/EncodingUtils.class]
10:20:58.583 [] [] [main] TRACE o.s.d.r.c.RepositoryComponentProvider - Scanning URL [jar:file:/D:/devtool/repository/Maven/Maven3.2.2/local/repo/com/yonyou/iuap/iuap-jdbc/3.0.0-RELEASE/iuap-jdbc-3.0.0-RELEASE.jar!/com/yonyou/iuap/persistence/jdbc/framework/util/FastBeanHelper$AnnotationInfo.class]
10:20:58.583 [] [] [main] TRACE o.s.d.r.c.RepositoryComponentProvider - Ignored because not matching any filter: URL [jar:file:/D:/devtool/repository/Maven/Maven3.2.2/local/repo/com/yonyou/iuap/iuap-jdbc/3.0.0-RELEASE/iuap-jdbc-3.0.0-RELEASE.jar!/com/yonyou/iuap/persistence/jdbc/framework/util/FastBeanHelper$AnnotationInfo.class]
10:20:58.583 [] [] [main] TRACE o.s.d.r.c.RepositoryComponentProvider - Scanning URL [jar:file:/D:/devtool/repository/Maven/Maven3.2.2/local/repo/com/yonyou/iuap/iuap-jdbc/3.0.0-RELEASE/iuap-jdbc-3.0.0-RELEASE.jar!/com/yonyou/iuap/persistence/jdbc/framework/util/FastBeanHelper$PropDescriptor.class]
10:20:58.584 [] [] [main] TRACE o.s.d.r.c.RepositoryComponentProvider - Ignored because not matching any filter: URL [jar:file:/D:/devtool/repository/Maven/Maven3.2.2/local/repo/com/yonyou/iuap/iuap-jdbc/3.0.0-RELEASE/iuap-jdbc-3.0.0-RELEASE.jar!/com/yonyou/iuap/persistence/jdbc/framework/util/FastBeanHelper$PropDescriptor.class]
10:20:58.584 [] [] [main] TRACE o.s.d.r.c.RepositoryComponentProvider - Scanning URL [jar:file:/D:/devtool/repository/Maven/Maven3.2.2/local/repo/com/yonyou/iuap/iuap-jdbc/3.0.0-RELEASE/iuap-jdbc-3.0.0-RELEASE.jar!/com/yonyou/iuap/persistence/jdbc/framework/util/FastBeanHelper$ReflectionInfo.class]
10:20:58.584 [] [] [main] TRACE o.s.d.r.c.RepositoryComponentProvider - Ignored because not matching any filter: URL [jar:file:/D:/devtool/repository/Maven/Maven3.2.2/local/repo/com/yonyou/iuap/iuap-jdbc/3.0.0-RELEASE/iuap-jdbc-3.0.0-RELEASE.jar!/com/yonyou/iuap/persistence/jdbc/framework/util/FastBeanHelper$ReflectionInfo.class]
10:20:58.584 [] [] [main] TRACE o.s.d.r.c.RepositoryComponentProvider - Scanning URL [jar:file:/D:/devtool/repository/Maven/Maven3.2.2/local/repo/com/yonyou/iuap/iuap-jdbc/3.0.0-RELEASE/iuap-jdbc-3.0.0-RELEASE.jar!/com/yonyou/iuap/persistence/jdbc/framework/util/FastBeanHelper.class]
10:20:58.585 [] [] [main] TRACE o.s.d.r.c.RepositoryComponentProvider - Ignored because not matching any filter: URL [jar:file:/D:/devtool/repository/Maven/Maven3.2.2/local/repo/com/yonyou/iuap/iuap-jdbc/3.0.0-RELEASE/iuap-jdbc-3.0.0-RELEASE.jar!/com/yonyou/iuap/persistence/jdbc/framework/util/FastBeanHelper.class]
10:20:58.585 [] [] [main] TRACE o.s.d.r.c.RepositoryComponentProvider - Scanning URL [jar:file:/D:/devtool/repository/Maven/Maven3.2.2/local/repo/com/yonyou/iuap/iuap-jdbc/3.0.0-RELEASE/iuap-jdbc-3.0.0-RELEASE.jar!/com/yonyou/iuap/persistence/jdbc/framework/util/InOutUtil.class]
10:20:58.585 [] [] [main] TRACE o.s.d.r.c.RepositoryComponentProvider - Ignored because not matching any filter: URL [jar:file:/D:/devtool/repository/Maven/Maven3.2.2/local/repo/com/yonyou/iuap/iuap-jdbc/3.0.0-RELEASE/iuap-jdbc-3.0.0-RELEASE.jar!/com/yonyou/iuap/persistence/jdbc/framework/util/InOutUtil.class]
10:20:58.585 [] [] [main] TRACE o.s.d.r.c.RepositoryComponentProvider - Scanning URL [jar:file:/D:/devtool/repository/Maven/Maven3.2.2/local/repo/com/yonyou/iuap/iuap-jdbc/3.0.0-RELEASE/iuap-jdbc-3.0.0-RELEASE.jar!/com/yonyou/iuap/persistence/jdbc/framework/util/LRUCache$LRUMap.class]
10:20:58.585 [] [] [main] TRACE o.s.d.r.c.RepositoryComponentProvider - Ignored because not matching any filter: URL [jar:file:/D:/devtool/repository/Maven/Maven3.2.2/local/repo/com/yonyou/iuap/iuap-jdbc/3.0.0-RELEASE/iuap-jdbc-3.0.0-RELEASE.jar!/com/yonyou/iuap/persistence/jdbc/framework/util/LRUCache$LRUMap.class]
10:20:58.586 [] [] [main] TRACE o.s.d.r.c.RepositoryComponentProvider - Scanning URL [jar:file:/D:/devtool/repository/Maven/Maven3.2.2/local/repo/com/yonyou/iuap/iuap-jdbc/3.0.0-RELEASE/iuap-jdbc-3.0.0-RELEASE.jar!/com/yonyou/iuap/persistence/jdbc/framework/util/LRUCache.class]
10:20:58.586 [] [] [main] TRACE o.s.d.r.c.RepositoryComponentProvider - Ignored because not matching any filter: URL [jar:file:/D:/devtool/repository/Maven/Maven3.2.2/local/repo/com/yonyou/iuap/iuap-jdbc/3.0.0-RELEASE/iuap-jdbc-3.0.0-RELEASE.jar!/com/yonyou/iuap/persistence/jdbc/framework/util/LRUCache.class]
10:20:58.586 [] [] [main] TRACE o.s.d.r.c.RepositoryComponentProvider - Scanning URL [jar:file:/D:/devtool/repository/Maven/Maven3.2.2/local/repo/com/yonyou/iuap/iuap-jdbc/3.0.0-RELEASE/iuap-jdbc-3.0.0-RELEASE.jar!/com/yonyou/iuap/persistence/jdbc/framework/util/MRUCache.class]
10:20:58.586 [] [] [main] TRACE o.s.d.r.c.RepositoryComponentProvider - Ignored because not matching any filter: URL [jar:file:/D:/devtool/repository/Maven/Maven3.2.2/local/repo/com/yonyou/iuap/iuap-jdbc/3.0.0-RELEASE/iuap-jdbc-3.0.0-RELEASE.jar!/com/yonyou/iuap/persistence/jdbc/framework/util/MRUCache.class]
10:20:58.586 [] [] [main] TRACE o.s.d.r.c.RepositoryComponentProvider - Scanning URL [jar:file:/D:/devtool/repository/Maven/Maven3.2.2/local/repo/com/yonyou/iuap/iuap-jdbc/3.0.0-RELEASE/iuap-jdbc-3.0.0-RELEASE.jar!/com/yonyou/iuap/persistence/jdbc/framework/util/ObjectConvertor.class]
10:20:58.587 [] [] [main] TRACE o.s.d.r.c.RepositoryComponentProvider - Ignored because not matching any filter: URL [jar:file:/D:/devtool/repository/Maven/Maven3.2.2/local/repo/com/yonyou/iuap/iuap-jdbc/3.0.0-RELEASE/iuap-jdbc-3.0.0-RELEASE.jar!/com/yonyou/iuap/persistence/jdbc/framework/util/ObjectConvertor.class]
10:20:58.587 [] [] [main] TRACE o.s.d.r.c.RepositoryComponentProvider - Scanning URL [jar:file:/D:/devtool/repository/Maven/Maven3.2.2/local/repo/com/yonyou/iuap/iuap-jdbc/3.0.0-RELEASE/iuap-jdbc-3.0.0-RELEASE.jar!/com/yonyou/iuap/persistence/jdbc/framework/util/ParamHandler.class]
10:20:58.587 [] [] [main] TRACE o.s.d.r.c.RepositoryComponentProvider - Ignored because not matching any filter: URL [jar:file:/D:/devtool/repository/Maven/Maven3.2.2/local/repo/com/yonyou/iuap/iuap-jdbc/3.0.0-RELEASE/iuap-jdbc-3.0.0-RELEASE.jar!/com/yonyou/iuap/persistence/jdbc/framework/util/ParamHandler.class]
10:20:58.587 [] [] [main] TRACE o.s.d.r.c.RepositoryComponentProvider - Scanning URL [jar:file:/D:/devtool/repository/Maven/Maven3.2.2/local/repo/com/yonyou/iuap/iuap-jdbc/3.0.0-RELEASE/iuap-jdbc-3.0.0-RELEASE.jar!/com/yonyou/iuap/persistence/jdbc/framework/util/ReadWriteLock.class]
10:20:58.587 [] [] [main] TRACE o.s.d.r.c.RepositoryComponentProvider - Ignored because not matching any filter: URL [jar:file:/D:/devtool/repository/Maven/Maven3.2.2/local/repo/com/yonyou/iuap/iuap-jdbc/3.0.0-RELEASE/iuap-jdbc-3.0.0-RELEASE.jar!/com/yonyou/iuap/persistence/jdbc/framework/util/ReadWriteLock.class]
10:20:58.587 [] [] [main] TRACE o.s.d.r.c.RepositoryComponentProvider - Scanning URL [jar:file:/D:/devtool/repository/Maven/Maven3.2.2/local/repo/com/yonyou/iuap/iuap-jdbc/3.0.0-RELEASE/iuap-jdbc-3.0.0-RELEASE.jar!/com/yonyou/iuap/persistence/jdbc/framework/util/SQLHelper.class]
10:20:58.588 [] [] [main] TRACE o.s.d.r.c.RepositoryComponentProvider - Ignored because not matching any filter: URL [jar:file:/D:/devtool/repository/Maven/Maven3.2.2/local/repo/com/yonyou/iuap/iuap-jdbc/3.0.0-RELEASE/iuap-jdbc-3.0.0-RELEASE.jar!/com/yonyou/iuap/persistence/jdbc/framework/util/SQLHelper.class]
10:20:58.588 [] [] [main] TRACE o.s.d.r.c.RepositoryComponentProvider - Scanning URL [jar:file:/D:/devtool/repository/Maven/Maven3.2.2/local/repo/com/yonyou/iuap/iuap-jdbc/3.0.0-RELEASE/iuap-jdbc-3.0.0-RELEASE.jar!/com/yonyou/iuap/persistence/jdbc/framework/util/StopWatch.class]
10:20:58.588 [] [] [main] TRACE o.s.d.r.c.RepositoryComponentProvider - Ignored because not matching any filter: URL [jar:file:/D:/devtool/repository/Maven/Maven3.2.2/local/repo/com/yonyou/iuap/iuap-jdbc/3.0.0-RELEASE/iuap-jdbc-3.0.0-RELEASE.jar!/com/yonyou/iuap/persistence/jdbc/framework/util/StopWatch.class]
10:20:58.588 [] [] [main] TRACE o.s.d.r.c.RepositoryComponentProvider - Scanning URL [jar:file:/D:/devtool/repository/Maven/Maven3.2.2/local/repo/com/yonyou/iuap/iuap-jdbc/3.0.0-RELEASE/iuap-jdbc-3.0.0-RELEASE.jar!/com/yonyou/iuap/persistence/jdbc/framework/util/StringArrayConverter.class]
10:20:58.591 [] [] [main] TRACE o.s.d.r.c.RepositoryComponentProvider - Ignored because not matching any filter: URL [jar:file:/D:/devtool/repository/Maven/Maven3.2.2/local/repo/com/yonyou/iuap/iuap-jdbc/3.0.0-RELEASE/iuap-jdbc-3.0.0-RELEASE.jar!/com/yonyou/iuap/persistence/jdbc/framework/util/StringArrayConverter.class]
10:20:58.591 [] [] [main] TRACE o.s.d.r.c.RepositoryComponentProvider - Scanning URL [jar:file:/D:/devtool/repository/Maven/Maven3.2.2/local/repo/com/yonyou/iuap/iuap-jdbc/3.0.0-RELEASE/iuap-jdbc-3.0.0-RELEASE.jar!/com/yonyou/iuap/persistence/jdbc/framework/util/StringConvertor.class]
10:20:58.591 [] [] [main] TRACE o.s.d.r.c.RepositoryComponentProvider - Ignored because not matching any filter: URL [jar:file:/D:/devtool/repository/Maven/Maven3.2.2/local/repo/com/yonyou/iuap/iuap-jdbc/3.0.0-RELEASE/iuap-jdbc-3.0.0-RELEASE.jar!/com/yonyou/iuap/persistence/jdbc/framework/util/StringConvertor.class]
10:20:58.591 [] [] [main] TRACE o.s.d.r.c.RepositoryComponentProvider - Scanning URL [jar:file:/D:/devtool/repository/Maven/Maven3.2.2/local/repo/com/yonyou/iuap/iuap-jdbc/3.0.0-RELEASE/iuap-jdbc-3.0.0-RELEASE.jar!/com/yonyou/iuap/persistence/jdbc/framework/util/SyncMapDecorator.class]
10:20:58.591 [] [] [main] TRACE o.s.d.r.c.RepositoryComponentProvider - Ignored because not matching any filter: URL [jar:file:/D:/devtool/repository/Maven/Maven3.2.2/local/repo/com/yonyou/iuap/iuap-jdbc/3.0.0-RELEASE/iuap-jdbc-3.0.0-RELEASE.jar!/com/yonyou/iuap/persistence/jdbc/framework/util/SyncMapDecorator.class]
10:20:58.591 [] [] [main] TRACE o.s.d.r.c.RepositoryComponentProvider - Scanning URL [jar:file:/D:/devtool/repository/Maven/Maven3.2.2/local/repo/com/yonyou/iuap/iuap-jdbc/3.0.0-RELEASE/iuap-jdbc-3.0.0-RELEASE.jar!/com/yonyou/iuap/persistence/jdbc/framework/util/XMLUtils.class]
10:20:58.592 [] [] [main] TRACE o.s.d.r.c.RepositoryComponentProvider - Ignored because not matching any filter: URL [jar:file:/D:/devtool/repository/Maven/Maven3.2.2/local/repo/com/yonyou/iuap/iuap-jdbc/3.0.0-RELEASE/iuap-jdbc-3.0.0-RELEASE.jar!/com/yonyou/iuap/persistence/jdbc/framework/util/XMLUtils.class]
10:20:58.592 [] [] [main] TRACE o.s.d.r.c.RepositoryComponentProvider - Scanning URL [jar:file:/D:/devtool/repository/Maven/Maven3.2.2/local/repo/com/yonyou/iuap/iuap-jdbc/3.0.0-RELEASE/iuap-jdbc-3.0.0-RELEASE.jar!/com/yonyou/iuap/persistence/vo/pub/AggregatedValueObject.class]
10:20:58.592 [] [] [main] TRACE o.s.d.r.c.RepositoryComponentProvider - Ignored because not matching any filter: URL [jar:file:/D:/devtool/repository/Maven/Maven3.2.2/local/repo/com/yonyou/iuap/iuap-jdbc/3.0.0-RELEASE/iuap-jdbc-3.0.0-RELEASE.jar!/com/yonyou/iuap/persistence/vo/pub/AggregatedValueObject.class]
10:20:58.592 [] [] [main] TRACE o.s.d.r.c.RepositoryComponentProvider - Scanning URL [jar:file:/D:/devtool/repository/Maven/Maven3.2.2/local/repo/com/yonyou/iuap/iuap-jdbc/3.0.0-RELEASE/iuap-jdbc-3.0.0-RELEASE.jar!/com/yonyou/iuap/persistence/vo/pub/AggregatedVO.class]
10:20:58.593 [] [] [main] TRACE o.s.d.r.c.RepositoryComponentProvider - Ignored because not matching any filter: URL [jar:file:/D:/devtool/repository/Maven/Maven3.2.2/local/repo/com/yonyou/iuap/iuap-jdbc/3.0.0-RELEASE/iuap-jdbc-3.0.0-RELEASE.jar!/com/yonyou/iuap/persistence/vo/pub/AggregatedVO.class]
10:20:58.593 [] [] [main] TRACE o.s.d.r.c.RepositoryComponentProvider - Scanning URL [jar:file:/D:/devtool/repository/Maven/Maven3.2.2/local/repo/com/yonyou/iuap/iuap-jdbc/3.0.0-RELEASE/iuap-jdbc-3.0.0-RELEASE.jar!/com/yonyou/iuap/persistence/vo/pub/BusinessException.class]
10:20:58.593 [] [] [main] TRACE o.s.d.r.c.RepositoryComponentProvider - Ignored because not matching any filter: URL [jar:file:/D:/devtool/repository/Maven/Maven3.2.2/local/repo/com/yonyou/iuap/iuap-jdbc/3.0.0-RELEASE/iuap-jdbc-3.0.0-RELEASE.jar!/com/yonyou/iuap/persistence/vo/pub/BusinessException.class]
10:20:58.593 [] [] [main] TRACE o.s.d.r.c.RepositoryComponentProvider - Scanning URL [jar:file:/D:/devtool/repository/Maven/Maven3.2.2/local/repo/com/yonyou/iuap/iuap-jdbc/3.0.0-RELEASE/iuap-jdbc-3.0.0-RELEASE.jar!/com/yonyou/iuap/persistence/vo/pub/BusinessRuntimeException.class]
10:20:58.593 [] [] [main] TRACE o.s.d.r.c.RepositoryComponentProvider - Ignored because not matching any filter: URL [jar:file:/D:/devtool/repository/Maven/Maven3.2.2/local/repo/com/yonyou/iuap/iuap-jdbc/3.0.0-RELEASE/iuap-jdbc-3.0.0-RELEASE.jar!/com/yonyou/iuap/persistence/vo/pub/BusinessRuntimeException.class]
10:20:58.593 [] [] [main] TRACE o.s.d.r.c.RepositoryComponentProvider - Scanning URL [jar:file:/D:/devtool/repository/Maven/Maven3.2.2/local/repo/com/yonyou/iuap/iuap-jdbc/3.0.0-RELEASE/iuap-jdbc-3.0.0-RELEASE.jar!/com/yonyou/iuap/persistence/vo/pub/CircularlyAccessibleValueObject.class]
10:20:58.594 [] [] [main] TRACE o.s.d.r.c.RepositoryComponentProvider - Ignored because not matching any filter: URL [jar:file:/D:/devtool/repository/Maven/Maven3.2.2/local/repo/com/yonyou/iuap/iuap-jdbc/3.0.0-RELEASE/iuap-jdbc-3.0.0-RELEASE.jar!/com/yonyou/iuap/persistence/vo/pub/CircularlyAccessibleValueObject.class]
10:20:58.594 [] [] [main] TRACE o.s.d.r.c.RepositoryComponentProvider - Scanning URL [jar:file:/D:/devtool/repository/Maven/Maven3.2.2/local/repo/com/yonyou/iuap/iuap-jdbc/3.0.0-RELEASE/iuap-jdbc-3.0.0-RELEASE.jar!/com/yonyou/iuap/persistence/vo/pub/ExtendedAggregatedValueObject.class]
10:20:58.594 [] [] [main] TRACE o.s.d.r.c.RepositoryComponentProvider - Ignored because not matching any filter: URL [jar:file:/D:/devtool/repository/Maven/Maven3.2.2/local/repo/com/yonyou/iuap/iuap-jdbc/3.0.0-RELEASE/iuap-jdbc-3.0.0-RELEASE.jar!/com/yonyou/iuap/persistence/vo/pub/ExtendedAggregatedValueObject.class]
10:20:58.594 [] [] [main] TRACE o.s.d.r.c.RepositoryComponentProvider - Scanning URL [jar:file:/D:/devtool/repository/Maven/Maven3.2.2/local/repo/com/yonyou/iuap/iuap-jdbc/3.0.0-RELEASE/iuap-jdbc-3.0.0-RELEASE.jar!/com/yonyou/iuap/persistence/vo/pub/FieldHelper.class]
10:20:58.594 [] [] [main] TRACE o.s.d.r.c.RepositoryComponentProvider - Ignored because not matching any filter: URL [jar:file:/D:/devtool/repository/Maven/Maven3.2.2/local/repo/com/yonyou/iuap/iuap-jdbc/3.0.0-RELEASE/iuap-jdbc-3.0.0-RELEASE.jar!/com/yonyou/iuap/persistence/vo/pub/FieldHelper.class]
10:20:58.594 [] [] [main] TRACE o.s.d.r.c.RepositoryComponentProvider - Scanning URL [jar:file:/D:/devtool/repository/Maven/Maven3.2.2/local/repo/com/yonyou/iuap/iuap-jdbc/3.0.0-RELEASE/iuap-jdbc-3.0.0-RELEASE.jar!/com/yonyou/iuap/persistence/vo/pub/FieldObject.class]
10:20:58.595 [] [] [main] TRACE o.s.d.r.c.RepositoryComponentProvider - Ignored because not matching any filter: URL [jar:file:/D:/devtool/repository/Maven/Maven3.2.2/local/repo/com/yonyou/iuap/iuap-jdbc/3.0.0-RELEASE/iuap-jdbc-3.0.0-RELEASE.jar!/com/yonyou/iuap/persistence/vo/pub/FieldObject.class]
10:20:58.595 [] [] [main] TRACE o.s.d.r.c.RepositoryComponentProvider - Scanning URL [jar:file:/D:/devtool/repository/Maven/Maven3.2.2/local/repo/com/yonyou/iuap/iuap-jdbc/3.0.0-RELEASE/iuap-jdbc-3.0.0-RELEASE.jar!/com/yonyou/iuap/persistence/vo/pub/format/AbstractFormat.class]
10:20:58.595 [] [] [main] TRACE o.s.d.r.c.RepositoryComponentProvider - Ignored because not matching any filter: URL [jar:file:/D:/devtool/repository/Maven/Maven3.2.2/local/repo/com/yonyou/iuap/iuap-jdbc/3.0.0-RELEASE/iuap-jdbc-3.0.0-RELEASE.jar!/com/yonyou/iuap/persistence/vo/pub/format/AbstractFormat.class]
10:20:58.595 [] [] [main] TRACE o.s.d.r.c.RepositoryComponentProvider - Scanning URL [jar:file:/D:/devtool/repository/Maven/Maven3.2.2/local/repo/com/yonyou/iuap/iuap-jdbc/3.0.0-RELEASE/iuap-jdbc-3.0.0-RELEASE.jar!/com/yonyou/iuap/persistence/vo/pub/format/AbstractReplaceFormat.class]
10:20:58.596 [] [] [main] TRACE o.s.d.r.c.RepositoryComponentProvider - Ignored because not matching any filter: URL [jar:file:/D:/devtool/repository/Maven/Maven3.2.2/local/repo/com/yonyou/iuap/iuap-jdbc/3.0.0-RELEASE/iuap-jdbc-3.0.0-RELEASE.jar!/com/yonyou/iuap/persistence/vo/pub/format/AbstractReplaceFormat.class]
10:20:58.596 [] [] [main] TRACE o.s.d.r.c.RepositoryComponentProvider - Scanning URL [jar:file:/D:/devtool/repository/Maven/Maven3.2.2/local/repo/com/yonyou/iuap/iuap-jdbc/3.0.0-RELEASE/iuap-jdbc-3.0.0-RELEASE.jar!/com/yonyou/iuap/persistence/vo/pub/format/AbstractSplitFormat.class]
10:20:58.596 [] [] [main] TRACE o.s.d.r.c.RepositoryComponentProvider - Ignored because not matching any filter: URL [jar:file:/D:/devtool/repository/Maven/Maven3.2.2/local/repo/com/yonyou/iuap/iuap-jdbc/3.0.0-RELEASE/iuap-jdbc-3.0.0-RELEASE.jar!/com/yonyou/iuap/persistence/vo/pub/format/AbstractSplitFormat.class]
10:20:58.596 [] [] [main] TRACE o.s.d.r.c.RepositoryComponentProvider - Scanning URL [jar:file:/D:/devtool/repository/Maven/Maven3.2.2/local/repo/com/yonyou/iuap/iuap-jdbc/3.0.0-RELEASE/iuap-jdbc-3.0.0-RELEASE.jar!/com/yonyou/iuap/persistence/vo/pub/format/AddressFormat$1.class]
10:20:58.596 [] [] [main] TRACE o.s.d.r.c.RepositoryComponentProvider - Ignored because not matching any filter: URL [jar:file:/D:/devtool/repository/Maven/Maven3.2.2/local/repo/com/yonyou/iuap/iuap-jdbc/3.0.0-RELEASE/iuap-jdbc-3.0.0-RELEASE.jar!/com/yonyou/iuap/persistence/vo/pub/format/AddressFormat$1.class]
10:20:58.596 [] [] [main] TRACE o.s.d.r.c.RepositoryComponentProvider - Scanning URL [jar:file:/D:/devtool/repository/Maven/Maven3.2.2/local/repo/com/yonyou/iuap/iuap-jdbc/3.0.0-RELEASE/iuap-jdbc-3.0.0-RELEASE.jar!/com/yonyou/iuap/persistence/vo/pub/format/AddressFormat$2.class]
10:20:58.597 [] [] [main] TRACE o.s.d.r.c.RepositoryComponentProvider - Ignored because not matching any filter: URL [jar:file:/D:/devtool/repository/Maven/Maven3.2.2/local/repo/com/yonyou/iuap/iuap-jdbc/3.0.0-RELEASE/iuap-jdbc-3.0.0-RELEASE.jar!/com/yonyou/iuap/persistence/vo/pub/format/AddressFormat$2.class]
10:20:58.597 [] [] [main] TRACE o.s.d.r.c.RepositoryComponentProvider - Scanning URL [jar:file:/D:/devtool/repository/Maven/Maven3.2.2/local/repo/com/yonyou/iuap/iuap-jdbc/3.0.0-RELEASE/iuap-jdbc-3.0.0-RELEASE.jar!/com/yonyou/iuap/persistence/vo/pub/format/AddressFormat$3.class]
10:20:58.597 [] [] [main] TRACE o.s.d.r.c.RepositoryComponentProvider - Ignored because not matching any filter: URL [jar:file:/D:/devtool/repository/Maven/Maven3.2.2/local/repo/com/yonyou/iuap/iuap-jdbc/3.0.0-RELEASE/iuap-jdbc-3.0.0-RELEASE.jar!/com/yonyou/iuap/persistence/vo/pub/format/AddressFormat$3.class]
10:20:58.597 [] [] [main] TRACE o.s.d.r.c.RepositoryComponentProvider - Scanning URL [jar:file:/D:/devtool/repository/Maven/Maven3.2.2/local/repo/com/yonyou/iuap/iuap-jdbc/3.0.0-RELEASE/iuap-jdbc-3.0.0-RELEASE.jar!/com/yonyou/iuap/persistence/vo/pub/format/AddressFormat$4.class]
10:20:58.597 [] [] [main] TRACE o.s.d.r.c.RepositoryComponentProvider - Ignored because not matching any filter: URL [jar:file:/D:/devtool/repository/Maven/Maven3.2.2/local/repo/com/yonyou/iuap/iuap-jdbc/3.0.0-RELEASE/iuap-jdbc-3.0.0-RELEASE.jar!/com/yonyou/iuap/persistence/vo/pub/format/AddressFormat$4.class]
10:20:58.597 [] [] [main] TRACE o.s.d.r.c.RepositoryComponentProvider - Scanning URL [jar:file:/D:/devtool/repository/Maven/Maven3.2.2/local/repo/com/yonyou/iuap/iuap-jdbc/3.0.0-RELEASE/iuap-jdbc-3.0.0-RELEASE.jar!/com/yonyou/iuap/persistence/vo/pub/format/AddressFormat$5.class]
10:20:58.598 [] [] [main] TRACE o.s.d.r.c.RepositoryComponentProvider - Ignored because not matching any filter: URL [jar:file:/D:/devtool/repository/Maven/Maven3.2.2/local/repo/com/yonyou/iuap/iuap-jdbc/3.0.0-RELEASE/iuap-jdbc-3.0.0-RELEASE.jar!/com/yonyou/iuap/persistence/vo/pub/format/AddressFormat$5.class]
10:20:58.598 [] [] [main] TRACE o.s.d.r.c.RepositoryComponentProvider - Scanning URL [jar:file:/D:/devtool/repository/Maven/Maven3.2.2/local/repo/com/yonyou/iuap/iuap-jdbc/3.0.0-RELEASE/iuap-jdbc-3.0.0-RELEASE.jar!/com/yonyou/iuap/persistence/vo/pub/format/AddressFormat$6.class]
10:20:58.598 [] [] [main] TRACE o.s.d.r.c.RepositoryComponentProvider - Ignored because not matching any filter: URL [jar:file:/D:/devtool/repository/Maven/Maven3.2.2/local/repo/com/yonyou/iuap/iuap-jdbc/3.0.0-RELEASE/iuap-jdbc-3.0.0-RELEASE.jar!/com/yonyou/iuap/persistence/vo/pub/format/AddressFormat$6.class]
10:20:58.598 [] [] [main] TRACE o.s.d.r.c.RepositoryComponentProvider - Scanning URL [jar:file:/D:/devtool/repository/Maven/Maven3.2.2/local/repo/com/yonyou/iuap/iuap-jdbc/3.0.0-RELEASE/iuap-jdbc-3.0.0-RELEASE.jar!/com/yonyou/iuap/persistence/vo/pub/format/AddressFormat.class]
10:20:58.598 [] [] [main] TRACE o.s.d.r.c.RepositoryComponentProvider - Ignored because not matching any filter: URL [jar:file:/D:/devtool/repository/Maven/Maven3.2.2/local/repo/com/yonyou/iuap/iuap-jdbc/3.0.0-RELEASE/iuap-jdbc-3.0.0-RELEASE.jar!/com/yonyou/iuap/persistence/vo/pub/format/AddressFormat.class]
10:20:58.598 [] [] [main] TRACE o.s.d.r.c.RepositoryComponentProvider - Scanning URL [jar:file:/D:/devtool/repository/Maven/Maven3.2.2/local/repo/com/yonyou/iuap/iuap-jdbc/3.0.0-RELEASE/iuap-jdbc-3.0.0-RELEASE.jar!/com/yonyou/iuap/persistence/vo/pub/format/AddressObject.class]
10:20:58.599 [] [] [main] TRACE o.s.d.r.c.RepositoryComponentProvider - Ignored because not matching any filter: URL [jar:file:/D:/devtool/repository/Maven/Maven3.2.2/local/repo/com/yonyou/iuap/iuap-jdbc/3.0.0-RELEASE/iuap-jdbc-3.0.0-RELEASE.jar!/com/yonyou/iuap/persistence/vo/pub/format/AddressObject.class]
10:20:58.599 [] [] [main] TRACE o.s.d.r.c.RepositoryComponentProvider - Scanning URL [jar:file:/D:/devtool/repository/Maven/Maven3.2.2/local/repo/com/yonyou/iuap/iuap-jdbc/3.0.0-RELEASE/iuap-jdbc-3.0.0-RELEASE.jar!/com/yonyou/iuap/persistence/vo/pub/format/CurrencyObject.class]
10:20:58.599 [] [] [main] TRACE o.s.d.r.c.RepositoryComponentProvider - Ignored because not matching any filter: URL [jar:file:/D:/devtool/repository/Maven/Maven3.2.2/local/repo/com/yonyou/iuap/iuap-jdbc/3.0.0-RELEASE/iuap-jdbc-3.0.0-RELEASE.jar!/com/yonyou/iuap/persistence/vo/pub/format/CurrencyObject.class]
10:20:58.599 [] [] [main] TRACE o.s.d.r.c.RepositoryComponentProvider - Scanning URL [jar:file:/D:/devtool/repository/Maven/Maven3.2.2/local/repo/com/yonyou/iuap/iuap-jdbc/3.0.0-RELEASE/iuap-jdbc-3.0.0-RELEASE.jar!/com/yonyou/iuap/persistence/vo/pub/format/DefaultAddressObject.class]
10:20:58.599 [] [] [main] TRACE o.s.d.r.c.RepositoryComponentProvider - Ignored because not matching any filter: URL [jar:file:/D:/devtool/repository/Maven/Maven3.2.2/local/repo/com/yonyou/iuap/iuap-jdbc/3.0.0-RELEASE/iuap-jdbc-3.0.0-RELEASE.jar!/com/yonyou/iuap/persistence/vo/pub/format/DefaultAddressObject.class]
10:20:58.600 [] [] [main] TRACE o.s.d.r.c.RepositoryComponentProvider - Scanning URL [jar:file:/D:/devtool/repository/Maven/Maven3.2.2/local/repo/com/yonyou/iuap/iuap-jdbc/3.0.0-RELEASE/iuap-jdbc-3.0.0-RELEASE.jar!/com/yonyou/iuap/persistence/vo/pub/format/exception/FormatException.class]
10:20:58.600 [] [] [main] TRACE o.s.d.r.c.RepositoryComponentProvider - Ignored because not matching any filter: URL [jar:file:/D:/devtool/repository/Maven/Maven3.2.2/local/repo/com/yonyou/iuap/iuap-jdbc/3.0.0-RELEASE/iuap-jdbc-3.0.0-RELEASE.jar!/com/yonyou/iuap/persistence/vo/pub/format/exception/FormatException.class]
10:20:58.600 [] [] [main] TRACE o.s.d.r.c.RepositoryComponentProvider - Scanning URL [jar:file:/D:/devtool/repository/Maven/Maven3.2.2/local/repo/com/yonyou/iuap/iuap-jdbc/3.0.0-RELEASE/iuap-jdbc-3.0.0-RELEASE.jar!/com/yonyou/iuap/persistence/vo/pub/format/FormatResult.class]
10:20:58.600 [] [] [main] TRACE o.s.d.r.c.RepositoryComponentProvider - Ignored because not matching any filter: URL [jar:file:/D:/devtool/repository/Maven/Maven3.2.2/local/repo/com/yonyou/iuap/iuap-jdbc/3.0.0-RELEASE/iuap-jdbc-3.0.0-RELEASE.jar!/com/yonyou/iuap/persistence/vo/pub/format/FormatResult.class]
10:20:58.600 [] [] [main] TRACE o.s.d.r.c.RepositoryComponentProvider - Scanning URL [jar:file:/D:/devtool/repository/Maven/Maven3.2.2/local/repo/com/yonyou/iuap/iuap-jdbc/3.0.0-RELEASE/iuap-jdbc-3.0.0-RELEASE.jar!/com/yonyou/iuap/persistence/vo/pub/format/IElement.class]
10:20:58.600 [] [] [main] TRACE o.s.d.r.c.RepositoryComponentProvider - Ignored because not matching any filter: URL [jar:file:/D:/devtool/repository/Maven/Maven3.2.2/local/repo/com/yonyou/iuap/iuap-jdbc/3.0.0-RELEASE/iuap-jdbc-3.0.0-RELEASE.jar!/com/yonyou/iuap/persistence/vo/pub/format/IElement.class]
10:20:58.600 [] [] [main] TRACE o.s.d.r.c.RepositoryComponentProvider - Scanning URL [jar:file:/D:/devtool/repository/Maven/Maven3.2.2/local/repo/com/yonyou/iuap/iuap-jdbc/3.0.0-RELEASE/iuap-jdbc-3.0.0-RELEASE.jar!/com/yonyou/iuap/persistence/vo/pub/format/IFormat.class]
10:20:58.601 [] [] [main] TRACE o.s.d.r.c.RepositoryComponentProvider - Ignored because not matching any filter: URL [jar:file:/D:/devtool/repository/Maven/Maven3.2.2/local/repo/com/yonyou/iuap/iuap-jdbc/3.0.0-RELEASE/iuap-jdbc-3.0.0-RELEASE.jar!/com/yonyou/iuap/persistence/vo/pub/format/IFormat.class]
10:20:58.601 [] [] [main] TRACE o.s.d.r.c.RepositoryComponentProvider - Scanning URL [jar:file:/D:/devtool/repository/Maven/Maven3.2.2/local/repo/com/yonyou/iuap/iuap-jdbc/3.0.0-RELEASE/iuap-jdbc-3.0.0-RELEASE.jar!/com/yonyou/iuap/persistence/vo/pub/format/meta/AddressFormatMeta.class]
10:20:58.601 [] [] [main] TRACE o.s.d.r.c.RepositoryComponentProvider - Ignored because not matching any filter: URL [jar:file:/D:/devtool/repository/Maven/Maven3.2.2/local/repo/com/yonyou/iuap/iuap-jdbc/3.0.0-RELEASE/iuap-jdbc-3.0.0-RELEASE.jar!/com/yonyou/iuap/persistence/vo/pub/format/meta/AddressFormatMeta.class]
10:20:58.601 [] [] [main] TRACE o.s.d.r.c.RepositoryComponentProvider - Scanning URL [jar:file:/D:/devtool/repository/Maven/Maven3.2.2/local/repo/com/yonyou/iuap/iuap-jdbc/3.0.0-RELEASE/iuap-jdbc-3.0.0-RELEASE.jar!/com/yonyou/iuap/persistence/vo/pub/format/meta/CurrencyFormatMeta.class]
10:20:58.602 [] [] [main] TRACE o.s.d.r.c.RepositoryComponentProvider - Ignored because not matching any filter: URL [jar:file:/D:/devtool/repository/Maven/Maven3.2.2/local/repo/com/yonyou/iuap/iuap-jdbc/3.0.0-RELEASE/iuap-jdbc-3.0.0-RELEASE.jar!/com/yonyou/iuap/persistence/vo/pub/format/meta/CurrencyFormatMeta.class]
10:20:58.602 [] [] [main] TRACE o.s.d.r.c.RepositoryComponentProvider - Scanning URL [jar:file:/D:/devtool/repository/Maven/Maven3.2.2/local/repo/com/yonyou/iuap/iuap-jdbc/3.0.0-RELEASE/iuap-jdbc-3.0.0-RELEASE.jar!/com/yonyou/iuap/persistence/vo/pub/format/meta/DateFormatMeta.class]
10:20:58.602 [] [] [main] TRACE o.s.d.r.c.RepositoryComponentProvider - Ignored because not matching any filter: URL [jar:file:/D:/devtool/repository/Maven/Maven3.2.2/local/repo/com/yonyou/iuap/iuap-jdbc/3.0.0-RELEASE/iuap-jdbc-3.0.0-RELEASE.jar!/com/yonyou/iuap/persistence/vo/pub/format/meta/DateFormatMeta.class]
10:20:58.602 [] [] [main] TRACE o.s.d.r.c.RepositoryComponentProvider - Scanning URL [jar:file:/D:/devtool/repository/Maven/Maven3.2.2/local/repo/com/yonyou/iuap/iuap-jdbc/3.0.0-RELEASE/iuap-jdbc-3.0.0-RELEASE.jar!/com/yonyou/iuap/persistence/vo/pub/format/meta/DateTimeFormatMeta.class]
10:20:58.602 [] [] [main] TRACE o.s.d.r.c.RepositoryComponentProvider - Ignored because not matching any filter: URL [jar:file:/D:/devtool/repository/Maven/Maven3.2.2/local/repo/com/yonyou/iuap/iuap-jdbc/3.0.0-RELEASE/iuap-jdbc-3.0.0-RELEASE.jar!/com/yonyou/iuap/persistence/vo/pub/format/meta/DateTimeFormatMeta.class]
10:20:58.602 [] [] [main] TRACE o.s.d.r.c.RepositoryComponentProvider - Scanning URL [jar:file:/D:/devtool/repository/Maven/Maven3.2.2/local/repo/com/yonyou/iuap/iuap-jdbc/3.0.0-RELEASE/iuap-jdbc-3.0.0-RELEASE.jar!/com/yonyou/iuap/persistence/vo/pub/format/meta/NCFormatMeta.class]
10:20:58.602 [] [] [main] TRACE o.s.d.r.c.RepositoryComponentProvider - Ignored because not matching any filter: URL [jar:file:/D:/devtool/repository/Maven/Maven3.2.2/local/repo/com/yonyou/iuap/iuap-jdbc/3.0.0-RELEASE/iuap-jdbc-3.0.0-RELEASE.jar!/com/yonyou/iuap/persistence/vo/pub/format/meta/NCFormatMeta.class]
10:20:58.602 [] [] [main] TRACE o.s.d.r.c.RepositoryComponentProvider - Scanning URL [jar:file:/D:/devtool/repository/Maven/Maven3.2.2/local/repo/com/yonyou/iuap/iuap-jdbc/3.0.0-RELEASE/iuap-jdbc-3.0.0-RELEASE.jar!/com/yonyou/iuap/persistence/vo/pub/format/meta/NumberFormatMeta.class]
10:20:58.603 [] [] [main] TRACE o.s.d.r.c.RepositoryComponentProvider - Ignored because not matching any filter: URL [jar:file:/D:/devtool/repository/Maven/Maven3.2.2/local/repo/com/yonyou/iuap/iuap-jdbc/3.0.0-RELEASE/iuap-jdbc-3.0.0-RELEASE.jar!/com/yonyou/iuap/persistence/vo/pub/format/meta/NumberFormatMeta.class]
10:20:58.603 [] [] [main] TRACE o.s.d.r.c.RepositoryComponentProvider - Scanning URL [jar:file:/D:/devtool/repository/Maven/Maven3.2.2/local/repo/com/yonyou/iuap/iuap-jdbc/3.0.0-RELEASE/iuap-jdbc-3.0.0-RELEASE.jar!/com/yonyou/iuap/persistence/vo/pub/format/meta/TimeFormatMeta.class]
10:20:58.603 [] [] [main] TRACE o.s.d.r.c.RepositoryComponentProvider - Ignored because not matching any filter: URL [jar:file:/D:/devtool/repository/Maven/Maven3.2.2/local/repo/com/yonyou/iuap/iuap-jdbc/3.0.0-RELEASE/iuap-jdbc-3.0.0-RELEASE.jar!/com/yonyou/iuap/persistence/vo/pub/format/meta/TimeFormatMeta.class]
10:20:58.603 [] [] [main] TRACE o.s.d.r.c.RepositoryComponentProvider - Scanning URL [jar:file:/D:/devtool/repository/Maven/Maven3.2.2/local/repo/com/yonyou/iuap/iuap-jdbc/3.0.0-RELEASE/iuap-jdbc-3.0.0-RELEASE.jar!/com/yonyou/iuap/persistence/vo/pub/format/StringElement.class]
10:20:58.603 [] [] [main] TRACE o.s.d.r.c.RepositoryComponentProvider - Ignored because not matching any filter: URL [jar:file:/D:/devtool/repository/Maven/Maven3.2.2/local/repo/com/yonyou/iuap/iuap-jdbc/3.0.0-RELEASE/iuap-jdbc-3.0.0-RELEASE.jar!/com/yonyou/iuap/persistence/vo/pub/format/StringElement.class]
10:20:58.603 [] [] [main] TRACE o.s.d.r.c.RepositoryComponentProvider - Scanning URL [jar:file:/D:/devtool/repository/Maven/Maven3.2.2/local/repo/com/yonyou/iuap/iuap-jdbc/3.0.0-RELEASE/iuap-jdbc-3.0.0-RELEASE.jar!/com/yonyou/iuap/persistence/vo/pub/IAttributeMeta.class]
10:20:58.604 [] [] [main] TRACE o.s.d.r.c.RepositoryComponentProvider - Ignored because not matching any filter: URL [jar:file:/D:/devtool/repository/Maven/Maven3.2.2/local/repo/com/yonyou/iuap/iuap-jdbc/3.0.0-RELEASE/iuap-jdbc-3.0.0-RELEASE.jar!/com/yonyou/iuap/persistence/vo/pub/IAttributeMeta.class]
10:20:58.604 [] [] [main] TRACE o.s.d.r.c.RepositoryComponentProvider - Scanning URL [jar:file:/D:/devtool/repository/Maven/Maven3.2.2/local/repo/com/yonyou/iuap/iuap-jdbc/3.0.0-RELEASE/iuap-jdbc-3.0.0-RELEASE.jar!/com/yonyou/iuap/persistence/vo/pub/IColumnMeta.class]
10:20:58.604 [] [] [main] TRACE o.s.d.r.c.RepositoryComponentProvider - Ignored because not matching any filter: URL [jar:file:/D:/devtool/repository/Maven/Maven3.2.2/local/repo/com/yonyou/iuap/iuap-jdbc/3.0.0-RELEASE/iuap-jdbc-3.0.0-RELEASE.jar!/com/yonyou/iuap/persistence/vo/pub/IColumnMeta.class]
10:20:58.604 [] [] [main] TRACE o.s.d.r.c.RepositoryComponentProvider - Scanning URL [jar:file:/D:/devtool/repository/Maven/Maven3.2.2/local/repo/com/yonyou/iuap/iuap-jdbc/3.0.0-RELEASE/iuap-jdbc-3.0.0-RELEASE.jar!/com/yonyou/iuap/persistence/vo/pub/IErrorDict.class]
10:20:58.604 [] [] [main] TRACE o.s.d.r.c.RepositoryComponentProvider - Ignored because not matching any filter: URL [jar:file:/D:/devtool/repository/Maven/Maven3.2.2/local/repo/com/yonyou/iuap/iuap-jdbc/3.0.0-RELEASE/iuap-jdbc-3.0.0-RELEASE.jar!/com/yonyou/iuap/persistence/vo/pub/IErrorDict.class]
10:20:58.604 [] [] [main] TRACE o.s.d.r.c.RepositoryComponentProvider - Scanning URL [jar:file:/D:/devtool/repository/Maven/Maven3.2.2/local/repo/com/yonyou/iuap/iuap-jdbc/3.0.0-RELEASE/iuap-jdbc-3.0.0-RELEASE.jar!/com/yonyou/iuap/persistence/vo/pub/ISuperVO.class]
10:20:58.604 [] [] [main] TRACE o.s.d.r.c.RepositoryComponentProvider - Ignored because not matching any filter: URL [jar:file:/D:/devtool/repository/Maven/Maven3.2.2/local/repo/com/yonyou/iuap/iuap-jdbc/3.0.0-RELEASE/iuap-jdbc-3.0.0-RELEASE.jar!/com/yonyou/iuap/persistence/vo/pub/ISuperVO.class]
10:20:58.604 [] [] [main] TRACE o.s.d.r.c.RepositoryComponentProvider - Scanning URL [jar:file:/D:/devtool/repository/Maven/Maven3.2.2/local/repo/com/yonyou/iuap/iuap-jdbc/3.0.0-RELEASE/iuap-jdbc-3.0.0-RELEASE.jar!/com/yonyou/iuap/persistence/vo/pub/ITableMeta.class]
10:20:58.604 [] [] [main] TRACE o.s.d.r.c.RepositoryComponentProvider - Ignored because not matching any filter: URL [jar:file:/D:/devtool/repository/Maven/Maven3.2.2/local/repo/com/yonyou/iuap/iuap-jdbc/3.0.0-RELEASE/iuap-jdbc-3.0.0-RELEASE.jar!/com/yonyou/iuap/persistence/vo/pub/ITableMeta.class]
10:20:58.605 [] [] [main] TRACE o.s.d.r.c.RepositoryComponentProvider - Scanning URL [jar:file:/D:/devtool/repository/Maven/Maven3.2.2/local/repo/com/yonyou/iuap/iuap-jdbc/3.0.0-RELEASE/iuap-jdbc-3.0.0-RELEASE.jar!/com/yonyou/iuap/persistence/vo/pub/IVOMeta.class]
10:20:58.605 [] [] [main] TRACE o.s.d.r.c.RepositoryComponentProvider - Ignored because not matching any filter: URL [jar:file:/D:/devtool/repository/Maven/Maven3.2.2/local/repo/com/yonyou/iuap/iuap-jdbc/3.0.0-RELEASE/iuap-jdbc-3.0.0-RELEASE.jar!/com/yonyou/iuap/persistence/vo/pub/IVOMeta.class]
10:20:58.605 [] [] [main] TRACE o.s.d.r.c.RepositoryComponentProvider - Scanning URL [jar:file:/D:/devtool/repository/Maven/Maven3.2.2/local/repo/com/yonyou/iuap/iuap-jdbc/3.0.0-RELEASE/iuap-jdbc-3.0.0-RELEASE.jar!/com/yonyou/iuap/persistence/vo/pub/IVOMetaStatisticInfo.class]
10:20:58.605 [] [] [main] TRACE o.s.d.r.c.RepositoryComponentProvider - Ignored because not matching any filter: URL [jar:file:/D:/devtool/repository/Maven/Maven3.2.2/local/repo/com/yonyou/iuap/iuap-jdbc/3.0.0-RELEASE/iuap-jdbc-3.0.0-RELEASE.jar!/com/yonyou/iuap/persistence/vo/pub/IVOMetaStatisticInfo.class]
10:20:58.605 [] [] [main] TRACE o.s.d.r.c.RepositoryComponentProvider - Scanning URL [jar:file:/D:/devtool/repository/Maven/Maven3.2.2/local/repo/com/yonyou/iuap/iuap-jdbc/3.0.0-RELEASE/iuap-jdbc-3.0.0-RELEASE.jar!/com/yonyou/iuap/persistence/vo/pub/JavaType.class]
10:20:58.605 [] [] [main] TRACE o.s.d.r.c.RepositoryComponentProvider - Ignored because not matching any filter: URL [jar:file:/D:/devtool/repository/Maven/Maven3.2.2/local/repo/com/yonyou/iuap/iuap-jdbc/3.0.0-RELEASE/iuap-jdbc-3.0.0-RELEASE.jar!/com/yonyou/iuap/persistence/vo/pub/JavaType.class]
10:20:58.605 [] [] [main] TRACE o.s.d.r.c.RepositoryComponentProvider - Scanning URL [jar:file:/D:/devtool/repository/Maven/Maven3.2.2/local/repo/com/yonyou/iuap/iuap-jdbc/3.0.0-RELEASE/iuap-jdbc-3.0.0-RELEASE.jar!/com/yonyou/iuap/persistence/vo/pub/pinyin/CnToSpell.class]
10:20:58.606 [] [] [main] TRACE o.s.d.r.c.RepositoryComponentProvider - Ignored because not matching any filter: URL [jar:file:/D:/devtool/repository/Maven/Maven3.2.2/local/repo/com/yonyou/iuap/iuap-jdbc/3.0.0-RELEASE/iuap-jdbc-3.0.0-RELEASE.jar!/com/yonyou/iuap/persistence/vo/pub/pinyin/CnToSpell.class]
10:20:58.606 [] [] [main] TRACE o.s.d.r.c.RepositoryComponentProvider - Scanning URL [jar:file:/D:/devtool/repository/Maven/Maven3.2.2/local/repo/com/yonyou/iuap/iuap-jdbc/3.0.0-RELEASE/iuap-jdbc-3.0.0-RELEASE.jar!/com/yonyou/iuap/persistence/vo/pub/pinyin/NCPYTable.class]
10:20:58.606 [] [] [main] TRACE o.s.d.r.c.RepositoryComponentProvider - Ignored because not matching any filter: URL [jar:file:/D:/devtool/repository/Maven/Maven3.2.2/local/repo/com/yonyou/iuap/iuap-jdbc/3.0.0-RELEASE/iuap-jdbc-3.0.0-RELEASE.jar!/com/yonyou/iuap/persistence/vo/pub/pinyin/NCPYTable.class]
10:20:58.606 [] [] [main] TRACE o.s.d.r.c.RepositoryComponentProvider - Scanning URL [jar:file:/D:/devtool/repository/Maven/Maven3.2.2/local/repo/com/yonyou/iuap/iuap-jdbc/3.0.0-RELEASE/iuap-jdbc-3.0.0-RELEASE.jar!/com/yonyou/iuap/persistence/vo/pub/SerializeReader.class]
10:20:58.606 [] [] [main] TRACE o.s.d.r.c.RepositoryComponentProvider - Ignored because not matching any filter: URL [jar:file:/D:/devtool/repository/Maven/Maven3.2.2/local/repo/com/yonyou/iuap/iuap-jdbc/3.0.0-RELEASE/iuap-jdbc-3.0.0-RELEASE.jar!/com/yonyou/iuap/persistence/vo/pub/SerializeReader.class]
10:20:58.606 [] [] [main] TRACE o.s.d.r.c.RepositoryComponentProvider - Scanning URL [jar:file:/D:/devtool/repository/Maven/Maven3.2.2/local/repo/com/yonyou/iuap/iuap-jdbc/3.0.0-RELEASE/iuap-jdbc-3.0.0-RELEASE.jar!/com/yonyou/iuap/persistence/vo/pub/SerializeWriter.class]
10:20:58.606 [] [] [main] TRACE o.s.d.r.c.RepositoryComponentProvider - Ignored because not matching any filter: URL [jar:file:/D:/devtool/repository/Maven/Maven3.2.2/local/repo/com/yonyou/iuap/iuap-jdbc/3.0.0-RELEASE/iuap-jdbc-3.0.0-RELEASE.jar!/com/yonyou/iuap/persistence/vo/pub/SerializeWriter.class]
10:20:58.606 [] [] [main] TRACE o.s.d.r.c.RepositoryComponentProvider - Scanning URL [jar:file:/D:/devtool/repository/Maven/Maven3.2.2/local/repo/com/yonyou/iuap/iuap-jdbc/3.0.0-RELEASE/iuap-jdbc-3.0.0-RELEASE.jar!/com/yonyou/iuap/persistence/vo/pub/SqlSupportVO.class]
10:20:58.607 [] [] [main] TRACE o.s.d.r.c.RepositoryComponentProvider - Ignored because not matching any filter: URL [jar:file:/D:/devtool/repository/Maven/Maven3.2.2/local/repo/com/yonyou/iuap/iuap-jdbc/3.0.0-RELEASE/iuap-jdbc-3.0.0-RELEASE.jar!/com/yonyou/iuap/persistence/vo/pub/SqlSupportVO.class]
10:20:58.607 [] [] [main] TRACE o.s.d.r.c.RepositoryComponentProvider - Scanning URL [jar:file:/D:/devtool/repository/Maven/Maven3.2.2/local/repo/com/yonyou/iuap/iuap-jdbc/3.0.0-RELEASE/iuap-jdbc-3.0.0-RELEASE.jar!/com/yonyou/iuap/persistence/vo/pub/table/TableFieldVO.class]
10:20:58.607 [] [] [main] TRACE o.s.d.r.c.RepositoryComponentProvider - Ignored because not matching any filter: URL [jar:file:/D:/devtool/repository/Maven/Maven3.2.2/local/repo/com/yonyou/iuap/iuap-jdbc/3.0.0-RELEASE/iuap-jdbc-3.0.0-RELEASE.jar!/com/yonyou/iuap/persistence/vo/pub/table/TableFieldVO.class]
10:20:58.607 [] [] [main] TRACE o.s.d.r.c.RepositoryComponentProvider - Scanning URL [jar:file:/D:/devtool/repository/Maven/Maven3.2.2/local/repo/com/yonyou/iuap/iuap-jdbc/3.0.0-RELEASE/iuap-jdbc-3.0.0-RELEASE.jar!/com/yonyou/iuap/persistence/vo/pub/table/TableVO.class]
10:20:58.607 [] [] [main] TRACE o.s.d.r.c.RepositoryComponentProvider - Ignored because not matching any filter: URL [jar:file:/D:/devtool/repository/Maven/Maven3.2.2/local/repo/com/yonyou/iuap/iuap-jdbc/3.0.0-RELEASE/iuap-jdbc-3.0.0-RELEASE.jar!/com/yonyou/iuap/persistence/vo/pub/table/TableVO.class]
10:20:58.607 [] [] [main] TRACE o.s.d.r.c.RepositoryComponentProvider - Scanning URL [jar:file:/D:/devtool/repository/Maven/Maven3.2.2/local/repo/com/yonyou/iuap/iuap-jdbc/3.0.0-RELEASE/iuap-jdbc-3.0.0-RELEASE.jar!/com/yonyou/iuap/persistence/vo/pub/util/FifoList.class]
10:20:58.607 [] [] [main] TRACE o.s.d.r.c.RepositoryComponentProvider - Ignored because not matching any filter: URL [jar:file:/D:/devtool/repository/Maven/Maven3.2.2/local/repo/com/yonyou/iuap/iuap-jdbc/3.0.0-RELEASE/iuap-jdbc-3.0.0-RELEASE.jar!/com/yonyou/iuap/persistence/vo/pub/util/FifoList.class]
10:20:58.607 [] [] [main] TRACE o.s.d.r.c.RepositoryComponentProvider - Scanning URL [jar:file:/D:/devtool/repository/Maven/Maven3.2.2/local/repo/com/yonyou/iuap/iuap-jdbc/3.0.0-RELEASE/iuap-jdbc-3.0.0-RELEASE.jar!/com/yonyou/iuap/persistence/vo/pub/util/ISNConvert.class]
10:20:58.608 [] [] [main] TRACE o.s.d.r.c.RepositoryComponentProvider - Ignored because not matching any filter: URL [jar:file:/D:/devtool/repository/Maven/Maven3.2.2/local/repo/com/yonyou/iuap/iuap-jdbc/3.0.0-RELEASE/iuap-jdbc-3.0.0-RELEASE.jar!/com/yonyou/iuap/persistence/vo/pub/util/ISNConvert.class]
10:20:58.608 [] [] [main] TRACE o.s.d.r.c.RepositoryComponentProvider - Scanning URL [jar:file:/D:/devtool/repository/Maven/Maven3.2.2/local/repo/com/yonyou/iuap/iuap-jdbc/3.0.0-RELEASE/iuap-jdbc-3.0.0-RELEASE.jar!/com/yonyou/iuap/persistence/vo/pub/util/StringOperator.class]
10:20:58.609 [] [] [main] TRACE o.s.d.r.c.RepositoryComponentProvider - Ignored because not matching any filter: URL [jar:file:/D:/devtool/repository/Maven/Maven3.2.2/local/repo/com/yonyou/iuap/iuap-jdbc/3.0.0-RELEASE/iuap-jdbc-3.0.0-RELEASE.jar!/com/yonyou/iuap/persistence/vo/pub/util/StringOperator.class]
10:20:58.609 [] [] [main] TRACE o.s.d.r.c.RepositoryComponentProvider - Scanning URL [jar:file:/D:/devtool/repository/Maven/Maven3.2.2/local/repo/com/yonyou/iuap/iuap-jdbc/3.0.0-RELEASE/iuap-jdbc-3.0.0-RELEASE.jar!/com/yonyou/iuap/persistence/vo/pub/util/StringUtil.class]
10:20:58.609 [] [] [main] TRACE o.s.d.r.c.RepositoryComponentProvider - Ignored because not matching any filter: URL [jar:file:/D:/devtool/repository/Maven/Maven3.2.2/local/repo/com/yonyou/iuap/iuap-jdbc/3.0.0-RELEASE/iuap-jdbc-3.0.0-RELEASE.jar!/com/yonyou/iuap/persistence/vo/pub/util/StringUtil.class]
10:20:58.609 [] [] [main] TRACE o.s.d.r.c.RepositoryComponentProvider - Scanning URL [jar:file:/D:/devtool/repository/Maven/Maven3.2.2/local/repo/com/yonyou/iuap/iuap-jdbc/3.0.0-RELEASE/iuap-jdbc-3.0.0-RELEASE.jar!/com/yonyou/iuap/persistence/vo/pub/util/WildcardMatcher.class]
10:20:58.610 [] [] [main] TRACE o.s.d.r.c.RepositoryComponentProvider - Ignored because not matching any filter: URL [jar:file:/D:/devtool/repository/Maven/Maven3.2.2/local/repo/com/yonyou/iuap/iuap-jdbc/3.0.0-RELEASE/iuap-jdbc-3.0.0-RELEASE.jar!/com/yonyou/iuap/persistence/vo/pub/util/WildcardMatcher.class]
10:20:58.610 [] [] [main] TRACE o.s.d.r.c.RepositoryComponentProvider - Scanning URL [jar:file:/D:/devtool/repository/Maven/Maven3.2.2/local/repo/com/yonyou/iuap/iuap-jdbc/3.0.0-RELEASE/iuap-jdbc-3.0.0-RELEASE.jar!/com/yonyou/iuap/persistence/vo/pub/ValidationException.class]
10:20:58.610 [] [] [main] TRACE o.s.d.r.c.RepositoryComponentProvider - Ignored because not matching any filter: URL [jar:file:/D:/devtool/repository/Maven/Maven3.2.2/local/repo/com/yonyou/iuap/iuap-jdbc/3.0.0-RELEASE/iuap-jdbc-3.0.0-RELEASE.jar!/com/yonyou/iuap/persistence/vo/pub/ValidationException.class]
10:20:58.610 [] [] [main] TRACE o.s.d.r.c.RepositoryComponentProvider - Scanning URL [jar:file:/D:/devtool/repository/Maven/Maven3.2.2/local/repo/com/yonyou/iuap/iuap-jdbc/3.0.0-RELEASE/iuap-jdbc-3.0.0-RELEASE.jar!/com/yonyou/iuap/persistence/vo/pub/ValueObject.class]
10:20:58.610 [] [] [main] TRACE o.s.d.r.c.RepositoryComponentProvider - Ignored because not matching any filter: URL [jar:file:/D:/devtool/repository/Maven/Maven3.2.2/local/repo/com/yonyou/iuap/iuap-jdbc/3.0.0-RELEASE/iuap-jdbc-3.0.0-RELEASE.jar!/com/yonyou/iuap/persistence/vo/pub/ValueObject.class]
10:20:58.610 [] [] [main] TRACE o.s.d.r.c.RepositoryComponentProvider - Scanning URL [jar:file:/D:/devtool/repository/Maven/Maven3.2.2/local/repo/com/yonyou/iuap/iuap-jdbc/3.0.0-RELEASE/iuap-jdbc-3.0.0-RELEASE.jar!/com/yonyou/iuap/persistence/vo/pubapp/pattern/model/entity/bill/IBill.class]
10:20:58.611 [] [] [main] TRACE o.s.d.r.c.RepositoryComponentProvider - Ignored because not matching any filter: URL [jar:file:/D:/devtool/repository/Maven/Maven3.2.2/local/repo/com/yonyou/iuap/iuap-jdbc/3.0.0-RELEASE/iuap-jdbc-3.0.0-RELEASE.jar!/com/yonyou/iuap/persistence/vo/pubapp/pattern/model/entity/bill/IBill.class]
10:20:58.611 [] [] [main] TRACE o.s.d.r.c.RepositoryComponentProvider - Scanning URL [jar:file:/D:/devtool/repository/Maven/Maven3.2.2/local/repo/com/yonyou/iuap/iuap-jdbc/3.0.0-RELEASE/iuap-jdbc-3.0.0-RELEASE.jar!/com/yonyou/iuap/persistence/vo/pubapp/pattern/model/meta/entity/bill/IBillMeta.class]
10:20:58.611 [] [] [main] TRACE o.s.d.r.c.RepositoryComponentProvider - Ignored because not matching any filter: URL [jar:file:/D:/devtool/repository/Maven/Maven3.2.2/local/repo/com/yonyou/iuap/iuap-jdbc/3.0.0-RELEASE/iuap-jdbc-3.0.0-RELEASE.jar!/com/yonyou/iuap/persistence/vo/pubapp/pattern/model/meta/entity/bill/IBillMeta.class]
10:20:58.611 [] [] [main] TRACE o.s.d.r.c.RepositoryComponentProvider - Scanning URL [jar:file:/D:/devtool/repository/Maven/Maven3.2.2/local/repo/com/yonyou/iuap/iuap-jdbc/3.0.0-RELEASE/iuap-jdbc-3.0.0-RELEASE.jar!/com/yonyou/iuap/persistence/vo/trade/sqlutil/IInSqlBatchCallBack.class]
10:20:58.611 [] [] [main] TRACE o.s.d.r.c.RepositoryComponentProvider - Ignored because not matching any filter: URL [jar:file:/D:/devtool/repository/Maven/Maven3.2.2/local/repo/com/yonyou/iuap/iuap-jdbc/3.0.0-RELEASE/iuap-jdbc-3.0.0-RELEASE.jar!/com/yonyou/iuap/persistence/vo/trade/sqlutil/IInSqlBatchCallBack.class]
10:20:58.611 [] [] [main] TRACE o.s.d.r.c.RepositoryComponentProvider - Scanning URL [jar:file:/D:/devtool/repository/Maven/Maven3.2.2/local/repo/com/yonyou/iuap/iuap-jdbc/3.0.0-RELEASE/iuap-jdbc-3.0.0-RELEASE.jar!/com/yonyou/iuap/persistence/vo/trade/sqlutil/InSqlBatchCaller.class]
10:20:58.611 [] [] [main] TRACE o.s.d.r.c.RepositoryComponentProvider - Ignored because not matching any filter: URL [jar:file:/D:/devtool/repository/Maven/Maven3.2.2/local/repo/com/yonyou/iuap/iuap-jdbc/3.0.0-RELEASE/iuap-jdbc-3.0.0-RELEASE.jar!/com/yonyou/iuap/persistence/vo/trade/sqlutil/InSqlBatchCaller.class]
10:20:58.611 [] [] [main] TRACE o.s.d.r.c.RepositoryComponentProvider - Scanning URL [jar:file:/D:/devtool/repository/Maven/Maven3.2.2/local/repo/com/yonyou/iuap/iuap-jdbc/3.0.0-RELEASE/iuap-jdbc-3.0.0-RELEASE.jar!/com/yonyou/iuap/persistence/vo/trade/summarize/BillSourceRecorder.class]
10:20:58.612 [] [] [main] TRACE o.s.d.r.c.RepositoryComponentProvider - Ignored because not matching any filter: URL [jar:file:/D:/devtool/repository/Maven/Maven3.2.2/local/repo/com/yonyou/iuap/iuap-jdbc/3.0.0-RELEASE/iuap-jdbc-3.0.0-RELEASE.jar!/com/yonyou/iuap/persistence/vo/trade/summarize/BillSourceRecorder.class]
10:20:58.612 [] [] [main] TRACE o.s.d.r.c.RepositoryComponentProvider - Scanning URL [jar:file:/D:/devtool/repository/Maven/Maven3.2.2/local/repo/com/yonyou/iuap/iuap-jdbc/3.0.0-RELEASE/iuap-jdbc-3.0.0-RELEASE.jar!/com/yonyou/iuap/persistence/vo/trade/summarize/Hashlize$1.class]
10:20:58.612 [] [] [main] TRACE o.s.d.r.c.RepositoryComponentProvider - Ignored because not matching any filter: URL [jar:file:/D:/devtool/repository/Maven/Maven3.2.2/local/repo/com/yonyou/iuap/iuap-jdbc/3.0.0-RELEASE/iuap-jdbc-3.0.0-RELEASE.jar!/com/yonyou/iuap/persistence/vo/trade/summarize/Hashlize$1.class]
10:20:58.612 [] [] [main] TRACE o.s.d.r.c.RepositoryComponentProvider - Scanning URL [jar:file:/D:/devtool/repository/Maven/Maven3.2.2/local/repo/com/yonyou/iuap/iuap-jdbc/3.0.0-RELEASE/iuap-jdbc-3.0.0-RELEASE.jar!/com/yonyou/iuap/persistence/vo/trade/summarize/Hashlize.class]
10:20:58.614 [] [] [main] TRACE o.s.d.r.c.RepositoryComponentProvider - Ignored because not matching any filter: URL [jar:file:/D:/devtool/repository/Maven/Maven3.2.2/local/repo/com/yonyou/iuap/iuap-jdbc/3.0.0-RELEASE/iuap-jdbc-3.0.0-RELEASE.jar!/com/yonyou/iuap/persistence/vo/trade/summarize/Hashlize.class]
10:20:58.614 [] [] [main] TRACE o.s.d.r.c.RepositoryComponentProvider - Scanning URL [jar:file:/D:/devtool/repository/Maven/Maven3.2.2/local/repo/com/yonyou/iuap/iuap-jdbc/3.0.0-RELEASE/iuap-jdbc-3.0.0-RELEASE.jar!/com/yonyou/iuap/persistence/vo/trade/summarize/IAggVOSummarizeInfo.class]
10:20:58.614 [] [] [main] TRACE o.s.d.r.c.RepositoryComponentProvider - Ignored because not matching any filter: URL [jar:file:/D:/devtool/repository/Maven/Maven3.2.2/local/repo/com/yonyou/iuap/iuap-jdbc/3.0.0-RELEASE/iuap-jdbc-3.0.0-RELEASE.jar!/com/yonyou/iuap/persistence/vo/trade/summarize/IAggVOSummarizeInfo.class]
10:20:58.614 [] [] [main] TRACE o.s.d.r.c.RepositoryComponentProvider - Scanning URL [jar:file:/D:/devtool/repository/Maven/Maven3.2.2/local/repo/com/yonyou/iuap/iuap-jdbc/3.0.0-RELEASE/iuap-jdbc-3.0.0-RELEASE.jar!/com/yonyou/iuap/persistence/vo/trade/summarize/IBillSource.class]
10:20:58.615 [] [] [main] TRACE o.s.d.r.c.RepositoryComponentProvider - Ignored because not matching any filter: URL [jar:file:/D:/devtool/repository/Maven/Maven3.2.2/local/repo/com/yonyou/iuap/iuap-jdbc/3.0.0-RELEASE/iuap-jdbc-3.0.0-RELEASE.jar!/com/yonyou/iuap/persistence/vo/trade/summarize/IBillSource.class]
10:20:58.615 [] [] [main] TRACE o.s.d.r.c.RepositoryComponentProvider - Scanning URL [jar:file:/D:/devtool/repository/Maven/Maven3.2.2/local/repo/com/yonyou/iuap/iuap-jdbc/3.0.0-RELEASE/iuap-jdbc-3.0.0-RELEASE.jar!/com/yonyou/iuap/persistence/vo/trade/summarize/ICombine.class]
10:20:58.615 [] [] [main] TRACE o.s.d.r.c.RepositoryComponentProvider - Ignored because not matching any filter: URL [jar:file:/D:/devtool/repository/Maven/Maven3.2.2/local/repo/com/yonyou/iuap/iuap-jdbc/3.0.0-RELEASE/iuap-jdbc-3.0.0-RELEASE.jar!/com/yonyou/iuap/persistence/vo/trade/summarize/ICombine.class]
10:20:58.615 [] [] [main] TRACE o.s.d.r.c.RepositoryComponentProvider - Scanning URL [jar:file:/D:/devtool/repository/Maven/Maven3.2.2/local/repo/com/yonyou/iuap/iuap-jdbc/3.0.0-RELEASE/iuap-jdbc-3.0.0-RELEASE.jar!/com/yonyou/iuap/persistence/vo/trade/summarize/IHashKey.class]
10:20:58.615 [] [] [main] TRACE o.s.d.r.c.RepositoryComponentProvider - Ignored because not matching any filter: URL [jar:file:/D:/devtool/repository/Maven/Maven3.2.2/local/repo/com/yonyou/iuap/iuap-jdbc/3.0.0-RELEASE/iuap-jdbc-3.0.0-RELEASE.jar!/com/yonyou/iuap/persistence/vo/trade/summarize/IHashKey.class]
10:20:58.615 [] [] [main] TRACE o.s.d.r.c.RepositoryComponentProvider - Scanning URL [jar:file:/D:/devtool/repository/Maven/Maven3.2.2/local/repo/com/yonyou/iuap/iuap-jdbc/3.0.0-RELEASE/iuap-jdbc-3.0.0-RELEASE.jar!/com/yonyou/iuap/persistence/vo/trade/summarize/IIdentification.class]
10:20:58.615 [] [] [main] TRACE o.s.d.r.c.RepositoryComponentProvider - Ignored because not matching any filter: URL [jar:file:/D:/devtool/repository/Maven/Maven3.2.2/local/repo/com/yonyou/iuap/iuap-jdbc/3.0.0-RELEASE/iuap-jdbc-3.0.0-RELEASE.jar!/com/yonyou/iuap/persistence/vo/trade/summarize/IIdentification.class]
10:20:58.615 [] [] [main] TRACE o.s.d.r.c.RepositoryComponentProvider - Scanning URL [jar:file:/D:/devtool/repository/Maven/Maven3.2.2/local/repo/com/yonyou/iuap/iuap-jdbc/3.0.0-RELEASE/iuap-jdbc-3.0.0-RELEASE.jar!/com/yonyou/iuap/persistence/vo/trade/summarize/ObjectCombine.class]
10:20:58.616 [] [] [main] TRACE o.s.d.r.c.RepositoryComponentProvider - Ignored because not matching any filter: URL [jar:file:/D:/devtool/repository/Maven/Maven3.2.2/local/repo/com/yonyou/iuap/iuap-jdbc/3.0.0-RELEASE/iuap-jdbc-3.0.0-RELEASE.jar!/com/yonyou/iuap/persistence/vo/trade/summarize/ObjectCombine.class]
10:20:58.616 [] [] [main] TRACE o.s.d.r.c.RepositoryComponentProvider - Scanning URL [jar:file:/D:/devtool/repository/Maven/Maven3.2.2/local/repo/com/yonyou/iuap/iuap-jdbc/3.0.0-RELEASE/iuap-jdbc-3.0.0-RELEASE.jar!/com/yonyou/iuap/persistence/vo/trade/summarize/VOHashKeyAdapter.class]
10:20:58.616 [] [] [main] TRACE o.s.d.r.c.RepositoryComponentProvider - Ignored because not matching any filter: URL [jar:file:/D:/devtool/repository/Maven/Maven3.2.2/local/repo/com/yonyou/iuap/iuap-jdbc/3.0.0-RELEASE/iuap-jdbc-3.0.0-RELEASE.jar!/com/yonyou/iuap/persistence/vo/trade/summarize/VOHashKeyAdapter.class]
10:20:58.616 [] [] [main] TRACE o.s.d.r.c.RepositoryComponentProvider - Scanning URL [jar:file:/D:/devtool/repository/Maven/Maven3.2.2/local/repo/com/yonyou/iuap/iuap-jdbc/3.0.0-RELEASE/iuap-jdbc-3.0.0-RELEASE.jar!/com/yonyou/iuap/persistence/vo/trade/summarize/VOHashPrimaryKeyAdapter.class]
10:20:58.617 [] [] [main] TRACE o.s.d.r.c.RepositoryComponentProvider - Ignored because not matching any filter: URL [jar:file:/D:/devtool/repository/Maven/Maven3.2.2/local/repo/com/yonyou/iuap/iuap-jdbc/3.0.0-RELEASE/iuap-jdbc-3.0.0-RELEASE.jar!/com/yonyou/iuap/persistence/vo/trade/summarize/VOHashPrimaryKeyAdapter.class]
10:20:58.617 [] [] [main] TRACE o.s.d.r.c.RepositoryComponentProvider - Scanning URL [jar:file:/D:/devtool/repository/Maven/Maven3.2.2/local/repo/com/yonyou/iuap/iuap-jdbc/3.0.0-RELEASE/iuap-jdbc-3.0.0-RELEASE.jar!/com/yonyou/iuap/persistence/vo/trade/summarize/VOIdentification.class]
10:20:58.617 [] [] [main] TRACE o.s.d.r.c.RepositoryComponentProvider - Ignored because not matching any filter: URL [jar:file:/D:/devtool/repository/Maven/Maven3.2.2/local/repo/com/yonyou/iuap/iuap-jdbc/3.0.0-RELEASE/iuap-jdbc-3.0.0-RELEASE.jar!/com/yonyou/iuap/persistence/vo/trade/summarize/VOIdentification.class]
10:20:58.617 [] [] [main] TRACE o.s.d.r.c.RepositoryComponentProvider - Scanning URL [jar:file:/D:/devtool/repository/Maven/Maven3.2.2/local/repo/com/yonyou/iuap/iuap-jdbc/3.0.0-RELEASE/iuap-jdbc-3.0.0-RELEASE.jar!/com/yonyou/iuap/persistence/vo/trade/voutils/IFilter.class]
10:20:58.617 [] [] [main] TRACE o.s.d.r.c.RepositoryComponentProvider - Ignored because not matching any filter: URL [jar:file:/D:/devtool/repository/Maven/Maven3.2.2/local/repo/com/yonyou/iuap/iuap-jdbc/3.0.0-RELEASE/iuap-jdbc-3.0.0-RELEASE.jar!/com/yonyou/iuap/persistence/vo/trade/voutils/IFilter.class]
10:20:58.617 [] [] [main] TRACE o.s.d.r.c.RepositoryComponentProvider - Scanning URL [jar:file:/D:/devtool/repository/Maven/Maven3.2.2/local/repo/com/yonyou/iuap/iuap-jdbc/3.0.0-RELEASE/iuap-jdbc-3.0.0-RELEASE.jar!/com/yonyou/iuap/persistence/vo/trade/voutils/IUFtypes.class]
10:20:58.618 [] [] [main] TRACE o.s.d.r.c.RepositoryComponentProvider - Ignored because not matching any filter: URL [jar:file:/D:/devtool/repository/Maven/Maven3.2.2/local/repo/com/yonyou/iuap/iuap-jdbc/3.0.0-RELEASE/iuap-jdbc-3.0.0-RELEASE.jar!/com/yonyou/iuap/persistence/vo/trade/voutils/IUFtypes.class]
10:20:58.618 [] [] [main] TRACE o.s.d.r.c.RepositoryComponentProvider - Scanning URL [jar:file:/D:/devtool/repository/Maven/Maven3.2.2/local/repo/com/yonyou/iuap/iuap-jdbc/3.0.0-RELEASE/iuap-jdbc-3.0.0-RELEASE.jar!/com/yonyou/iuap/persistence/vo/trade/voutils/TimeCounter.class]
10:20:58.618 [] [] [main] TRACE o.s.d.r.c.RepositoryComponentProvider - Ignored because not matching any filter: URL [jar:file:/D:/devtool/repository/Maven/Maven3.2.2/local/repo/com/yonyou/iuap/iuap-jdbc/3.0.0-RELEASE/iuap-jdbc-3.0.0-RELEASE.jar!/com/yonyou/iuap/persistence/vo/trade/voutils/TimeCounter.class]
10:20:58.618 [] [] [main] TRACE o.s.d.r.c.RepositoryComponentProvider - Scanning URL [jar:file:/D:/devtool/repository/Maven/Maven3.2.2/local/repo/com/yonyou/iuap/iuap-jdbc/3.0.0-RELEASE/iuap-jdbc-3.0.0-RELEASE.jar!/com/yonyou/iuap/persistence/vo/trade/voutils/VOUtil$1.class]
10:20:58.618 [] [] [main] TRACE o.s.d.r.c.RepositoryComponentProvider - Ignored because not matching any filter: URL [jar:file:/D:/devtool/repository/Maven/Maven3.2.2/local/repo/com/yonyou/iuap/iuap-jdbc/3.0.0-RELEASE/iuap-jdbc-3.0.0-RELEASE.jar!/com/yonyou/iuap/persistence/vo/trade/voutils/VOUtil$1.class]
10:20:58.618 [] [] [main] TRACE o.s.d.r.c.RepositoryComponentProvider - Scanning URL [jar:file:/D:/devtool/repository/Maven/Maven3.2.2/local/repo/com/yonyou/iuap/iuap-jdbc/3.0.0-RELEASE/iuap-jdbc-3.0.0-RELEASE.jar!/com/yonyou/iuap/persistence/vo/trade/voutils/VOUtil.class]
10:20:58.619 [] [] [main] TRACE o.s.d.r.c.RepositoryComponentProvider - Ignored because not matching any filter: URL [jar:file:/D:/devtool/repository/Maven/Maven3.2.2/local/repo/com/yonyou/iuap/iuap-jdbc/3.0.0-RELEASE/iuap-jdbc-3.0.0-RELEASE.jar!/com/yonyou/iuap/persistence/vo/trade/voutils/VOUtil.class]
10:20:58.619 [] [] [main] TRACE o.s.d.r.c.RepositoryComponentProvider - Scanning URL [jar:file:/D:/devtool/repository/Maven/Maven3.2.2/local/repo/com/yonyou/iuap/iuap-generic/3.0.0-RELEASE/iuap-generic-3.0.0-RELEASE.jar!/com/yonyou/iuap/context/ContextHolder.class]
10:20:58.619 [] [] [main] TRACE o.s.d.r.c.RepositoryComponentProvider - Ignored because not matching any filter: URL [jar:file:/D:/devtool/repository/Maven/Maven3.2.2/local/repo/com/yonyou/iuap/iuap-generic/3.0.0-RELEASE/iuap-generic-3.0.0-RELEASE.jar!/com/yonyou/iuap/context/ContextHolder.class]
10:20:58.619 [] [] [main] TRACE o.s.d.r.c.RepositoryComponentProvider - Scanning URL [jar:file:/D:/devtool/repository/Maven/Maven3.2.2/local/repo/com/yonyou/iuap/iuap-generic/3.0.0-RELEASE/iuap-generic-3.0.0-RELEASE.jar!/com/yonyou/iuap/context/filter/ContextFilter.class]
10:20:58.619 [] [] [main] TRACE o.s.d.r.c.RepositoryComponentProvider - Ignored because not matching any filter: URL [jar:file:/D:/devtool/repository/Maven/Maven3.2.2/local/repo/com/yonyou/iuap/iuap-generic/3.0.0-RELEASE/iuap-generic-3.0.0-RELEASE.jar!/com/yonyou/iuap/context/filter/ContextFilter.class]
10:20:58.619 [] [] [main] TRACE o.s.d.r.c.RepositoryComponentProvider - Scanning URL [jar:file:/D:/devtool/repository/Maven/Maven3.2.2/local/repo/com/yonyou/iuap/iuap-generic/3.0.0-RELEASE/iuap-generic-3.0.0-RELEASE.jar!/com/yonyou/iuap/context/InvocationInfo.class]
10:20:58.619 [] [] [main] TRACE o.s.d.r.c.RepositoryComponentProvider - Ignored because not matching any filter: URL [jar:file:/D:/devtool/repository/Maven/Maven3.2.2/local/repo/com/yonyou/iuap/iuap-generic/3.0.0-RELEASE/iuap-generic-3.0.0-RELEASE.jar!/com/yonyou/iuap/context/InvocationInfo.class]
10:20:58.619 [] [] [main] TRACE o.s.d.r.c.RepositoryComponentProvider - Scanning URL [jar:file:/D:/devtool/repository/Maven/Maven3.2.2/local/repo/com/yonyou/iuap/iuap-generic/3.0.0-RELEASE/iuap-generic-3.0.0-RELEASE.jar!/com/yonyou/iuap/context/InvocationInfoProxy$1.class]
10:20:58.620 [] [] [main] TRACE o.s.d.r.c.RepositoryComponentProvider - Ignored because not matching any filter: URL [jar:file:/D:/devtool/repository/Maven/Maven3.2.2/local/repo/com/yonyou/iuap/iuap-generic/3.0.0-RELEASE/iuap-generic-3.0.0-RELEASE.jar!/com/yonyou/iuap/context/InvocationInfoProxy$1.class]
10:20:58.620 [] [] [main] TRACE o.s.d.r.c.RepositoryComponentProvider - Scanning URL [jar:file:/D:/devtool/repository/Maven/Maven3.2.2/local/repo/com/yonyou/iuap/iuap-generic/3.0.0-RELEASE/iuap-generic-3.0.0-RELEASE.jar!/com/yonyou/iuap/context/InvocationInfoProxy.class]
10:20:58.620 [] [] [main] TRACE o.s.d.r.c.RepositoryComponentProvider - Ignored because not matching any filter: URL [jar:file:/D:/devtool/repository/Maven/Maven3.2.2/local/repo/com/yonyou/iuap/iuap-generic/3.0.0-RELEASE/iuap-generic-3.0.0-RELEASE.jar!/com/yonyou/iuap/context/InvocationInfoProxy.class]
10:20:58.620 [] [] [main] TRACE o.s.d.r.c.RepositoryComponentProvider - Scanning URL [jar:file:/D:/devtool/repository/Maven/Maven3.2.2/local/repo/com/yonyou/iuap/iuap-generic/3.0.0-RELEASE/iuap-generic-3.0.0-RELEASE.jar!/com/yonyou/iuap/persistence/vo/annotation/MetaGetter.class]
10:20:58.620 [] [] [main] TRACE o.s.d.r.c.RepositoryComponentProvider - Ignored because not matching any filter: URL [jar:file:/D:/devtool/repository/Maven/Maven3.2.2/local/repo/com/yonyou/iuap/iuap-generic/3.0.0-RELEASE/iuap-generic-3.0.0-RELEASE.jar!/com/yonyou/iuap/persistence/vo/annotation/MetaGetter.class]
10:20:58.620 [] [] [main] TRACE o.s.d.r.c.RepositoryComponentProvider - Scanning URL [jar:file:/D:/devtool/repository/Maven/Maven3.2.2/local/repo/com/yonyou/iuap/iuap-generic/3.0.0-RELEASE/iuap-generic-3.0.0-RELEASE.jar!/com/yonyou/iuap/persistence/vo/annotation/MetaSetter.class]
10:20:58.621 [] [] [main] TRACE o.s.d.r.c.RepositoryComponentProvider - Ignored because not matching any filter: URL [jar:file:/D:/devtool/repository/Maven/Maven3.2.2/local/repo/com/yonyou/iuap/iuap-generic/3.0.0-RELEASE/iuap-generic-3.0.0-RELEASE.jar!/com/yonyou/iuap/persistence/vo/annotation/MetaSetter.class]
10:20:58.621 [] [] [main] TRACE o.s.d.r.c.RepositoryComponentProvider - Scanning URL [jar:file:/D:/devtool/repository/Maven/Maven3.2.2/local/repo/com/yonyou/iuap/iuap-generic/3.0.0-RELEASE/iuap-generic-3.0.0-RELEASE.jar!/com/yonyou/iuap/persistence/vo/BaseEntity.class]
10:20:58.621 [] [] [main] TRACE o.s.d.r.c.RepositoryComponentProvider - Ignored because not matching any filter: URL [jar:file:/D:/devtool/repository/Maven/Maven3.2.2/local/repo/com/yonyou/iuap/iuap-generic/3.0.0-RELEASE/iuap-generic-3.0.0-RELEASE.jar!/com/yonyou/iuap/persistence/vo/BaseEntity.class]
10:20:58.621 [] [] [main] TRACE o.s.d.r.c.RepositoryComponentProvider - Scanning URL [jar:file:/D:/devtool/repository/Maven/Maven3.2.2/local/repo/com/yonyou/iuap/iuap-generic/3.0.0-RELEASE/iuap-generic-3.0.0-RELEASE.jar!/com/yonyou/iuap/persistence/vo/pub/VOStatus.class]
10:20:58.621 [] [] [main] TRACE o.s.d.r.c.RepositoryComponentProvider - Ignored because not matching any filter: URL [jar:file:/D:/devtool/repository/Maven/Maven3.2.2/local/repo/com/yonyou/iuap/iuap-generic/3.0.0-RELEASE/iuap-generic-3.0.0-RELEASE.jar!/com/yonyou/iuap/persistence/vo/pub/VOStatus.class]
10:20:58.621 [] [] [main] TRACE o.s.d.r.c.RepositoryComponentProvider - Scanning URL [jar:file:/D:/devtool/repository/Maven/Maven3.2.2/local/repo/com/yonyou/iuap/iuap-generic/3.0.0-RELEASE/iuap-generic-3.0.0-RELEASE.jar!/com/yonyou/iuap/thread/ThreadExecutor.class]
10:20:58.622 [] [] [main] TRACE o.s.d.r.c.RepositoryComponentProvider - Ignored because not matching any filter: URL [jar:file:/D:/devtool/repository/Maven/Maven3.2.2/local/repo/com/yonyou/iuap/iuap-generic/3.0.0-RELEASE/iuap-generic-3.0.0-RELEASE.jar!/com/yonyou/iuap/thread/ThreadExecutor.class]
10:20:58.622 [] [] [main] TRACE o.s.d.r.c.RepositoryComponentProvider - Scanning URL [jar:file:/D:/devtool/repository/Maven/Maven3.2.2/local/repo/com/yonyou/iuap/iuap-generic/3.0.0-RELEASE/iuap-generic-3.0.0-RELEASE.jar!/com/yonyou/iuap/thread/ThreadWarpper.class]
10:20:58.622 [] [] [main] TRACE o.s.d.r.c.RepositoryComponentProvider - Ignored because not matching any filter: URL [jar:file:/D:/devtool/repository/Maven/Maven3.2.2/local/repo/com/yonyou/iuap/iuap-generic/3.0.0-RELEASE/iuap-generic-3.0.0-RELEASE.jar!/com/yonyou/iuap/thread/ThreadWarpper.class]
10:20:58.622 [] [] [main] TRACE o.s.d.r.c.RepositoryComponentProvider - Scanning URL [jar:file:/D:/devtool/repository/Maven/Maven3.2.2/local/repo/com/yonyou/iuap/iuap-cache/3.0.0-RELEASE/iuap-cache-3.0.0-RELEASE.jar!/com/yonyou/iuap/cache/anotation/Clearable.class]
10:20:58.622 [] [] [main] TRACE o.s.d.r.c.RepositoryComponentProvider - Ignored because not matching any filter: URL [jar:file:/D:/devtool/repository/Maven/Maven3.2.2/local/repo/com/yonyou/iuap/iuap-cache/3.0.0-RELEASE/iuap-cache-3.0.0-RELEASE.jar!/com/yonyou/iuap/cache/anotation/Clearable.class]
10:20:58.622 [] [] [main] TRACE o.s.d.r.c.RepositoryComponentProvider - Scanning URL [jar:file:/D:/devtool/repository/Maven/Maven3.2.2/local/repo/com/yonyou/iuap/iuap-cache/3.0.0-RELEASE/iuap-cache-3.0.0-RELEASE.jar!/com/yonyou/iuap/cache/aop/CacheAspect$1.class]
10:20:58.622 [] [] [main] TRACE o.s.d.r.c.RepositoryComponentProvider - Ignored because not matching any filter: URL [jar:file:/D:/devtool/repository/Maven/Maven3.2.2/local/repo/com/yonyou/iuap/iuap-cache/3.0.0-RELEASE/iuap-cache-3.0.0-RELEASE.jar!/com/yonyou/iuap/cache/aop/CacheAspect$1.class]
10:20:58.622 [] [] [main] TRACE o.s.d.r.c.RepositoryComponentProvider - Scanning URL [jar:file:/D:/devtool/repository/Maven/Maven3.2.2/local/repo/com/yonyou/iuap/iuap-cache/3.0.0-RELEASE/iuap-cache-3.0.0-RELEASE.jar!/com/yonyou/iuap/cache/aop/CacheAspect.class]
10:20:58.623 [] [] [main] TRACE o.s.d.r.c.RepositoryComponentProvider - Ignored because not matching any filter: URL [jar:file:/D:/devtool/repository/Maven/Maven3.2.2/local/repo/com/yonyou/iuap/iuap-cache/3.0.0-RELEASE/iuap-cache-3.0.0-RELEASE.jar!/com/yonyou/iuap/cache/aop/CacheAspect.class]
10:20:58.623 [] [] [main] TRACE o.s.d.r.c.RepositoryComponentProvider - Scanning URL [jar:file:/D:/devtool/repository/Maven/Maven3.2.2/local/repo/com/yonyou/iuap/iuap-cache/3.0.0-RELEASE/iuap-cache-3.0.0-RELEASE.jar!/com/yonyou/iuap/cache/aop/CacheOperate$OperationType.class]
10:20:58.623 [] [] [main] TRACE o.s.d.r.c.RepositoryComponentProvider - Ignored because not matching any filter: URL [jar:file:/D:/devtool/repository/Maven/Maven3.2.2/local/repo/com/yonyou/iuap/iuap-cache/3.0.0-RELEASE/iuap-cache-3.0.0-RELEASE.jar!/com/yonyou/iuap/cache/aop/CacheOperate$OperationType.class]
10:20:58.623 [] [] [main] TRACE o.s.d.r.c.RepositoryComponentProvider - Scanning URL [jar:file:/D:/devtool/repository/Maven/Maven3.2.2/local/repo/com/yonyou/iuap/iuap-cache/3.0.0-RELEASE/iuap-cache-3.0.0-RELEASE.jar!/com/yonyou/iuap/cache/aop/CacheOperate.class]
10:20:58.623 [] [] [main] TRACE o.s.d.r.c.RepositoryComponentProvider - Ignored because not matching any filter: URL [jar:file:/D:/devtool/repository/Maven/Maven3.2.2/local/repo/com/yonyou/iuap/iuap-cache/3.0.0-RELEASE/iuap-cache-3.0.0-RELEASE.jar!/com/yonyou/iuap/cache/aop/CacheOperate.class]
10:20:58.623 [] [] [main] TRACE o.s.d.r.c.RepositoryComponentProvider - Scanning URL [jar:file:/D:/devtool/repository/Maven/Maven3.2.2/local/repo/com/yonyou/iuap/iuap-cache/3.0.0-RELEASE/iuap-cache-3.0.0-RELEASE.jar!/com/yonyou/iuap/cache/aop/ClearCacheService.class]
10:20:58.624 [] [] [main] TRACE o.s.d.r.c.RepositoryComponentProvider - Ignored because not matching any filter: URL [jar:file:/D:/devtool/repository/Maven/Maven3.2.2/local/repo/com/yonyou/iuap/iuap-cache/3.0.0-RELEASE/iuap-cache-3.0.0-RELEASE.jar!/com/yonyou/iuap/cache/aop/ClearCacheService.class]
10:20:58.624 [] [] [main] TRACE o.s.d.r.c.RepositoryComponentProvider - Scanning URL [jar:file:/D:/devtool/repository/Maven/Maven3.2.2/local/repo/com/yonyou/iuap/iuap-cache/3.0.0-RELEASE/iuap-cache-3.0.0-RELEASE.jar!/com/yonyou/iuap/cache/CacheManager$1.class]
10:20:58.624 [] [] [main] TRACE o.s.d.r.c.RepositoryComponentProvider - Ignored because not matching any filter: URL [jar:file:/D:/devtool/repository/Maven/Maven3.2.2/local/repo/com/yonyou/iuap/iuap-cache/3.0.0-RELEASE/iuap-cache-3.0.0-RELEASE.jar!/com/yonyou/iuap/cache/CacheManager$1.class]
10:20:58.624 [] [] [main] TRACE o.s.d.r.c.RepositoryComponentProvider - Scanning URL [jar:file:/D:/devtool/repository/Maven/Maven3.2.2/local/repo/com/yonyou/iuap/iuap-cache/3.0.0-RELEASE/iuap-cache-3.0.0-RELEASE.jar!/com/yonyou/iuap/cache/CacheManager$10.class]
10:20:58.625 [] [] [main] TRACE o.s.d.r.c.RepositoryComponentProvider - Ignored because not matching any filter: URL [jar:file:/D:/devtool/repository/Maven/Maven3.2.2/local/repo/com/yonyou/iuap/iuap-cache/3.0.0-RELEASE/iuap-cache-3.0.0-RELEASE.jar!/com/yonyou/iuap/cache/CacheManager$10.class]
10:20:58.625 [] [] [main] TRACE o.s.d.r.c.RepositoryComponentProvider - Scanning URL [jar:file:/D:/devtool/repository/Maven/Maven3.2.2/local/repo/com/yonyou/iuap/iuap-cache/3.0.0-RELEASE/iuap-cache-3.0.0-RELEASE.jar!/com/yonyou/iuap/cache/CacheManager$11.class]
10:20:58.625 [] [] [main] TRACE o.s.d.r.c.RepositoryComponentProvider - Ignored because not matching any filter: URL [jar:file:/D:/devtool/repository/Maven/Maven3.2.2/local/repo/com/yonyou/iuap/iuap-cache/3.0.0-RELEASE/iuap-cache-3.0.0-RELEASE.jar!/com/yonyou/iuap/cache/CacheManager$11.class]
10:20:58.625 [] [] [main] TRACE o.s.d.r.c.RepositoryComponentProvider - Scanning URL [jar:file:/D:/devtool/repository/Maven/Maven3.2.2/local/repo/com/yonyou/iuap/iuap-cache/3.0.0-RELEASE/iuap-cache-3.0.0-RELEASE.jar!/com/yonyou/iuap/cache/CacheManager$12.class]
10:20:58.625 [] [] [main] TRACE o.s.d.r.c.RepositoryComponentProvider - Ignored because not matching any filter: URL [jar:file:/D:/devtool/repository/Maven/Maven3.2.2/local/repo/com/yonyou/iuap/iuap-cache/3.0.0-RELEASE/iuap-cache-3.0.0-RELEASE.jar!/com/yonyou/iuap/cache/CacheManager$12.class]
10:20:58.625 [] [] [main] TRACE o.s.d.r.c.RepositoryComponentProvider - Scanning URL [jar:file:/D:/devtool/repository/Maven/Maven3.2.2/local/repo/com/yonyou/iuap/iuap-cache/3.0.0-RELEASE/iuap-cache-3.0.0-RELEASE.jar!/com/yonyou/iuap/cache/CacheManager$2.class]
10:20:58.625 [] [] [main] TRACE o.s.d.r.c.RepositoryComponentProvider - Ignored because not matching any filter: URL [jar:file:/D:/devtool/repository/Maven/Maven3.2.2/local/repo/com/yonyou/iuap/iuap-cache/3.0.0-RELEASE/iuap-cache-3.0.0-RELEASE.jar!/com/yonyou/iuap/cache/CacheManager$2.class]
10:20:58.625 [] [] [main] TRACE o.s.d.r.c.RepositoryComponentProvider - Scanning URL [jar:file:/D:/devtool/repository/Maven/Maven3.2.2/local/repo/com/yonyou/iuap/iuap-cache/3.0.0-RELEASE/iuap-cache-3.0.0-RELEASE.jar!/com/yonyou/iuap/cache/CacheManager$3.class]
10:20:58.626 [] [] [main] TRACE o.s.d.r.c.RepositoryComponentProvider - Ignored because not matching any filter: URL [jar:file:/D:/devtool/repository/Maven/Maven3.2.2/local/repo/com/yonyou/iuap/iuap-cache/3.0.0-RELEASE/iuap-cache-3.0.0-RELEASE.jar!/com/yonyou/iuap/cache/CacheManager$3.class]
10:20:58.626 [] [] [main] TRACE o.s.d.r.c.RepositoryComponentProvider - Scanning URL [jar:file:/D:/devtool/repository/Maven/Maven3.2.2/local/repo/com/yonyou/iuap/iuap-cache/3.0.0-RELEASE/iuap-cache-3.0.0-RELEASE.jar!/com/yonyou/iuap/cache/CacheManager$4.class]
10:20:58.626 [] [] [main] TRACE o.s.d.r.c.RepositoryComponentProvider - Ignored because not matching any filter: URL [jar:file:/D:/devtool/repository/Maven/Maven3.2.2/local/repo/com/yonyou/iuap/iuap-cache/3.0.0-RELEASE/iuap-cache-3.0.0-RELEASE.jar!/com/yonyou/iuap/cache/CacheManager$4.class]
10:20:58.626 [] [] [main] TRACE o.s.d.r.c.RepositoryComponentProvider - Scanning URL [jar:file:/D:/devtool/repository/Maven/Maven3.2.2/local/repo/com/yonyou/iuap/iuap-cache/3.0.0-RELEASE/iuap-cache-3.0.0-RELEASE.jar!/com/yonyou/iuap/cache/CacheManager$5.class]
10:20:58.627 [] [] [main] TRACE o.s.d.r.c.RepositoryComponentProvider - Ignored because not matching any filter: URL [jar:file:/D:/devtool/repository/Maven/Maven3.2.2/local/repo/com/yonyou/iuap/iuap-cache/3.0.0-RELEASE/iuap-cache-3.0.0-RELEASE.jar!/com/yonyou/iuap/cache/CacheManager$5.class]
10:20:58.627 [] [] [main] TRACE o.s.d.r.c.RepositoryComponentProvider - Scanning URL [jar:file:/D:/devtool/repository/Maven/Maven3.2.2/local/repo/com/yonyou/iuap/iuap-cache/3.0.0-RELEASE/iuap-cache-3.0.0-RELEASE.jar!/com/yonyou/iuap/cache/CacheManager$6.class]
10:20:58.627 [] [] [main] TRACE o.s.d.r.c.RepositoryComponentProvider - Ignored because not matching any filter: URL [jar:file:/D:/devtool/repository/Maven/Maven3.2.2/local/repo/com/yonyou/iuap/iuap-cache/3.0.0-RELEASE/iuap-cache-3.0.0-RELEASE.jar!/com/yonyou/iuap/cache/CacheManager$6.class]
10:20:58.627 [] [] [main] TRACE o.s.d.r.c.RepositoryComponentProvider - Scanning URL [jar:file:/D:/devtool/repository/Maven/Maven3.2.2/local/repo/com/yonyou/iuap/iuap-cache/3.0.0-RELEASE/iuap-cache-3.0.0-RELEASE.jar!/com/yonyou/iuap/cache/CacheManager$7.class]
10:20:58.627 [] [] [main] TRACE o.s.d.r.c.RepositoryComponentProvider - Ignored because not matching any filter: URL [jar:file:/D:/devtool/repository/Maven/Maven3.2.2/local/repo/com/yonyou/iuap/iuap-cache/3.0.0-RELEASE/iuap-cache-3.0.0-RELEASE.jar!/com/yonyou/iuap/cache/CacheManager$7.class]
10:20:58.627 [] [] [main] TRACE o.s.d.r.c.RepositoryComponentProvider - Scanning URL [jar:file:/D:/devtool/repository/Maven/Maven3.2.2/local/repo/com/yonyou/iuap/iuap-cache/3.0.0-RELEASE/iuap-cache-3.0.0-RELEASE.jar!/com/yonyou/iuap/cache/CacheManager$8.class]
10:20:58.627 [] [] [main] TRACE o.s.d.r.c.RepositoryComponentProvider - Ignored because not matching any filter: URL [jar:file:/D:/devtool/repository/Maven/Maven3.2.2/local/repo/com/yonyou/iuap/iuap-cache/3.0.0-RELEASE/iuap-cache-3.0.0-RELEASE.jar!/com/yonyou/iuap/cache/CacheManager$8.class]
10:20:58.627 [] [] [main] TRACE o.s.d.r.c.RepositoryComponentProvider - Scanning URL [jar:file:/D:/devtool/repository/Maven/Maven3.2.2/local/repo/com/yonyou/iuap/iuap-cache/3.0.0-RELEASE/iuap-cache-3.0.0-RELEASE.jar!/com/yonyou/iuap/cache/CacheManager$9.class]
10:20:58.628 [] [] [main] TRACE o.s.d.r.c.RepositoryComponentProvider - Ignored because not matching any filter: URL [jar:file:/D:/devtool/repository/Maven/Maven3.2.2/local/repo/com/yonyou/iuap/iuap-cache/3.0.0-RELEASE/iuap-cache-3.0.0-RELEASE.jar!/com/yonyou/iuap/cache/CacheManager$9.class]
10:20:58.628 [] [] [main] TRACE o.s.d.r.c.RepositoryComponentProvider - Scanning URL [jar:file:/D:/devtool/repository/Maven/Maven3.2.2/local/repo/com/yonyou/iuap/iuap-cache/3.0.0-RELEASE/iuap-cache-3.0.0-RELEASE.jar!/com/yonyou/iuap/cache/CacheManager$JedisAction.class]
10:20:58.628 [] [] [main] TRACE o.s.d.r.c.RepositoryComponentProvider - Ignored because not matching any filter: URL [jar:file:/D:/devtool/repository/Maven/Maven3.2.2/local/repo/com/yonyou/iuap/iuap-cache/3.0.0-RELEASE/iuap-cache-3.0.0-RELEASE.jar!/com/yonyou/iuap/cache/CacheManager$JedisAction.class]
10:20:58.628 [] [] [main] TRACE o.s.d.r.c.RepositoryComponentProvider - Scanning URL [jar:file:/D:/devtool/repository/Maven/Maven3.2.2/local/repo/com/yonyou/iuap/iuap-cache/3.0.0-RELEASE/iuap-cache-3.0.0-RELEASE.jar!/com/yonyou/iuap/cache/CacheManager$JedisActionNoResult.class]
10:20:58.628 [] [] [main] TRACE o.s.d.r.c.RepositoryComponentProvider - Ignored because not matching any filter: URL [jar:file:/D:/devtool/repository/Maven/Maven3.2.2/local/repo/com/yonyou/iuap/iuap-cache/3.0.0-RELEASE/iuap-cache-3.0.0-RELEASE.jar!/com/yonyou/iuap/cache/CacheManager$JedisActionNoResult.class]
10:20:58.628 [] [] [main] TRACE o.s.d.r.c.RepositoryComponentProvider - Scanning URL [jar:file:/D:/devtool/repository/Maven/Maven3.2.2/local/repo/com/yonyou/iuap/iuap-cache/3.0.0-RELEASE/iuap-cache-3.0.0-RELEASE.jar!/com/yonyou/iuap/cache/CacheManager.class]
10:20:58.628 [] [] [main] TRACE o.s.d.r.c.RepositoryComponentProvider - Ignored because not matching any filter: URL [jar:file:/D:/devtool/repository/Maven/Maven3.2.2/local/repo/com/yonyou/iuap/iuap-cache/3.0.0-RELEASE/iuap-cache-3.0.0-RELEASE.jar!/com/yonyou/iuap/cache/CacheManager.class]
10:20:58.628 [] [] [main] TRACE o.s.d.r.c.RepositoryComponentProvider - Scanning URL [jar:file:/D:/devtool/repository/Maven/Maven3.2.2/local/repo/com/yonyou/iuap/iuap-cache/3.0.0-RELEASE/iuap-cache-3.0.0-RELEASE.jar!/com/yonyou/iuap/cache/entity/CacheAbleEntity.class]
10:20:58.629 [] [] [main] TRACE o.s.d.r.c.RepositoryComponentProvider - Ignored because not matching any filter: URL [jar:file:/D:/devtool/repository/Maven/Maven3.2.2/local/repo/com/yonyou/iuap/iuap-cache/3.0.0-RELEASE/iuap-cache-3.0.0-RELEASE.jar!/com/yonyou/iuap/cache/entity/CacheAbleEntity.class]
10:20:58.629 [] [] [main] TRACE o.s.d.r.c.RepositoryComponentProvider - Scanning URL [jar:file:/D:/devtool/repository/Maven/Maven3.2.2/local/repo/com/yonyou/iuap/iuap-cache/3.0.0-RELEASE/iuap-cache-3.0.0-RELEASE.jar!/com/yonyou/iuap/cache/redis/RedisPoolFactory.class]
10:20:58.629 [] [] [main] TRACE o.s.d.r.c.RepositoryComponentProvider - Ignored because not matching any filter: URL [jar:file:/D:/devtool/repository/Maven/Maven3.2.2/local/repo/com/yonyou/iuap/iuap-cache/3.0.0-RELEASE/iuap-cache-3.0.0-RELEASE.jar!/com/yonyou/iuap/cache/redis/RedisPoolFactory.class]
10:20:58.629 [] [] [main] TRACE o.s.d.r.c.RepositoryComponentProvider - Scanning URL [jar:file:/D:/devtool/repository/Maven/Maven3.2.2/local/repo/com/yonyou/iuap/iuap-cache/3.0.0-RELEASE/iuap-cache-3.0.0-RELEASE.jar!/com/yonyou/iuap/cache/serializer/impl/DefaultJDKSerializer.class]
10:20:58.629 [] [] [main] TRACE o.s.d.r.c.RepositoryComponentProvider - Ignored because not matching any filter: URL [jar:file:/D:/devtool/repository/Maven/Maven3.2.2/local/repo/com/yonyou/iuap/iuap-cache/3.0.0-RELEASE/iuap-cache-3.0.0-RELEASE.jar!/com/yonyou/iuap/cache/serializer/impl/DefaultJDKSerializer.class]
10:20:58.629 [] [] [main] TRACE o.s.d.r.c.RepositoryComponentProvider - Scanning URL [jar:file:/D:/devtool/repository/Maven/Maven3.2.2/local/repo/com/yonyou/iuap/iuap-cache/3.0.0-RELEASE/iuap-cache-3.0.0-RELEASE.jar!/com/yonyou/iuap/cache/serializer/Serializer.class]
10:20:58.630 [] [] [main] TRACE o.s.d.r.c.RepositoryComponentProvider - Ignored because not matching any filter: URL [jar:file:/D:/devtool/repository/Maven/Maven3.2.2/local/repo/com/yonyou/iuap/iuap-cache/3.0.0-RELEASE/iuap-cache-3.0.0-RELEASE.jar!/com/yonyou/iuap/cache/serializer/Serializer.class]
10:20:58.630 [] [] [main] TRACE o.s.d.r.c.RepositoryComponentProvider - Scanning URL [jar:file:/D:/devtool/repository/Maven/Maven3.2.2/local/repo/com/yonyou/iuap/iuap-cache/3.0.0-RELEASE/iuap-cache-3.0.0-RELEASE.jar!/com/yonyou/iuap/cache/utils/SerializUtil.class]
10:20:58.630 [] [] [main] TRACE o.s.d.r.c.RepositoryComponentProvider - Ignored because not matching any filter: URL [jar:file:/D:/devtool/repository/Maven/Maven3.2.2/local/repo/com/yonyou/iuap/iuap-cache/3.0.0-RELEASE/iuap-cache-3.0.0-RELEASE.jar!/com/yonyou/iuap/cache/utils/SerializUtil.class]
10:20:58.630 [] [] [main] TRACE o.s.d.r.c.RepositoryComponentProvider - Scanning URL [jar:file:/D:/devtool/repository/Maven/Maven3.2.2/local/repo/com/yonyou/iuap/iuap-log/3.0.0-RELEASE/iuap-log-3.0.0-RELEASE.jar!/com/yonyou/iuap/log/constants/LogConstants.class]
10:20:58.630 [] [] [main] TRACE o.s.d.r.c.RepositoryComponentProvider - Ignored because not matching any filter: URL [jar:file:/D:/devtool/repository/Maven/Maven3.2.2/local/repo/com/yonyou/iuap/iuap-log/3.0.0-RELEASE/iuap-log-3.0.0-RELEASE.jar!/com/yonyou/iuap/log/constants/LogConstants.class]
10:20:58.630 [] [] [main] TRACE o.s.d.r.c.RepositoryComponentProvider - Scanning URL [jar:file:/D:/devtool/repository/Maven/Maven3.2.2/local/repo/com/yonyou/iuap/iuap-log/3.0.0-RELEASE/iuap-log-3.0.0-RELEASE.jar!/com/yonyou/iuap/log/utils/ThreadCallerIdGenerator.class]
10:20:58.630 [] [] [main] TRACE o.s.d.r.c.RepositoryComponentProvider - Ignored because not matching any filter: URL [jar:file:/D:/devtool/repository/Maven/Maven3.2.2/local/repo/com/yonyou/iuap/iuap-log/3.0.0-RELEASE/iuap-log-3.0.0-RELEASE.jar!/com/yonyou/iuap/log/utils/ThreadCallerIdGenerator.class]
10:20:58.630 [] [] [main] TRACE o.s.d.r.c.RepositoryComponentProvider - Scanning URL [jar:file:/D:/devtool/repository/Maven/Maven3.2.2/local/repo/com/yonyou/iuap/iuap-security/3.0.0-RELEASE/iuap-security-3.0.0-RELEASE.jar!/com/yonyou/iuap/iweb/security/IRSAService.class]
10:20:58.631 [] [] [main] TRACE o.s.d.r.c.RepositoryComponentProvider - Ignored because not matching any filter: URL [jar:file:/D:/devtool/repository/Maven/Maven3.2.2/local/repo/com/yonyou/iuap/iuap-security/3.0.0-RELEASE/iuap-security-3.0.0-RELEASE.jar!/com/yonyou/iuap/iweb/security/IRSAService.class]
10:20:58.631 [] [] [main] TRACE o.s.d.r.c.RepositoryComponentProvider - Scanning URL [jar:file:/D:/devtool/repository/Maven/Maven3.2.2/local/repo/com/yonyou/iuap/iuap-security/3.0.0-RELEASE/iuap-security-3.0.0-RELEASE.jar!/com/yonyou/iuap/iweb/security/RSAService.class]
10:20:58.631 [] [] [main] TRACE o.s.d.r.c.RepositoryComponentProvider - Ignored because not matching any filter: URL [jar:file:/D:/devtool/repository/Maven/Maven3.2.2/local/repo/com/yonyou/iuap/iuap-security/3.0.0-RELEASE/iuap-security-3.0.0-RELEASE.jar!/com/yonyou/iuap/iweb/security/RSAService.class]
10:20:58.631 [] [] [main] TRACE o.s.d.r.c.RepositoryComponentProvider - Scanning URL [jar:file:/D:/devtool/repository/Maven/Maven3.2.2/local/repo/com/yonyou/iuap/iuap-security/3.0.0-RELEASE/iuap-security-3.0.0-RELEASE.jar!/com/yonyou/iuap/security/esapi/EncryptException.class]
10:20:58.631 [] [] [main] TRACE o.s.d.r.c.RepositoryComponentProvider - Ignored because not matching any filter: URL [jar:file:/D:/devtool/repository/Maven/Maven3.2.2/local/repo/com/yonyou/iuap/iuap-security/3.0.0-RELEASE/iuap-security-3.0.0-RELEASE.jar!/com/yonyou/iuap/security/esapi/EncryptException.class]
10:20:58.631 [] [] [main] TRACE o.s.d.r.c.RepositoryComponentProvider - Scanning URL [jar:file:/D:/devtool/repository/Maven/Maven3.2.2/local/repo/com/yonyou/iuap/iuap-security/3.0.0-RELEASE/iuap-security-3.0.0-RELEASE.jar!/com/yonyou/iuap/security/esapi/IUAPEncoder$DatabaseCodec.class]
10:20:58.632 [] [] [main] TRACE o.s.d.r.c.RepositoryComponentProvider - Ignored because not matching any filter: URL [jar:file:/D:/devtool/repository/Maven/Maven3.2.2/local/repo/com/yonyou/iuap/iuap-security/3.0.0-RELEASE/iuap-security-3.0.0-RELEASE.jar!/com/yonyou/iuap/security/esapi/IUAPEncoder$DatabaseCodec.class]
10:20:58.632 [] [] [main] TRACE o.s.d.r.c.RepositoryComponentProvider - Scanning URL [jar:file:/D:/devtool/repository/Maven/Maven3.2.2/local/repo/com/yonyou/iuap/iuap-security/3.0.0-RELEASE/iuap-security-3.0.0-RELEASE.jar!/com/yonyou/iuap/security/esapi/IUAPEncoder$TextCodec.class]
10:20:58.632 [] [] [main] TRACE o.s.d.r.c.RepositoryComponentProvider - Ignored because not matching any filter: URL [jar:file:/D:/devtool/repository/Maven/Maven3.2.2/local/repo/com/yonyou/iuap/iuap-security/3.0.0-RELEASE/iuap-security-3.0.0-RELEASE.jar!/com/yonyou/iuap/security/esapi/IUAPEncoder$TextCodec.class]
10:20:58.632 [] [] [main] TRACE o.s.d.r.c.RepositoryComponentProvider - Scanning URL [jar:file:/D:/devtool/repository/Maven/Maven3.2.2/local/repo/com/yonyou/iuap/iuap-security/3.0.0-RELEASE/iuap-security-3.0.0-RELEASE.jar!/com/yonyou/iuap/security/esapi/IUAPEncoder.class]
10:20:58.632 [] [] [main] TRACE o.s.d.r.c.RepositoryComponentProvider - Ignored because not matching any filter: URL [jar:file:/D:/devtool/repository/Maven/Maven3.2.2/local/repo/com/yonyou/iuap/iuap-security/3.0.0-RELEASE/iuap-security-3.0.0-RELEASE.jar!/com/yonyou/iuap/security/esapi/IUAPEncoder.class]
10:20:58.632 [] [] [main] TRACE o.s.d.r.c.RepositoryComponentProvider - Scanning URL [jar:file:/D:/devtool/repository/Maven/Maven3.2.2/local/repo/com/yonyou/iuap/iuap-security/3.0.0-RELEASE/iuap-security-3.0.0-RELEASE.jar!/com/yonyou/iuap/security/esapi/IUAPEncryptor.class]
10:20:58.633 [] [] [main] TRACE o.s.d.r.c.RepositoryComponentProvider - Ignored because not matching any filter: URL [jar:file:/D:/devtool/repository/Maven/Maven3.2.2/local/repo/com/yonyou/iuap/iuap-security/3.0.0-RELEASE/iuap-security-3.0.0-RELEASE.jar!/com/yonyou/iuap/security/esapi/IUAPEncryptor.class]
10:20:58.633 [] [] [main] TRACE o.s.d.r.c.RepositoryComponentProvider - Scanning URL [jar:file:/D:/devtool/repository/Maven/Maven3.2.2/local/repo/com/yonyou/iuap/iuap-security/3.0.0-RELEASE/iuap-security-3.0.0-RELEASE.jar!/com/yonyou/iuap/security/esapi/IUAPESAPI.class]
10:20:58.633 [] [] [main] TRACE o.s.d.r.c.RepositoryComponentProvider - Ignored because not matching any filter: URL [jar:file:/D:/devtool/repository/Maven/Maven3.2.2/local/repo/com/yonyou/iuap/iuap-security/3.0.0-RELEASE/iuap-security-3.0.0-RELEASE.jar!/com/yonyou/iuap/security/esapi/IUAPESAPI.class]
10:20:58.633 [] [] [main] TRACE o.s.d.r.c.RepositoryComponentProvider - Scanning URL [jar:file:/D:/devtool/repository/Maven/Maven3.2.2/local/repo/com/yonyou/iuap/iuap-security/3.0.0-RELEASE/iuap-security-3.0.0-RELEASE.jar!/com/yonyou/iuap/security/rest/api/Signer.class]
10:20:58.633 [] [] [main] TRACE o.s.d.r.c.RepositoryComponentProvider - Ignored because not matching any filter: URL [jar:file:/D:/devtool/repository/Maven/Maven3.2.2/local/repo/com/yonyou/iuap/iuap-security/3.0.0-RELEASE/iuap-security-3.0.0-RELEASE.jar!/com/yonyou/iuap/security/rest/api/Signer.class]
10:20:58.633 [] [] [main] TRACE o.s.d.r.c.RepositoryComponentProvider - Scanning URL [jar:file:/D:/devtool/repository/Maven/Maven3.2.2/local/repo/com/yonyou/iuap/iuap-security/3.0.0-RELEASE/iuap-security-3.0.0-RELEASE.jar!/com/yonyou/iuap/security/rest/api/Verifier.class]
10:20:58.633 [] [] [main] TRACE o.s.d.r.c.RepositoryComponentProvider - Ignored because not matching any filter: URL [jar:file:/D:/devtool/repository/Maven/Maven3.2.2/local/repo/com/yonyou/iuap/iuap-security/3.0.0-RELEASE/iuap-security-3.0.0-RELEASE.jar!/com/yonyou/iuap/security/rest/api/Verifier.class]
10:20:58.633 [] [] [main] TRACE o.s.d.r.c.RepositoryComponentProvider - Scanning URL [jar:file:/D:/devtool/repository/Maven/Maven3.2.2/local/repo/com/yonyou/iuap/iuap-security/3.0.0-RELEASE/iuap-security-3.0.0-RELEASE.jar!/com/yonyou/iuap/security/rest/common/AuthConstants.class]
10:20:58.634 [] [] [main] TRACE o.s.d.r.c.RepositoryComponentProvider - Ignored because not matching any filter: URL [jar:file:/D:/devtool/repository/Maven/Maven3.2.2/local/repo/com/yonyou/iuap/iuap-security/3.0.0-RELEASE/iuap-security-3.0.0-RELEASE.jar!/com/yonyou/iuap/security/rest/common/AuthConstants.class]
10:20:58.634 [] [] [main] TRACE o.s.d.r.c.RepositoryComponentProvider - Scanning URL [jar:file:/D:/devtool/repository/Maven/Maven3.2.2/local/repo/com/yonyou/iuap/iuap-security/3.0.0-RELEASE/iuap-security-3.0.0-RELEASE.jar!/com/yonyou/iuap/security/rest/common/Credential.class]
10:20:58.634 [] [] [main] TRACE o.s.d.r.c.RepositoryComponentProvider - Ignored because not matching any filter: URL [jar:file:/D:/devtool/repository/Maven/Maven3.2.2/local/repo/com/yonyou/iuap/iuap-security/3.0.0-RELEASE/iuap-security-3.0.0-RELEASE.jar!/com/yonyou/iuap/security/rest/common/Credential.class]
10:20:58.634 [] [] [main] TRACE o.s.d.r.c.RepositoryComponentProvider - Scanning URL [jar:file:/D:/devtool/repository/Maven/Maven3.2.2/local/repo/com/yonyou/iuap/iuap-security/3.0.0-RELEASE/iuap-security-3.0.0-RELEASE.jar!/com/yonyou/iuap/security/rest/common/SignProp.class]
10:20:58.634 [] [] [main] TRACE o.s.d.r.c.RepositoryComponentProvider - Ignored because not matching any filter: URL [jar:file:/D:/devtool/repository/Maven/Maven3.2.2/local/repo/com/yonyou/iuap/iuap-security/3.0.0-RELEASE/iuap-security-3.0.0-RELEASE.jar!/com/yonyou/iuap/security/rest/common/SignProp.class]
10:20:58.634 [] [] [main] TRACE o.s.d.r.c.RepositoryComponentProvider - Scanning URL [jar:file:/D:/devtool/repository/Maven/Maven3.2.2/local/repo/com/yonyou/iuap/iuap-security/3.0.0-RELEASE/iuap-security-3.0.0-RELEASE.jar!/com/yonyou/iuap/security/rest/common/UAPKeyPair.class]
10:20:58.634 [] [] [main] TRACE o.s.d.r.c.RepositoryComponentProvider - Ignored because not matching any filter: URL [jar:file:/D:/devtool/repository/Maven/Maven3.2.2/local/repo/com/yonyou/iuap/iuap-security/3.0.0-RELEASE/iuap-security-3.0.0-RELEASE.jar!/com/yonyou/iuap/security/rest/common/UAPKeyPair.class]
10:20:58.634 [] [] [main] TRACE o.s.d.r.c.RepositoryComponentProvider - Scanning URL [jar:file:/D:/devtool/repository/Maven/Maven3.2.2/local/repo/com/yonyou/iuap/iuap-security/3.0.0-RELEASE/iuap-security-3.0.0-RELEASE.jar!/com/yonyou/iuap/security/rest/digest/client/DigestSigner.class]
10:20:58.636 [] [] [main] TRACE o.s.d.r.c.RepositoryComponentProvider - Ignored because not matching any filter: URL [jar:file:/D:/devtool/repository/Maven/Maven3.2.2/local/repo/com/yonyou/iuap/iuap-security/3.0.0-RELEASE/iuap-security-3.0.0-RELEASE.jar!/com/yonyou/iuap/security/rest/digest/client/DigestSigner.class]
10:20:58.636 [] [] [main] TRACE o.s.d.r.c.RepositoryComponentProvider - Scanning URL [jar:file:/D:/devtool/repository/Maven/Maven3.2.2/local/repo/com/yonyou/iuap/iuap-security/3.0.0-RELEASE/iuap-security-3.0.0-RELEASE.jar!/com/yonyou/iuap/security/rest/digest/core/HMACDigestUtils$Algorithm_HMAC.class]
10:20:58.636 [] [] [main] TRACE o.s.d.r.c.RepositoryComponentProvider - Ignored because not matching any filter: URL [jar:file:/D:/devtool/repository/Maven/Maven3.2.2/local/repo/com/yonyou/iuap/iuap-security/3.0.0-RELEASE/iuap-security-3.0.0-RELEASE.jar!/com/yonyou/iuap/security/rest/digest/core/HMACDigestUtils$Algorithm_HMAC.class]
10:20:58.636 [] [] [main] TRACE o.s.d.r.c.RepositoryComponentProvider - Scanning URL [jar:file:/D:/devtool/repository/Maven/Maven3.2.2/local/repo/com/yonyou/iuap/iuap-security/3.0.0-RELEASE/iuap-security-3.0.0-RELEASE.jar!/com/yonyou/iuap/security/rest/digest/core/HMACDigestUtils.class]
10:20:58.636 [] [] [main] TRACE o.s.d.r.c.RepositoryComponentProvider - Ignored because not matching any filter: URL [jar:file:/D:/devtool/repository/Maven/Maven3.2.2/local/repo/com/yonyou/iuap/iuap-security/3.0.0-RELEASE/iuap-security-3.0.0-RELEASE.jar!/com/yonyou/iuap/security/rest/digest/core/HMACDigestUtils.class]
10:20:58.636 [] [] [main] TRACE o.s.d.r.c.RepositoryComponentProvider - Scanning URL [jar:file:/D:/devtool/repository/Maven/Maven3.2.2/local/repo/com/yonyou/iuap/iuap-security/3.0.0-RELEASE/iuap-security-3.0.0-RELEASE.jar!/com/yonyou/iuap/security/rest/digest/server/DigestVerifier.class]
10:20:58.637 [] [] [main] TRACE o.s.d.r.c.RepositoryComponentProvider - Ignored because not matching any filter: URL [jar:file:/D:/devtool/repository/Maven/Maven3.2.2/local/repo/com/yonyou/iuap/iuap-security/3.0.0-RELEASE/iuap-security-3.0.0-RELEASE.jar!/com/yonyou/iuap/security/rest/digest/server/DigestVerifier.class]
10:20:58.637 [] [] [main] TRACE o.s.d.r.c.RepositoryComponentProvider - Scanning URL [jar:file:/D:/devtool/repository/Maven/Maven3.2.2/local/repo/com/yonyou/iuap/iuap-security/3.0.0-RELEASE/iuap-security-3.0.0-RELEASE.jar!/com/yonyou/iuap/security/rest/exception/UAPSecurityException.class]
10:20:58.637 [] [] [main] TRACE o.s.d.r.c.RepositoryComponentProvider - Ignored because not matching any filter: URL [jar:file:/D:/devtool/repository/Maven/Maven3.2.2/local/repo/com/yonyou/iuap/iuap-security/3.0.0-RELEASE/iuap-security-3.0.0-RELEASE.jar!/com/yonyou/iuap/security/rest/exception/UAPSecurityException.class]
10:20:58.637 [] [] [main] TRACE o.s.d.r.c.RepositoryComponentProvider - Scanning URL [jar:file:/D:/devtool/repository/Maven/Maven3.2.2/local/repo/com/yonyou/iuap/iuap-security/3.0.0-RELEASE/iuap-security-3.0.0-RELEASE.jar!/com/yonyou/iuap/security/rest/factory/ClientParamsProvider.class]
10:20:58.637 [] [] [main] TRACE o.s.d.r.c.RepositoryComponentProvider - Ignored because not matching any filter: URL [jar:file:/D:/devtool/repository/Maven/Maven3.2.2/local/repo/com/yonyou/iuap/iuap-security/3.0.0-RELEASE/iuap-security-3.0.0-RELEASE.jar!/com/yonyou/iuap/security/rest/factory/ClientParamsProvider.class]
10:20:58.637 [] [] [main] TRACE o.s.d.r.c.RepositoryComponentProvider - Scanning URL [jar:file:/D:/devtool/repository/Maven/Maven3.2.2/local/repo/com/yonyou/iuap/iuap-security/3.0.0-RELEASE/iuap-security-3.0.0-RELEASE.jar!/com/yonyou/iuap/security/rest/factory/ClientSignFactory.class]
10:20:58.639 [] [] [main] TRACE o.s.d.r.c.RepositoryComponentProvider - Ignored because not matching any filter: URL [jar:file:/D:/devtool/repository/Maven/Maven3.2.2/local/repo/com/yonyou/iuap/iuap-security/3.0.0-RELEASE/iuap-security-3.0.0-RELEASE.jar!/com/yonyou/iuap/security/rest/factory/ClientSignFactory.class]
10:20:58.639 [] [] [main] TRACE o.s.d.r.c.RepositoryComponentProvider - Scanning URL [jar:file:/D:/devtool/repository/Maven/Maven3.2.2/local/repo/com/yonyou/iuap/iuap-security/3.0.0-RELEASE/iuap-security-3.0.0-RELEASE.jar!/com/yonyou/iuap/security/rest/factory/KeyGenerator.class]
10:20:58.639 [] [] [main] TRACE o.s.d.r.c.RepositoryComponentProvider - Ignored because not matching any filter: URL [jar:file:/D:/devtool/repository/Maven/Maven3.2.2/local/repo/com/yonyou/iuap/iuap-security/3.0.0-RELEASE/iuap-security-3.0.0-RELEASE.jar!/com/yonyou/iuap/security/rest/factory/KeyGenerator.class]
10:20:58.639 [] [] [main] TRACE o.s.d.r.c.RepositoryComponentProvider - Scanning URL [jar:file:/D:/devtool/repository/Maven/Maven3.2.2/local/repo/com/yonyou/iuap/iuap-security/3.0.0-RELEASE/iuap-security-3.0.0-RELEASE.jar!/com/yonyou/iuap/security/rest/factory/ServerVerifyFactory.class]
10:20:58.639 [] [] [main] TRACE o.s.d.r.c.RepositoryComponentProvider - Ignored because not matching any filter: URL [jar:file:/D:/devtool/repository/Maven/Maven3.2.2/local/repo/com/yonyou/iuap/iuap-security/3.0.0-RELEASE/iuap-security-3.0.0-RELEASE.jar!/com/yonyou/iuap/security/rest/factory/ServerVerifyFactory.class]
10:20:58.639 [] [] [main] TRACE o.s.d.r.c.RepositoryComponentProvider - Scanning URL [jar:file:/D:/devtool/repository/Maven/Maven3.2.2/local/repo/com/yonyou/iuap/iuap-security/3.0.0-RELEASE/iuap-security-3.0.0-RELEASE.jar!/com/yonyou/iuap/security/rest/rsa/client/RSAClientSigner.class]
10:20:58.640 [] [] [main] TRACE o.s.d.r.c.RepositoryComponentProvider - Ignored because not matching any filter: URL [jar:file:/D:/devtool/repository/Maven/Maven3.2.2/local/repo/com/yonyou/iuap/iuap-security/3.0.0-RELEASE/iuap-security-3.0.0-RELEASE.jar!/com/yonyou/iuap/security/rest/rsa/client/RSAClientSigner.class]
10:20:58.640 [] [] [main] TRACE o.s.d.r.c.RepositoryComponentProvider - Scanning URL [jar:file:/D:/devtool/repository/Maven/Maven3.2.2/local/repo/com/yonyou/iuap/iuap-security/3.0.0-RELEASE/iuap-security-3.0.0-RELEASE.jar!/com/yonyou/iuap/security/rest/rsa/core/RSACryptor$1.class]
10:20:58.640 [] [] [main] TRACE o.s.d.r.c.RepositoryComponentProvider - Ignored because not matching any filter: URL [jar:file:/D:/devtool/repository/Maven/Maven3.2.2/local/repo/com/yonyou/iuap/iuap-security/3.0.0-RELEASE/iuap-security-3.0.0-RELEASE.jar!/com/yonyou/iuap/security/rest/rsa/core/RSACryptor$1.class]
10:20:58.640 [] [] [main] TRACE o.s.d.r.c.RepositoryComponentProvider - Scanning URL [jar:file:/D:/devtool/repository/Maven/Maven3.2.2/local/repo/com/yonyou/iuap/iuap-security/3.0.0-RELEASE/iuap-security-3.0.0-RELEASE.jar!/com/yonyou/iuap/security/rest/rsa/core/RSACryptor$KeyType.class]
10:20:58.640 [] [] [main] TRACE o.s.d.r.c.RepositoryComponentProvider - Ignored because not matching any filter: URL [jar:file:/D:/devtool/repository/Maven/Maven3.2.2/local/repo/com/yonyou/iuap/iuap-security/3.0.0-RELEASE/iuap-security-3.0.0-RELEASE.jar!/com/yonyou/iuap/security/rest/rsa/core/RSACryptor$KeyType.class]
10:20:58.640 [] [] [main] TRACE o.s.d.r.c.RepositoryComponentProvider - Scanning URL [jar:file:/D:/devtool/repository/Maven/Maven3.2.2/local/repo/com/yonyou/iuap/iuap-security/3.0.0-RELEASE/iuap-security-3.0.0-RELEASE.jar!/com/yonyou/iuap/security/rest/rsa/core/RSACryptor.class]
10:20:58.640 [] [] [main] TRACE o.s.d.r.c.RepositoryComponentProvider - Ignored because not matching any filter: URL [jar:file:/D:/devtool/repository/Maven/Maven3.2.2/local/repo/com/yonyou/iuap/iuap-security/3.0.0-RELEASE/iuap-security-3.0.0-RELEASE.jar!/com/yonyou/iuap/security/rest/rsa/core/RSACryptor.class]
10:20:58.640 [] [] [main] TRACE o.s.d.r.c.RepositoryComponentProvider - Scanning URL [jar:file:/D:/devtool/repository/Maven/Maven3.2.2/local/repo/com/yonyou/iuap/iuap-security/3.0.0-RELEASE/iuap-security-3.0.0-RELEASE.jar!/com/yonyou/iuap/security/rest/rsa/core/RSAKeyPair.class]
10:20:58.641 [] [] [main] TRACE o.s.d.r.c.RepositoryComponentProvider - Ignored because not matching any filter: URL [jar:file:/D:/devtool/repository/Maven/Maven3.2.2/local/repo/com/yonyou/iuap/iuap-security/3.0.0-RELEASE/iuap-security-3.0.0-RELEASE.jar!/com/yonyou/iuap/security/rest/rsa/core/RSAKeyPair.class]
10:20:58.641 [] [] [main] TRACE o.s.d.r.c.RepositoryComponentProvider - Scanning URL [jar:file:/D:/devtool/repository/Maven/Maven3.2.2/local/repo/com/yonyou/iuap/iuap-security/3.0.0-RELEASE/iuap-security-3.0.0-RELEASE.jar!/com/yonyou/iuap/security/rest/rsa/core/RSASigner.class]
10:20:58.641 [] [] [main] TRACE o.s.d.r.c.RepositoryComponentProvider - Ignored because not matching any filter: URL [jar:file:/D:/devtool/repository/Maven/Maven3.2.2/local/repo/com/yonyou/iuap/iuap-security/3.0.0-RELEASE/iuap-security-3.0.0-RELEASE.jar!/com/yonyou/iuap/security/rest/rsa/core/RSASigner.class]
10:20:58.641 [] [] [main] TRACE o.s.d.r.c.RepositoryComponentProvider - Scanning URL [jar:file:/D:/devtool/repository/Maven/Maven3.2.2/local/repo/com/yonyou/iuap/iuap-security/3.0.0-RELEASE/iuap-security-3.0.0-RELEASE.jar!/com/yonyou/iuap/security/rest/rsa/core/RSAVerfier.class]
10:20:58.641 [] [] [main] TRACE o.s.d.r.c.RepositoryComponentProvider - Ignored because not matching any filter: URL [jar:file:/D:/devtool/repository/Maven/Maven3.2.2/local/repo/com/yonyou/iuap/iuap-security/3.0.0-RELEASE/iuap-security-3.0.0-RELEASE.jar!/com/yonyou/iuap/security/rest/rsa/core/RSAVerfier.class]
10:20:58.641 [] [] [main] TRACE o.s.d.r.c.RepositoryComponentProvider - Scanning URL [jar:file:/D:/devtool/repository/Maven/Maven3.2.2/local/repo/com/yonyou/iuap/iuap-security/3.0.0-RELEASE/iuap-security-3.0.0-RELEASE.jar!/com/yonyou/iuap/security/rest/rsa/server/RSAServerVerfier.class]
10:20:58.642 [] [] [main] TRACE o.s.d.r.c.RepositoryComponentProvider - Ignored because not matching any filter: URL [jar:file:/D:/devtool/repository/Maven/Maven3.2.2/local/repo/com/yonyou/iuap/iuap-security/3.0.0-RELEASE/iuap-security-3.0.0-RELEASE.jar!/com/yonyou/iuap/security/rest/rsa/server/RSAServerVerfier.class]
10:20:58.642 [] [] [main] TRACE o.s.d.r.c.RepositoryComponentProvider - Scanning URL [jar:file:/D:/devtool/repository/Maven/Maven3.2.2/local/repo/com/yonyou/iuap/iuap-security/3.0.0-RELEASE/iuap-security-3.0.0-RELEASE.jar!/com/yonyou/iuap/security/rest/utils/ClientCredentialGenerator.class]
10:20:58.642 [] [] [main] TRACE o.s.d.r.c.RepositoryComponentProvider - Ignored because not matching any filter: URL [jar:file:/D:/devtool/repository/Maven/Maven3.2.2/local/repo/com/yonyou/iuap/iuap-security/3.0.0-RELEASE/iuap-security-3.0.0-RELEASE.jar!/com/yonyou/iuap/security/rest/utils/ClientCredentialGenerator.class]
10:20:58.642 [] [] [main] TRACE o.s.d.r.c.RepositoryComponentProvider - Scanning URL [jar:file:/D:/devtool/repository/Maven/Maven3.2.2/local/repo/com/yonyou/iuap/iuap-security/3.0.0-RELEASE/iuap-security-3.0.0-RELEASE.jar!/com/yonyou/iuap/security/rest/utils/PostParamsHelper$1.class]
10:20:58.642 [] [] [main] TRACE o.s.d.r.c.RepositoryComponentProvider - Ignored because not matching any filter: URL [jar:file:/D:/devtool/repository/Maven/Maven3.2.2/local/repo/com/yonyou/iuap/iuap-security/3.0.0-RELEASE/iuap-security-3.0.0-RELEASE.jar!/com/yonyou/iuap/security/rest/utils/PostParamsHelper$1.class]
10:20:58.642 [] [] [main] TRACE o.s.d.r.c.RepositoryComponentProvider - Scanning URL [jar:file:/D:/devtool/repository/Maven/Maven3.2.2/local/repo/com/yonyou/iuap/iuap-security/3.0.0-RELEASE/iuap-security-3.0.0-RELEASE.jar!/com/yonyou/iuap/security/rest/utils/PostParamsHelper.class]
10:20:58.643 [] [] [main] TRACE o.s.d.r.c.RepositoryComponentProvider - Ignored because not matching any filter: URL [jar:file:/D:/devtool/repository/Maven/Maven3.2.2/local/repo/com/yonyou/iuap/iuap-security/3.0.0-RELEASE/iuap-security-3.0.0-RELEASE.jar!/com/yonyou/iuap/security/rest/utils/PostParamsHelper.class]
10:20:58.643 [] [] [main] TRACE o.s.d.r.c.RepositoryComponentProvider - Scanning URL [jar:file:/D:/devtool/repository/Maven/Maven3.2.2/local/repo/com/yonyou/iuap/iuap-security/3.0.0-RELEASE/iuap-security-3.0.0-RELEASE.jar!/com/yonyou/iuap/security/rest/utils/SignPropGenerator$1.class]
10:20:58.643 [] [] [main] TRACE o.s.d.r.c.RepositoryComponentProvider - Ignored because not matching any filter: URL [jar:file:/D:/devtool/repository/Maven/Maven3.2.2/local/repo/com/yonyou/iuap/iuap-security/3.0.0-RELEASE/iuap-security-3.0.0-RELEASE.jar!/com/yonyou/iuap/security/rest/utils/SignPropGenerator$1.class]
10:20:58.643 [] [] [main] TRACE o.s.d.r.c.RepositoryComponentProvider - Scanning URL [jar:file:/D:/devtool/repository/Maven/Maven3.2.2/local/repo/com/yonyou/iuap/iuap-security/3.0.0-RELEASE/iuap-security-3.0.0-RELEASE.jar!/com/yonyou/iuap/security/rest/utils/SignPropGenerator.class]
10:20:58.643 [] [] [main] TRACE o.s.d.r.c.RepositoryComponentProvider - Ignored because not matching any filter: URL [jar:file:/D:/devtool/repository/Maven/Maven3.2.2/local/repo/com/yonyou/iuap/iuap-security/3.0.0-RELEASE/iuap-security-3.0.0-RELEASE.jar!/com/yonyou/iuap/security/rest/utils/SignPropGenerator.class]
10:20:58.643 [] [] [main] TRACE o.s.d.r.c.RepositoryComponentProvider - Scanning URL [jar:file:/D:/devtool/repository/Maven/Maven3.2.2/local/repo/com/yonyou/iuap/iuap-security/3.0.0-RELEASE/iuap-security-3.0.0-RELEASE.jar!/com/yonyou/iuap/security/utils/RSAUtils.class]
10:20:58.643 [] [] [main] TRACE o.s.d.r.c.RepositoryComponentProvider - Ignored because not matching any filter: URL [jar:file:/D:/devtool/repository/Maven/Maven3.2.2/local/repo/com/yonyou/iuap/iuap-security/3.0.0-RELEASE/iuap-security-3.0.0-RELEASE.jar!/com/yonyou/iuap/security/utils/RSAUtils.class]
10:20:58.644 [] [] [main] TRACE o.s.d.r.c.RepositoryComponentProvider - Scanning URL [jar:file:/D:/devtool/repository/Maven/Maven3.2.2/local/repo/com/yonyou/iuap/iuap-security/3.0.0-RELEASE/iuap-security-3.0.0-RELEASE.jar!/com/yonyou/iuap/security/utils/TokenGenerator.class]
10:20:58.644 [] [] [main] TRACE o.s.d.r.c.RepositoryComponentProvider - Ignored because not matching any filter: URL [jar:file:/D:/devtool/repository/Maven/Maven3.2.2/local/repo/com/yonyou/iuap/iuap-security/3.0.0-RELEASE/iuap-security-3.0.0-RELEASE.jar!/com/yonyou/iuap/security/utils/TokenGenerator.class]
10:20:58.644 [] [] [main] TRACE o.s.d.r.c.RepositoryComponentProvider - Scanning URL [jar:file:/D:/devtool/repository/Maven/Maven3.2.2/local/repo/com/yonyou/iuap/iuap-utils/3.0.0-RELEASE/iuap-utils-3.0.0-RELEASE.jar!/com/yonyou/iuap/config/PropertyConfigurer.class]
10:20:58.646 [] [] [main] TRACE o.s.d.r.c.RepositoryComponentProvider - Ignored because not matching any filter: URL [jar:file:/D:/devtool/repository/Maven/Maven3.2.2/local/repo/com/yonyou/iuap/iuap-utils/3.0.0-RELEASE/iuap-utils-3.0.0-RELEASE.jar!/com/yonyou/iuap/config/PropertyConfigurer.class]
10:20:58.646 [] [] [main] TRACE o.s.d.r.c.RepositoryComponentProvider - Scanning URL [jar:file:/D:/devtool/repository/Maven/Maven3.2.2/local/repo/com/yonyou/iuap/iuap-utils/3.0.0-RELEASE/iuap-utils-3.0.0-RELEASE.jar!/com/yonyou/iuap/context/IHttpHeadersProvider.class]
10:20:58.646 [] [] [main] TRACE o.s.d.r.c.RepositoryComponentProvider - Ignored because not matching any filter: URL [jar:file:/D:/devtool/repository/Maven/Maven3.2.2/local/repo/com/yonyou/iuap/iuap-utils/3.0.0-RELEASE/iuap-utils-3.0.0-RELEASE.jar!/com/yonyou/iuap/context/IHttpHeadersProvider.class]
10:20:58.646 [] [] [main] TRACE o.s.d.r.c.RepositoryComponentProvider - Scanning URL [jar:file:/D:/devtool/repository/Maven/Maven3.2.2/local/repo/com/yonyou/iuap/iuap-utils/3.0.0-RELEASE/iuap-utils-3.0.0-RELEASE.jar!/com/yonyou/iuap/utils/AnyTrustStrategy.class]
10:20:58.647 [] [] [main] TRACE o.s.d.r.c.RepositoryComponentProvider - Ignored because not matching any filter: URL [jar:file:/D:/devtool/repository/Maven/Maven3.2.2/local/repo/com/yonyou/iuap/iuap-utils/3.0.0-RELEASE/iuap-utils-3.0.0-RELEASE.jar!/com/yonyou/iuap/utils/AnyTrustStrategy.class]
10:20:58.647 [] [] [main] TRACE o.s.d.r.c.RepositoryComponentProvider - Scanning URL [jar:file:/D:/devtool/repository/Maven/Maven3.2.2/local/repo/com/yonyou/iuap/iuap-utils/3.0.0-RELEASE/iuap-utils-3.0.0-RELEASE.jar!/com/yonyou/iuap/utils/Base64Util.class]
10:20:58.647 [] [] [main] TRACE o.s.d.r.c.RepositoryComponentProvider - Ignored because not matching any filter: URL [jar:file:/D:/devtool/repository/Maven/Maven3.2.2/local/repo/com/yonyou/iuap/iuap-utils/3.0.0-RELEASE/iuap-utils-3.0.0-RELEASE.jar!/com/yonyou/iuap/utils/Base64Util.class]
10:20:58.647 [] [] [main] TRACE o.s.d.r.c.RepositoryComponentProvider - Scanning URL [jar:file:/D:/devtool/repository/Maven/Maven3.2.2/local/repo/com/yonyou/iuap/iuap-utils/3.0.0-RELEASE/iuap-utils-3.0.0-RELEASE.jar!/com/yonyou/iuap/utils/CookieUtil.class]
10:20:58.648 [] [] [main] TRACE o.s.d.r.c.RepositoryComponentProvider - Ignored because not matching any filter: URL [jar:file:/D:/devtool/repository/Maven/Maven3.2.2/local/repo/com/yonyou/iuap/iuap-utils/3.0.0-RELEASE/iuap-utils-3.0.0-RELEASE.jar!/com/yonyou/iuap/utils/CookieUtil.class]
10:20:58.648 [] [] [main] TRACE o.s.d.r.c.RepositoryComponentProvider - Scanning URL [jar:file:/D:/devtool/repository/Maven/Maven3.2.2/local/repo/com/yonyou/iuap/iuap-utils/3.0.0-RELEASE/iuap-utils-3.0.0-RELEASE.jar!/com/yonyou/iuap/utils/HttpContextUtil.class]
10:20:58.648 [] [] [main] TRACE o.s.d.r.c.RepositoryComponentProvider - Ignored because not matching any filter: URL [jar:file:/D:/devtool/repository/Maven/Maven3.2.2/local/repo/com/yonyou/iuap/iuap-utils/3.0.0-RELEASE/iuap-utils-3.0.0-RELEASE.jar!/com/yonyou/iuap/utils/HttpContextUtil.class]
10:20:58.648 [] [] [main] TRACE o.s.d.r.c.RepositoryComponentProvider - Scanning URL [jar:file:/D:/devtool/repository/Maven/Maven3.2.2/local/repo/com/yonyou/iuap/iuap-utils/3.0.0-RELEASE/iuap-utils-3.0.0-RELEASE.jar!/com/yonyou/iuap/utils/HttpTookit.class]
10:20:58.648 [] [] [main] TRACE o.s.d.r.c.RepositoryComponentProvider - Ignored because not matching any filter: URL [jar:file:/D:/devtool/repository/Maven/Maven3.2.2/local/repo/com/yonyou/iuap/iuap-utils/3.0.0-RELEASE/iuap-utils-3.0.0-RELEASE.jar!/com/yonyou/iuap/utils/HttpTookit.class]
10:20:58.648 [] [] [main] TRACE o.s.d.r.c.RepositoryComponentProvider - Scanning URL [jar:file:/D:/devtool/repository/Maven/Maven3.2.2/local/repo/com/yonyou/iuap/iuap-utils/3.0.0-RELEASE/iuap-utils-3.0.0-RELEASE.jar!/com/yonyou/iuap/utils/HttpUtil.class]
10:20:58.649 [] [] [main] TRACE o.s.d.r.c.RepositoryComponentProvider - Ignored because not matching any filter: URL [jar:file:/D:/devtool/repository/Maven/Maven3.2.2/local/repo/com/yonyou/iuap/iuap-utils/3.0.0-RELEASE/iuap-utils-3.0.0-RELEASE.jar!/com/yonyou/iuap/utils/HttpUtil.class]
10:20:58.649 [] [] [main] TRACE o.s.d.r.c.RepositoryComponentProvider - Scanning URL [jar:file:/D:/devtool/repository/Maven/Maven3.2.2/local/repo/com/yonyou/iuap/iuap-utils/3.0.0-RELEASE/iuap-utils-3.0.0-RELEASE.jar!/com/yonyou/iuap/utils/PropertyCodec.class]
10:20:58.649 [] [] [main] TRACE o.s.d.r.c.RepositoryComponentProvider - Ignored because not matching any filter: URL [jar:file:/D:/devtool/repository/Maven/Maven3.2.2/local/repo/com/yonyou/iuap/iuap-utils/3.0.0-RELEASE/iuap-utils-3.0.0-RELEASE.jar!/com/yonyou/iuap/utils/PropertyCodec.class]
10:20:58.649 [] [] [main] TRACE o.s.d.r.c.RepositoryComponentProvider - Scanning URL [jar:file:/D:/devtool/repository/Maven/Maven3.2.2/local/repo/com/yonyou/iuap/iuap-utils/3.0.0-RELEASE/iuap-utils-3.0.0-RELEASE.jar!/com/yonyou/iuap/utils/PropertyUtil.class]
10:20:58.649 [] [] [main] TRACE o.s.d.r.c.RepositoryComponentProvider - Ignored because not matching any filter: URL [jar:file:/D:/devtool/repository/Maven/Maven3.2.2/local/repo/com/yonyou/iuap/iuap-utils/3.0.0-RELEASE/iuap-utils-3.0.0-RELEASE.jar!/com/yonyou/iuap/utils/PropertyUtil.class]
10:20:58.649 [] [] [main] TRACE o.s.d.r.c.RepositoryComponentProvider - Scanning URL [jar:file:/D:/devtool/repository/Maven/Maven3.2.2/local/repo/com/yonyou/iuap/iuap-auth/3.0.0-RELEASE/iuap-auth-3.0.0-RELEASE.jar!/com/yonyou/iuap/auth/session/SessionManager$1.class]
10:20:58.650 [] [] [main] TRACE o.s.d.r.c.RepositoryComponentProvider - Ignored because not matching any filter: URL [jar:file:/D:/devtool/repository/Maven/Maven3.2.2/local/repo/com/yonyou/iuap/iuap-auth/3.0.0-RELEASE/iuap-auth-3.0.0-RELEASE.jar!/com/yonyou/iuap/auth/session/SessionManager$1.class]
10:20:58.650 [] [] [main] TRACE o.s.d.r.c.RepositoryComponentProvider - Scanning URL [jar:file:/D:/devtool/repository/Maven/Maven3.2.2/local/repo/com/yonyou/iuap/iuap-auth/3.0.0-RELEASE/iuap-auth-3.0.0-RELEASE.jar!/com/yonyou/iuap/auth/session/SessionManager$10.class]
10:20:58.650 [] [] [main] TRACE o.s.d.r.c.RepositoryComponentProvider - Ignored because not matching any filter: URL [jar:file:/D:/devtool/repository/Maven/Maven3.2.2/local/repo/com/yonyou/iuap/iuap-auth/3.0.0-RELEASE/iuap-auth-3.0.0-RELEASE.jar!/com/yonyou/iuap/auth/session/SessionManager$10.class]
10:20:58.650 [] [] [main] TRACE o.s.d.r.c.RepositoryComponentProvider - Scanning URL [jar:file:/D:/devtool/repository/Maven/Maven3.2.2/local/repo/com/yonyou/iuap/iuap-auth/3.0.0-RELEASE/iuap-auth-3.0.0-RELEASE.jar!/com/yonyou/iuap/auth/session/SessionManager$11.class]
10:20:58.650 [] [] [main] TRACE o.s.d.r.c.RepositoryComponentProvider - Ignored because not matching any filter: URL [jar:file:/D:/devtool/repository/Maven/Maven3.2.2/local/repo/com/yonyou/iuap/iuap-auth/3.0.0-RELEASE/iuap-auth-3.0.0-RELEASE.jar!/com/yonyou/iuap/auth/session/SessionManager$11.class]
10:20:58.651 [] [] [main] TRACE o.s.d.r.c.RepositoryComponentProvider - Scanning URL [jar:file:/D:/devtool/repository/Maven/Maven3.2.2/local/repo/com/yonyou/iuap/iuap-auth/3.0.0-RELEASE/iuap-auth-3.0.0-RELEASE.jar!/com/yonyou/iuap/auth/session/SessionManager$12.class]
10:20:58.651 [] [] [main] TRACE o.s.d.r.c.RepositoryComponentProvider - Ignored because not matching any filter: URL [jar:file:/D:/devtool/repository/Maven/Maven3.2.2/local/repo/com/yonyou/iuap/iuap-auth/3.0.0-RELEASE/iuap-auth-3.0.0-RELEASE.jar!/com/yonyou/iuap/auth/session/SessionManager$12.class]
10:20:58.651 [] [] [main] TRACE o.s.d.r.c.RepositoryComponentProvider - Scanning URL [jar:file:/D:/devtool/repository/Maven/Maven3.2.2/local/repo/com/yonyou/iuap/iuap-auth/3.0.0-RELEASE/iuap-auth-3.0.0-RELEASE.jar!/com/yonyou/iuap/auth/session/SessionManager$13.class]
10:20:58.651 [] [] [main] TRACE o.s.d.r.c.RepositoryComponentProvider - Ignored because not matching any filter: URL [jar:file:/D:/devtool/repository/Maven/Maven3.2.2/local/repo/com/yonyou/iuap/iuap-auth/3.0.0-RELEASE/iuap-auth-3.0.0-RELEASE.jar!/com/yonyou/iuap/auth/session/SessionManager$13.class]
10:20:58.651 [] [] [main] TRACE o.s.d.r.c.RepositoryComponentProvider - Scanning URL [jar:file:/D:/devtool/repository/Maven/Maven3.2.2/local/repo/com/yonyou/iuap/iuap-auth/3.0.0-RELEASE/iuap-auth-3.0.0-RELEASE.jar!/com/yonyou/iuap/auth/session/SessionManager$14.class]
10:20:58.651 [] [] [main] TRACE o.s.d.r.c.RepositoryComponentProvider - Ignored because not matching any filter: URL [jar:file:/D:/devtool/repository/Maven/Maven3.2.2/local/repo/com/yonyou/iuap/iuap-auth/3.0.0-RELEASE/iuap-auth-3.0.0-RELEASE.jar!/com/yonyou/iuap/auth/session/SessionManager$14.class]
10:20:58.651 [] [] [main] TRACE o.s.d.r.c.RepositoryComponentProvider - Scanning URL [jar:file:/D:/devtool/repository/Maven/Maven3.2.2/local/repo/com/yonyou/iuap/iuap-auth/3.0.0-RELEASE/iuap-auth-3.0.0-RELEASE.jar!/com/yonyou/iuap/auth/session/SessionManager$15.class]
10:20:58.652 [] [] [main] TRACE o.s.d.r.c.RepositoryComponentProvider - Ignored because not matching any filter: URL [jar:file:/D:/devtool/repository/Maven/Maven3.2.2/local/repo/com/yonyou/iuap/iuap-auth/3.0.0-RELEASE/iuap-auth-3.0.0-RELEASE.jar!/com/yonyou/iuap/auth/session/SessionManager$15.class]
10:20:58.652 [] [] [main] TRACE o.s.d.r.c.RepositoryComponentProvider - Scanning URL [jar:file:/D:/devtool/repository/Maven/Maven3.2.2/local/repo/com/yonyou/iuap/iuap-auth/3.0.0-RELEASE/iuap-auth-3.0.0-RELEASE.jar!/com/yonyou/iuap/auth/session/SessionManager$16.class]
10:20:58.652 [] [] [main] TRACE o.s.d.r.c.RepositoryComponentProvider - Ignored because not matching any filter: URL [jar:file:/D:/devtool/repository/Maven/Maven3.2.2/local/repo/com/yonyou/iuap/iuap-auth/3.0.0-RELEASE/iuap-auth-3.0.0-RELEASE.jar!/com/yonyou/iuap/auth/session/SessionManager$16.class]
10:20:58.652 [] [] [main] TRACE o.s.d.r.c.RepositoryComponentProvider - Scanning URL [jar:file:/D:/devtool/repository/Maven/Maven3.2.2/local/repo/com/yonyou/iuap/iuap-auth/3.0.0-RELEASE/iuap-auth-3.0.0-RELEASE.jar!/com/yonyou/iuap/auth/session/SessionManager$17.class]
10:20:58.652 [] [] [main] TRACE o.s.d.r.c.RepositoryComponentProvider - Ignored because not matching any filter: URL [jar:file:/D:/devtool/repository/Maven/Maven3.2.2/local/repo/com/yonyou/iuap/iuap-auth/3.0.0-RELEASE/iuap-auth-3.0.0-RELEASE.jar!/com/yonyou/iuap/auth/session/SessionManager$17.class]
10:20:58.652 [] [] [main] TRACE o.s.d.r.c.RepositoryComponentProvider - Scanning URL [jar:file:/D:/devtool/repository/Maven/Maven3.2.2/local/repo/com/yonyou/iuap/iuap-auth/3.0.0-RELEASE/iuap-auth-3.0.0-RELEASE.jar!/com/yonyou/iuap/auth/session/SessionManager$2.class]
10:20:58.652 [] [] [main] TRACE o.s.d.r.c.RepositoryComponentProvider - Ignored because not matching any filter: URL [jar:file:/D:/devtool/repository/Maven/Maven3.2.2/local/repo/com/yonyou/iuap/iuap-auth/3.0.0-RELEASE/iuap-auth-3.0.0-RELEASE.jar!/com/yonyou/iuap/auth/session/SessionManager$2.class]
10:20:58.652 [] [] [main] TRACE o.s.d.r.c.RepositoryComponentProvider - Scanning URL [jar:file:/D:/devtool/repository/Maven/Maven3.2.2/local/repo/com/yonyou/iuap/iuap-auth/3.0.0-RELEASE/iuap-auth-3.0.0-RELEASE.jar!/com/yonyou/iuap/auth/session/SessionManager$3.class]
10:20:58.653 [] [] [main] TRACE o.s.d.r.c.RepositoryComponentProvider - Ignored because not matching any filter: URL [jar:file:/D:/devtool/repository/Maven/Maven3.2.2/local/repo/com/yonyou/iuap/iuap-auth/3.0.0-RELEASE/iuap-auth-3.0.0-RELEASE.jar!/com/yonyou/iuap/auth/session/SessionManager$3.class]
10:20:58.653 [] [] [main] TRACE o.s.d.r.c.RepositoryComponentProvider - Scanning URL [jar:file:/D:/devtool/repository/Maven/Maven3.2.2/local/repo/com/yonyou/iuap/iuap-auth/3.0.0-RELEASE/iuap-auth-3.0.0-RELEASE.jar!/com/yonyou/iuap/auth/session/SessionManager$4.class]
10:20:58.653 [] [] [main] TRACE o.s.d.r.c.RepositoryComponentProvider - Ignored because not matching any filter: URL [jar:file:/D:/devtool/repository/Maven/Maven3.2.2/local/repo/com/yonyou/iuap/iuap-auth/3.0.0-RELEASE/iuap-auth-3.0.0-RELEASE.jar!/com/yonyou/iuap/auth/session/SessionManager$4.class]
10:20:58.653 [] [] [main] TRACE o.s.d.r.c.RepositoryComponentProvider - Scanning URL [jar:file:/D:/devtool/repository/Maven/Maven3.2.2/local/repo/com/yonyou/iuap/iuap-auth/3.0.0-RELEASE/iuap-auth-3.0.0-RELEASE.jar!/com/yonyou/iuap/auth/session/SessionManager$5.class]
10:20:58.653 [] [] [main] TRACE o.s.d.r.c.RepositoryComponentProvider - Ignored because not matching any filter: URL [jar:file:/D:/devtool/repository/Maven/Maven3.2.2/local/repo/com/yonyou/iuap/iuap-auth/3.0.0-RELEASE/iuap-auth-3.0.0-RELEASE.jar!/com/yonyou/iuap/auth/session/SessionManager$5.class]
10:20:58.653 [] [] [main] TRACE o.s.d.r.c.RepositoryComponentProvider - Scanning URL [jar:file:/D:/devtool/repository/Maven/Maven3.2.2/local/repo/com/yonyou/iuap/iuap-auth/3.0.0-RELEASE/iuap-auth-3.0.0-RELEASE.jar!/com/yonyou/iuap/auth/session/SessionManager$6.class]
10:20:58.653 [] [] [main] TRACE o.s.d.r.c.RepositoryComponentProvider - Ignored because not matching any filter: URL [jar:file:/D:/devtool/repository/Maven/Maven3.2.2/local/repo/com/yonyou/iuap/iuap-auth/3.0.0-RELEASE/iuap-auth-3.0.0-RELEASE.jar!/com/yonyou/iuap/auth/session/SessionManager$6.class]
10:20:58.653 [] [] [main] TRACE o.s.d.r.c.RepositoryComponentProvider - Scanning URL [jar:file:/D:/devtool/repository/Maven/Maven3.2.2/local/repo/com/yonyou/iuap/iuap-auth/3.0.0-RELEASE/iuap-auth-3.0.0-RELEASE.jar!/com/yonyou/iuap/auth/session/SessionManager$7.class]
10:20:58.654 [] [] [main] TRACE o.s.d.r.c.RepositoryComponentProvider - Ignored because not matching any filter: URL [jar:file:/D:/devtool/repository/Maven/Maven3.2.2/local/repo/com/yonyou/iuap/iuap-auth/3.0.0-RELEASE/iuap-auth-3.0.0-RELEASE.jar!/com/yonyou/iuap/auth/session/SessionManager$7.class]
10:20:58.654 [] [] [main] TRACE o.s.d.r.c.RepositoryComponentProvider - Scanning URL [jar:file:/D:/devtool/repository/Maven/Maven3.2.2/local/repo/com/yonyou/iuap/iuap-auth/3.0.0-RELEASE/iuap-auth-3.0.0-RELEASE.jar!/com/yonyou/iuap/auth/session/SessionManager$8.class]
10:20:58.654 [] [] [main] TRACE o.s.d.r.c.RepositoryComponentProvider - Ignored because not matching any filter: URL [jar:file:/D:/devtool/repository/Maven/Maven3.2.2/local/repo/com/yonyou/iuap/iuap-auth/3.0.0-RELEASE/iuap-auth-3.0.0-RELEASE.jar!/com/yonyou/iuap/auth/session/SessionManager$8.class]
10:20:58.654 [] [] [main] TRACE o.s.d.r.c.RepositoryComponentProvider - Scanning URL [jar:file:/D:/devtool/repository/Maven/Maven3.2.2/local/repo/com/yonyou/iuap/iuap-auth/3.0.0-RELEASE/iuap-auth-3.0.0-RELEASE.jar!/com/yonyou/iuap/auth/session/SessionManager$9.class]
10:20:58.654 [] [] [main] TRACE o.s.d.r.c.RepositoryComponentProvider - Ignored because not matching any filter: URL [jar:file:/D:/devtool/repository/Maven/Maven3.2.2/local/repo/com/yonyou/iuap/iuap-auth/3.0.0-RELEASE/iuap-auth-3.0.0-RELEASE.jar!/com/yonyou/iuap/auth/session/SessionManager$9.class]
10:20:58.654 [] [] [main] TRACE o.s.d.r.c.RepositoryComponentProvider - Scanning URL [jar:file:/D:/devtool/repository/Maven/Maven3.2.2/local/repo/com/yonyou/iuap/iuap-auth/3.0.0-RELEASE/iuap-auth-3.0.0-RELEASE.jar!/com/yonyou/iuap/auth/session/SessionManager.class]
10:20:58.655 [] [] [main] TRACE o.s.d.r.c.RepositoryComponentProvider - Ignored because not matching any filter: URL [jar:file:/D:/devtool/repository/Maven/Maven3.2.2/local/repo/com/yonyou/iuap/iuap-auth/3.0.0-RELEASE/iuap-auth-3.0.0-RELEASE.jar!/com/yonyou/iuap/auth/session/SessionManager.class]
10:20:58.655 [] [] [main] TRACE o.s.d.r.c.RepositoryComponentProvider - Scanning URL [jar:file:/D:/devtool/repository/Maven/Maven3.2.2/local/repo/com/yonyou/iuap/iuap-auth/3.0.0-RELEASE/iuap-auth-3.0.0-RELEASE.jar!/com/yonyou/iuap/auth/shiro/AuthConstants.class]
10:20:58.655 [] [] [main] TRACE o.s.d.r.c.RepositoryComponentProvider - Ignored because not matching any filter: URL [jar:file:/D:/devtool/repository/Maven/Maven3.2.2/local/repo/com/yonyou/iuap/iuap-auth/3.0.0-RELEASE/iuap-auth-3.0.0-RELEASE.jar!/com/yonyou/iuap/auth/shiro/AuthConstants.class]
10:20:58.655 [] [] [main] TRACE o.s.d.r.c.RepositoryComponentProvider - Scanning URL [jar:file:/D:/devtool/repository/Maven/Maven3.2.2/local/repo/com/yonyou/iuap/iuap-auth/3.0.0-RELEASE/iuap-auth-3.0.0-RELEASE.jar!/com/yonyou/iuap/auth/shiro/ExtendAuthFilter.class]
10:20:58.658 [] [] [main] TRACE o.s.d.r.c.RepositoryComponentProvider - Ignored because not matching any filter: URL [jar:file:/D:/devtool/repository/Maven/Maven3.2.2/local/repo/com/yonyou/iuap/iuap-auth/3.0.0-RELEASE/iuap-auth-3.0.0-RELEASE.jar!/com/yonyou/iuap/auth/shiro/ExtendAuthFilter.class]
10:20:58.659 [] [] [main] TRACE o.s.d.r.c.RepositoryComponentProvider - Scanning URL [jar:file:/D:/devtool/repository/Maven/Maven3.2.2/local/repo/com/yonyou/iuap/iuap-auth/3.0.0-RELEASE/iuap-auth-3.0.0-RELEASE.jar!/com/yonyou/iuap/auth/shiro/LogoutFilter.class]
10:20:58.661 [] [] [main] TRACE o.s.d.r.c.RepositoryComponentProvider - Ignored because not matching any filter: URL [jar:file:/D:/devtool/repository/Maven/Maven3.2.2/local/repo/com/yonyou/iuap/iuap-auth/3.0.0-RELEASE/iuap-auth-3.0.0-RELEASE.jar!/com/yonyou/iuap/auth/shiro/LogoutFilter.class]
10:20:58.662 [] [] [main] TRACE o.s.d.r.c.RepositoryComponentProvider - Scanning URL [jar:file:/D:/devtool/repository/Maven/Maven3.2.2/local/repo/com/yonyou/iuap/iuap-auth/3.0.0-RELEASE/iuap-auth-3.0.0-RELEASE.jar!/com/yonyou/iuap/auth/shiro/StatelessAuthcFilter.class]
10:20:58.662 [] [] [main] TRACE o.s.d.r.c.RepositoryComponentProvider - Ignored because not matching any filter: URL [jar:file:/D:/devtool/repository/Maven/Maven3.2.2/local/repo/com/yonyou/iuap/iuap-auth/3.0.0-RELEASE/iuap-auth-3.0.0-RELEASE.jar!/com/yonyou/iuap/auth/shiro/StatelessAuthcFilter.class]
10:20:58.662 [] [] [main] TRACE o.s.d.r.c.RepositoryComponentProvider - Scanning URL [jar:file:/D:/devtool/repository/Maven/Maven3.2.2/local/repo/com/yonyou/iuap/iuap-auth/3.0.0-RELEASE/iuap-auth-3.0.0-RELEASE.jar!/com/yonyou/iuap/auth/shiro/StatelessDefaultSubjectFactory.class]
10:20:58.664 [] [] [main] TRACE o.s.d.r.c.RepositoryComponentProvider - Ignored because not matching any filter: URL [jar:file:/D:/devtool/repository/Maven/Maven3.2.2/local/repo/com/yonyou/iuap/iuap-auth/3.0.0-RELEASE/iuap-auth-3.0.0-RELEASE.jar!/com/yonyou/iuap/auth/shiro/StatelessDefaultSubjectFactory.class]
10:20:58.664 [] [] [main] TRACE o.s.d.r.c.RepositoryComponentProvider - Scanning URL [jar:file:/D:/devtool/repository/Maven/Maven3.2.2/local/repo/com/yonyou/iuap/iuap-auth/3.0.0-RELEASE/iuap-auth-3.0.0-RELEASE.jar!/com/yonyou/iuap/auth/shiro/StatelessLogoutFilter.class]
10:20:58.664 [] [] [main] TRACE o.s.d.r.c.RepositoryComponentProvider - Ignored because not matching any filter: URL [jar:file:/D:/devtool/repository/Maven/Maven3.2.2/local/repo/com/yonyou/iuap/iuap-auth/3.0.0-RELEASE/iuap-auth-3.0.0-RELEASE.jar!/com/yonyou/iuap/auth/shiro/StatelessLogoutFilter.class]
10:20:58.664 [] [] [main] TRACE o.s.d.r.c.RepositoryComponentProvider - Scanning URL [jar:file:/D:/devtool/repository/Maven/Maven3.2.2/local/repo/com/yonyou/iuap/iuap-auth/3.0.0-RELEASE/iuap-auth-3.0.0-RELEASE.jar!/com/yonyou/iuap/auth/shiro/StatelessRealm.class]
10:20:58.667 [] [] [main] TRACE o.s.d.r.c.RepositoryComponentProvider - Ignored because not matching any filter: URL [jar:file:/D:/devtool/repository/Maven/Maven3.2.2/local/repo/com/yonyou/iuap/iuap-auth/3.0.0-RELEASE/iuap-auth-3.0.0-RELEASE.jar!/com/yonyou/iuap/auth/shiro/StatelessRealm.class]
10:20:58.667 [] [] [main] TRACE o.s.d.r.c.RepositoryComponentProvider - Scanning URL [jar:file:/D:/devtool/repository/Maven/Maven3.2.2/local/repo/com/yonyou/iuap/iuap-auth/3.0.0-RELEASE/iuap-auth-3.0.0-RELEASE.jar!/com/yonyou/iuap/auth/shiro/StatelessToken.class]
10:20:58.667 [] [] [main] TRACE o.s.d.r.c.RepositoryComponentProvider - Ignored because not matching any filter: URL [jar:file:/D:/devtool/repository/Maven/Maven3.2.2/local/repo/com/yonyou/iuap/iuap-auth/3.0.0-RELEASE/iuap-auth-3.0.0-RELEASE.jar!/com/yonyou/iuap/auth/shiro/StatelessToken.class]
10:20:58.667 [] [] [main] TRACE o.s.d.r.c.RepositoryComponentProvider - Scanning URL [jar:file:/D:/devtool/repository/Maven/Maven3.2.2/local/repo/com/yonyou/iuap/iuap-auth/3.0.0-RELEASE/iuap-auth-3.0.0-RELEASE.jar!/com/yonyou/iuap/auth/token/DefaultTokenPorcessor.class]
10:20:58.668 [] [] [main] TRACE o.s.d.r.c.RepositoryComponentProvider - Ignored because not matching any filter: URL [jar:file:/D:/devtool/repository/Maven/Maven3.2.2/local/repo/com/yonyou/iuap/iuap-auth/3.0.0-RELEASE/iuap-auth-3.0.0-RELEASE.jar!/com/yonyou/iuap/auth/token/DefaultTokenPorcessor.class]
10:20:58.668 [] [] [main] TRACE o.s.d.r.c.RepositoryComponentProvider - Scanning URL [jar:file:/D:/devtool/repository/Maven/Maven3.2.2/local/repo/com/yonyou/iuap/iuap-auth/3.0.0-RELEASE/iuap-auth-3.0.0-RELEASE.jar!/com/yonyou/iuap/auth/token/ITokenProcessor.class]
10:20:58.668 [] [] [main] TRACE o.s.d.r.c.RepositoryComponentProvider - Ignored because not matching any filter: URL [jar:file:/D:/devtool/repository/Maven/Maven3.2.2/local/repo/com/yonyou/iuap/iuap-auth/3.0.0-RELEASE/iuap-auth-3.0.0-RELEASE.jar!/com/yonyou/iuap/auth/token/ITokenProcessor.class]
10:20:58.668 [] [] [main] TRACE o.s.d.r.c.RepositoryComponentProvider - Scanning URL [jar:file:/D:/devtool/repository/Maven/Maven3.2.2/local/repo/com/yonyou/iuap/iuap-auth/3.0.0-RELEASE/iuap-auth-3.0.0-RELEASE.jar!/com/yonyou/iuap/auth/token/TokenFactory.class]
10:20:58.668 [] [] [main] TRACE o.s.d.r.c.RepositoryComponentProvider - Ignored because not matching any filter: URL [jar:file:/D:/devtool/repository/Maven/Maven3.2.2/local/repo/com/yonyou/iuap/iuap-auth/3.0.0-RELEASE/iuap-auth-3.0.0-RELEASE.jar!/com/yonyou/iuap/auth/token/TokenFactory.class]
10:20:58.668 [] [] [main] TRACE o.s.d.r.c.RepositoryComponentProvider - Scanning URL [jar:file:/D:/devtool/repository/Maven/Maven3.2.2/local/repo/com/yonyou/iuap/iuap-auth/3.0.0-RELEASE/iuap-auth-3.0.0-RELEASE.jar!/com/yonyou/iuap/auth/token/TokenInfo.class]
10:20:58.668 [] [] [main] TRACE o.s.d.r.c.RepositoryComponentProvider - Ignored because not matching any filter: URL [jar:file:/D:/devtool/repository/Maven/Maven3.2.2/local/repo/com/yonyou/iuap/iuap-auth/3.0.0-RELEASE/iuap-auth-3.0.0-RELEASE.jar!/com/yonyou/iuap/auth/token/TokenInfo.class]
10:20:58.668 [] [] [main] TRACE o.s.d.r.c.RepositoryComponentProvider - Scanning URL [jar:file:/D:/devtool/repository/Maven/Maven3.2.2/local/repo/com/yonyou/iuap/iuap-auth/3.0.0-RELEASE/iuap-auth-3.0.0-RELEASE.jar!/com/yonyou/iuap/auth/token/TokenParameter.class]
10:20:58.669 [] [] [main] TRACE o.s.d.r.c.RepositoryComponentProvider - Ignored because not matching any filter: URL [jar:file:/D:/devtool/repository/Maven/Maven3.2.2/local/repo/com/yonyou/iuap/iuap-auth/3.0.0-RELEASE/iuap-auth-3.0.0-RELEASE.jar!/com/yonyou/iuap/auth/token/TokenParameter.class]
10:20:58.669 [] [] [main] TRACE o.s.d.r.c.RepositoryComponentProvider - Scanning URL [jar:file:/D:/devtool/repository/Maven/Maven3.2.2/local/repo/com/yonyou/iuap/iuap-persistence/3.0.0-RELEASE/iuap-persistence-3.0.0-RELEASE.jar!/com/yonyou/iuap/persistence/mybatis/anotation/MyBatisRepository.class]
10:20:58.669 [] [] [main] TRACE o.s.d.r.c.RepositoryComponentProvider - Ignored because not matching any filter: URL [jar:file:/D:/devtool/repository/Maven/Maven3.2.2/local/repo/com/yonyou/iuap/iuap-persistence/3.0.0-RELEASE/iuap-persistence-3.0.0-RELEASE.jar!/com/yonyou/iuap/persistence/mybatis/anotation/MyBatisRepository.class]
10:20:58.669 [] [] [main] TRACE o.s.d.r.c.RepositoryComponentProvider - Scanning URL [jar:file:/D:/devtool/repository/Maven/Maven3.2.2/local/repo/com/yonyou/iuap/iuap-persistence/3.0.0-RELEASE/iuap-persistence-3.0.0-RELEASE.jar!/com/yonyou/iuap/persistence/mybatis/mapper/PageMapper.class]
10:20:58.669 [] [] [main] TRACE o.s.d.r.c.RepositoryComponentProvider - Ignored because not matching any filter: URL [jar:file:/D:/devtool/repository/Maven/Maven3.2.2/local/repo/com/yonyou/iuap/iuap-persistence/3.0.0-RELEASE/iuap-persistence-3.0.0-RELEASE.jar!/com/yonyou/iuap/persistence/mybatis/mapper/PageMapper.class]
10:20:58.669 [] [] [main] TRACE o.s.d.r.c.RepositoryComponentProvider - Scanning URL [jar:file:/D:/devtool/repository/Maven/Maven3.2.2/local/repo/com/yonyou/iuap/iuap-oid/3.0.0-RELEASE/iuap-oid-3.0.0-RELEASE.jar!/com/yonyou/iuap/persistence/oid/DefaultIdProvider.class]
10:20:58.670 [] [] [main] TRACE o.s.d.r.c.RepositoryComponentProvider - Ignored because not matching any filter: URL [jar:file:/D:/devtool/repository/Maven/Maven3.2.2/local/repo/com/yonyou/iuap/iuap-oid/3.0.0-RELEASE/iuap-oid-3.0.0-RELEASE.jar!/com/yonyou/iuap/persistence/oid/DefaultIdProvider.class]
10:20:58.670 [] [] [main] TRACE o.s.d.r.c.RepositoryComponentProvider - Scanning URL [jar:file:/D:/devtool/repository/Maven/Maven3.2.2/local/repo/com/yonyou/iuap/iuap-oid/3.0.0-RELEASE/iuap-oid-3.0.0-RELEASE.jar!/com/yonyou/iuap/persistence/oid/IdProviderFactory.class]
10:20:58.670 [] [] [main] TRACE o.s.d.r.c.RepositoryComponentProvider - Ignored because not matching any filter: URL [jar:file:/D:/devtool/repository/Maven/Maven3.2.2/local/repo/com/yonyou/iuap/iuap-oid/3.0.0-RELEASE/iuap-oid-3.0.0-RELEASE.jar!/com/yonyou/iuap/persistence/oid/IdProviderFactory.class]
10:20:58.670 [] [] [main] TRACE o.s.d.r.c.RepositoryComponentProvider - Scanning URL [jar:file:/D:/devtool/repository/Maven/Maven3.2.2/local/repo/com/yonyou/iuap/iuap-oid/3.0.0-RELEASE/iuap-oid-3.0.0-RELEASE.jar!/com/yonyou/iuap/persistence/oid/IOidProvider.class]
10:20:58.670 [] [] [main] TRACE o.s.d.r.c.RepositoryComponentProvider - Ignored because not matching any filter: URL [jar:file:/D:/devtool/repository/Maven/Maven3.2.2/local/repo/com/yonyou/iuap/iuap-oid/3.0.0-RELEASE/iuap-oid-3.0.0-RELEASE.jar!/com/yonyou/iuap/persistence/oid/IOidProvider.class]
10:20:58.670 [] [] [main] TRACE o.s.d.r.c.RepositoryComponentProvider - Scanning URL [jar:file:/D:/devtool/repository/Maven/Maven3.2.2/local/repo/com/yonyou/iuap/iuap-oid/3.0.0-RELEASE/iuap-oid-3.0.0-RELEASE.jar!/com/yonyou/iuap/persistence/oid/RedisIdProvider.class]
10:20:58.671 [] [] [main] TRACE o.s.d.r.c.RepositoryComponentProvider - Ignored because not matching any filter: URL [jar:file:/D:/devtool/repository/Maven/Maven3.2.2/local/repo/com/yonyou/iuap/iuap-oid/3.0.0-RELEASE/iuap-oid-3.0.0-RELEASE.jar!/com/yonyou/iuap/persistence/oid/RedisIdProvider.class]
10:20:58.671 [] [] [main] TRACE o.s.d.r.c.RepositoryComponentProvider - Scanning URL [jar:file:/D:/devtool/repository/Maven/Maven3.2.2/local/repo/com/yonyou/iuap/iuap-oid/3.0.0-RELEASE/iuap-oid-3.0.0-RELEASE.jar!/com/yonyou/iuap/persistence/oid/SnowFlakeProvider.class]
10:20:58.671 [] [] [main] TRACE o.s.d.r.c.RepositoryComponentProvider - Ignored because not matching any filter: URL [jar:file:/D:/devtool/repository/Maven/Maven3.2.2/local/repo/com/yonyou/iuap/iuap-oid/3.0.0-RELEASE/iuap-oid-3.0.0-RELEASE.jar!/com/yonyou/iuap/persistence/oid/SnowFlakeProvider.class]
10:20:58.671 [] [] [main] TRACE o.s.d.r.c.RepositoryComponentProvider - Scanning URL [jar:file:/D:/devtool/repository/Maven/Maven3.2.2/local/repo/com/yonyou/iuap/iuap-oid/3.0.0-RELEASE/iuap-oid-3.0.0-RELEASE.jar!/com/yonyou/iuap/persistence/oid/UapIdProvider.class]
10:20:58.671 [] [] [main] TRACE o.s.d.r.c.RepositoryComponentProvider - Ignored because not matching any filter: URL [jar:file:/D:/devtool/repository/Maven/Maven3.2.2/local/repo/com/yonyou/iuap/iuap-oid/3.0.0-RELEASE/iuap-oid-3.0.0-RELEASE.jar!/com/yonyou/iuap/persistence/oid/UapIdProvider.class]
10:20:58.671 [] [] [main] TRACE o.s.d.r.c.RepositoryComponentProvider - Scanning URL [jar:file:/D:/devtool/repository/Maven/Maven3.2.2/local/repo/com/yonyou/iuap/iuap-oid/3.0.0-RELEASE/iuap-oid-3.0.0-RELEASE.jar!/com/yonyou/iuap/persistence/oid/UapOidAlgorithm.class]
10:20:58.671 [] [] [main] TRACE o.s.d.r.c.RepositoryComponentProvider - Ignored because not matching any filter: URL [jar:file:/D:/devtool/repository/Maven/Maven3.2.2/local/repo/com/yonyou/iuap/iuap-oid/3.0.0-RELEASE/iuap-oid-3.0.0-RELEASE.jar!/com/yonyou/iuap/persistence/oid/UapOidAlgorithm.class]
10:20:58.671 [] [] [main] TRACE o.s.d.r.c.RepositoryComponentProvider - Scanning URL [jar:file:/D:/devtool/repository/Maven/Maven3.2.2/local/repo/com/yonyou/iuap/iuap-oid/3.0.0-RELEASE/iuap-oid-3.0.0-RELEASE.jar!/com/yonyou/iuap/persistence/oid/UapOidGenerator$OidCounter.class]
10:20:58.672 [] [] [main] TRACE o.s.d.r.c.RepositoryComponentProvider - Ignored because not matching any filter: URL [jar:file:/D:/devtool/repository/Maven/Maven3.2.2/local/repo/com/yonyou/iuap/iuap-oid/3.0.0-RELEASE/iuap-oid-3.0.0-RELEASE.jar!/com/yonyou/iuap/persistence/oid/UapOidGenerator$OidCounter.class]
10:20:58.672 [] [] [main] TRACE o.s.d.r.c.RepositoryComponentProvider - Scanning URL [jar:file:/D:/devtool/repository/Maven/Maven3.2.2/local/repo/com/yonyou/iuap/iuap-oid/3.0.0-RELEASE/iuap-oid-3.0.0-RELEASE.jar!/com/yonyou/iuap/persistence/oid/UapOidGenerator.class]
10:20:58.672 [] [] [main] TRACE o.s.d.r.c.RepositoryComponentProvider - Ignored because not matching any filter: URL [jar:file:/D:/devtool/repository/Maven/Maven3.2.2/local/repo/com/yonyou/iuap/iuap-oid/3.0.0-RELEASE/iuap-oid-3.0.0-RELEASE.jar!/com/yonyou/iuap/persistence/oid/UapOidGenerator.class]
10:20:58.672 [] [] [main] TRACE o.s.d.r.c.RepositoryComponentProvider - Scanning URL [jar:file:/D:/devtool/repository/Maven/Maven3.2.2/local/repo/com/yonyou/iuap/iuap-oid/3.0.0-RELEASE/iuap-oid-3.0.0-RELEASE.jar!/com/yonyou/iuap/persistence/oid/UapOidJdbcService.class]
10:20:58.672 [] [] [main] TRACE o.s.d.r.c.RepositoryComponentProvider - Ignored because not matching any filter: URL [jar:file:/D:/devtool/repository/Maven/Maven3.2.2/local/repo/com/yonyou/iuap/iuap-oid/3.0.0-RELEASE/iuap-oid-3.0.0-RELEASE.jar!/com/yonyou/iuap/persistence/oid/UapOidJdbcService.class]
10:20:58.672 [] [] [main] TRACE o.s.d.r.c.RepositoryComponentProvider - Scanning URL [jar:file:/D:/devtool/repository/Maven/Maven3.2.2/local/repo/com/yonyou/iuap/iuap-oid/3.0.0-RELEASE/iuap-oid-3.0.0-RELEASE.jar!/com/yonyou/iuap/persistence/utils/IDGenerator.class]
10:20:58.673 [] [] [main] TRACE o.s.d.r.c.RepositoryComponentProvider - Ignored because not matching any filter: URL [jar:file:/D:/devtool/repository/Maven/Maven3.2.2/local/repo/com/yonyou/iuap/iuap-oid/3.0.0-RELEASE/iuap-oid-3.0.0-RELEASE.jar!/com/yonyou/iuap/persistence/utils/IDGenerator.class]
10:20:58.675 [] [] [main] DEBUG o.s.core.env.StandardEnvironment - Adding [systemProperties] PropertySource with lowest search precedence
10:20:58.675 [] [] [main] DEBUG o.s.core.env.StandardEnvironment - Adding [systemEnvironment] PropertySource with lowest search precedence
10:20:58.675 [] [] [main] DEBUG o.s.core.env.StandardEnvironment - Initialized StandardEnvironment with PropertySources [systemProperties,systemEnvironment]
10:20:58.676 [] [] [main] DEBUG o.s.c.i.s.PathMatchingResourcePatternResolver - Looking for matching resources in directory tree [D:\DevTool\workspace\activiti\portal\target\classes\com\yonyou\iuap]
10:20:58.677 [] [] [main] DEBUG o.s.c.i.s.PathMatchingResourcePatternResolver - Searching directory [D:\DevTool\workspace\activiti\portal\target\classes\com\yonyou\iuap] for files matching pattern [D:/DevTool/workspace/activiti/portal/target/classes/com/yonyou/iuap/**/*GoodJpaDemoDaoImpl.class]
10:20:58.677 [] [] [main] DEBUG o.s.c.i.s.PathMatchingResourcePatternResolver - Searching directory [D:\DevTool\workspace\activiti\portal\target\classes\com\yonyou\iuap\example] for files matching pattern [D:/DevTool/workspace/activiti/portal/target/classes/com/yonyou/iuap/**/*GoodJpaDemoDaoImpl.class]
10:20:58.677 [] [] [main] DEBUG o.s.c.i.s.PathMatchingResourcePatternResolver - Searching directory [D:\DevTool\workspace\activiti\portal\target\classes\com\yonyou\iuap\example\entity] for files matching pattern [D:/DevTool/workspace/activiti/portal/target/classes/com/yonyou/iuap/**/*GoodJpaDemoDaoImpl.class]
10:20:58.677 [] [] [main] DEBUG o.s.c.i.s.PathMatchingResourcePatternResolver - Searching directory [D:\DevTool\workspace\activiti\portal\target\classes\com\yonyou\iuap\example\repository] for files matching pattern [D:/DevTool/workspace/activiti/portal/target/classes/com/yonyou/iuap/**/*GoodJpaDemoDaoImpl.class]
10:20:58.677 [] [] [main] DEBUG o.s.c.i.s.PathMatchingResourcePatternResolver - Searching directory [D:\DevTool\workspace\activiti\portal\target\classes\com\yonyou\iuap\example\service] for files matching pattern [D:/DevTool/workspace/activiti/portal/target/classes/com/yonyou/iuap/**/*GoodJpaDemoDaoImpl.class]
10:20:58.678 [] [] [main] DEBUG o.s.c.i.s.PathMatchingResourcePatternResolver - Searching directory [D:\DevTool\workspace\activiti\portal\target\classes\com\yonyou\iuap\example\web] for files matching pattern [D:/DevTool/workspace/activiti/portal/target/classes/com/yonyou/iuap/**/*GoodJpaDemoDaoImpl.class]
10:20:58.678 [] [] [main] DEBUG o.s.c.i.s.PathMatchingResourcePatternResolver - Searching directory [D:\DevTool\workspace\activiti\portal\target\classes\com\yonyou\iuap\system] for files matching pattern [D:/DevTool/workspace/activiti/portal/target/classes/com/yonyou/iuap/**/*GoodJpaDemoDaoImpl.class]
10:20:58.678 [] [] [main] DEBUG o.s.c.i.s.PathMatchingResourcePatternResolver - Searching directory [D:\DevTool\workspace\activiti\portal\target\classes\com\yonyou\iuap\system\entity] for files matching pattern [D:/DevTool/workspace/activiti/portal/target/classes/com/yonyou/iuap/**/*GoodJpaDemoDaoImpl.class]
10:20:58.678 [] [] [main] DEBUG o.s.c.i.s.PathMatchingResourcePatternResolver - Searching directory [D:\DevTool\workspace\activiti\portal\target\classes\com\yonyou\iuap\system\repository] for files matching pattern [D:/DevTool/workspace/activiti/portal/target/classes/com/yonyou/iuap/**/*GoodJpaDemoDaoImpl.class]
10:20:58.678 [] [] [main] DEBUG o.s.c.i.s.PathMatchingResourcePatternResolver - Searching directory [D:\DevTool\workspace\activiti\portal\target\classes\com\yonyou\iuap\system\service] for files matching pattern [D:/DevTool/workspace/activiti/portal/target/classes/com/yonyou/iuap/**/*GoodJpaDemoDaoImpl.class]
10:20:58.678 [] [] [main] DEBUG o.s.c.i.s.PathMatchingResourcePatternResolver - Searching directory [D:\DevTool\workspace\activiti\portal\target\classes\com\yonyou\iuap\system\web] for files matching pattern [D:/DevTool/workspace/activiti/portal/target/classes/com/yonyou/iuap/**/*GoodJpaDemoDaoImpl.class]
10:20:58.679 [] [] [main] DEBUG o.s.c.i.s.PathMatchingResourcePatternResolver - Searching directory [D:\DevTool\workspace\activiti\portal\target\classes\com\yonyou\iuap\system\web\account] for files matching pattern [D:/DevTool/workspace/activiti/portal/target/classes/com/yonyou/iuap/**/*GoodJpaDemoDaoImpl.class]
10:20:58.679 [] [] [main] DEBUG o.s.c.i.s.PathMatchingResourcePatternResolver - Searching directory [D:\DevTool\workspace\activiti\portal\target\classes\com\yonyou\iuap\system\web\index] for files matching pattern [D:/DevTool/workspace/activiti/portal/target/classes/com/yonyou/iuap/**/*GoodJpaDemoDaoImpl.class]
10:20:58.679 [] [] [main] DEBUG o.s.c.i.s.PathMatchingResourcePatternResolver - Searching directory [D:\DevTool\workspace\activiti\portal\target\classes\com\yonyou\iuap\system\web\login] for files matching pattern [D:/DevTool/workspace/activiti/portal/target/classes/com/yonyou/iuap/**/*GoodJpaDemoDaoImpl.class]
10:20:58.679 [] [] [main] DEBUG o.s.c.i.s.PathMatchingResourcePatternResolver - Looking for matching resources in jar file [file:/D:/devtool/repository/Maven/Maven3.2.2/local/repo/com/yonyou/iuap/iuap-jdbc/3.0.0-RELEASE/iuap-jdbc-3.0.0-RELEASE.jar]
10:20:58.680 [] [] [main] DEBUG o.s.c.i.s.PathMatchingResourcePatternResolver - Looking for matching resources in jar file [file:/D:/devtool/repository/Maven/Maven3.2.2/local/repo/com/yonyou/iuap/iuap-generic/3.0.0-RELEASE/iuap-generic-3.0.0-RELEASE.jar]
10:20:58.680 [] [] [main] DEBUG o.s.c.i.s.PathMatchingResourcePatternResolver - Looking for matching resources in jar file [file:/D:/devtool/repository/Maven/Maven3.2.2/local/repo/com/yonyou/iuap/iuap-cache/3.0.0-RELEASE/iuap-cache-3.0.0-RELEASE.jar]
10:20:58.681 [] [] [main] DEBUG o.s.c.i.s.PathMatchingResourcePatternResolver - Looking for matching resources in jar file [file:/D:/devtool/repository/Maven/Maven3.2.2/local/repo/com/yonyou/iuap/iuap-log/3.0.0-RELEASE/iuap-log-3.0.0-RELEASE.jar]
10:20:58.681 [] [] [main] DEBUG o.s.c.i.s.PathMatchingResourcePatternResolver - Looking for matching resources in jar file [file:/D:/devtool/repository/Maven/Maven3.2.2/local/repo/com/yonyou/iuap/iuap-security/3.0.0-RELEASE/iuap-security-3.0.0-RELEASE.jar]
10:20:58.681 [] [] [main] DEBUG o.s.c.i.s.PathMatchingResourcePatternResolver - Looking for matching resources in jar file [file:/D:/devtool/repository/Maven/Maven3.2.2/local/repo/com/yonyou/iuap/iuap-utils/3.0.0-RELEASE/iuap-utils-3.0.0-RELEASE.jar]
10:20:58.681 [] [] [main] DEBUG o.s.c.i.s.PathMatchingResourcePatternResolver - Looking for matching resources in jar file [file:/D:/devtool/repository/Maven/Maven3.2.2/local/repo/com/yonyou/iuap/iuap-auth/3.0.0-RELEASE/iuap-auth-3.0.0-RELEASE.jar]
10:20:58.682 [] [] [main] DEBUG o.s.c.i.s.PathMatchingResourcePatternResolver - Looking for matching resources in jar file [file:/D:/devtool/repository/Maven/Maven3.2.2/local/repo/com/yonyou/iuap/iuap-persistence/3.0.0-RELEASE/iuap-persistence-3.0.0-RELEASE.jar]
10:20:58.682 [] [] [main] DEBUG o.s.c.i.s.PathMatchingResourcePatternResolver - Looking for matching resources in jar file [file:/D:/devtool/repository/Maven/Maven3.2.2/local/repo/com/yonyou/iuap/iuap-oid/3.0.0-RELEASE/iuap-oid-3.0.0-RELEASE.jar]
10:20:58.682 [] [] [main] DEBUG o.s.c.i.s.PathMatchingResourcePatternResolver - Resolved location pattern [classpath*:com/yonyou/iuap/**/*GoodJpaDemoDaoImpl.class] to resources []
10:20:58.687 [] [] [main] DEBUG o.s.d.r.c.RepositoryConfigurationDelegate - Spring Data Jpa - Registering repository: goodJpaDemoDao - Interface: com.yonyou.iuap.example.repository.GoodJpaDemoDao - Factory: org.springframework.data.jpa.repository.support.JpaRepositoryFactoryBean
10:20:58.689 [] [] [main] DEBUG o.s.core.env.StandardEnvironment - Adding [systemProperties] PropertySource with lowest search precedence
10:20:58.689 [] [] [main] DEBUG o.s.core.env.StandardEnvironment - Adding [systemEnvironment] PropertySource with lowest search precedence
10:20:58.689 [] [] [main] DEBUG o.s.core.env.StandardEnvironment - Initialized StandardEnvironment with PropertySources [systemProperties,systemEnvironment]
10:20:58.690 [] [] [main] DEBUG o.s.c.i.s.PathMatchingResourcePatternResolver - Looking for matching resources in directory tree [D:\DevTool\workspace\activiti\portal\target\classes\com\yonyou\iuap]
10:20:58.690 [] [] [main] DEBUG o.s.c.i.s.PathMatchingResourcePatternResolver - Searching directory [D:\DevTool\workspace\activiti\portal\target\classes\com\yonyou\iuap] for files matching pattern [D:/DevTool/workspace/activiti/portal/target/classes/com/yonyou/iuap/**/*MgrUserDaoImpl.class]
10:20:58.690 [] [] [main] DEBUG o.s.c.i.s.PathMatchingResourcePatternResolver - Searching directory [D:\DevTool\workspace\activiti\portal\target\classes\com\yonyou\iuap\example] for files matching pattern [D:/DevTool/workspace/activiti/portal/target/classes/com/yonyou/iuap/**/*MgrUserDaoImpl.class]
10:20:58.690 [] [] [main] DEBUG o.s.c.i.s.PathMatchingResourcePatternResolver - Searching directory [D:\DevTool\workspace\activiti\portal\target\classes\com\yonyou\iuap\example\entity] for files matching pattern [D:/DevTool/workspace/activiti/portal/target/classes/com/yonyou/iuap/**/*MgrUserDaoImpl.class]
10:20:58.691 [] [] [main] DEBUG o.s.c.i.s.PathMatchingResourcePatternResolver - Searching directory [D:\DevTool\workspace\activiti\portal\target\classes\com\yonyou\iuap\example\repository] for files matching pattern [D:/DevTool/workspace/activiti/portal/target/classes/com/yonyou/iuap/**/*MgrUserDaoImpl.class]
10:20:58.691 [] [] [main] DEBUG o.s.c.i.s.PathMatchingResourcePatternResolver - Searching directory [D:\DevTool\workspace\activiti\portal\target\classes\com\yonyou\iuap\example\service] for files matching pattern [D:/DevTool/workspace/activiti/portal/target/classes/com/yonyou/iuap/**/*MgrUserDaoImpl.class]
10:20:58.691 [] [] [main] DEBUG o.s.c.i.s.PathMatchingResourcePatternResolver - Searching directory [D:\DevTool\workspace\activiti\portal\target\classes\com\yonyou\iuap\example\web] for files matching pattern [D:/DevTool/workspace/activiti/portal/target/classes/com/yonyou/iuap/**/*MgrUserDaoImpl.class]
10:20:58.691 [] [] [main] DEBUG o.s.c.i.s.PathMatchingResourcePatternResolver - Searching directory [D:\DevTool\workspace\activiti\portal\target\classes\com\yonyou\iuap\system] for files matching pattern [D:/DevTool/workspace/activiti/portal/target/classes/com/yonyou/iuap/**/*MgrUserDaoImpl.class]
10:20:58.692 [] [] [main] DEBUG o.s.c.i.s.PathMatchingResourcePatternResolver - Searching directory [D:\DevTool\workspace\activiti\portal\target\classes\com\yonyou\iuap\system\entity] for files matching pattern [D:/DevTool/workspace/activiti/portal/target/classes/com/yonyou/iuap/**/*MgrUserDaoImpl.class]
10:20:58.692 [] [] [main] DEBUG o.s.c.i.s.PathMatchingResourcePatternResolver - Searching directory [D:\DevTool\workspace\activiti\portal\target\classes\com\yonyou\iuap\system\repository] for files matching pattern [D:/DevTool/workspace/activiti/portal/target/classes/com/yonyou/iuap/**/*MgrUserDaoImpl.class]
10:20:58.692 [] [] [main] DEBUG o.s.c.i.s.PathMatchingResourcePatternResolver - Searching directory [D:\DevTool\workspace\activiti\portal\target\classes\com\yonyou\iuap\system\service] for files matching pattern [D:/DevTool/workspace/activiti/portal/target/classes/com/yonyou/iuap/**/*MgrUserDaoImpl.class]
10:20:58.692 [] [] [main] DEBUG o.s.c.i.s.PathMatchingResourcePatternResolver - Searching directory [D:\DevTool\workspace\activiti\portal\target\classes\com\yonyou\iuap\system\web] for files matching pattern [D:/DevTool/workspace/activiti/portal/target/classes/com/yonyou/iuap/**/*MgrUserDaoImpl.class]
10:20:58.692 [] [] [main] DEBUG o.s.c.i.s.PathMatchingResourcePatternResolver - Searching directory [D:\DevTool\workspace\activiti\portal\target\classes\com\yonyou\iuap\system\web\account] for files matching pattern [D:/DevTool/workspace/activiti/portal/target/classes/com/yonyou/iuap/**/*MgrUserDaoImpl.class]
10:20:58.692 [] [] [main] DEBUG o.s.c.i.s.PathMatchingResourcePatternResolver - Searching directory [D:\DevTool\workspace\activiti\portal\target\classes\com\yonyou\iuap\system\web\index] for files matching pattern [D:/DevTool/workspace/activiti/portal/target/classes/com/yonyou/iuap/**/*MgrUserDaoImpl.class]
10:20:58.693 [] [] [main] DEBUG o.s.c.i.s.PathMatchingResourcePatternResolver - Searching directory [D:\DevTool\workspace\activiti\portal\target\classes\com\yonyou\iuap\system\web\login] for files matching pattern [D:/DevTool/workspace/activiti/portal/target/classes/com/yonyou/iuap/**/*MgrUserDaoImpl.class]
10:20:58.693 [] [] [main] DEBUG o.s.c.i.s.PathMatchingResourcePatternResolver - Looking for matching resources in jar file [file:/D:/devtool/repository/Maven/Maven3.2.2/local/repo/com/yonyou/iuap/iuap-jdbc/3.0.0-RELEASE/iuap-jdbc-3.0.0-RELEASE.jar]
10:20:58.694 [] [] [main] DEBUG o.s.c.i.s.PathMatchingResourcePatternResolver - Looking for matching resources in jar file [file:/D:/devtool/repository/Maven/Maven3.2.2/local/repo/com/yonyou/iuap/iuap-generic/3.0.0-RELEASE/iuap-generic-3.0.0-RELEASE.jar]
10:20:58.694 [] [] [main] DEBUG o.s.c.i.s.PathMatchingResourcePatternResolver - Looking for matching resources in jar file [file:/D:/devtool/repository/Maven/Maven3.2.2/local/repo/com/yonyou/iuap/iuap-cache/3.0.0-RELEASE/iuap-cache-3.0.0-RELEASE.jar]
10:20:58.694 [] [] [main] DEBUG o.s.c.i.s.PathMatchingResourcePatternResolver - Looking for matching resources in jar file [file:/D:/devtool/repository/Maven/Maven3.2.2/local/repo/com/yonyou/iuap/iuap-log/3.0.0-RELEASE/iuap-log-3.0.0-RELEASE.jar]
10:20:58.694 [] [] [main] DEBUG o.s.c.i.s.PathMatchingResourcePatternResolver - Looking for matching resources in jar file [file:/D:/devtool/repository/Maven/Maven3.2.2/local/repo/com/yonyou/iuap/iuap-security/3.0.0-RELEASE/iuap-security-3.0.0-RELEASE.jar]
10:20:58.695 [] [] [main] DEBUG o.s.c.i.s.PathMatchingResourcePatternResolver - Looking for matching resources in jar file [file:/D:/devtool/repository/Maven/Maven3.2.2/local/repo/com/yonyou/iuap/iuap-utils/3.0.0-RELEASE/iuap-utils-3.0.0-RELEASE.jar]
10:20:58.695 [] [] [main] DEBUG o.s.c.i.s.PathMatchingResourcePatternResolver - Looking for matching resources in jar file [file:/D:/devtool/repository/Maven/Maven3.2.2/local/repo/com/yonyou/iuap/iuap-auth/3.0.0-RELEASE/iuap-auth-3.0.0-RELEASE.jar]
10:20:58.695 [] [] [main] DEBUG o.s.c.i.s.PathMatchingResourcePatternResolver - Looking for matching resources in jar file [file:/D:/devtool/repository/Maven/Maven3.2.2/local/repo/com/yonyou/iuap/iuap-persistence/3.0.0-RELEASE/iuap-persistence-3.0.0-RELEASE.jar]
10:20:58.695 [] [] [main] DEBUG o.s.c.i.s.PathMatchingResourcePatternResolver - Looking for matching resources in jar file [file:/D:/devtool/repository/Maven/Maven3.2.2/local/repo/com/yonyou/iuap/iuap-oid/3.0.0-RELEASE/iuap-oid-3.0.0-RELEASE.jar]
10:20:58.696 [] [] [main] DEBUG o.s.c.i.s.PathMatchingResourcePatternResolver - Resolved location pattern [classpath*:com/yonyou/iuap/**/*MgrUserDaoImpl.class] to resources []
10:20:58.696 [] [] [main] DEBUG o.s.d.r.c.RepositoryConfigurationDelegate - Spring Data Jpa - Registering repository: mgrUserDao - Interface: com.yonyou.iuap.system.repository.MgrUserDao - Factory: org.springframework.data.jpa.repository.support.JpaRepositoryFactoryBean
10:20:58.711 [] [] [main] DEBUG o.s.b.f.xml.XmlBeanDefinitionReader - Loaded 28 bean definitions from location pattern [classpath:applicationContext-persistence.xml]
10:20:58.711 [] [] [main] INFO  o.s.b.f.xml.XmlBeanDefinitionReader - Loading XML bean definitions from class path resource [applicationContext-shiro.xml]
10:20:58.712 [] [] [main] DEBUG o.s.b.f.xml.DefaultDocumentLoader - Using JAXP provider [org.apache.xerces.jaxp.DocumentBuilderFactoryImpl]
10:20:58.713 [] [] [main] TRACE o.s.b.f.xml.PluggableSchemaResolver - Trying to resolve XML entity with public id [null] and system id [http://www.springframework.org/schema/beans/spring-beans.xsd]
10:20:58.714 [] [] [main] DEBUG o.s.b.f.xml.PluggableSchemaResolver - Found XML schema [http://www.springframework.org/schema/beans/spring-beans.xsd] in classpath: org/springframework/beans/factory/xml/spring-beans-4.0.xsd
10:20:58.721 [] [] [main] TRACE o.s.b.f.xml.PluggableSchemaResolver - Trying to resolve XML entity with public id [null] and system id [http://www.springframework.org/schema/util/spring-util.xsd]
10:20:58.721 [] [] [main] DEBUG o.s.b.f.xml.PluggableSchemaResolver - Found XML schema [http://www.springframework.org/schema/util/spring-util.xsd] in classpath: org/springframework/beans/factory/xml/spring-util-4.0.xsd
10:20:58.722 [] [] [main] TRACE o.s.b.f.xml.PluggableSchemaResolver - Trying to resolve XML entity with public id [null] and system id [http://www.springframework.org/schema/tool/spring-tool-4.0.xsd]
10:20:58.722 [] [] [main] DEBUG o.s.b.f.xml.PluggableSchemaResolver - Found XML schema [http://www.springframework.org/schema/tool/spring-tool-4.0.xsd] in classpath: org/springframework/beans/factory/xml/spring-tool-4.0.xsd
10:20:58.723 [] [] [main] DEBUG o.s.b.f.x.DefaultBeanDefinitionDocumentReader - Loading bean definitions
10:20:58.725 [] [] [main] DEBUG o.s.b.f.x.BeanDefinitionParserDelegate - Neither XML &apos;id&apos; nor &apos;name&apos; specified - using generated bean name [org.springframework.beans.factory.config.MethodInvokingFactoryBean#0]
10:20:58.728 [] [] [main] DEBUG o.s.b.f.x.BeanDefinitionParserDelegate - Using generated bean name [util:map#15e2a51] for nested custom element &apos;util:map&apos;
10:20:58.729 [] [] [main] DEBUG o.s.b.f.xml.XmlBeanDefinitionReader - Loaded 15 bean definitions from location pattern [classpath:applicationContext-shiro.xml]
10:20:58.729 [] [] [main] INFO  o.s.b.f.xml.XmlBeanDefinitionReader - Loading XML bean definitions from class path resource [applicationContext-dubbo-provider.xml]
10:20:58.749 [] [] [main] DEBUG o.s.b.f.xml.DefaultDocumentLoader - Using JAXP provider [org.apache.xerces.jaxp.DocumentBuilderFactoryImpl]
10:20:58.750 [] [] [main] TRACE o.s.b.f.xml.PluggableSchemaResolver - Trying to resolve XML entity with public id [null] and system id [http://www.springframework.org/schema/beans/spring-beans.xsd]
10:20:58.750 [] [] [main] DEBUG o.s.b.f.xml.PluggableSchemaResolver - Found XML schema [http://www.springframework.org/schema/beans/spring-beans.xsd] in classpath: org/springframework/beans/factory/xml/spring-beans-4.0.xsd
10:20:58.754 [] [] [main] TRACE o.s.b.f.xml.PluggableSchemaResolver - Trying to resolve XML entity with public id [null] and system id [http://code.alibabatech.com/schema/dubbo/dubbo.xsd]
10:20:58.754 [] [] [main] DEBUG o.s.b.f.xml.PluggableSchemaResolver - Found XML schema [http://code.alibabatech.com/schema/dubbo/dubbo.xsd] in classpath: META-INF/dubbo.xsd
10:20:58.758 [] [] [main] DEBUG o.s.b.f.x.DefaultBeanDefinitionDocumentReader - Loading bean definitions
10:20:58.784 [] [] [main] INFO  c.a.d.common.logger.LoggerFactory - using logger: com.alibaba.dubbo.common.logger.log4j.Log4jLoggerAdapter
10:20:58.801 [] [] [main] DEBUG o.s.b.f.xml.XmlBeanDefinitionReader - Loaded 4 bean definitions from location pattern [classpath:applicationContext-dubbo-provider.xml]
10:20:58.801 [] [] [main] INFO  o.s.b.f.xml.XmlBeanDefinitionReader - Loading XML bean definitions from class path resource [applicationContext-dubbo-consumer.xml]
10:20:58.816 [] [] [main] DEBUG o.s.b.f.xml.DefaultDocumentLoader - Using JAXP provider [org.apache.xerces.jaxp.DocumentBuilderFactoryImpl]
10:20:58.816 [] [] [main] TRACE o.s.b.f.xml.PluggableSchemaResolver - Trying to resolve XML entity with public id [null] and system id [http://www.springframework.org/schema/beans/spring-beans.xsd]
10:20:58.817 [] [] [main] DEBUG o.s.b.f.xml.PluggableSchemaResolver - Found XML schema [http://www.springframework.org/schema/beans/spring-beans.xsd] in classpath: org/springframework/beans/factory/xml/spring-beans-4.0.xsd
10:20:58.820 [] [] [main] TRACE o.s.b.f.xml.PluggableSchemaResolver - Trying to resolve XML entity with public id [null] and system id [http://code.alibabatech.com/schema/dubbo/dubbo.xsd]
10:20:58.820 [] [] [main] DEBUG o.s.b.f.xml.PluggableSchemaResolver - Found XML schema [http://code.alibabatech.com/schema/dubbo/dubbo.xsd] in classpath: META-INF/dubbo.xsd
10:20:58.824 [] [] [main] DEBUG o.s.b.f.x.DefaultBeanDefinitionDocumentReader - Loading bean definitions
10:20:58.831 [] [] [main] DEBUG o.s.b.f.xml.XmlBeanDefinitionReader - Loaded 3 bean definitions from location pattern [classpath:applicationContext-dubbo-consumer.xml]
10:20:58.831 [] [] [main] INFO  o.s.c.s.GenericApplicationContext - Refreshing org.springframework.context.support.GenericApplicationContext@1e42ee1: startup date [Wed Jun 20 10:20:58 CST 2018]; root of context hierarchy
10:20:58.831 [] [] [main] DEBUG o.s.c.s.GenericApplicationContext - Bean factory for org.springframework.context.support.GenericApplicationContext@1e42ee1: org.springframework.beans.factory.support.DefaultListableBeanFactory@62867c: defining beans [propertyConfigurer,goodJdbcDemoDao,goodJdbcDemoService,goodJpaDemoService,accountService,org.springframework.context.annotation.internalConfigurationAnnotationProcessor,org.springframework.context.annotation.internalAutowiredAnnotationProcessor,org.springframework.context.annotation.internalRequiredAnnotationProcessor,org.springframework.context.annotation.internalCommonAnnotationProcessor,org.springframework.context.annotation.internalPersistenceAnnotationProcessor,redisPool,jedisTemplate,cacheManager,entityManagerFactory,hibernateJpaVendorAdapter,org.springframework.data.jpa.repository.config.JpaRepositoryConfigExtension#0,org.springframework.data.repository.core.support.RepositoryInterfaceAwareBeanPostProcessor,org.springframework.data.jpa.repository.support.EntityManagerBeanDefinitionRegistrarPostProcessor#0,jpaMapppingContext,goodJpaDemoDao,mgrUserDao,transactionManager,org.springframework.aop.config.internalAutoProxyCreator,org.springframework.transaction.annotation.AnnotationTransactionAttributeSource#0,org.springframework.transaction.interceptor.TransactionInterceptor#0,org.springframework.transaction.config.internalTransactionAdvisor,validator,dataSource,logDataSource,crossdbDataSource,crossdbJdbcTemplate,baseDAO,dcmsDAO,dcmsLogDAO,IRmIdFactory,IRmRedisIdFactory,dbMetaInfo,jdbcTemplate,transactionManagerForJdbc,txAdvice,org.springframework.aop.support.DefaultBeanFactoryPointcutAdvisor#0,statelessRealm,SpringContextUtil,subjectFactory,webTokenProcessor,maTokenProcessor,tokenFactory,sessionManager,securityManager,org.springframework.beans.factory.config.MethodInvokingFactoryBean#0,statelessAuthcFilter,logout,shiroFilter,lifecycleBeanPostProcessor,sessionJedisPool,sessionMgr,${dubbo.provider.application.name},com.alibaba.dubbo.config.RegistryConfig,${dubbo.provider.protocol.name},com.alibaba.dubbo.config.MonitorConfig,com.alibaba.dubbo.config.RegistryConfig2,com.alibaba.dubbo.config.ConsumerConfig,iApiService]; root of factory hierarchy
10:20:58.874 [] [] [main] DEBUG o.s.b.f.s.DefaultListableBeanFactory - Creating shared instance of singleton bean &apos;org.springframework.context.annotation.internalConfigurationAnnotationProcessor&apos;
10:20:58.874 [] [] [main] DEBUG o.s.b.f.s.DefaultListableBeanFactory - Creating instance of bean &apos;org.springframework.context.annotation.internalConfigurationAnnotationProcessor&apos;
10:20:58.882 [] [] [main] DEBUG o.s.b.f.s.DefaultListableBeanFactory - Eagerly caching bean &apos;org.springframework.context.annotation.internalConfigurationAnnotationProcessor&apos; to allow for resolving potential circular references
10:20:58.883 [] [] [main] DEBUG o.s.b.f.s.DefaultListableBeanFactory - Finished creating instance of bean &apos;org.springframework.context.annotation.internalConfigurationAnnotationProcessor&apos;
10:20:58.920 [] [] [main] DEBUG o.s.b.f.s.DefaultListableBeanFactory - Creating shared instance of singleton bean &apos;propertyConfigurer&apos;
10:20:58.920 [] [] [main] DEBUG o.s.b.f.s.DefaultListableBeanFactory - Creating instance of bean &apos;propertyConfigurer&apos;
10:20:58.920 [] [] [main] DEBUG o.s.b.f.s.DefaultListableBeanFactory - Eagerly caching bean &apos;propertyConfigurer&apos; to allow for resolving potential circular references
10:20:58.929 [] [] [main] TRACE o.s.c.i.s.SpringFactoriesLoader - Loaded [org.springframework.beans.BeanInfoFactory] names: [org.springframework.beans.ExtendedBeanInfoFactory]
10:20:58.929 [] [] [main] TRACE o.s.beans.CachedIntrospectionResults - Getting BeanInfo for class [org.springframework.beans.factory.config.PropertyPlaceholderConfigurer]
10:20:58.933 [] [] [main] TRACE o.s.beans.CachedIntrospectionResults - Caching PropertyDescriptors for class [org.springframework.beans.factory.config.PropertyPlaceholderConfigurer]
10:20:58.934 [] [] [main] TRACE o.s.beans.CachedIntrospectionResults - Found bean property &apos;beanFactory&apos; of type [org.springframework.beans.factory.BeanFactory]
10:20:58.934 [] [] [main] TRACE o.s.beans.CachedIntrospectionResults - Found bean property &apos;beanName&apos; of type [java.lang.String]
10:20:58.934 [] [] [main] TRACE o.s.beans.CachedIntrospectionResults - Found bean property &apos;class&apos; of type [java.lang.Class]
10:20:58.934 [] [] [main] TRACE o.s.beans.CachedIntrospectionResults - Found bean property &apos;fileEncoding&apos; of type [java.lang.String]
10:20:58.934 [] [] [main] TRACE o.s.beans.CachedIntrospectionResults - Found bean property &apos;ignoreResourceNotFound&apos; of type [boolean]
10:20:58.934 [] [] [main] TRACE o.s.beans.CachedIntrospectionResults - Found bean property &apos;ignoreUnresolvablePlaceholders&apos; of type [boolean]
10:20:58.934 [] [] [main] TRACE o.s.beans.CachedIntrospectionResults - Found bean property &apos;localOverride&apos; of type [boolean]
10:20:58.934 [] [] [main] TRACE o.s.beans.CachedIntrospectionResults - Found bean property &apos;location&apos; of type [org.springframework.core.io.Resource]
10:20:58.934 [] [] [main] TRACE o.s.beans.CachedIntrospectionResults - Found bean property &apos;locations&apos; of type [[Lorg.springframework.core.io.Resource;]
10:20:58.934 [] [] [main] TRACE o.s.beans.CachedIntrospectionResults - Found bean property &apos;nullValue&apos; of type [java.lang.String]
10:20:58.934 [] [] [main] TRACE o.s.beans.CachedIntrospectionResults - Found bean property &apos;order&apos; of type [int]
10:20:58.934 [] [] [main] TRACE o.s.beans.CachedIntrospectionResults - Found bean property &apos;placeholderPrefix&apos; of type [java.lang.String]
10:20:58.934 [] [] [main] TRACE o.s.beans.CachedIntrospectionResults - Found bean property &apos;placeholderSuffix&apos; of type [java.lang.String]
10:20:58.934 [] [] [main] TRACE o.s.beans.CachedIntrospectionResults - Found bean property &apos;properties&apos; of type [java.util.Properties]
10:20:58.934 [] [] [main] TRACE o.s.beans.CachedIntrospectionResults - Found bean property &apos;propertiesArray&apos; of type [[Ljava.util.Properties;]
10:20:58.934 [] [] [main] TRACE o.s.beans.CachedIntrospectionResults - Found bean property &apos;propertiesPersister&apos; of type [org.springframework.util.PropertiesPersister]
10:20:58.934 [] [] [main] TRACE o.s.beans.CachedIntrospectionResults - Found bean property &apos;searchSystemEnvironment&apos; of type [boolean]
10:20:58.934 [] [] [main] TRACE o.s.beans.CachedIntrospectionResults - Found bean property &apos;systemPropertiesMode&apos; of type [int]
10:20:58.934 [] [] [main] TRACE o.s.beans.CachedIntrospectionResults - Found bean property &apos;systemPropertiesModeName&apos; of type [java.lang.String]
10:20:58.934 [] [] [main] TRACE o.s.beans.CachedIntrospectionResults - Found bean property &apos;valueSeparator&apos; of type [java.lang.String]
10:20:58.942 [] [] [main] TRACE o.s.beans.TypeConverterDelegate - Converting String to [int] using property editor [org.springframework.beans.propertyeditors.CustomNumberEditor@39570d]
10:20:58.944 [] [] [main] DEBUG o.s.b.f.s.DefaultListableBeanFactory - Finished creating instance of bean &apos;propertyConfigurer&apos;
10:20:58.944 [] [] [main] INFO  o.s.b.f.c.PropertyPlaceholderConfigurer - Loading properties file from class path resource [application.properties]
10:20:58.946 [] [] [main] TRACE o.s.util.PropertyPlaceholderHelper - Resolved placeholder &apos;redis.url&apos;
10:20:58.946 [] [] [main] TRACE o.s.util.PropertyPlaceholderHelper - Resolved placeholder &apos;jdbc.driver&apos;
10:20:58.946 [] [] [main] TRACE o.s.util.PropertyPlaceholderHelper - Resolved placeholder &apos;jdbc.url&apos;
10:20:58.946 [] [] [main] TRACE o.s.util.PropertyPlaceholderHelper - Resolved placeholder &apos;jdbc.username&apos;
10:20:58.946 [] [] [main] TRACE o.s.util.PropertyPlaceholderHelper - Resolved placeholder &apos;jdbc.password&apos;
10:20:58.946 [] [] [main] TRACE o.s.util.PropertyPlaceholderHelper - Resolved placeholder &apos;jdbc.pool.maxActive&apos;
10:20:58.946 [] [] [main] TRACE o.s.util.PropertyPlaceholderHelper - Resolved placeholder &apos;jdbc.pool.maxIdle&apos;
10:20:58.946 [] [] [main] TRACE o.s.util.PropertyPlaceholderHelper - Resolved placeholder &apos;jdbc.pool.maxWait&apos;
10:20:58.946 [] [] [main] TRACE o.s.util.PropertyPlaceholderHelper - Resolved placeholder &apos;jdbc.pool.minEvictableIdleTimeMillis&apos;
10:20:58.946 [] [] [main] TRACE o.s.util.PropertyPlaceholderHelper - Resolved placeholder &apos;jdbc.pool.removeAbandoned&apos;
10:20:58.946 [] [] [main] TRACE o.s.util.PropertyPlaceholderHelper - Resolved placeholder &apos;jdbc.pool.removeAbandonedTimeout&apos;
10:20:58.946 [] [] [main] TRACE o.s.util.PropertyPlaceholderHelper - Resolved placeholder &apos;jdbc.driver&apos;
10:20:58.946 [] [] [main] TRACE o.s.util.PropertyPlaceholderHelper - Resolved placeholder &apos;jdbc.url&apos;
10:20:58.946 [] [] [main] TRACE o.s.util.PropertyPlaceholderHelper - Resolved placeholder &apos;jdbc.username&apos;
10:20:58.946 [] [] [main] TRACE o.s.util.PropertyPlaceholderHelper - Resolved placeholder &apos;jdbc.password&apos;
10:20:58.946 [] [] [main] TRACE o.s.util.PropertyPlaceholderHelper - Resolved placeholder &apos;jdbc.pool.maxActive&apos;
10:20:58.947 [] [] [main] TRACE o.s.util.PropertyPlaceholderHelper - Resolved placeholder &apos;jdbc.pool.maxIdle&apos;
10:20:58.947 [] [] [main] TRACE o.s.util.PropertyPlaceholderHelper - Resolved placeholder &apos;jdbc.pool.maxWait&apos;
10:20:58.947 [] [] [main] TRACE o.s.util.PropertyPlaceholderHelper - Resolved placeholder &apos;jdbc.pool.minEvictableIdleTimeMillis&apos;
10:20:58.947 [] [] [main] TRACE o.s.util.PropertyPlaceholderHelper - Resolved placeholder &apos;jdbc.pool.removeAbandoned&apos;
10:20:58.947 [] [] [main] TRACE o.s.util.PropertyPlaceholderHelper - Resolved placeholder &apos;jdbc.pool.removeAbandonedTimeout&apos;
10:20:58.947 [] [] [main] TRACE o.s.util.PropertyPlaceholderHelper - Resolved placeholder &apos;sessionTimeout&apos;
10:20:58.947 [] [] [main] TRACE o.s.util.PropertyPlaceholderHelper - Resolved placeholder &apos;sysid&apos;
10:20:58.947 [] [] [main] TRACE o.s.util.PropertyPlaceholderHelper - Resolved placeholder &apos;redis.session.url&apos;
10:20:58.947 [] [] [main] TRACE o.s.util.PropertyPlaceholderHelper - Resolved placeholder &apos;sessionMutex&apos;
10:20:58.947 [] [] [main] TRACE o.s.util.PropertyPlaceholderHelper - Resolved placeholder &apos;dubbo.provider.application.name&apos;
10:20:58.948 [] [] [main] TRACE o.s.util.PropertyPlaceholderHelper - Resolved placeholder &apos;dubbo.provider.application.name&apos;
10:20:58.948 [] [] [main] TRACE o.s.util.PropertyPlaceholderHelper - Resolved placeholder &apos;dubbo.provider.registry.address&apos;
10:20:58.948 [] [] [main] TRACE o.s.util.PropertyPlaceholderHelper - Resolved placeholder &apos;dubbo.provider.protocol.name&apos;
10:20:58.948 [] [] [main] TRACE o.s.util.PropertyPlaceholderHelper - Resolved placeholder &apos;dubbo.provider.protocol.name&apos;
10:20:58.948 [] [] [main] TRACE o.s.util.PropertyPlaceholderHelper - Resolved placeholder &apos;dubbo.provider.protocol.port&apos;
10:20:58.948 [] [] [main] TRACE o.s.util.PropertyPlaceholderHelper - Resolved placeholder &apos;dubbo.provider.protocol.host&apos;
10:20:58.948 [] [] [main] TRACE o.s.util.PropertyPlaceholderHelper - Resolved placeholder &apos;dubbo.consumer.registry.address&apos;
10:20:58.948 [] [] [main] DEBUG o.s.b.f.s.DefaultListableBeanFactory - Creating shared instance of singleton bean &apos;org.springframework.data.jpa.repository.support.EntityManagerBeanDefinitionRegistrarPostProcessor#0&apos;
10:20:58.948 [] [] [main] DEBUG o.s.b.f.s.DefaultListableBeanFactory - Creating instance of bean &apos;org.springframework.data.jpa.repository.support.EntityManagerBeanDefinitionRegistrarPostProcessor#0&apos;
10:20:58.949 [] [] [main] DEBUG o.s.b.f.s.DefaultListableBeanFactory - Eagerly caching bean &apos;org.springframework.data.jpa.repository.support.EntityManagerBeanDefinitionRegistrarPostProcessor#0&apos; to allow for resolving potential circular references
10:20:58.949 [] [] [main] DEBUG o.s.b.f.s.DefaultListableBeanFactory - Finished creating instance of bean &apos;org.springframework.data.jpa.repository.support.EntityManagerBeanDefinitionRegistrarPostProcessor#0&apos;
10:20:58.954 [] [] [main] DEBUG o.s.b.f.s.DefaultListableBeanFactory - Creating shared instance of singleton bean &apos;org.springframework.context.annotation.internalAutowiredAnnotationProcessor&apos;
10:20:58.954 [] [] [main] DEBUG o.s.b.f.s.DefaultListableBeanFactory - Creating instance of bean &apos;org.springframework.context.annotation.internalAutowiredAnnotationProcessor&apos;
10:20:58.955 [] [] [main] DEBUG o.s.b.f.s.DefaultListableBeanFactory - Eagerly caching bean &apos;org.springframework.context.annotation.internalAutowiredAnnotationProcessor&apos; to allow for resolving potential circular references
10:20:58.955 [] [] [main] DEBUG o.s.b.f.s.DefaultListableBeanFactory - Finished creating instance of bean &apos;org.springframework.context.annotation.internalAutowiredAnnotationProcessor&apos;
10:20:58.955 [] [] [main] DEBUG o.s.b.f.s.DefaultListableBeanFactory - Creating shared instance of singleton bean &apos;org.springframework.context.annotation.internalRequiredAnnotationProcessor&apos;
10:20:58.955 [] [] [main] DEBUG o.s.b.f.s.DefaultListableBeanFactory - Creating instance of bean &apos;org.springframework.context.annotation.internalRequiredAnnotationProcessor&apos;
10:20:58.955 [] [] [main] DEBUG o.s.b.f.s.DefaultListableBeanFactory - Eagerly caching bean &apos;org.springframework.context.annotation.internalRequiredAnnotationProcessor&apos; to allow for resolving potential circular references
10:20:58.955 [] [] [main] DEBUG o.s.b.f.s.DefaultListableBeanFactory - Finished creating instance of bean &apos;org.springframework.context.annotation.internalRequiredAnnotationProcessor&apos;
10:20:58.955 [] [] [main] DEBUG o.s.b.f.s.DefaultListableBeanFactory - Creating shared instance of singleton bean &apos;org.springframework.context.annotation.internalCommonAnnotationProcessor&apos;
10:20:58.955 [] [] [main] DEBUG o.s.b.f.s.DefaultListableBeanFactory - Creating instance of bean &apos;org.springframework.context.annotation.internalCommonAnnotationProcessor&apos;
10:20:58.957 [] [] [main] DEBUG o.s.b.f.s.DefaultListableBeanFactory - Eagerly caching bean &apos;org.springframework.context.annotation.internalCommonAnnotationProcessor&apos; to allow for resolving potential circular references
10:20:58.958 [] [] [main] DEBUG o.s.b.f.s.DefaultListableBeanFactory - Finished creating instance of bean &apos;org.springframework.context.annotation.internalCommonAnnotationProcessor&apos;
10:20:58.958 [] [] [main] DEBUG o.s.b.f.s.DefaultListableBeanFactory - Creating shared instance of singleton bean &apos;org.springframework.context.annotation.internalPersistenceAnnotationProcessor&apos;
10:20:58.958 [] [] [main] DEBUG o.s.b.f.s.DefaultListableBeanFactory - Creating instance of bean &apos;org.springframework.context.annotation.internalPersistenceAnnotationProcessor&apos;
10:20:58.958 [] [] [main] DEBUG o.s.b.f.s.DefaultListableBeanFactory - Eagerly caching bean &apos;org.springframework.context.annotation.internalPersistenceAnnotationProcessor&apos; to allow for resolving potential circular references
10:20:58.958 [] [] [main] DEBUG o.s.b.f.s.DefaultListableBeanFactory - Finished creating instance of bean &apos;org.springframework.context.annotation.internalPersistenceAnnotationProcessor&apos;
10:20:58.958 [] [] [main] DEBUG o.s.b.f.s.DefaultListableBeanFactory - Creating shared instance of singleton bean &apos;org.springframework.data.repository.core.support.RepositoryInterfaceAwareBeanPostProcessor&apos;
10:20:58.958 [] [] [main] DEBUG o.s.b.f.s.DefaultListableBeanFactory - Creating instance of bean &apos;org.springframework.data.repository.core.support.RepositoryInterfaceAwareBeanPostProcessor&apos;
10:20:58.958 [] [] [main] DEBUG o.s.b.f.s.DefaultListableBeanFactory - Eagerly caching bean &apos;org.springframework.data.repository.core.support.RepositoryInterfaceAwareBeanPostProcessor&apos; to allow for resolving potential circular references
10:20:58.958 [] [] [main] DEBUG o.s.b.f.s.DefaultListableBeanFactory - Finished creating instance of bean &apos;org.springframework.data.repository.core.support.RepositoryInterfaceAwareBeanPostProcessor&apos;
10:20:58.958 [] [] [main] DEBUG o.s.b.f.s.DefaultListableBeanFactory - Creating shared instance of singleton bean &apos;lifecycleBeanPostProcessor&apos;
10:20:58.958 [] [] [main] DEBUG o.s.b.f.s.DefaultListableBeanFactory - Creating instance of bean &apos;lifecycleBeanPostProcessor&apos;
10:20:58.958 [] [] [main] DEBUG o.s.b.f.s.DefaultListableBeanFactory - Eagerly caching bean &apos;lifecycleBeanPostProcessor&apos; to allow for resolving potential circular references
10:20:58.958 [] [] [main] DEBUG o.s.b.f.s.DefaultListableBeanFactory - Finished creating instance of bean &apos;lifecycleBeanPostProcessor&apos;
10:20:58.958 [] [] [main] DEBUG o.s.b.f.s.DefaultListableBeanFactory - Creating shared instance of singleton bean &apos;org.springframework.context.annotation.ConfigurationClassPostProcessor.importAwareProcessor&apos;
10:20:58.959 [] [] [main] DEBUG o.s.b.f.s.DefaultListableBeanFactory - Creating instance of bean &apos;org.springframework.context.annotation.ConfigurationClassPostProcessor.importAwareProcessor&apos;
10:20:58.959 [] [] [main] DEBUG o.s.b.f.s.DefaultListableBeanFactory - Eagerly caching bean &apos;org.springframework.context.annotation.ConfigurationClassPostProcessor.importAwareProcessor&apos; to allow for resolving potential circular references
10:20:58.959 [] [] [main] DEBUG o.s.b.f.s.DefaultListableBeanFactory - Finished creating instance of bean &apos;org.springframework.context.annotation.ConfigurationClassPostProcessor.importAwareProcessor&apos;
10:20:58.959 [] [] [main] DEBUG o.s.b.f.s.DefaultListableBeanFactory - Creating shared instance of singleton bean &apos;org.springframework.context.annotation.ConfigurationClassPostProcessor.enhancedConfigurationProcessor&apos;
10:20:58.959 [] [] [main] DEBUG o.s.b.f.s.DefaultListableBeanFactory - Creating instance of bean &apos;org.springframework.context.annotation.ConfigurationClassPostProcessor.enhancedConfigurationProcessor&apos;
10:20:58.959 [] [] [main] DEBUG o.s.b.f.s.DefaultListableBeanFactory - Eagerly caching bean &apos;org.springframework.context.annotation.ConfigurationClassPostProcessor.enhancedConfigurationProcessor&apos; to allow for resolving potential circular references
10:20:58.959 [] [] [main] DEBUG o.s.b.f.s.DefaultListableBeanFactory - Finished creating instance of bean &apos;org.springframework.context.annotation.ConfigurationClassPostProcessor.enhancedConfigurationProcessor&apos;
10:20:58.959 [] [] [main] DEBUG o.s.b.f.s.DefaultListableBeanFactory - Creating shared instance of singleton bean &apos;org.springframework.aop.config.internalAutoProxyCreator&apos;
10:20:58.959 [] [] [main] DEBUG o.s.b.f.s.DefaultListableBeanFactory - Creating instance of bean &apos;org.springframework.aop.config.internalAutoProxyCreator&apos;
10:20:58.965 [] [] [main] DEBUG o.s.b.f.s.DefaultListableBeanFactory - Eagerly caching bean &apos;org.springframework.aop.config.internalAutoProxyCreator&apos; to allow for resolving potential circular references
10:20:58.965 [] [] [main] TRACE o.s.beans.CachedIntrospectionResults - Getting BeanInfo for class [org.springframework.aop.aspectj.autoproxy.AspectJAwareAdvisorAutoProxyCreator]
10:20:58.971 [] [] [main] TRACE o.s.beans.CachedIntrospectionResults - Caching PropertyDescriptors for class [org.springframework.aop.aspectj.autoproxy.AspectJAwareAdvisorAutoProxyCreator]
10:20:58.971 [] [] [main] TRACE o.s.beans.CachedIntrospectionResults - Found bean property &apos;advisorAdapterRegistry&apos; of type [org.springframework.aop.framework.adapter.AdvisorAdapterRegistry]
10:20:58.971 [] [] [main] TRACE o.s.beans.CachedIntrospectionResults - Found bean property &apos;applyCommonInterceptorsFirst&apos; of type [boolean]
10:20:58.971 [] [] [main] TRACE o.s.beans.CachedIntrospectionResults - Found bean property &apos;beanClassLoader&apos; of type [java.lang.ClassLoader]
10:20:58.971 [] [] [main] TRACE o.s.beans.CachedIntrospectionResults - Found bean property &apos;beanFactory&apos; of type [org.springframework.beans.factory.BeanFactory]
10:20:58.971 [] [] [main] TRACE o.s.beans.CachedIntrospectionResults - Found bean property &apos;class&apos; of type [java.lang.Class]
10:20:58.971 [] [] [main] TRACE o.s.beans.CachedIntrospectionResults - Found bean property &apos;customTargetSourceCreators&apos; of type [[Lorg.springframework.aop.framework.autoproxy.TargetSourceCreator;]
10:20:58.971 [] [] [main] TRACE o.s.beans.CachedIntrospectionResults - Found bean property &apos;exposeProxy&apos; of type [boolean]
10:20:58.971 [] [] [main] TRACE o.s.beans.CachedIntrospectionResults - Found bean property &apos;frozen&apos; of type [boolean]
10:20:58.971 [] [] [main] TRACE o.s.beans.CachedIntrospectionResults - Found bean property &apos;interceptorNames&apos; of type [[Ljava.lang.String;]
10:20:58.971 [] [] [main] TRACE o.s.beans.CachedIntrospectionResults - Found bean property &apos;opaque&apos; of type [boolean]
10:20:58.972 [] [] [main] TRACE o.s.beans.CachedIntrospectionResults - Found bean property &apos;optimize&apos; of type [boolean]
10:20:58.972 [] [] [main] TRACE o.s.beans.CachedIntrospectionResults - Found bean property &apos;order&apos; of type [int]
10:20:58.972 [] [] [main] TRACE o.s.beans.CachedIntrospectionResults - Found bean property &apos;proxyClassLoader&apos; of type [java.lang.ClassLoader]
10:20:58.972 [] [] [main] TRACE o.s.beans.CachedIntrospectionResults - Found bean property &apos;proxyTargetClass&apos; of type [boolean]
10:20:58.974 [] [] [main] DEBUG o.s.b.f.s.DefaultListableBeanFactory - Finished creating instance of bean &apos;org.springframework.aop.config.internalAutoProxyCreator&apos;
10:20:58.974 [] [] [main] DEBUG o.s.b.f.s.DefaultListableBeanFactory - Creating shared instance of singleton bean &apos;shiroFilter&apos;
10:20:58.974 [] [] [main] DEBUG o.s.b.f.s.DefaultListableBeanFactory - Creating instance of bean &apos;shiroFilter&apos;
10:20:58.976 [] [] [main] DEBUG o.s.b.f.s.DefaultListableBeanFactory - Creating shared instance of singleton bean &apos;org.springframework.transaction.config.internalTransactionAdvisor&apos;
10:20:58.976 [] [] [main] DEBUG o.s.b.f.s.DefaultListableBeanFactory - Creating instance of bean &apos;org.springframework.transaction.config.internalTransactionAdvisor&apos;
10:20:58.976 [] [] [main] TRACE o.s.a.a.a.AspectJAwareAdvisorAutoProxyCreator - Did not attempt to auto-proxy infrastructure class [org.springframework.transaction.interceptor.BeanFactoryTransactionAttributeSourceAdvisor]
10:20:58.978 [] [] [main] DEBUG o.s.b.f.s.DefaultListableBeanFactory - Eagerly caching bean &apos;org.springframework.transaction.config.internalTransactionAdvisor&apos; to allow for resolving potential circular references
10:20:58.978 [] [] [main] TRACE o.s.beans.CachedIntrospectionResults - Getting BeanInfo for class [org.springframework.transaction.interceptor.BeanFactoryTransactionAttributeSourceAdvisor]
10:20:58.981 [] [] [main] TRACE o.s.beans.CachedIntrospectionResults - Caching PropertyDescriptors for class [org.springframework.transaction.interceptor.BeanFactoryTransactionAttributeSourceAdvisor]
10:20:58.981 [] [] [main] TRACE o.s.beans.CachedIntrospectionResults - Found bean property &apos;advice&apos; of type [org.aopalliance.aop.Advice]
10:20:58.981 [] [] [main] TRACE o.s.beans.CachedIntrospectionResults - Found bean property &apos;adviceBeanName&apos; of type [java.lang.String]
10:20:58.981 [] [] [main] TRACE o.s.beans.CachedIntrospectionResults - Found bean property &apos;beanFactory&apos; of type [org.springframework.beans.factory.BeanFactory]
10:20:58.981 [] [] [main] TRACE o.s.beans.CachedIntrospectionResults - Found bean property &apos;class&apos; of type [java.lang.Class]
10:20:58.981 [] [] [main] TRACE o.s.beans.CachedIntrospectionResults - Found bean property &apos;classFilter&apos; of type [org.springframework.aop.ClassFilter]
10:20:58.981 [] [] [main] TRACE o.s.beans.CachedIntrospectionResults - Found bean property &apos;order&apos; of type [int]
10:20:58.981 [] [] [main] TRACE o.s.beans.CachedIntrospectionResults - Found bean property &apos;perInstance&apos; of type [boolean]
10:20:58.981 [] [] [main] TRACE o.s.beans.CachedIntrospectionResults - Found bean property &apos;pointcut&apos; of type [org.springframework.aop.Pointcut]
10:20:58.981 [] [] [main] TRACE o.s.beans.CachedIntrospectionResults - Found bean property &apos;transactionAttributeSource&apos; of type [org.springframework.transaction.interceptor.TransactionAttributeSource]
10:20:58.981 [] [] [main] DEBUG o.s.b.f.s.DefaultListableBeanFactory - Creating shared instance of singleton bean &apos;org.springframework.transaction.annotation.AnnotationTransactionAttributeSource#0&apos;
10:20:58.981 [] [] [main] DEBUG o.s.b.f.s.DefaultListableBeanFactory - Creating instance of bean &apos;org.springframework.transaction.annotation.AnnotationTransactionAttributeSource#0&apos;
10:20:58.981 [] [] [main] DEBUG o.s.a.f.a.BeanFactoryAdvisorRetrievalHelper - Skipping currently created advisor &apos;org.springframework.transaction.config.internalTransactionAdvisor&apos;
10:20:58.981 [] [] [main] DEBUG o.s.b.f.s.DefaultListableBeanFactory - Creating shared instance of singleton bean &apos;org.springframework.aop.support.DefaultBeanFactoryPointcutAdvisor#0&apos;
10:20:58.982 [] [] [main] DEBUG o.s.b.f.s.DefaultListableBeanFactory - Creating instance of bean &apos;org.springframework.aop.support.DefaultBeanFactoryPointcutAdvisor#0&apos;
10:20:58.982 [] [] [main] TRACE o.s.a.a.a.AspectJAwareAdvisorAutoProxyCreator - Did not attempt to auto-proxy infrastructure class [org.springframework.aop.support.DefaultBeanFactoryPointcutAdvisor]
10:20:58.982 [] [] [main] DEBUG o.s.b.f.s.DefaultListableBeanFactory - Eagerly caching bean &apos;org.springframework.aop.support.DefaultBeanFactoryPointcutAdvisor#0&apos; to allow for resolving potential circular references
10:20:58.982 [] [] [main] TRACE o.s.beans.CachedIntrospectionResults - Getting BeanInfo for class [org.springframework.aop.support.DefaultBeanFactoryPointcutAdvisor]
10:20:58.984 [] [] [main] TRACE o.s.beans.CachedIntrospectionResults - Caching PropertyDescriptors for class [org.springframework.aop.support.DefaultBeanFactoryPointcutAdvisor]
10:20:58.984 [] [] [main] TRACE o.s.beans.CachedIntrospectionResults - Found bean property &apos;advice&apos; of type [org.aopalliance.aop.Advice]
10:20:58.984 [] [] [main] TRACE o.s.beans.CachedIntrospectionResults - Found bean property &apos;adviceBeanName&apos; of type [java.lang.String]
10:20:58.984 [] [] [main] TRACE o.s.beans.CachedIntrospectionResults - Found bean property &apos;beanFactory&apos; of type [org.springframework.beans.factory.BeanFactory]
10:20:58.984 [] [] [main] TRACE o.s.beans.CachedIntrospectionResults - Found bean property &apos;class&apos; of type [java.lang.Class]
10:20:58.984 [] [] [main] TRACE o.s.beans.CachedIntrospectionResults - Found bean property &apos;order&apos; of type [int]
10:20:58.984 [] [] [main] TRACE o.s.beans.CachedIntrospectionResults - Found bean property &apos;perInstance&apos; of type [boolean]
10:20:58.984 [] [] [main] TRACE o.s.beans.CachedIntrospectionResults - Found bean property &apos;pointcut&apos; of type [org.springframework.aop.Pointcut]
10:20:58.985 [] [] [main] TRACE o.s.beans.TypeConverterDelegate - Converting String to [int] using property editor [org.springframework.beans.propertyeditors.CustomNumberEditor@1c70e01]
10:20:58.985 [] [] [main] DEBUG o.s.b.f.s.DefaultListableBeanFactory - Creating instance of bean &apos;(inner bean)#16867a4&apos;
10:20:58.989 [] [] [main] TRACE o.s.beans.CachedIntrospectionResults - Getting BeanInfo for class [org.springframework.aop.aspectj.AspectJExpressionPointcut]
10:20:58.992 [] [] [main] TRACE o.s.beans.CachedIntrospectionResults - Caching PropertyDescriptors for class [org.springframework.aop.aspectj.AspectJExpressionPointcut]
10:20:58.992 [] [] [main] TRACE o.s.beans.CachedIntrospectionResults - Found bean property &apos;beanFactory&apos; of type [org.springframework.beans.factory.BeanFactory]
10:20:58.992 [] [] [main] TRACE o.s.beans.CachedIntrospectionResults - Found bean property &apos;class&apos; of type [java.lang.Class]
10:20:58.992 [] [] [main] TRACE o.s.beans.CachedIntrospectionResults - Found bean property &apos;classFilter&apos; of type [org.springframework.aop.ClassFilter]
10:20:58.992 [] [] [main] TRACE o.s.beans.CachedIntrospectionResults - Found bean property &apos;expression&apos; of type [java.lang.String]
10:20:58.992 [] [] [main] TRACE o.s.beans.CachedIntrospectionResults - Found bean property &apos;location&apos; of type [java.lang.String]
10:20:58.992 [] [] [main] TRACE o.s.beans.CachedIntrospectionResults - Found bean property &apos;methodMatcher&apos; of type [org.springframework.aop.MethodMatcher]
10:20:58.992 [] [] [main] TRACE o.s.beans.CachedIntrospectionResults - Found bean property &apos;parameterNames&apos; of type [[Ljava.lang.String;]
10:20:58.992 [] [] [main] TRACE o.s.beans.CachedIntrospectionResults - Found bean property &apos;parameterTypes&apos; of type [[Ljava.lang.Class;]
10:20:58.992 [] [] [main] TRACE o.s.beans.CachedIntrospectionResults - Found bean property &apos;pointcutDeclarationScope&apos; of type [java.lang.Class]
10:20:58.992 [] [] [main] TRACE o.s.beans.CachedIntrospectionResults - Found bean property &apos;pointcutExpression&apos; of type [org.aspectj.weaver.tools.PointcutExpression]
10:20:58.992 [] [] [main] TRACE o.s.beans.CachedIntrospectionResults - Found bean property &apos;runtime&apos; of type [boolean]
10:20:58.997 [] [] [main] DEBUG o.s.b.f.s.DefaultListableBeanFactory - Finished creating instance of bean &apos;(inner bean)#16867a4&apos;
10:20:58.997 [] [] [main] INFO  o.s.c.s.PostProcessorRegistrationDelegate$BeanPostProcessorChecker - Bean &apos;org.springframework.aop.support.DefaultBeanFactoryPointcutAdvisor#0&apos; of type [class org.springframework.aop.support.DefaultBeanFactoryPointcutAdvisor] is not eligible for getting processed by all BeanPostProcessors (for example: not eligible for auto-proxying)
10:20:58.997 [] [] [main] DEBUG o.s.b.f.s.DefaultListableBeanFactory - Finished creating instance of bean &apos;org.springframework.aop.support.DefaultBeanFactoryPointcutAdvisor#0&apos;
10:20:58.998 [] [] [main] DEBUG o.s.b.f.s.DefaultListableBeanFactory - Eagerly caching bean &apos;org.springframework.transaction.annotation.AnnotationTransactionAttributeSource#0&apos; to allow for resolving potential circular references
10:20:58.998 [] [] [main] TRACE o.s.beans.CachedIntrospectionResults - Getting BeanInfo for class [org.springframework.transaction.annotation.AnnotationTransactionAttributeSource]
10:20:59.000 [] [] [main] TRACE o.s.beans.CachedIntrospectionResults - Caching PropertyDescriptors for class [org.springframework.transaction.annotation.AnnotationTransactionAttributeSource]
10:20:59.000 [] [] [main] TRACE o.s.beans.CachedIntrospectionResults - Found bean property &apos;class&apos; of type [java.lang.Class]
10:20:59.000 [] [] [main] INFO  o.s.c.s.PostProcessorRegistrationDelegate$BeanPostProcessorChecker - Bean &apos;org.springframework.transaction.annotation.AnnotationTransactionAttributeSource#0&apos; of type [class org.springframework.transaction.annotation.AnnotationTransactionAttributeSource] is not eligible for getting processed by all BeanPostProcessors (for example: not eligible for auto-proxying)
10:20:59.000 [] [] [main] DEBUG o.s.a.f.a.BeanFactoryAdvisorRetrievalHelper - Skipping currently created advisor &apos;org.springframework.transaction.config.internalTransactionAdvisor&apos;
10:20:59.001 [] [] [main] DEBUG o.s.b.f.s.DefaultListableBeanFactory - Returning cached instance of singleton bean &apos;org.springframework.aop.support.DefaultBeanFactoryPointcutAdvisor#0&apos;
10:20:59.001 [] [] [main] DEBUG o.s.a.f.a.BeanFactoryAdvisorRetrievalHelper - Skipping currently created advisor &apos;org.springframework.transaction.config.internalTransactionAdvisor&apos;
10:20:59.001 [] [] [main] DEBUG o.s.b.f.s.DefaultListableBeanFactory - Returning cached instance of singleton bean &apos;org.springframework.aop.support.DefaultBeanFactoryPointcutAdvisor#0&apos;
10:20:59.088 [] [] [main] DEBUG o.s.b.f.s.DefaultListableBeanFactory - Finished creating instance of bean &apos;org.springframework.transaction.annotation.AnnotationTransactionAttributeSource#0&apos;
10:20:59.088 [] [] [main] INFO  o.s.c.s.PostProcessorRegistrationDelegate$BeanPostProcessorChecker - Bean &apos;org.springframework.transaction.config.internalTransactionAdvisor&apos; of type [class org.springframework.transaction.interceptor.BeanFactoryTransactionAttributeSourceAdvisor] is not eligible for getting processed by all BeanPostProcessors (for example: not eligible for auto-proxying)
10:20:59.088 [] [] [main] DEBUG o.s.b.f.s.DefaultListableBeanFactory - Finished creating instance of bean &apos;org.springframework.transaction.config.internalTransactionAdvisor&apos;
10:20:59.088 [] [] [main] DEBUG o.s.b.f.s.DefaultListableBeanFactory - Returning cached instance of singleton bean &apos;org.springframework.aop.support.DefaultBeanFactoryPointcutAdvisor#0&apos;
10:20:59.090 [] [] [main] DEBUG o.s.b.f.s.DefaultListableBeanFactory - Eagerly caching bean &apos;shiroFilter&apos; to allow for resolving potential circular references
10:20:59.090 [] [] [main] TRACE o.s.beans.CachedIntrospectionResults - Getting BeanInfo for class [org.apache.shiro.spring.web.ShiroFilterFactoryBean]
10:20:59.091 [] [] [main] TRACE o.s.beans.CachedIntrospectionResults - Caching PropertyDescriptors for class [org.apache.shiro.spring.web.ShiroFilterFactoryBean]
10:20:59.091 [] [] [main] TRACE o.s.beans.CachedIntrospectionResults - Found bean property &apos;class&apos; of type [java.lang.Class]
10:20:59.091 [] [] [main] TRACE o.s.beans.CachedIntrospectionResults - Found bean property &apos;filterChainDefinitionMap&apos; of type [java.util.Map]
10:20:59.091 [] [] [main] TRACE o.s.beans.CachedIntrospectionResults - Found bean property &apos;filterChainDefinitions&apos; of type [java.lang.String]
10:20:59.091 [] [] [main] TRACE o.s.beans.CachedIntrospectionResults - Found bean property &apos;filters&apos; of type [java.util.Map]
10:20:59.091 [] [] [main] TRACE o.s.beans.CachedIntrospectionResults - Found bean property &apos;loginUrl&apos; of type [java.lang.String]
10:20:59.091 [] [] [main] TRACE o.s.beans.CachedIntrospectionResults - Found bean property &apos;object&apos; of type [java.lang.Object]
10:20:59.091 [] [] [main] TRACE o.s.beans.CachedIntrospectionResults - Found bean property &apos;objectType&apos; of type [java.lang.Class]
10:20:59.091 [] [] [main] TRACE o.s.beans.CachedIntrospectionResults - Found bean property &apos;securityManager&apos; of type [org.apache.shiro.mgt.SecurityManager]
10:20:59.091 [] [] [main] TRACE o.s.beans.CachedIntrospectionResults - Found bean property &apos;singleton&apos; of type [boolean]
10:20:59.091 [] [] [main] TRACE o.s.beans.CachedIntrospectionResults - Found bean property &apos;successUrl&apos; of type [java.lang.String]
10:20:59.091 [] [] [main] TRACE o.s.beans.CachedIntrospectionResults - Found bean property &apos;unauthorizedUrl&apos; of type [java.lang.String]
10:20:59.092 [] [] [main] DEBUG o.s.b.f.s.DefaultListableBeanFactory - Creating shared instance of singleton bean &apos;securityManager&apos;
10:20:59.092 [] [] [main] DEBUG o.s.b.f.s.DefaultListableBeanFactory - Creating instance of bean &apos;securityManager&apos;
10:20:59.092 [] [] [main] DEBUG o.s.b.f.s.DefaultListableBeanFactory - Returning cached instance of singleton bean &apos;org.springframework.transaction.config.internalTransactionAdvisor&apos;
10:20:59.092 [] [] [main] DEBUG o.s.b.f.s.DefaultListableBeanFactory - Returning cached instance of singleton bean &apos;org.springframework.aop.support.DefaultBeanFactoryPointcutAdvisor#0&apos;
10:20:59.115 [] [] [main] DEBUG o.s.b.f.s.DefaultListableBeanFactory - Eagerly caching bean &apos;securityManager&apos; to allow for resolving potential circular references
10:20:59.115 [] [] [main] TRACE o.s.beans.CachedIntrospectionResults - Getting BeanInfo for class [org.apache.shiro.web.mgt.DefaultWebSecurityManager]
10:20:59.121 [] [] [main] TRACE o.s.beans.CachedIntrospectionResults - Caching PropertyDescriptors for class [org.apache.shiro.web.mgt.DefaultWebSecurityManager]
10:20:59.121 [] [] [main] TRACE o.s.beans.CachedIntrospectionResults - Found bean property &apos;authenticator&apos; of type [org.apache.shiro.authc.Authenticator]
10:20:59.121 [] [] [main] TRACE o.s.beans.CachedIntrospectionResults - Found bean property &apos;authorizer&apos; of type [org.apache.shiro.authz.Authorizer]
10:20:59.121 [] [] [main] TRACE o.s.beans.CachedIntrospectionResults - Found bean property &apos;cacheManager&apos; of type [org.apache.shiro.cache.CacheManager]
10:20:59.121 [] [] [main] TRACE o.s.beans.CachedIntrospectionResults - Found bean property &apos;class&apos; of type [java.lang.Class]
10:20:59.121 [] [] [main] TRACE o.s.beans.CachedIntrospectionResults - Found bean property &apos;httpSessionMode&apos; of type [boolean]
10:20:59.121 [] [] [main] TRACE o.s.beans.CachedIntrospectionResults - Found bean property &apos;realm&apos; of type [org.apache.shiro.realm.Realm]
10:20:59.122 [] [] [main] TRACE o.s.beans.CachedIntrospectionResults - Found bean property &apos;realms&apos; of type [java.util.Collection]
10:20:59.122 [] [] [main] TRACE o.s.beans.CachedIntrospectionResults - Found bean property &apos;rememberMeManager&apos; of type [org.apache.shiro.mgt.RememberMeManager]
10:20:59.122 [] [] [main] TRACE o.s.beans.CachedIntrospectionResults - Found bean property &apos;sessionManager&apos; of type [org.apache.shiro.session.mgt.SessionManager]
10:20:59.122 [] [] [main] TRACE o.s.beans.CachedIntrospectionResults - Found bean property &apos;sessionMode&apos; of type [java.lang.String]
10:20:59.122 [] [] [main] TRACE o.s.beans.CachedIntrospectionResults - Found bean property &apos;subjectDAO&apos; of type [org.apache.shiro.mgt.SubjectDAO]
10:20:59.122 [] [] [main] TRACE o.s.beans.CachedIntrospectionResults - Found bean property &apos;subjectFactory&apos; of type [org.apache.shiro.mgt.SubjectFactory]
10:20:59.122 [] [] [main] DEBUG o.s.b.f.s.DefaultListableBeanFactory - Creating shared instance of singleton bean &apos;statelessRealm&apos;
10:20:59.122 [] [] [main] DEBUG o.s.b.f.s.DefaultListableBeanFactory - Creating instance of bean &apos;statelessRealm&apos;
10:20:59.123 [] [] [main] DEBUG o.s.b.f.s.DefaultListableBeanFactory - Returning cached instance of singleton bean &apos;org.springframework.transaction.config.internalTransactionAdvisor&apos;
10:20:59.123 [] [] [main] DEBUG o.s.b.f.s.DefaultListableBeanFactory - Returning cached instance of singleton bean &apos;org.springframework.aop.support.DefaultBeanFactoryPointcutAdvisor#0&apos;
10:20:59.129 [] [] [main] DEBUG o.s.b.f.annotation.InjectionMetadata - Registered injected element on class [com.yonyou.iuap.auth.shiro.StatelessRealm]: AutowiredFieldElement for com.yonyou.iuap.auth.token.TokenFactory com.yonyou.iuap.auth.shiro.StatelessRealm.tokenFactory
10:20:59.129 [] [] [main] DEBUG o.s.b.f.annotation.InjectionMetadata - Registered injected element on class [com.yonyou.iuap.auth.shiro.StatelessRealm]: AutowiredFieldElement for private com.yonyou.iuap.auth.session.SessionManager com.yonyou.iuap.auth.shiro.StatelessRealm.sessionManager
10:20:59.129 [] [] [main] DEBUG o.s.b.f.s.DefaultListableBeanFactory - Eagerly caching bean &apos;statelessRealm&apos; to allow for resolving potential circular references
10:20:59.129 [] [] [main] TRACE o.s.beans.CachedIntrospectionResults - Getting BeanInfo for class [com.yonyou.iuap.auth.shiro.StatelessRealm]
10:20:59.134 [] [] [main] TRACE o.s.beans.CachedIntrospectionResults - Caching PropertyDescriptors for class [com.yonyou.iuap.auth.shiro.StatelessRealm]
10:20:59.134 [] [] [main] TRACE o.s.beans.CachedIntrospectionResults - Found bean property &apos;authenticationCache&apos; of type [org.apache.shiro.cache.Cache]
10:20:59.134 [] [] [main] TRACE o.s.beans.CachedIntrospectionResults - Found bean property &apos;authenticationCacheName&apos; of type [java.lang.String]
10:20:59.134 [] [] [main] TRACE o.s.beans.CachedIntrospectionResults - Found bean property &apos;authenticationCachingEnabled&apos; of type [boolean]
10:20:59.134 [] [] [main] TRACE o.s.beans.CachedIntrospectionResults - Found bean property &apos;authenticationTokenClass&apos; of type [java.lang.Class]
10:20:59.134 [] [] [main] TRACE o.s.beans.CachedIntrospectionResults - Found bean property &apos;authorizationCache&apos; of type [org.apache.shiro.cache.Cache]
10:20:59.134 [] [] [main] TRACE o.s.beans.CachedIntrospectionResults - Found bean property &apos;authorizationCacheName&apos; of type [java.lang.String]
10:20:59.135 [] [] [main] TRACE o.s.beans.CachedIntrospectionResults - Found bean property &apos;authorizationCachingEnabled&apos; of type [boolean]
10:20:59.135 [] [] [main] TRACE o.s.beans.CachedIntrospectionResults - Found bean property &apos;cacheManager&apos; of type [org.apache.shiro.cache.CacheManager]
10:20:59.135 [] [] [main] TRACE o.s.beans.CachedIntrospectionResults - Found bean property &apos;cachingEnabled&apos; of type [boolean]
10:20:59.135 [] [] [main] TRACE o.s.beans.CachedIntrospectionResults - Found bean property &apos;class&apos; of type [java.lang.Class]
10:20:59.135 [] [] [main] TRACE o.s.beans.CachedIntrospectionResults - Found bean property &apos;credentialsMatcher&apos; of type [org.apache.shiro.authc.credential.CredentialsMatcher]
10:20:59.135 [] [] [main] TRACE o.s.beans.CachedIntrospectionResults - Found bean property &apos;name&apos; of type [java.lang.String]
10:20:59.135 [] [] [main] TRACE o.s.beans.CachedIntrospectionResults - Found bean property &apos;permissionResolver&apos; of type [org.apache.shiro.authz.permission.PermissionResolver]
10:20:59.135 [] [] [main] TRACE o.s.beans.CachedIntrospectionResults - Found bean property &apos;rolePermissionResolver&apos; of type [org.apache.shiro.authz.permission.RolePermissionResolver]
10:20:59.136 [] [] [main] DEBUG o.s.b.f.annotation.InjectionMetadata - Processing injected method of bean &apos;statelessRealm&apos;: AutowiredFieldElement for com.yonyou.iuap.auth.token.TokenFactory com.yonyou.iuap.auth.shiro.StatelessRealm.tokenFactory
10:20:59.137 [] [] [main] DEBUG o.s.b.f.s.DefaultListableBeanFactory - Returning cached instance of singleton bean &apos;org.springframework.transaction.config.internalTransactionAdvisor&apos;
10:20:59.137 [] [] [main] DEBUG o.s.b.f.s.DefaultListableBeanFactory - Returning cached instance of singleton bean &apos;org.springframework.aop.support.DefaultBeanFactoryPointcutAdvisor#0&apos;
10:20:59.142 [] [] [main] DEBUG o.s.b.f.s.DefaultListableBeanFactory - Returning cached instance of singleton bean &apos;org.springframework.transaction.config.internalTransactionAdvisor&apos;
10:20:59.143 [] [] [main] DEBUG o.s.b.f.s.DefaultListableBeanFactory - Returning cached instance of singleton bean &apos;org.springframework.aop.support.DefaultBeanFactoryPointcutAdvisor#0&apos;
10:20:59.143 [] [] [main] DEBUG o.s.b.f.s.DefaultListableBeanFactory - Returning cached instance of singleton bean &apos;org.springframework.transaction.config.internalTransactionAdvisor&apos;
10:20:59.143 [] [] [main] DEBUG o.s.b.f.s.DefaultListableBeanFactory - Returning cached instance of singleton bean &apos;org.springframework.aop.support.DefaultBeanFactoryPointcutAdvisor#0&apos;
10:20:59.144 [] [] [main] DEBUG o.s.b.f.s.DefaultListableBeanFactory - Creating shared instance of singleton bean &apos;org.springframework.beans.factory.config.MethodInvokingFactoryBean#0&apos;
10:20:59.144 [] [] [main] DEBUG o.s.b.f.s.DefaultListableBeanFactory - Creating instance of bean &apos;org.springframework.beans.factory.config.MethodInvokingFactoryBean#0&apos;
10:20:59.144 [] [] [main] DEBUG o.s.b.f.s.DefaultListableBeanFactory - Returning cached instance of singleton bean &apos;org.springframework.transaction.config.internalTransactionAdvisor&apos;
10:20:59.144 [] [] [main] DEBUG o.s.b.f.s.DefaultListableBeanFactory - Returning cached instance of singleton bean &apos;org.springframework.aop.support.DefaultBeanFactoryPointcutAdvisor#0&apos;
10:20:59.145 [] [] [main] DEBUG o.s.b.f.s.DefaultListableBeanFactory - Eagerly caching bean &apos;org.springframework.beans.factory.config.MethodInvokingFactoryBean#0&apos; to allow for resolving potential circular references
10:20:59.145 [] [] [main] TRACE o.s.beans.CachedIntrospectionResults - Getting BeanInfo for class [org.springframework.beans.factory.config.MethodInvokingFactoryBean]
10:20:59.149 [] [] [main] TRACE o.s.beans.CachedIntrospectionResults - Caching PropertyDescriptors for class [org.springframework.beans.factory.config.MethodInvokingFactoryBean]
10:20:59.149 [] [] [main] TRACE o.s.beans.CachedIntrospectionResults - Found bean property &apos;arguments&apos; of type [[Ljava.lang.Object;]
10:20:59.149 [] [] [main] TRACE o.s.beans.CachedIntrospectionResults - Found bean property &apos;beanClassLoader&apos; of type [java.lang.ClassLoader]
10:20:59.149 [] [] [main] TRACE o.s.beans.CachedIntrospectionResults - Found bean property &apos;beanFactory&apos; of type [org.springframework.beans.factory.BeanFactory]
10:20:59.149 [] [] [main] TRACE o.s.beans.CachedIntrospectionResults - Found bean property &apos;class&apos; of type [java.lang.Class]
10:20:59.149 [] [] [main] TRACE o.s.beans.CachedIntrospectionResults - Found bean property &apos;object&apos; of type [java.lang.Object]
10:20:59.149 [] [] [main] TRACE o.s.beans.CachedIntrospectionResults - Found bean property &apos;objectType&apos; of type [java.lang.Class]
10:20:59.149 [] [] [main] TRACE o.s.beans.CachedIntrospectionResults - Found bean property &apos;prepared&apos; of type [boolean]
10:20:59.149 [] [] [main] TRACE o.s.beans.CachedIntrospectionResults - Found bean property &apos;preparedMethod&apos; of type [java.lang.reflect.Method]
10:20:59.149 [] [] [main] TRACE o.s.beans.CachedIntrospectionResults - Found bean property &apos;singleton&apos; of type [boolean]
10:20:59.149 [] [] [main] TRACE o.s.beans.CachedIntrospectionResults - Found bean property &apos;staticMethod&apos; of type [java.lang.String]
10:20:59.149 [] [] [main] TRACE o.s.beans.CachedIntrospectionResults - Found bean property &apos;targetClass&apos; of type [java.lang.Class]
10:20:59.149 [] [] [main] TRACE o.s.beans.CachedIntrospectionResults - Found bean property &apos;targetMethod&apos; of type [java.lang.String]
10:20:59.149 [] [] [main] TRACE o.s.beans.CachedIntrospectionResults - Found bean property &apos;targetObject&apos; of type [java.lang.Object]
10:20:59.149 [] [] [main] TRACE o.s.beans.CachedIntrospectionResults - Found bean property &apos;typeConverter&apos; of type [org.springframework.beans.TypeConverter]
10:20:59.150 [] [] [main] DEBUG o.s.b.f.s.DefaultListableBeanFactory - Returning cached instance of singleton bean &apos;org.springframework.transaction.config.internalTransactionAdvisor&apos;
10:20:59.150 [] [] [main] DEBUG o.s.b.f.s.DefaultListableBeanFactory - Returning cached instance of singleton bean &apos;org.springframework.aop.support.DefaultBeanFactoryPointcutAdvisor#0&apos;
10:20:59.150 [] [] [main] DEBUG o.s.b.f.s.DefaultListableBeanFactory - Returning cached instance of singleton bean &apos;org.springframework.transaction.config.internalTransactionAdvisor&apos;
10:20:59.150 [] [] [main] DEBUG o.s.b.f.s.DefaultListableBeanFactory - Returning cached instance of singleton bean &apos;org.springframework.aop.support.DefaultBeanFactoryPointcutAdvisor#0&apos;
10:20:59.152 [] [] [main] DEBUG o.s.b.f.s.DefaultListableBeanFactory - Returning eagerly cached instance of singleton bean &apos;securityManager&apos; that is not fully initialized yet - a consequence of a circular reference
10:20:59.152 [] [] [main] DEBUG o.s.b.f.s.DefaultListableBeanFactory - Invoking afterPropertiesSet() on bean with name &apos;org.springframework.beans.factory.config.MethodInvokingFactoryBean#0&apos;
10:20:59.153 [] [] [main] INFO  o.s.c.s.PostProcessorRegistrationDelegate$BeanPostProcessorChecker - Bean &apos;org.springframework.beans.factory.config.MethodInvokingFactoryBean#0&apos; of type [class org.springframework.beans.factory.config.MethodInvokingFactoryBean] is not eligible for getting processed by all BeanPostProcessors (for example: not eligible for auto-proxying)
10:20:59.153 [] [] [main] DEBUG o.s.b.f.s.DefaultListableBeanFactory - Returning cached instance of singleton bean &apos;org.springframework.transaction.config.internalTransactionAdvisor&apos;
10:20:59.153 [] [] [main] DEBUG o.s.b.f.s.DefaultListableBeanFactory - Returning cached instance of singleton bean &apos;org.springframework.aop.support.DefaultBeanFactoryPointcutAdvisor#0&apos;
10:20:59.153 [] [] [main] DEBUG o.s.b.f.s.DefaultListableBeanFactory - Returning cached instance of singleton bean &apos;org.springframework.transaction.config.internalTransactionAdvisor&apos;
10:20:59.153 [] [] [main] DEBUG o.s.b.f.s.DefaultListableBeanFactory - Returning cached instance of singleton bean &apos;org.springframework.aop.support.DefaultBeanFactoryPointcutAdvisor#0&apos;
10:20:59.154 [] [] [main] DEBUG o.s.b.f.s.DefaultListableBeanFactory - Finished creating instance of bean &apos;org.springframework.beans.factory.config.MethodInvokingFactoryBean#0&apos;
10:20:59.154 [] [] [main] DEBUG o.s.b.f.s.DefaultListableBeanFactory - Returning cached instance of singleton bean &apos;org.springframework.transaction.config.internalTransactionAdvisor&apos;
10:20:59.154 [] [] [main] DEBUG o.s.b.f.s.DefaultListableBeanFactory - Returning cached instance of singleton bean &apos;org.springframework.aop.support.DefaultBeanFactoryPointcutAdvisor#0&apos;
10:20:59.154 [] [] [main] DEBUG o.s.b.f.s.DefaultListableBeanFactory - Returning cached instance of singleton bean &apos;org.springframework.transaction.config.internalTransactionAdvisor&apos;
10:20:59.154 [] [] [main] DEBUG o.s.b.f.s.DefaultListableBeanFactory - Returning cached instance of singleton bean &apos;org.springframework.aop.support.DefaultBeanFactoryPointcutAdvisor#0&apos;
10:20:59.155 [] [] [main] DEBUG o.s.b.f.s.DefaultListableBeanFactory - Returning eagerly cached instance of singleton bean &apos;shiroFilter&apos; that is not fully initialized yet - a consequence of a circular reference
10:20:59.155 [] [] [main] DEBUG o.s.b.f.s.DefaultListableBeanFactory - Returning cached instance of singleton bean &apos;org.springframework.transaction.config.internalTransactionAdvisor&apos;
10:20:59.155 [] [] [main] DEBUG o.s.b.f.s.DefaultListableBeanFactory - Returning cached instance of singleton bean &apos;org.springframework.aop.support.DefaultBeanFactoryPointcutAdvisor#0&apos;
10:20:59.244 [] [] [main] DEBUG c.a.d.c.extension.ExtensionLoader -  [DUBBO] package com.alibaba.dubbo.rpc;
import com.alibaba.dubbo.common.extension.ExtensionLoader;
public class Protocol$Adpative implements com.alibaba.dubbo.rpc.Protocol {
public void destroy() {throw new UnsupportedOperationException(&quot;method public abstract void com.alibaba.dubbo.rpc.Protocol.destroy() of interface com.alibaba.dubbo.rpc.Protocol is not adaptive method!&quot;);
}
public int getDefaultPort() {throw new UnsupportedOperationException(&quot;method public abstract int com.alibaba.dubbo.rpc.Protocol.getDefaultPort() of interface com.alibaba.dubbo.rpc.Protocol is not adaptive method!&quot;);
}
public com.alibaba.dubbo.rpc.Invoker refer(java.lang.Class arg0, com.alibaba.dubbo.common.URL arg1) throws java.lang.Class {
if (arg1 == null) throw new IllegalArgumentException(&quot;url == null&quot;);
com.alibaba.dubbo.common.URL url = arg1;
String extName = ( url.getProtocol() == null ? &quot;dubbo&quot; : url.getProtocol() );
if(extName == null) throw new IllegalStateException(&quot;Fail to get extension(com.alibaba.dubbo.rpc.Protocol) name from url(&quot; + url.toString() + &quot;) use keys([protocol])&quot;);
com.alibaba.dubbo.rpc.Protocol extension = (com.alibaba.dubbo.rpc.Protocol)ExtensionLoader.getExtensionLoader(com.alibaba.dubbo.rpc.Protocol.class).getExtension(extName);
return extension.refer(arg0, arg1);
}
public com.alibaba.dubbo.rpc.Exporter export(com.alibaba.dubbo.rpc.Invoker arg0) throws com.alibaba.dubbo.rpc.Invoker {
if (arg0 == null) throw new IllegalArgumentException(&quot;com.alibaba.dubbo.rpc.Invoker argument == null&quot;);
if (arg0.getUrl() == null) throw new IllegalArgumentException(&quot;com.alibaba.dubbo.rpc.Invoker argument getUrl() == null&quot;);com.alibaba.dubbo.common.URL url = arg0.getUrl();
String extName = ( url.getProtocol() == null ? &quot;dubbo&quot; : url.getProtocol() );
if(extName == null) throw new IllegalStateException(&quot;Fail to get extension(com.alibaba.dubbo.rpc.Protocol) name from url(&quot; + url.toString() + &quot;) use keys([protocol])&quot;);
com.alibaba.dubbo.rpc.Protocol extension = (com.alibaba.dubbo.rpc.Protocol)ExtensionLoader.getExtensionLoader(com.alibaba.dubbo.rpc.Protocol.class).getExtension(extName);
return extension.export(arg0);
}
}, dubbo version: 2.8.4.RELEASE, current host: 127.0.0.1
10:20:59.374 [] [] [main] DEBUG c.a.d.c.extension.ExtensionLoader -  [DUBBO] package com.alibaba.dubbo.rpc.cluster;
import com.alibaba.dubbo.common.extension.ExtensionLoader;
public class Cluster$Adpative implements com.alibaba.dubbo.rpc.cluster.Cluster {
public com.alibaba.dubbo.rpc.Invoker join(com.alibaba.dubbo.rpc.cluster.Directory arg0) throws com.alibaba.dubbo.rpc.cluster.Directory {
if (arg0 == null) throw new IllegalArgumentException(&quot;com.alibaba.dubbo.rpc.cluster.Directory argument == null&quot;);
if (arg0.getUrl() == null) throw new IllegalArgumentException(&quot;com.alibaba.dubbo.rpc.cluster.Directory argument getUrl() == null&quot;);com.alibaba.dubbo.common.URL url = arg0.getUrl();
String extName = url.getParameter(&quot;cluster&quot;, &quot;failover&quot;);
if(extName == null) throw new IllegalStateException(&quot;Fail to get extension(com.alibaba.dubbo.rpc.cluster.Cluster) name from url(&quot; + url.toString() + &quot;) use keys([cluster])&quot;);
com.alibaba.dubbo.rpc.cluster.Cluster extension = (com.alibaba.dubbo.rpc.cluster.Cluster)ExtensionLoader.getExtensionLoader(com.alibaba.dubbo.rpc.cluster.Cluster.class).getExtension(extName);
return extension.join(arg0);
}
}, dubbo version: 2.8.4.RELEASE, current host: 127.0.0.1
10:20:59.387 [] [] [main] DEBUG c.a.d.c.extension.ExtensionLoader -  [DUBBO] package com.alibaba.dubbo.rpc;
import com.alibaba.dubbo.common.extension.ExtensionLoader;
public class ProxyFactory$Adpative implements com.alibaba.dubbo.rpc.ProxyFactory {
public java.lang.Object getProxy(com.alibaba.dubbo.rpc.Invoker arg0) throws com.alibaba.dubbo.rpc.Invoker {
if (arg0 == null) throw new IllegalArgumentException(&quot;com.alibaba.dubbo.rpc.Invoker argument == null&quot;);
if (arg0.getUrl() == null) throw new IllegalArgumentException(&quot;com.alibaba.dubbo.rpc.Invoker argument getUrl() == null&quot;);com.alibaba.dubbo.common.URL url = arg0.getUrl();
String extName = url.getParameter(&quot;proxy&quot;, &quot;javassist&quot;);
if(extName == null) throw new IllegalStateException(&quot;Fail to get extension(com.alibaba.dubbo.rpc.ProxyFactory) name from url(&quot; + url.toString() + &quot;) use keys([proxy])&quot;);
com.alibaba.dubbo.rpc.ProxyFactory extension = (com.alibaba.dubbo.rpc.ProxyFactory)ExtensionLoader.getExtensionLoader(com.alibaba.dubbo.rpc.ProxyFactory.class).getExtension(extName);
return extension.getProxy(arg0);
}
public com.alibaba.dubbo.rpc.Invoker getInvoker(java.lang.Object arg0, java.lang.Class arg1, com.alibaba.dubbo.common.URL arg2) throws java.lang.Object {
if (arg2 == null) throw new IllegalArgumentException(&quot;url == null&quot;);
com.alibaba.dubbo.common.URL url = arg2;
String extName = url.getParameter(&quot;proxy&quot;, &quot;javassist&quot;);
if(extName == null) throw new IllegalStateException(&quot;Fail to get extension(com.alibaba.dubbo.rpc.ProxyFactory) name from url(&quot; + url.toString() + &quot;) use keys([proxy])&quot;);
com.alibaba.dubbo.rpc.ProxyFactory extension = (com.alibaba.dubbo.rpc.ProxyFactory)ExtensionLoader.getExtensionLoader(com.alibaba.dubbo.rpc.ProxyFactory.class).getExtension(extName);
return extension.getInvoker(arg0, arg1, arg2);
}
}, dubbo version: 2.8.4.RELEASE, current host: 127.0.0.1
10:20:59.394 [] [] [main] DEBUG o.s.b.f.s.DefaultListableBeanFactory - Creating shared instance of singleton bean &apos;iApiService&apos;
10:20:59.394 [] [] [main] DEBUG o.s.b.f.s.DefaultListableBeanFactory - Creating instance of bean &apos;iApiService&apos;
10:20:59.394 [] [] [main] DEBUG o.s.b.f.s.DefaultListableBeanFactory - Returning cached instance of singleton bean &apos;org.springframework.transaction.config.internalTransactionAdvisor&apos;
10:20:59.394 [] [] [main] DEBUG o.s.b.f.s.DefaultListableBeanFactory - Returning cached instance of singleton bean &apos;org.springframework.aop.support.DefaultBeanFactoryPointcutAdvisor#0&apos;
10:20:59.397 [] [] [main] DEBUG o.s.b.f.s.DefaultListableBeanFactory - Eagerly caching bean &apos;iApiService&apos; to allow for resolving potential circular references
10:20:59.398 [] [] [main] TRACE o.s.beans.CachedIntrospectionResults - Getting BeanInfo for class [com.alibaba.dubbo.config.spring.ReferenceBean]
10:20:59.407 [] [] [main] TRACE o.s.beans.CachedIntrospectionResults - Caching PropertyDescriptors for class [com.alibaba.dubbo.config.spring.ReferenceBean]
10:20:59.407 [] [] [main] TRACE o.s.beans.CachedIntrospectionResults - Found bean property &apos;actives&apos; of type [java.lang.Integer]
10:20:59.407 [] [] [main] TRACE o.s.beans.CachedIntrospectionResults - Found bean property &apos;application&apos; of type [com.alibaba.dubbo.config.ApplicationConfig]
10:20:59.407 [] [] [main] TRACE o.s.beans.CachedIntrospectionResults - Found bean property &apos;applicationContext&apos; of type [org.springframework.context.ApplicationContext]
10:20:59.407 [] [] [main] TRACE o.s.beans.CachedIntrospectionResults - Found bean property &apos;async&apos; of type [java.lang.Boolean]
10:20:59.407 [] [] [main] TRACE o.s.beans.CachedIntrospectionResults - Found bean property &apos;cache&apos; of type [java.lang.String]
10:20:59.407 [] [] [main] TRACE o.s.beans.CachedIntrospectionResults - Found bean property &apos;callbacks&apos; of type [java.lang.Integer]
10:20:59.407 [] [] [main] TRACE o.s.beans.CachedIntrospectionResults - Found bean property &apos;check&apos; of type [java.lang.Boolean]
10:20:59.407 [] [] [main] TRACE o.s.beans.CachedIntrospectionResults - Found bean property &apos;class&apos; of type [java.lang.Class]
10:20:59.407 [] [] [main] TRACE o.s.beans.CachedIntrospectionResults - Found bean property &apos;client&apos; of type [java.lang.String]
10:20:59.407 [] [] [main] TRACE o.s.beans.CachedIntrospectionResults - Found bean property &apos;cluster&apos; of type [java.lang.String]
10:20:59.407 [] [] [main] TRACE o.s.beans.CachedIntrospectionResults - Found bean property &apos;connections&apos; of type [java.lang.Integer]
10:20:59.407 [] [] [main] TRACE o.s.beans.CachedIntrospectionResults - Found bean property &apos;consumer&apos; of type [com.alibaba.dubbo.config.ConsumerConfig]
10:20:59.407 [] [] [main] TRACE o.s.beans.CachedIntrospectionResults - Found bean property &apos;filter&apos; of type [java.lang.String]
10:20:59.407 [] [] [main] TRACE o.s.beans.CachedIntrospectionResults - Found bean property &apos;generic&apos; of type [java.lang.String]
10:20:59.407 [] [] [main] TRACE o.s.beans.CachedIntrospectionResults - Found bean property &apos;group&apos; of type [java.lang.String]
10:20:59.407 [] [] [main] TRACE o.s.beans.CachedIntrospectionResults - Found bean property &apos;id&apos; of type [java.lang.String]
10:20:59.407 [] [] [main] TRACE o.s.beans.CachedIntrospectionResults - Found bean property &apos;init&apos; of type [java.lang.Boolean]
10:20:59.407 [] [] [main] TRACE o.s.beans.CachedIntrospectionResults - Found bean property &apos;injvm&apos; of type [java.lang.Boolean]
10:20:59.407 [] [] [main] TRACE o.s.beans.CachedIntrospectionResults - Found bean property &apos;interface&apos; of type [java.lang.String]
10:20:59.408 [] [] [main] TRACE o.s.beans.CachedIntrospectionResults - Found bean property &apos;interfaceClass&apos; of type [java.lang.Class]
10:20:59.408 [] [] [main] TRACE o.s.beans.CachedIntrospectionResults - Found bean property &apos;layer&apos; of type [java.lang.String]
10:20:59.408 [] [] [main] TRACE o.s.beans.CachedIntrospectionResults - Found bean property &apos;lazy&apos; of type [java.lang.Boolean]
10:20:59.408 [] [] [main] TRACE o.s.beans.CachedIntrospectionResults - Found bean property &apos;listener&apos; of type [java.lang.String]
10:20:59.408 [] [] [main] TRACE o.s.beans.CachedIntrospectionResults - Found bean property &apos;loadbalance&apos; of type [java.lang.String]
10:20:59.408 [] [] [main] TRACE o.s.beans.CachedIntrospectionResults - Found bean property &apos;local&apos; of type [java.lang.String]
10:20:59.408 [] [] [main] TRACE o.s.beans.CachedIntrospectionResults - Found bean property &apos;merger&apos; of type [java.lang.String]
10:20:59.408 [] [] [main] TRACE o.s.beans.CachedIntrospectionResults - Found bean property &apos;methods&apos; of type [java.util.List]
10:20:59.408 [] [] [main] TRACE o.s.beans.CachedIntrospectionResults - Found bean property &apos;mock&apos; of type [java.lang.String]
10:20:59.408 [] [] [main] TRACE o.s.beans.CachedIntrospectionResults - Found bean property &apos;module&apos; of type [com.alibaba.dubbo.config.ModuleConfig]
10:20:59.408 [] [] [main] TRACE o.s.beans.CachedIntrospectionResults - Found bean property &apos;monitor&apos; of type [com.alibaba.dubbo.config.MonitorConfig]
10:20:59.408 [] [] [main] TRACE o.s.beans.CachedIntrospectionResults - Found bean property &apos;object&apos; of type [java.lang.Object]
10:20:59.408 [] [] [main] TRACE o.s.beans.CachedIntrospectionResults - Found bean property &apos;objectType&apos; of type [java.lang.Class]
10:20:59.408 [] [] [main] TRACE o.s.beans.CachedIntrospectionResults - Found bean property &apos;onconnect&apos; of type [java.lang.String]
10:20:59.408 [] [] [main] TRACE o.s.beans.CachedIntrospectionResults - Found bean property &apos;ondisconnect&apos; of type [java.lang.String]
10:20:59.408 [] [] [main] TRACE o.s.beans.CachedIntrospectionResults - Found bean property &apos;owner&apos; of type [java.lang.String]
10:20:59.408 [] [] [main] TRACE o.s.beans.CachedIntrospectionResults - Found bean property &apos;parameters&apos; of type [java.util.Map]
10:20:59.408 [] [] [main] TRACE o.s.beans.CachedIntrospectionResults - Found bean property &apos;protocol&apos; of type [java.lang.String]
10:20:59.408 [] [] [main] TRACE o.s.beans.CachedIntrospectionResults - Found bean property &apos;proxy&apos; of type [java.lang.String]
10:20:59.408 [] [] [main] TRACE o.s.beans.CachedIntrospectionResults - Found bean property &apos;reconnect&apos; of type [java.lang.String]
10:20:59.408 [] [] [main] TRACE o.s.beans.CachedIntrospectionResults - Found bean property &apos;registries&apos; of type [java.util.List]
10:20:59.408 [] [] [main] TRACE o.s.beans.CachedIntrospectionResults - Found bean property &apos;registry&apos; of type [com.alibaba.dubbo.config.RegistryConfig]
10:20:59.408 [] [] [main] TRACE o.s.beans.CachedIntrospectionResults - Found bean property &apos;retries&apos; of type [java.lang.Integer]
10:20:59.408 [] [] [main] TRACE o.s.beans.CachedIntrospectionResults - Found bean property &apos;scope&apos; of type [java.lang.String]
10:20:59.408 [] [] [main] TRACE o.s.beans.CachedIntrospectionResults - Found bean property &apos;sent&apos; of type [java.lang.Boolean]
10:20:59.408 [] [] [main] TRACE o.s.beans.CachedIntrospectionResults - Found bean property &apos;singleton&apos; of type [boolean]
10:20:59.408 [] [] [main] TRACE o.s.beans.CachedIntrospectionResults - Found bean property &apos;sticky&apos; of type [java.lang.Boolean]
10:20:59.408 [] [] [main] TRACE o.s.beans.CachedIntrospectionResults - Found bean property &apos;stub&apos; of type [java.lang.String]
10:20:59.408 [] [] [main] TRACE o.s.beans.CachedIntrospectionResults - Found bean property &apos;stubevent&apos; of type [java.lang.Boolean]
10:20:59.409 [] [] [main] TRACE o.s.beans.CachedIntrospectionResults - Found bean property &apos;timeout&apos; of type [java.lang.Integer]
10:20:59.409 [] [] [main] TRACE o.s.beans.CachedIntrospectionResults - Found bean property &apos;url&apos; of type [java.lang.String]
10:20:59.409 [] [] [main] TRACE o.s.beans.CachedIntrospectionResults - Found bean property &apos;validation&apos; of type [java.lang.String]
10:20:59.409 [] [] [main] TRACE o.s.beans.CachedIntrospectionResults - Found bean property &apos;version&apos; of type [java.lang.String]
10:20:59.460 [] [] [main] DEBUG o.s.b.f.s.DefaultListableBeanFactory - Invoking afterPropertiesSet() on bean with name &apos;iApiService&apos;
10:20:59.462 [] [] [main] DEBUG o.s.b.f.s.DefaultListableBeanFactory - Creating shared instance of singleton bean &apos;com.alibaba.dubbo.config.ConsumerConfig&apos;
10:20:59.462 [] [] [main] DEBUG o.s.b.f.s.DefaultListableBeanFactory - Creating instance of bean &apos;com.alibaba.dubbo.config.ConsumerConfig&apos;
10:20:59.462 [] [] [main] DEBUG o.s.b.f.s.DefaultListableBeanFactory - Returning cached instance of singleton bean &apos;org.springframework.transaction.config.internalTransactionAdvisor&apos;
10:20:59.462 [] [] [main] DEBUG o.s.b.f.s.DefaultListableBeanFactory - Returning cached instance of singleton bean &apos;org.springframework.aop.support.DefaultBeanFactoryPointcutAdvisor#0&apos;
10:20:59.464 [] [] [main] DEBUG o.s.b.f.s.DefaultListableBeanFactory - Eagerly caching bean &apos;com.alibaba.dubbo.config.ConsumerConfig&apos; to allow for resolving potential circular references
10:20:59.464 [] [] [main] TRACE o.s.beans.CachedIntrospectionResults - Getting BeanInfo for class [com.alibaba.dubbo.config.ConsumerConfig]
10:20:59.466 [] [] [main] TRACE o.s.beans.CachedIntrospectionResults - Caching PropertyDescriptors for class [com.alibaba.dubbo.config.ConsumerConfig]
10:20:59.466 [] [] [main] TRACE o.s.beans.CachedIntrospectionResults - Found bean property &apos;actives&apos; of type [java.lang.Integer]
10:20:59.466 [] [] [main] TRACE o.s.beans.CachedIntrospectionResults - Found bean property &apos;application&apos; of type [com.alibaba.dubbo.config.ApplicationConfig]
10:20:59.466 [] [] [main] TRACE o.s.beans.CachedIntrospectionResults - Found bean property &apos;async&apos; of type [java.lang.Boolean]
10:20:59.466 [] [] [main] TRACE o.s.beans.CachedIntrospectionResults - Found bean property &apos;cache&apos; of type [java.lang.String]
10:20:59.466 [] [] [main] TRACE o.s.beans.CachedIntrospectionResults - Found bean property &apos;callbacks&apos; of type [java.lang.Integer]
10:20:59.466 [] [] [main] TRACE o.s.beans.CachedIntrospectionResults - Found bean property &apos;check&apos; of type [java.lang.Boolean]
10:20:59.466 [] [] [main] TRACE o.s.beans.CachedIntrospectionResults - Found bean property &apos;class&apos; of type [java.lang.Class]
10:20:59.466 [] [] [main] TRACE o.s.beans.CachedIntrospectionResults - Found bean property &apos;cluster&apos; of type [java.lang.String]
10:20:59.466 [] [] [main] TRACE o.s.beans.CachedIntrospectionResults - Found bean property &apos;connections&apos; of type [java.lang.Integer]
10:20:59.466 [] [] [main] TRACE o.s.beans.CachedIntrospectionResults - Found bean property &apos;default&apos; of type [java.lang.Boolean]
10:20:59.466 [] [] [main] TRACE o.s.beans.CachedIntrospectionResults - Found bean property &apos;filter&apos; of type [java.lang.String]
10:20:59.466 [] [] [main] TRACE o.s.beans.CachedIntrospectionResults - Found bean property &apos;generic&apos; of type [java.lang.String]
10:20:59.466 [] [] [main] TRACE o.s.beans.CachedIntrospectionResults - Found bean property &apos;group&apos; of type [java.lang.String]
10:20:59.466 [] [] [main] TRACE o.s.beans.CachedIntrospectionResults - Found bean property &apos;id&apos; of type [java.lang.String]
10:20:59.466 [] [] [main] TRACE o.s.beans.CachedIntrospectionResults - Found bean property &apos;init&apos; of type [java.lang.Boolean]
10:20:59.466 [] [] [main] TRACE o.s.beans.CachedIntrospectionResults - Found bean property &apos;injvm&apos; of type [java.lang.Boolean]
10:20:59.466 [] [] [main] TRACE o.s.beans.CachedIntrospectionResults - Found bean property &apos;layer&apos; of type [java.lang.String]
10:20:59.466 [] [] [main] TRACE o.s.beans.CachedIntrospectionResults - Found bean property &apos;lazy&apos; of type [java.lang.Boolean]
10:20:59.466 [] [] [main] TRACE o.s.beans.CachedIntrospectionResults - Found bean property &apos;listener&apos; of type [java.lang.String]
10:20:59.466 [] [] [main] TRACE o.s.beans.CachedIntrospectionResults - Found bean property &apos;loadbalance&apos; of type [java.lang.String]
10:20:59.466 [] [] [main] TRACE o.s.beans.CachedIntrospectionResults - Found bean property &apos;local&apos; of type [java.lang.String]
10:20:59.466 [] [] [main] TRACE o.s.beans.CachedIntrospectionResults - Found bean property &apos;merger&apos; of type [java.lang.String]
10:20:59.466 [] [] [main] TRACE o.s.beans.CachedIntrospectionResults - Found bean property &apos;mock&apos; of type [java.lang.String]
10:20:59.466 [] [] [main] TRACE o.s.beans.CachedIntrospectionResults - Found bean property &apos;module&apos; of type [com.alibaba.dubbo.config.ModuleConfig]
10:20:59.466 [] [] [main] TRACE o.s.beans.CachedIntrospectionResults - Found bean property &apos;monitor&apos; of type [com.alibaba.dubbo.config.MonitorConfig]
10:20:59.466 [] [] [main] TRACE o.s.beans.CachedIntrospectionResults - Found bean property &apos;onconnect&apos; of type [java.lang.String]
10:20:59.466 [] [] [main] TRACE o.s.beans.CachedIntrospectionResults - Found bean property &apos;ondisconnect&apos; of type [java.lang.String]
10:20:59.466 [] [] [main] TRACE o.s.beans.CachedIntrospectionResults - Found bean property &apos;owner&apos; of type [java.lang.String]
10:20:59.467 [] [] [main] TRACE o.s.beans.CachedIntrospectionResults - Found bean property &apos;parameters&apos; of type [java.util.Map]
10:20:59.467 [] [] [main] TRACE o.s.beans.CachedIntrospectionResults - Found bean property &apos;proxy&apos; of type [java.lang.String]
10:20:59.467 [] [] [main] TRACE o.s.beans.CachedIntrospectionResults - Found bean property &apos;reconnect&apos; of type [java.lang.String]
10:20:59.467 [] [] [main] TRACE o.s.beans.CachedIntrospectionResults - Found bean property &apos;registries&apos; of type [java.util.List]
10:20:59.467 [] [] [main] TRACE o.s.beans.CachedIntrospectionResults - Found bean property &apos;registry&apos; of type [com.alibaba.dubbo.config.RegistryConfig]
10:20:59.467 [] [] [main] TRACE o.s.beans.CachedIntrospectionResults - Found bean property &apos;retries&apos; of type [java.lang.Integer]
10:20:59.467 [] [] [main] TRACE o.s.beans.CachedIntrospectionResults - Found bean property &apos;scope&apos; of type [java.lang.String]
10:20:59.467 [] [] [main] TRACE o.s.beans.CachedIntrospectionResults - Found bean property &apos;sent&apos; of type [java.lang.Boolean]
10:20:59.467 [] [] [main] TRACE o.s.beans.CachedIntrospectionResults - Found bean property &apos;sticky&apos; of type [java.lang.Boolean]
10:20:59.467 [] [] [main] TRACE o.s.beans.CachedIntrospectionResults - Found bean property &apos;stub&apos; of type [java.lang.String]
10:20:59.467 [] [] [main] TRACE o.s.beans.CachedIntrospectionResults - Found bean property &apos;stubevent&apos; of type [java.lang.Boolean]
10:20:59.467 [] [] [main] TRACE o.s.beans.CachedIntrospectionResults - Found bean property &apos;timeout&apos; of type [java.lang.Integer]
10:20:59.467 [] [] [main] TRACE o.s.beans.CachedIntrospectionResults - Found bean property &apos;validation&apos; of type [java.lang.String]
10:20:59.467 [] [] [main] TRACE o.s.beans.CachedIntrospectionResults - Found bean property &apos;version&apos; of type [java.lang.String]
10:20:59.469 [] [] [main] TRACE o.s.beans.TypeConverterDelegate - Converting String to [class java.lang.Boolean] using property editor [org.springframework.beans.propertyeditors.CustomBooleanEditor@7a1882]
10:20:59.469 [] [] [main] INFO  o.s.c.s.PostProcessorRegistrationDelegate$BeanPostProcessorChecker - Bean &apos;com.alibaba.dubbo.config.ConsumerConfig&apos; of type [class com.alibaba.dubbo.config.ConsumerConfig] is not eligible for getting processed by all BeanPostProcessors (for example: not eligible for auto-proxying)
10:20:59.469 [] [] [main] DEBUG o.s.b.f.s.DefaultListableBeanFactory - Returning cached instance of singleton bean &apos;org.springframework.transaction.config.internalTransactionAdvisor&apos;
10:20:59.469 [] [] [main] DEBUG o.s.b.f.s.DefaultListableBeanFactory - Returning cached instance of singleton bean &apos;org.springframework.aop.support.DefaultBeanFactoryPointcutAdvisor#0&apos;
10:20:59.469 [] [] [main] DEBUG o.s.b.f.s.DefaultListableBeanFactory - Returning cached instance of singleton bean &apos;org.springframework.transaction.config.internalTransactionAdvisor&apos;
10:20:59.469 [] [] [main] DEBUG o.s.b.f.s.DefaultListableBeanFactory - Returning cached instance of singleton bean &apos;org.springframework.aop.support.DefaultBeanFactoryPointcutAdvisor#0&apos;
10:20:59.472 [] [] [main] DEBUG o.s.b.f.s.DefaultListableBeanFactory - Finished creating instance of bean &apos;com.alibaba.dubbo.config.ConsumerConfig&apos;
10:20:59.474 [] [] [main] DEBUG o.s.b.f.s.DefaultListableBeanFactory - Creating shared instance of singleton bean &apos;${dubbo.provider.application.name}&apos;
10:20:59.474 [] [] [main] DEBUG o.s.b.f.s.DefaultListableBeanFactory - Creating instance of bean &apos;${dubbo.provider.application.name}&apos;
10:20:59.474 [] [] [main] DEBUG o.s.b.f.s.DefaultListableBeanFactory - Returning cached instance of singleton bean &apos;org.springframework.transaction.config.internalTransactionAdvisor&apos;
10:20:59.474 [] [] [main] DEBUG o.s.b.f.s.DefaultListableBeanFactory - Returning cached instance of singleton bean &apos;org.springframework.aop.support.DefaultBeanFactoryPointcutAdvisor#0&apos;
10:20:59.475 [] [] [main] DEBUG o.s.b.f.s.DefaultListableBeanFactory - Eagerly caching bean &apos;${dubbo.provider.application.name}&apos; to allow for resolving potential circular references
10:20:59.475 [] [] [main] TRACE o.s.beans.CachedIntrospectionResults - Getting BeanInfo for class [com.alibaba.dubbo.config.ApplicationConfig]
10:20:59.476 [] [] [main] TRACE o.s.beans.CachedIntrospectionResults - Caching PropertyDescriptors for class [com.alibaba.dubbo.config.ApplicationConfig]
10:20:59.476 [] [] [main] TRACE o.s.beans.CachedIntrospectionResults - Found bean property &apos;architecture&apos; of type [java.lang.String]
10:20:59.476 [] [] [main] TRACE o.s.beans.CachedIntrospectionResults - Found bean property &apos;class&apos; of type [java.lang.Class]
10:20:59.476 [] [] [main] TRACE o.s.beans.CachedIntrospectionResults - Found bean property &apos;compiler&apos; of type [java.lang.String]
10:20:59.476 [] [] [main] TRACE o.s.beans.CachedIntrospectionResults - Found bean property &apos;default&apos; of type [java.lang.Boolean]
10:20:59.476 [] [] [main] TRACE o.s.beans.CachedIntrospectionResults - Found bean property &apos;environment&apos; of type [java.lang.String]
10:20:59.477 [] [] [main] TRACE o.s.beans.CachedIntrospectionResults - Found bean property &apos;id&apos; of type [java.lang.String]
10:20:59.477 [] [] [main] TRACE o.s.beans.CachedIntrospectionResults - Found bean property &apos;logger&apos; of type [java.lang.String]
10:20:59.477 [] [] [main] TRACE o.s.beans.CachedIntrospectionResults - Found bean property &apos;monitor&apos; of type [com.alibaba.dubbo.config.MonitorConfig]
10:20:59.477 [] [] [main] TRACE o.s.beans.CachedIntrospectionResults - Found bean property &apos;name&apos; of type [java.lang.String]
10:20:59.477 [] [] [main] TRACE o.s.beans.CachedIntrospectionResults - Found bean property &apos;organization&apos; of type [java.lang.String]
10:20:59.477 [] [] [main] TRACE o.s.beans.CachedIntrospectionResults - Found bean property &apos;owner&apos; of type [java.lang.String]
10:20:59.477 [] [] [main] TRACE o.s.beans.CachedIntrospectionResults - Found bean property &apos;registries&apos; of type [java.util.List]
10:20:59.477 [] [] [main] TRACE o.s.beans.CachedIntrospectionResults - Found bean property &apos;registry&apos; of type [com.alibaba.dubbo.config.RegistryConfig]
10:20:59.477 [] [] [main] TRACE o.s.beans.CachedIntrospectionResults - Found bean property &apos;version&apos; of type [java.lang.String]
10:20:59.478 [] [] [main] INFO  o.s.c.s.PostProcessorRegistrationDelegate$BeanPostProcessorChecker - Bean &apos;${dubbo.provider.application.name}&apos; of type [class com.alibaba.dubbo.config.ApplicationConfig] is not eligible for getting processed by all BeanPostProcessors (for example: not eligible for auto-proxying)
10:20:59.478 [] [] [main] DEBUG o.s.b.f.s.DefaultListableBeanFactory - Returning cached instance of singleton bean &apos;org.springframework.transaction.config.internalTransactionAdvisor&apos;
10:20:59.478 [] [] [main] DEBUG o.s.b.f.s.DefaultListableBeanFactory - Returning cached instance of singleton bean &apos;org.springframework.aop.support.DefaultBeanFactoryPointcutAdvisor#0&apos;
10:20:59.478 [] [] [main] DEBUG o.s.b.f.s.DefaultListableBeanFactory - Returning cached instance of singleton bean &apos;org.springframework.transaction.config.internalTransactionAdvisor&apos;
10:20:59.478 [] [] [main] DEBUG o.s.b.f.s.DefaultListableBeanFactory - Returning cached instance of singleton bean &apos;org.springframework.aop.support.DefaultBeanFactoryPointcutAdvisor#0&apos;
10:20:59.479 [] [] [main] DEBUG o.s.b.f.s.DefaultListableBeanFactory - Finished creating instance of bean &apos;${dubbo.provider.application.name}&apos;
10:20:59.481 [] [] [main] DEBUG o.s.b.f.s.DefaultListableBeanFactory - Creating shared instance of singleton bean &apos;com.alibaba.dubbo.config.RegistryConfig&apos;
10:20:59.482 [] [] [main] DEBUG o.s.b.f.s.DefaultListableBeanFactory - Creating instance of bean &apos;com.alibaba.dubbo.config.RegistryConfig&apos;
10:20:59.482 [] [] [main] DEBUG o.s.b.f.s.DefaultListableBeanFactory - Returning cached instance of singleton bean &apos;org.springframework.transaction.config.internalTransactionAdvisor&apos;
10:20:59.482 [] [] [main] DEBUG o.s.b.f.s.DefaultListableBeanFactory - Returning cached instance of singleton bean &apos;org.springframework.aop.support.DefaultBeanFactoryPointcutAdvisor#0&apos;
10:20:59.484 [] [] [main] DEBUG o.s.b.f.s.DefaultListableBeanFactory - Eagerly caching bean &apos;com.alibaba.dubbo.config.RegistryConfig&apos; to allow for resolving potential circular references
10:20:59.484 [] [] [main] TRACE o.s.beans.CachedIntrospectionResults - Getting BeanInfo for class [com.alibaba.dubbo.config.RegistryConfig]
10:20:59.485 [] [] [main] TRACE o.s.beans.CachedIntrospectionResults - Caching PropertyDescriptors for class [com.alibaba.dubbo.config.RegistryConfig]
10:20:59.485 [] [] [main] TRACE o.s.beans.CachedIntrospectionResults - Found bean property &apos;address&apos; of type [java.lang.String]
10:20:59.485 [] [] [main] TRACE o.s.beans.CachedIntrospectionResults - Found bean property &apos;check&apos; of type [java.lang.Boolean]
10:20:59.485 [] [] [main] TRACE o.s.beans.CachedIntrospectionResults - Found bean property &apos;class&apos; of type [java.lang.Class]
10:20:59.485 [] [] [main] TRACE o.s.beans.CachedIntrospectionResults - Found bean property &apos;client&apos; of type [java.lang.String]
10:20:59.486 [] [] [main] TRACE o.s.beans.CachedIntrospectionResults - Found bean property &apos;cluster&apos; of type [java.lang.String]
10:20:59.486 [] [] [main] TRACE o.s.beans.CachedIntrospectionResults - Found bean property &apos;default&apos; of type [java.lang.Boolean]
10:20:59.486 [] [] [main] TRACE o.s.beans.CachedIntrospectionResults - Found bean property &apos;dynamic&apos; of type [java.lang.Boolean]
10:20:59.486 [] [] [main] TRACE o.s.beans.CachedIntrospectionResults - Found bean property &apos;file&apos; of type [java.lang.String]
10:20:59.486 [] [] [main] TRACE o.s.beans.CachedIntrospectionResults - Found bean property &apos;group&apos; of type [java.lang.String]
10:20:59.486 [] [] [main] TRACE o.s.beans.CachedIntrospectionResults - Found bean property &apos;id&apos; of type [java.lang.String]
10:20:59.486 [] [] [main] TRACE o.s.beans.CachedIntrospectionResults - Found bean property &apos;parameters&apos; of type [java.util.Map]
10:20:59.486 [] [] [main] TRACE o.s.beans.CachedIntrospectionResults - Found bean property &apos;password&apos; of type [java.lang.String]
10:20:59.486 [] [] [main] TRACE o.s.beans.CachedIntrospectionResults - Found bean property &apos;port&apos; of type [java.lang.Integer]
10:20:59.486 [] [] [main] TRACE o.s.beans.CachedIntrospectionResults - Found bean property &apos;protocol&apos; of type [java.lang.String]
10:20:59.486 [] [] [main] TRACE o.s.beans.CachedIntrospectionResults - Found bean property &apos;register&apos; of type [java.lang.Boolean]
10:20:59.486 [] [] [main] TRACE o.s.beans.CachedIntrospectionResults - Found bean property &apos;server&apos; of type [java.lang.String]
10:20:59.486 [] [] [main] TRACE o.s.beans.CachedIntrospectionResults - Found bean property &apos;session&apos; of type [java.lang.Integer]
10:20:59.486 [] [] [main] TRACE o.s.beans.CachedIntrospectionResults - Found bean property &apos;subscribe&apos; of type [java.lang.Boolean]
10:20:59.486 [] [] [main] TRACE o.s.beans.CachedIntrospectionResults - Found bean property &apos;timeout&apos; of type [java.lang.Integer]
10:20:59.486 [] [] [main] TRACE o.s.beans.CachedIntrospectionResults - Found bean property &apos;transport&apos; of type [java.lang.String]
10:20:59.486 [] [] [main] TRACE o.s.beans.CachedIntrospectionResults - Found bean property &apos;transporter&apos; of type [java.lang.String]
10:20:59.486 [] [] [main] TRACE o.s.beans.CachedIntrospectionResults - Found bean property &apos;username&apos; of type [java.lang.String]
10:20:59.486 [] [] [main] TRACE o.s.beans.CachedIntrospectionResults - Found bean property &apos;version&apos; of type [java.lang.String]
10:20:59.486 [] [] [main] TRACE o.s.beans.CachedIntrospectionResults - Found bean property &apos;wait&apos; of type [java.lang.Integer]
10:20:59.487 [] [] [main] INFO  o.s.c.s.PostProcessorRegistrationDelegate$BeanPostProcessorChecker - Bean &apos;com.alibaba.dubbo.config.RegistryConfig&apos; of type [class com.alibaba.dubbo.config.RegistryConfig] is not eligible for getting processed by all BeanPostProcessors (for example: not eligible for auto-proxying)
10:20:59.487 [] [] [main] DEBUG o.s.b.f.s.DefaultListableBeanFactory - Returning cached instance of singleton bean &apos;org.springframework.transaction.config.internalTransactionAdvisor&apos;
10:20:59.487 [] [] [main] DEBUG o.s.b.f.s.DefaultListableBeanFactory - Returning cached instance of singleton bean &apos;org.springframework.aop.support.DefaultBeanFactoryPointcutAdvisor#0&apos;
10:20:59.487 [] [] [main] DEBUG o.s.b.f.s.DefaultListableBeanFactory - Returning cached instance of singleton bean &apos;org.springframework.transaction.config.internalTransactionAdvisor&apos;
10:20:59.487 [] [] [main] DEBUG o.s.b.f.s.DefaultListableBeanFactory - Returning cached instance of singleton bean &apos;org.springframework.aop.support.DefaultBeanFactoryPointcutAdvisor#0&apos;
10:20:59.488 [] [] [main] DEBUG o.s.b.f.s.DefaultListableBeanFactory - Finished creating instance of bean &apos;com.alibaba.dubbo.config.RegistryConfig&apos;
10:20:59.488 [] [] [main] DEBUG o.s.b.f.s.DefaultListableBeanFactory - Creating shared instance of singleton bean &apos;com.alibaba.dubbo.config.RegistryConfig2&apos;
10:20:59.488 [] [] [main] DEBUG o.s.b.f.s.DefaultListableBeanFactory - Creating instance of bean &apos;com.alibaba.dubbo.config.RegistryConfig2&apos;
10:20:59.488 [] [] [main] DEBUG o.s.b.f.s.DefaultListableBeanFactory - Returning cached instance of singleton bean &apos;org.springframework.transaction.config.internalTransactionAdvisor&apos;
10:20:59.488 [] [] [main] DEBUG o.s.b.f.s.DefaultListableBeanFactory - Returning cached instance of singleton bean &apos;org.springframework.aop.support.DefaultBeanFactoryPointcutAdvisor#0&apos;
10:20:59.489 [] [] [main] DEBUG o.s.b.f.s.DefaultListableBeanFactory - Eagerly caching bean &apos;com.alibaba.dubbo.config.RegistryConfig2&apos; to allow for resolving potential circular references
10:20:59.489 [] [] [main] TRACE o.s.beans.TypeConverterDelegate - Converting String to [class java.lang.Integer] using property editor [org.springframework.beans.propertyeditors.CustomNumberEditor@1d8b0e1]
10:20:59.489 [] [] [main] INFO  o.s.c.s.PostProcessorRegistrationDelegate$BeanPostProcessorChecker - Bean &apos;com.alibaba.dubbo.config.RegistryConfig2&apos; of type [class com.alibaba.dubbo.config.RegistryConfig] is not eligible for getting processed by all BeanPostProcessors (for example: not eligible for auto-proxying)
10:20:59.490 [] [] [main] DEBUG o.s.b.f.s.DefaultListableBeanFactory - Returning cached instance of singleton bean &apos;org.springframework.transaction.config.internalTransactionAdvisor&apos;
10:20:59.490 [] [] [main] DEBUG o.s.b.f.s.DefaultListableBeanFactory - Returning cached instance of singleton bean &apos;org.springframework.aop.support.DefaultBeanFactoryPointcutAdvisor#0&apos;
10:20:59.490 [] [] [main] DEBUG o.s.b.f.s.DefaultListableBeanFactory - Returning cached instance of singleton bean &apos;org.springframework.transaction.config.internalTransactionAdvisor&apos;
10:20:59.490 [] [] [main] DEBUG o.s.b.f.s.DefaultListableBeanFactory - Returning cached instance of singleton bean &apos;org.springframework.aop.support.DefaultBeanFactoryPointcutAdvisor#0&apos;
10:20:59.490 [] [] [main] DEBUG o.s.b.f.s.DefaultListableBeanFactory - Finished creating instance of bean &apos;com.alibaba.dubbo.config.RegistryConfig2&apos;
10:20:59.491 [] [] [main] DEBUG o.s.b.f.s.DefaultListableBeanFactory - Creating shared instance of singleton bean &apos;com.alibaba.dubbo.config.MonitorConfig&apos;
10:20:59.491 [] [] [main] DEBUG o.s.b.f.s.DefaultListableBeanFactory - Creating instance of bean &apos;com.alibaba.dubbo.config.MonitorConfig&apos;
10:20:59.491 [] [] [main] DEBUG o.s.b.f.s.DefaultListableBeanFactory - Returning cached instance of singleton bean &apos;org.springframework.transaction.config.internalTransactionAdvisor&apos;
10:20:59.492 [] [] [main] DEBUG o.s.b.f.s.DefaultListableBeanFactory - Returning cached instance of singleton bean &apos;org.springframework.aop.support.DefaultBeanFactoryPointcutAdvisor#0&apos;
10:20:59.493 [] [] [main] DEBUG o.s.b.f.s.DefaultListableBeanFactory - Eagerly caching bean &apos;com.alibaba.dubbo.config.MonitorConfig&apos; to allow for resolving potential circular references
10:20:59.493 [] [] [main] TRACE o.s.beans.CachedIntrospectionResults - Getting BeanInfo for class [com.alibaba.dubbo.config.MonitorConfig]
10:20:59.494 [] [] [main] TRACE o.s.beans.CachedIntrospectionResults - Caching PropertyDescriptors for class [com.alibaba.dubbo.config.MonitorConfig]
10:20:59.494 [] [] [main] TRACE o.s.beans.CachedIntrospectionResults - Found bean property &apos;address&apos; of type [java.lang.String]
10:20:59.494 [] [] [main] TRACE o.s.beans.CachedIntrospectionResults - Found bean property &apos;class&apos; of type [java.lang.Class]
10:20:59.494 [] [] [main] TRACE o.s.beans.CachedIntrospectionResults - Found bean property &apos;default&apos; of type [java.lang.Boolean]
10:20:59.494 [] [] [main] TRACE o.s.beans.CachedIntrospectionResults - Found bean property &apos;group&apos; of type [java.lang.String]
10:20:59.494 [] [] [main] TRACE o.s.beans.CachedIntrospectionResults - Found bean property &apos;id&apos; of type [java.lang.String]
10:20:59.494 [] [] [main] TRACE o.s.beans.CachedIntrospectionResults - Found bean property &apos;parameters&apos; of type [java.util.Map]
10:20:59.494 [] [] [main] TRACE o.s.beans.CachedIntrospectionResults - Found bean property &apos;password&apos; of type [java.lang.String]
10:20:59.494 [] [] [main] TRACE o.s.beans.CachedIntrospectionResults - Found bean property &apos;protocol&apos; of type [java.lang.String]
10:20:59.494 [] [] [main] TRACE o.s.beans.CachedIntrospectionResults - Found bean property &apos;username&apos; of type [java.lang.String]
10:20:59.494 [] [] [main] TRACE o.s.beans.CachedIntrospectionResults - Found bean property &apos;version&apos; of type [java.lang.String]
10:20:59.495 [] [] [main] INFO  o.s.c.s.PostProcessorRegistrationDelegate$BeanPostProcessorChecker - Bean &apos;com.alibaba.dubbo.config.MonitorConfig&apos; of type [class com.alibaba.dubbo.config.MonitorConfig] is not eligible for getting processed by all BeanPostProcessors (for example: not eligible for auto-proxying)
10:20:59.495 [] [] [main] DEBUG o.s.b.f.s.DefaultListableBeanFactory - Returning cached instance of singleton bean &apos;org.springframework.transaction.config.internalTransactionAdvisor&apos;
10:20:59.495 [] [] [main] DEBUG o.s.b.f.s.DefaultListableBeanFactory - Returning cached instance of singleton bean &apos;org.springframework.aop.support.DefaultBeanFactoryPointcutAdvisor#0&apos;
10:20:59.495 [] [] [main] DEBUG o.s.b.f.s.DefaultListableBeanFactory - Returning cached instance of singleton bean &apos;org.springframework.transaction.config.internalTransactionAdvisor&apos;
10:20:59.495 [] [] [main] DEBUG o.s.b.f.s.DefaultListableBeanFactory - Returning cached instance of singleton bean &apos;org.springframework.aop.support.DefaultBeanFactoryPointcutAdvisor#0&apos;
10:20:59.496 [] [] [main] DEBUG o.s.b.f.s.DefaultListableBeanFactory - Finished creating instance of bean &apos;com.alibaba.dubbo.config.MonitorConfig&apos;
10:20:59.496 [] [] [main] INFO  o.s.c.s.PostProcessorRegistrationDelegate$BeanPostProcessorChecker - Bean &apos;iApiService&apos; of type [class com.alibaba.dubbo.config.spring.ReferenceBean] is not eligible for getting processed by all BeanPostProcessors (for example: not eligible for auto-proxying)
10:20:59.496 [] [] [main] DEBUG o.s.b.f.s.DefaultListableBeanFactory - Returning cached instance of singleton bean &apos;org.springframework.transaction.config.internalTransactionAdvisor&apos;
10:20:59.496 [] [] [main] DEBUG o.s.b.f.s.DefaultListableBeanFactory - Returning cached instance of singleton bean &apos;org.springframework.aop.support.DefaultBeanFactoryPointcutAdvisor#0&apos;
10:20:59.496 [] [] [main] DEBUG o.s.b.f.s.DefaultListableBeanFactory - Returning cached instance of singleton bean &apos;org.springframework.transaction.config.internalTransactionAdvisor&apos;
10:20:59.496 [] [] [main] DEBUG o.s.b.f.s.DefaultListableBeanFactory - Returning cached instance of singleton bean &apos;org.springframework.aop.support.DefaultBeanFactoryPointcutAdvisor#0&apos;
10:20:59.500 [] [] [main] DEBUG o.s.b.f.s.DefaultListableBeanFactory - Finished creating instance of bean &apos;iApiService&apos;
10:20:59.500 [] [] [main] DEBUG o.s.b.f.s.DefaultListableBeanFactory - Creating shared instance of singleton bean &apos;tokenFactory&apos;
10:20:59.500 [] [] [main] DEBUG o.s.b.f.s.DefaultListableBeanFactory - Creating instance of bean &apos;tokenFactory&apos;
10:20:59.500 [] [] [main] DEBUG o.s.b.f.s.DefaultListableBeanFactory - Returning cached instance of singleton bean &apos;org.springframework.transaction.config.internalTransactionAdvisor&apos;
10:20:59.500 [] [] [main] DEBUG o.s.b.f.s.DefaultListableBeanFactory - Returning cached instance of singleton bean &apos;org.springframework.aop.support.DefaultBeanFactoryPointcutAdvisor#0&apos;
10:20:59.501 [] [] [main] DEBUG o.s.b.f.s.DefaultListableBeanFactory - Eagerly caching bean &apos;tokenFactory&apos; to allow for resolving potential circular references
10:20:59.501 [] [] [main] TRACE o.s.beans.CachedIntrospectionResults - Getting BeanInfo for class [com.yonyou.iuap.auth.token.TokenFactory]
10:20:59.502 [] [] [main] TRACE o.s.beans.CachedIntrospectionResults - Caching PropertyDescriptors for class [com.yonyou.iuap.auth.token.TokenFactory]
10:20:59.502 [] [] [main] TRACE o.s.beans.CachedIntrospectionResults - Found bean property &apos;class&apos; of type [java.lang.Class]
10:20:59.502 [] [] [main] TRACE o.s.beans.CachedIntrospectionResults - Found bean property &apos;processors&apos; of type [java.util.List]
10:20:59.502 [] [] [main] DEBUG o.s.b.f.s.DefaultListableBeanFactory - Creating shared instance of singleton bean &apos;webTokenProcessor&apos;
10:20:59.502 [] [] [main] DEBUG o.s.b.f.s.DefaultListableBeanFactory - Creating instance of bean &apos;webTokenProcessor&apos;
10:20:59.502 [] [] [main] DEBUG o.s.b.f.s.DefaultListableBeanFactory - Returning cached instance of singleton bean &apos;org.springframework.transaction.config.internalTransactionAdvisor&apos;
10:20:59.502 [] [] [main] DEBUG o.s.b.f.s.DefaultListableBeanFactory - Returning cached instance of singleton bean &apos;org.springframework.aop.support.DefaultBeanFactoryPointcutAdvisor#0&apos;
10:20:59.504 [] [] [main] DEBUG o.s.b.f.annotation.InjectionMetadata - Registered injected element on class [com.yonyou.iuap.auth.token.DefaultTokenPorcessor]: AutowiredFieldElement for private com.yonyou.iuap.auth.session.SessionManager com.yonyou.iuap.auth.token.DefaultTokenPorcessor.sessionManager
10:20:59.504 [] [] [main] DEBUG o.s.b.f.s.DefaultListableBeanFactory - Eagerly caching bean &apos;webTokenProcessor&apos; to allow for resolving potential circular references
10:20:59.504 [] [] [main] TRACE o.s.beans.CachedIntrospectionResults - Getting BeanInfo for class [com.yonyou.iuap.auth.token.DefaultTokenPorcessor]
10:20:59.505 [] [] [main] TRACE o.s.beans.CachedIntrospectionResults - Caching PropertyDescriptors for class [com.yonyou.iuap.auth.token.DefaultTokenPorcessor]
10:20:59.505 [] [] [main] TRACE o.s.beans.CachedIntrospectionResults - Found bean property &apos;class&apos; of type [java.lang.Class]
10:20:59.505 [] [] [main] TRACE o.s.beans.CachedIntrospectionResults - Found bean property &apos;domain&apos; of type [java.lang.String]
10:20:59.505 [] [] [main] TRACE o.s.beans.CachedIntrospectionResults - Found bean property &apos;exacts&apos; of type [java.util.List]
10:20:59.505 [] [] [main] TRACE o.s.beans.CachedIntrospectionResults - Found bean property &apos;expr&apos; of type [java.lang.Integer]
10:20:59.505 [] [] [main] TRACE o.s.beans.CachedIntrospectionResults - Found bean property &apos;hashIterations&apos; of type [int]
10:20:59.506 [] [] [main] TRACE o.s.beans.CachedIntrospectionResults - Found bean property &apos;id&apos; of type [java.lang.String]
10:20:59.506 [] [] [main] TRACE o.s.beans.CachedIntrospectionResults - Found bean property &apos;path&apos; of type [java.lang.String]
10:20:59.506 [] [] [main] DEBUG o.s.b.f.annotation.InjectionMetadata - Processing injected method of bean &apos;webTokenProcessor&apos;: AutowiredFieldElement for private com.yonyou.iuap.auth.session.SessionManager com.yonyou.iuap.auth.token.DefaultTokenPorcessor.sessionManager
10:20:59.507 [] [] [main] DEBUG o.s.b.f.s.DefaultListableBeanFactory - Creating shared instance of singleton bean &apos;sessionMgr&apos;
10:20:59.507 [] [] [main] DEBUG o.s.b.f.s.DefaultListableBeanFactory - Creating instance of bean &apos;sessionMgr&apos;
10:20:59.507 [] [] [main] DEBUG o.s.b.f.s.DefaultListableBeanFactory - Returning cached instance of singleton bean &apos;org.springframework.transaction.config.internalTransactionAdvisor&apos;
10:20:59.507 [] [] [main] DEBUG o.s.b.f.s.DefaultListableBeanFactory - Returning cached instance of singleton bean &apos;org.springframework.aop.support.DefaultBeanFactoryPointcutAdvisor#0&apos;
10:20:59.516 [] [] [main] DEBUG o.s.b.f.s.DefaultListableBeanFactory - Eagerly caching bean &apos;sessionMgr&apos; to allow for resolving potential circular references
10:20:59.516 [] [] [main] TRACE o.s.beans.CachedIntrospectionResults - Getting BeanInfo for class [com.yonyou.iuap.auth.session.SessionManager]
10:20:59.517 [] [] [main] TRACE o.s.beans.CachedIntrospectionResults - Caching PropertyDescriptors for class [com.yonyou.iuap.auth.session.SessionManager]
10:20:59.518 [] [] [main] TRACE o.s.beans.CachedIntrospectionResults - Found bean property &apos;class&apos; of type [java.lang.Class]
10:20:59.518 [] [] [main] TRACE o.s.beans.CachedIntrospectionResults - Found bean property &apos;sessionJedisPool&apos; of type [org.springside.modules.nosql.redis.pool.JedisPool]
10:20:59.518 [] [] [main] TRACE o.s.beans.CachedIntrospectionResults - Found bean property &apos;sessionMutex&apos; of type [boolean]
10:20:59.518 [] [] [main] DEBUG o.s.b.f.s.DefaultListableBeanFactory - Creating instance of bean &apos;sessionJedisPool&apos;
10:20:59.518 [] [] [main] DEBUG o.s.b.f.s.DefaultListableBeanFactory - Returning cached instance of singleton bean &apos;org.springframework.transaction.config.internalTransactionAdvisor&apos;
10:20:59.518 [] [] [main] DEBUG o.s.b.f.s.DefaultListableBeanFactory - Returning cached instance of singleton bean &apos;org.springframework.aop.support.DefaultBeanFactoryPointcutAdvisor#0&apos;
10:20:59.525 [] [] [main] INFO  o.s.m.n.redis.pool.JedisPoolBuilder - Building JedisDirectPool, on redis server localhost:6379
10:20:59.558 [] [] [main] TRACE o.s.beans.CachedIntrospectionResults - Getting BeanInfo for class [org.springside.modules.nosql.redis.pool.JedisDirectPool]
10:20:59.561 [] [] [main] TRACE o.s.beans.CachedIntrospectionResults - Caching PropertyDescriptors for class [org.springside.modules.nosql.redis.pool.JedisDirectPool]
10:20:59.561 [] [] [main] TRACE o.s.beans.CachedIntrospectionResults - Found bean property &apos;address&apos; of type [redis.clients.jedis.HostAndPort]
10:20:59.561 [] [] [main] TRACE o.s.beans.CachedIntrospectionResults - Found bean property &apos;class&apos; of type [java.lang.Class]
10:20:59.561 [] [] [main] TRACE o.s.beans.CachedIntrospectionResults - Found bean property &apos;closed&apos; of type [boolean]
10:20:59.561 [] [] [main] TRACE o.s.beans.CachedIntrospectionResults - Found bean property &apos;connectionInfo&apos; of type [org.springside.modules.nosql.redis.pool.ConnectionInfo]
10:20:59.561 [] [] [main] TRACE o.s.beans.CachedIntrospectionResults - Found bean property &apos;resource&apos; of type [redis.clients.jedis.Jedis]
10:20:59.562 [] [] [main] INFO  o.s.c.s.PostProcessorRegistrationDelegate$BeanPostProcessorChecker - Bean &apos;sessionJedisPool&apos; of type [class org.springside.modules.nosql.redis.pool.JedisDirectPool] is not eligible for getting processed by all BeanPostProcessors (for example: not eligible for auto-proxying)
10:20:59.562 [] [] [main] DEBUG o.s.b.f.s.DefaultListableBeanFactory - Returning cached instance of singleton bean &apos;org.springframework.transaction.config.internalTransactionAdvisor&apos;
10:20:59.562 [] [] [main] DEBUG o.s.b.f.s.DefaultListableBeanFactory - Returning cached instance of singleton bean &apos;org.springframework.aop.support.DefaultBeanFactoryPointcutAdvisor#0&apos;
10:20:59.562 [] [] [main] DEBUG o.s.b.f.s.DefaultListableBeanFactory - Returning cached instance of singleton bean &apos;org.springframework.transaction.config.internalTransactionAdvisor&apos;
10:20:59.562 [] [] [main] DEBUG o.s.b.f.s.DefaultListableBeanFactory - Returning cached instance of singleton bean &apos;org.springframework.aop.support.DefaultBeanFactoryPointcutAdvisor#0&apos;
10:20:59.562 [] [] [main] DEBUG o.s.b.f.s.DefaultListableBeanFactory - Finished creating instance of bean &apos;sessionJedisPool&apos;
10:20:59.563 [] [] [main] TRACE o.s.beans.TypeConverterDelegate - Converting String to [boolean] using property editor [org.springframework.beans.propertyeditors.CustomBooleanEditor@1ed3ca7]
10:20:59.563 [] [] [main] INFO  o.s.c.s.PostProcessorRegistrationDelegate$BeanPostProcessorChecker - Bean &apos;sessionMgr&apos; of type [class com.yonyou.iuap.auth.session.SessionManager] is not eligible for getting processed by all BeanPostProcessors (for example: not eligible for auto-proxying)
10:20:59.566 [] [] [main] DEBUG o.s.b.f.s.DefaultListableBeanFactory - Returning cached instance of singleton bean &apos;org.springframework.transaction.config.internalTransactionAdvisor&apos;
10:20:59.566 [] [] [main] DEBUG o.s.b.f.s.DefaultListableBeanFactory - Returning cached instance of singleton bean &apos;org.springframework.aop.support.DefaultBeanFactoryPointcutAdvisor#0&apos;
10:20:59.566 [] [] [main] DEBUG o.s.b.f.s.DefaultListableBeanFactory - Returning cached instance of singleton bean &apos;org.springframework.transaction.config.internalTransactionAdvisor&apos;
10:20:59.566 [] [] [main] DEBUG o.s.b.f.s.DefaultListableBeanFactory - Returning cached instance of singleton bean &apos;org.springframework.aop.support.DefaultBeanFactoryPointcutAdvisor#0&apos;
10:20:59.566 [] [] [main] DEBUG o.s.b.f.s.DefaultListableBeanFactory - Finished creating instance of bean &apos;sessionMgr&apos;
10:20:59.566 [] [] [main] DEBUG o.s.b.f.a.AutowiredAnnotationBeanPostProcessor - Autowiring by type from bean name &apos;webTokenProcessor&apos; to bean named &apos;sessionMgr&apos;
10:20:59.567 [] [] [main] TRACE o.s.beans.TypeConverterDelegate - Converting String to [class java.lang.Integer] using property editor [org.springframework.beans.propertyeditors.CustomNumberEditor@1312d86]
10:20:59.568 [] [] [main] INFO  o.s.c.s.PostProcessorRegistrationDelegate$BeanPostProcessorChecker - Bean &apos;webTokenProcessor&apos; of type [class com.yonyou.iuap.auth.token.DefaultTokenPorcessor] is not eligible for getting processed by all BeanPostProcessors (for example: not eligible for auto-proxying)
10:20:59.568 [] [] [main] DEBUG o.s.b.f.s.DefaultListableBeanFactory - Returning cached instance of singleton bean &apos;org.springframework.transaction.config.internalTransactionAdvisor&apos;
10:20:59.568 [] [] [main] DEBUG o.s.b.f.s.DefaultListableBeanFactory - Returning cached instance of singleton bean &apos;org.springframework.aop.support.DefaultBeanFactoryPointcutAdvisor#0&apos;
10:20:59.568 [] [] [main] DEBUG o.s.b.f.s.DefaultListableBeanFactory - Returning cached instance of singleton bean &apos;org.springframework.transaction.config.internalTransactionAdvisor&apos;
10:20:59.568 [] [] [main] DEBUG o.s.b.f.s.DefaultListableBeanFactory - Returning cached instance of singleton bean &apos;org.springframework.aop.support.DefaultBeanFactoryPointcutAdvisor#0&apos;
10:20:59.569 [] [] [main] DEBUG o.s.b.f.s.DefaultListableBeanFactory - Finished creating instance of bean &apos;webTokenProcessor&apos;
10:20:59.569 [] [] [main] DEBUG o.s.b.f.s.DefaultListableBeanFactory - Creating shared instance of singleton bean &apos;maTokenProcessor&apos;
10:20:59.569 [] [] [main] DEBUG o.s.b.f.s.DefaultListableBeanFactory - Creating instance of bean &apos;maTokenProcessor&apos;
10:20:59.569 [] [] [main] DEBUG o.s.b.f.s.DefaultListableBeanFactory - Returning cached instance of singleton bean &apos;org.springframework.transaction.config.internalTransactionAdvisor&apos;
10:20:59.569 [] [] [main] DEBUG o.s.b.f.s.DefaultListableBeanFactory - Returning cached instance of singleton bean &apos;org.springframework.aop.support.DefaultBeanFactoryPointcutAdvisor#0&apos;
10:20:59.570 [] [] [main] DEBUG o.s.b.f.annotation.InjectionMetadata - Registered injected element on class [com.yonyou.iuap.auth.token.DefaultTokenPorcessor]: AutowiredFieldElement for private com.yonyou.iuap.auth.session.SessionManager com.yonyou.iuap.auth.token.DefaultTokenPorcessor.sessionManager
10:20:59.570 [] [] [main] DEBUG o.s.b.f.s.DefaultListableBeanFactory - Eagerly caching bean &apos;maTokenProcessor&apos; to allow for resolving potential circular references
10:20:59.570 [] [] [main] DEBUG o.s.b.f.annotation.InjectionMetadata - Processing injected method of bean &apos;maTokenProcessor&apos;: AutowiredFieldElement for private com.yonyou.iuap.auth.session.SessionManager com.yonyou.iuap.auth.token.DefaultTokenPorcessor.sessionManager
10:20:59.571 [] [] [main] DEBUG o.s.b.f.s.DefaultListableBeanFactory - Returning cached instance of singleton bean &apos;sessionMgr&apos;
10:20:59.571 [] [] [main] DEBUG o.s.b.f.a.AutowiredAnnotationBeanPostProcessor - Autowiring by type from bean name &apos;maTokenProcessor&apos; to bean named &apos;sessionMgr&apos;
10:20:59.571 [] [] [main] TRACE o.s.beans.TypeConverterDelegate - Converting String to [class java.lang.Integer] using property editor [org.springframework.beans.propertyeditors.CustomNumberEditor@13933c8]
10:20:59.572 [] [] [main] INFO  o.s.c.s.PostProcessorRegistrationDelegate$BeanPostProcessorChecker - Bean &apos;maTokenProcessor&apos; of type [class com.yonyou.iuap.auth.token.DefaultTokenPorcessor] is not eligible for getting processed by all BeanPostProcessors (for example: not eligible for auto-proxying)
10:20:59.572 [] [] [main] DEBUG o.s.b.f.s.DefaultListableBeanFactory - Returning cached instance of singleton bean &apos;org.springframework.transaction.config.internalTransactionAdvisor&apos;
10:20:59.572 [] [] [main] DEBUG o.s.b.f.s.DefaultListableBeanFactory - Returning cached instance of singleton bean &apos;org.springframework.aop.support.DefaultBeanFactoryPointcutAdvisor#0&apos;
10:20:59.572 [] [] [main] DEBUG o.s.b.f.s.DefaultListableBeanFactory - Returning cached instance of singleton bean &apos;org.springframework.transaction.config.internalTransactionAdvisor&apos;
10:20:59.572 [] [] [main] DEBUG o.s.b.f.s.DefaultListableBeanFactory - Returning cached instance of singleton bean &apos;org.springframework.aop.support.DefaultBeanFactoryPointcutAdvisor#0&apos;
10:20:59.572 [] [] [main] DEBUG o.s.b.f.s.DefaultListableBeanFactory - Finished creating instance of bean &apos;maTokenProcessor&apos;
10:20:59.573 [] [] [main] INFO  o.s.c.s.PostProcessorRegistrationDelegate$BeanPostProcessorChecker - Bean &apos;tokenFactory&apos; of type [class com.yonyou.iuap.auth.token.TokenFactory] is not eligible for getting processed by all BeanPostProcessors (for example: not eligible for auto-proxying)
10:20:59.573 [] [] [main] DEBUG o.s.b.f.s.DefaultListableBeanFactory - Returning cached instance of singleton bean &apos;org.springframework.transaction.config.internalTransactionAdvisor&apos;
10:20:59.573 [] [] [main] DEBUG o.s.b.f.s.DefaultListableBeanFactory - Returning cached instance of singleton bean &apos;org.springframework.aop.support.DefaultBeanFactoryPointcutAdvisor#0&apos;
10:20:59.573 [] [] [main] DEBUG o.s.b.f.s.DefaultListableBeanFactory - Returning cached instance of singleton bean &apos;org.springframework.transaction.config.internalTransactionAdvisor&apos;
10:20:59.573 [] [] [main] DEBUG o.s.b.f.s.DefaultListableBeanFactory - Returning cached instance of singleton bean &apos;org.springframework.aop.support.DefaultBeanFactoryPointcutAdvisor#0&apos;
10:20:59.573 [] [] [main] DEBUG o.s.b.f.s.DefaultListableBeanFactory - Finished creating instance of bean &apos;tokenFactory&apos;
10:20:59.573 [] [] [main] DEBUG o.s.b.f.a.AutowiredAnnotationBeanPostProcessor - Autowiring by type from bean name &apos;statelessRealm&apos; to bean named &apos;tokenFactory&apos;
10:20:59.573 [] [] [main] DEBUG o.s.b.f.annotation.InjectionMetadata - Processing injected method of bean &apos;statelessRealm&apos;: AutowiredFieldElement for private com.yonyou.iuap.auth.session.SessionManager com.yonyou.iuap.auth.shiro.StatelessRealm.sessionManager
10:20:59.574 [] [] [main] DEBUG o.s.b.f.s.DefaultListableBeanFactory - Returning cached instance of singleton bean &apos;sessionMgr&apos;
10:20:59.574 [] [] [main] DEBUG o.s.b.f.a.AutowiredAnnotationBeanPostProcessor - Autowiring by type from bean name &apos;statelessRealm&apos; to bean named &apos;sessionMgr&apos;
10:20:59.575 [] [] [main] TRACE o.s.beans.TypeConverterDelegate - Converting String to [boolean] using property editor [org.springframework.beans.propertyeditors.CustomBooleanEditor@76abcb]
10:20:59.575 [] [] [main] DEBUG o.a.s.s.LifecycleBeanPostProcessor - Initializing bean [statelessRealm]...
10:20:59.575 [] [] [main] INFO  o.s.c.s.PostProcessorRegistrationDelegate$BeanPostProcessorChecker - Bean &apos;statelessRealm&apos; of type [class com.yonyou.iuap.auth.shiro.StatelessRealm] is not eligible for getting processed by all BeanPostProcessors (for example: not eligible for auto-proxying)
10:20:59.575 [] [] [main] DEBUG o.s.b.f.s.DefaultListableBeanFactory - Returning cached instance of singleton bean &apos;org.springframework.transaction.config.internalTransactionAdvisor&apos;
10:20:59.575 [] [] [main] DEBUG o.s.b.f.s.DefaultListableBeanFactory - Returning cached instance of singleton bean &apos;org.springframework.aop.support.DefaultBeanFactoryPointcutAdvisor#0&apos;
10:20:59.575 [] [] [main] DEBUG o.s.b.f.s.DefaultListableBeanFactory - Returning cached instance of singleton bean &apos;org.springframework.transaction.config.internalTransactionAdvisor&apos;
10:20:59.575 [] [] [main] DEBUG o.s.b.f.s.DefaultListableBeanFactory - Returning cached instance of singleton bean &apos;org.springframework.aop.support.DefaultBeanFactoryPointcutAdvisor#0&apos;
10:20:59.576 [] [] [main] DEBUG o.s.b.f.s.DefaultListableBeanFactory - Finished creating instance of bean &apos;statelessRealm&apos;
10:20:59.576 [] [] [main] TRACE o.s.beans.BeanWrapperImpl - Creating new nested BeanWrapper for property &apos;subjectDAO&apos;
10:20:59.576 [] [] [main] TRACE o.s.beans.CachedIntrospectionResults - Getting BeanInfo for class [org.apache.shiro.mgt.DefaultSubjectDAO]
10:20:59.578 [] [] [main] TRACE o.s.beans.CachedIntrospectionResults - Caching PropertyDescriptors for class [org.apache.shiro.mgt.DefaultSubjectDAO]
10:20:59.578 [] [] [main] TRACE o.s.beans.CachedIntrospectionResults - Found bean property &apos;class&apos; of type [java.lang.Class]
10:20:59.578 [] [] [main] TRACE o.s.beans.CachedIntrospectionResults - Found bean property &apos;sessionStorageEvaluator&apos; of type [org.apache.shiro.mgt.SessionStorageEvaluator]
10:20:59.578 [] [] [main] TRACE o.s.beans.BeanWrapperImpl - Creating new nested BeanWrapper for property &apos;sessionStorageEvaluator&apos;
10:20:59.578 [] [] [main] TRACE o.s.beans.CachedIntrospectionResults - Getting BeanInfo for class [org.apache.shiro.web.mgt.DefaultWebSessionStorageEvaluator]
10:20:59.580 [] [] [main] TRACE o.s.beans.CachedIntrospectionResults - Caching PropertyDescriptors for class [org.apache.shiro.web.mgt.DefaultWebSessionStorageEvaluator]
10:20:59.580 [] [] [main] TRACE o.s.beans.CachedIntrospectionResults - Found bean property &apos;class&apos; of type [java.lang.Class]
10:20:59.580 [] [] [main] TRACE o.s.beans.CachedIntrospectionResults - Found bean property &apos;sessionStorageEnabled&apos; of type [boolean]
10:20:59.580 [] [] [main] DEBUG o.s.b.f.s.DefaultListableBeanFactory - Creating shared instance of singleton bean &apos;subjectFactory&apos;
10:20:59.580 [] [] [main] DEBUG o.s.b.f.s.DefaultListableBeanFactory - Creating instance of bean &apos;subjectFactory&apos;
10:20:59.580 [] [] [main] DEBUG o.s.b.f.s.DefaultListableBeanFactory - Returning cached instance of singleton bean &apos;org.springframework.transaction.config.internalTransactionAdvisor&apos;
10:20:59.580 [] [] [main] DEBUG o.s.b.f.s.DefaultListableBeanFactory - Returning cached instance of singleton bean &apos;org.springframework.aop.support.DefaultBeanFactoryPointcutAdvisor#0&apos;
10:20:59.580 [] [] [main] DEBUG o.s.b.f.s.DefaultListableBeanFactory - Eagerly caching bean &apos;subjectFactory&apos; to allow for resolving potential circular references
10:20:59.580 [] [] [main] TRACE o.s.beans.CachedIntrospectionResults - Getting BeanInfo for class [com.yonyou.iuap.auth.shiro.StatelessDefaultSubjectFactory]
10:20:59.583 [] [] [main] TRACE o.s.beans.CachedIntrospectionResults - Caching PropertyDescriptors for class [com.yonyou.iuap.auth.shiro.StatelessDefaultSubjectFactory]
10:20:59.583 [] [] [main] TRACE o.s.beans.CachedIntrospectionResults - Found bean property &apos;class&apos; of type [java.lang.Class]
10:20:59.583 [] [] [main] INFO  o.s.c.s.PostProcessorRegistrationDelegate$BeanPostProcessorChecker - Bean &apos;subjectFactory&apos; of type [class com.yonyou.iuap.auth.shiro.StatelessDefaultSubjectFactory] is not eligible for getting processed by all BeanPostProcessors (for example: not eligible for auto-proxying)
10:20:59.583 [] [] [main] DEBUG o.s.b.f.s.DefaultListableBeanFactory - Returning cached instance of singleton bean &apos;org.springframework.transaction.config.internalTransactionAdvisor&apos;
10:20:59.583 [] [] [main] DEBUG o.s.b.f.s.DefaultListableBeanFactory - Returning cached instance of singleton bean &apos;org.springframework.aop.support.DefaultBeanFactoryPointcutAdvisor#0&apos;
10:20:59.583 [] [] [main] DEBUG o.s.b.f.s.DefaultListableBeanFactory - Returning cached instance of singleton bean &apos;org.springframework.transaction.config.internalTransactionAdvisor&apos;
10:20:59.583 [] [] [main] DEBUG o.s.b.f.s.DefaultListableBeanFactory - Returning cached instance of singleton bean &apos;org.springframework.aop.support.DefaultBeanFactoryPointcutAdvisor#0&apos;
10:20:59.584 [] [] [main] DEBUG o.s.b.f.s.DefaultListableBeanFactory - Finished creating instance of bean &apos;subjectFactory&apos;
10:20:59.584 [] [] [main] DEBUG o.s.b.f.s.DefaultListableBeanFactory - Creating shared instance of singleton bean &apos;sessionManager&apos;
10:20:59.584 [] [] [main] DEBUG o.s.b.f.s.DefaultListableBeanFactory - Creating instance of bean &apos;sessionManager&apos;
10:20:59.584 [] [] [main] DEBUG o.s.b.f.s.DefaultListableBeanFactory - Returning cached instance of singleton bean &apos;org.springframework.transaction.config.internalTransactionAdvisor&apos;
10:20:59.584 [] [] [main] DEBUG o.s.b.f.s.DefaultListableBeanFactory - Returning cached instance of singleton bean &apos;org.springframework.aop.support.DefaultBeanFactoryPointcutAdvisor#0&apos;
10:20:59.585 [] [] [main] DEBUG o.s.b.f.s.DefaultListableBeanFactory - Eagerly caching bean &apos;sessionManager&apos; to allow for resolving potential circular references
10:20:59.585 [] [] [main] TRACE o.s.beans.CachedIntrospectionResults - Getting BeanInfo for class [org.apache.shiro.session.mgt.DefaultSessionManager]
10:20:59.592 [] [] [main] TRACE o.s.beans.CachedIntrospectionResults - Caching PropertyDescriptors for class [org.apache.shiro.session.mgt.DefaultSessionManager]
10:20:59.592 [] [] [main] TRACE o.s.beans.CachedIntrospectionResults - Found bean property &apos;cacheManager&apos; of type [org.apache.shiro.cache.CacheManager]
10:20:59.592 [] [] [main] TRACE o.s.beans.CachedIntrospectionResults - Found bean property &apos;class&apos; of type [java.lang.Class]
10:20:59.592 [] [] [main] TRACE o.s.beans.CachedIntrospectionResults - Found bean property &apos;deleteInvalidSessions&apos; of type [boolean]
10:20:59.592 [] [] [main] TRACE o.s.beans.CachedIntrospectionResults - Found bean property &apos;globalSessionTimeout&apos; of type [long]
10:20:59.592 [] [] [main] TRACE o.s.beans.CachedIntrospectionResults - Found bean property &apos;sessionDAO&apos; of type [org.apache.shiro.session.mgt.eis.SessionDAO]
10:20:59.592 [] [] [main] TRACE o.s.beans.CachedIntrospectionResults - Found bean property &apos;sessionFactory&apos; of type [org.apache.shiro.session.mgt.SessionFactory]
10:20:59.592 [] [] [main] TRACE o.s.beans.CachedIntrospectionResults - Found bean property &apos;sessionListeners&apos; of type [java.util.Collection]
10:20:59.592 [] [] [main] TRACE o.s.beans.CachedIntrospectionResults - Found bean property &apos;sessionValidationInterval&apos; of type [long]
10:20:59.592 [] [] [main] TRACE o.s.beans.CachedIntrospectionResults - Found bean property &apos;sessionValidationScheduler&apos; of type [org.apache.shiro.session.mgt.SessionValidationScheduler]
10:20:59.592 [] [] [main] TRACE o.s.beans.CachedIntrospectionResults - Found bean property &apos;sessionValidationSchedulerEnabled&apos; of type [boolean]
10:20:59.593 [] [] [main] TRACE o.s.beans.TypeConverterDelegate - Converting String to [boolean] using property editor [org.springframework.beans.propertyeditors.CustomBooleanEditor@34fc44]
10:20:59.593 [] [] [main] INFO  o.s.c.s.PostProcessorRegistrationDelegate$BeanPostProcessorChecker - Bean &apos;sessionManager&apos; of type [class org.apache.shiro.session.mgt.DefaultSessionManager] is not eligible for getting processed by all BeanPostProcessors (for example: not eligible for auto-proxying)
10:20:59.593 [] [] [main] DEBUG o.s.b.f.s.DefaultListableBeanFactory - Returning cached instance of singleton bean &apos;org.springframework.transaction.config.internalTransactionAdvisor&apos;
10:20:59.593 [] [] [main] DEBUG o.s.b.f.s.DefaultListableBeanFactory - Returning cached instance of singleton bean &apos;org.springframework.aop.support.DefaultBeanFactoryPointcutAdvisor#0&apos;
10:20:59.593 [] [] [main] DEBUG o.s.b.f.s.DefaultListableBeanFactory - Returning cached instance of singleton bean &apos;org.springframework.transaction.config.internalTransactionAdvisor&apos;
10:20:59.593 [] [] [main] DEBUG o.s.b.f.s.DefaultListableBeanFactory - Returning cached instance of singleton bean &apos;org.springframework.aop.support.DefaultBeanFactoryPointcutAdvisor#0&apos;
10:20:59.595 [] [] [main] DEBUG o.s.b.f.s.DefaultListableBeanFactory - Finished creating instance of bean &apos;sessionManager&apos;
10:20:59.595 [] [] [main] TRACE o.s.beans.BeanWrapperImpl - Using cached nested BeanWrapper for property &apos;subjectDAO&apos;
10:20:59.595 [] [] [main] TRACE o.s.beans.BeanWrapperImpl - Using cached nested BeanWrapper for property &apos;sessionStorageEvaluator&apos;
10:20:59.595 [] [] [main] TRACE o.s.beans.TypeConverterDelegate - Converting String to [boolean] using property editor [org.springframework.beans.propertyeditors.CustomBooleanEditor@9dfe86]
10:20:59.596 [] [] [main] WARN  o.a.s.w.m.DefaultWebSecurityManager - The org.apache.shiro.web.mgt.DefaultWebSecurityManager implementation expects SessionManager instances that implement the org.apache.shiro.web.session.mgt.WebSessionManager interface.  The configured instance is of type [org.apache.shiro.session.mgt.DefaultSessionManager] which does not implement this interface..  This may cause unexpected behavior.
10:20:59.596 [] [] [main] INFO  o.s.c.s.PostProcessorRegistrationDelegate$BeanPostProcessorChecker - Bean &apos;securityManager&apos; of type [class org.apache.shiro.web.mgt.DefaultWebSecurityManager] is not eligible for getting processed by all BeanPostProcessors (for example: not eligible for auto-proxying)
10:20:59.596 [] [] [main] DEBUG o.s.b.f.s.DefaultListableBeanFactory - Finished creating instance of bean &apos;securityManager&apos;
10:20:59.596 [] [] [main] DEBUG o.s.b.f.s.DefaultListableBeanFactory - Creating instance of bean &apos;util:map#15e2a51&apos;
10:20:59.596 [] [] [main] DEBUG o.s.b.f.s.DefaultListableBeanFactory - Returning cached instance of singleton bean &apos;org.springframework.transaction.config.internalTransactionAdvisor&apos;
10:20:59.596 [] [] [main] DEBUG o.s.b.f.s.DefaultListableBeanFactory - Returning cached instance of singleton bean &apos;org.springframework.aop.support.DefaultBeanFactoryPointcutAdvisor#0&apos;
10:20:59.597 [] [] [main] TRACE o.s.beans.CachedIntrospectionResults - Getting BeanInfo for class [org.springframework.beans.factory.config.MapFactoryBean]
10:20:59.600 [] [] [main] TRACE o.s.beans.CachedIntrospectionResults - Caching PropertyDescriptors for class [org.springframework.beans.factory.config.MapFactoryBean]
10:20:59.600 [] [] [main] TRACE o.s.beans.CachedIntrospectionResults - Found bean property &apos;beanClassLoader&apos; of type [java.lang.ClassLoader]
10:20:59.600 [] [] [main] TRACE o.s.beans.CachedIntrospectionResults - Found bean property &apos;beanFactory&apos; of type [org.springframework.beans.factory.BeanFactory]
10:20:59.600 [] [] [main] TRACE o.s.beans.CachedIntrospectionResults - Found bean property &apos;class&apos; of type [java.lang.Class]
10:20:59.600 [] [] [main] TRACE o.s.beans.CachedIntrospectionResults - Found bean property &apos;object&apos; of type [java.util.Map]
10:20:59.600 [] [] [main] TRACE o.s.beans.CachedIntrospectionResults - Found bean property &apos;objectType&apos; of type [java.lang.Class]
10:20:59.600 [] [] [main] TRACE o.s.beans.CachedIntrospectionResults - Found bean property &apos;singleton&apos; of type [boolean]
10:20:59.600 [] [] [main] TRACE o.s.beans.CachedIntrospectionResults - Found bean property &apos;sourceMap&apos; of type [java.util.Map]
10:20:59.600 [] [] [main] TRACE o.s.beans.CachedIntrospectionResults - Found bean property &apos;targetMapClass&apos; of type [java.lang.Class]
10:20:59.601 [] [] [main] DEBUG o.s.b.f.s.DefaultListableBeanFactory - Creating shared instance of singleton bean &apos;statelessAuthcFilter&apos;
10:20:59.602 [] [] [main] DEBUG o.s.b.f.s.DefaultListableBeanFactory - Creating instance of bean &apos;statelessAuthcFilter&apos;
10:20:59.602 [] [] [main] DEBUG o.s.b.f.s.DefaultListableBeanFactory - Returning cached instance of singleton bean &apos;org.springframework.transaction.config.internalTransactionAdvisor&apos;
10:20:59.602 [] [] [main] DEBUG o.s.b.f.s.DefaultListableBeanFactory - Returning cached instance of singleton bean &apos;org.springframework.aop.support.DefaultBeanFactoryPointcutAdvisor#0&apos;
10:20:59.605 [] [] [main] DEBUG o.s.b.f.annotation.InjectionMetadata - Registered injected element on class [com.yonyou.iuap.auth.shiro.StatelessAuthcFilter]: AutowiredFieldElement for private com.yonyou.iuap.auth.token.TokenFactory com.yonyou.iuap.auth.shiro.StatelessAuthcFilter.tokenFactory
10:20:59.605 [] [] [main] DEBUG o.s.b.f.s.DefaultListableBeanFactory - Eagerly caching bean &apos;statelessAuthcFilter&apos; to allow for resolving potential circular references
10:20:59.605 [] [] [main] TRACE o.s.beans.CachedIntrospectionResults - Getting BeanInfo for class [com.yonyou.iuap.auth.shiro.StatelessAuthcFilter]
10:20:59.614 [] [] [main] TRACE o.s.beans.CachedIntrospectionResults - Caching PropertyDescriptors for class [com.yonyou.iuap.auth.shiro.StatelessAuthcFilter]
10:20:59.614 [] [] [main] TRACE o.s.beans.CachedIntrospectionResults - Found bean property &apos;class&apos; of type [java.lang.Class]
10:20:59.614 [] [] [main] TRACE o.s.beans.CachedIntrospectionResults - Found bean property &apos;enabled&apos; of type [boolean]
10:20:59.614 [] [] [main] TRACE o.s.beans.CachedIntrospectionResults - Found bean property &apos;esc&apos; of type [[Ljava.lang.String;]
10:20:59.614 [] [] [main] TRACE o.s.beans.CachedIntrospectionResults - Found bean property &apos;excludCongtextKeys&apos; of type [java.util.List]
10:20:59.614 [] [] [main] TRACE o.s.beans.CachedIntrospectionResults - Found bean property &apos;filterConfig&apos; of type [javax.servlet.FilterConfig]
10:20:59.614 [] [] [main] TRACE o.s.beans.CachedIntrospectionResults - Found bean property &apos;loginUrl&apos; of type [java.lang.String]
10:20:59.614 [] [] [main] TRACE o.s.beans.CachedIntrospectionResults - Found bean property &apos;name&apos; of type [java.lang.String]
10:20:59.614 [] [] [main] TRACE o.s.beans.CachedIntrospectionResults - Found bean property &apos;servletContext&apos; of type [javax.servlet.ServletContext]
10:20:59.614 [] [] [main] TRACE o.s.beans.CachedIntrospectionResults - Found bean property &apos;sysid&apos; of type [java.lang.String]
10:20:59.614 [] [] [main] TRACE o.s.beans.CachedIntrospectionResults - Found bean property &apos;tokenFactory&apos; of type [com.yonyou.iuap.auth.token.TokenFactory]
10:20:59.615 [] [] [main] DEBUG o.s.b.f.annotation.InjectionMetadata - Processing injected method of bean &apos;statelessAuthcFilter&apos;: AutowiredFieldElement for private com.yonyou.iuap.auth.token.TokenFactory com.yonyou.iuap.auth.shiro.StatelessAuthcFilter.tokenFactory
10:20:59.616 [] [] [main] DEBUG o.s.b.f.s.DefaultListableBeanFactory - Returning cached instance of singleton bean &apos;tokenFactory&apos;
10:20:59.616 [] [] [main] DEBUG o.s.b.f.a.AutowiredAnnotationBeanPostProcessor - Autowiring by type from bean name &apos;statelessAuthcFilter&apos; to bean named &apos;tokenFactory&apos;
10:20:59.616 [] [] [main] DEBUG o.s.b.f.s.DefaultListableBeanFactory - Returning cached instance of singleton bean &apos;tokenFactory&apos;
10:20:59.617 [] [] [main] INFO  o.s.c.s.PostProcessorRegistrationDelegate$BeanPostProcessorChecker - Bean &apos;statelessAuthcFilter&apos; of type [class com.yonyou.iuap.auth.shiro.StatelessAuthcFilter] is not eligible for getting processed by all BeanPostProcessors (for example: not eligible for auto-proxying)
10:20:59.617 [] [] [main] DEBUG o.s.b.f.s.DefaultListableBeanFactory - Returning cached instance of singleton bean &apos;org.springframework.transaction.config.internalTransactionAdvisor&apos;
10:20:59.617 [] [] [main] DEBUG o.s.b.f.s.DefaultListableBeanFactory - Returning cached instance of singleton bean &apos;org.springframework.aop.support.DefaultBeanFactoryPointcutAdvisor#0&apos;
10:20:59.617 [] [] [main] DEBUG o.s.b.f.s.DefaultListableBeanFactory - Returning cached instance of singleton bean &apos;org.springframework.transaction.config.internalTransactionAdvisor&apos;
10:20:59.617 [] [] [main] DEBUG o.s.b.f.s.DefaultListableBeanFactory - Returning cached instance of singleton bean &apos;org.springframework.aop.support.DefaultBeanFactoryPointcutAdvisor#0&apos;
10:20:59.617 [] [] [main] DEBUG o.s.b.f.s.DefaultListableBeanFactory - Finished creating instance of bean &apos;statelessAuthcFilter&apos;
10:20:59.619 [] [] [main] DEBUG o.s.b.f.s.DefaultListableBeanFactory - Invoking afterPropertiesSet() on bean with name &apos;util:map#15e2a51&apos;
10:20:59.619 [] [] [main] INFO  o.s.c.s.PostProcessorRegistrationDelegate$BeanPostProcessorChecker - Bean &apos;util:map#15e2a51&apos; of type [class org.springframework.beans.factory.config.MapFactoryBean] is not eligible for getting processed by all BeanPostProcessors (for example: not eligible for auto-proxying)
10:20:59.619 [] [] [main] DEBUG o.s.b.f.s.DefaultListableBeanFactory - Returning cached instance of singleton bean &apos;org.springframework.transaction.config.internalTransactionAdvisor&apos;
10:20:59.619 [] [] [main] DEBUG o.s.b.f.s.DefaultListableBeanFactory - Returning cached instance of singleton bean &apos;org.springframework.aop.support.DefaultBeanFactoryPointcutAdvisor#0&apos;
10:20:59.619 [] [] [main] DEBUG o.s.b.f.s.DefaultListableBeanFactory - Returning cached instance of singleton bean &apos;org.springframework.transaction.config.internalTransactionAdvisor&apos;
10:20:59.619 [] [] [main] DEBUG o.s.b.f.s.DefaultListableBeanFactory - Returning cached instance of singleton bean &apos;org.springframework.aop.support.DefaultBeanFactoryPointcutAdvisor#0&apos;
10:20:59.620 [] [] [main] DEBUG o.s.b.f.s.DefaultListableBeanFactory - Finished creating instance of bean &apos;util:map#15e2a51&apos;
10:20:59.620 [] [] [main] INFO  o.s.c.s.PostProcessorRegistrationDelegate$BeanPostProcessorChecker - Bean &apos;util:map#15e2a51&apos; of type [class java.util.LinkedHashMap] is not eligible for getting processed by all BeanPostProcessors (for example: not eligible for auto-proxying)
10:20:59.620 [] [] [main] DEBUG o.s.b.f.s.DefaultListableBeanFactory - Returning cached instance of singleton bean &apos;org.springframework.transaction.config.internalTransactionAdvisor&apos;
10:20:59.620 [] [] [main] DEBUG o.s.b.f.s.DefaultListableBeanFactory - Returning cached instance of singleton bean &apos;org.springframework.aop.support.DefaultBeanFactoryPointcutAdvisor#0&apos;
10:20:59.620 [] [] [main] DEBUG o.s.b.f.s.DefaultListableBeanFactory - Returning cached instance of singleton bean &apos;org.springframework.transaction.config.internalTransactionAdvisor&apos;
10:20:59.620 [] [] [main] DEBUG o.s.b.f.s.DefaultListableBeanFactory - Returning cached instance of singleton bean &apos;org.springframework.aop.support.DefaultBeanFactoryPointcutAdvisor#0&apos;
10:20:59.624 [] [] [main] TRACE org.apache.shiro.config.Ini - Discovered key/value pair: /logout=logout
10:20:59.624 [] [] [main] TRACE org.apache.shiro.config.Ini - Discovered key/value pair: /static/**=anon
10:20:59.624 [] [] [main] TRACE org.apache.shiro.config.Ini - Discovered key/value pair: /css/**=anon
10:20:59.625 [] [] [main] TRACE org.apache.shiro.config.Ini - Discovered key/value pair: /images/**=anon
10:20:59.625 [] [] [main] TRACE org.apache.shiro.config.Ini - Discovered key/value pair: /trd/**=anon
10:20:59.625 [] [] [main] TRACE org.apache.shiro.config.Ini - Discovered key/value pair: /js/**=anon
10:20:59.625 [] [] [main] TRACE org.apache.shiro.config.Ini - Discovered key/value pair: /api/**=anon
10:20:59.625 [] [] [main] TRACE org.apache.shiro.config.Ini - Discovered key/value pair: /cxf/**=anon
10:20:59.625 [] [] [main] TRACE org.apache.shiro.config.Ini - Discovered key/value pair: /jaxrs/**=anon
10:20:59.625 [] [] [main] TRACE org.apache.shiro.config.Ini - Discovered key/value pair: /account/login/formLogin=anon
10:20:59.625 [] [] [main] TRACE org.apache.shiro.config.Ini - Discovered key/value pair: /**=statelessAuthc
10:20:59.625 [] [] [main] TRACE org.apache.shiro.config.Ini - Specified name was null or empty.  Defaulting to the default section (name = &quot;&quot;)
10:20:59.625 [] [] [main] DEBUG o.s.b.f.s.DefaultListableBeanFactory - Finished creating instance of bean &apos;shiroFilter&apos;
10:20:59.627 [] [] [main] DEBUG o.s.c.s.GenericApplicationContext - Unable to locate MessageSource with name &apos;messageSource&apos;: using default [org.springframework.context.support.DelegatingMessageSource@87f680]
10:20:59.628 [] [] [main] DEBUG o.s.c.s.GenericApplicationContext - Unable to locate ApplicationEventMulticaster with name &apos;applicationEventMulticaster&apos;: using default [org.springframework.context.event.SimpleApplicationEventMulticaster@445e4c]
10:20:59.630 [] [] [main] DEBUG o.s.b.f.s.DefaultListableBeanFactory - Creating shared instance of singleton bean &apos;entityManagerFactory&apos;
10:20:59.630 [] [] [main] DEBUG o.s.b.f.s.DefaultListableBeanFactory - Creating instance of bean &apos;entityManagerFactory&apos;
10:20:59.630 [] [] [main] DEBUG o.s.b.f.s.DefaultListableBeanFactory - Returning cached instance of singleton bean &apos;org.springframework.transaction.config.internalTransactionAdvisor&apos;
10:20:59.630 [] [] [main] DEBUG o.s.b.f.s.DefaultListableBeanFactory - Returning cached instance of singleton bean &apos;org.springframework.aop.support.DefaultBeanFactoryPointcutAdvisor#0&apos;
10:20:59.631 [] [] [main] DEBUG o.s.b.f.s.DefaultListableBeanFactory - Eagerly caching bean &apos;entityManagerFactory&apos; to allow for resolving potential circular references
10:20:59.632 [] [] [main] TRACE o.s.beans.CachedIntrospectionResults - Getting BeanInfo for class [org.springframework.orm.jpa.LocalContainerEntityManagerFactoryBean]
10:20:59.634 [] [] [main] TRACE o.s.beans.CachedIntrospectionResults - Caching PropertyDescriptors for class [org.springframework.orm.jpa.LocalContainerEntityManagerFactoryBean]
10:20:59.634 [] [] [main] TRACE o.s.beans.CachedIntrospectionResults - Found bean property &apos;beanClassLoader&apos; of type [java.lang.ClassLoader]
10:20:59.634 [] [] [main] TRACE o.s.beans.CachedIntrospectionResults - Found bean property &apos;beanFactory&apos; of type [org.springframework.beans.factory.BeanFactory]
10:20:59.634 [] [] [main] TRACE o.s.beans.CachedIntrospectionResults - Found bean property &apos;beanName&apos; of type [java.lang.String]
10:20:59.634 [] [] [main] TRACE o.s.beans.CachedIntrospectionResults - Found bean property &apos;class&apos; of type [java.lang.Class]
10:20:59.634 [] [] [main] TRACE o.s.beans.CachedIntrospectionResults - Found bean property &apos;dataSource&apos; of type [javax.sql.DataSource]
10:20:59.634 [] [] [main] TRACE o.s.beans.CachedIntrospectionResults - Found bean property &apos;entityManagerFactoryInterface&apos; of type [java.lang.Class]
10:20:59.634 [] [] [main] TRACE o.s.beans.CachedIntrospectionResults - Found bean property &apos;entityManagerInterface&apos; of type [java.lang.Class]
10:20:59.634 [] [] [main] TRACE o.s.beans.CachedIntrospectionResults - Found bean property &apos;jpaDialect&apos; of type [org.springframework.orm.jpa.JpaDialect]
10:20:59.634 [] [] [main] TRACE o.s.beans.CachedIntrospectionResults - Found bean property &apos;jpaProperties&apos; of type [java.util.Properties]
10:20:59.634 [] [] [main] TRACE o.s.beans.CachedIntrospectionResults - Found bean property &apos;jpaPropertyMap&apos; of type [java.util.Map]
10:20:59.634 [] [] [main] TRACE o.s.beans.CachedIntrospectionResults - Found bean property &apos;jpaVendorAdapter&apos; of type [org.springframework.orm.jpa.JpaVendorAdapter]
10:20:59.634 [] [] [main] TRACE o.s.beans.CachedIntrospectionResults - Found bean property &apos;jtaDataSource&apos; of type [javax.sql.DataSource]
10:20:59.634 [] [] [main] TRACE o.s.beans.CachedIntrospectionResults - Found bean property &apos;loadTimeWeaver&apos; of type [org.springframework.instrument.classloading.LoadTimeWeaver]
10:20:59.634 [] [] [main] TRACE o.s.beans.CachedIntrospectionResults - Found bean property &apos;mappingResources&apos; of type [[Ljava.lang.String;]
10:20:59.634 [] [] [main] TRACE o.s.beans.CachedIntrospectionResults - Found bean property &apos;nativeEntityManagerFactory&apos; of type [javax.persistence.EntityManagerFactory]
10:20:59.634 [] [] [main] TRACE o.s.beans.CachedIntrospectionResults - Found bean property &apos;object&apos; of type [javax.persistence.EntityManagerFactory]
10:20:59.634 [] [] [main] TRACE o.s.beans.CachedIntrospectionResults - Found bean property &apos;objectType&apos; of type [java.lang.Class]
10:20:59.634 [] [] [main] TRACE o.s.beans.CachedIntrospectionResults - Found bean property &apos;packagesToScan&apos; of type [[Ljava.lang.String;]
10:20:59.634 [] [] [main] TRACE o.s.beans.CachedIntrospectionResults - Found bean property &apos;persistenceProvider&apos; of type [javax.persistence.spi.PersistenceProvider]
10:20:59.634 [] [] [main] TRACE o.s.beans.CachedIntrospectionResults - Found bean property &apos;persistenceProviderClass&apos; of type [java.lang.Class]
10:20:59.634 [] [] [main] TRACE o.s.beans.CachedIntrospectionResults - Found bean property &apos;persistenceUnitInfo&apos; of type [javax.persistence.spi.PersistenceUnitInfo]
10:20:59.634 [] [] [main] TRACE o.s.beans.CachedIntrospectionResults - Found bean property &apos;persistenceUnitManager&apos; of type [org.springframework.orm.jpa.persistenceunit.PersistenceUnitManager]
10:20:59.634 [] [] [main] TRACE o.s.beans.CachedIntrospectionResults - Found bean property &apos;persistenceUnitName&apos; of type [java.lang.String]
10:20:59.635 [] [] [main] TRACE o.s.beans.CachedIntrospectionResults - Found bean property &apos;persistenceUnitPostProcessors&apos; of type [[Lorg.springframework.orm.jpa.persistenceunit.PersistenceUnitPostProcessor;]
10:20:59.635 [] [] [main] TRACE o.s.beans.CachedIntrospectionResults - Found bean property &apos;persistenceXmlLocation&apos; of type [java.lang.String]
10:20:59.635 [] [] [main] TRACE o.s.beans.CachedIntrospectionResults - Found bean property &apos;resourceLoader&apos; of type [org.springframework.core.io.ResourceLoader]
10:20:59.635 [] [] [main] TRACE o.s.beans.CachedIntrospectionResults - Found bean property &apos;singleton&apos; of type [boolean]
10:20:59.636 [] [] [main] DEBUG o.s.b.f.s.DefaultListableBeanFactory - Creating shared instance of singleton bean &apos;dataSource&apos;
10:20:59.636 [] [] [main] DEBUG o.s.b.f.s.DefaultListableBeanFactory - Creating instance of bean &apos;dataSource&apos;
10:20:59.636 [] [] [main] DEBUG o.s.b.f.s.DefaultListableBeanFactory - Returning cached instance of singleton bean &apos;org.springframework.transaction.config.internalTransactionAdvisor&apos;
10:20:59.636 [] [] [main] DEBUG o.s.b.f.s.DefaultListableBeanFactory - Returning cached instance of singleton bean &apos;org.springframework.aop.support.DefaultBeanFactoryPointcutAdvisor#0&apos;
10:20:59.646 [] [] [main] DEBUG o.s.b.f.s.DefaultListableBeanFactory - Eagerly caching bean &apos;dataSource&apos; to allow for resolving potential circular references
10:20:59.646 [] [] [main] TRACE o.s.beans.CachedIntrospectionResults - Getting BeanInfo for class [org.apache.tomcat.jdbc.pool.DataSource]
10:20:59.649 [] [] [main] TRACE o.s.beans.CachedIntrospectionResults - Caching PropertyDescriptors for class [org.apache.tomcat.jdbc.pool.DataSource]
10:20:59.649 [] [] [main] TRACE o.s.beans.CachedIntrospectionResults - Found bean property &apos;XAConnection&apos; of type [javax.sql.XAConnection]
10:20:59.649 [] [] [main] TRACE o.s.beans.CachedIntrospectionResults - Found bean property &apos;abandonWhenPercentageFull&apos; of type [int]
10:20:59.649 [] [] [main] TRACE o.s.beans.CachedIntrospectionResults - Found bean property &apos;accessToUnderlyingConnectionAllowed&apos; of type [boolean]
10:20:59.649 [] [] [main] TRACE o.s.beans.CachedIntrospectionResults - Found bean property &apos;active&apos; of type [int]
10:20:59.649 [] [] [main] TRACE o.s.beans.CachedIntrospectionResults - Found bean property &apos;alternateUsernameAllowed&apos; of type [boolean]
10:20:59.649 [] [] [main] TRACE o.s.beans.CachedIntrospectionResults - Found bean property &apos;class&apos; of type [java.lang.Class]
10:20:59.649 [] [] [main] TRACE o.s.beans.CachedIntrospectionResults - Found bean property &apos;commitOnReturn&apos; of type [boolean]
10:20:59.649 [] [] [main] TRACE o.s.beans.CachedIntrospectionResults - Found bean property &apos;connection&apos; of type [java.sql.Connection]
10:20:59.649 [] [] [main] TRACE o.s.beans.CachedIntrospectionResults - Found bean property &apos;connectionAsync&apos; of type [java.util.concurrent.Future]
10:20:59.649 [] [] [main] TRACE o.s.beans.CachedIntrospectionResults - Found bean property &apos;connectionProperties&apos; of type [java.lang.String]
10:20:59.649 [] [] [main] TRACE o.s.beans.CachedIntrospectionResults - Found bean property &apos;dataSource&apos; of type [java.lang.Object]
10:20:59.649 [] [] [main] TRACE o.s.beans.CachedIntrospectionResults - Found bean property &apos;dataSourceJNDI&apos; of type [java.lang.String]
10:20:59.649 [] [] [main] TRACE o.s.beans.CachedIntrospectionResults - Found bean property &apos;dbProperties&apos; of type [java.util.Properties]
10:20:59.649 [] [] [main] TRACE o.s.beans.CachedIntrospectionResults - Found bean property &apos;defaultAutoCommit&apos; of type [java.lang.Boolean]
10:20:59.649 [] [] [main] TRACE o.s.beans.CachedIntrospectionResults - Found bean property &apos;defaultCatalog&apos; of type [java.lang.String]
10:20:59.649 [] [] [main] TRACE o.s.beans.CachedIntrospectionResults - Found bean property &apos;defaultReadOnly&apos; of type [java.lang.Boolean]
10:20:59.650 [] [] [main] TRACE o.s.beans.CachedIntrospectionResults - Found bean property &apos;defaultTransactionIsolation&apos; of type [int]
10:20:59.650 [] [] [main] TRACE o.s.beans.CachedIntrospectionResults - Found bean property &apos;driverClassName&apos; of type [java.lang.String]
10:20:59.650 [] [] [main] TRACE o.s.beans.CachedIntrospectionResults - Found bean property &apos;fairQueue&apos; of type [boolean]
10:20:59.650 [] [] [main] TRACE o.s.beans.CachedIntrospectionResults - Found bean property &apos;idle&apos; of type [int]
10:20:59.650 [] [] [main] TRACE o.s.beans.CachedIntrospectionResults - Found bean property &apos;ignoreExceptionOnPreLoad&apos; of type [boolean]
10:20:59.650 [] [] [main] TRACE o.s.beans.CachedIntrospectionResults - Found bean property &apos;initSQL&apos; of type [java.lang.String]
10:20:59.650 [] [] [main] TRACE o.s.beans.CachedIntrospectionResults - Found bean property &apos;initialSize&apos; of type [int]
10:20:59.650 [] [] [main] TRACE o.s.beans.CachedIntrospectionResults - Found bean property &apos;jdbcInterceptors&apos; of type [java.lang.String]
10:20:59.650 [] [] [main] TRACE o.s.beans.CachedIntrospectionResults - Found bean property &apos;jdbcInterceptorsAsArray&apos; of type [[Lorg.apache.tomcat.jdbc.pool.PoolProperties$InterceptorDefinition;]
10:20:59.650 [] [] [main] TRACE o.s.beans.CachedIntrospectionResults - Found bean property &apos;jmxEnabled&apos; of type [boolean]
10:20:59.650 [] [] [main] TRACE o.s.beans.CachedIntrospectionResults - Found bean property &apos;logAbandoned&apos; of type [boolean]
10:20:59.650 [] [] [main] TRACE o.s.beans.CachedIntrospectionResults - Found bean property &apos;logValidationErrors&apos; of type [boolean]
10:20:59.650 [] [] [main] TRACE o.s.beans.CachedIntrospectionResults - Found bean property &apos;logWriter&apos; of type [java.io.PrintWriter]
10:20:59.650 [] [] [main] TRACE o.s.beans.CachedIntrospectionResults - Found bean property &apos;loginTimeout&apos; of type [int]
10:20:59.650 [] [] [main] TRACE o.s.beans.CachedIntrospectionResults - Found bean property &apos;maxActive&apos; of type [int]
10:20:59.650 [] [] [main] TRACE o.s.beans.CachedIntrospectionResults - Found bean property &apos;maxAge&apos; of type [long]
10:20:59.650 [] [] [main] TRACE o.s.beans.CachedIntrospectionResults - Found bean property &apos;maxIdle&apos; of type [int]
10:20:59.650 [] [] [main] TRACE o.s.beans.CachedIntrospectionResults - Found bean property &apos;maxWait&apos; of type [int]
10:20:59.650 [] [] [main] TRACE o.s.beans.CachedIntrospectionResults - Found bean property &apos;minEvictableIdleTimeMillis&apos; of type [int]
10:20:59.650 [] [] [main] TRACE o.s.beans.CachedIntrospectionResults - Found bean property &apos;minIdle&apos; of type [int]
10:20:59.650 [] [] [main] TRACE o.s.beans.CachedIntrospectionResults - Found bean property &apos;name&apos; of type [java.lang.String]
10:20:59.650 [] [] [main] TRACE o.s.beans.CachedIntrospectionResults - Found bean property &apos;numActive&apos; of type [int]
10:20:59.650 [] [] [main] TRACE o.s.beans.CachedIntrospectionResults - Found bean property &apos;numIdle&apos; of type [int]
10:20:59.650 [] [] [main] TRACE o.s.beans.CachedIntrospectionResults - Found bean property &apos;numTestsPerEvictionRun&apos; of type [int]
10:20:59.650 [] [] [main] TRACE o.s.beans.CachedIntrospectionResults - Found bean property &apos;parentLogger&apos; of type [java.util.logging.Logger]
10:20:59.650 [] [] [main] TRACE o.s.beans.CachedIntrospectionResults - Found bean property &apos;password&apos; of type [java.lang.String]
10:20:59.650 [] [] [main] TRACE o.s.beans.CachedIntrospectionResults - Found bean property &apos;pool&apos; of type [org.apache.tomcat.jdbc.pool.ConnectionPool]
10:20:59.650 [] [] [main] TRACE o.s.beans.CachedIntrospectionResults - Found bean property &apos;poolName&apos; of type [java.lang.String]
10:20:59.650 [] [] [main] TRACE o.s.beans.CachedIntrospectionResults - Found bean property &apos;poolProperties&apos; of type [org.apache.tomcat.jdbc.pool.PoolConfiguration]
10:20:59.650 [] [] [main] TRACE o.s.beans.CachedIntrospectionResults - Found bean property &apos;poolSize&apos; of type [int]
10:20:59.650 [] [] [main] TRACE o.s.beans.CachedIntrospectionResults - Found bean property &apos;poolSweeperEnabled&apos; of type [boolean]
10:20:59.650 [] [] [main] TRACE o.s.beans.CachedIntrospectionResults - Found bean property &apos;pooledConnection&apos; of type [javax.sql.PooledConnection]
10:20:59.650 [] [] [main] TRACE o.s.beans.CachedIntrospectionResults - Found bean property &apos;propagateInterruptState&apos; of type [boolean]
10:20:59.650 [] [] [main] TRACE o.s.beans.CachedIntrospectionResults - Found bean property &apos;removeAbandoned&apos; of type [boolean]
10:20:59.650 [] [] [main] TRACE o.s.beans.CachedIntrospectionResults - Found bean property &apos;removeAbandonedTimeout&apos; of type [int]
10:20:59.650 [] [] [main] TRACE o.s.beans.CachedIntrospectionResults - Found bean property &apos;rollbackOnReturn&apos; of type [boolean]
10:20:59.650 [] [] [main] TRACE o.s.beans.CachedIntrospectionResults - Found bean property &apos;size&apos; of type [int]
10:20:59.650 [] [] [main] TRACE o.s.beans.CachedIntrospectionResults - Found bean property &apos;suspectTimeout&apos; of type [int]
10:20:59.650 [] [] [main] TRACE o.s.beans.CachedIntrospectionResults - Found bean property &apos;testOnBorrow&apos; of type [boolean]
10:20:59.650 [] [] [main] TRACE o.s.beans.CachedIntrospectionResults - Found bean property &apos;testOnConnect&apos; of type [boolean]
10:20:59.650 [] [] [main] TRACE o.s.beans.CachedIntrospectionResults - Found bean property &apos;testOnReturn&apos; of type [boolean]
10:20:59.651 [] [] [main] TRACE o.s.beans.CachedIntrospectionResults - Found bean property &apos;testWhileIdle&apos; of type [boolean]
10:20:59.651 [] [] [main] TRACE o.s.beans.CachedIntrospectionResults - Found bean property &apos;timeBetweenEvictionRunsMillis&apos; of type [int]
10:20:59.651 [] [] [main] TRACE o.s.beans.CachedIntrospectionResults - Found bean property &apos;url&apos; of type [java.lang.String]
10:20:59.651 [] [] [main] TRACE o.s.beans.CachedIntrospectionResults - Found bean property &apos;useDisposableConnectionFacade&apos; of type [boolean]
10:20:59.651 [] [] [main] TRACE o.s.beans.CachedIntrospectionResults - Found bean property &apos;useEquals&apos; of type [boolean]
10:20:59.651 [] [] [main] TRACE o.s.beans.CachedIntrospectionResults - Found bean property &apos;useLock&apos; of type [boolean]
10:20:59.651 [] [] [main] TRACE o.s.beans.CachedIntrospectionResults - Found bean property &apos;username&apos; of type [java.lang.String]
10:20:59.651 [] [] [main] TRACE o.s.beans.CachedIntrospectionResults - Found bean property &apos;validationInterval&apos; of type [long]
10:20:59.651 [] [] [main] TRACE o.s.beans.CachedIntrospectionResults - Found bean property &apos;validationQuery&apos; of type [java.lang.String]
10:20:59.651 [] [] [main] TRACE o.s.beans.CachedIntrospectionResults - Found bean property &apos;validationQueryTimeout&apos; of type [int]
10:20:59.651 [] [] [main] TRACE o.s.beans.CachedIntrospectionResults - Found bean property &apos;validator&apos; of type [org.apache.tomcat.jdbc.pool.Validator]
10:20:59.651 [] [] [main] TRACE o.s.beans.CachedIntrospectionResults - Found bean property &apos;validatorClassName&apos; of type [java.lang.String]
10:20:59.651 [] [] [main] TRACE o.s.beans.CachedIntrospectionResults - Found bean property &apos;waitCount&apos; of type [int]
10:20:59.653 [] [] [main] TRACE o.s.beans.TypeConverterDelegate - Converting String to [int] using property editor [org.springframework.beans.propertyeditors.CustomNumberEditor@155acfb]
10:20:59.653 [] [] [main] TRACE o.s.beans.TypeConverterDelegate - Converting String to [int] using property editor [org.springframework.beans.propertyeditors.CustomNumberEditor@155acfb]
10:20:59.653 [] [] [main] TRACE o.s.beans.TypeConverterDelegate - Converting String to [int] using property editor [org.springframework.beans.propertyeditors.CustomNumberEditor@155acfb]
10:20:59.653 [] [] [main] TRACE o.s.beans.TypeConverterDelegate - Converting String to [int] using property editor [org.springframework.beans.propertyeditors.CustomNumberEditor@155acfb]
10:20:59.653 [] [] [main] TRACE o.s.beans.TypeConverterDelegate - Converting String to [class java.lang.Boolean] using property editor [org.springframework.beans.propertyeditors.CustomBooleanEditor@1cf9ba1]
10:20:59.653 [] [] [main] TRACE o.s.beans.TypeConverterDelegate - Converting String to [int] using property editor [org.springframework.beans.propertyeditors.CustomNumberEditor@155acfb]
10:20:59.654 [] [] [main] TRACE o.s.beans.TypeConverterDelegate - Converting String to [boolean] using property editor [org.springframework.beans.propertyeditors.CustomBooleanEditor@f26f23]
10:20:59.654 [] [] [main] TRACE o.s.beans.TypeConverterDelegate - Converting String to [int] using property editor [org.springframework.beans.propertyeditors.CustomNumberEditor@155acfb]
10:20:59.654 [] [] [main] TRACE o.a.s.s.web.ShiroFilterFactoryBean - Ignoring non-Filter bean &apos;dataSource&apos;
10:20:59.654 [] [] [main] DEBUG o.s.b.f.s.DefaultListableBeanFactory - Returning cached instance of singleton bean &apos;org.springframework.transaction.config.internalTransactionAdvisor&apos;
10:20:59.654 [] [] [main] DEBUG o.s.b.f.s.DefaultListableBeanFactory - Returning cached instance of singleton bean &apos;org.springframework.aop.support.DefaultBeanFactoryPointcutAdvisor#0&apos;
10:20:59.654 [] [] [main] DEBUG o.s.b.f.s.DefaultListableBeanFactory - Returning cached instance of singleton bean &apos;org.springframework.transaction.config.internalTransactionAdvisor&apos;
10:20:59.654 [] [] [main] DEBUG o.s.b.f.s.DefaultListableBeanFactory - Returning cached instance of singleton bean &apos;org.springframework.aop.support.DefaultBeanFactoryPointcutAdvisor#0&apos;
10:20:59.656 [] [] [main] DEBUG o.s.b.f.s.DefaultListableBeanFactory - Finished creating instance of bean &apos;dataSource&apos;
10:20:59.656 [] [] [main] DEBUG o.s.b.f.s.DefaultListableBeanFactory - Creating shared instance of singleton bean &apos;hibernateJpaVendorAdapter&apos;
10:20:59.656 [] [] [main] DEBUG o.s.b.f.s.DefaultListableBeanFactory - Creating instance of bean &apos;hibernateJpaVendorAdapter&apos;
10:20:59.656 [] [] [main] DEBUG o.s.b.f.s.DefaultListableBeanFactory - Returning cached instance of singleton bean &apos;org.springframework.transaction.config.internalTransactionAdvisor&apos;
10:20:59.656 [] [] [main] DEBUG o.s.b.f.s.DefaultListableBeanFactory - Returning cached instance of singleton bean &apos;org.springframework.aop.support.DefaultBeanFactoryPointcutAdvisor#0&apos;
10:20:59.668 [] [] [main] DEBUG org.jboss.logging - Logging Provider: org.jboss.logging.Log4jLoggerProvider
10:20:59.690 [] [] [main] DEBUG o.s.b.f.s.DefaultListableBeanFactory - Eagerly caching bean &apos;hibernateJpaVendorAdapter&apos; to allow for resolving potential circular references
10:20:59.690 [] [] [main] TRACE o.s.beans.CachedIntrospectionResults - Getting BeanInfo for class [org.springframework.orm.jpa.vendor.HibernateJpaVendorAdapter]
10:20:59.692 [] [] [main] TRACE o.s.beans.CachedIntrospectionResults - Caching PropertyDescriptors for class [org.springframework.orm.jpa.vendor.HibernateJpaVendorAdapter]
10:20:59.692 [] [] [main] TRACE o.s.beans.CachedIntrospectionResults - Found bean property &apos;class&apos; of type [java.lang.Class]
10:20:59.692 [] [] [main] TRACE o.s.beans.CachedIntrospectionResults - Found bean property &apos;database&apos; of type [org.springframework.orm.jpa.vendor.Database]
10:20:59.692 [] [] [main] TRACE o.s.beans.CachedIntrospectionResults - Found bean property &apos;databasePlatform&apos; of type [java.lang.String]
10:20:59.693 [] [] [main] TRACE o.s.beans.CachedIntrospectionResults - Found bean property &apos;entityManagerFactoryInterface&apos; of type [java.lang.Class]
10:20:59.693 [] [] [main] TRACE o.s.beans.CachedIntrospectionResults - Found bean property &apos;entityManagerInterface&apos; of type [java.lang.Class]
10:20:59.693 [] [] [main] TRACE o.s.beans.CachedIntrospectionResults - Found bean property &apos;generateDdl&apos; of type [boolean]
10:20:59.693 [] [] [main] TRACE o.s.beans.CachedIntrospectionResults - Found bean property &apos;jpaDialect&apos; of type [org.springframework.orm.jpa.JpaDialect]
10:20:59.693 [] [] [main] TRACE o.s.beans.CachedIntrospectionResults - Found bean property &apos;jpaPropertyMap&apos; of type [java.util.Map]
10:20:59.693 [] [] [main] TRACE o.s.beans.CachedIntrospectionResults - Found bean property &apos;persistenceProvider&apos; of type [javax.persistence.spi.PersistenceProvider]
10:20:59.693 [] [] [main] TRACE o.s.beans.CachedIntrospectionResults - Found bean property &apos;persistenceProviderRootPackage&apos; of type [java.lang.String]
10:20:59.693 [] [] [main] TRACE o.s.beans.CachedIntrospectionResults - Found bean property &apos;showSql&apos; of type [boolean]
10:20:59.693 [] [] [main] DEBUG o.s.b.f.s.DefaultListableBeanFactory - Creating instance of bean &apos;org.springside.modules.persistence.Hibernates#16fd757&apos;
10:20:59.695 [] [] [main] DEBUG o.s.b.f.s.DefaultListableBeanFactory - Returning cached instance of singleton bean &apos;org.springframework.transaction.config.internalTransactionAdvisor&apos;
10:20:59.695 [] [] [main] DEBUG o.s.b.f.s.DefaultListableBeanFactory - Returning cached instance of singleton bean &apos;org.springframework.aop.support.DefaultBeanFactoryPointcutAdvisor#0&apos;
10:20:59.695 [] [] [main] DEBUG o.s.b.f.s.DefaultListableBeanFactory - Returning cached instance of singleton bean &apos;dataSource&apos;
10:21:00.809 [] [] [main] TRACE o.s.beans.CachedIntrospectionResults - Getting BeanInfo for class [java.lang.String]
10:21:00.810 [] [] [main] TRACE o.s.beans.CachedIntrospectionResults - Caching PropertyDescriptors for class [java.lang.String]
10:21:00.810 [] [] [main] TRACE o.s.beans.CachedIntrospectionResults - Found bean property &apos;bytes&apos; of type [[B]
10:21:00.811 [] [] [main] TRACE o.s.beans.CachedIntrospectionResults - Found bean property &apos;class&apos; of type [java.lang.Class]
10:21:00.811 [] [] [main] TRACE o.s.beans.CachedIntrospectionResults - Found bean property &apos;empty&apos; of type [boolean]
10:21:00.811 [] [] [main] TRACE o.a.s.s.web.ShiroFilterFactoryBean - Ignoring non-Filter bean &apos;org.springside.modules.persistence.Hibernates#16fd757&apos;
10:21:00.812 [] [] [main] DEBUG o.s.b.f.s.DefaultListableBeanFactory - Returning cached instance of singleton bean &apos;org.springframework.transaction.config.internalTransactionAdvisor&apos;
10:21:00.812 [] [] [main] DEBUG o.s.b.f.s.DefaultListableBeanFactory - Returning cached instance of singleton bean &apos;org.springframework.aop.support.DefaultBeanFactoryPointcutAdvisor#0&apos;
10:21:00.812 [] [] [main] DEBUG o.s.b.f.s.DefaultListableBeanFactory - Returning cached instance of singleton bean &apos;org.springframework.transaction.config.internalTransactionAdvisor&apos;
10:21:00.812 [] [] [main] DEBUG o.s.b.f.s.DefaultListableBeanFactory - Returning cached instance of singleton bean &apos;org.springframework.aop.support.DefaultBeanFactoryPointcutAdvisor#0&apos;
10:21:00.813 [] [] [main] DEBUG o.s.b.f.s.DefaultListableBeanFactory - Finished creating instance of bean &apos;org.springside.modules.persistence.Hibernates#16fd757&apos;
10:21:00.813 [] [] [main] TRACE o.a.s.s.web.ShiroFilterFactoryBean - Ignoring non-Filter bean &apos;hibernateJpaVendorAdapter&apos;
10:21:00.813 [] [] [main] DEBUG o.s.b.f.s.DefaultListableBeanFactory - Returning cached instance of singleton bean &apos;org.springframework.transaction.config.internalTransactionAdvisor&apos;
10:21:00.813 [] [] [main] DEBUG o.s.b.f.s.DefaultListableBeanFactory - Returning cached instance of singleton bean &apos;org.springframework.aop.support.DefaultBeanFactoryPointcutAdvisor#0&apos;
10:21:00.813 [] [] [main] DEBUG o.s.b.f.s.DefaultListableBeanFactory - Returning cached instance of singleton bean &apos;org.springframework.transaction.config.internalTransactionAdvisor&apos;
10:21:00.813 [] [] [main] DEBUG o.s.b.f.s.DefaultListableBeanFactory - Returning cached instance of singleton bean &apos;org.springframework.aop.support.DefaultBeanFactoryPointcutAdvisor#0&apos;
10:21:00.814 [] [] [main] DEBUG o.s.b.f.s.DefaultListableBeanFactory - Finished creating instance of bean &apos;hibernateJpaVendorAdapter&apos;
10:21:00.815 [] [] [main] TRACE o.s.beans.TypeConverterDelegate - Converting String to [class [Ljava.lang.String;] using property editor [org.springframework.beans.propertyeditors.StringArrayPropertyEditor@1f0dba8]
10:21:00.816 [] [] [main] TRACE o.a.s.s.web.ShiroFilterFactoryBean - Ignoring non-Filter bean &apos;entityManagerFactory&apos;
10:21:00.817 [] [] [main] DEBUG o.s.b.f.s.DefaultListableBeanFactory - Invoking afterPropertiesSet() on bean with name &apos;entityManagerFactory&apos;
10:21:00.826 [] [] [main] DEBUG o.s.c.i.s.PathMatchingResourcePatternResolver - Looking for matching resources in directory tree [D:\DevTool\workspace\activiti\portal\target\classes\com\yonyou\iuap\system\entity]
10:21:00.827 [] [] [main] DEBUG o.s.c.i.s.PathMatchingResourcePatternResolver - Searching directory [D:\DevTool\workspace\activiti\portal\target\classes\com\yonyou\iuap\system\entity] for files matching pattern [D:/DevTool/workspace/activiti/portal/target/classes/com/yonyou/iuap/system/entity/**/*.class]
10:21:00.827 [] [] [main] DEBUG o.s.c.i.s.PathMatchingResourcePatternResolver - Resolved location pattern [classpath*:com/yonyou/iuap/system/entity/**/*.class] to resources [file [D:\DevTool\workspace\activiti\portal\target\classes\com\yonyou\iuap\system\entity\MgrUser.class]]
10:21:00.829 [] [] [main] DEBUG o.s.c.i.s.PathMatchingResourcePatternResolver - Looking for matching resources in directory tree [D:\DevTool\workspace\activiti\portal\target\classes\com\yonyou\iuap\example\entity]
10:21:00.829 [] [] [main] DEBUG o.s.c.i.s.PathMatchingResourcePatternResolver - Searching directory [D:\DevTool\workspace\activiti\portal\target\classes\com\yonyou\iuap\example\entity] for files matching pattern [D:/DevTool/workspace/activiti/portal/target/classes/com/yonyou/iuap/example/entity/**/*.class]
10:21:00.829 [] [] [main] DEBUG o.s.c.i.s.PathMatchingResourcePatternResolver - Resolved location pattern [classpath*:com/yonyou/iuap/example/entity/**/*.class] to resources [file [D:\DevTool\workspace\activiti\portal\target\classes\com\yonyou\iuap\example\entity\GoodJdbcDemo.class], file [D:\DevTool\workspace\activiti\portal\target\classes\com\yonyou\iuap\example\entity\GoodJpaDemo.class]]
10:21:00.834 [] [] [main] INFO  o.s.o.j.LocalContainerEntityManagerFactoryBean - Building JPA container EntityManagerFactory for persistence unit &apos;default&apos;
10:21:00.834 [] [] [main] WARN  o.hibernate.ejb.HibernatePersistence - HHH015016: Encountered a deprecated javax.persistence.spi.PersistenceProvider [org.hibernate.ejb.HibernatePersistence]; use [org.hibernate.jpa.HibernatePersistenceProvider] instead.
10:21:00.834 [] [] [main] TRACE o.h.jpa.HibernatePersistenceProvider - Starting createContainerEntityManagerFactory : default
10:21:00.847 [] [] [main] DEBUG o.h.jpa.internal.util.LogHelper - PersistenceUnitInfo [
	name: default
	persistence provider classname: null
	classloader: sun.misc.Launcher$AppClassLoader@b600af
	excludeUnlistedClasses: true
	JTA datasource: null
	Non JTA datasource: org.apache.tomcat.jdbc.pool.DataSource@8e45b{ConnectionPool[defaultAutoCommit=true; defaultReadOnly=null; defaultTransactionIsolation=-1; defaultCatalog=null; driverClassName=com.mysql.jdbc.Driver; maxActive=50; maxIdle=10; minIdle=0; initialSize=10; maxWait=120000; testOnBorrow=false; testOnReturn=false; timeBetweenEvictionRunsMillis=5000; numTestsPerEvictionRun=0; minEvictableIdleTimeMillis=6000; testWhileIdle=false; testOnConnect=false; password=********; url=jdbc:mysql://123.125.218.30:8001/cusc_test?useUnicode=true&amp;characterEncoding=utf-8; username=root; validationQuery=null; validationQueryTimeout=-1; validatorClassName=null; validationInterval=30000; accessToUnderlyingConnectionAllowed=true; removeAbandoned=true; removeAbandonedTimeout=6000; logAbandoned=false; connectionProperties=null; initSQL=null; jdbcInterceptors=null; jmxEnabled=true; fairQueue=true; useEquals=true; abandonWhenPercentageFull=0; maxAge=0; useLock=false; dataSource=null; dataSourceJNDI=null; suspectTimeout=0; alternateUsernameAllowed=false; commitOnReturn=false; rollbackOnReturn=false; useDisposableConnectionFacade=true; logValidationErrors=false; propagateInterruptState=false; ignoreExceptionOnPreLoad=false; }
	Transaction type: RESOURCE_LOCAL
	PU root URL: file:/D:/DevTool/workspace/activiti/portal/target/test-classes/
	Shared Cache Mode: UNSPECIFIED
	Validation Mode: AUTO
	Jar files URLs []
	Managed classes names [
		com.yonyou.iuap.system.entity.MgrUser
		com.yonyou.iuap.example.entity.GoodJpaDemo]
	Mapping files names []
	Properties []
10:21:00.859 [] [] [main] DEBUG o.h.i.internal.IntegratorServiceImpl - Adding Integrator [org.hibernate.cfg.beanvalidation.BeanValidationIntegrator].
10:21:00.860 [] [] [main] DEBUG o.h.i.internal.IntegratorServiceImpl - Adding Integrator [org.hibernate.secure.spi.JaccIntegrator].
10:21:00.861 [] [] [main] DEBUG o.h.i.internal.IntegratorServiceImpl - Adding Integrator [org.hibernate.cache.internal.CollectionCacheInvalidator].
10:21:00.862 [] [] [main] DEBUG o.h.i.internal.IntegratorServiceImpl - Adding Integrator [org.hibernate.jpa.event.spi.JpaIntegrator].
10:21:00.864 [] [] [main] TRACE o.h.b.r.s.i.StrategySelectorImpl - Registering named strategy selector [org.hibernate.dialect.Dialect] : [Cache71] -&gt; [org.hibernate.dialect.Cache71Dialect]
10:21:00.865 [] [] [main] TRACE o.h.b.r.s.i.StrategySelectorImpl - Registering named strategy selector [org.hibernate.dialect.Dialect] : [CUBRID] -&gt; [org.hibernate.dialect.CUBRIDDialect]
10:21:00.866 [] [] [main] TRACE o.h.b.r.s.i.StrategySelectorImpl - Registering named strategy selector [org.hibernate.dialect.Dialect] : [DB2] -&gt; [org.hibernate.dialect.DB2Dialect]
10:21:00.868 [] [] [main] TRACE o.h.b.r.s.i.StrategySelectorImpl - Registering named strategy selector [org.hibernate.dialect.Dialect] : [DB2390] -&gt; [org.hibernate.dialect.DB2390Dialect]
10:21:00.869 [] [] [main] TRACE o.h.b.r.s.i.StrategySelectorImpl - Registering named strategy selector [org.hibernate.dialect.Dialect] : [DB2400] -&gt; [org.hibernate.dialect.DB2400Dialect]
10:21:00.870 [] [] [main] TRACE o.h.b.r.s.i.StrategySelectorImpl - Registering named strategy selector [org.hibernate.dialect.Dialect] : [DerbyTenFive] -&gt; [org.hibernate.dialect.DerbyTenFiveDialect]
10:21:00.870 [] [] [main] TRACE o.h.b.r.s.i.StrategySelectorImpl - Registering named strategy selector [org.hibernate.dialect.Dialect] : [DerbyTenSix] -&gt; [org.hibernate.dialect.DerbyTenSixDialect]
10:21:00.870 [] [] [main] TRACE o.h.b.r.s.i.StrategySelectorImpl - Registering named strategy selector [org.hibernate.dialect.Dialect] : [DerbyTenSeven] -&gt; [org.hibernate.dialect.DerbyTenSevenDialect]
10:21:00.871 [] [] [main] TRACE o.h.b.r.s.i.StrategySelectorImpl - Registering named strategy selector [org.hibernate.dialect.Dialect] : [Firebird] -&gt; [org.hibernate.dialect.FirebirdDialect]
10:21:00.871 [] [] [main] TRACE o.h.b.r.s.i.StrategySelectorImpl - Registering named strategy selector [org.hibernate.dialect.Dialect] : [FrontBase] -&gt; [org.hibernate.dialect.FrontBaseDialect]
10:21:00.872 [] [] [main] TRACE o.h.b.r.s.i.StrategySelectorImpl - Registering named strategy selector [org.hibernate.dialect.Dialect] : [H2] -&gt; [org.hibernate.dialect.H2Dialect]
10:21:00.872 [] [] [main] TRACE o.h.b.r.s.i.StrategySelectorImpl - Registering named strategy selector [org.hibernate.dialect.Dialect] : [HSQL] -&gt; [org.hibernate.dialect.HSQLDialect]
10:21:00.873 [] [] [main] TRACE o.h.b.r.s.i.StrategySelectorImpl - Registering named strategy selector [org.hibernate.dialect.Dialect] : [Informix] -&gt; [org.hibernate.dialect.InformixDialect]
10:21:00.873 [] [] [main] TRACE o.h.b.r.s.i.StrategySelectorImpl - Registering named strategy selector [org.hibernate.dialect.Dialect] : [Ingres] -&gt; [org.hibernate.dialect.IngresDialect]
10:21:00.874 [] [] [main] TRACE o.h.b.r.s.i.StrategySelectorImpl - Registering named strategy selector [org.hibernate.dialect.Dialect] : [Ingres9] -&gt; [org.hibernate.dialect.Ingres9Dialect]
10:21:00.874 [] [] [main] TRACE o.h.b.r.s.i.StrategySelectorImpl - Registering named strategy selector [org.hibernate.dialect.Dialect] : [Ingres10] -&gt; [org.hibernate.dialect.Ingres10Dialect]
10:21:00.874 [] [] [main] TRACE o.h.b.r.s.i.StrategySelectorImpl - Registering named strategy selector [org.hibernate.dialect.Dialect] : [Interbase] -&gt; [org.hibernate.dialect.InterbaseDialect]
10:21:00.874 [] [] [main] TRACE o.h.b.r.s.i.StrategySelectorImpl - Registering named strategy selector [org.hibernate.dialect.Dialect] : [JDataStore] -&gt; [org.hibernate.dialect.JDataStoreDialect]
10:21:00.875 [] [] [main] TRACE o.h.b.r.s.i.StrategySelectorImpl - Registering named strategy selector [org.hibernate.dialect.Dialect] : [Mckoi] -&gt; [org.hibernate.dialect.MckoiDialect]
10:21:00.875 [] [] [main] TRACE o.h.b.r.s.i.StrategySelectorImpl - Registering named strategy selector [org.hibernate.dialect.Dialect] : [MimerSQL] -&gt; [org.hibernate.dialect.MimerSQLDialect]
10:21:00.875 [] [] [main] TRACE o.h.b.r.s.i.StrategySelectorImpl - Registering named strategy selector [org.hibernate.dialect.Dialect] : [MySQL5] -&gt; [org.hibernate.dialect.MySQL5Dialect]
10:21:00.875 [] [] [main] TRACE o.h.b.r.s.i.StrategySelectorImpl - Registering named strategy selector [org.hibernate.dialect.Dialect] : [MySQL5InnoDB] -&gt; [org.hibernate.dialect.MySQL5InnoDBDialect]
10:21:00.875 [] [] [main] DEBUG o.h.b.r.s.i.StrategySelectorImpl - Registering named strategy selector [org.hibernate.dialect.Dialect] : [MySQL5] -&gt; [org.hibernate.dialect.MySQL5Dialect] (replacing [org.hibernate.dialect.MySQL5Dialect])
10:21:00.875 [] [] [main] DEBUG o.h.b.r.s.i.StrategySelectorImpl - Registering named strategy selector [org.hibernate.dialect.Dialect] : [MySQL5InnoDB] -&gt; [org.hibernate.dialect.MySQL5InnoDBDialect] (replacing [org.hibernate.dialect.MySQL5InnoDBDialect])
10:21:00.876 [] [] [main] TRACE o.h.b.r.s.i.StrategySelectorImpl - Registering named strategy selector [org.hibernate.dialect.Dialect] : [Oracle8i] -&gt; [org.hibernate.dialect.Oracle8iDialect]
10:21:00.876 [] [] [main] TRACE o.h.b.r.s.i.StrategySelectorImpl - Registering named strategy selector [org.hibernate.dialect.Dialect] : [Oracle9i] -&gt; [org.hibernate.dialect.Oracle9iDialect]
10:21:00.877 [] [] [main] TRACE o.h.b.r.s.i.StrategySelectorImpl - Registering named strategy selector [org.hibernate.dialect.Dialect] : [Oracle10g] -&gt; [org.hibernate.dialect.Oracle10gDialect]
10:21:00.877 [] [] [main] TRACE o.h.b.r.s.i.StrategySelectorImpl - Registering named strategy selector [org.hibernate.dialect.Dialect] : [Pointbase] -&gt; [org.hibernate.dialect.PointbaseDialect]
10:21:00.878 [] [] [main] TRACE o.h.b.r.s.i.StrategySelectorImpl - Registering named strategy selector [org.hibernate.dialect.Dialect] : [PostgresPlus] -&gt; [org.hibernate.dialect.PostgresPlusDialect]
10:21:00.878 [] [] [main] TRACE o.h.b.r.s.i.StrategySelectorImpl - Registering named strategy selector [org.hibernate.dialect.Dialect] : [PostgreSQL81] -&gt; [org.hibernate.dialect.PostgreSQL81Dialect]
10:21:00.878 [] [] [main] TRACE o.h.b.r.s.i.StrategySelectorImpl - Registering named strategy selector [org.hibernate.dialect.Dialect] : [PostgreSQL82] -&gt; [org.hibernate.dialect.PostgreSQL82Dialect]
10:21:00.879 [] [] [main] TRACE o.h.b.r.s.i.StrategySelectorImpl - Registering named strategy selector [org.hibernate.dialect.Dialect] : [PostgreSQL9] -&gt; [org.hibernate.dialect.PostgreSQL9Dialect]
10:21:00.879 [] [] [main] TRACE o.h.b.r.s.i.StrategySelectorImpl - Registering named strategy selector [org.hibernate.dialect.Dialect] : [Progress] -&gt; [org.hibernate.dialect.ProgressDialect]
10:21:00.879 [] [] [main] TRACE o.h.b.r.s.i.StrategySelectorImpl - Registering named strategy selector [org.hibernate.dialect.Dialect] : [SAPDB] -&gt; [org.hibernate.dialect.SAPDBDialect]
10:21:00.880 [] [] [main] TRACE o.h.b.r.s.i.StrategySelectorImpl - Registering named strategy selector [org.hibernate.dialect.Dialect] : [SQLServer] -&gt; [org.hibernate.dialect.SQLServerDialect]
10:21:00.881 [] [] [main] TRACE o.h.b.r.s.i.StrategySelectorImpl - Registering named strategy selector [org.hibernate.dialect.Dialect] : [SQLServer2005] -&gt; [org.hibernate.dialect.SQLServer2005Dialect]
10:21:00.881 [] [] [main] TRACE o.h.b.r.s.i.StrategySelectorImpl - Registering named strategy selector [org.hibernate.dialect.Dialect] : [SQLServer2008] -&gt; [org.hibernate.dialect.SQLServer2008Dialect]
10:21:00.882 [] [] [main] TRACE o.h.b.r.s.i.StrategySelectorImpl - Registering named strategy selector [org.hibernate.dialect.Dialect] : [Sybase11] -&gt; [org.hibernate.dialect.Sybase11Dialect]
10:21:00.882 [] [] [main] TRACE o.h.b.r.s.i.StrategySelectorImpl - Registering named strategy selector [org.hibernate.dialect.Dialect] : [SybaseAnywhere] -&gt; [org.hibernate.dialect.SybaseAnywhereDialect]
10:21:00.883 [] [] [main] TRACE o.h.b.r.s.i.StrategySelectorImpl - Registering named strategy selector [org.hibernate.dialect.Dialect] : [SybaseASE15] -&gt; [org.hibernate.dialect.SybaseASE15Dialect]
10:21:00.883 [] [] [main] TRACE o.h.b.r.s.i.StrategySelectorImpl - Registering named strategy selector [org.hibernate.dialect.Dialect] : [SybaseASE157] -&gt; [org.hibernate.dialect.SybaseASE157Dialect]
10:21:00.883 [] [] [main] TRACE o.h.b.r.s.i.StrategySelectorImpl - Registering named strategy selector [org.hibernate.dialect.Dialect] : [Teradata] -&gt; [org.hibernate.dialect.TeradataDialect]
10:21:00.884 [] [] [main] TRACE o.h.b.r.s.i.StrategySelectorImpl - Registering named strategy selector [org.hibernate.dialect.Dialect] : [TimesTen] -&gt; [org.hibernate.dialect.TimesTenDialect]
10:21:00.885 [] [] [main] TRACE o.h.b.r.s.i.StrategySelectorImpl - Registering named strategy selector [org.hibernate.engine.transaction.jta.platform.spi.JtaPlatform] : [Borland] -&gt; [org.hibernate.engine.transaction.jta.platform.internal.BorlandEnterpriseServerJtaPlatform]
10:21:00.885 [] [] [main] TRACE o.h.b.r.s.i.StrategySelectorImpl - Registering named strategy selector [org.hibernate.engine.transaction.jta.platform.spi.JtaPlatform] : [org.hibernate.service.jta.platform.internal.BorlandEnterpriseServerJtaPlatform] -&gt; [org.hibernate.engine.transaction.jta.platform.internal.BorlandEnterpriseServerJtaPlatform]
10:21:00.886 [] [] [main] TRACE o.h.b.r.s.i.StrategySelectorImpl - Registering named strategy selector [org.hibernate.engine.transaction.jta.platform.spi.JtaPlatform] : [Bitronix] -&gt; [org.hibernate.engine.transaction.jta.platform.internal.BitronixJtaPlatform]
10:21:00.886 [] [] [main] TRACE o.h.b.r.s.i.StrategySelectorImpl - Registering named strategy selector [org.hibernate.engine.transaction.jta.platform.spi.JtaPlatform] : [org.hibernate.service.jta.platform.internal.BitronixJtaPlatform] -&gt; [org.hibernate.engine.transaction.jta.platform.internal.BitronixJtaPlatform]
10:21:00.886 [] [] [main] TRACE o.h.b.r.s.i.StrategySelectorImpl - Registering named strategy selector [org.hibernate.engine.transaction.jta.platform.spi.JtaPlatform] : [JBossAS] -&gt; [org.hibernate.engine.transaction.jta.platform.internal.JBossAppServerJtaPlatform]
10:21:00.886 [] [] [main] TRACE o.h.b.r.s.i.StrategySelectorImpl - Registering named strategy selector [org.hibernate.engine.transaction.jta.platform.spi.JtaPlatform] : [org.hibernate.service.jta.platform.internal.JBossAppServerJtaPlatform] -&gt; [org.hibernate.engine.transaction.jta.platform.internal.JBossAppServerJtaPlatform]
10:21:00.886 [] [] [main] TRACE o.h.b.r.s.i.StrategySelectorImpl - Registering named strategy selector [org.hibernate.engine.transaction.jta.platform.spi.JtaPlatform] : [JBossTS] -&gt; [org.hibernate.engine.transaction.jta.platform.internal.JBossStandAloneJtaPlatform]
10:21:00.886 [] [] [main] TRACE o.h.b.r.s.i.StrategySelectorImpl - Registering named strategy selector [org.hibernate.engine.transaction.jta.platform.spi.JtaPlatform] : [org.hibernate.service.jta.platform.internal.JBossStandAloneJtaPlatform] -&gt; [org.hibernate.engine.transaction.jta.platform.internal.JBossStandAloneJtaPlatform]
10:21:00.887 [] [] [main] TRACE o.h.b.r.s.i.StrategySelectorImpl - Registering named strategy selector [org.hibernate.engine.transaction.jta.platform.spi.JtaPlatform] : [JOnAS] -&gt; [org.hibernate.engine.transaction.jta.platform.internal.JOnASJtaPlatform]
10:21:00.887 [] [] [main] TRACE o.h.b.r.s.i.StrategySelectorImpl - Registering named strategy selector [org.hibernate.engine.transaction.jta.platform.spi.JtaPlatform] : [org.hibernate.service.jta.platform.internal.JOnASJtaPlatform] -&gt; [org.hibernate.engine.transaction.jta.platform.internal.JOnASJtaPlatform]
10:21:00.887 [] [] [main] TRACE o.h.b.r.s.i.StrategySelectorImpl - Registering named strategy selector [org.hibernate.engine.transaction.jta.platform.spi.JtaPlatform] : [JOTM] -&gt; [org.hibernate.engine.transaction.jta.platform.internal.JOTMJtaPlatform]
10:21:00.887 [] [] [main] TRACE o.h.b.r.s.i.StrategySelectorImpl - Registering named strategy selector [org.hibernate.engine.transaction.jta.platform.spi.JtaPlatform] : [org.hibernate.service.jta.platform.internal.JOTMJtaPlatform] -&gt; [org.hibernate.engine.transaction.jta.platform.internal.JOTMJtaPlatform]
10:21:00.887 [] [] [main] TRACE o.h.b.r.s.i.StrategySelectorImpl - Registering named strategy selector [org.hibernate.engine.transaction.jta.platform.spi.JtaPlatform] : [JRun4] -&gt; [org.hibernate.engine.transaction.jta.platform.internal.JRun4JtaPlatform]
10:21:00.888 [] [] [main] TRACE o.h.b.r.s.i.StrategySelectorImpl - Registering named strategy selector [org.hibernate.engine.transaction.jta.platform.spi.JtaPlatform] : [org.hibernate.service.jta.platform.internal.JRun4JtaPlatform] -&gt; [org.hibernate.engine.transaction.jta.platform.internal.JRun4JtaPlatform]
10:21:00.888 [] [] [main] TRACE o.h.b.r.s.i.StrategySelectorImpl - Registering named strategy selector [org.hibernate.engine.transaction.jta.platform.spi.JtaPlatform] : [OC4J] -&gt; [org.hibernate.engine.transaction.jta.platform.internal.OC4JJtaPlatform]
10:21:00.888 [] [] [main] TRACE o.h.b.r.s.i.StrategySelectorImpl - Registering named strategy selector [org.hibernate.engine.transaction.jta.platform.spi.JtaPlatform] : [org.hibernate.service.jta.platform.internal.OC4JJtaPlatform] -&gt; [org.hibernate.engine.transaction.jta.platform.internal.OC4JJtaPlatform]
10:21:00.888 [] [] [main] TRACE o.h.b.r.s.i.StrategySelectorImpl - Registering named strategy selector [org.hibernate.engine.transaction.jta.platform.spi.JtaPlatform] : [Orion] -&gt; [org.hibernate.engine.transaction.jta.platform.internal.OrionJtaPlatform]
10:21:00.888 [] [] [main] TRACE o.h.b.r.s.i.StrategySelectorImpl - Registering named strategy selector [org.hibernate.engine.transaction.jta.platform.spi.JtaPlatform] : [org.hibernate.service.jta.platform.internal.OrionJtaPlatform] -&gt; [org.hibernate.engine.transaction.jta.platform.internal.OrionJtaPlatform]
10:21:00.889 [] [] [main] TRACE o.h.b.r.s.i.StrategySelectorImpl - Registering named strategy selector [org.hibernate.engine.transaction.jta.platform.spi.JtaPlatform] : [Resin] -&gt; [org.hibernate.engine.transaction.jta.platform.internal.ResinJtaPlatform]
10:21:00.889 [] [] [main] TRACE o.h.b.r.s.i.StrategySelectorImpl - Registering named strategy selector [org.hibernate.engine.transaction.jta.platform.spi.JtaPlatform] : [org.hibernate.service.jta.platform.internal.ResinJtaPlatform] -&gt; [org.hibernate.engine.transaction.jta.platform.internal.ResinJtaPlatform]
10:21:00.889 [] [] [main] TRACE o.h.b.r.s.i.StrategySelectorImpl - Registering named strategy selector [org.hibernate.engine.transaction.jta.platform.spi.JtaPlatform] : [SunOne] -&gt; [org.hibernate.engine.transaction.jta.platform.internal.SunOneJtaPlatform]
10:21:00.889 [] [] [main] TRACE o.h.b.r.s.i.StrategySelectorImpl - Registering named strategy selector [org.hibernate.engine.transaction.jta.platform.spi.JtaPlatform] : [org.hibernate.service.jta.platform.internal.SunOneJtaPlatform] -&gt; [org.hibernate.engine.transaction.jta.platform.internal.SunOneJtaPlatform]
10:21:00.889 [] [] [main] TRACE o.h.b.r.s.i.StrategySelectorImpl - Registering named strategy selector [org.hibernate.engine.transaction.jta.platform.spi.JtaPlatform] : [Weblogic] -&gt; [org.hibernate.engine.transaction.jta.platform.internal.WeblogicJtaPlatform]
10:21:00.890 [] [] [main] TRACE o.h.b.r.s.i.StrategySelectorImpl - Registering named strategy selector [org.hibernate.engine.transaction.jta.platform.spi.JtaPlatform] : [org.hibernate.service.jta.platform.internal.WeblogicJtaPlatform] -&gt; [org.hibernate.engine.transaction.jta.platform.internal.WeblogicJtaPlatform]
10:21:00.890 [] [] [main] TRACE o.h.b.r.s.i.StrategySelectorImpl - Registering named strategy selector [org.hibernate.engine.transaction.jta.platform.spi.JtaPlatform] : [WebSphere] -&gt; [org.hibernate.engine.transaction.jta.platform.internal.WebSphereJtaPlatform]
10:21:00.890 [] [] [main] TRACE o.h.b.r.s.i.StrategySelectorImpl - Registering named strategy selector [org.hibernate.engine.transaction.jta.platform.spi.JtaPlatform] : [org.hibernate.service.jta.platform.internal.WebSphereJtaPlatform] -&gt; [org.hibernate.engine.transaction.jta.platform.internal.WebSphereJtaPlatform]
10:21:00.891 [] [] [main] TRACE o.h.b.r.s.i.StrategySelectorImpl - Registering named strategy selector [org.hibernate.engine.transaction.jta.platform.spi.JtaPlatform] : [WebSphereExtended] -&gt; [org.hibernate.engine.transaction.jta.platform.internal.WebSphereExtendedJtaPlatform]
10:21:00.891 [] [] [main] TRACE o.h.b.r.s.i.StrategySelectorImpl - Registering named strategy selector [org.hibernate.engine.transaction.jta.platform.spi.JtaPlatform] : [org.hibernate.service.jta.platform.internal.WebSphereExtendedJtaPlatform] -&gt; [org.hibernate.engine.transaction.jta.platform.internal.WebSphereExtendedJtaPlatform]
10:21:00.891 [] [] [main] TRACE o.h.b.r.s.i.StrategySelectorImpl - Registering named strategy selector [org.hibernate.engine.transaction.spi.TransactionFactory] : [jdbc] -&gt; [org.hibernate.engine.transaction.internal.jdbc.JdbcTransactionFactory]
10:21:00.891 [] [] [main] TRACE o.h.b.r.s.i.StrategySelectorImpl - Registering named strategy selector [org.hibernate.engine.transaction.spi.TransactionFactory] : [org.hibernate.transaction.JDBCTransactionFactory] -&gt; [org.hibernate.engine.transaction.internal.jdbc.JdbcTransactionFactory]
10:21:00.892 [] [] [main] TRACE o.h.b.r.s.i.StrategySelectorImpl - Registering named strategy selector [org.hibernate.engine.transaction.spi.TransactionFactory] : [jta] -&gt; [org.hibernate.engine.transaction.internal.jta.JtaTransactionFactory]
10:21:00.892 [] [] [main] TRACE o.h.b.r.s.i.StrategySelectorImpl - Registering named strategy selector [org.hibernate.engine.transaction.spi.TransactionFactory] : [org.hibernate.transaction.JTATransactionFactory] -&gt; [org.hibernate.engine.transaction.internal.jta.JtaTransactionFactory]
10:21:00.892 [] [] [main] TRACE o.h.b.r.s.i.StrategySelectorImpl - Registering named strategy selector [org.hibernate.engine.transaction.spi.TransactionFactory] : [cmt] -&gt; [org.hibernate.engine.transaction.internal.jta.CMTTransactionFactory]
10:21:00.892 [] [] [main] TRACE o.h.b.r.s.i.StrategySelectorImpl - Registering named strategy selector [org.hibernate.engine.transaction.spi.TransactionFactory] : [org.hibernate.transaction.CMTTransactionFactory] -&gt; [org.hibernate.engine.transaction.internal.jta.CMTTransactionFactory]
10:21:00.893 [] [] [main] TRACE o.h.b.r.s.i.StrategySelectorImpl - Registering named strategy selector [org.hibernate.hql.spi.MultiTableBulkIdStrategy] : [persistent] -&gt; [org.hibernate.hql.spi.PersistentTableBulkIdStrategy]
10:21:00.894 [] [] [main] TRACE o.h.b.r.s.i.StrategySelectorImpl - Registering named strategy selector [org.hibernate.hql.spi.MultiTableBulkIdStrategy] : [temporary] -&gt; [org.hibernate.hql.spi.TemporaryTableBulkIdStrategy]
10:21:00.949 [] [] [main] INFO  org.hibernate.Version - HHH000412: Hibernate Core {4.3.5.Final}
10:21:00.951 [] [] [main] INFO  org.hibernate.cfg.Environment - HHH000206: hibernate.properties not found
10:21:00.952 [] [] [main] INFO  org.hibernate.cfg.Environment - HHH000021: Bytecode provider name : javassist
10:21:00.992 [] [] [main] DEBUG o.h.service.spi.ServiceBinding - Overriding existing service binding [org.hibernate.secure.spi.JaccService]
10:21:01.013 [] [] [main] DEBUG org.hibernate.type.BasicTypeRegistry - Adding type registration boolean -&gt; org.hibernate.type.BooleanType@12a78f6
10:21:01.014 [] [] [main] DEBUG org.hibernate.type.BasicTypeRegistry - Adding type registration boolean -&gt; org.hibernate.type.BooleanType@12a78f6
10:21:01.014 [] [] [main] DEBUG org.hibernate.type.BasicTypeRegistry - Adding type registration java.lang.Boolean -&gt; org.hibernate.type.BooleanType@12a78f6
10:21:01.014 [] [] [main] DEBUG org.hibernate.type.BasicTypeRegistry - Adding type registration numeric_boolean -&gt; org.hibernate.type.NumericBooleanType@ff4813
10:21:01.015 [] [] [main] DEBUG org.hibernate.type.BasicTypeRegistry - Adding type registration true_false -&gt; org.hibernate.type.TrueFalseType@1cf5b45
10:21:01.016 [] [] [main] DEBUG org.hibernate.type.BasicTypeRegistry - Adding type registration yes_no -&gt; org.hibernate.type.YesNoType@d3bd3e
10:21:01.016 [] [] [main] DEBUG org.hibernate.type.BasicTypeRegistry - Adding type registration byte -&gt; org.hibernate.type.ByteType@44e8b0
10:21:01.017 [] [] [main] DEBUG org.hibernate.type.BasicTypeRegistry - Adding type registration byte -&gt; org.hibernate.type.ByteType@44e8b0
10:21:01.017 [] [] [main] DEBUG org.hibernate.type.BasicTypeRegistry - Adding type registration java.lang.Byte -&gt; org.hibernate.type.ByteType@44e8b0
10:21:01.017 [] [] [main] DEBUG org.hibernate.type.BasicTypeRegistry - Adding type registration character -&gt; org.hibernate.type.CharacterType@5c1758
10:21:01.017 [] [] [main] DEBUG org.hibernate.type.BasicTypeRegistry - Adding type registration char -&gt; org.hibernate.type.CharacterType@5c1758
10:21:01.017 [] [] [main] DEBUG org.hibernate.type.BasicTypeRegistry - Adding type registration java.lang.Character -&gt; org.hibernate.type.CharacterType@5c1758
10:21:01.018 [] [] [main] DEBUG org.hibernate.type.BasicTypeRegistry - Adding type registration short -&gt; org.hibernate.type.ShortType@62f503
10:21:01.018 [] [] [main] DEBUG org.hibernate.type.BasicTypeRegistry - Adding type registration short -&gt; org.hibernate.type.ShortType@62f503
10:21:01.018 [] [] [main] DEBUG org.hibernate.type.BasicTypeRegistry - Adding type registration java.lang.Short -&gt; org.hibernate.type.ShortType@62f503
10:21:01.019 [] [] [main] DEBUG org.hibernate.type.BasicTypeRegistry - Adding type registration integer -&gt; org.hibernate.type.IntegerType@1c43b39
10:21:01.019 [] [] [main] DEBUG org.hibernate.type.BasicTypeRegistry - Adding type registration int -&gt; org.hibernate.type.IntegerType@1c43b39
10:21:01.019 [] [] [main] DEBUG org.hibernate.type.BasicTypeRegistry - Adding type registration java.lang.Integer -&gt; org.hibernate.type.IntegerType@1c43b39
10:21:01.020 [] [] [main] DEBUG org.hibernate.type.BasicTypeRegistry - Adding type registration long -&gt; org.hibernate.type.LongType@1c206e5
10:21:01.020 [] [] [main] DEBUG org.hibernate.type.BasicTypeRegistry - Adding type registration long -&gt; org.hibernate.type.LongType@1c206e5
10:21:01.020 [] [] [main] DEBUG org.hibernate.type.BasicTypeRegistry - Adding type registration java.lang.Long -&gt; org.hibernate.type.LongType@1c206e5
10:21:01.021 [] [] [main] DEBUG org.hibernate.type.BasicTypeRegistry - Adding type registration float -&gt; org.hibernate.type.FloatType@cb8038
10:21:01.021 [] [] [main] DEBUG org.hibernate.type.BasicTypeRegistry - Adding type registration float -&gt; org.hibernate.type.FloatType@cb8038
10:21:01.021 [] [] [main] DEBUG org.hibernate.type.BasicTypeRegistry - Adding type registration java.lang.Float -&gt; org.hibernate.type.FloatType@cb8038
10:21:01.022 [] [] [main] DEBUG org.hibernate.type.BasicTypeRegistry - Adding type registration double -&gt; org.hibernate.type.DoubleType@1049834
10:21:01.022 [] [] [main] DEBUG org.hibernate.type.BasicTypeRegistry - Adding type registration double -&gt; org.hibernate.type.DoubleType@1049834
10:21:01.022 [] [] [main] DEBUG org.hibernate.type.BasicTypeRegistry - Adding type registration java.lang.Double -&gt; org.hibernate.type.DoubleType@1049834
10:21:01.023 [] [] [main] DEBUG org.hibernate.type.BasicTypeRegistry - Adding type registration big_decimal -&gt; org.hibernate.type.BigDecimalType@82496e
10:21:01.024 [] [] [main] DEBUG org.hibernate.type.BasicTypeRegistry - Adding type registration java.math.BigDecimal -&gt; org.hibernate.type.BigDecimalType@82496e
10:21:01.024 [] [] [main] DEBUG org.hibernate.type.BasicTypeRegistry - Adding type registration big_integer -&gt; org.hibernate.type.BigIntegerType@1ad1a1
10:21:01.024 [] [] [main] DEBUG org.hibernate.type.BasicTypeRegistry - Adding type registration java.math.BigInteger -&gt; org.hibernate.type.BigIntegerType@1ad1a1
10:21:01.025 [] [] [main] DEBUG org.hibernate.type.BasicTypeRegistry - Adding type registration string -&gt; org.hibernate.type.StringType@4c735c
10:21:01.025 [] [] [main] DEBUG org.hibernate.type.BasicTypeRegistry - Adding type registration java.lang.String -&gt; org.hibernate.type.StringType@4c735c
10:21:01.026 [] [] [main] DEBUG org.hibernate.type.BasicTypeRegistry - Adding type registration nstring -&gt; org.hibernate.type.StringNVarcharType@1b7122f
10:21:01.026 [] [] [main] DEBUG org.hibernate.type.BasicTypeRegistry - Adding type registration ncharacter -&gt; org.hibernate.type.CharacterNCharType@19dad7e
10:21:01.027 [] [] [main] DEBUG org.hibernate.type.BasicTypeRegistry - Adding type registration url -&gt; org.hibernate.type.UrlType@b81cc8
10:21:01.027 [] [] [main] DEBUG org.hibernate.type.BasicTypeRegistry - Adding type registration java.net.URL -&gt; org.hibernate.type.UrlType@b81cc8
10:21:01.028 [] [] [main] DEBUG org.hibernate.type.BasicTypeRegistry - Adding type registration date -&gt; org.hibernate.type.DateType@f92780
10:21:01.028 [] [] [main] DEBUG org.hibernate.type.BasicTypeRegistry - Adding type registration java.sql.Date -&gt; org.hibernate.type.DateType@f92780
10:21:01.029 [] [] [main] DEBUG org.hibernate.type.BasicTypeRegistry - Adding type registration time -&gt; org.hibernate.type.TimeType@1c847bb
10:21:01.030 [] [] [main] DEBUG org.hibernate.type.BasicTypeRegistry - Adding type registration java.sql.Time -&gt; org.hibernate.type.TimeType@1c847bb
10:21:01.030 [] [] [main] DEBUG org.hibernate.type.BasicTypeRegistry - Adding type registration timestamp -&gt; org.hibernate.type.TimestampType@637ff4
10:21:01.031 [] [] [main] DEBUG org.hibernate.type.BasicTypeRegistry - Adding type registration java.sql.Timestamp -&gt; org.hibernate.type.TimestampType@637ff4
10:21:01.031 [] [] [main] DEBUG org.hibernate.type.BasicTypeRegistry - Adding type registration java.util.Date -&gt; org.hibernate.type.TimestampType@637ff4
10:21:01.031 [] [] [main] DEBUG org.hibernate.type.BasicTypeRegistry - Adding type registration dbtimestamp -&gt; org.hibernate.type.DbTimestampType@50aa73
10:21:01.032 [] [] [main] DEBUG org.hibernate.type.BasicTypeRegistry - Adding type registration calendar -&gt; org.hibernate.type.CalendarType@5aee69
10:21:01.032 [] [] [main] DEBUG org.hibernate.type.BasicTypeRegistry - Adding type registration java.util.Calendar -&gt; org.hibernate.type.CalendarType@5aee69
10:21:01.032 [] [] [main] DEBUG org.hibernate.type.BasicTypeRegistry - Adding type registration java.util.GregorianCalendar -&gt; org.hibernate.type.CalendarType@5aee69
10:21:01.033 [] [] [main] DEBUG org.hibernate.type.BasicTypeRegistry - Adding type registration calendar_date -&gt; org.hibernate.type.CalendarDateType@82a26f
10:21:01.034 [] [] [main] DEBUG org.hibernate.type.BasicTypeRegistry - Adding type registration locale -&gt; org.hibernate.type.LocaleType@1241a64
10:21:01.034 [] [] [main] DEBUG org.hibernate.type.BasicTypeRegistry - Adding type registration java.util.Locale -&gt; org.hibernate.type.LocaleType@1241a64
10:21:01.034 [] [] [main] DEBUG org.hibernate.type.BasicTypeRegistry - Adding type registration currency -&gt; org.hibernate.type.CurrencyType@14f5cd7
10:21:01.034 [] [] [main] DEBUG org.hibernate.type.BasicTypeRegistry - Adding type registration java.util.Currency -&gt; org.hibernate.type.CurrencyType@14f5cd7
10:21:01.035 [] [] [main] DEBUG org.hibernate.type.BasicTypeRegistry - Adding type registration timezone -&gt; org.hibernate.type.TimeZoneType@1f0d277
10:21:01.035 [] [] [main] DEBUG org.hibernate.type.BasicTypeRegistry - Adding type registration java.util.TimeZone -&gt; org.hibernate.type.TimeZoneType@1f0d277
10:21:01.036 [] [] [main] DEBUG org.hibernate.type.BasicTypeRegistry - Adding type registration class -&gt; org.hibernate.type.ClassType@16ad79d
10:21:01.036 [] [] [main] DEBUG org.hibernate.type.BasicTypeRegistry - Adding type registration java.lang.Class -&gt; org.hibernate.type.ClassType@16ad79d
10:21:01.037 [] [] [main] DEBUG org.hibernate.type.BasicTypeRegistry - Adding type registration uuid-binary -&gt; org.hibernate.type.UUIDBinaryType@13292d9
10:21:01.037 [] [] [main] DEBUG org.hibernate.type.BasicTypeRegistry - Adding type registration java.util.UUID -&gt; org.hibernate.type.UUIDBinaryType@13292d9
10:21:01.037 [] [] [main] DEBUG org.hibernate.type.BasicTypeRegistry - Adding type registration uuid-char -&gt; org.hibernate.type.UUIDCharType@12008e2
10:21:01.038 [] [] [main] DEBUG org.hibernate.type.BasicTypeRegistry - Adding type registration pg-uuid -&gt; org.hibernate.type.PostgresUUIDType@199b775
10:21:01.038 [] [] [main] DEBUG org.hibernate.type.BasicTypeRegistry - Adding type registration binary -&gt; org.hibernate.type.BinaryType@1411dd7
10:21:01.039 [] [] [main] DEBUG org.hibernate.type.BasicTypeRegistry - Adding type registration byte[] -&gt; org.hibernate.type.BinaryType@1411dd7
10:21:01.039 [] [] [main] DEBUG org.hibernate.type.BasicTypeRegistry - Adding type registration [B -&gt; org.hibernate.type.BinaryType@1411dd7
10:21:01.039 [] [] [main] DEBUG org.hibernate.type.BasicTypeRegistry - Adding type registration wrapper-binary -&gt; org.hibernate.type.WrapperBinaryType@1895b43
10:21:01.039 [] [] [main] DEBUG org.hibernate.type.BasicTypeRegistry - Adding type registration Byte[] -&gt; org.hibernate.type.WrapperBinaryType@1895b43
10:21:01.040 [] [] [main] DEBUG org.hibernate.type.BasicTypeRegistry - Adding type registration [Ljava.lang.Byte; -&gt; org.hibernate.type.WrapperBinaryType@1895b43
10:21:01.040 [] [] [main] DEBUG org.hibernate.type.BasicTypeRegistry - Adding type registration image -&gt; org.hibernate.type.ImageType@1b3cbc9
10:21:01.043 [] [] [main] DEBUG org.hibernate.type.BasicTypeRegistry - Adding type registration characters -&gt; org.hibernate.type.CharArrayType@1a59249
10:21:01.043 [] [] [main] DEBUG org.hibernate.type.BasicTypeRegistry - Adding type registration char[] -&gt; org.hibernate.type.CharArrayType@1a59249
10:21:01.043 [] [] [main] DEBUG org.hibernate.type.BasicTypeRegistry - Adding type registration [C -&gt; org.hibernate.type.CharArrayType@1a59249
10:21:01.044 [] [] [main] DEBUG org.hibernate.type.BasicTypeRegistry - Adding type registration wrapper-characters -&gt; org.hibernate.type.CharacterArrayType@131f965
10:21:01.044 [] [] [main] DEBUG org.hibernate.type.BasicTypeRegistry - Adding type registration [Ljava.lang.Character; -&gt; org.hibernate.type.CharacterArrayType@131f965
10:21:01.044 [] [] [main] DEBUG org.hibernate.type.BasicTypeRegistry - Adding type registration Character[] -&gt; org.hibernate.type.CharacterArrayType@131f965
10:21:01.044 [] [] [main] DEBUG org.hibernate.type.BasicTypeRegistry - Adding type registration text -&gt; org.hibernate.type.TextType@22d6a7
10:21:01.045 [] [] [main] DEBUG org.hibernate.type.BasicTypeRegistry - Adding type registration ntext -&gt; org.hibernate.type.NTextType@14a8cc4
10:21:01.048 [] [] [main] DEBUG org.hibernate.type.BasicTypeRegistry - Adding type registration blob -&gt; org.hibernate.type.BlobType@e301a3
10:21:01.048 [] [] [main] DEBUG org.hibernate.type.BasicTypeRegistry - Adding type registration java.sql.Blob -&gt; org.hibernate.type.BlobType@e301a3
10:21:01.048 [] [] [main] DEBUG org.hibernate.type.BasicTypeRegistry - Adding type registration materialized_blob -&gt; org.hibernate.type.MaterializedBlobType@1efb21c
10:21:01.051 [] [] [main] DEBUG org.hibernate.type.BasicTypeRegistry - Adding type registration clob -&gt; org.hibernate.type.ClobType@1d81deb
10:21:01.051 [] [] [main] DEBUG org.hibernate.type.BasicTypeRegistry - Adding type registration java.sql.Clob -&gt; org.hibernate.type.ClobType@1d81deb
10:21:01.053 [] [] [main] DEBUG org.hibernate.type.BasicTypeRegistry - Adding type registration nclob -&gt; org.hibernate.type.NClobType@a83f5c
10:21:01.053 [] [] [main] DEBUG org.hibernate.type.BasicTypeRegistry - Adding type registration java.sql.NClob -&gt; org.hibernate.type.NClobType@a83f5c
10:21:01.053 [] [] [main] DEBUG org.hibernate.type.BasicTypeRegistry - Adding type registration materialized_clob -&gt; org.hibernate.type.MaterializedClobType@1c5167e
10:21:01.054 [] [] [main] DEBUG org.hibernate.type.BasicTypeRegistry - Adding type registration materialized_nclob -&gt; org.hibernate.type.MaterializedNClobType@1023453
10:21:01.054 [] [] [main] DEBUG org.hibernate.type.BasicTypeRegistry - Adding type registration serializable -&gt; org.hibernate.type.SerializableType@3db571
10:21:01.056 [] [] [main] DEBUG org.hibernate.type.BasicTypeRegistry - Adding type registration object -&gt; org.hibernate.type.ObjectType@13c0882
10:21:01.056 [] [] [main] DEBUG org.hibernate.type.BasicTypeRegistry - Adding type registration java.lang.Object -&gt; org.hibernate.type.ObjectType@13c0882
10:21:01.057 [] [] [main] DEBUG org.hibernate.type.BasicTypeRegistry - Adding type registration imm_date -&gt; org.hibernate.type.AdaptedImmutableType@1c9c001
10:21:01.057 [] [] [main] DEBUG org.hibernate.type.BasicTypeRegistry - Adding type registration imm_time -&gt; org.hibernate.type.AdaptedImmutableType@5c9f4a
10:21:01.057 [] [] [main] DEBUG org.hibernate.type.BasicTypeRegistry - Adding type registration imm_timestamp -&gt; org.hibernate.type.AdaptedImmutableType@ddeada
10:21:01.057 [] [] [main] DEBUG org.hibernate.type.BasicTypeRegistry - Adding type registration imm_dbtimestamp -&gt; org.hibernate.type.AdaptedImmutableType@165a953
10:21:01.057 [] [] [main] DEBUG org.hibernate.type.BasicTypeRegistry - Adding type registration imm_calendar -&gt; org.hibernate.type.AdaptedImmutableType@14fb3f2
10:21:01.057 [] [] [main] DEBUG org.hibernate.type.BasicTypeRegistry - Adding type registration imm_calendar_date -&gt; org.hibernate.type.AdaptedImmutableType@1aed797
10:21:01.057 [] [] [main] DEBUG org.hibernate.type.BasicTypeRegistry - Adding type registration imm_binary -&gt; org.hibernate.type.AdaptedImmutableType@1cc1503
10:21:01.057 [] [] [main] DEBUG org.hibernate.type.BasicTypeRegistry - Adding type registration imm_serializable -&gt; org.hibernate.type.AdaptedImmutableType@1778636
10:21:01.070 [] [] [main] INFO  o.h.annotations.common.Version - HCANN000001: Hibernate Commons Annotations {4.0.4.Final}
10:21:01.081 [] [] [main] DEBUG o.h.i.f.i.DefaultIdentifierGeneratorFactory - Registering IdentifierGenerator strategy [uuid2] -&gt; [org.hibernate.id.UUIDGenerator]
10:21:01.082 [] [] [main] DEBUG o.h.i.f.i.DefaultIdentifierGeneratorFactory - Registering IdentifierGenerator strategy [guid] -&gt; [org.hibernate.id.GUIDGenerator]
10:21:01.082 [] [] [main] DEBUG o.h.i.f.i.DefaultIdentifierGeneratorFactory - Registering IdentifierGenerator strategy [uuid] -&gt; [org.hibernate.id.UUIDHexGenerator]
10:21:01.082 [] [] [main] DEBUG o.h.i.f.i.DefaultIdentifierGeneratorFactory - Registering IdentifierGenerator strategy [uuid.hex] -&gt; [org.hibernate.id.UUIDHexGenerator]
10:21:01.083 [] [] [main] DEBUG o.h.i.f.i.DefaultIdentifierGeneratorFactory - Registering IdentifierGenerator strategy [hilo] -&gt; [org.hibernate.id.TableHiLoGenerator]
10:21:01.084 [] [] [main] DEBUG o.h.i.f.i.DefaultIdentifierGeneratorFactory - Registering IdentifierGenerator strategy [assigned] -&gt; [org.hibernate.id.Assigned]
10:21:01.084 [] [] [main] DEBUG o.h.i.f.i.DefaultIdentifierGeneratorFactory - Registering IdentifierGenerator strategy [identity] -&gt; [org.hibernate.id.IdentityGenerator]
10:21:01.085 [] [] [main] DEBUG o.h.i.f.i.DefaultIdentifierGeneratorFactory - Registering IdentifierGenerator strategy [select] -&gt; [org.hibernate.id.SelectGenerator]
10:21:01.085 [] [] [main] DEBUG o.h.i.f.i.DefaultIdentifierGeneratorFactory - Registering IdentifierGenerator strategy [sequence] -&gt; [org.hibernate.id.SequenceGenerator]
10:21:01.085 [] [] [main] DEBUG o.h.i.f.i.DefaultIdentifierGeneratorFactory - Registering IdentifierGenerator strategy [seqhilo] -&gt; [org.hibernate.id.SequenceHiLoGenerator]
10:21:01.086 [] [] [main] DEBUG o.h.i.f.i.DefaultIdentifierGeneratorFactory - Registering IdentifierGenerator strategy [increment] -&gt; [org.hibernate.id.IncrementGenerator]
10:21:01.086 [] [] [main] DEBUG o.h.i.f.i.DefaultIdentifierGeneratorFactory - Registering IdentifierGenerator strategy [foreign] -&gt; [org.hibernate.id.ForeignGenerator]
10:21:01.086 [] [] [main] DEBUG o.h.i.f.i.DefaultIdentifierGeneratorFactory - Registering IdentifierGenerator strategy [sequence-identity] -&gt; [org.hibernate.id.SequenceIdentityGenerator]
10:21:01.087 [] [] [main] DEBUG o.h.i.f.i.DefaultIdentifierGeneratorFactory - Registering IdentifierGenerator strategy [enhanced-sequence] -&gt; [org.hibernate.id.enhanced.SequenceStyleGenerator]
10:21:01.088 [] [] [main] DEBUG o.h.i.f.i.DefaultIdentifierGeneratorFactory - Registering IdentifierGenerator strategy [enhanced-table] -&gt; [org.hibernate.id.enhanced.TableGenerator]
10:21:01.092 [] [] [main] DEBUG org.hibernate.cfg.Configuration - Preparing to build session factory with filters : {}
10:21:01.092 [] [] [main] TRACE o.h.s.i.AbstractServiceRegistryImpl - Initializing service [role=org.hibernate.engine.jdbc.spi.JdbcServices]
10:21:01.096 [] [] [main] TRACE o.h.s.i.AbstractServiceRegistryImpl - Initializing service [role=org.hibernate.engine.jdbc.connections.spi.ConnectionProvider]
10:21:01.097 [] [] [main] TRACE o.h.s.i.AbstractServiceRegistryImpl - Initializing service [role=org.hibernate.engine.jndi.spi.JndiService]
10:21:01.099 [] [] [main] TRACE o.h.s.i.AbstractServiceRegistryImpl - Initializing service [role=org.hibernate.engine.jdbc.dialect.spi.DialectFactory]
10:21:01.099 [] [] [main] TRACE o.h.s.i.AbstractServiceRegistryImpl - Initializing service [role=org.hibernate.engine.jdbc.dialect.spi.DialectResolver]
10:21:01.102 [] [] [main] DEBUG o.h.e.jdbc.internal.JdbcServicesImpl - Database -&gt;
       name : MySQL
    version : 5.7.22
      major : 5
      minor : 7
10:21:01.102 [] [] [main] DEBUG o.h.e.jdbc.internal.JdbcServicesImpl - Driver -&gt;
       name : MySQL-AB JDBC Driver
    version : mysql-connector-java-5.1.22 ( Revision: ${bzr.revision-id} )
      major : 5
      minor : 1
10:21:01.102 [] [] [main] DEBUG o.h.e.jdbc.internal.JdbcServicesImpl - JDBC version : 4.0
10:21:01.103 [] [] [main] TRACE o.h.e.j.c.i.StandardRefCursorSupport - JDBC DatabaseMetaData class does not define supportsRefCursors method...
10:21:01.115 [] [] [main] INFO  org.hibernate.dialect.Dialect - HHH000400: Using dialect: org.hibernate.dialect.MySQL5InnoDBDialect
10:21:01.128 [] [] [main] TRACE org.hibernate.cfg.Configuration - Starting secondPassCompile() processing
10:21:01.144 [] [] [main] DEBUG org.hibernate.cfg.Configuration - Processing hbm.xml files
10:21:01.144 [] [] [main] DEBUG org.hibernate.cfg.Configuration - Process annotated classes
10:21:01.146 [] [] [main] DEBUG org.hibernate.cfg.AnnotationBinder - Binding entity from annotated class: com.yonyou.iuap.system.entity.MgrUser
10:21:01.163 [] [] [main] DEBUG org.hibernate.cfg.Ejb3Column - Binding column: Ejb3DiscriminatorColumn{logicalColumnName&apos;DTYPE&apos;, discriminatorTypeName=&apos;string&apos;}
10:21:01.167 [] [] [main] DEBUG o.h.cfg.annotations.EntityBinder - Import with entity name MgrUser
10:21:01.169 [] [] [main] DEBUG o.h.cfg.annotations.EntityBinder - Bind entity com.yonyou.iuap.system.entity.MgrUser on table mgr_user
10:21:01.181 [] [] [main] TRACE org.hibernate.cfg.AnnotationBinder - Processing annotations of com.yonyou.iuap.system.entity.MgrUser.id
10:21:01.183 [] [] [main] DEBUG org.hibernate.cfg.Ejb3Column - Binding column: Ejb3Column{table=org.hibernate.mapping.Table(mgr_user), mappingColumn=id, insertable=true, updatable=true, unique=false}
10:21:01.187 [] [] [main] DEBUG o.h.cfg.annotations.PropertyBinder - MetadataSourceProcessor property id with lazy=false
10:21:01.188 [] [] [main] DEBUG o.h.cfg.AbstractPropertyHolder - Attempting to locate auto-apply AttributeConverter for property [com.yonyou.iuap.system.entity.MgrUser:id]
10:21:01.189 [] [] [main] DEBUG o.h.c.annotations.SimpleValueBinder - building SimpleValue for id
10:21:01.190 [] [] [main] DEBUG o.h.cfg.annotations.PropertyBinder - Building property id
10:21:01.192 [] [] [main] TRACE o.h.cfg.annotations.PropertyBinder - Cascading id with null
10:21:01.192 [] [] [main] TRACE org.hibernate.cfg.AnnotationBinder - Bind @Id on id
10:21:01.192 [] [] [main] TRACE org.hibernate.cfg.AnnotationBinder - Processing annotations of com.yonyou.iuap.system.entity.MgrUser.loginName
10:21:01.192 [] [] [main] DEBUG org.hibernate.cfg.Ejb3Column - Binding column: Ejb3Column{table=org.hibernate.mapping.Table(mgr_user), mappingColumn=login_name, insertable=true, updatable=true, unique=false}
10:21:01.193 [] [] [main] DEBUG o.h.cfg.annotations.PropertyBinder - MetadataSourceProcessor property loginName with lazy=false
10:21:01.193 [] [] [main] DEBUG o.h.cfg.AbstractPropertyHolder - Attempting to locate auto-apply AttributeConverter for property [com.yonyou.iuap.system.entity.MgrUser:loginName]
10:21:01.193 [] [] [main] DEBUG o.h.c.annotations.SimpleValueBinder - building SimpleValue for loginName
10:21:01.193 [] [] [main] DEBUG o.h.cfg.annotations.PropertyBinder - Building property loginName
10:21:01.193 [] [] [main] TRACE o.h.cfg.annotations.PropertyBinder - Cascading loginName with null
10:21:01.193 [] [] [main] TRACE org.hibernate.cfg.AnnotationBinder - Processing annotations of com.yonyou.iuap.system.entity.MgrUser.name
10:21:01.193 [] [] [main] DEBUG org.hibernate.cfg.Ejb3Column - Binding column: Ejb3Column{table=org.hibernate.mapping.Table(mgr_user), mappingColumn=name, insertable=true, updatable=true, unique=false}
10:21:01.193 [] [] [main] DEBUG o.h.cfg.annotations.PropertyBinder - MetadataSourceProcessor property name with lazy=false
10:21:01.193 [] [] [main] DEBUG o.h.cfg.AbstractPropertyHolder - Attempting to locate auto-apply AttributeConverter for property [com.yonyou.iuap.system.entity.MgrUser:name]
10:21:01.193 [] [] [main] DEBUG o.h.c.annotations.SimpleValueBinder - building SimpleValue for name
10:21:01.193 [] [] [main] DEBUG o.h.cfg.annotations.PropertyBinder - Building property name
10:21:01.194 [] [] [main] TRACE o.h.cfg.annotations.PropertyBinder - Cascading name with null
10:21:01.194 [] [] [main] TRACE org.hibernate.cfg.AnnotationBinder - Processing annotations of com.yonyou.iuap.system.entity.MgrUser.password
10:21:01.194 [] [] [main] DEBUG org.hibernate.cfg.Ejb3Column - Binding column: Ejb3Column{table=org.hibernate.mapping.Table(mgr_user), mappingColumn=password, insertable=true, updatable=true, unique=false}
10:21:01.194 [] [] [main] DEBUG o.h.cfg.annotations.PropertyBinder - MetadataSourceProcessor property password with lazy=false
10:21:01.194 [] [] [main] DEBUG o.h.cfg.AbstractPropertyHolder - Attempting to locate auto-apply AttributeConverter for property [com.yonyou.iuap.system.entity.MgrUser:password]
10:21:01.194 [] [] [main] DEBUG o.h.c.annotations.SimpleValueBinder - building SimpleValue for password
10:21:01.194 [] [] [main] DEBUG o.h.cfg.annotations.PropertyBinder - Building property password
10:21:01.194 [] [] [main] TRACE o.h.cfg.annotations.PropertyBinder - Cascading password with null
10:21:01.194 [] [] [main] TRACE org.hibernate.cfg.AnnotationBinder - Processing annotations of com.yonyou.iuap.system.entity.MgrUser.registerDate
10:21:01.194 [] [] [main] DEBUG org.hibernate.cfg.Ejb3Column - Binding column: Ejb3Column{table=org.hibernate.mapping.Table(mgr_user), mappingColumn=register_date, insertable=true, updatable=true, unique=false}
10:21:01.194 [] [] [main] DEBUG o.h.cfg.annotations.PropertyBinder - MetadataSourceProcessor property registerDate with lazy=false
10:21:01.194 [] [] [main] DEBUG o.h.cfg.AbstractPropertyHolder - Attempting to locate auto-apply AttributeConverter for property [com.yonyou.iuap.system.entity.MgrUser:registerDate]
10:21:01.194 [] [] [main] DEBUG o.h.c.annotations.SimpleValueBinder - building SimpleValue for registerDate
10:21:01.195 [] [] [main] DEBUG o.h.cfg.annotations.PropertyBinder - Building property registerDate
10:21:01.195 [] [] [main] TRACE o.h.cfg.annotations.PropertyBinder - Cascading registerDate with null
10:21:01.195 [] [] [main] TRACE org.hibernate.cfg.AnnotationBinder - Processing annotations of com.yonyou.iuap.system.entity.MgrUser.roles
10:21:01.195 [] [] [main] DEBUG org.hibernate.cfg.Ejb3Column - Binding column: Ejb3Column{table=org.hibernate.mapping.Table(mgr_user), mappingColumn=roles, insertable=true, updatable=true, unique=false}
10:21:01.195 [] [] [main] DEBUG o.h.cfg.annotations.PropertyBinder - MetadataSourceProcessor property roles with lazy=false
10:21:01.195 [] [] [main] DEBUG o.h.cfg.AbstractPropertyHolder - Attempting to locate auto-apply AttributeConverter for property [com.yonyou.iuap.system.entity.MgrUser:roles]
10:21:01.195 [] [] [main] DEBUG o.h.c.annotations.SimpleValueBinder - building SimpleValue for roles
10:21:01.195 [] [] [main] DEBUG o.h.cfg.annotations.PropertyBinder - Building property roles
10:21:01.195 [] [] [main] TRACE o.h.cfg.annotations.PropertyBinder - Cascading roles with null
10:21:01.195 [] [] [main] TRACE org.hibernate.cfg.AnnotationBinder - Processing annotations of com.yonyou.iuap.system.entity.MgrUser.salt
10:21:01.195 [] [] [main] DEBUG org.hibernate.cfg.Ejb3Column - Binding column: Ejb3Column{table=org.hibernate.mapping.Table(mgr_user), mappingColumn=salt, insertable=true, updatable=true, unique=false}
10:21:01.195 [] [] [main] DEBUG o.h.cfg.annotations.PropertyBinder - MetadataSourceProcessor property salt with lazy=false
10:21:01.195 [] [] [main] DEBUG o.h.cfg.AbstractPropertyHolder - Attempting to locate auto-apply AttributeConverter for property [com.yonyou.iuap.system.entity.MgrUser:salt]
10:21:01.196 [] [] [main] DEBUG o.h.c.annotations.SimpleValueBinder - building SimpleValue for salt
10:21:01.196 [] [] [main] DEBUG o.h.cfg.annotations.PropertyBinder - Building property salt
10:21:01.196 [] [] [main] TRACE o.h.cfg.annotations.PropertyBinder - Cascading salt with null
10:21:01.197 [] [] [main] DEBUG org.hibernate.cfg.AnnotationBinder - Binding entity from annotated class: com.yonyou.iuap.example.entity.GoodJpaDemo
10:21:01.197 [] [] [main] DEBUG org.hibernate.cfg.Ejb3Column - Binding column: Ejb3DiscriminatorColumn{logicalColumnName&apos;DTYPE&apos;, discriminatorTypeName=&apos;string&apos;}
10:21:01.197 [] [] [main] DEBUG o.h.cfg.annotations.EntityBinder - Import with entity name GoodJpaDemo
10:21:01.197 [] [] [main] DEBUG o.h.cfg.annotations.EntityBinder - Bind entity com.yonyou.iuap.example.entity.GoodJpaDemo on table good_demo
10:21:01.198 [] [] [main] TRACE org.hibernate.cfg.AnnotationBinder - Processing annotations of com.yonyou.iuap.example.entity.GoodJpaDemo.productid
10:21:01.198 [] [] [main] DEBUG org.hibernate.cfg.Ejb3Column - Binding column: Ejb3Column{table=org.hibernate.mapping.Table(good_demo), mappingColumn=productid, insertable=true, updatable=true, unique=false}
10:21:01.198 [] [] [main] DEBUG o.h.cfg.annotations.PropertyBinder - MetadataSourceProcessor property productid with lazy=false
10:21:01.198 [] [] [main] DEBUG o.h.cfg.AbstractPropertyHolder - Attempting to locate auto-apply AttributeConverter for property [com.yonyou.iuap.example.entity.GoodJpaDemo:productid]
10:21:01.198 [] [] [main] DEBUG o.h.c.annotations.SimpleValueBinder - building SimpleValue for productid
10:21:01.199 [] [] [main] DEBUG o.h.cfg.annotations.PropertyBinder - Building property productid
10:21:01.199 [] [] [main] TRACE o.h.cfg.annotations.PropertyBinder - Cascading productid with null
10:21:01.199 [] [] [main] TRACE org.hibernate.cfg.AnnotationBinder - Bind @Id on productid
10:21:01.199 [] [] [main] TRACE org.hibernate.cfg.AnnotationBinder - Processing annotations of com.yonyou.iuap.example.entity.GoodJpaDemo.orgin
10:21:01.199 [] [] [main] DEBUG org.hibernate.cfg.Ejb3Column - Binding column: Ejb3Column{table=org.hibernate.mapping.Table(good_demo), mappingColumn=orgin, insertable=true, updatable=true, unique=false}
10:21:01.199 [] [] [main] DEBUG o.h.cfg.annotations.PropertyBinder - MetadataSourceProcessor property orgin with lazy=false
10:21:01.199 [] [] [main] DEBUG o.h.cfg.AbstractPropertyHolder - Attempting to locate auto-apply AttributeConverter for property [com.yonyou.iuap.example.entity.GoodJpaDemo:orgin]
10:21:01.199 [] [] [main] DEBUG o.h.c.annotations.SimpleValueBinder - building SimpleValue for orgin
10:21:01.199 [] [] [main] DEBUG o.h.cfg.annotations.PropertyBinder - Building property orgin
10:21:01.199 [] [] [main] TRACE o.h.cfg.annotations.PropertyBinder - Cascading orgin with null
10:21:01.199 [] [] [main] TRACE org.hibernate.cfg.AnnotationBinder - Processing annotations of com.yonyou.iuap.example.entity.GoodJpaDemo.price
10:21:01.200 [] [] [main] DEBUG org.hibernate.cfg.Ejb3Column - Binding column: Ejb3Column{table=org.hibernate.mapping.Table(good_demo), mappingColumn=price, insertable=true, updatable=true, unique=false}
10:21:01.200 [] [] [main] DEBUG o.h.cfg.annotations.PropertyBinder - MetadataSourceProcessor property price with lazy=false
10:21:01.200 [] [] [main] DEBUG o.h.cfg.AbstractPropertyHolder - Attempting to locate auto-apply AttributeConverter for property [com.yonyou.iuap.example.entity.GoodJpaDemo:price]
10:21:01.200 [] [] [main] DEBUG o.h.c.annotations.SimpleValueBinder - building SimpleValue for price
10:21:01.200 [] [] [main] DEBUG o.h.cfg.annotations.PropertyBinder - Building property price
10:21:01.200 [] [] [main] TRACE o.h.cfg.annotations.PropertyBinder - Cascading price with null
10:21:01.200 [] [] [main] TRACE org.hibernate.cfg.AnnotationBinder - Processing annotations of com.yonyou.iuap.example.entity.GoodJpaDemo.proDate
10:21:01.200 [] [] [main] DEBUG org.hibernate.cfg.Ejb3Column - Binding column: Ejb3Column{table=org.hibernate.mapping.Table(good_demo), mappingColumn=proDate, insertable=true, updatable=true, unique=false}
10:21:01.200 [] [] [main] DEBUG o.h.cfg.annotations.PropertyBinder - MetadataSourceProcessor property proDate with lazy=false
10:21:01.200 [] [] [main] DEBUG o.h.cfg.AbstractPropertyHolder - Attempting to locate auto-apply AttributeConverter for property [com.yonyou.iuap.example.entity.GoodJpaDemo:proDate]
10:21:01.200 [] [] [main] DEBUG o.h.c.annotations.SimpleValueBinder - building SimpleValue for proDate
10:21:01.200 [] [] [main] DEBUG o.h.cfg.annotations.PropertyBinder - Building property proDate
10:21:01.200 [] [] [main] TRACE o.h.cfg.annotations.PropertyBinder - Cascading proDate with null
10:21:01.200 [] [] [main] TRACE org.hibernate.cfg.AnnotationBinder - Processing annotations of com.yonyou.iuap.example.entity.GoodJpaDemo.productName
10:21:01.200 [] [] [main] DEBUG org.hibernate.cfg.Ejb3Column - Binding column: Ejb3Column{table=org.hibernate.mapping.Table(good_demo), mappingColumn=productname, insertable=true, updatable=true, unique=false}
10:21:01.200 [] [] [main] DEBUG o.h.cfg.annotations.PropertyBinder - MetadataSourceProcessor property productName with lazy=false
10:21:01.200 [] [] [main] DEBUG o.h.cfg.AbstractPropertyHolder - Attempting to locate auto-apply AttributeConverter for property [com.yonyou.iuap.example.entity.GoodJpaDemo:productName]
10:21:01.201 [] [] [main] DEBUG o.h.c.annotations.SimpleValueBinder - building SimpleValue for productName
10:21:01.201 [] [] [main] DEBUG o.h.cfg.annotations.PropertyBinder - Building property productName
10:21:01.201 [] [] [main] TRACE o.h.cfg.annotations.PropertyBinder - Cascading productName with null
10:21:01.201 [] [] [main] TRACE org.hibernate.cfg.AnnotationBinder - Processing annotations of com.yonyou.iuap.example.entity.GoodJpaDemo.productNum
10:21:01.201 [] [] [main] DEBUG org.hibernate.cfg.Ejb3Column - Binding column: Ejb3Column{table=org.hibernate.mapping.Table(good_demo), mappingColumn=productnum, insertable=true, updatable=true, unique=false}
10:21:01.201 [] [] [main] DEBUG o.h.cfg.annotations.PropertyBinder - MetadataSourceProcessor property productNum with lazy=false
10:21:01.201 [] [] [main] DEBUG o.h.cfg.AbstractPropertyHolder - Attempting to locate auto-apply AttributeConverter for property [com.yonyou.iuap.example.entity.GoodJpaDemo:productNum]
10:21:01.201 [] [] [main] DEBUG o.h.c.annotations.SimpleValueBinder - building SimpleValue for productNum
10:21:01.201 [] [] [main] DEBUG o.h.cfg.annotations.PropertyBinder - Building property productNum
10:21:01.201 [] [] [main] TRACE o.h.cfg.annotations.PropertyBinder - Cascading productNum with null
10:21:01.201 [] [] [main] TRACE org.hibernate.cfg.AnnotationBinder - Processing annotations of com.yonyou.iuap.example.entity.GoodJpaDemo.supplier
10:21:01.201 [] [] [main] DEBUG org.hibernate.cfg.Ejb3Column - Binding column: Ejb3Column{table=org.hibernate.mapping.Table(good_demo), mappingColumn=supplier, insertable=true, updatable=true, unique=false}
10:21:01.201 [] [] [main] DEBUG o.h.cfg.annotations.PropertyBinder - MetadataSourceProcessor property supplier with lazy=false
10:21:01.201 [] [] [main] DEBUG o.h.cfg.AbstractPropertyHolder - Attempting to locate auto-apply AttributeConverter for property [com.yonyou.iuap.example.entity.GoodJpaDemo:supplier]
10:21:01.201 [] [] [main] DEBUG o.h.c.annotations.SimpleValueBinder - building SimpleValue for supplier
10:21:01.201 [] [] [main] DEBUG o.h.cfg.annotations.PropertyBinder - Building property supplier
10:21:01.201 [] [] [main] TRACE o.h.cfg.annotations.PropertyBinder - Cascading supplier with null
10:21:01.201 [] [] [main] TRACE org.hibernate.cfg.AnnotationBinder - Processing annotations of com.yonyou.iuap.example.entity.GoodJpaDemo.ts
10:21:01.202 [] [] [main] DEBUG org.hibernate.cfg.Ejb3Column - Binding column: Ejb3Column{table=org.hibernate.mapping.Table(good_demo), mappingColumn=ts, insertable=true, updatable=true, unique=false}
10:21:01.202 [] [] [main] DEBUG o.h.cfg.annotations.PropertyBinder - MetadataSourceProcessor property ts with lazy=false
10:21:01.202 [] [] [main] DEBUG o.h.cfg.AbstractPropertyHolder - Attempting to locate auto-apply AttributeConverter for property [com.yonyou.iuap.example.entity.GoodJpaDemo:ts]
10:21:01.202 [] [] [main] DEBUG o.h.c.annotations.SimpleValueBinder - building SimpleValue for ts
10:21:01.202 [] [] [main] DEBUG o.h.cfg.annotations.PropertyBinder - Building property ts
10:21:01.202 [] [] [main] TRACE o.h.cfg.annotations.PropertyBinder - Cascading ts with null
10:21:01.202 [] [] [main] DEBUG o.h.c.annotations.SimpleValueBinder - Starting fillSimpleValue for id
10:21:01.202 [] [] [main] DEBUG o.h.c.annotations.SimpleValueBinder - Starting fillSimpleValue for loginName
10:21:01.202 [] [] [main] DEBUG o.h.c.annotations.SimpleValueBinder - Starting fillSimpleValue for name
10:21:01.202 [] [] [main] DEBUG o.h.c.annotations.SimpleValueBinder - Starting fillSimpleValue for password
10:21:01.202 [] [] [main] DEBUG o.h.c.annotations.SimpleValueBinder - Starting fillSimpleValue for registerDate
10:21:01.203 [] [] [main] DEBUG o.h.c.annotations.SimpleValueBinder - Starting fillSimpleValue for roles
10:21:01.203 [] [] [main] DEBUG o.h.c.annotations.SimpleValueBinder - Starting fillSimpleValue for salt
10:21:01.203 [] [] [main] DEBUG o.h.c.annotations.SimpleValueBinder - Starting fillSimpleValue for productid
10:21:01.203 [] [] [main] DEBUG o.h.c.annotations.SimpleValueBinder - Starting fillSimpleValue for orgin
10:21:01.203 [] [] [main] DEBUG o.h.c.annotations.SimpleValueBinder - Starting fillSimpleValue for price
10:21:01.203 [] [] [main] DEBUG o.h.c.annotations.SimpleValueBinder - Starting fillSimpleValue for proDate
10:21:01.203 [] [] [main] DEBUG o.h.c.annotations.SimpleValueBinder - Starting fillSimpleValue for productName
10:21:01.203 [] [] [main] DEBUG o.h.c.annotations.SimpleValueBinder - Starting fillSimpleValue for productNum
10:21:01.203 [] [] [main] DEBUG o.h.c.annotations.SimpleValueBinder - Starting fillSimpleValue for supplier
10:21:01.203 [] [] [main] DEBUG o.h.c.annotations.SimpleValueBinder - Starting fillSimpleValue for ts
10:21:01.204 [] [] [main] DEBUG org.hibernate.cfg.Configuration - Processing fk mappings (*ToOne and JoinedSubclass)
10:21:01.205 [] [] [main] DEBUG org.hibernate.cfg.Configuration - Processing extends queue
10:21:01.205 [] [] [main] DEBUG org.hibernate.cfg.Configuration - Processing extends queue
10:21:01.205 [] [] [main] DEBUG org.hibernate.cfg.Configuration - Processing collection mappings
10:21:01.205 [] [] [main] DEBUG org.hibernate.cfg.Configuration - Processing native query and ResultSetMapping mappings
10:21:01.205 [] [] [main] DEBUG org.hibernate.cfg.Configuration - Processing association property references
10:21:01.205 [] [] [main] DEBUG org.hibernate.cfg.Configuration - Creating tables&apos; unique integer identifiers
10:21:01.205 [] [] [main] DEBUG org.hibernate.cfg.Configuration - Processing foreign key constraints
10:21:01.207 [] [] [main] TRACE o.h.s.i.AbstractServiceRegistryImpl - Initializing service [role=org.hibernate.engine.transaction.jta.platform.spi.JtaPlatform]
10:21:01.207 [] [] [main] DEBUG o.h.e.t.j.p.i.JtaPlatformInitiator - No JtaPlatform was specified, checking resolver
10:21:01.207 [] [] [main] TRACE o.h.s.i.AbstractServiceRegistryImpl - Initializing service [role=org.hibernate.engine.transaction.jta.platform.spi.JtaPlatformResolver]
10:21:01.207 [] [] [main] DEBUG o.h.e.t.j.p.i.JtaPlatformResolverInitiator - No JtaPlatformResolver was specified, using default [org.hibernate.engine.transaction.jta.platform.internal.StandardJtaPlatformResolver]
10:21:01.210 [] [] [main] DEBUG o.h.e.t.j.p.i.StandardJtaPlatformResolver - Could not resolve JtaPlatform, using default [org.hibernate.engine.transaction.jta.platform.internal.NoJtaPlatform]
10:21:01.212 [] [] [main] DEBUG org.hibernate.cfg.SettingsFactory - Automatic flush during beforeCompletion(): disabled
10:21:01.212 [] [] [main] DEBUG org.hibernate.cfg.SettingsFactory - Automatic session close at end of transaction: disabled
10:21:01.212 [] [] [main] DEBUG org.hibernate.cfg.SettingsFactory - JDBC batch size: 15
10:21:01.213 [] [] [main] DEBUG org.hibernate.cfg.SettingsFactory - JDBC batch updates for versioned data: disabled
10:21:01.213 [] [] [main] DEBUG org.hibernate.cfg.SettingsFactory - Scrollable result sets: enabled
10:21:01.213 [] [] [main] DEBUG org.hibernate.cfg.SettingsFactory - Wrap result sets: disabled
10:21:01.213 [] [] [main] DEBUG org.hibernate.cfg.SettingsFactory - JDBC3 getGeneratedKeys(): enabled
10:21:01.213 [] [] [main] DEBUG org.hibernate.cfg.SettingsFactory - multi-tenancy strategy : NONE
10:21:01.213 [] [] [main] DEBUG org.hibernate.cfg.SettingsFactory - Connection release mode: auto
10:21:01.213 [] [] [main] TRACE o.h.s.i.AbstractServiceRegistryImpl - Initializing service [role=org.hibernate.engine.transaction.spi.TransactionFactory]
10:21:01.215 [] [] [main] TRACE org.hibernate.loader.BatchFetchStyle - Interpreting BatchFetchStyle from setting : null
10:21:01.215 [] [] [main] DEBUG org.hibernate.cfg.SettingsFactory - Using BatchFetchStyle : LEGACY
10:21:01.215 [] [] [main] DEBUG org.hibernate.cfg.SettingsFactory - Maximum outer join fetch depth: 2
10:21:01.215 [] [] [main] DEBUG org.hibernate.cfg.SettingsFactory - Default batch fetch size: 1
10:21:01.215 [] [] [main] DEBUG org.hibernate.cfg.SettingsFactory - Generate SQL with comments: disabled
10:21:01.215 [] [] [main] DEBUG org.hibernate.cfg.SettingsFactory - Order SQL updates by primary key: disabled
10:21:01.215 [] [] [main] DEBUG org.hibernate.cfg.SettingsFactory - Order SQL inserts for batching: disabled
10:21:01.215 [] [] [main] DEBUG org.hibernate.cfg.SettingsFactory - Default null ordering: none
10:21:01.215 [] [] [main] DEBUG org.hibernate.cfg.SettingsFactory - Query translator: org.hibernate.hql.internal.ast.ASTQueryTranslatorFactory
10:21:01.217 [] [] [main] INFO  o.h.h.i.a.ASTQueryTranslatorFactory - HHH000397: Using ASTQueryTranslatorFactory
10:21:01.217 [] [] [main] DEBUG org.hibernate.cfg.SettingsFactory - Query language substitutions: {}
10:21:01.217 [] [] [main] DEBUG org.hibernate.cfg.SettingsFactory - JPA-QL strict compliance: disabled
10:21:01.217 [] [] [main] DEBUG org.hibernate.cfg.SettingsFactory - Second-level cache: enabled
10:21:01.217 [] [] [main] DEBUG org.hibernate.cfg.SettingsFactory - Query cache: disabled
10:21:01.217 [] [] [main] TRACE o.h.s.i.AbstractServiceRegistryImpl - Initializing service [role=org.hibernate.cache.spi.RegionFactory]
10:21:01.218 [] [] [main] DEBUG o.h.c.i.RegionFactoryInitiator - Cache region factory : org.hibernate.cache.internal.NoCachingRegionFactory
10:21:01.219 [] [] [main] DEBUG org.hibernate.cfg.SettingsFactory - Optimize cache for minimal puts: disabled
10:21:01.219 [] [] [main] DEBUG org.hibernate.cfg.SettingsFactory - Structured second-level cache entries: disabled
10:21:01.219 [] [] [main] DEBUG org.hibernate.cfg.SettingsFactory - Second-level cache direct-reference entries: disabled
10:21:01.220 [] [] [main] DEBUG org.hibernate.cfg.SettingsFactory - Automatic eviction of collection cache: disabled
10:21:01.220 [] [] [main] DEBUG org.hibernate.cfg.SettingsFactory - Statistics: disabled
10:21:01.220 [] [] [main] DEBUG org.hibernate.cfg.SettingsFactory - Deleted entity synthetic identifier rollback: disabled
10:21:01.220 [] [] [main] DEBUG org.hibernate.cfg.SettingsFactory - Default entity-mode: pojo
10:21:01.220 [] [] [main] DEBUG org.hibernate.cfg.SettingsFactory - Named query checking : enabled
10:21:01.220 [] [] [main] DEBUG org.hibernate.cfg.SettingsFactory - Check Nullability in Core (should be disabled when Bean Validation is on): enabled
10:21:01.220 [] [] [main] DEBUG org.hibernate.cfg.SettingsFactory - Allow initialization of lazy state outside session : : disabled
10:21:01.220 [] [] [main] DEBUG org.hibernate.cfg.SettingsFactory - JTA Track by Thread: enabled
10:21:01.226 [] [] [main] DEBUG o.h.internal.SessionFactoryImpl - Building session factory
10:21:01.227 [] [] [main] TRACE o.h.s.i.AbstractServiceRegistryImpl - Initializing service [role=org.hibernate.service.spi.SessionFactoryServiceRegistryFactory]
10:21:01.233 [] [] [main] TRACE o.h.s.i.AbstractServiceRegistryImpl - Initializing service [role=org.hibernate.engine.spi.CacheImplementor]
10:21:01.235 [] [] [main] TRACE org.hibernate.type.TypeFactory - Scoping types to session factory org.hibernate.internal.SessionFactoryImpl@149696c
10:21:01.235 [] [] [main] DEBUG o.h.internal.SessionFactoryImpl - Session factory constructed with filter configurations : {}
10:21:01.236 [] [] [main] DEBUG o.h.internal.SessionFactoryImpl - Instantiating session factory with properties: {java.runtime.name=Java(TM) SE Runtime Environment, sun.boot.library.path=D:\DevTool\repository\JDK\jdk1.7.0_67\jre\bin, java.vm.version=24.65-b04, java.vm.vendor=Oracle Corporation, java.vendor.url=http://java.oracle.com/, path.separator=;, java.vm.name=Java HotSpot(TM) Client VM, file.encoding.pkg=sun.io, user.script=, user.country=CN, sun.java.launcher=SUN_STANDARD, sun.os.patch.level=Service Pack 1, hibernate.ejb.naming_strategy=org.hibernate.cfg.DefaultNamingStrategy, java.vm.specification.name=Java Virtual Machine Specification, user.dir=D:\DevTool\workspace\activiti\portal, javax.persistence.sharedCache.mode=UNSPECIFIED, java.runtime.version=1.7.0_67-b01, java.awt.graphicsenv=sun.awt.Win32GraphicsEnvironment, basedir=D:\DevTool\workspace\activiti\portal, java.endorsed.dirs=D:\DevTool\repository\JDK\jdk1.7.0_67\jre\lib\endorsed, os.arch=x86, surefire.real.class.path=D:\DevTool\workspace\activiti\portal\target\surefire\surefirebooter6936740933022263910.jar, java.io.tmpdir=C:\Users\ADMINI~1\AppData\Local\Temp\, line.separator=
, java.vm.specification.vendor=Oracle Corporation, user.variant=, os.name=Windows 7, sun.jnu.encoding=GBK, java.library.path=D:\DevTool\repository\JDK\jdk1.7.0_67\jre\bin;C:\Windows\Sun\Java\bin;C:\Windows\system32;C:\Windows;D:\DevTool\repository\Maven\Maven3.2.2\bin;D:\DevTool\repository\JDK\jdk1.7.0_67\bin;H:\快捷运行;C:\Program Files\OpenVPN\bin;C:\Windows\system32;C:\Windows;C:\Windows\System32\Wbem;;., surefire.test.class.path=D:\DevTool\workspace\activiti\portal\target\test-classes;D:\DevTool\workspace\activiti\portal\target\classes;D:\devtool\repository\Maven\Maven3.2.2\local\repo\com\yonyou\iuap\iuap-jdbc\3.0.0-RELEASE\iuap-jdbc-3.0.0-RELEASE.jar;D:\devtool\repository\Maven\Maven3.2.2\local\repo\com\yonyou\iuap\iuap-generic\3.0.0-RELEASE\iuap-generic-3.0.0-RELEASE.jar;D:\devtool\repository\Maven\Maven3.2.2\local\repo\org\apache\commons\commons-collections4\4.1\commons-collections4-4.1.jar;D:\devtool\repository\Maven\Maven3.2.2\local\repo\com\fasterxml\jackson\core\jackson-databind\2.4.0\jackson-databind-2.4.0.jar;D:\devtool\repository\Maven\Maven3.2.2\local\repo\com\fasterxml\jackson\core\jackson-annotations\2.4.0\jackson-annotations-2.4.0.jar;D:\devtool\repository\Maven\Maven3.2.2\local\repo\com\fasterxml\jackson\core\jackson-core\2.4.0\jackson-core-2.4.0.jar;D:\devtool\repository\Maven\Maven3.2.2\local\repo\com\esotericsoftware\reflectasm\reflectasm\1.09\reflectasm-1.09.jar;D:\devtool\repository\Maven\Maven3.2.2\local\repo\org\ow2\asm\asm\4.0\asm-4.0.jar;D:\devtool\repository\Maven\Maven3.2.2\local\repo\commons-beanutils\commons-beanutils\1.8.3\commons-beanutils-1.8.3.jar;D:\devtool\repository\Maven\Maven3.2.2\local\repo\org\apache\commons\commons-lang3\3.3.2\commons-lang3-3.3.2.jar;D:\devtool\repository\Maven\Maven3.2.2\local\repo\org\springframework\spring-context\4.0.5.RELEASE\spring-context-4.0.5.RELEASE.jar;D:\devtool\repository\Maven\Maven3.2.2\local\repo\org\springframework\spring-aop\4.0.5.RELEASE\spring-aop-4.0.5.RELEASE.jar;D:\devtool\repository\Maven\Maven3.2.2\local\repo\org\springframework\spring-tx\4.0.5.RELEASE\spring-tx-4.0.5.RELEASE.jar;D:\devtool\repository\Maven\Maven3.2.2\local\repo\org\springframework\data\spring-data-commons\1.10.2.RELEASE\spring-data-commons-1.10.2.RELEASE.jar;D:\devtool\repository\Maven\Maven3.2.2\local\repo\org\slf4j\jcl-over-slf4j\1.7.12\jcl-over-slf4j-1.7.12.jar;D:\devtool\repository\Maven\Maven3.2.2\local\repo\cglib\cglib-nodep\3.2.0\cglib-nodep-3.2.0.jar;D:\devtool\repository\Maven\Maven3.2.2\local\repo\org\springframework\spring-jdbc\4.0.5.RELEASE\spring-jdbc-4.0.5.RELEASE.jar;D:\devtool\repository\Maven\Maven3.2.2\local\repo\org\springframework\spring-beans\4.0.5.RELEASE\spring-beans-4.0.5.RELEASE.jar;D:\devtool\repository\Maven\Maven3.2.2\local\repo\org\springframework\spring-core\4.0.5.RELEASE\spring-core-4.0.5.RELEASE.jar;D:\devtool\repository\Maven\Maven3.2.2\local\repo\com\yonyou\iuap\iuap-cache\3.0.0-RELEASE\iuap-cache-3.0.0-RELEASE.jar;D:\devtool\repository\Maven\Maven3.2.2\local\repo\com\yonyou\iuap\iuap-log\3.0.0-RELEASE\iuap-log-3.0.0-RELEASE.jar;D:\devtool\repository\Maven\Maven3.2.2\local\repo\ch\qos\logback\logback-classic\1.1.2\logback-classic-1.1.2.jar;D:\devtool\repository\Maven\Maven3.2.2\local\repo\ch\qos\logback\logback-core\1.1.2\logback-core-1.1.2.jar;D:\devtool\repository\Maven\Maven3.2.2\local\repo\org\slf4j\log4j-over-slf4j\1.7.8\log4j-over-slf4j-1.7.8.jar;D:\devtool\repository\Maven\Maven3.2.2\local\repo\org\slf4j\jul-to-slf4j\1.7.8\jul-to-slf4j-1.7.8.jar;D:\devtool\repository\Maven\Maven3.2.2\local\repo\com\googlecode\log4jdbc\log4jdbc\1.2\log4jdbc-1.2.jar;D:\devtool\repository\Maven\Maven3.2.2\local\repo\redis\clients\jedis\2.6.0\jedis-2.6.0.jar;D:\devtool\repository\Maven\Maven3.2.2\local\repo\org\apache\commons\commons-pool2\2.0\commons-pool2-2.0.jar;D:\devtool\repository\Maven\Maven3.2.2\local\repo\io\springside\springside-redis\4.3.0-RELEASE\springside-redis-4.3.0-RELEASE.jar;D:\devtool\repository\Maven\Maven3.2.2\local\repo\com\google\guava\guava\18.0\guava-18.0.jar;D:\devtool\repository\Maven\Maven3.2.2\local\repo\commons-io\commons-io\2.4\commons-io-2.4.jar;D:\devtool\repository\Maven\Maven3.2.2\local\repo\org\springframework\spring-context-support\4.0.5.RELEASE\spring-context-support-4.0.5.RELEASE.jar;D:\devtool\repository\Maven\Maven3.2.2\local\repo\org\aspectj\aspectjrt\1.7.4\aspectjrt-1.7.4.jar;D:\devtool\repository\Maven\Maven3.2.2\local\repo\org\aspectj\aspectjweaver\1.7.4\aspectjweaver-1.7.4.jar;D:\devtool\repository\Maven\Maven3.2.2\local\repo\com\yonyou\iuap\iuap-security\3.0.0-RELEASE\iuap-security-3.0.0-RELEASE.jar;D:\devtool\repository\Maven\Maven3.2.2\local\repo\com\yonyou\iuap\iuap-utils\3.0.0-RELEASE\iuap-utils-3.0.0-RELEASE.jar;D:\devtool\repository\Maven\Maven3.2.2\local\repo\commons-fileupload\commons-fileupload\1.3\commons-fileupload-1.3.jar;D:\devtool\repository\Maven\Maven3.2.2\local\repo\org\apache\httpcomponents\httpmime\4.4.1\httpmime-4.4.1.jar;D:\devtool\repository\Maven\Maven3.2.2\local\repo\com\fasterxml\jackson\module\jackson-module-jaxb-annotations\2.4.0\jackson-module-jaxb-annotations-2.4.0.jar;D:\devtool\repository\Maven\Maven3.2.2\local\repo\commons-codec\commons-codec\1.9\commons-codec-1.9.jar;D:\devtool\repository\Maven\Maven3.2.2\local\repo\org\owasp\esapi\esapi\2.1.0\esapi-2.1.0.jar;D:\devtool\repository\Maven\Maven3.2.2\local\repo\commons-configuration\commons-configuration\1.5\commons-configuration-1.5.jar;D:\devtool\repository\Maven\Maven3.2.2\local\repo\commons-digester\commons-digester\1.8\commons-digester-1.8.jar;D:\devtool\repository\Maven\Maven3.2.2\local\repo\commons-collections\commons-collections\3.2\commons-collections-3.2.jar;D:\devtool\repository\Maven\Maven3.2.2\local\repo\xom\xom\1.2.5\xom-1.2.5.jar;D:\devtool\repository\Maven\Maven3.2.2\local\repo\xml-apis\xml-apis\1.3.03\xml-apis-1.3.03.jar;D:\devtool\repository\Maven\Maven3.2.2\local\repo\xerces\xercesImpl\2.8.0\xercesImpl-2.8.0.jar;D:\devtool\repository\Maven\Maven3.2.2\local\repo\xalan\xalan\2.7.0\xalan-2.7.0.jar;D:\devtool\repository\Maven\Maven3.2.2\local\repo\org\beanshell\bsh-core\2.0b4\bsh-core-2.0b4.jar;D:\devtool\repository\Maven\Maven3.2.2\local\repo\org\owasp\antisamy\antisamy\1.4.3\antisamy-1.4.3.jar;D:\devtool\repository\Maven\Maven3.2.2\local\repo\org\apache\xmlgraphics\batik-css\1.7\batik-css-1.7.jar;D:\devtool\repository\Maven\Maven3.2.2\local\repo\org\apache\xmlgraphics\batik-ext\1.7\batik-ext-1.7.jar;D:\devtool\repository\Maven\Maven3.2.2\local\repo\org\apache\xmlgraphics\batik-util\1.7\batik-util-1.7.jar;D:\devtool\repository\Maven\Maven3.2.2\local\repo\xml-apis\xml-apis-ext\1.3.04\xml-apis-ext-1.3.04.jar;D:\devtool\repository\Maven\Maven3.2.2\local\repo\net\sourceforge\nekohtml\nekohtml\1.9.12\nekohtml-1.9.12.jar;D:\devtool\repository\Maven\Maven3.2.2\local\repo\commons-httpclient\commons-httpclient\3.1\commons-httpclient-3.1.jar;D:\devtool\repository\Maven\Maven3.2.2\local\repo\org\bouncycastle\bcprov-jdk16\1.46\bcprov-jdk16-1.46.jar;D:\devtool\repository\Maven\Maven3.2.2\local\repo\net\sf\json-lib\json-lib\2.4\json-lib-2.4.jar;D:\devtool\repository\Maven\Maven3.2.2\local\repo\commons-lang\commons-lang\2.5\commons-lang-2.5.jar;D:\devtool\repository\Maven\Maven3.2.2\local\repo\net\sf\ezmorph\ezmorph\1.0.6\ezmorph-1.0.6.jar;D:\devtool\repository\Maven\Maven3.2.2\local\repo\com\yonyou\iuap\iuap-auth\3.0.0-RELEASE\iuap-auth-3.0.0-RELEASE.jar;D:\devtool\repository\Maven\Maven3.2.2\local\repo\org\apache\shiro\shiro-spring\1.2.3\shiro-spring-1.2.3.jar;D:\devtool\repository\Maven\Maven3.2.2\local\repo\org\apache\shiro\shiro-core\1.2.3\shiro-core-1.2.3.jar;D:\devtool\repository\Maven\Maven3.2.2\local\repo\org\apache\shiro\shiro-web\1.2.3\shiro-web-1.2.3.jar;D:\devtool\repository\Maven\Maven3.2.2\local\repo\org\apache\shiro\shiro-ehcache\1.2.3\shiro-ehcache-1.2.3.jar;D:\devtool\repository\Maven\Maven3.2.2\local\repo\net\sf\ehcache\ehcache-core\2.5.0\ehcache-core-2.5.0.jar;D:\devtool\repository\Maven\Maven3.2.2\local\repo\com\yonyou\iuap\iuap-persistence\3.0.0-RELEASE\iuap-persistence-3.0.0-RELEASE.jar;D:\devtool\repository\Maven\Maven3.2.2\local\repo\org\hibernate\hibernate-entitymanager\4.3.5.Final\hibernate-entitymanager-4.3.5.Final.jar;D:\devtool\repository\Maven\Maven3.2.2\local\repo\org\jboss\logging\jboss-logging-annotations\1.2.0.Beta1\jboss-logging-annotations-1.2.0.Beta1.jar;D:\devtool\repository\Maven\Maven3.2.2\local\repo\org\hibernate\hibernate-core\4.3.5.Final\hibernate-core-4.3.5.Final.jar;D:\devtool\repository\Maven\Maven3.2.2\local\repo\antlr\antlr\2.7.7\antlr-2.7.7.jar;D:\devtool\repository\Maven\Maven3.2.2\local\repo\org\jboss\jandex\1.1.0.Final\jandex-1.1.0.Final.jar;D:\devtool\repository\Maven\Maven3.2.2\local\repo\dom4j\dom4j\1.6.1\dom4j-1.6.1.jar;D:\devtool\repository\Maven\Maven3.2.2\local\repo\org\hibernate\common\hibernate-commons-annotations\4.0.4.Final\hibernate-commons-annotations-4.0.4.Final.jar;D:\devtool\repository\Maven\Maven3.2.2\local\repo\org\hibernate\javax\persistence\hibernate-jpa-2.1-api\1.0.0.Final\hibernate-jpa-2.1-api-1.0.0.Final.jar;D:\devtool\repository\Maven\Maven3.2.2\local\repo\org\jboss\spec\javax\transaction\jboss-transaction-api_1.2_spec\1.0.0.Final\jboss-transaction-api_1.2_spec-1.0.0.Final.jar;D:\devtool\repository\Maven\Maven3.2.2\local\repo\org\javassist\javassist\3.18.1-GA\javassist-3.18.1-GA.jar;D:\devtool\repository\Maven\Maven3.2.2\local\repo\org\springframework\data\spring-data-jpa\1.6.0.RELEASE\spring-data-jpa-1.6.0.RELEASE.jar;D:\devtool\repository\Maven\Maven3.2.2\local\repo\org\springframework\spring-orm\3.2.9.RELEASE\spring-orm-3.2.9.RELEASE.jar;D:\devtool\repository\Maven\Maven3.2.2\local\repo\org\apache\tomcat\tomcat-jdbc\7.0.53\tomcat-jdbc-7.0.53.jar;D:\devtool\repository\Maven\Maven3.2.2\local\repo\org\apache\tomcat\tomcat-juli\7.0.53\tomcat-juli-7.0.53.jar;D:\devtool\repository\Maven\Maven3.2.2\local\repo\org\mybatis\mybatis\3.3.0\mybatis-3.3.0.jar;D:\devtool\repository\Maven\Maven3.2.2\local\repo\org\mybatis\mybatis-spring\1.2.3\mybatis-spring-1.2.3.jar;D:\devtool\repository\Maven\Maven3.2.2\local\repo\com\alibaba\druid\1.0.18\druid-1.0.18.jar;D:\DevTool\repository\JDK\jdk1.7.0_67\jre\..\lib\jconsole.jar;D:\DevTool\repository\JDK\jdk1.7.0_67\jre\..\lib\tools.jar;D:\devtool\repository\Maven\Maven3.2.2\local\repo\com\github\jsqlparser\jsqlparser\0.9.5\jsqlparser-0.9.5.jar;D:\devtool\repository\Maven\Maven3.2.2\local\repo\com\yonyou\iuap\iuap-oid\3.0.0-RELEASE\iuap-oid-3.0.0-RELEASE.jar;D:\devtool\repository\Maven\Maven3.2.2\local\repo\io\springside\springside-core\4.3.0-RELEASE\springside-core-4.3.0-RELEASE.jar;D:\devtool\repository\Maven\Maven3.2.2\local\repo\io\springside\springside-utils\4.3.0-RELEASE\springside-utils-4.3.0-RELEASE.jar;D:\devtool\repository\Maven\Maven3.2.2\local\repo\org\hibernate\hibernate-validator\5.0.3.Final\hibernate-validator-5.0.3.Final.jar;D:\devtool\repository\Maven\Maven3.2.2\local\repo\javax\validation\validation-api\1.1.0.Final\validation-api-1.1.0.Final.jar;D:\devtool\repository\Maven\Maven3.2.2\local\repo\org\jboss\logging\jboss-logging\3.1.1.GA\jboss-logging-3.1.1.GA.jar;D:\devtool\repository\Maven\Maven3.2.2\local\repo\com\fasterxml\classmate\1.0.0\classmate-1.0.0.jar;D:\devtool\repository\Maven\Maven3.2.2\local\repo\mysql\mysql-connector-java\5.1.22\mysql-connector-java-5.1.22.jar;D:\devtool\repository\Maven\Maven3.2.2\local\repo\postgresql\postgresql\9.1-901-1.jdbc4\postgresql-9.1-901-1.jdbc4.jar;D:\devtool\repository\Maven\Maven3.2.2\local\repo\com\oracle\ojdbc6\11.1.0.7.0\ojdbc6-11.1.0.7.0.jar;D:\devtool\repository\Maven\Maven3.2.2\local\repo\javax\servlet\javax.servlet-api\3.1.0\javax.servlet-api-3.1.0.jar;D:\devtool\repository\Maven\Maven3.2.2\local\repo\org\springframework\spring-webmvc\4.0.5.RELEASE\spring-webmvc-4.0.5.RELEASE.jar;D:\devtool\repository\Maven\Maven3.2.2\local\repo\org\springframework\spring-expression\4.0.5.RELEASE\spring-expression-4.0.5.RELEASE.jar;D:\devtool\repository\Maven\Maven3.2.2\local\repo\org\springframework\spring-web\4.0.5.RELEASE\spring-web-4.0.5.RELEASE.jar;D:\devtool\repository\Maven\Maven3.2.2\local\repo\org\freemarker\freemarker\2.3.20\freemarker-2.3.20.jar;D:\devtool\repository\Maven\Maven3.2.2\local\repo\javax\servlet\jstl\1.2\jstl-1.2.jar;D:\devtool\repository\Maven\Maven3.2.2\local\repo\junit\junit\4.10\junit-4.10.jar;D:\devtool\repository\Maven\Maven3.2.2\local\repo\org\hamcrest\hamcrest-core\1.1\hamcrest-core-1.1.jar;D:\devtool\repository\Maven\Maven3.2.2\local\repo\org\springframework\spring-test\4.0.5.RELEASE\spring-test-4.0.5.RELEASE.jar;D:\devtool\repository\Maven\Maven3.2.2\local\repo\org\eclipse\jetty\aggregate\jetty-webapp\8.1.16.v20140903\jetty-webapp-8.1.16.v20140903.jar;D:\devtool\repository\Maven\Maven3.2.2\local\repo\org\eclipse\jetty\orbit\javax.servlet\3.0.0.v201112011016\javax.servlet-3.0.0.v201112011016.jar;D:\devtool\repository\Maven\Maven3.2.2\local\repo\org\apache\axis2\axis2-jibx\1.7.5\axis2-jibx-1.7.5.jar;D:\devtool\repository\Maven\Maven3.2.2\local\repo\org\apache\axis2\axis2-kernel\1.7.5\axis2-kernel-1.7.5.jar;D:\devtool\repository\Maven\Maven3.2.2\local\repo\org\apache\ws\commons\axiom\axiom-api\1.2.20\axiom-api-1.2.20.jar;D:\devtool\repository\Maven\Maven3.2.2\local\repo\org\apache\geronimo\specs\geronimo-activation_1.1_spec\1.1\geronimo-activation_1.1_spec-1.1.jar;D:\devtool\repository\Maven\Maven3.2.2\local\repo\org\apache\geronimo\specs\geronimo-stax-api_1.0_spec\1.0.1\geronimo-stax-api_1.0_spec-1.0.1.jar;D:\devtool\repository\Maven\Maven3.2.2\local\repo\org\apache\james\apache-mime4j-core\0.7.2\apache-mime4j-core-0.7.2.jar;D:\devtool\repository\Maven\Maven3.2.2\local\repo\org\apache\ws\commons\axiom\axiom-impl\1.2.20\axiom-impl-1.2.20.jar;D:\devtool\repository\Maven\Maven3.2.2\local\repo\org\codehaus\woodstox\woodstox-core-asl\4.2.0\woodstox-core-asl-4.2.0.jar;D:\devtool\repository\Maven\Maven3.2.2\local\repo\org\codehaus\woodstox\stax2-api\3.1.1\stax2-api-3.1.1.jar;D:\devtool\repository\Maven\Maven3.2.2\local\repo\org\apache\geronimo\specs\geronimo-ws-metadata_2.0_spec\1.1.2\geronimo-ws-metadata_2.0_spec-1.1.2.jar;D:\devtool\repository\Maven\Maven3.2.2\local\repo\org\apache\geronimo\specs\geronimo-jta_1.1_spec\1.1\geronimo-jta_1.1_spec-1.1.jar;D:\devtool\repository\Maven\Maven3.2.2\local\repo\javax\servlet\servlet-api\2.3\servlet-api-2.3.jar;D:\devtool\repository\Maven\Maven3.2.2\local\repo\wsdl4j\wsdl4j\1.6.2\wsdl4j-1.6.2.jar;D:\devtool\repository\Maven\Maven3.2.2\local\repo\org\apache\ws\xmlschema\xmlschema-core\2.2.1\xmlschema-core-2.2.1.jar;D:\devtool\repository\Maven\Maven3.2.2\local\repo\org\apache\neethi\neethi\3.0.3\neethi-3.0.3.jar;D:\devtool\repository\Maven\Maven3.2.2\local\repo\org\apache\woden\woden-core\1.0M10\woden-core-1.0M10.jar;D:\devtool\repository\Maven\Maven3.2.2\local\repo\javax\ws\rs\jsr311-api\1.1.1\jsr311-api-1.1.1.jar;D:\devtool\repository\Maven\Maven3.2.2\local\repo\org\apache\axis2\axis2-codegen\1.7.5\axis2-codegen-1.7.5.jar;D:\devtool\repository\Maven\Maven3.2.2\local\repo\org\apache\axis2\axis2-adb\1.7.5\axis2-adb-1.7.5.jar;D:\devtool\repository\Maven\Maven3.2.2\local\repo\org\apache\ws\commons\axiom\axiom-dom\1.2.20\axiom-dom-1.2.20.jar;D:\devtool\repository\Maven\Maven3.2.2\local\repo\com\sun\xml\ws\jaxws-tools\2.2.6\jaxws-tools-2.2.6.jar;D:\devtool\repository\Maven\Maven3.2.2\local\repo\org\jibx\jibx-bind\1.2\jibx-bind-1.2.jar;D:\devtool\repository\Maven\Maven3.2.2\local\repo\com\google\code\findbugs\bcel-findbugs\6.0\bcel-findbugs-6.0.jar;D:\devtool\repository\Maven\Maven3.2.2\local\repo\org\jibx\jibx-run\1.2\jibx-run-1.2.jar;D:\devtool\repository\Maven\Maven3.2.2\local\repo\org\eclipse\jetty\jetty-jsp\8.1.16.v20140903\jetty-jsp-8.1.16.v20140903.jar;D:\devtool\repository\Maven\Maven3.2.2\local\repo\org\eclipse\jetty\orbit\javax.servlet.jsp\2.2.0.v201112011158\javax.servlet.jsp-2.2.0.v201112011158.jar;D:\devtool\repository\Maven\Maven3.2.2\local\repo\org\eclipse\jetty\orbit\org.apache.jasper.glassfish\2.2.2.v201112011158\org.apache.jasper.glassfish-2.2.2.v201112011158.jar;D:\devtool\repository\Maven\Maven3.2.2\local\repo\org\eclipse\jetty\orbit\javax.servlet.jsp.jstl\1.2.0.v201105211821\javax.servlet.jsp.jstl-1.2.0.v201105211821.jar;D:\devtool\repository\Maven\Maven3.2.2\local\repo\org\eclipse\jetty\orbit\org.apache.taglibs.standard.glassfish\1.2.0.v201112081803\org.apache.taglibs.standard.glassfish-1.2.0.v201112081803.jar;D:\devtool\repository\Maven\Maven3.2.2\local\repo\org\eclipse\jetty\orbit\javax.el\2.2.0.v201108011116\javax.el-2.2.0.v201108011116.jar;D:\devtool\repository\Maven\Maven3.2.2\local\repo\org\eclipse\jetty\orbit\com.sun.el\2.2.0.v201108011116\com.sun.el-2.2.0.v201108011116.jar;D:\devtool\repository\Maven\Maven3.2.2\local\repo\org\eclipse\jetty\orbit\org.eclipse.jdt.core\3.7.1\org.eclipse.jdt.core-3.7.1.jar;D:\devtool\repository\Maven\Maven3.2.2\local\repo\javax\mail\mail\1.5.0-b01\mail-1.5.0-b01.jar;D:\devtool\repository\Maven\Maven3.2.2\local\repo\javax\activation\activation\1.1\activation-1.1.jar;D:\devtool\repository\Maven\Maven3.2.2\local\repo\org\apache\poi\poi-contrib\3.1-FINAL\poi-contrib-3.1-FINAL.jar;D:\devtool\repository\Maven\Maven3.2.2\local\repo\org\apache\poi\poi\3.1-FINAL\poi-3.1-FINAL.jar;D:\devtool\repository\Maven\Maven3.2.2\local\repo\commons-logging\commons-logging\1.1\commons-logging-1.1.jar;D:\devtool\repository\Maven\Maven3.2.2\local\repo\log4j\log4j\1.2.13\log4j-1.2.13.jar;D:\devtool\repository\Maven\Maven3.2.2\local\repo\jaxen\jaxen\1.1.6\jaxen-1.1.6.jar;D:\devtool\repository\Maven\Maven3.2.2\local\repo\com\yonyou\iuap\iuap-dubbox\3.0.0-RELEASE\iuap-dubbox-3.0.0-RELEASE.jar;D:\devtool\repository\Maven\Maven3.2.2\local\repo\com\alibaba\dubbo\2.8.4.RELEASE\dubbo-2.8.4.RELEASE.jar;D:\devtool\repository\Maven\Maven3.2.2\local\repo\aopalliance\aopalliance\1.0\aopalliance-1.0.jar;D:\devtool\repository\Maven\Maven3.2.2\local\repo\commons-pool\commons-pool\1.6\commons-pool-1.6.jar;D:\devtool\repository\Maven\Maven3.2.2\local\repo\org\apache\curator\curator-framework\2.5.0\curator-framework-2.5.0.jar;D:\devtool\repository\Maven\Maven3.2.2\local\repo\org\apache\curator\curator-client\2.5.0\curator-client-2.5.0.jar;D:\devtool\repository\Maven\Maven3.2.2\local\repo\com\github\sgroschupf\zkclient\0.1\zkclient-0.1.jar;D:\devtool\repository\Maven\Maven3.2.2\local\repo\org\apache\zookeeper\zookeeper\3.4.6\zookeeper-3.4.6.jar;D:\devtool\repository\Maven\Maven3.2.2\local\repo\org\slf4j\slf4j-api\1.6.1\slf4j-api-1.6.1.jar;D:\devtool\repository\Maven\Maven3.2.2\local\repo\jline\jline\0.9.94\jline-0.9.94.jar;D:\devtool\repository\Maven\Maven3.2.2\local\repo\io\netty\netty\3.7.0.Final\netty-3.7.0.Final.jar;D:\devtool\repository\Maven\Maven3.2.2\local\repo\org\apache\httpcomponents\httpclient\4.4.1\httpclient-4.4.1.jar;D:\devtool\repository\Maven\Maven3.2.2\local\repo\org\apache\httpcomponents\httpcore\4.4.1\httpcore-4.4.1.jar;, hibernate.ejb.persistenceUnitName=default, java.specification.name=Java Platform API Specification, java.class.version=51.0, sun.management.compiler=HotSpot Client Compiler, os.version=6.1, user.home=C:\Users\Administrator, user.timezone=Asia/Shanghai, java.awt.printerjob=sun.awt.windows.WPrinterJob, java.specification.version=1.7, file.encoding=GBK, javax.persistence.nonJtaDataSource=org.apache.tomcat.jdbc.pool.DataSource@8e45b{ConnectionPool[defaultAutoCommit=true; defaultReadOnly=null; defaultTransactionIsolation=-1; defaultCatalog=null; driverClassName=com.mysql.jdbc.Driver; maxActive=50; maxIdle=10; minIdle=0; initialSize=10; maxWait=120000; testOnBorrow=false; testOnReturn=false; timeBetweenEvictionRunsMillis=5000; numTestsPerEvictionRun=0; minEvictableIdleTimeMillis=6000; testWhileIdle=false; testOnConnect=false; password=********; url=jdbc:mysql://123.125.218.30:8001/cusc_test?useUnicode=true&amp;characterEncoding=utf-8; username=root; validationQuery=null; validationQueryTimeout=-1; validatorClassName=null; validationInterval=30000; accessToUnderlyingConnectionAllowed=true; removeAbandoned=true; removeAbandonedTimeout=6000; logAbandoned=false; connectionProperties=null; initSQL=null; jdbcInterceptors=null; jmxEnabled=true; fairQueue=true; useEquals=true; abandonWhenPercentageFull=0; maxAge=0; useLock=false; dataSource=null; dataSourceJNDI=null; suspectTimeout=0; alternateUsernameAllowed=false; commitOnReturn=false; rollbackOnReturn=false; useDisposableConnectionFacade=true; logValidationErrors=false; propagateInterruptState=false; ignoreExceptionOnPreLoad=false; }, user.name=Administrator, java.class.path=D:\DevTool\workspace\activiti\portal\target\test-classes;D:\DevTool\workspace\activiti\portal\target\classes;D:\devtool\repository\Maven\Maven3.2.2\local\repo\com\yonyou\iuap\iuap-jdbc\3.0.0-RELEASE\iuap-jdbc-3.0.0-RELEASE.jar;D:\devtool\repository\Maven\Maven3.2.2\local\repo\com\yonyou\iuap\iuap-generic\3.0.0-RELEASE\iuap-generic-3.0.0-RELEASE.jar;D:\devtool\repository\Maven\Maven3.2.2\local\repo\org\apache\commons\commons-collections4\4.1\commons-collections4-4.1.jar;D:\devtool\repository\Maven\Maven3.2.2\local\repo\com\fasterxml\jackson\core\jackson-databind\2.4.0\jackson-databind-2.4.0.jar;D:\devtool\repository\Maven\Maven3.2.2\local\repo\com\fasterxml\jackson\core\jackson-annotations\2.4.0\jackson-annotations-2.4.0.jar;D:\devtool\repository\Maven\Maven3.2.2\local\repo\com\fasterxml\jackson\core\jackson-core\2.4.0\jackson-core-2.4.0.jar;D:\devtool\repository\Maven\Maven3.2.2\local\repo\com\esotericsoftware\reflectasm\reflectasm\1.09\reflectasm-1.09.jar;D:\devtool\repository\Maven\Maven3.2.2\local\repo\org\ow2\asm\asm\4.0\asm-4.0.jar;D:\devtool\repository\Maven\Maven3.2.2\local\repo\commons-beanutils\commons-beanutils\1.8.3\commons-beanutils-1.8.3.jar;D:\devtool\repository\Maven\Maven3.2.2\local\repo\org\apache\commons\commons-lang3\3.3.2\commons-lang3-3.3.2.jar;D:\devtool\repository\Maven\Maven3.2.2\local\repo\org\springframework\spring-context\4.0.5.RELEASE\spring-context-4.0.5.RELEASE.jar;D:\devtool\repository\Maven\Maven3.2.2\local\repo\org\springframework\spring-aop\4.0.5.RELEASE\spring-aop-4.0.5.RELEASE.jar;D:\devtool\repository\Maven\Maven3.2.2\local\repo\org\springframework\spring-tx\4.0.5.RELEASE\spring-tx-4.0.5.RELEASE.jar;D:\devtool\repository\Maven\Maven3.2.2\local\repo\org\springframework\data\spring-data-commons\1.10.2.RELEASE\spring-data-commons-1.10.2.RELEASE.jar;D:\devtool\repository\Maven\Maven3.2.2\local\repo\org\slf4j\jcl-over-slf4j\1.7.12\jcl-over-slf4j-1.7.12.jar;D:\devtool\repository\Maven\Maven3.2.2\local\repo\cglib\cglib-nodep\3.2.0\cglib-nodep-3.2.0.jar;D:\devtool\repository\Maven\Maven3.2.2\local\repo\org\springframework\spring-jdbc\4.0.5.RELEASE\spring-jdbc-4.0.5.RELEASE.jar;D:\devtool\repository\Maven\Maven3.2.2\local\repo\org\springframework\spring-beans\4.0.5.RELEASE\spring-beans-4.0.5.RELEASE.jar;D:\devtool\repository\Maven\Maven3.2.2\local\repo\org\springframework\spring-core\4.0.5.RELEASE\spring-core-4.0.5.RELEASE.jar;D:\devtool\repository\Maven\Maven3.2.2\local\repo\com\yonyou\iuap\iuap-cache\3.0.0-RELEASE\iuap-cache-3.0.0-RELEASE.jar;D:\devtool\repository\Maven\Maven3.2.2\local\repo\com\yonyou\iuap\iuap-log\3.0.0-RELEASE\iuap-log-3.0.0-RELEASE.jar;D:\devtool\repository\Maven\Maven3.2.2\local\repo\ch\qos\logback\logback-classic\1.1.2\logback-classic-1.1.2.jar;D:\devtool\repository\Maven\Maven3.2.2\local\repo\ch\qos\logback\logback-core\1.1.2\logback-core-1.1.2.jar;D:\devtool\repository\Maven\Maven3.2.2\local\repo\org\slf4j\log4j-over-slf4j\1.7.8\log4j-over-slf4j-1.7.8.jar;D:\devtool\repository\Maven\Maven3.2.2\local\repo\org\slf4j\jul-to-slf4j\1.7.8\jul-to-slf4j-1.7.8.jar;D:\devtool\repository\Maven\Maven3.2.2\local\repo\com\googlecode\log4jdbc\log4jdbc\1.2\log4jdbc-1.2.jar;D:\devtool\repository\Maven\Maven3.2.2\local\repo\redis\clients\jedis\2.6.0\jedis-2.6.0.jar;D:\devtool\repository\Maven\Maven3.2.2\local\repo\org\apache\commons\commons-pool2\2.0\commons-pool2-2.0.jar;D:\devtool\repository\Maven\Maven3.2.2\local\repo\io\springside\springside-redis\4.3.0-RELEASE\springside-redis-4.3.0-RELEASE.jar;D:\devtool\repository\Maven\Maven3.2.2\local\repo\com\google\guava\guava\18.0\guava-18.0.jar;D:\devtool\repository\Maven\Maven3.2.2\local\repo\commons-io\commons-io\2.4\commons-io-2.4.jar;D:\devtool\repository\Maven\Maven3.2.2\local\repo\org\springframework\spring-context-support\4.0.5.RELEASE\spring-context-support-4.0.5.RELEASE.jar;D:\devtool\repository\Maven\Maven3.2.2\local\repo\org\aspectj\aspectjrt\1.7.4\aspectjrt-1.7.4.jar;D:\devtool\repository\Maven\Maven3.2.2\local\repo\org\aspectj\aspectjweaver\1.7.4\aspectjweaver-1.7.4.jar;D:\devtool\repository\Maven\Maven3.2.2\local\repo\com\yonyou\iuap\iuap-security\3.0.0-RELEASE\iuap-security-3.0.0-RELEASE.jar;D:\devtool\repository\Maven\Maven3.2.2\local\repo\com\yonyou\iuap\iuap-utils\3.0.0-RELEASE\iuap-utils-3.0.0-RELEASE.jar;D:\devtool\repository\Maven\Maven3.2.2\local\repo\commons-fileupload\commons-fileupload\1.3\commons-fileupload-1.3.jar;D:\devtool\repository\Maven\Maven3.2.2\local\repo\org\apache\httpcomponents\httpmime\4.4.1\httpmime-4.4.1.jar;D:\devtool\repository\Maven\Maven3.2.2\local\repo\com\fasterxml\jackson\module\jackson-module-jaxb-annotations\2.4.0\jackson-module-jaxb-annotations-2.4.0.jar;D:\devtool\repository\Maven\Maven3.2.2\local\repo\commons-codec\commons-codec\1.9\commons-codec-1.9.jar;D:\devtool\repository\Maven\Maven3.2.2\local\repo\org\owasp\esapi\esapi\2.1.0\esapi-2.1.0.jar;D:\devtool\repository\Maven\Maven3.2.2\local\repo\commons-configuration\commons-configuration\1.5\commons-configuration-1.5.jar;D:\devtool\repository\Maven\Maven3.2.2\local\repo\commons-digester\commons-digester\1.8\commons-digester-1.8.jar;D:\devtool\repository\Maven\Maven3.2.2\local\repo\commons-collections\commons-collections\3.2\commons-collections-3.2.jar;D:\devtool\repository\Maven\Maven3.2.2\local\repo\xom\xom\1.2.5\xom-1.2.5.jar;D:\devtool\repository\Maven\Maven3.2.2\local\repo\xml-apis\xml-apis\1.3.03\xml-apis-1.3.03.jar;D:\devtool\repository\Maven\Maven3.2.2\local\repo\xerces\xercesImpl\2.8.0\xercesImpl-2.8.0.jar;D:\devtool\repository\Maven\Maven3.2.2\local\repo\xalan\xalan\2.7.0\xalan-2.7.0.jar;D:\devtool\repository\Maven\Maven3.2.2\local\repo\org\beanshell\bsh-core\2.0b4\bsh-core-2.0b4.jar;D:\devtool\repository\Maven\Maven3.2.2\local\repo\org\owasp\antisamy\antisamy\1.4.3\antisamy-1.4.3.jar;D:\devtool\repository\Maven\Maven3.2.2\local\repo\org\apache\xmlgraphics\batik-css\1.7\batik-css-1.7.jar;D:\devtool\repository\Maven\Maven3.2.2\local\repo\org\apache\xmlgraphics\batik-ext\1.7\batik-ext-1.7.jar;D:\devtool\repository\Maven\Maven3.2.2\local\repo\org\apache\xmlgraphics\batik-util\1.7\batik-util-1.7.jar;D:\devtool\repository\Maven\Maven3.2.2\local\repo\xml-apis\xml-apis-ext\1.3.04\xml-apis-ext-1.3.04.jar;D:\devtool\repository\Maven\Maven3.2.2\local\repo\net\sourceforge\nekohtml\nekohtml\1.9.12\nekohtml-1.9.12.jar;D:\devtool\repository\Maven\Maven3.2.2\local\repo\commons-httpclient\commons-httpclient\3.1\commons-httpclient-3.1.jar;D:\devtool\repository\Maven\Maven3.2.2\local\repo\org\bouncycastle\bcprov-jdk16\1.46\bcprov-jdk16-1.46.jar;D:\devtool\repository\Maven\Maven3.2.2\local\repo\net\sf\json-lib\json-lib\2.4\json-lib-2.4.jar;D:\devtool\repository\Maven\Maven3.2.2\local\repo\commons-lang\commons-lang\2.5\commons-lang-2.5.jar;D:\devtool\repository\Maven\Maven3.2.2\local\repo\net\sf\ezmorph\ezmorph\1.0.6\ezmorph-1.0.6.jar;D:\devtool\repository\Maven\Maven3.2.2\local\repo\com\yonyou\iuap\iuap-auth\3.0.0-RELEASE\iuap-auth-3.0.0-RELEASE.jar;D:\devtool\repository\Maven\Maven3.2.2\local\repo\org\apache\shiro\shiro-spring\1.2.3\shiro-spring-1.2.3.jar;D:\devtool\repository\Maven\Maven3.2.2\local\repo\org\apache\shiro\shiro-core\1.2.3\shiro-core-1.2.3.jar;D:\devtool\repository\Maven\Maven3.2.2\local\repo\org\apache\shiro\shiro-web\1.2.3\shiro-web-1.2.3.jar;D:\devtool\repository\Maven\Maven3.2.2\local\repo\org\apache\shiro\shiro-ehcache\1.2.3\shiro-ehcache-1.2.3.jar;D:\devtool\repository\Maven\Maven3.2.2\local\repo\net\sf\ehcache\ehcache-core\2.5.0\ehcache-core-2.5.0.jar;D:\devtool\repository\Maven\Maven3.2.2\local\repo\com\yonyou\iuap\iuap-persistence\3.0.0-RELEASE\iuap-persistence-3.0.0-RELEASE.jar;D:\devtool\repository\Maven\Maven3.2.2\local\repo\org\hibernate\hibernate-entitymanager\4.3.5.Final\hibernate-entitymanager-4.3.5.Final.jar;D:\devtool\repository\Maven\Maven3.2.2\local\repo\org\jboss\logging\jboss-logging-annotations\1.2.0.Beta1\jboss-logging-annotations-1.2.0.Beta1.jar;D:\devtool\repository\Maven\Maven3.2.2\local\repo\org\hibernate\hibernate-core\4.3.5.Final\hibernate-core-4.3.5.Final.jar;D:\devtool\repository\Maven\Maven3.2.2\local\repo\antlr\antlr\2.7.7\antlr-2.7.7.jar;D:\devtool\repository\Maven\Maven3.2.2\local\repo\org\jboss\jandex\1.1.0.Final\jandex-1.1.0.Final.jar;D:\devtool\repository\Maven\Maven3.2.2\local\repo\dom4j\dom4j\1.6.1\dom4j-1.6.1.jar;D:\devtool\repository\Maven\Maven3.2.2\local\repo\org\hibernate\common\hibernate-commons-annotations\4.0.4.Final\hibernate-commons-annotations-4.0.4.Final.jar;D:\devtool\repository\Maven\Maven3.2.2\local\repo\org\hibernate\javax\persistence\hibernate-jpa-2.1-api\1.0.0.Final\hibernate-jpa-2.1-api-1.0.0.Final.jar;D:\devtool\repository\Maven\Maven3.2.2\local\repo\org\jboss\spec\javax\transaction\jboss-transaction-api_1.2_spec\1.0.0.Final\jboss-transaction-api_1.2_spec-1.0.0.Final.jar;D:\devtool\repository\Maven\Maven3.2.2\local\repo\org\javassist\javassist\3.18.1-GA\javassist-3.18.1-GA.jar;D:\devtool\repository\Maven\Maven3.2.2\local\repo\org\springframework\data\spring-data-jpa\1.6.0.RELEASE\spring-data-jpa-1.6.0.RELEASE.jar;D:\devtool\repository\Maven\Maven3.2.2\local\repo\org\springframework\spring-orm\3.2.9.RELEASE\spring-orm-3.2.9.RELEASE.jar;D:\devtool\repository\Maven\Maven3.2.2\local\repo\org\apache\tomcat\tomcat-jdbc\7.0.53\tomcat-jdbc-7.0.53.jar;D:\devtool\repository\Maven\Maven3.2.2\local\repo\org\apache\tomcat\tomcat-juli\7.0.53\tomcat-juli-7.0.53.jar;D:\devtool\repository\Maven\Maven3.2.2\local\repo\org\mybatis\mybatis\3.3.0\mybatis-3.3.0.jar;D:\devtool\repository\Maven\Maven3.2.2\local\repo\org\mybatis\mybatis-spring\1.2.3\mybatis-spring-1.2.3.jar;D:\devtool\repository\Maven\Maven3.2.2\local\repo\com\alibaba\druid\1.0.18\druid-1.0.18.jar;D:\DevTool\repository\JDK\jdk1.7.0_67\jre\..\lib\jconsole.jar;D:\DevTool\repository\JDK\jdk1.7.0_67\jre\..\lib\tools.jar;D:\devtool\repository\Maven\Maven3.2.2\local\repo\com\github\jsqlparser\jsqlparser\0.9.5\jsqlparser-0.9.5.jar;D:\devtool\repository\Maven\Maven3.2.2\local\repo\com\yonyou\iuap\iuap-oid\3.0.0-RELEASE\iuap-oid-3.0.0-RELEASE.jar;D:\devtool\repository\Maven\Maven3.2.2\local\repo\io\springside\springside-core\4.3.0-RELEASE\springside-core-4.3.0-RELEASE.jar;D:\devtool\repository\Maven\Maven3.2.2\local\repo\io\springside\springside-utils\4.3.0-RELEASE\springside-utils-4.3.0-RELEASE.jar;D:\devtool\repository\Maven\Maven3.2.2\local\repo\org\hibernate\hibernate-validator\5.0.3.Final\hibernate-validator-5.0.3.Final.jar;D:\devtool\repository\Maven\Maven3.2.2\local\repo\javax\validation\validation-api\1.1.0.Final\validation-api-1.1.0.Final.jar;D:\devtool\repository\Maven\Maven3.2.2\local\repo\org\jboss\logging\jboss-logging\3.1.1.GA\jboss-logging-3.1.1.GA.jar;D:\devtool\repository\Maven\Maven3.2.2\local\repo\com\fasterxml\classmate\1.0.0\classmate-1.0.0.jar;D:\devtool\repository\Maven\Maven3.2.2\local\repo\mysql\mysql-connector-java\5.1.22\mysql-connector-java-5.1.22.jar;D:\devtool\repository\Maven\Maven3.2.2\local\repo\postgresql\postgresql\9.1-901-1.jdbc4\postgresql-9.1-901-1.jdbc4.jar;D:\devtool\repository\Maven\Maven3.2.2\local\repo\com\oracle\ojdbc6\11.1.0.7.0\ojdbc6-11.1.0.7.0.jar;D:\devtool\repository\Maven\Maven3.2.2\local\repo\javax\servlet\javax.servlet-api\3.1.0\javax.servlet-api-3.1.0.jar;D:\devtool\repository\Maven\Maven3.2.2\local\repo\org\springframework\spring-webmvc\4.0.5.RELEASE\spring-webmvc-4.0.5.RELEASE.jar;D:\devtool\repository\Maven\Maven3.2.2\local\repo\org\springframework\spring-expression\4.0.5.RELEASE\spring-expression-4.0.5.RELEASE.jar;D:\devtool\repository\Maven\Maven3.2.2\local\repo\org\springframework\spring-web\4.0.5.RELEASE\spring-web-4.0.5.RELEASE.jar;D:\devtool\repository\Maven\Maven3.2.2\local\repo\org\freemarker\freemarker\2.3.20\freemarker-2.3.20.jar;D:\devtool\repository\Maven\Maven3.2.2\local\repo\javax\servlet\jstl\1.2\jstl-1.2.jar;D:\devtool\repository\Maven\Maven3.2.2\local\repo\junit\junit\4.10\junit-4.10.jar;D:\devtool\repository\Maven\Maven3.2.2\local\repo\org\hamcrest\hamcrest-core\1.1\hamcrest-core-1.1.jar;D:\devtool\repository\Maven\Maven3.2.2\local\repo\org\springframework\spring-test\4.0.5.RELEASE\spring-test-4.0.5.RELEASE.jar;D:\devtool\repository\Maven\Maven3.2.2\local\repo\org\eclipse\jetty\aggregate\jetty-webapp\8.1.16.v20140903\jetty-webapp-8.1.16.v20140903.jar;D:\devtool\repository\Maven\Maven3.2.2\local\repo\org\eclipse\jetty\orbit\javax.servlet\3.0.0.v201112011016\javax.servlet-3.0.0.v201112011016.jar;D:\devtool\repository\Maven\Maven3.2.2\local\repo\org\apache\axis2\axis2-jibx\1.7.5\axis2-jibx-1.7.5.jar;D:\devtool\repository\Maven\Maven3.2.2\local\repo\org\apache\axis2\axis2-kernel\1.7.5\axis2-kernel-1.7.5.jar;D:\devtool\repository\Maven\Maven3.2.2\local\repo\org\apache\ws\commons\axiom\axiom-api\1.2.20\axiom-api-1.2.20.jar;D:\devtool\repository\Maven\Maven3.2.2\local\repo\org\apache\geronimo\specs\geronimo-activation_1.1_spec\1.1\geronimo-activation_1.1_spec-1.1.jar;D:\devtool\repository\Maven\Maven3.2.2\local\repo\org\apache\geronimo\specs\geronimo-stax-api_1.0_spec\1.0.1\geronimo-stax-api_1.0_spec-1.0.1.jar;D:\devtool\repository\Maven\Maven3.2.2\local\repo\org\apache\james\apache-mime4j-core\0.7.2\apache-mime4j-core-0.7.2.jar;D:\devtool\repository\Maven\Maven3.2.2\local\repo\org\apache\ws\commons\axiom\axiom-impl\1.2.20\axiom-impl-1.2.20.jar;D:\devtool\repository\Maven\Maven3.2.2\local\repo\org\codehaus\woodstox\woodstox-core-asl\4.2.0\woodstox-core-asl-4.2.0.jar;D:\devtool\repository\Maven\Maven3.2.2\local\repo\org\codehaus\woodstox\stax2-api\3.1.1\stax2-api-3.1.1.jar;D:\devtool\repository\Maven\Maven3.2.2\local\repo\org\apache\geronimo\specs\geronimo-ws-metadata_2.0_spec\1.1.2\geronimo-ws-metadata_2.0_spec-1.1.2.jar;D:\devtool\repository\Maven\Maven3.2.2\local\repo\org\apache\geronimo\specs\geronimo-jta_1.1_spec\1.1\geronimo-jta_1.1_spec-1.1.jar;D:\devtool\repository\Maven\Maven3.2.2\local\repo\javax\servlet\servlet-api\2.3\servlet-api-2.3.jar;D:\devtool\repository\Maven\Maven3.2.2\local\repo\wsdl4j\wsdl4j\1.6.2\wsdl4j-1.6.2.jar;D:\devtool\repository\Maven\Maven3.2.2\local\repo\org\apache\ws\xmlschema\xmlschema-core\2.2.1\xmlschema-core-2.2.1.jar;D:\devtool\repository\Maven\Maven3.2.2\local\repo\org\apache\neethi\neethi\3.0.3\neethi-3.0.3.jar;D:\devtool\repository\Maven\Maven3.2.2\local\repo\org\apache\woden\woden-core\1.0M10\woden-core-1.0M10.jar;D:\devtool\repository\Maven\Maven3.2.2\local\repo\javax\ws\rs\jsr311-api\1.1.1\jsr311-api-1.1.1.jar;D:\devtool\repository\Maven\Maven3.2.2\local\repo\org\apache\axis2\axis2-codegen\1.7.5\axis2-codegen-1.7.5.jar;D:\devtool\repository\Maven\Maven3.2.2\local\repo\org\apache\axis2\axis2-adb\1.7.5\axis2-adb-1.7.5.jar;D:\devtool\repository\Maven\Maven3.2.2\local\repo\org\apache\ws\commons\axiom\axiom-dom\1.2.20\axiom-dom-1.2.20.jar;D:\devtool\repository\Maven\Maven3.2.2\local\repo\com\sun\xml\ws\jaxws-tools\2.2.6\jaxws-tools-2.2.6.jar;D:\devtool\repository\Maven\Maven3.2.2\local\repo\org\jibx\jibx-bind\1.2\jibx-bind-1.2.jar;D:\devtool\repository\Maven\Maven3.2.2\local\repo\com\google\code\findbugs\bcel-findbugs\6.0\bcel-findbugs-6.0.jar;D:\devtool\repository\Maven\Maven3.2.2\local\repo\org\jibx\jibx-run\1.2\jibx-run-1.2.jar;D:\devtool\repository\Maven\Maven3.2.2\local\repo\org\eclipse\jetty\jetty-jsp\8.1.16.v20140903\jetty-jsp-8.1.16.v20140903.jar;D:\devtool\repository\Maven\Maven3.2.2\local\repo\org\eclipse\jetty\orbit\javax.servlet.jsp\2.2.0.v201112011158\javax.servlet.jsp-2.2.0.v201112011158.jar;D:\devtool\repository\Maven\Maven3.2.2\local\repo\org\eclipse\jetty\orbit\org.apache.jasper.glassfish\2.2.2.v201112011158\org.apache.jasper.glassfish-2.2.2.v201112011158.jar;D:\devtool\repository\Maven\Maven3.2.2\local\repo\org\eclipse\jetty\orbit\javax.servlet.jsp.jstl\1.2.0.v201105211821\javax.servlet.jsp.jstl-1.2.0.v201105211821.jar;D:\devtool\repository\Maven\Maven3.2.2\local\repo\org\eclipse\jetty\orbit\org.apache.taglibs.standard.glassfish\1.2.0.v201112081803\org.apache.taglibs.standard.glassfish-1.2.0.v201112081803.jar;D:\devtool\repository\Maven\Maven3.2.2\local\repo\org\eclipse\jetty\orbit\javax.el\2.2.0.v201108011116\javax.el-2.2.0.v201108011116.jar;D:\devtool\repository\Maven\Maven3.2.2\local\repo\org\eclipse\jetty\orbit\com.sun.el\2.2.0.v201108011116\com.sun.el-2.2.0.v201108011116.jar;D:\devtool\repository\Maven\Maven3.2.2\local\repo\org\eclipse\jetty\orbit\org.eclipse.jdt.core\3.7.1\org.eclipse.jdt.core-3.7.1.jar;D:\devtool\repository\Maven\Maven3.2.2\local\repo\javax\mail\mail\1.5.0-b01\mail-1.5.0-b01.jar;D:\devtool\repository\Maven\Maven3.2.2\local\repo\javax\activation\activation\1.1\activation-1.1.jar;D:\devtool\repository\Maven\Maven3.2.2\local\repo\org\apache\poi\poi-contrib\3.1-FINAL\poi-contrib-3.1-FINAL.jar;D:\devtool\repository\Maven\Maven3.2.2\local\repo\org\apache\poi\poi\3.1-FINAL\poi-3.1-FINAL.jar;D:\devtool\repository\Maven\Maven3.2.2\local\repo\commons-logging\commons-logging\1.1\commons-logging-1.1.jar;D:\devtool\repository\Maven\Maven3.2.2\local\repo\log4j\log4j\1.2.13\log4j-1.2.13.jar;D:\devtool\repository\Maven\Maven3.2.2\local\repo\jaxen\jaxen\1.1.6\jaxen-1.1.6.jar;D:\devtool\repository\Maven\Maven3.2.2\local\repo\com\yonyou\iuap\iuap-dubbox\3.0.0-RELEASE\iuap-dubbox-3.0.0-RELEASE.jar;D:\devtool\repository\Maven\Maven3.2.2\local\repo\com\alibaba\dubbo\2.8.4.RELEASE\dubbo-2.8.4.RELEASE.jar;D:\devtool\repository\Maven\Maven3.2.2\local\repo\aopalliance\aopalliance\1.0\aopalliance-1.0.jar;D:\devtool\repository\Maven\Maven3.2.2\local\repo\commons-pool\commons-pool\1.6\commons-pool-1.6.jar;D:\devtool\repository\Maven\Maven3.2.2\local\repo\org\apache\curator\curator-framework\2.5.0\curator-framework-2.5.0.jar;D:\devtool\repository\Maven\Maven3.2.2\local\repo\org\apache\curator\curator-client\2.5.0\curator-client-2.5.0.jar;D:\devtool\repository\Maven\Maven3.2.2\local\repo\com\github\sgroschupf\zkclient\0.1\zkclient-0.1.jar;D:\devtool\repository\Maven\Maven3.2.2\local\repo\org\apache\zookeeper\zookeeper\3.4.6\zookeeper-3.4.6.jar;D:\devtool\repository\Maven\Maven3.2.2\local\repo\org\slf4j\slf4j-api\1.6.1\slf4j-api-1.6.1.jar;D:\devtool\repository\Maven\Maven3.2.2\local\repo\jline\jline\0.9.94\jline-0.9.94.jar;D:\devtool\repository\Maven\Maven3.2.2\local\repo\io\netty\netty\3.7.0.Final\netty-3.7.0.Final.jar;D:\devtool\repository\Maven\Maven3.2.2\local\repo\org\apache\httpcomponents\httpclient\4.4.1\httpclient-4.4.1.jar;D:\devtool\repository\Maven\Maven3.2.2\local\repo\org\apache\httpcomponents\httpcore\4.4.1\httpcore-4.4.1.jar;, hibernate.bytecode.use_reflection_optimizer=false, hibernate.show_sql=false, javax.persistence.validation.mode=AUTO, java.vm.specification.version=1.7, sun.arch.data.model=32, java.home=D:\DevTool\repository\JDK\jdk1.7.0_67\jre, sun.java.command=D:\DevTool\workspace\activiti\portal\target\surefire\surefirebooter6936740933022263910.jar D:\DevTool\workspace\activiti\portal\target\surefire\surefire1724086230456295942tmp D:\DevTool\workspace\activiti\portal\target\surefire\surefire_06423158882349423585tmp, hibernate.dialect=org.hibernate.dialect.MySQL5InnoDBDialect, java.specification.vendor=Oracle Corporation, user.language=zh, awt.toolkit=sun.awt.windows.WToolkit, java.vm.info=mixed mode, java.version=1.7.0_67, java.ext.dirs=D:\DevTool\repository\JDK\jdk1.7.0_67\jre\lib\ext;C:\Windows\Sun\Java\lib\ext, sun.boot.class.path=D:\DevTool\repository\JDK\jdk1.7.0_67\jre\lib\resources.jar;D:\DevTool\repository\JDK\jdk1.7.0_67\jre\lib\rt.jar;D:\DevTool\repository\JDK\jdk1.7.0_67\jre\lib\sunrsasign.jar;D:\DevTool\repository\JDK\jdk1.7.0_67\jre\lib\jsse.jar;D:\DevTool\repository\JDK\jdk1.7.0_67\jre\lib\jce.jar;D:\DevTool\repository\JDK\jdk1.7.0_67\jre\lib\charsets.jar;D:\DevTool\repository\JDK\jdk1.7.0_67\jre\lib\jfr.jar;D:\DevTool\repository\JDK\jdk1.7.0_67\jre\classes, java.vendor=Oracle Corporation, localRepository=D:\devtool\repository\Maven\Maven3.2.2\local\repo, file.separator=\, java.vendor.url.bug=http://bugreport.sun.com/bugreport/, sun.cpu.endian=little, sun.io.unicode.encoding=UnicodeLittle, sun.desktop=windows, sun.cpu.isalist=pentium_pro+mmx pentium_pro pentium+mmx pentium i486 i386 i86}
10:21:01.260 [] [] [main] INFO  o.h.validator.internal.util.Version - HV000001: Hibernate Validator 5.0.3.Final
10:21:01.269 [] [] [main] DEBUG o.h.v.i.e.r.DefaultTraversableResolver - Found javax.persistence.Persistence on classpath containing &apos;getPersistenceUtil&apos;. Assuming JPA 2 environment. Trying to instantiate JPA aware TraversableResolver
10:21:01.270 [] [] [main] DEBUG o.h.v.i.e.r.DefaultTraversableResolver - Instantiated JPA aware TraversableResolver of type org.hibernate.validator.internal.engine.resolver.JPATraversableResolver.
10:21:01.286 [] [] [main] DEBUG o.h.v.i.xml.ValidationXmlParser - Trying to load META-INF/validation.xml for XML based Validator configuration.
10:21:01.290 [] [] [main] DEBUG o.h.v.i.xml.ValidationXmlParser - No META-INF/validation.xml found. Using annotation based configuration only.
10:21:01.350 [] [] [main] DEBUG o.h.v.i.m.d.ConstraintDescriptorImpl - Adding composing constraint: ConstraintDescriptorImpl{annotation=javax.validation.constraints.NotNull, payloads=[], hasComposingConstraints=true, isReportAsSingleInvalidConstraint=false, elementType=METHOD, definedOn=DEFINED_LOCALLY, groups=[interface javax.validation.groups.Default], attributes={message={javax.validation.constraints.NotNull.message}, payload=[Ljava.lang.Class;@ca838d, groups=[Ljava.lang.Class;@182b5fa}, constraintType=GENERIC}.
10:21:01.353 [] [] [main] DEBUG o.h.v.i.m.d.ConstraintDescriptorImpl - Adding composing constraint: ConstraintDescriptorImpl{annotation=javax.validation.constraints.NotNull, payloads=[], hasComposingConstraints=true, isReportAsSingleInvalidConstraint=false, elementType=METHOD, definedOn=DEFINED_LOCALLY, groups=[interface javax.validation.groups.Default], attributes={message={javax.validation.constraints.NotNull.message}, payload=[Ljava.lang.Class;@11b1b5a, groups=[Ljava.lang.Class;@a0df6a}, constraintType=GENERIC}.
10:21:01.367 [] [] [main] TRACE o.h.v.i.m.a.BeanMetaDataImpl - Members of the default group sequence for bean com.yonyou.iuap.system.entity.MgrUser are: [interface javax.validation.groups.Default].
10:21:01.373 [] [] [main] DEBUG o.h.v.i.m.d.ConstraintDescriptorImpl - Adding composing constraint: ConstraintDescriptorImpl{annotation=javax.validation.constraints.NotNull, payloads=[], hasComposingConstraints=true, isReportAsSingleInvalidConstraint=false, elementType=FIELD, definedOn=DEFINED_LOCALLY, groups=[interface javax.validation.groups.Default], attributes={message={javax.validation.constraints.NotNull.message}, payload=[Ljava.lang.Class;@ccfc52, groups=[Ljava.lang.Class;@1c99f31}, constraintType=GENERIC}.
10:21:01.375 [] [] [main] TRACE o.h.v.i.m.a.BeanMetaDataImpl - Members of the default group sequence for bean com.yonyou.iuap.example.entity.GoodJpaDemo are: [interface javax.validation.groups.Default].
10:21:01.379 [] [] [main] TRACE o.h.s.i.AbstractServiceRegistryImpl - Initializing service [role=org.hibernate.event.service.spi.EventListenerRegistry]
10:21:01.409 [] [] [main] DEBUG o.h.secure.spi.JaccIntegrator - Skipping JACC integration as it was not enabled
10:21:01.412 [] [] [main] TRACE o.hibernate.engine.spi.CascadeStyles - Registering external cascade style [persist : STYLE_PERSIST_SKIPLAZY]
10:21:01.412 [] [] [main] DEBUG o.hibernate.engine.spi.CascadeStyles - External cascade style regsitration [persist : STYLE_PERSIST_SKIPLAZY] overrode base registration [STYLE_PERSIST]
10:21:01.419 [] [] [main] DEBUG o.h.i.f.i.DefaultIdentifierGeneratorFactory - Setting dialect [org.hibernate.dialect.MySQL5InnoDBDialect]
10:21:01.419 [] [] [main] DEBUG o.h.i.f.i.DefaultIdentifierGeneratorFactory - Setting dialect [org.hibernate.dialect.MySQL5InnoDBDialect]
10:21:01.419 [] [] [main] TRACE o.h.s.i.AbstractServiceRegistryImpl - Initializing service [role=org.hibernate.persister.spi.PersisterFactory]
10:21:01.423 [] [] [main] TRACE o.h.s.i.AbstractServiceRegistryImpl - Initializing service [role=org.hibernate.persister.spi.PersisterClassResolver]
10:21:01.514 [] [] [main] TRACE o.h.p.entity.AbstractPropertyMapping - Skipping duplicate registration of path [loginName], existing type = [org.hibernate.type.StringType@4c735c], incoming type = [org.hibernate.type.StringType@4c735c]
10:21:01.514 [] [] [main] TRACE o.h.p.entity.AbstractPropertyMapping - Skipping duplicate registration of path [name], existing type = [org.hibernate.type.StringType@4c735c], incoming type = [org.hibernate.type.StringType@4c735c]
10:21:01.514 [] [] [main] TRACE o.h.p.entity.AbstractPropertyMapping - Skipping duplicate registration of path [password], existing type = [org.hibernate.type.StringType@4c735c], incoming type = [org.hibernate.type.StringType@4c735c]
10:21:01.514 [] [] [main] TRACE o.h.p.entity.AbstractPropertyMapping - Skipping duplicate registration of path [registerDate], existing type = [org.hibernate.type.TimestampType@637ff4], incoming type = [org.hibernate.type.TimestampType@637ff4]
10:21:01.514 [] [] [main] TRACE o.h.p.entity.AbstractPropertyMapping - Skipping duplicate registration of path [roles], existing type = [org.hibernate.type.StringType@4c735c], incoming type = [org.hibernate.type.StringType@4c735c]
10:21:01.514 [] [] [main] TRACE o.h.p.entity.AbstractPropertyMapping - Skipping duplicate registration of path [salt], existing type = [org.hibernate.type.StringType@4c735c], incoming type = [org.hibernate.type.StringType@4c735c]
10:21:01.514 [] [] [main] TRACE o.h.p.entity.AbstractPropertyMapping - Skipping duplicate registration of path [id], existing type = [org.hibernate.type.LongType@1c206e5], incoming type = [org.hibernate.type.LongType@1c206e5]
10:21:01.522 [] [] [main] TRACE o.h.p.entity.AbstractPropertyMapping - Skipping duplicate registration of path [orgin], existing type = [org.hibernate.type.StringType@4c735c], incoming type = [org.hibernate.type.StringType@4c735c]
10:21:01.522 [] [] [main] TRACE o.h.p.entity.AbstractPropertyMapping - Skipping duplicate registration of path [price], existing type = [org.hibernate.type.DoubleType@1049834], incoming type = [org.hibernate.type.DoubleType@1049834]
10:21:01.522 [] [] [main] TRACE o.h.p.entity.AbstractPropertyMapping - Skipping duplicate registration of path [proDate], existing type = [org.hibernate.type.TimestampType@637ff4], incoming type = [org.hibernate.type.TimestampType@637ff4]
10:21:01.522 [] [] [main] TRACE o.h.p.entity.AbstractPropertyMapping - Skipping duplicate registration of path [productName], existing type = [org.hibernate.type.StringType@4c735c], incoming type = [org.hibernate.type.StringType@4c735c]
10:21:01.522 [] [] [main] TRACE o.h.p.entity.AbstractPropertyMapping - Skipping duplicate registration of path [productNum], existing type = [org.hibernate.type.BigIntegerType@1ad1a1], incoming type = [org.hibernate.type.BigIntegerType@1ad1a1]
10:21:01.522 [] [] [main] TRACE o.h.p.entity.AbstractPropertyMapping - Skipping duplicate registration of path [supplier], existing type = [org.hibernate.type.StringType@4c735c], incoming type = [org.hibernate.type.StringType@4c735c]
10:21:01.522 [] [] [main] TRACE o.h.p.entity.AbstractPropertyMapping - Skipping duplicate registration of path [ts], existing type = [org.hibernate.type.TimestampType@637ff4], incoming type = [org.hibernate.type.TimestampType@637ff4]
10:21:01.526 [] [] [main] DEBUG o.h.p.entity.AbstractEntityPersister - Static SQL for entity: com.yonyou.iuap.system.entity.MgrUser
10:21:01.526 [] [] [main] DEBUG o.h.p.entity.AbstractEntityPersister -  Version select: select id from mgr_user where id =?
10:21:01.526 [] [] [main] DEBUG o.h.p.entity.AbstractEntityPersister -  Snapshot select: select mgruser_.id, mgruser_.login_name as login_na2_1_, mgruser_.name as name3_1_, mgruser_.password as password4_1_, mgruser_.register_date as register5_1_, mgruser_.roles as roles6_1_, mgruser_.salt as salt7_1_ from mgr_user mgruser_ where mgruser_.id=?
10:21:01.526 [] [] [main] DEBUG o.h.p.entity.AbstractEntityPersister -  Insert 0: insert into mgr_user (login_name, name, password, register_date, roles, salt, id) values (?, ?, ?, ?, ?, ?, ?)
10:21:01.526 [] [] [main] DEBUG o.h.p.entity.AbstractEntityPersister -  Update 0: update mgr_user set login_name=?, name=?, password=?, register_date=?, roles=?, salt=? where id=?
10:21:01.526 [] [] [main] DEBUG o.h.p.entity.AbstractEntityPersister -  Delete 0: delete from mgr_user where id=?
10:21:01.538 [] [] [main] TRACE o.h.l.p.b.i.AbstractLoadPlanBuildingAssociationVisitationStrategy -  Starting root entity : com.yonyou.iuap.system.entity.MgrUser
10:21:01.543 [] [] [main] DEBUG o.h.l.p.b.i.spaces.QuerySpacesImpl - Adding QuerySpace : uid = &lt;gen:0&gt; -&gt; org.hibernate.loader.plan.build.internal.spaces.EntityQuerySpaceImpl@1c6f158]
10:21:01.544 [] [] [main] TRACE o.h.l.p.b.i.AbstractLoadPlanBuildingAssociationVisitationStrategy - Pushing fetch source to stack : org.hibernate.loader.plan.build.internal.returns.EntityReturnImpl@99f313
10:21:01.544 [] [] [main] TRACE o.h.l.p.b.i.AbstractLoadPlanBuildingAssociationVisitationStrategy - .. Registering AssociationKey : AssociationKey(table=mgr_user, columns={id}) -&gt; org.hibernate.loader.plan.build.internal.returns.EntityReturnImpl@99f313
10:21:01.544 [] [] [main] TRACE o.h.l.p.b.i.AbstractLoadPlanBuildingAssociationVisitationStrategy - &gt;&gt; Starting entity identifier : com.yonyou.iuap.system.entity.MgrUser
10:21:01.544 [] [] [main] DEBUG o.h.p.w.spi.MetamodelGraphWalker - Visiting attribute path : loginName
10:21:01.545 [] [] [main] TRACE o.h.l.p.b.i.AbstractLoadPlanBuildingAssociationVisitationStrategy - &gt;&gt; Starting attribute Attribute(name=loginName, type=string [non-identifier])
10:21:01.545 [] [] [main] TRACE o.h.l.p.b.i.AbstractLoadPlanBuildingAssociationVisitationStrategy - &lt;&lt; Finishing up attribute : Attribute(name=loginName, type=string [non-identifier])
10:21:01.545 [] [] [main] DEBUG o.h.p.w.spi.MetamodelGraphWalker - Visiting attribute path : name
10:21:01.545 [] [] [main] TRACE o.h.l.p.b.i.AbstractLoadPlanBuildingAssociationVisitationStrategy - &gt;&gt; Starting attribute Attribute(name=name, type=string [non-identifier])
10:21:01.545 [] [] [main] TRACE o.h.l.p.b.i.AbstractLoadPlanBuildingAssociationVisitationStrategy - &lt;&lt; Finishing up attribute : Attribute(name=name, type=string [non-identifier])
10:21:01.545 [] [] [main] DEBUG o.h.p.w.spi.MetamodelGraphWalker - Visiting attribute path : password
10:21:01.545 [] [] [main] TRACE o.h.l.p.b.i.AbstractLoadPlanBuildingAssociationVisitationStrategy - &gt;&gt; Starting attribute Attribute(name=password, type=string [non-identifier])
10:21:01.545 [] [] [main] TRACE o.h.l.p.b.i.AbstractLoadPlanBuildingAssociationVisitationStrategy - &lt;&lt; Finishing up attribute : Attribute(name=password, type=string [non-identifier])
10:21:01.545 [] [] [main] DEBUG o.h.p.w.spi.MetamodelGraphWalker - Visiting attribute path : registerDate
10:21:01.545 [] [] [main] TRACE o.h.l.p.b.i.AbstractLoadPlanBuildingAssociationVisitationStrategy - &gt;&gt; Starting attribute Attribute(name=registerDate, type=timestamp [non-identifier])
10:21:01.545 [] [] [main] TRACE o.h.l.p.b.i.AbstractLoadPlanBuildingAssociationVisitationStrategy - &lt;&lt; Finishing up attribute : Attribute(name=registerDate, type=timestamp [non-identifier])
10:21:01.545 [] [] [main] DEBUG o.h.p.w.spi.MetamodelGraphWalker - Visiting attribute path : roles
10:21:01.545 [] [] [main] TRACE o.h.l.p.b.i.AbstractLoadPlanBuildingAssociationVisitationStrategy - &gt;&gt; Starting attribute Attribute(name=roles, type=string [non-identifier])
10:21:01.545 [] [] [main] TRACE o.h.l.p.b.i.AbstractLoadPlanBuildingAssociationVisitationStrategy - &lt;&lt; Finishing up attribute : Attribute(name=roles, type=string [non-identifier])
10:21:01.545 [] [] [main] DEBUG o.h.p.w.spi.MetamodelGraphWalker - Visiting attribute path : salt
10:21:01.545 [] [] [main] TRACE o.h.l.p.b.i.AbstractLoadPlanBuildingAssociationVisitationStrategy - &gt;&gt; Starting attribute Attribute(name=salt, type=string [non-identifier])
10:21:01.545 [] [] [main] TRACE o.h.l.p.b.i.AbstractLoadPlanBuildingAssociationVisitationStrategy - &lt;&lt; Finishing up attribute : Attribute(name=salt, type=string [non-identifier])
10:21:01.545 [] [] [main] TRACE o.h.l.p.b.i.AbstractLoadPlanBuildingAssociationVisitationStrategy - Popped fetch owner from stack : org.hibernate.loader.plan.build.internal.returns.EntityReturnImpl@99f313
10:21:01.545 [] [] [main] TRACE o.h.l.p.b.i.AbstractLoadPlanBuildingAssociationVisitationStrategy -  Finished root entity : com.yonyou.iuap.system.entity.MgrUser
10:21:01.545 [] [] [main] DEBUG o.h.l.p.b.i.FetchStyleLoadPlanBuildingAssociationVisitationStrategy - Building LoadPlan...
10:21:01.556 [] [] [main] DEBUG o.h.l.p.e.i.LoadQueryJoinAndFetchProcessor - processing queryspace &lt;gen:0&gt;
10:21:01.562 [] [] [main] DEBUG o.h.l.p.b.spi.LoadPlanTreePrinter - LoadPlan(entity=com.yonyou.iuap.system.entity.MgrUser)
    - Returns
       - EntityReturnImpl(entity=com.yonyou.iuap.system.entity.MgrUser, querySpaceUid=&lt;gen:0&gt;, path=com.yonyou.iuap.system.entity.MgrUser)
    - QuerySpaces
       - EntityQuerySpaceImpl(uid=&lt;gen:0&gt;, entity=com.yonyou.iuap.system.entity.MgrUser)
          - SQL table alias mapping - mgruser0_
          - alias suffix - 0_
          - suffixed key columns - {id1_1_0_}

10:21:01.564 [] [] [main] DEBUG o.h.loader.entity.plan.EntityLoader - Static select for entity com.yonyou.iuap.system.entity.MgrUser [NONE]: select mgruser0_.id as id1_1_0_, mgruser0_.login_name as login_na2_1_0_, mgruser0_.name as name3_1_0_, mgruser0_.password as password4_1_0_, mgruser0_.register_date as register5_1_0_, mgruser0_.roles as roles6_1_0_, mgruser0_.salt as salt7_1_0_ from mgr_user mgruser0_ where mgruser0_.id=?
10:21:01.564 [] [] [main] TRACE o.h.l.p.b.i.AbstractLoadPlanBuildingAssociationVisitationStrategy -  Starting root entity : com.yonyou.iuap.system.entity.MgrUser
10:21:01.564 [] [] [main] DEBUG o.h.l.p.b.i.spaces.QuerySpacesImpl - Adding QuerySpace : uid = &lt;gen:0&gt; -&gt; org.hibernate.loader.plan.build.internal.spaces.EntityQuerySpaceImpl@1695e3e]
10:21:01.564 [] [] [main] TRACE o.h.l.p.b.i.AbstractLoadPlanBuildingAssociationVisitationStrategy - Pushing fetch source to stack : org.hibernate.loader.plan.build.internal.returns.EntityReturnImpl@aa4160
10:21:01.564 [] [] [main] TRACE o.h.l.p.b.i.AbstractLoadPlanBuildingAssociationVisitationStrategy - .. Registering AssociationKey : AssociationKey(table=mgr_user, columns={id}) -&gt; org.hibernate.loader.plan.build.internal.returns.EntityReturnImpl@aa4160
10:21:01.564 [] [] [main] TRACE o.h.l.p.b.i.AbstractLoadPlanBuildingAssociationVisitationStrategy - &gt;&gt; Starting entity identifier : com.yonyou.iuap.system.entity.MgrUser
10:21:01.564 [] [] [main] DEBUG o.h.p.w.spi.MetamodelGraphWalker - Visiting attribute path : loginName
10:21:01.564 [] [] [main] TRACE o.h.l.p.b.i.AbstractLoadPlanBuildingAssociationVisitationStrategy - &gt;&gt; Starting attribute Attribute(name=loginName, type=string [non-identifier])
10:21:01.564 [] [] [main] TRACE o.h.l.p.b.i.AbstractLoadPlanBuildingAssociationVisitationStrategy - &lt;&lt; Finishing up attribute : Attribute(name=loginName, type=string [non-identifier])
10:21:01.564 [] [] [main] DEBUG o.h.p.w.spi.MetamodelGraphWalker - Visiting attribute path : name
10:21:01.564 [] [] [main] TRACE o.h.l.p.b.i.AbstractLoadPlanBuildingAssociationVisitationStrategy - &gt;&gt; Starting attribute Attribute(name=name, type=string [non-identifier])
10:21:01.564 [] [] [main] TRACE o.h.l.p.b.i.AbstractLoadPlanBuildingAssociationVisitationStrategy - &lt;&lt; Finishing up attribute : Attribute(name=name, type=string [non-identifier])
10:21:01.564 [] [] [main] DEBUG o.h.p.w.spi.MetamodelGraphWalker - Visiting attribute path : password
10:21:01.564 [] [] [main] TRACE o.h.l.p.b.i.AbstractLoadPlanBuildingAssociationVisitationStrategy - &gt;&gt; Starting attribute Attribute(name=password, type=string [non-identifier])
10:21:01.564 [] [] [main] TRACE o.h.l.p.b.i.AbstractLoadPlanBuildingAssociationVisitationStrategy - &lt;&lt; Finishing up attribute : Attribute(name=password, type=string [non-identifier])
10:21:01.564 [] [] [main] DEBUG o.h.p.w.spi.MetamodelGraphWalker - Visiting attribute path : registerDate
10:21:01.564 [] [] [main] TRACE o.h.l.p.b.i.AbstractLoadPlanBuildingAssociationVisitationStrategy - &gt;&gt; Starting attribute Attribute(name=registerDate, type=timestamp [non-identifier])
10:21:01.564 [] [] [main] TRACE o.h.l.p.b.i.AbstractLoadPlanBuildingAssociationVisitationStrategy - &lt;&lt; Finishing up attribute : Attribute(name=registerDate, type=timestamp [non-identifier])
10:21:01.564 [] [] [main] DEBUG o.h.p.w.spi.MetamodelGraphWalker - Visiting attribute path : roles
10:21:01.565 [] [] [main] TRACE o.h.l.p.b.i.AbstractLoadPlanBuildingAssociationVisitationStrategy - &gt;&gt; Starting attribute Attribute(name=roles, type=string [non-identifier])
10:21:01.565 [] [] [main] TRACE o.h.l.p.b.i.AbstractLoadPlanBuildingAssociationVisitationStrategy - &lt;&lt; Finishing up attribute : Attribute(name=roles, type=string [non-identifier])
10:21:01.565 [] [] [main] DEBUG o.h.p.w.spi.MetamodelGraphWalker - Visiting attribute path : salt
10:21:01.565 [] [] [main] TRACE o.h.l.p.b.i.AbstractLoadPlanBuildingAssociationVisitationStrategy - &gt;&gt; Starting attribute Attribute(name=salt, type=string [non-identifier])
10:21:01.565 [] [] [main] TRACE o.h.l.p.b.i.AbstractLoadPlanBuildingAssociationVisitationStrategy - &lt;&lt; Finishing up attribute : Attribute(name=salt, type=string [non-identifier])
10:21:01.565 [] [] [main] TRACE o.h.l.p.b.i.AbstractLoadPlanBuildingAssociationVisitationStrategy - Popped fetch owner from stack : org.hibernate.loader.plan.build.internal.returns.EntityReturnImpl@aa4160
10:21:01.565 [] [] [main] TRACE o.h.l.p.b.i.AbstractLoadPlanBuildingAssociationVisitationStrategy -  Finished root entity : com.yonyou.iuap.system.entity.MgrUser
10:21:01.565 [] [] [main] DEBUG o.h.l.p.b.i.FetchStyleLoadPlanBuildingAssociationVisitationStrategy - Building LoadPlan...
10:21:01.565 [] [] [main] DEBUG o.h.l.p.e.i.LoadQueryJoinAndFetchProcessor - processing queryspace &lt;gen:0&gt;
10:21:01.565 [] [] [main] DEBUG o.h.l.p.b.spi.LoadPlanTreePrinter - LoadPlan(entity=com.yonyou.iuap.system.entity.MgrUser)
    - Returns
       - EntityReturnImpl(entity=com.yonyou.iuap.system.entity.MgrUser, querySpaceUid=&lt;gen:0&gt;, path=com.yonyou.iuap.system.entity.MgrUser)
    - QuerySpaces
       - EntityQuerySpaceImpl(uid=&lt;gen:0&gt;, entity=com.yonyou.iuap.system.entity.MgrUser)
          - SQL table alias mapping - mgruser0_
          - alias suffix - 0_
          - suffixed key columns - {id1_1_0_}

10:21:01.565 [] [] [main] DEBUG o.h.loader.entity.plan.EntityLoader - Static select for entity com.yonyou.iuap.system.entity.MgrUser [READ]: select mgruser0_.id as id1_1_0_, mgruser0_.login_name as login_na2_1_0_, mgruser0_.name as name3_1_0_, mgruser0_.password as password4_1_0_, mgruser0_.register_date as register5_1_0_, mgruser0_.roles as roles6_1_0_, mgruser0_.salt as salt7_1_0_ from mgr_user mgruser0_ where mgruser0_.id=?
10:21:01.565 [] [] [main] TRACE o.h.l.p.b.i.AbstractLoadPlanBuildingAssociationVisitationStrategy -  Starting root entity : com.yonyou.iuap.system.entity.MgrUser
10:21:01.565 [] [] [main] DEBUG o.h.l.p.b.i.spaces.QuerySpacesImpl - Adding QuerySpace : uid = &lt;gen:0&gt; -&gt; org.hibernate.loader.plan.build.internal.spaces.EntityQuerySpaceImpl@1aa1453]
10:21:01.565 [] [] [main] TRACE o.h.l.p.b.i.AbstractLoadPlanBuildingAssociationVisitationStrategy - Pushing fetch source to stack : org.hibernate.loader.plan.build.internal.returns.EntityReturnImpl@11c8d64
10:21:01.566 [] [] [main] TRACE o.h.l.p.b.i.AbstractLoadPlanBuildingAssociationVisitationStrategy - .. Registering AssociationKey : AssociationKey(table=mgr_user, columns={id}) -&gt; org.hibernate.loader.plan.build.internal.returns.EntityReturnImpl@11c8d64
10:21:01.566 [] [] [main] TRACE o.h.l.p.b.i.AbstractLoadPlanBuildingAssociationVisitationStrategy - &gt;&gt; Starting entity identifier : com.yonyou.iuap.system.entity.MgrUser
10:21:01.566 [] [] [main] DEBUG o.h.p.w.spi.MetamodelGraphWalker - Visiting attribute path : loginName
10:21:01.566 [] [] [main] TRACE o.h.l.p.b.i.AbstractLoadPlanBuildingAssociationVisitationStrategy - &gt;&gt; Starting attribute Attribute(name=loginName, type=string [non-identifier])
10:21:01.566 [] [] [main] TRACE o.h.l.p.b.i.AbstractLoadPlanBuildingAssociationVisitationStrategy - &lt;&lt; Finishing up attribute : Attribute(name=loginName, type=string [non-identifier])
10:21:01.566 [] [] [main] DEBUG o.h.p.w.spi.MetamodelGraphWalker - Visiting attribute path : name
10:21:01.566 [] [] [main] TRACE o.h.l.p.b.i.AbstractLoadPlanBuildingAssociationVisitationStrategy - &gt;&gt; Starting attribute Attribute(name=name, type=string [non-identifier])
10:21:01.566 [] [] [main] TRACE o.h.l.p.b.i.AbstractLoadPlanBuildingAssociationVisitationStrategy - &lt;&lt; Finishing up attribute : Attribute(name=name, type=string [non-identifier])
10:21:01.566 [] [] [main] DEBUG o.h.p.w.spi.MetamodelGraphWalker - Visiting attribute path : password
10:21:01.566 [] [] [main] TRACE o.h.l.p.b.i.AbstractLoadPlanBuildingAssociationVisitationStrategy - &gt;&gt; Starting attribute Attribute(name=password, type=string [non-identifier])
10:21:01.566 [] [] [main] TRACE o.h.l.p.b.i.AbstractLoadPlanBuildingAssociationVisitationStrategy - &lt;&lt; Finishing up attribute : Attribute(name=password, type=string [non-identifier])
10:21:01.566 [] [] [main] DEBUG o.h.p.w.spi.MetamodelGraphWalker - Visiting attribute path : registerDate
10:21:01.566 [] [] [main] TRACE o.h.l.p.b.i.AbstractLoadPlanBuildingAssociationVisitationStrategy - &gt;&gt; Starting attribute Attribute(name=registerDate, type=timestamp [non-identifier])
10:21:01.566 [] [] [main] TRACE o.h.l.p.b.i.AbstractLoadPlanBuildingAssociationVisitationStrategy - &lt;&lt; Finishing up attribute : Attribute(name=registerDate, type=timestamp [non-identifier])
10:21:01.566 [] [] [main] DEBUG o.h.p.w.spi.MetamodelGraphWalker - Visiting attribute path : roles
10:21:01.566 [] [] [main] TRACE o.h.l.p.b.i.AbstractLoadPlanBuildingAssociationVisitationStrategy - &gt;&gt; Starting attribute Attribute(name=roles, type=string [non-identifier])
10:21:01.566 [] [] [main] TRACE o.h.l.p.b.i.AbstractLoadPlanBuildingAssociationVisitationStrategy - &lt;&lt; Finishing up attribute : Attribute(name=roles, type=string [non-identifier])
10:21:01.566 [] [] [main] DEBUG o.h.p.w.spi.MetamodelGraphWalker - Visiting attribute path : salt
10:21:01.566 [] [] [main] TRACE o.h.l.p.b.i.AbstractLoadPlanBuildingAssociationVisitationStrategy - &gt;&gt; Starting attribute Attribute(name=salt, type=string [non-identifier])
10:21:01.566 [] [] [main] TRACE o.h.l.p.b.i.AbstractLoadPlanBuildingAssociationVisitationStrategy - &lt;&lt; Finishing up attribute : Attribute(name=salt, type=string [non-identifier])
10:21:01.566 [] [] [main] TRACE o.h.l.p.b.i.AbstractLoadPlanBuildingAssociationVisitationStrategy - Popped fetch owner from stack : org.hibernate.loader.plan.build.internal.returns.EntityReturnImpl@11c8d64
10:21:01.566 [] [] [main] TRACE o.h.l.p.b.i.AbstractLoadPlanBuildingAssociationVisitationStrategy -  Finished root entity : com.yonyou.iuap.system.entity.MgrUser
10:21:01.566 [] [] [main] DEBUG o.h.l.p.b.i.FetchStyleLoadPlanBuildingAssociationVisitationStrategy - Building LoadPlan...
10:21:01.567 [] [] [main] DEBUG o.h.l.p.e.i.LoadQueryJoinAndFetchProcessor - processing queryspace &lt;gen:0&gt;
10:21:01.567 [] [] [main] DEBUG o.h.l.p.b.spi.LoadPlanTreePrinter - LoadPlan(entity=com.yonyou.iuap.system.entity.MgrUser)
    - Returns
       - EntityReturnImpl(entity=com.yonyou.iuap.system.entity.MgrUser, querySpaceUid=&lt;gen:0&gt;, path=com.yonyou.iuap.system.entity.MgrUser)
    - QuerySpaces
       - EntityQuerySpaceImpl(uid=&lt;gen:0&gt;, entity=com.yonyou.iuap.system.entity.MgrUser)
          - SQL table alias mapping - mgruser0_
          - alias suffix - 0_
          - suffixed key columns - {id1_1_0_}

10:21:01.567 [] [] [main] DEBUG o.h.loader.entity.plan.EntityLoader - Static select for entity com.yonyou.iuap.system.entity.MgrUser [UPGRADE]: select mgruser0_.id as id1_1_0_, mgruser0_.login_name as login_na2_1_0_, mgruser0_.name as name3_1_0_, mgruser0_.password as password4_1_0_, mgruser0_.register_date as register5_1_0_, mgruser0_.roles as roles6_1_0_, mgruser0_.salt as salt7_1_0_ from mgr_user mgruser0_ where mgruser0_.id=? for update
10:21:01.567 [] [] [main] TRACE o.h.l.p.b.i.AbstractLoadPlanBuildingAssociationVisitationStrategy -  Starting root entity : com.yonyou.iuap.system.entity.MgrUser
10:21:01.567 [] [] [main] DEBUG o.h.l.p.b.i.spaces.QuerySpacesImpl - Adding QuerySpace : uid = &lt;gen:0&gt; -&gt; org.hibernate.loader.plan.build.internal.spaces.EntityQuerySpaceImpl@186bd87]
10:21:01.567 [] [] [main] TRACE o.h.l.p.b.i.AbstractLoadPlanBuildingAssociationVisitationStrategy - Pushing fetch source to stack : org.hibernate.loader.plan.build.internal.returns.EntityReturnImpl@104ead9
10:21:01.567 [] [] [main] TRACE o.h.l.p.b.i.AbstractLoadPlanBuildingAssociationVisitationStrategy - .. Registering AssociationKey : AssociationKey(table=mgr_user, columns={id}) -&gt; org.hibernate.loader.plan.build.internal.returns.EntityReturnImpl@104ead9
10:21:01.567 [] [] [main] TRACE o.h.l.p.b.i.AbstractLoadPlanBuildingAssociationVisitationStrategy - &gt;&gt; Starting entity identifier : com.yonyou.iuap.system.entity.MgrUser
10:21:01.567 [] [] [main] DEBUG o.h.p.w.spi.MetamodelGraphWalker - Visiting attribute path : loginName
10:21:01.567 [] [] [main] TRACE o.h.l.p.b.i.AbstractLoadPlanBuildingAssociationVisitationStrategy - &gt;&gt; Starting attribute Attribute(name=loginName, type=string [non-identifier])
10:21:01.567 [] [] [main] TRACE o.h.l.p.b.i.AbstractLoadPlanBuildingAssociationVisitationStrategy - &lt;&lt; Finishing up attribute : Attribute(name=loginName, type=string [non-identifier])
10:21:01.567 [] [] [main] DEBUG o.h.p.w.spi.MetamodelGraphWalker - Visiting attribute path : name
10:21:01.567 [] [] [main] TRACE o.h.l.p.b.i.AbstractLoadPlanBuildingAssociationVisitationStrategy - &gt;&gt; Starting attribute Attribute(name=name, type=string [non-identifier])
10:21:01.567 [] [] [main] TRACE o.h.l.p.b.i.AbstractLoadPlanBuildingAssociationVisitationStrategy - &lt;&lt; Finishing up attribute : Attribute(name=name, type=string [non-identifier])
10:21:01.567 [] [] [main] DEBUG o.h.p.w.spi.MetamodelGraphWalker - Visiting attribute path : password
10:21:01.567 [] [] [main] TRACE o.h.l.p.b.i.AbstractLoadPlanBuildingAssociationVisitationStrategy - &gt;&gt; Starting attribute Attribute(name=password, type=string [non-identifier])
10:21:01.568 [] [] [main] TRACE o.h.l.p.b.i.AbstractLoadPlanBuildingAssociationVisitationStrategy - &lt;&lt; Finishing up attribute : Attribute(name=password, type=string [non-identifier])
10:21:01.568 [] [] [main] DEBUG o.h.p.w.spi.MetamodelGraphWalker - Visiting attribute path : registerDate
10:21:01.568 [] [] [main] TRACE o.h.l.p.b.i.AbstractLoadPlanBuildingAssociationVisitationStrategy - &gt;&gt; Starting attribute Attribute(name=registerDate, type=timestamp [non-identifier])
10:21:01.568 [] [] [main] TRACE o.h.l.p.b.i.AbstractLoadPlanBuildingAssociationVisitationStrategy - &lt;&lt; Finishing up attribute : Attribute(name=registerDate, type=timestamp [non-identifier])
10:21:01.568 [] [] [main] DEBUG o.h.p.w.spi.MetamodelGraphWalker - Visiting attribute path : roles
10:21:01.568 [] [] [main] TRACE o.h.l.p.b.i.AbstractLoadPlanBuildingAssociationVisitationStrategy - &gt;&gt; Starting attribute Attribute(name=roles, type=string [non-identifier])
10:21:01.568 [] [] [main] TRACE o.h.l.p.b.i.AbstractLoadPlanBuildingAssociationVisitationStrategy - &lt;&lt; Finishing up attribute : Attribute(name=roles, type=string [non-identifier])
10:21:01.568 [] [] [main] DEBUG o.h.p.w.spi.MetamodelGraphWalker - Visiting attribute path : salt
10:21:01.568 [] [] [main] TRACE o.h.l.p.b.i.AbstractLoadPlanBuildingAssociationVisitationStrategy - &gt;&gt; Starting attribute Attribute(name=salt, type=string [non-identifier])
10:21:01.568 [] [] [main] TRACE o.h.l.p.b.i.AbstractLoadPlanBuildingAssociationVisitationStrategy - &lt;&lt; Finishing up attribute : Attribute(name=salt, type=string [non-identifier])
10:21:01.568 [] [] [main] TRACE o.h.l.p.b.i.AbstractLoadPlanBuildingAssociationVisitationStrategy - Popped fetch owner from stack : org.hibernate.loader.plan.build.internal.returns.EntityReturnImpl@104ead9
10:21:01.568 [] [] [main] TRACE o.h.l.p.b.i.AbstractLoadPlanBuildingAssociationVisitationStrategy -  Finished root entity : com.yonyou.iuap.system.entity.MgrUser
10:21:01.568 [] [] [main] DEBUG o.h.l.p.b.i.FetchStyleLoadPlanBuildingAssociationVisitationStrategy - Building LoadPlan...
10:21:01.569 [] [] [main] DEBUG o.h.l.p.e.i.LoadQueryJoinAndFetchProcessor - processing queryspace &lt;gen:0&gt;
10:21:01.569 [] [] [main] DEBUG o.h.l.p.b.spi.LoadPlanTreePrinter - LoadPlan(entity=com.yonyou.iuap.system.entity.MgrUser)
    - Returns
       - EntityReturnImpl(entity=com.yonyou.iuap.system.entity.MgrUser, querySpaceUid=&lt;gen:0&gt;, path=com.yonyou.iuap.system.entity.MgrUser)
    - QuerySpaces
       - EntityQuerySpaceImpl(uid=&lt;gen:0&gt;, entity=com.yonyou.iuap.system.entity.MgrUser)
          - SQL table alias mapping - mgruser0_
          - alias suffix - 0_
          - suffixed key columns - {id1_1_0_}

10:21:01.569 [] [] [main] DEBUG o.h.loader.entity.plan.EntityLoader - Static select for entity com.yonyou.iuap.system.entity.MgrUser [UPGRADE_NOWAIT]: select mgruser0_.id as id1_1_0_, mgruser0_.login_name as login_na2_1_0_, mgruser0_.name as name3_1_0_, mgruser0_.password as password4_1_0_, mgruser0_.register_date as register5_1_0_, mgruser0_.roles as roles6_1_0_, mgruser0_.salt as salt7_1_0_ from mgr_user mgruser0_ where mgruser0_.id=? for update
10:21:01.569 [] [] [main] TRACE o.h.l.p.b.i.AbstractLoadPlanBuildingAssociationVisitationStrategy -  Starting root entity : com.yonyou.iuap.system.entity.MgrUser
10:21:01.569 [] [] [main] DEBUG o.h.l.p.b.i.spaces.QuerySpacesImpl - Adding QuerySpace : uid = &lt;gen:0&gt; -&gt; org.hibernate.loader.plan.build.internal.spaces.EntityQuerySpaceImpl@1359a46]
10:21:01.569 [] [] [main] TRACE o.h.l.p.b.i.AbstractLoadPlanBuildingAssociationVisitationStrategy - Pushing fetch source to stack : org.hibernate.loader.plan.build.internal.returns.EntityReturnImpl@23a2b4
10:21:01.569 [] [] [main] TRACE o.h.l.p.b.i.AbstractLoadPlanBuildingAssociationVisitationStrategy - .. Registering AssociationKey : AssociationKey(table=mgr_user, columns={id}) -&gt; org.hibernate.loader.plan.build.internal.returns.EntityReturnImpl@23a2b4
10:21:01.569 [] [] [main] TRACE o.h.l.p.b.i.AbstractLoadPlanBuildingAssociationVisitationStrategy - &gt;&gt; Starting entity identifier : com.yonyou.iuap.system.entity.MgrUser
10:21:01.569 [] [] [main] DEBUG o.h.p.w.spi.MetamodelGraphWalker - Visiting attribute path : loginName
10:21:01.569 [] [] [main] TRACE o.h.l.p.b.i.AbstractLoadPlanBuildingAssociationVisitationStrategy - &gt;&gt; Starting attribute Attribute(name=loginName, type=string [non-identifier])
10:21:01.569 [] [] [main] TRACE o.h.l.p.b.i.AbstractLoadPlanBuildingAssociationVisitationStrategy - &lt;&lt; Finishing up attribute : Attribute(name=loginName, type=string [non-identifier])
10:21:01.569 [] [] [main] DEBUG o.h.p.w.spi.MetamodelGraphWalker - Visiting attribute path : name
10:21:01.569 [] [] [main] TRACE o.h.l.p.b.i.AbstractLoadPlanBuildingAssociationVisitationStrategy - &gt;&gt; Starting attribute Attribute(name=name, type=string [non-identifier])
10:21:01.569 [] [] [main] TRACE o.h.l.p.b.i.AbstractLoadPlanBuildingAssociationVisitationStrategy - &lt;&lt; Finishing up attribute : Attribute(name=name, type=string [non-identifier])
10:21:01.569 [] [] [main] DEBUG o.h.p.w.spi.MetamodelGraphWalker - Visiting attribute path : password
10:21:01.569 [] [] [main] TRACE o.h.l.p.b.i.AbstractLoadPlanBuildingAssociationVisitationStrategy - &gt;&gt; Starting attribute Attribute(name=password, type=string [non-identifier])
10:21:01.570 [] [] [main] TRACE o.h.l.p.b.i.AbstractLoadPlanBuildingAssociationVisitationStrategy - &lt;&lt; Finishing up attribute : Attribute(name=password, type=string [non-identifier])
10:21:01.570 [] [] [main] DEBUG o.h.p.w.spi.MetamodelGraphWalker - Visiting attribute path : registerDate
10:21:01.570 [] [] [main] TRACE o.h.l.p.b.i.AbstractLoadPlanBuildingAssociationVisitationStrategy - &gt;&gt; Starting attribute Attribute(name=registerDate, type=timestamp [non-identifier])
10:21:01.570 [] [] [main] TRACE o.h.l.p.b.i.AbstractLoadPlanBuildingAssociationVisitationStrategy - &lt;&lt; Finishing up attribute : Attribute(name=registerDate, type=timestamp [non-identifier])
10:21:01.570 [] [] [main] DEBUG o.h.p.w.spi.MetamodelGraphWalker - Visiting attribute path : roles
10:21:01.570 [] [] [main] TRACE o.h.l.p.b.i.AbstractLoadPlanBuildingAssociationVisitationStrategy - &gt;&gt; Starting attribute Attribute(name=roles, type=string [non-identifier])
10:21:01.570 [] [] [main] TRACE o.h.l.p.b.i.AbstractLoadPlanBuildingAssociationVisitationStrategy - &lt;&lt; Finishing up attribute : Attribute(name=roles, type=string [non-identifier])
10:21:01.570 [] [] [main] DEBUG o.h.p.w.spi.MetamodelGraphWalker - Visiting attribute path : salt
10:21:01.570 [] [] [main] TRACE o.h.l.p.b.i.AbstractLoadPlanBuildingAssociationVisitationStrategy - &gt;&gt; Starting attribute Attribute(name=salt, type=string [non-identifier])
10:21:01.570 [] [] [main] TRACE o.h.l.p.b.i.AbstractLoadPlanBuildingAssociationVisitationStrategy - &lt;&lt; Finishing up attribute : Attribute(name=salt, type=string [non-identifier])
10:21:01.570 [] [] [main] TRACE o.h.l.p.b.i.AbstractLoadPlanBuildingAssociationVisitationStrategy - Popped fetch owner from stack : org.hibernate.loader.plan.build.internal.returns.EntityReturnImpl@23a2b4
10:21:01.570 [] [] [main] TRACE o.h.l.p.b.i.AbstractLoadPlanBuildingAssociationVisitationStrategy -  Finished root entity : com.yonyou.iuap.system.entity.MgrUser
10:21:01.570 [] [] [main] DEBUG o.h.l.p.b.i.FetchStyleLoadPlanBuildingAssociationVisitationStrategy - Building LoadPlan...
10:21:01.570 [] [] [main] DEBUG o.h.l.p.e.i.LoadQueryJoinAndFetchProcessor - processing queryspace &lt;gen:0&gt;
10:21:01.570 [] [] [main] DEBUG o.h.l.p.b.spi.LoadPlanTreePrinter - LoadPlan(entity=com.yonyou.iuap.system.entity.MgrUser)
    - Returns
       - EntityReturnImpl(entity=com.yonyou.iuap.system.entity.MgrUser, querySpaceUid=&lt;gen:0&gt;, path=com.yonyou.iuap.system.entity.MgrUser)
    - QuerySpaces
       - EntityQuerySpaceImpl(uid=&lt;gen:0&gt;, entity=com.yonyou.iuap.system.entity.MgrUser)
          - SQL table alias mapping - mgruser0_
          - alias suffix - 0_
          - suffixed key columns - {id1_1_0_}

10:21:01.571 [] [] [main] DEBUG o.h.loader.entity.plan.EntityLoader - Static select for entity com.yonyou.iuap.system.entity.MgrUser [UPGRADE_SKIPLOCKED]: select mgruser0_.id as id1_1_0_, mgruser0_.login_name as login_na2_1_0_, mgruser0_.name as name3_1_0_, mgruser0_.password as password4_1_0_, mgruser0_.register_date as register5_1_0_, mgruser0_.roles as roles6_1_0_, mgruser0_.salt as salt7_1_0_ from mgr_user mgruser0_ where mgruser0_.id=? for update
10:21:01.571 [] [] [main] TRACE o.h.l.p.b.i.AbstractLoadPlanBuildingAssociationVisitationStrategy -  Starting root entity : com.yonyou.iuap.system.entity.MgrUser
10:21:01.571 [] [] [main] DEBUG o.h.l.p.b.i.spaces.QuerySpacesImpl - Adding QuerySpace : uid = &lt;gen:0&gt; -&gt; org.hibernate.loader.plan.build.internal.spaces.EntityQuerySpaceImpl@18eec02]
10:21:01.571 [] [] [main] TRACE o.h.l.p.b.i.AbstractLoadPlanBuildingAssociationVisitationStrategy - Pushing fetch source to stack : org.hibernate.loader.plan.build.internal.returns.EntityReturnImpl@2895da
10:21:01.571 [] [] [main] TRACE o.h.l.p.b.i.AbstractLoadPlanBuildingAssociationVisitationStrategy - .. Registering AssociationKey : AssociationKey(table=mgr_user, columns={id}) -&gt; org.hibernate.loader.plan.build.internal.returns.EntityReturnImpl@2895da
10:21:01.571 [] [] [main] TRACE o.h.l.p.b.i.AbstractLoadPlanBuildingAssociationVisitationStrategy - &gt;&gt; Starting entity identifier : com.yonyou.iuap.system.entity.MgrUser
10:21:01.571 [] [] [main] DEBUG o.h.p.w.spi.MetamodelGraphWalker - Visiting attribute path : loginName
10:21:01.571 [] [] [main] TRACE o.h.l.p.b.i.AbstractLoadPlanBuildingAssociationVisitationStrategy - &gt;&gt; Starting attribute Attribute(name=loginName, type=string [non-identifier])
10:21:01.571 [] [] [main] TRACE o.h.l.p.b.i.AbstractLoadPlanBuildingAssociationVisitationStrategy - &lt;&lt; Finishing up attribute : Attribute(name=loginName, type=string [non-identifier])
10:21:01.571 [] [] [main] DEBUG o.h.p.w.spi.MetamodelGraphWalker - Visiting attribute path : name
10:21:01.571 [] [] [main] TRACE o.h.l.p.b.i.AbstractLoadPlanBuildingAssociationVisitationStrategy - &gt;&gt; Starting attribute Attribute(name=name, type=string [non-identifier])
10:21:01.571 [] [] [main] TRACE o.h.l.p.b.i.AbstractLoadPlanBuildingAssociationVisitationStrategy - &lt;&lt; Finishing up attribute : Attribute(name=name, type=string [non-identifier])
10:21:01.571 [] [] [main] DEBUG o.h.p.w.spi.MetamodelGraphWalker - Visiting attribute path : password
10:21:01.571 [] [] [main] TRACE o.h.l.p.b.i.AbstractLoadPlanBuildingAssociationVisitationStrategy - &gt;&gt; Starting attribute Attribute(name=password, type=string [non-identifier])
10:21:01.571 [] [] [main] TRACE o.h.l.p.b.i.AbstractLoadPlanBuildingAssociationVisitationStrategy - &lt;&lt; Finishing up attribute : Attribute(name=password, type=string [non-identifier])
10:21:01.571 [] [] [main] DEBUG o.h.p.w.spi.MetamodelGraphWalker - Visiting attribute path : registerDate
10:21:01.571 [] [] [main] TRACE o.h.l.p.b.i.AbstractLoadPlanBuildingAssociationVisitationStrategy - &gt;&gt; Starting attribute Attribute(name=registerDate, type=timestamp [non-identifier])
10:21:01.571 [] [] [main] TRACE o.h.l.p.b.i.AbstractLoadPlanBuildingAssociationVisitationStrategy - &lt;&lt; Finishing up attribute : Attribute(name=registerDate, type=timestamp [non-identifier])
10:21:01.571 [] [] [main] DEBUG o.h.p.w.spi.MetamodelGraphWalker - Visiting attribute path : roles
10:21:01.571 [] [] [main] TRACE o.h.l.p.b.i.AbstractLoadPlanBuildingAssociationVisitationStrategy - &gt;&gt; Starting attribute Attribute(name=roles, type=string [non-identifier])
10:21:01.572 [] [] [main] TRACE o.h.l.p.b.i.AbstractLoadPlanBuildingAssociationVisitationStrategy - &lt;&lt; Finishing up attribute : Attribute(name=roles, type=string [non-identifier])
10:21:01.572 [] [] [main] DEBUG o.h.p.w.spi.MetamodelGraphWalker - Visiting attribute path : salt
10:21:01.572 [] [] [main] TRACE o.h.l.p.b.i.AbstractLoadPlanBuildingAssociationVisitationStrategy - &gt;&gt; Starting attribute Attribute(name=salt, type=string [non-identifier])
10:21:01.572 [] [] [main] TRACE o.h.l.p.b.i.AbstractLoadPlanBuildingAssociationVisitationStrategy - &lt;&lt; Finishing up attribute : Attribute(name=salt, type=string [non-identifier])
10:21:01.572 [] [] [main] TRACE o.h.l.p.b.i.AbstractLoadPlanBuildingAssociationVisitationStrategy - Popped fetch owner from stack : org.hibernate.loader.plan.build.internal.returns.EntityReturnImpl@2895da
10:21:01.572 [] [] [main] TRACE o.h.l.p.b.i.AbstractLoadPlanBuildingAssociationVisitationStrategy -  Finished root entity : com.yonyou.iuap.system.entity.MgrUser
10:21:01.572 [] [] [main] DEBUG o.h.l.p.b.i.FetchStyleLoadPlanBuildingAssociationVisitationStrategy - Building LoadPlan...
10:21:01.572 [] [] [main] DEBUG o.h.l.p.e.i.LoadQueryJoinAndFetchProcessor - processing queryspace &lt;gen:0&gt;
10:21:01.572 [] [] [main] DEBUG o.h.l.p.b.spi.LoadPlanTreePrinter - LoadPlan(entity=com.yonyou.iuap.system.entity.MgrUser)
    - Returns
       - EntityReturnImpl(entity=com.yonyou.iuap.system.entity.MgrUser, querySpaceUid=&lt;gen:0&gt;, path=com.yonyou.iuap.system.entity.MgrUser)
    - QuerySpaces
       - EntityQuerySpaceImpl(uid=&lt;gen:0&gt;, entity=com.yonyou.iuap.system.entity.MgrUser)
          - SQL table alias mapping - mgruser0_
          - alias suffix - 0_
          - suffixed key columns - {id1_1_0_}

10:21:01.572 [] [] [main] DEBUG o.h.loader.entity.plan.EntityLoader - Static select for entity com.yonyou.iuap.system.entity.MgrUser [FORCE]: select mgruser0_.id as id1_1_0_, mgruser0_.login_name as login_na2_1_0_, mgruser0_.name as name3_1_0_, mgruser0_.password as password4_1_0_, mgruser0_.register_date as register5_1_0_, mgruser0_.roles as roles6_1_0_, mgruser0_.salt as salt7_1_0_ from mgr_user mgruser0_ where mgruser0_.id=? for update
10:21:01.572 [] [] [main] TRACE o.h.l.p.b.i.AbstractLoadPlanBuildingAssociationVisitationStrategy -  Starting root entity : com.yonyou.iuap.system.entity.MgrUser
10:21:01.572 [] [] [main] DEBUG o.h.l.p.b.i.spaces.QuerySpacesImpl - Adding QuerySpace : uid = &lt;gen:0&gt; -&gt; org.hibernate.loader.plan.build.internal.spaces.EntityQuerySpaceImpl@862dc1]
10:21:01.572 [] [] [main] TRACE o.h.l.p.b.i.AbstractLoadPlanBuildingAssociationVisitationStrategy - Pushing fetch source to stack : org.hibernate.loader.plan.build.internal.returns.EntityReturnImpl@1260d76
10:21:01.572 [] [] [main] TRACE o.h.l.p.b.i.AbstractLoadPlanBuildingAssociationVisitationStrategy - .. Registering AssociationKey : AssociationKey(table=mgr_user, columns={id}) -&gt; org.hibernate.loader.plan.build.internal.returns.EntityReturnImpl@1260d76
10:21:01.573 [] [] [main] TRACE o.h.l.p.b.i.AbstractLoadPlanBuildingAssociationVisitationStrategy - &gt;&gt; Starting entity identifier : com.yonyou.iuap.system.entity.MgrUser
10:21:01.573 [] [] [main] DEBUG o.h.p.w.spi.MetamodelGraphWalker - Visiting attribute path : loginName
10:21:01.573 [] [] [main] TRACE o.h.l.p.b.i.AbstractLoadPlanBuildingAssociationVisitationStrategy - &gt;&gt; Starting attribute Attribute(name=loginName, type=string [non-identifier])
10:21:01.573 [] [] [main] TRACE o.h.l.p.b.i.AbstractLoadPlanBuildingAssociationVisitationStrategy - &lt;&lt; Finishing up attribute : Attribute(name=loginName, type=string [non-identifier])
10:21:01.573 [] [] [main] DEBUG o.h.p.w.spi.MetamodelGraphWalker - Visiting attribute path : name
10:21:01.573 [] [] [main] TRACE o.h.l.p.b.i.AbstractLoadPlanBuildingAssociationVisitationStrategy - &gt;&gt; Starting attribute Attribute(name=name, type=string [non-identifier])
10:21:01.573 [] [] [main] TRACE o.h.l.p.b.i.AbstractLoadPlanBuildingAssociationVisitationStrategy - &lt;&lt; Finishing up attribute : Attribute(name=name, type=string [non-identifier])
10:21:01.573 [] [] [main] DEBUG o.h.p.w.spi.MetamodelGraphWalker - Visiting attribute path : password
10:21:01.573 [] [] [main] TRACE o.h.l.p.b.i.AbstractLoadPlanBuildingAssociationVisitationStrategy - &gt;&gt; Starting attribute Attribute(name=password, type=string [non-identifier])
10:21:01.573 [] [] [main] TRACE o.h.l.p.b.i.AbstractLoadPlanBuildingAssociationVisitationStrategy - &lt;&lt; Finishing up attribute : Attribute(name=password, type=string [non-identifier])
10:21:01.573 [] [] [main] DEBUG o.h.p.w.spi.MetamodelGraphWalker - Visiting attribute path : registerDate
10:21:01.573 [] [] [main] TRACE o.h.l.p.b.i.AbstractLoadPlanBuildingAssociationVisitationStrategy - &gt;&gt; Starting attribute Attribute(name=registerDate, type=timestamp [non-identifier])
10:21:01.573 [] [] [main] TRACE o.h.l.p.b.i.AbstractLoadPlanBuildingAssociationVisitationStrategy - &lt;&lt; Finishing up attribute : Attribute(name=registerDate, type=timestamp [non-identifier])
10:21:01.573 [] [] [main] DEBUG o.h.p.w.spi.MetamodelGraphWalker - Visiting attribute path : roles
10:21:01.573 [] [] [main] TRACE o.h.l.p.b.i.AbstractLoadPlanBuildingAssociationVisitationStrategy - &gt;&gt; Starting attribute Attribute(name=roles, type=string [non-identifier])
10:21:01.573 [] [] [main] TRACE o.h.l.p.b.i.AbstractLoadPlanBuildingAssociationVisitationStrategy - &lt;&lt; Finishing up attribute : Attribute(name=roles, type=string [non-identifier])
10:21:01.573 [] [] [main] DEBUG o.h.p.w.spi.MetamodelGraphWalker - Visiting attribute path : salt
10:21:01.573 [] [] [main] TRACE o.h.l.p.b.i.AbstractLoadPlanBuildingAssociationVisitationStrategy - &gt;&gt; Starting attribute Attribute(name=salt, type=string [non-identifier])
10:21:01.573 [] [] [main] TRACE o.h.l.p.b.i.AbstractLoadPlanBuildingAssociationVisitationStrategy - &lt;&lt; Finishing up attribute : Attribute(name=salt, type=string [non-identifier])
10:21:01.573 [] [] [main] TRACE o.h.l.p.b.i.AbstractLoadPlanBuildingAssociationVisitationStrategy - Popped fetch owner from stack : org.hibernate.loader.plan.build.internal.returns.EntityReturnImpl@1260d76
10:21:01.573 [] [] [main] TRACE o.h.l.p.b.i.AbstractLoadPlanBuildingAssociationVisitationStrategy -  Finished root entity : com.yonyou.iuap.system.entity.MgrUser
10:21:01.573 [] [] [main] DEBUG o.h.l.p.b.i.FetchStyleLoadPlanBuildingAssociationVisitationStrategy - Building LoadPlan...
10:21:01.574 [] [] [main] DEBUG o.h.l.p.e.i.LoadQueryJoinAndFetchProcessor - processing queryspace &lt;gen:0&gt;
10:21:01.574 [] [] [main] DEBUG o.h.l.p.b.spi.LoadPlanTreePrinter - LoadPlan(entity=com.yonyou.iuap.system.entity.MgrUser)
    - Returns
       - EntityReturnImpl(entity=com.yonyou.iuap.system.entity.MgrUser, querySpaceUid=&lt;gen:0&gt;, path=com.yonyou.iuap.system.entity.MgrUser)
    - QuerySpaces
       - EntityQuerySpaceImpl(uid=&lt;gen:0&gt;, entity=com.yonyou.iuap.system.entity.MgrUser)
          - SQL table alias mapping - mgruser0_
          - alias suffix - 0_
          - suffixed key columns - {id1_1_0_}

10:21:01.574 [] [] [main] DEBUG o.h.loader.entity.plan.EntityLoader - Static select for entity com.yonyou.iuap.system.entity.MgrUser [PESSIMISTIC_READ]: select mgruser0_.id as id1_1_0_, mgruser0_.login_name as login_na2_1_0_, mgruser0_.name as name3_1_0_, mgruser0_.password as password4_1_0_, mgruser0_.register_date as register5_1_0_, mgruser0_.roles as roles6_1_0_, mgruser0_.salt as salt7_1_0_ from mgr_user mgruser0_ where mgruser0_.id=? lock in share mode
10:21:01.574 [] [] [main] TRACE o.h.l.p.b.i.AbstractLoadPlanBuildingAssociationVisitationStrategy -  Starting root entity : com.yonyou.iuap.system.entity.MgrUser
10:21:01.574 [] [] [main] DEBUG o.h.l.p.b.i.spaces.QuerySpacesImpl - Adding QuerySpace : uid = &lt;gen:0&gt; -&gt; org.hibernate.loader.plan.build.internal.spaces.EntityQuerySpaceImpl@13dd107]
10:21:01.574 [] [] [main] TRACE o.h.l.p.b.i.AbstractLoadPlanBuildingAssociationVisitationStrategy - Pushing fetch source to stack : org.hibernate.loader.plan.build.internal.returns.EntityReturnImpl@166567e
10:21:01.574 [] [] [main] TRACE o.h.l.p.b.i.AbstractLoadPlanBuildingAssociationVisitationStrategy - .. Registering AssociationKey : AssociationKey(table=mgr_user, columns={id}) -&gt; org.hibernate.loader.plan.build.internal.returns.EntityReturnImpl@166567e
10:21:01.574 [] [] [main] TRACE o.h.l.p.b.i.AbstractLoadPlanBuildingAssociationVisitationStrategy - &gt;&gt; Starting entity identifier : com.yonyou.iuap.system.entity.MgrUser
10:21:01.574 [] [] [main] DEBUG o.h.p.w.spi.MetamodelGraphWalker - Visiting attribute path : loginName
10:21:01.574 [] [] [main] TRACE o.h.l.p.b.i.AbstractLoadPlanBuildingAssociationVisitationStrategy - &gt;&gt; Starting attribute Attribute(name=loginName, type=string [non-identifier])
10:21:01.574 [] [] [main] TRACE o.h.l.p.b.i.AbstractLoadPlanBuildingAssociationVisitationStrategy - &lt;&lt; Finishing up attribute : Attribute(name=loginName, type=string [non-identifier])
10:21:01.574 [] [] [main] DEBUG o.h.p.w.spi.MetamodelGraphWalker - Visiting attribute path : name
10:21:01.574 [] [] [main] TRACE o.h.l.p.b.i.AbstractLoadPlanBuildingAssociationVisitationStrategy - &gt;&gt; Starting attribute Attribute(name=name, type=string [non-identifier])
10:21:01.574 [] [] [main] TRACE o.h.l.p.b.i.AbstractLoadPlanBuildingAssociationVisitationStrategy - &lt;&lt; Finishing up attribute : Attribute(name=name, type=string [non-identifier])
10:21:01.574 [] [] [main] DEBUG o.h.p.w.spi.MetamodelGraphWalker - Visiting attribute path : password
10:21:01.574 [] [] [main] TRACE o.h.l.p.b.i.AbstractLoadPlanBuildingAssociationVisitationStrategy - &gt;&gt; Starting attribute Attribute(name=password, type=string [non-identifier])
10:21:01.575 [] [] [main] TRACE o.h.l.p.b.i.AbstractLoadPlanBuildingAssociationVisitationStrategy - &lt;&lt; Finishing up attribute : Attribute(name=password, type=string [non-identifier])
10:21:01.575 [] [] [main] DEBUG o.h.p.w.spi.MetamodelGraphWalker - Visiting attribute path : registerDate
10:21:01.575 [] [] [main] TRACE o.h.l.p.b.i.AbstractLoadPlanBuildingAssociationVisitationStrategy - &gt;&gt; Starting attribute Attribute(name=registerDate, type=timestamp [non-identifier])
10:21:01.575 [] [] [main] TRACE o.h.l.p.b.i.AbstractLoadPlanBuildingAssociationVisitationStrategy - &lt;&lt; Finishing up attribute : Attribute(name=registerDate, type=timestamp [non-identifier])
10:21:01.575 [] [] [main] DEBUG o.h.p.w.spi.MetamodelGraphWalker - Visiting attribute path : roles
10:21:01.575 [] [] [main] TRACE o.h.l.p.b.i.AbstractLoadPlanBuildingAssociationVisitationStrategy - &gt;&gt; Starting attribute Attribute(name=roles, type=string [non-identifier])
10:21:01.575 [] [] [main] TRACE o.h.l.p.b.i.AbstractLoadPlanBuildingAssociationVisitationStrategy - &lt;&lt; Finishing up attribute : Attribute(name=roles, type=string [non-identifier])
10:21:01.575 [] [] [main] DEBUG o.h.p.w.spi.MetamodelGraphWalker - Visiting attribute path : salt
10:21:01.575 [] [] [main] TRACE o.h.l.p.b.i.AbstractLoadPlanBuildingAssociationVisitationStrategy - &gt;&gt; Starting attribute Attribute(name=salt, type=string [non-identifier])
10:21:01.575 [] [] [main] TRACE o.h.l.p.b.i.AbstractLoadPlanBuildingAssociationVisitationStrategy - &lt;&lt; Finishing up attribute : Attribute(name=salt, type=string [non-identifier])
10:21:01.575 [] [] [main] TRACE o.h.l.p.b.i.AbstractLoadPlanBuildingAssociationVisitationStrategy - Popped fetch owner from stack : org.hibernate.loader.plan.build.internal.returns.EntityReturnImpl@166567e
10:21:01.575 [] [] [main] TRACE o.h.l.p.b.i.AbstractLoadPlanBuildingAssociationVisitationStrategy -  Finished root entity : com.yonyou.iuap.system.entity.MgrUser
10:21:01.575 [] [] [main] DEBUG o.h.l.p.b.i.FetchStyleLoadPlanBuildingAssociationVisitationStrategy - Building LoadPlan...
10:21:01.575 [] [] [main] DEBUG o.h.l.p.e.i.LoadQueryJoinAndFetchProcessor - processing queryspace &lt;gen:0&gt;
10:21:01.575 [] [] [main] DEBUG o.h.l.p.b.spi.LoadPlanTreePrinter - LoadPlan(entity=com.yonyou.iuap.system.entity.MgrUser)
    - Returns
       - EntityReturnImpl(entity=com.yonyou.iuap.system.entity.MgrUser, querySpaceUid=&lt;gen:0&gt;, path=com.yonyou.iuap.system.entity.MgrUser)
    - QuerySpaces
       - EntityQuerySpaceImpl(uid=&lt;gen:0&gt;, entity=com.yonyou.iuap.system.entity.MgrUser)
          - SQL table alias mapping - mgruser0_
          - alias suffix - 0_
          - suffixed key columns - {id1_1_0_}

10:21:01.575 [] [] [main] DEBUG o.h.loader.entity.plan.EntityLoader - Static select for entity com.yonyou.iuap.system.entity.MgrUser [PESSIMISTIC_WRITE]: select mgruser0_.id as id1_1_0_, mgruser0_.login_name as login_na2_1_0_, mgruser0_.name as name3_1_0_, mgruser0_.password as password4_1_0_, mgruser0_.register_date as register5_1_0_, mgruser0_.roles as roles6_1_0_, mgruser0_.salt as salt7_1_0_ from mgr_user mgruser0_ where mgruser0_.id=? for update
10:21:01.575 [] [] [main] TRACE o.h.l.p.b.i.AbstractLoadPlanBuildingAssociationVisitationStrategy -  Starting root entity : com.yonyou.iuap.system.entity.MgrUser
10:21:01.575 [] [] [main] DEBUG o.h.l.p.b.i.spaces.QuerySpacesImpl - Adding QuerySpace : uid = &lt;gen:0&gt; -&gt; org.hibernate.loader.plan.build.internal.spaces.EntityQuerySpaceImpl@1b889b0]
10:21:01.576 [] [] [main] TRACE o.h.l.p.b.i.AbstractLoadPlanBuildingAssociationVisitationStrategy - Pushing fetch source to stack : org.hibernate.loader.plan.build.internal.returns.EntityReturnImpl@5786cc
10:21:01.576 [] [] [main] TRACE o.h.l.p.b.i.AbstractLoadPlanBuildingAssociationVisitationStrategy - .. Registering AssociationKey : AssociationKey(table=mgr_user, columns={id}) -&gt; org.hibernate.loader.plan.build.internal.returns.EntityReturnImpl@5786cc
10:21:01.576 [] [] [main] TRACE o.h.l.p.b.i.AbstractLoadPlanBuildingAssociationVisitationStrategy - &gt;&gt; Starting entity identifier : com.yonyou.iuap.system.entity.MgrUser
10:21:01.576 [] [] [main] DEBUG o.h.p.w.spi.MetamodelGraphWalker - Visiting attribute path : loginName
10:21:01.576 [] [] [main] TRACE o.h.l.p.b.i.AbstractLoadPlanBuildingAssociationVisitationStrategy - &gt;&gt; Starting attribute Attribute(name=loginName, type=string [non-identifier])
10:21:01.576 [] [] [main] TRACE o.h.l.p.b.i.AbstractLoadPlanBuildingAssociationVisitationStrategy - &lt;&lt; Finishing up attribute : Attribute(name=loginName, type=string [non-identifier])
10:21:01.576 [] [] [main] DEBUG o.h.p.w.spi.MetamodelGraphWalker - Visiting attribute path : name
10:21:01.576 [] [] [main] TRACE o.h.l.p.b.i.AbstractLoadPlanBuildingAssociationVisitationStrategy - &gt;&gt; Starting attribute Attribute(name=name, type=string [non-identifier])
10:21:01.576 [] [] [main] TRACE o.h.l.p.b.i.AbstractLoadPlanBuildingAssociationVisitationStrategy - &lt;&lt; Finishing up attribute : Attribute(name=name, type=string [non-identifier])
10:21:01.576 [] [] [main] DEBUG o.h.p.w.spi.MetamodelGraphWalker - Visiting attribute path : password
10:21:01.576 [] [] [main] TRACE o.h.l.p.b.i.AbstractLoadPlanBuildingAssociationVisitationStrategy - &gt;&gt; Starting attribute Attribute(name=password, type=string [non-identifier])
10:21:01.576 [] [] [main] TRACE o.h.l.p.b.i.AbstractLoadPlanBuildingAssociationVisitationStrategy - &lt;&lt; Finishing up attribute : Attribute(name=password, type=string [non-identifier])
10:21:01.576 [] [] [main] DEBUG o.h.p.w.spi.MetamodelGraphWalker - Visiting attribute path : registerDate
10:21:01.576 [] [] [main] TRACE o.h.l.p.b.i.AbstractLoadPlanBuildingAssociationVisitationStrategy - &gt;&gt; Starting attribute Attribute(name=registerDate, type=timestamp [non-identifier])
10:21:01.576 [] [] [main] TRACE o.h.l.p.b.i.AbstractLoadPlanBuildingAssociationVisitationStrategy - &lt;&lt; Finishing up attribute : Attribute(name=registerDate, type=timestamp [non-identifier])
10:21:01.576 [] [] [main] DEBUG o.h.p.w.spi.MetamodelGraphWalker - Visiting attribute path : roles
10:21:01.576 [] [] [main] TRACE o.h.l.p.b.i.AbstractLoadPlanBuildingAssociationVisitationStrategy - &gt;&gt; Starting attribute Attribute(name=roles, type=string [non-identifier])
10:21:01.576 [] [] [main] TRACE o.h.l.p.b.i.AbstractLoadPlanBuildingAssociationVisitationStrategy - &lt;&lt; Finishing up attribute : Attribute(name=roles, type=string [non-identifier])
10:21:01.576 [] [] [main] DEBUG o.h.p.w.spi.MetamodelGraphWalker - Visiting attribute path : salt
10:21:01.576 [] [] [main] TRACE o.h.l.p.b.i.AbstractLoadPlanBuildingAssociationVisitationStrategy - &gt;&gt; Starting attribute Attribute(name=salt, type=string [non-identifier])
10:21:01.576 [] [] [main] TRACE o.h.l.p.b.i.AbstractLoadPlanBuildingAssociationVisitationStrategy - &lt;&lt; Finishing up attribute : Attribute(name=salt, type=string [non-identifier])
10:21:01.576 [] [] [main] TRACE o.h.l.p.b.i.AbstractLoadPlanBuildingAssociationVisitationStrategy - Popped fetch owner from stack : org.hibernate.loader.plan.build.internal.returns.EntityReturnImpl@5786cc
10:21:01.576 [] [] [main] TRACE o.h.l.p.b.i.AbstractLoadPlanBuildingAssociationVisitationStrategy -  Finished root entity : com.yonyou.iuap.system.entity.MgrUser
10:21:01.576 [] [] [main] DEBUG o.h.l.p.b.i.FetchStyleLoadPlanBuildingAssociationVisitationStrategy - Building LoadPlan...
10:21:01.577 [] [] [main] DEBUG o.h.l.p.e.i.LoadQueryJoinAndFetchProcessor - processing queryspace &lt;gen:0&gt;
10:21:01.577 [] [] [main] DEBUG o.h.l.p.b.spi.LoadPlanTreePrinter - LoadPlan(entity=com.yonyou.iuap.system.entity.MgrUser)
    - Returns
       - EntityReturnImpl(entity=com.yonyou.iuap.system.entity.MgrUser, querySpaceUid=&lt;gen:0&gt;, path=com.yonyou.iuap.system.entity.MgrUser)
    - QuerySpaces
       - EntityQuerySpaceImpl(uid=&lt;gen:0&gt;, entity=com.yonyou.iuap.system.entity.MgrUser)
          - SQL table alias mapping - mgruser0_
          - alias suffix - 0_
          - suffixed key columns - {id1_1_0_}

10:21:01.577 [] [] [main] DEBUG o.h.loader.entity.plan.EntityLoader - Static select for entity com.yonyou.iuap.system.entity.MgrUser [PESSIMISTIC_FORCE_INCREMENT]: select mgruser0_.id as id1_1_0_, mgruser0_.login_name as login_na2_1_0_, mgruser0_.name as name3_1_0_, mgruser0_.password as password4_1_0_, mgruser0_.register_date as register5_1_0_, mgruser0_.roles as roles6_1_0_, mgruser0_.salt as salt7_1_0_ from mgr_user mgruser0_ where mgruser0_.id=? for update
10:21:01.577 [] [] [main] TRACE o.h.l.p.b.i.AbstractLoadPlanBuildingAssociationVisitationStrategy -  Starting root entity : com.yonyou.iuap.system.entity.MgrUser
10:21:01.577 [] [] [main] DEBUG o.h.l.p.b.i.spaces.QuerySpacesImpl - Adding QuerySpace : uid = &lt;gen:0&gt; -&gt; org.hibernate.loader.plan.build.internal.spaces.EntityQuerySpaceImpl@52d4e6]
10:21:01.577 [] [] [main] TRACE o.h.l.p.b.i.AbstractLoadPlanBuildingAssociationVisitationStrategy - Pushing fetch source to stack : org.hibernate.loader.plan.build.internal.returns.EntityReturnImpl@175069
10:21:01.577 [] [] [main] TRACE o.h.l.p.b.i.AbstractLoadPlanBuildingAssociationVisitationStrategy - .. Registering AssociationKey : AssociationKey(table=mgr_user, columns={id}) -&gt; org.hibernate.loader.plan.build.internal.returns.EntityReturnImpl@175069
10:21:01.577 [] [] [main] TRACE o.h.l.p.b.i.AbstractLoadPlanBuildingAssociationVisitationStrategy - &gt;&gt; Starting entity identifier : com.yonyou.iuap.system.entity.MgrUser
10:21:01.577 [] [] [main] DEBUG o.h.p.w.spi.MetamodelGraphWalker - Visiting attribute path : loginName
10:21:01.577 [] [] [main] TRACE o.h.l.p.b.i.AbstractLoadPlanBuildingAssociationVisitationStrategy - &gt;&gt; Starting attribute Attribute(name=loginName, type=string [non-identifier])
10:21:01.577 [] [] [main] TRACE o.h.l.p.b.i.AbstractLoadPlanBuildingAssociationVisitationStrategy - &lt;&lt; Finishing up attribute : Attribute(name=loginName, type=string [non-identifier])
10:21:01.577 [] [] [main] DEBUG o.h.p.w.spi.MetamodelGraphWalker - Visiting attribute path : name
10:21:01.577 [] [] [main] TRACE o.h.l.p.b.i.AbstractLoadPlanBuildingAssociationVisitationStrategy - &gt;&gt; Starting attribute Attribute(name=name, type=string [non-identifier])
10:21:01.577 [] [] [main] TRACE o.h.l.p.b.i.AbstractLoadPlanBuildingAssociationVisitationStrategy - &lt;&lt; Finishing up attribute : Attribute(name=name, type=string [non-identifier])
10:21:01.577 [] [] [main] DEBUG o.h.p.w.spi.MetamodelGraphWalker - Visiting attribute path : password
10:21:01.577 [] [] [main] TRACE o.h.l.p.b.i.AbstractLoadPlanBuildingAssociationVisitationStrategy - &gt;&gt; Starting attribute Attribute(name=password, type=string [non-identifier])
10:21:01.577 [] [] [main] TRACE o.h.l.p.b.i.AbstractLoadPlanBuildingAssociationVisitationStrategy - &lt;&lt; Finishing up attribute : Attribute(name=password, type=string [non-identifier])
10:21:01.577 [] [] [main] DEBUG o.h.p.w.spi.MetamodelGraphWalker - Visiting attribute path : registerDate
10:21:01.577 [] [] [main] TRACE o.h.l.p.b.i.AbstractLoadPlanBuildingAssociationVisitationStrategy - &gt;&gt; Starting attribute Attribute(name=registerDate, type=timestamp [non-identifier])
10:21:01.577 [] [] [main] TRACE o.h.l.p.b.i.AbstractLoadPlanBuildingAssociationVisitationStrategy - &lt;&lt; Finishing up attribute : Attribute(name=registerDate, type=timestamp [non-identifier])
10:21:01.577 [] [] [main] DEBUG o.h.p.w.spi.MetamodelGraphWalker - Visiting attribute path : roles
10:21:01.577 [] [] [main] TRACE o.h.l.p.b.i.AbstractLoadPlanBuildingAssociationVisitationStrategy - &gt;&gt; Starting attribute Attribute(name=roles, type=string [non-identifier])
10:21:01.578 [] [] [main] TRACE o.h.l.p.b.i.AbstractLoadPlanBuildingAssociationVisitationStrategy - &lt;&lt; Finishing up attribute : Attribute(name=roles, type=string [non-identifier])
10:21:01.578 [] [] [main] DEBUG o.h.p.w.spi.MetamodelGraphWalker - Visiting attribute path : salt
10:21:01.578 [] [] [main] TRACE o.h.l.p.b.i.AbstractLoadPlanBuildingAssociationVisitationStrategy - &gt;&gt; Starting attribute Attribute(name=salt, type=string [non-identifier])
10:21:01.578 [] [] [main] TRACE o.h.l.p.b.i.AbstractLoadPlanBuildingAssociationVisitationStrategy - &lt;&lt; Finishing up attribute : Attribute(name=salt, type=string [non-identifier])
10:21:01.578 [] [] [main] TRACE o.h.l.p.b.i.AbstractLoadPlanBuildingAssociationVisitationStrategy - Popped fetch owner from stack : org.hibernate.loader.plan.build.internal.returns.EntityReturnImpl@175069
10:21:01.578 [] [] [main] TRACE o.h.l.p.b.i.AbstractLoadPlanBuildingAssociationVisitationStrategy -  Finished root entity : com.yonyou.iuap.system.entity.MgrUser
10:21:01.578 [] [] [main] DEBUG o.h.l.p.b.i.FetchStyleLoadPlanBuildingAssociationVisitationStrategy - Building LoadPlan...
10:21:01.578 [] [] [main] DEBUG o.h.l.p.e.i.LoadQueryJoinAndFetchProcessor - processing queryspace &lt;gen:0&gt;
10:21:01.578 [] [] [main] DEBUG o.h.l.p.b.spi.LoadPlanTreePrinter - LoadPlan(entity=com.yonyou.iuap.system.entity.MgrUser)
    - Returns
       - EntityReturnImpl(entity=com.yonyou.iuap.system.entity.MgrUser, querySpaceUid=&lt;gen:0&gt;, path=com.yonyou.iuap.system.entity.MgrUser)
    - QuerySpaces
       - EntityQuerySpaceImpl(uid=&lt;gen:0&gt;, entity=com.yonyou.iuap.system.entity.MgrUser)
          - SQL table alias mapping - mgruser0_
          - alias suffix - 0_
          - suffixed key columns - {id1_1_0_}

10:21:01.578 [] [] [main] DEBUG o.h.loader.entity.plan.EntityLoader - Static select for entity com.yonyou.iuap.system.entity.MgrUser [OPTIMISTIC]: select mgruser0_.id as id1_1_0_, mgruser0_.login_name as login_na2_1_0_, mgruser0_.name as name3_1_0_, mgruser0_.password as password4_1_0_, mgruser0_.register_date as register5_1_0_, mgruser0_.roles as roles6_1_0_, mgruser0_.salt as salt7_1_0_ from mgr_user mgruser0_ where mgruser0_.id=?
10:21:01.578 [] [] [main] TRACE o.h.l.p.b.i.AbstractLoadPlanBuildingAssociationVisitationStrategy -  Starting root entity : com.yonyou.iuap.system.entity.MgrUser
10:21:01.578 [] [] [main] DEBUG o.h.l.p.b.i.spaces.QuerySpacesImpl - Adding QuerySpace : uid = &lt;gen:0&gt; -&gt; org.hibernate.loader.plan.build.internal.spaces.EntityQuerySpaceImpl@a03522]
10:21:01.578 [] [] [main] TRACE o.h.l.p.b.i.AbstractLoadPlanBuildingAssociationVisitationStrategy - Pushing fetch source to stack : org.hibernate.loader.plan.build.internal.returns.EntityReturnImpl@8b19
10:21:01.579 [] [] [main] TRACE o.h.l.p.b.i.AbstractLoadPlanBuildingAssociationVisitationStrategy - .. Registering AssociationKey : AssociationKey(table=mgr_user, columns={id}) -&gt; org.hibernate.loader.plan.build.internal.returns.EntityReturnImpl@8b19
10:21:01.579 [] [] [main] TRACE o.h.l.p.b.i.AbstractLoadPlanBuildingAssociationVisitationStrategy - &gt;&gt; Starting entity identifier : com.yonyou.iuap.system.entity.MgrUser
10:21:01.579 [] [] [main] DEBUG o.h.p.w.spi.MetamodelGraphWalker - Visiting attribute path : loginName
10:21:01.579 [] [] [main] TRACE o.h.l.p.b.i.AbstractLoadPlanBuildingAssociationVisitationStrategy - &gt;&gt; Starting attribute Attribute(name=loginName, type=string [non-identifier])
10:21:01.579 [] [] [main] TRACE o.h.l.p.b.i.AbstractLoadPlanBuildingAssociationVisitationStrategy - &lt;&lt; Finishing up attribute : Attribute(name=loginName, type=string [non-identifier])
10:21:01.579 [] [] [main] DEBUG o.h.p.w.spi.MetamodelGraphWalker - Visiting attribute path : name
10:21:01.579 [] [] [main] TRACE o.h.l.p.b.i.AbstractLoadPlanBuildingAssociationVisitationStrategy - &gt;&gt; Starting attribute Attribute(name=name, type=string [non-identifier])
10:21:01.579 [] [] [main] TRACE o.h.l.p.b.i.AbstractLoadPlanBuildingAssociationVisitationStrategy - &lt;&lt; Finishing up attribute : Attribute(name=name, type=string [non-identifier])
10:21:01.579 [] [] [main] DEBUG o.h.p.w.spi.MetamodelGraphWalker - Visiting attribute path : password
10:21:01.579 [] [] [main] TRACE o.h.l.p.b.i.AbstractLoadPlanBuildingAssociationVisitationStrategy - &gt;&gt; Starting attribute Attribute(name=password, type=string [non-identifier])
10:21:01.579 [] [] [main] TRACE o.h.l.p.b.i.AbstractLoadPlanBuildingAssociationVisitationStrategy - &lt;&lt; Finishing up attribute : Attribute(name=password, type=string [non-identifier])
10:21:01.579 [] [] [main] DEBUG o.h.p.w.spi.MetamodelGraphWalker - Visiting attribute path : registerDate
10:21:01.579 [] [] [main] TRACE o.h.l.p.b.i.AbstractLoadPlanBuildingAssociationVisitationStrategy - &gt;&gt; Starting attribute Attribute(name=registerDate, type=timestamp [non-identifier])
10:21:01.579 [] [] [main] TRACE o.h.l.p.b.i.AbstractLoadPlanBuildingAssociationVisitationStrategy - &lt;&lt; Finishing up attribute : Attribute(name=registerDate, type=timestamp [non-identifier])
10:21:01.579 [] [] [main] DEBUG o.h.p.w.spi.MetamodelGraphWalker - Visiting attribute path : roles
10:21:01.579 [] [] [main] TRACE o.h.l.p.b.i.AbstractLoadPlanBuildingAssociationVisitationStrategy - &gt;&gt; Starting attribute Attribute(name=roles, type=string [non-identifier])
10:21:01.579 [] [] [main] TRACE o.h.l.p.b.i.AbstractLoadPlanBuildingAssociationVisitationStrategy - &lt;&lt; Finishing up attribute : Attribute(name=roles, type=string [non-identifier])
10:21:01.579 [] [] [main] DEBUG o.h.p.w.spi.MetamodelGraphWalker - Visiting attribute path : salt
10:21:01.579 [] [] [main] TRACE o.h.l.p.b.i.AbstractLoadPlanBuildingAssociationVisitationStrategy - &gt;&gt; Starting attribute Attribute(name=salt, type=string [non-identifier])
10:21:01.579 [] [] [main] TRACE o.h.l.p.b.i.AbstractLoadPlanBuildingAssociationVisitationStrategy - &lt;&lt; Finishing up attribute : Attribute(name=salt, type=string [non-identifier])
10:21:01.579 [] [] [main] TRACE o.h.l.p.b.i.AbstractLoadPlanBuildingAssociationVisitationStrategy - Popped fetch owner from stack : org.hibernate.loader.plan.build.internal.returns.EntityReturnImpl@8b19
10:21:01.579 [] [] [main] TRACE o.h.l.p.b.i.AbstractLoadPlanBuildingAssociationVisitationStrategy -  Finished root entity : com.yonyou.iuap.system.entity.MgrUser
10:21:01.579 [] [] [main] DEBUG o.h.l.p.b.i.FetchStyleLoadPlanBuildingAssociationVisitationStrategy - Building LoadPlan...
10:21:01.579 [] [] [main] DEBUG o.h.l.p.e.i.LoadQueryJoinAndFetchProcessor - processing queryspace &lt;gen:0&gt;
10:21:01.580 [] [] [main] DEBUG o.h.l.p.b.spi.LoadPlanTreePrinter - LoadPlan(entity=com.yonyou.iuap.system.entity.MgrUser)
    - Returns
       - EntityReturnImpl(entity=com.yonyou.iuap.system.entity.MgrUser, querySpaceUid=&lt;gen:0&gt;, path=com.yonyou.iuap.system.entity.MgrUser)
    - QuerySpaces
       - EntityQuerySpaceImpl(uid=&lt;gen:0&gt;, entity=com.yonyou.iuap.system.entity.MgrUser)
          - SQL table alias mapping - mgruser0_
          - alias suffix - 0_
          - suffixed key columns - {id1_1_0_}

10:21:01.580 [] [] [main] DEBUG o.h.loader.entity.plan.EntityLoader - Static select for entity com.yonyou.iuap.system.entity.MgrUser [OPTIMISTIC_FORCE_INCREMENT]: select mgruser0_.id as id1_1_0_, mgruser0_.login_name as login_na2_1_0_, mgruser0_.name as name3_1_0_, mgruser0_.password as password4_1_0_, mgruser0_.register_date as register5_1_0_, mgruser0_.roles as roles6_1_0_, mgruser0_.salt as salt7_1_0_ from mgr_user mgruser0_ where mgruser0_.id=?
10:21:01.592 [] [] [main] DEBUG org.hibernate.loader.Loader - Static select for action ACTION_MERGE on entity com.yonyou.iuap.system.entity.MgrUser: select mgruser0_.id as id1_1_0_, mgruser0_.login_name as login_na2_1_0_, mgruser0_.name as name3_1_0_, mgruser0_.password as password4_1_0_, mgruser0_.register_date as register5_1_0_, mgruser0_.roles as roles6_1_0_, mgruser0_.salt as salt7_1_0_ from mgr_user mgruser0_ where mgruser0_.id=?
10:21:01.592 [] [] [main] DEBUG org.hibernate.loader.Loader - Static select for action ACTION_REFRESH on entity com.yonyou.iuap.system.entity.MgrUser: select mgruser0_.id as id1_1_0_, mgruser0_.login_name as login_na2_1_0_, mgruser0_.name as name3_1_0_, mgruser0_.password as password4_1_0_, mgruser0_.register_date as register5_1_0_, mgruser0_.roles as roles6_1_0_, mgruser0_.salt as salt7_1_0_ from mgr_user mgruser0_ where mgruser0_.id=?
10:21:01.592 [] [] [main] DEBUG o.h.p.entity.AbstractEntityPersister - Static SQL for entity: com.yonyou.iuap.example.entity.GoodJpaDemo
10:21:01.592 [] [] [main] DEBUG o.h.p.entity.AbstractEntityPersister -  Version select: select productid from good_demo where productid =?
10:21:01.592 [] [] [main] DEBUG o.h.p.entity.AbstractEntityPersister -  Snapshot select: select goodjpadem_.productid, goodjpadem_.orgin as orgin2_0_, goodjpadem_.price as price3_0_, goodjpadem_.proDate as proDate4_0_, goodjpadem_.productname as productn5_0_, goodjpadem_.productnum as productn6_0_, goodjpadem_.supplier as supplier7_0_, goodjpadem_.ts as ts8_0_ from good_demo goodjpadem_ where goodjpadem_.productid=?
10:21:01.593 [] [] [main] DEBUG o.h.p.entity.AbstractEntityPersister -  Insert 0: insert into good_demo (orgin, price, proDate, productname, productnum, supplier, ts, productid) values (?, ?, ?, ?, ?, ?, ?, ?)
10:21:01.593 [] [] [main] DEBUG o.h.p.entity.AbstractEntityPersister -  Update 0: update good_demo set orgin=?, price=?, proDate=?, productname=?, productnum=?, supplier=?, ts=? where productid=?
10:21:01.593 [] [] [main] DEBUG o.h.p.entity.AbstractEntityPersister -  Delete 0: delete from good_demo where productid=?
10:21:01.593 [] [] [main] TRACE o.h.l.p.b.i.AbstractLoadPlanBuildingAssociationVisitationStrategy -  Starting root entity : com.yonyou.iuap.example.entity.GoodJpaDemo
10:21:01.593 [] [] [main] DEBUG o.h.l.p.b.i.spaces.QuerySpacesImpl - Adding QuerySpace : uid = &lt;gen:0&gt; -&gt; org.hibernate.loader.plan.build.internal.spaces.EntityQuerySpaceImpl@1f4a4c4]
10:21:01.593 [] [] [main] TRACE o.h.l.p.b.i.AbstractLoadPlanBuildingAssociationVisitationStrategy - Pushing fetch source to stack : org.hibernate.loader.plan.build.internal.returns.EntityReturnImpl@6d5353
10:21:01.593 [] [] [main] TRACE o.h.l.p.b.i.AbstractLoadPlanBuildingAssociationVisitationStrategy - .. Registering AssociationKey : AssociationKey(table=good_demo, columns={productid}) -&gt; org.hibernate.loader.plan.build.internal.returns.EntityReturnImpl@6d5353
10:21:01.593 [] [] [main] TRACE o.h.l.p.b.i.AbstractLoadPlanBuildingAssociationVisitationStrategy - &gt;&gt; Starting entity identifier : com.yonyou.iuap.example.entity.GoodJpaDemo
10:21:01.593 [] [] [main] DEBUG o.h.p.w.spi.MetamodelGraphWalker - Visiting attribute path : orgin
10:21:01.593 [] [] [main] TRACE o.h.l.p.b.i.AbstractLoadPlanBuildingAssociationVisitationStrategy - &gt;&gt; Starting attribute Attribute(name=orgin, type=string [non-identifier])
10:21:01.593 [] [] [main] TRACE o.h.l.p.b.i.AbstractLoadPlanBuildingAssociationVisitationStrategy - &lt;&lt; Finishing up attribute : Attribute(name=orgin, type=string [non-identifier])
10:21:01.593 [] [] [main] DEBUG o.h.p.w.spi.MetamodelGraphWalker - Visiting attribute path : price
10:21:01.593 [] [] [main] TRACE o.h.l.p.b.i.AbstractLoadPlanBuildingAssociationVisitationStrategy - &gt;&gt; Starting attribute Attribute(name=price, type=double [non-identifier])
10:21:01.593 [] [] [main] TRACE o.h.l.p.b.i.AbstractLoadPlanBuildingAssociationVisitationStrategy - &lt;&lt; Finishing up attribute : Attribute(name=price, type=double [non-identifier])
10:21:01.593 [] [] [main] DEBUG o.h.p.w.spi.MetamodelGraphWalker - Visiting attribute path : proDate
10:21:01.593 [] [] [main] TRACE o.h.l.p.b.i.AbstractLoadPlanBuildingAssociationVisitationStrategy - &gt;&gt; Starting attribute Attribute(name=proDate, type=timestamp [non-identifier])
10:21:01.593 [] [] [main] TRACE o.h.l.p.b.i.AbstractLoadPlanBuildingAssociationVisitationStrategy - &lt;&lt; Finishing up attribute : Attribute(name=proDate, type=timestamp [non-identifier])
10:21:01.593 [] [] [main] DEBUG o.h.p.w.spi.MetamodelGraphWalker - Visiting attribute path : productName
10:21:01.593 [] [] [main] TRACE o.h.l.p.b.i.AbstractLoadPlanBuildingAssociationVisitationStrategy - &gt;&gt; Starting attribute Attribute(name=productName, type=string [non-identifier])
10:21:01.593 [] [] [main] TRACE o.h.l.p.b.i.AbstractLoadPlanBuildingAssociationVisitationStrategy - &lt;&lt; Finishing up attribute : Attribute(name=productName, type=string [non-identifier])
10:21:01.593 [] [] [main] DEBUG o.h.p.w.spi.MetamodelGraphWalker - Visiting attribute path : productNum
10:21:01.593 [] [] [main] TRACE o.h.l.p.b.i.AbstractLoadPlanBuildingAssociationVisitationStrategy - &gt;&gt; Starting attribute Attribute(name=productNum, type=big_integer [non-identifier])
10:21:01.593 [] [] [main] TRACE o.h.l.p.b.i.AbstractLoadPlanBuildingAssociationVisitationStrategy - &lt;&lt; Finishing up attribute : Attribute(name=productNum, type=big_integer [non-identifier])
10:21:01.593 [] [] [main] DEBUG o.h.p.w.spi.MetamodelGraphWalker - Visiting attribute path : supplier
10:21:01.594 [] [] [main] TRACE o.h.l.p.b.i.AbstractLoadPlanBuildingAssociationVisitationStrategy - &gt;&gt; Starting attribute Attribute(name=supplier, type=string [non-identifier])
10:21:01.594 [] [] [main] TRACE o.h.l.p.b.i.AbstractLoadPlanBuildingAssociationVisitationStrategy - &lt;&lt; Finishing up attribute : Attribute(name=supplier, type=string [non-identifier])
10:21:01.594 [] [] [main] DEBUG o.h.p.w.spi.MetamodelGraphWalker - Visiting attribute path : ts
10:21:01.594 [] [] [main] TRACE o.h.l.p.b.i.AbstractLoadPlanBuildingAssociationVisitationStrategy - &gt;&gt; Starting attribute Attribute(name=ts, type=timestamp [non-identifier])
10:21:01.594 [] [] [main] TRACE o.h.l.p.b.i.AbstractLoadPlanBuildingAssociationVisitationStrategy - &lt;&lt; Finishing up attribute : Attribute(name=ts, type=timestamp [non-identifier])
10:21:01.594 [] [] [main] TRACE o.h.l.p.b.i.AbstractLoadPlanBuildingAssociationVisitationStrategy - Popped fetch owner from stack : org.hibernate.loader.plan.build.internal.returns.EntityReturnImpl@6d5353
10:21:01.594 [] [] [main] TRACE o.h.l.p.b.i.AbstractLoadPlanBuildingAssociationVisitationStrategy -  Finished root entity : com.yonyou.iuap.example.entity.GoodJpaDemo
10:21:01.594 [] [] [main] DEBUG o.h.l.p.b.i.FetchStyleLoadPlanBuildingAssociationVisitationStrategy - Building LoadPlan...
10:21:01.594 [] [] [main] DEBUG o.h.l.p.e.i.LoadQueryJoinAndFetchProcessor - processing queryspace &lt;gen:0&gt;
10:21:01.594 [] [] [main] DEBUG o.h.l.p.b.spi.LoadPlanTreePrinter - LoadPlan(entity=com.yonyou.iuap.example.entity.GoodJpaDemo)
    - Returns
       - EntityReturnImpl(entity=com.yonyou.iuap.example.entity.GoodJpaDemo, querySpaceUid=&lt;gen:0&gt;, path=com.yonyou.iuap.example.entity.GoodJpaDemo)
    - QuerySpaces
       - EntityQuerySpaceImpl(uid=&lt;gen:0&gt;, entity=com.yonyou.iuap.example.entity.GoodJpaDemo)
          - SQL table alias mapping - goodjpadem0_
          - alias suffix - 0_
          - suffixed key columns - {producti1_0_0_}

10:21:01.594 [] [] [main] DEBUG o.h.loader.entity.plan.EntityLoader - Static select for entity com.yonyou.iuap.example.entity.GoodJpaDemo [NONE]: select goodjpadem0_.productid as producti1_0_0_, goodjpadem0_.orgin as orgin2_0_0_, goodjpadem0_.price as price3_0_0_, goodjpadem0_.proDate as proDate4_0_0_, goodjpadem0_.productname as productn5_0_0_, goodjpadem0_.productnum as productn6_0_0_, goodjpadem0_.supplier as supplier7_0_0_, goodjpadem0_.ts as ts8_0_0_ from good_demo goodjpadem0_ where goodjpadem0_.productid=?
10:21:01.594 [] [] [main] TRACE o.h.l.p.b.i.AbstractLoadPlanBuildingAssociationVisitationStrategy -  Starting root entity : com.yonyou.iuap.example.entity.GoodJpaDemo
10:21:01.594 [] [] [main] DEBUG o.h.l.p.b.i.spaces.QuerySpacesImpl - Adding QuerySpace : uid = &lt;gen:0&gt; -&gt; org.hibernate.loader.plan.build.internal.spaces.EntityQuerySpaceImpl@1799f9a]
10:21:01.594 [] [] [main] TRACE o.h.l.p.b.i.AbstractLoadPlanBuildingAssociationVisitationStrategy - Pushing fetch source to stack : org.hibernate.loader.plan.build.internal.returns.EntityReturnImpl@1dd4cbb
10:21:01.594 [] [] [main] TRACE o.h.l.p.b.i.AbstractLoadPlanBuildingAssociationVisitationStrategy - .. Registering AssociationKey : AssociationKey(table=good_demo, columns={productid}) -&gt; org.hibernate.loader.plan.build.internal.returns.EntityReturnImpl@1dd4cbb
10:21:01.595 [] [] [main] TRACE o.h.l.p.b.i.AbstractLoadPlanBuildingAssociationVisitationStrategy - &gt;&gt; Starting entity identifier : com.yonyou.iuap.example.entity.GoodJpaDemo
10:21:01.595 [] [] [main] DEBUG o.h.p.w.spi.MetamodelGraphWalker - Visiting attribute path : orgin
10:21:01.595 [] [] [main] TRACE o.h.l.p.b.i.AbstractLoadPlanBuildingAssociationVisitationStrategy - &gt;&gt; Starting attribute Attribute(name=orgin, type=string [non-identifier])
10:21:01.595 [] [] [main] TRACE o.h.l.p.b.i.AbstractLoadPlanBuildingAssociationVisitationStrategy - &lt;&lt; Finishing up attribute : Attribute(name=orgin, type=string [non-identifier])
10:21:01.595 [] [] [main] DEBUG o.h.p.w.spi.MetamodelGraphWalker - Visiting attribute path : price
10:21:01.595 [] [] [main] TRACE o.h.l.p.b.i.AbstractLoadPlanBuildingAssociationVisitationStrategy - &gt;&gt; Starting attribute Attribute(name=price, type=double [non-identifier])
10:21:01.595 [] [] [main] TRACE o.h.l.p.b.i.AbstractLoadPlanBuildingAssociationVisitationStrategy - &lt;&lt; Finishing up attribute : Attribute(name=price, type=double [non-identifier])
10:21:01.595 [] [] [main] DEBUG o.h.p.w.spi.MetamodelGraphWalker - Visiting attribute path : proDate
10:21:01.595 [] [] [main] TRACE o.h.l.p.b.i.AbstractLoadPlanBuildingAssociationVisitationStrategy - &gt;&gt; Starting attribute Attribute(name=proDate, type=timestamp [non-identifier])
10:21:01.595 [] [] [main] TRACE o.h.l.p.b.i.AbstractLoadPlanBuildingAssociationVisitationStrategy - &lt;&lt; Finishing up attribute : Attribute(name=proDate, type=timestamp [non-identifier])
10:21:01.595 [] [] [main] DEBUG o.h.p.w.spi.MetamodelGraphWalker - Visiting attribute path : productName
10:21:01.595 [] [] [main] TRACE o.h.l.p.b.i.AbstractLoadPlanBuildingAssociationVisitationStrategy - &gt;&gt; Starting attribute Attribute(name=productName, type=string [non-identifier])
10:21:01.595 [] [] [main] TRACE o.h.l.p.b.i.AbstractLoadPlanBuildingAssociationVisitationStrategy - &lt;&lt; Finishing up attribute : Attribute(name=productName, type=string [non-identifier])
10:21:01.595 [] [] [main] DEBUG o.h.p.w.spi.MetamodelGraphWalker - Visiting attribute path : productNum
10:21:01.595 [] [] [main] TRACE o.h.l.p.b.i.AbstractLoadPlanBuildingAssociationVisitationStrategy - &gt;&gt; Starting attribute Attribute(name=productNum, type=big_integer [non-identifier])
10:21:01.595 [] [] [main] TRACE o.h.l.p.b.i.AbstractLoadPlanBuildingAssociationVisitationStrategy - &lt;&lt; Finishing up attribute : Attribute(name=productNum, type=big_integer [non-identifier])
10:21:01.595 [] [] [main] DEBUG o.h.p.w.spi.MetamodelGraphWalker - Visiting attribute path : supplier
10:21:01.595 [] [] [main] TRACE o.h.l.p.b.i.AbstractLoadPlanBuildingAssociationVisitationStrategy - &gt;&gt; Starting attribute Attribute(name=supplier, type=string [non-identifier])
10:21:01.595 [] [] [main] TRACE o.h.l.p.b.i.AbstractLoadPlanBuildingAssociationVisitationStrategy - &lt;&lt; Finishing up attribute : Attribute(name=supplier, type=string [non-identifier])
10:21:01.595 [] [] [main] DEBUG o.h.p.w.spi.MetamodelGraphWalker - Visiting attribute path : ts
10:21:01.595 [] [] [main] TRACE o.h.l.p.b.i.AbstractLoadPlanBuildingAssociationVisitationStrategy - &gt;&gt; Starting attribute Attribute(name=ts, type=timestamp [non-identifier])
10:21:01.595 [] [] [main] TRACE o.h.l.p.b.i.AbstractLoadPlanBuildingAssociationVisitationStrategy - &lt;&lt; Finishing up attribute : Attribute(name=ts, type=timestamp [non-identifier])
10:21:01.595 [] [] [main] TRACE o.h.l.p.b.i.AbstractLoadPlanBuildingAssociationVisitationStrategy - Popped fetch owner from stack : org.hibernate.loader.plan.build.internal.returns.EntityReturnImpl@1dd4cbb
10:21:01.595 [] [] [main] TRACE o.h.l.p.b.i.AbstractLoadPlanBuildingAssociationVisitationStrategy -  Finished root entity : com.yonyou.iuap.example.entity.GoodJpaDemo
10:21:01.595 [] [] [main] DEBUG o.h.l.p.b.i.FetchStyleLoadPlanBuildingAssociationVisitationStrategy - Building LoadPlan...
10:21:01.596 [] [] [main] DEBUG o.h.l.p.e.i.LoadQueryJoinAndFetchProcessor - processing queryspace &lt;gen:0&gt;
10:21:01.596 [] [] [main] DEBUG o.h.l.p.b.spi.LoadPlanTreePrinter - LoadPlan(entity=com.yonyou.iuap.example.entity.GoodJpaDemo)
    - Returns
       - EntityReturnImpl(entity=com.yonyou.iuap.example.entity.GoodJpaDemo, querySpaceUid=&lt;gen:0&gt;, path=com.yonyou.iuap.example.entity.GoodJpaDemo)
    - QuerySpaces
       - EntityQuerySpaceImpl(uid=&lt;gen:0&gt;, entity=com.yonyou.iuap.example.entity.GoodJpaDemo)
          - SQL table alias mapping - goodjpadem0_
          - alias suffix - 0_
          - suffixed key columns - {producti1_0_0_}

10:21:01.596 [] [] [main] DEBUG o.h.loader.entity.plan.EntityLoader - Static select for entity com.yonyou.iuap.example.entity.GoodJpaDemo [READ]: select goodjpadem0_.productid as producti1_0_0_, goodjpadem0_.orgin as orgin2_0_0_, goodjpadem0_.price as price3_0_0_, goodjpadem0_.proDate as proDate4_0_0_, goodjpadem0_.productname as productn5_0_0_, goodjpadem0_.productnum as productn6_0_0_, goodjpadem0_.supplier as supplier7_0_0_, goodjpadem0_.ts as ts8_0_0_ from good_demo goodjpadem0_ where goodjpadem0_.productid=?
10:21:01.596 [] [] [main] TRACE o.h.l.p.b.i.AbstractLoadPlanBuildingAssociationVisitationStrategy -  Starting root entity : com.yonyou.iuap.example.entity.GoodJpaDemo
10:21:01.596 [] [] [main] DEBUG o.h.l.p.b.i.spaces.QuerySpacesImpl - Adding QuerySpace : uid = &lt;gen:0&gt; -&gt; org.hibernate.loader.plan.build.internal.spaces.EntityQuerySpaceImpl@1d8c25d]
10:21:01.596 [] [] [main] TRACE o.h.l.p.b.i.AbstractLoadPlanBuildingAssociationVisitationStrategy - Pushing fetch source to stack : org.hibernate.loader.plan.build.internal.returns.EntityReturnImpl@1c07d21
10:21:01.596 [] [] [main] TRACE o.h.l.p.b.i.AbstractLoadPlanBuildingAssociationVisitationStrategy - .. Registering AssociationKey : AssociationKey(table=good_demo, columns={productid}) -&gt; org.hibernate.loader.plan.build.internal.returns.EntityReturnImpl@1c07d21
10:21:01.596 [] [] [main] TRACE o.h.l.p.b.i.AbstractLoadPlanBuildingAssociationVisitationStrategy - &gt;&gt; Starting entity identifier : com.yonyou.iuap.example.entity.GoodJpaDemo
10:21:01.596 [] [] [main] DEBUG o.h.p.w.spi.MetamodelGraphWalker - Visiting attribute path : orgin
10:21:01.596 [] [] [main] TRACE o.h.l.p.b.i.AbstractLoadPlanBuildingAssociationVisitationStrategy - &gt;&gt; Starting attribute Attribute(name=orgin, type=string [non-identifier])
10:21:01.596 [] [] [main] TRACE o.h.l.p.b.i.AbstractLoadPlanBuildingAssociationVisitationStrategy - &lt;&lt; Finishing up attribute : Attribute(name=orgin, type=string [non-identifier])
10:21:01.596 [] [] [main] DEBUG o.h.p.w.spi.MetamodelGraphWalker - Visiting attribute path : price
10:21:01.596 [] [] [main] TRACE o.h.l.p.b.i.AbstractLoadPlanBuildingAssociationVisitationStrategy - &gt;&gt; Starting attribute Attribute(name=price, type=double [non-identifier])
10:21:01.596 [] [] [main] TRACE o.h.l.p.b.i.AbstractLoadPlanBuildingAssociationVisitationStrategy - &lt;&lt; Finishing up attribute : Attribute(name=price, type=double [non-identifier])
10:21:01.596 [] [] [main] DEBUG o.h.p.w.spi.MetamodelGraphWalker - Visiting attribute path : proDate
10:21:01.596 [] [] [main] TRACE o.h.l.p.b.i.AbstractLoadPlanBuildingAssociationVisitationStrategy - &gt;&gt; Starting attribute Attribute(name=proDate, type=timestamp [non-identifier])
10:21:01.596 [] [] [main] TRACE o.h.l.p.b.i.AbstractLoadPlanBuildingAssociationVisitationStrategy - &lt;&lt; Finishing up attribute : Attribute(name=proDate, type=timestamp [non-identifier])
10:21:01.596 [] [] [main] DEBUG o.h.p.w.spi.MetamodelGraphWalker - Visiting attribute path : productName
10:21:01.596 [] [] [main] TRACE o.h.l.p.b.i.AbstractLoadPlanBuildingAssociationVisitationStrategy - &gt;&gt; Starting attribute Attribute(name=productName, type=string [non-identifier])
10:21:01.597 [] [] [main] TRACE o.h.l.p.b.i.AbstractLoadPlanBuildingAssociationVisitationStrategy - &lt;&lt; Finishing up attribute : Attribute(name=productName, type=string [non-identifier])
10:21:01.597 [] [] [main] DEBUG o.h.p.w.spi.MetamodelGraphWalker - Visiting attribute path : productNum
10:21:01.597 [] [] [main] TRACE o.h.l.p.b.i.AbstractLoadPlanBuildingAssociationVisitationStrategy - &gt;&gt; Starting attribute Attribute(name=productNum, type=big_integer [non-identifier])
10:21:01.597 [] [] [main] TRACE o.h.l.p.b.i.AbstractLoadPlanBuildingAssociationVisitationStrategy - &lt;&lt; Finishing up attribute : Attribute(name=productNum, type=big_integer [non-identifier])
10:21:01.597 [] [] [main] DEBUG o.h.p.w.spi.MetamodelGraphWalker - Visiting attribute path : supplier
10:21:01.597 [] [] [main] TRACE o.h.l.p.b.i.AbstractLoadPlanBuildingAssociationVisitationStrategy - &gt;&gt; Starting attribute Attribute(name=supplier, type=string [non-identifier])
10:21:01.597 [] [] [main] TRACE o.h.l.p.b.i.AbstractLoadPlanBuildingAssociationVisitationStrategy - &lt;&lt; Finishing up attribute : Attribute(name=supplier, type=string [non-identifier])
10:21:01.597 [] [] [main] DEBUG o.h.p.w.spi.MetamodelGraphWalker - Visiting attribute path : ts
10:21:01.597 [] [] [main] TRACE o.h.l.p.b.i.AbstractLoadPlanBuildingAssociationVisitationStrategy - &gt;&gt; Starting attribute Attribute(name=ts, type=timestamp [non-identifier])
10:21:01.597 [] [] [main] TRACE o.h.l.p.b.i.AbstractLoadPlanBuildingAssociationVisitationStrategy - &lt;&lt; Finishing up attribute : Attribute(name=ts, type=timestamp [non-identifier])
10:21:01.597 [] [] [main] TRACE o.h.l.p.b.i.AbstractLoadPlanBuildingAssociationVisitationStrategy - Popped fetch owner from stack : org.hibernate.loader.plan.build.internal.returns.EntityReturnImpl@1c07d21
10:21:01.597 [] [] [main] TRACE o.h.l.p.b.i.AbstractLoadPlanBuildingAssociationVisitationStrategy -  Finished root entity : com.yonyou.iuap.example.entity.GoodJpaDemo
10:21:01.597 [] [] [main] DEBUG o.h.l.p.b.i.FetchStyleLoadPlanBuildingAssociationVisitationStrategy - Building LoadPlan...
10:21:01.597 [] [] [main] DEBUG o.h.l.p.e.i.LoadQueryJoinAndFetchProcessor - processing queryspace &lt;gen:0&gt;
10:21:01.597 [] [] [main] DEBUG o.h.l.p.b.spi.LoadPlanTreePrinter - LoadPlan(entity=com.yonyou.iuap.example.entity.GoodJpaDemo)
    - Returns
       - EntityReturnImpl(entity=com.yonyou.iuap.example.entity.GoodJpaDemo, querySpaceUid=&lt;gen:0&gt;, path=com.yonyou.iuap.example.entity.GoodJpaDemo)
    - QuerySpaces
       - EntityQuerySpaceImpl(uid=&lt;gen:0&gt;, entity=com.yonyou.iuap.example.entity.GoodJpaDemo)
          - SQL table alias mapping - goodjpadem0_
          - alias suffix - 0_
          - suffixed key columns - {producti1_0_0_}

10:21:01.597 [] [] [main] DEBUG o.h.loader.entity.plan.EntityLoader - Static select for entity com.yonyou.iuap.example.entity.GoodJpaDemo [UPGRADE]: select goodjpadem0_.productid as producti1_0_0_, goodjpadem0_.orgin as orgin2_0_0_, goodjpadem0_.price as price3_0_0_, goodjpadem0_.proDate as proDate4_0_0_, goodjpadem0_.productname as productn5_0_0_, goodjpadem0_.productnum as productn6_0_0_, goodjpadem0_.supplier as supplier7_0_0_, goodjpadem0_.ts as ts8_0_0_ from good_demo goodjpadem0_ where goodjpadem0_.productid=? for update
10:21:01.598 [] [] [main] TRACE o.h.l.p.b.i.AbstractLoadPlanBuildingAssociationVisitationStrategy -  Starting root entity : com.yonyou.iuap.example.entity.GoodJpaDemo
10:21:01.598 [] [] [main] DEBUG o.h.l.p.b.i.spaces.QuerySpacesImpl - Adding QuerySpace : uid = &lt;gen:0&gt; -&gt; org.hibernate.loader.plan.build.internal.spaces.EntityQuerySpaceImpl@572d82]
10:21:01.598 [] [] [main] TRACE o.h.l.p.b.i.AbstractLoadPlanBuildingAssociationVisitationStrategy - Pushing fetch source to stack : org.hibernate.loader.plan.build.internal.returns.EntityReturnImpl@16cdb03
10:21:01.598 [] [] [main] TRACE o.h.l.p.b.i.AbstractLoadPlanBuildingAssociationVisitationStrategy - .. Registering AssociationKey : AssociationKey(table=good_demo, columns={productid}) -&gt; org.hibernate.loader.plan.build.internal.returns.EntityReturnImpl@16cdb03
10:21:01.598 [] [] [main] TRACE o.h.l.p.b.i.AbstractLoadPlanBuildingAssociationVisitationStrategy - &gt;&gt; Starting entity identifier : com.yonyou.iuap.example.entity.GoodJpaDemo
10:21:01.598 [] [] [main] DEBUG o.h.p.w.spi.MetamodelGraphWalker - Visiting attribute path : orgin
10:21:01.598 [] [] [main] TRACE o.h.l.p.b.i.AbstractLoadPlanBuildingAssociationVisitationStrategy - &gt;&gt; Starting attribute Attribute(name=orgin, type=string [non-identifier])
10:21:01.598 [] [] [main] TRACE o.h.l.p.b.i.AbstractLoadPlanBuildingAssociationVisitationStrategy - &lt;&lt; Finishing up attribute : Attribute(name=orgin, type=string [non-identifier])
10:21:01.598 [] [] [main] DEBUG o.h.p.w.spi.MetamodelGraphWalker - Visiting attribute path : price
10:21:01.598 [] [] [main] TRACE o.h.l.p.b.i.AbstractLoadPlanBuildingAssociationVisitationStrategy - &gt;&gt; Starting attribute Attribute(name=price, type=double [non-identifier])
10:21:01.598 [] [] [main] TRACE o.h.l.p.b.i.AbstractLoadPlanBuildingAssociationVisitationStrategy - &lt;&lt; Finishing up attribute : Attribute(name=price, type=double [non-identifier])
10:21:01.598 [] [] [main] DEBUG o.h.p.w.spi.MetamodelGraphWalker - Visiting attribute path : proDate
10:21:01.598 [] [] [main] TRACE o.h.l.p.b.i.AbstractLoadPlanBuildingAssociationVisitationStrategy - &gt;&gt; Starting attribute Attribute(name=proDate, type=timestamp [non-identifier])
10:21:01.598 [] [] [main] TRACE o.h.l.p.b.i.AbstractLoadPlanBuildingAssociationVisitationStrategy - &lt;&lt; Finishing up attribute : Attribute(name=proDate, type=timestamp [non-identifier])
10:21:01.598 [] [] [main] DEBUG o.h.p.w.spi.MetamodelGraphWalker - Visiting attribute path : productName
10:21:01.598 [] [] [main] TRACE o.h.l.p.b.i.AbstractLoadPlanBuildingAssociationVisitationStrategy - &gt;&gt; Starting attribute Attribute(name=productName, type=string [non-identifier])
10:21:01.598 [] [] [main] TRACE o.h.l.p.b.i.AbstractLoadPlanBuildingAssociationVisitationStrategy - &lt;&lt; Finishing up attribute : Attribute(name=productName, type=string [non-identifier])
10:21:01.598 [] [] [main] DEBUG o.h.p.w.spi.MetamodelGraphWalker - Visiting attribute path : productNum
10:21:01.598 [] [] [main] TRACE o.h.l.p.b.i.AbstractLoadPlanBuildingAssociationVisitationStrategy - &gt;&gt; Starting attribute Attribute(name=productNum, type=big_integer [non-identifier])
10:21:01.598 [] [] [main] TRACE o.h.l.p.b.i.AbstractLoadPlanBuildingAssociationVisitationStrategy - &lt;&lt; Finishing up attribute : Attribute(name=productNum, type=big_integer [non-identifier])
10:21:01.598 [] [] [main] DEBUG o.h.p.w.spi.MetamodelGraphWalker - Visiting attribute path : supplier
10:21:01.599 [] [] [main] TRACE o.h.l.p.b.i.AbstractLoadPlanBuildingAssociationVisitationStrategy - &gt;&gt; Starting attribute Attribute(name=supplier, type=string [non-identifier])
10:21:01.599 [] [] [main] TRACE o.h.l.p.b.i.AbstractLoadPlanBuildingAssociationVisitationStrategy - &lt;&lt; Finishing up attribute : Attribute(name=supplier, type=string [non-identifier])
10:21:01.599 [] [] [main] DEBUG o.h.p.w.spi.MetamodelGraphWalker - Visiting attribute path : ts
10:21:01.599 [] [] [main] TRACE o.h.l.p.b.i.AbstractLoadPlanBuildingAssociationVisitationStrategy - &gt;&gt; Starting attribute Attribute(name=ts, type=timestamp [non-identifier])
10:21:01.599 [] [] [main] TRACE o.h.l.p.b.i.AbstractLoadPlanBuildingAssociationVisitationStrategy - &lt;&lt; Finishing up attribute : Attribute(name=ts, type=timestamp [non-identifier])
10:21:01.599 [] [] [main] TRACE o.h.l.p.b.i.AbstractLoadPlanBuildingAssociationVisitationStrategy - Popped fetch owner from stack : org.hibernate.loader.plan.build.internal.returns.EntityReturnImpl@16cdb03
10:21:01.599 [] [] [main] TRACE o.h.l.p.b.i.AbstractLoadPlanBuildingAssociationVisitationStrategy -  Finished root entity : com.yonyou.iuap.example.entity.GoodJpaDemo
10:21:01.599 [] [] [main] DEBUG o.h.l.p.b.i.FetchStyleLoadPlanBuildingAssociationVisitationStrategy - Building LoadPlan...
10:21:01.599 [] [] [main] DEBUG o.h.l.p.e.i.LoadQueryJoinAndFetchProcessor - processing queryspace &lt;gen:0&gt;
10:21:01.599 [] [] [main] DEBUG o.h.l.p.b.spi.LoadPlanTreePrinter - LoadPlan(entity=com.yonyou.iuap.example.entity.GoodJpaDemo)
    - Returns
       - EntityReturnImpl(entity=com.yonyou.iuap.example.entity.GoodJpaDemo, querySpaceUid=&lt;gen:0&gt;, path=com.yonyou.iuap.example.entity.GoodJpaDemo)
    - QuerySpaces
       - EntityQuerySpaceImpl(uid=&lt;gen:0&gt;, entity=com.yonyou.iuap.example.entity.GoodJpaDemo)
          - SQL table alias mapping - goodjpadem0_
          - alias suffix - 0_
          - suffixed key columns - {producti1_0_0_}

10:21:01.599 [] [] [main] DEBUG o.h.loader.entity.plan.EntityLoader - Static select for entity com.yonyou.iuap.example.entity.GoodJpaDemo [UPGRADE_NOWAIT]: select goodjpadem0_.productid as producti1_0_0_, goodjpadem0_.orgin as orgin2_0_0_, goodjpadem0_.price as price3_0_0_, goodjpadem0_.proDate as proDate4_0_0_, goodjpadem0_.productname as productn5_0_0_, goodjpadem0_.productnum as productn6_0_0_, goodjpadem0_.supplier as supplier7_0_0_, goodjpadem0_.ts as ts8_0_0_ from good_demo goodjpadem0_ where goodjpadem0_.productid=? for update
10:21:01.599 [] [] [main] TRACE o.h.l.p.b.i.AbstractLoadPlanBuildingAssociationVisitationStrategy -  Starting root entity : com.yonyou.iuap.example.entity.GoodJpaDemo
10:21:01.599 [] [] [main] DEBUG o.h.l.p.b.i.spaces.QuerySpacesImpl - Adding QuerySpace : uid = &lt;gen:0&gt; -&gt; org.hibernate.loader.plan.build.internal.spaces.EntityQuerySpaceImpl@19ea7d1]
10:21:01.599 [] [] [main] TRACE o.h.l.p.b.i.AbstractLoadPlanBuildingAssociationVisitationStrategy - Pushing fetch source to stack : org.hibernate.loader.plan.build.internal.returns.EntityReturnImpl@11b9674
10:21:01.599 [] [] [main] TRACE o.h.l.p.b.i.AbstractLoadPlanBuildingAssociationVisitationStrategy - .. Registering AssociationKey : AssociationKey(table=good_demo, columns={productid}) -&gt; org.hibernate.loader.plan.build.internal.returns.EntityReturnImpl@11b9674
10:21:01.600 [] [] [main] TRACE o.h.l.p.b.i.AbstractLoadPlanBuildingAssociationVisitationStrategy - &gt;&gt; Starting entity identifier : com.yonyou.iuap.example.entity.GoodJpaDemo
10:21:01.600 [] [] [main] DEBUG o.h.p.w.spi.MetamodelGraphWalker - Visiting attribute path : orgin
10:21:01.600 [] [] [main] TRACE o.h.l.p.b.i.AbstractLoadPlanBuildingAssociationVisitationStrategy - &gt;&gt; Starting attribute Attribute(name=orgin, type=string [non-identifier])
10:21:01.600 [] [] [main] TRACE o.h.l.p.b.i.AbstractLoadPlanBuildingAssociationVisitationStrategy - &lt;&lt; Finishing up attribute : Attribute(name=orgin, type=string [non-identifier])
10:21:01.600 [] [] [main] DEBUG o.h.p.w.spi.MetamodelGraphWalker - Visiting attribute path : price
10:21:01.600 [] [] [main] TRACE o.h.l.p.b.i.AbstractLoadPlanBuildingAssociationVisitationStrategy - &gt;&gt; Starting attribute Attribute(name=price, type=double [non-identifier])
10:21:01.600 [] [] [main] TRACE o.h.l.p.b.i.AbstractLoadPlanBuildingAssociationVisitationStrategy - &lt;&lt; Finishing up attribute : Attribute(name=price, type=double [non-identifier])
10:21:01.600 [] [] [main] DEBUG o.h.p.w.spi.MetamodelGraphWalker - Visiting attribute path : proDate
10:21:01.600 [] [] [main] TRACE o.h.l.p.b.i.AbstractLoadPlanBuildingAssociationVisitationStrategy - &gt;&gt; Starting attribute Attribute(name=proDate, type=timestamp [non-identifier])
10:21:01.600 [] [] [main] TRACE o.h.l.p.b.i.AbstractLoadPlanBuildingAssociationVisitationStrategy - &lt;&lt; Finishing up attribute : Attribute(name=proDate, type=timestamp [non-identifier])
10:21:01.600 [] [] [main] DEBUG o.h.p.w.spi.MetamodelGraphWalker - Visiting attribute path : productName
10:21:01.600 [] [] [main] TRACE o.h.l.p.b.i.AbstractLoadPlanBuildingAssociationVisitationStrategy - &gt;&gt; Starting attribute Attribute(name=productName, type=string [non-identifier])
10:21:01.600 [] [] [main] TRACE o.h.l.p.b.i.AbstractLoadPlanBuildingAssociationVisitationStrategy - &lt;&lt; Finishing up attribute : Attribute(name=productName, type=string [non-identifier])
10:21:01.600 [] [] [main] DEBUG o.h.p.w.spi.MetamodelGraphWalker - Visiting attribute path : productNum
10:21:01.602 [] [] [main] TRACE o.h.l.p.b.i.AbstractLoadPlanBuildingAssociationVisitationStrategy - &gt;&gt; Starting attribute Attribute(name=productNum, type=big_integer [non-identifier])
10:21:01.602 [] [] [main] TRACE o.h.l.p.b.i.AbstractLoadPlanBuildingAssociationVisitationStrategy - &lt;&lt; Finishing up attribute : Attribute(name=productNum, type=big_integer [non-identifier])
10:21:01.602 [] [] [main] DEBUG o.h.p.w.spi.MetamodelGraphWalker - Visiting attribute path : supplier
10:21:01.602 [] [] [main] TRACE o.h.l.p.b.i.AbstractLoadPlanBuildingAssociationVisitationStrategy - &gt;&gt; Starting attribute Attribute(name=supplier, type=string [non-identifier])
10:21:01.603 [] [] [main] TRACE o.h.l.p.b.i.AbstractLoadPlanBuildingAssociationVisitationStrategy - &lt;&lt; Finishing up attribute : Attribute(name=supplier, type=string [non-identifier])
10:21:01.603 [] [] [main] DEBUG o.h.p.w.spi.MetamodelGraphWalker - Visiting attribute path : ts
10:21:01.603 [] [] [main] TRACE o.h.l.p.b.i.AbstractLoadPlanBuildingAssociationVisitationStrategy - &gt;&gt; Starting attribute Attribute(name=ts, type=timestamp [non-identifier])
10:21:01.603 [] [] [main] TRACE o.h.l.p.b.i.AbstractLoadPlanBuildingAssociationVisitationStrategy - &lt;&lt; Finishing up attribute : Attribute(name=ts, type=timestamp [non-identifier])
10:21:01.603 [] [] [main] TRACE o.h.l.p.b.i.AbstractLoadPlanBuildingAssociationVisitationStrategy - Popped fetch owner from stack : org.hibernate.loader.plan.build.internal.returns.EntityReturnImpl@11b9674
10:21:01.603 [] [] [main] TRACE o.h.l.p.b.i.AbstractLoadPlanBuildingAssociationVisitationStrategy -  Finished root entity : com.yonyou.iuap.example.entity.GoodJpaDemo
10:21:01.603 [] [] [main] DEBUG o.h.l.p.b.i.FetchStyleLoadPlanBuildingAssociationVisitationStrategy - Building LoadPlan...
10:21:01.603 [] [] [main] DEBUG o.h.l.p.e.i.LoadQueryJoinAndFetchProcessor - processing queryspace &lt;gen:0&gt;
10:21:01.603 [] [] [main] DEBUG o.h.l.p.b.spi.LoadPlanTreePrinter - LoadPlan(entity=com.yonyou.iuap.example.entity.GoodJpaDemo)
    - Returns
       - EntityReturnImpl(entity=com.yonyou.iuap.example.entity.GoodJpaDemo, querySpaceUid=&lt;gen:0&gt;, path=com.yonyou.iuap.example.entity.GoodJpaDemo)
    - QuerySpaces
       - EntityQuerySpaceImpl(uid=&lt;gen:0&gt;, entity=com.yonyou.iuap.example.entity.GoodJpaDemo)
          - SQL table alias mapping - goodjpadem0_
          - alias suffix - 0_
          - suffixed key columns - {producti1_0_0_}

10:21:01.603 [] [] [main] DEBUG o.h.loader.entity.plan.EntityLoader - Static select for entity com.yonyou.iuap.example.entity.GoodJpaDemo [UPGRADE_SKIPLOCKED]: select goodjpadem0_.productid as producti1_0_0_, goodjpadem0_.orgin as orgin2_0_0_, goodjpadem0_.price as price3_0_0_, goodjpadem0_.proDate as proDate4_0_0_, goodjpadem0_.productname as productn5_0_0_, goodjpadem0_.productnum as productn6_0_0_, goodjpadem0_.supplier as supplier7_0_0_, goodjpadem0_.ts as ts8_0_0_ from good_demo goodjpadem0_ where goodjpadem0_.productid=? for update
10:21:01.603 [] [] [main] TRACE o.h.l.p.b.i.AbstractLoadPlanBuildingAssociationVisitationStrategy -  Starting root entity : com.yonyou.iuap.example.entity.GoodJpaDemo
10:21:01.603 [] [] [main] DEBUG o.h.l.p.b.i.spaces.QuerySpacesImpl - Adding QuerySpace : uid = &lt;gen:0&gt; -&gt; org.hibernate.loader.plan.build.internal.spaces.EntityQuerySpaceImpl@7c8ebf]
10:21:01.603 [] [] [main] TRACE o.h.l.p.b.i.AbstractLoadPlanBuildingAssociationVisitationStrategy - Pushing fetch source to stack : org.hibernate.loader.plan.build.internal.returns.EntityReturnImpl@17fa0ec
10:21:01.603 [] [] [main] TRACE o.h.l.p.b.i.AbstractLoadPlanBuildingAssociationVisitationStrategy - .. Registering AssociationKey : AssociationKey(table=good_demo, columns={productid}) -&gt; org.hibernate.loader.plan.build.internal.returns.EntityReturnImpl@17fa0ec
10:21:01.603 [] [] [main] TRACE o.h.l.p.b.i.AbstractLoadPlanBuildingAssociationVisitationStrategy - &gt;&gt; Starting entity identifier : com.yonyou.iuap.example.entity.GoodJpaDemo
10:21:01.603 [] [] [main] DEBUG o.h.p.w.spi.MetamodelGraphWalker - Visiting attribute path : orgin
10:21:01.603 [] [] [main] TRACE o.h.l.p.b.i.AbstractLoadPlanBuildingAssociationVisitationStrategy - &gt;&gt; Starting attribute Attribute(name=orgin, type=string [non-identifier])
10:21:01.604 [] [] [main] TRACE o.h.l.p.b.i.AbstractLoadPlanBuildingAssociationVisitationStrategy - &lt;&lt; Finishing up attribute : Attribute(name=orgin, type=string [non-identifier])
10:21:01.604 [] [] [main] DEBUG o.h.p.w.spi.MetamodelGraphWalker - Visiting attribute path : price
10:21:01.604 [] [] [main] TRACE o.h.l.p.b.i.AbstractLoadPlanBuildingAssociationVisitationStrategy - &gt;&gt; Starting attribute Attribute(name=price, type=double [non-identifier])
10:21:01.604 [] [] [main] TRACE o.h.l.p.b.i.AbstractLoadPlanBuildingAssociationVisitationStrategy - &lt;&lt; Finishing up attribute : Attribute(name=price, type=double [non-identifier])
10:21:01.604 [] [] [main] DEBUG o.h.p.w.spi.MetamodelGraphWalker - Visiting attribute path : proDate
10:21:01.604 [] [] [main] TRACE o.h.l.p.b.i.AbstractLoadPlanBuildingAssociationVisitationStrategy - &gt;&gt; Starting attribute Attribute(name=proDate, type=timestamp [non-identifier])
10:21:01.604 [] [] [main] TRACE o.h.l.p.b.i.AbstractLoadPlanBuildingAssociationVisitationStrategy - &lt;&lt; Finishing up attribute : Attribute(name=proDate, type=timestamp [non-identifier])
10:21:01.604 [] [] [main] DEBUG o.h.p.w.spi.MetamodelGraphWalker - Visiting attribute path : productName
10:21:01.604 [] [] [main] TRACE o.h.l.p.b.i.AbstractLoadPlanBuildingAssociationVisitationStrategy - &gt;&gt; Starting attribute Attribute(name=productName, type=string [non-identifier])
10:21:01.604 [] [] [main] TRACE o.h.l.p.b.i.AbstractLoadPlanBuildingAssociationVisitationStrategy - &lt;&lt; Finishing up attribute : Attribute(name=productName, type=string [non-identifier])
10:21:01.604 [] [] [main] DEBUG o.h.p.w.spi.MetamodelGraphWalker - Visiting attribute path : productNum
10:21:01.604 [] [] [main] TRACE o.h.l.p.b.i.AbstractLoadPlanBuildingAssociationVisitationStrategy - &gt;&gt; Starting attribute Attribute(name=productNum, type=big_integer [non-identifier])
10:21:01.604 [] [] [main] TRACE o.h.l.p.b.i.AbstractLoadPlanBuildingAssociationVisitationStrategy - &lt;&lt; Finishing up attribute : Attribute(name=productNum, type=big_integer [non-identifier])
10:21:01.604 [] [] [main] DEBUG o.h.p.w.spi.MetamodelGraphWalker - Visiting attribute path : supplier
10:21:01.604 [] [] [main] TRACE o.h.l.p.b.i.AbstractLoadPlanBuildingAssociationVisitationStrategy - &gt;&gt; Starting attribute Attribute(name=supplier, type=string [non-identifier])
10:21:01.604 [] [] [main] TRACE o.h.l.p.b.i.AbstractLoadPlanBuildingAssociationVisitationStrategy - &lt;&lt; Finishing up attribute : Attribute(name=supplier, type=string [non-identifier])
10:21:01.604 [] [] [main] DEBUG o.h.p.w.spi.MetamodelGraphWalker - Visiting attribute path : ts
10:21:01.604 [] [] [main] TRACE o.h.l.p.b.i.AbstractLoadPlanBuildingAssociationVisitationStrategy - &gt;&gt; Starting attribute Attribute(name=ts, type=timestamp [non-identifier])
10:21:01.604 [] [] [main] TRACE o.h.l.p.b.i.AbstractLoadPlanBuildingAssociationVisitationStrategy - &lt;&lt; Finishing up attribute : Attribute(name=ts, type=timestamp [non-identifier])
10:21:01.604 [] [] [main] TRACE o.h.l.p.b.i.AbstractLoadPlanBuildingAssociationVisitationStrategy - Popped fetch owner from stack : org.hibernate.loader.plan.build.internal.returns.EntityReturnImpl@17fa0ec
10:21:01.604 [] [] [main] TRACE o.h.l.p.b.i.AbstractLoadPlanBuildingAssociationVisitationStrategy -  Finished root entity : com.yonyou.iuap.example.entity.GoodJpaDemo
10:21:01.604 [] [] [main] DEBUG o.h.l.p.b.i.FetchStyleLoadPlanBuildingAssociationVisitationStrategy - Building LoadPlan...
10:21:01.605 [] [] [main] DEBUG o.h.l.p.e.i.LoadQueryJoinAndFetchProcessor - processing queryspace &lt;gen:0&gt;
10:21:01.605 [] [] [main] DEBUG o.h.l.p.b.spi.LoadPlanTreePrinter - LoadPlan(entity=com.yonyou.iuap.example.entity.GoodJpaDemo)
    - Returns
       - EntityReturnImpl(entity=com.yonyou.iuap.example.entity.GoodJpaDemo, querySpaceUid=&lt;gen:0&gt;, path=com.yonyou.iuap.example.entity.GoodJpaDemo)
    - QuerySpaces
       - EntityQuerySpaceImpl(uid=&lt;gen:0&gt;, entity=com.yonyou.iuap.example.entity.GoodJpaDemo)
          - SQL table alias mapping - goodjpadem0_
          - alias suffix - 0_
          - suffixed key columns - {producti1_0_0_}

10:21:01.605 [] [] [main] DEBUG o.h.loader.entity.plan.EntityLoader - Static select for entity com.yonyou.iuap.example.entity.GoodJpaDemo [FORCE]: select goodjpadem0_.productid as producti1_0_0_, goodjpadem0_.orgin as orgin2_0_0_, goodjpadem0_.price as price3_0_0_, goodjpadem0_.proDate as proDate4_0_0_, goodjpadem0_.productname as productn5_0_0_, goodjpadem0_.productnum as productn6_0_0_, goodjpadem0_.supplier as supplier7_0_0_, goodjpadem0_.ts as ts8_0_0_ from good_demo goodjpadem0_ where goodjpadem0_.productid=? for update
10:21:01.605 [] [] [main] TRACE o.h.l.p.b.i.AbstractLoadPlanBuildingAssociationVisitationStrategy -  Starting root entity : com.yonyou.iuap.example.entity.GoodJpaDemo
10:21:01.605 [] [] [main] DEBUG o.h.l.p.b.i.spaces.QuerySpacesImpl - Adding QuerySpace : uid = &lt;gen:0&gt; -&gt; org.hibernate.loader.plan.build.internal.spaces.EntityQuerySpaceImpl@1e14e2]
10:21:01.605 [] [] [main] TRACE o.h.l.p.b.i.AbstractLoadPlanBuildingAssociationVisitationStrategy - Pushing fetch source to stack : org.hibernate.loader.plan.build.internal.returns.EntityReturnImpl@ed0dcc
10:21:01.605 [] [] [main] TRACE o.h.l.p.b.i.AbstractLoadPlanBuildingAssociationVisitationStrategy - .. Registering AssociationKey : AssociationKey(table=good_demo, columns={productid}) -&gt; org.hibernate.loader.plan.build.internal.returns.EntityReturnImpl@ed0dcc
10:21:01.605 [] [] [main] TRACE o.h.l.p.b.i.AbstractLoadPlanBuildingAssociationVisitationStrategy - &gt;&gt; Starting entity identifier : com.yonyou.iuap.example.entity.GoodJpaDemo
10:21:01.605 [] [] [main] DEBUG o.h.p.w.spi.MetamodelGraphWalker - Visiting attribute path : orgin
10:21:01.605 [] [] [main] TRACE o.h.l.p.b.i.AbstractLoadPlanBuildingAssociationVisitationStrategy - &gt;&gt; Starting attribute Attribute(name=orgin, type=string [non-identifier])
10:21:01.605 [] [] [main] TRACE o.h.l.p.b.i.AbstractLoadPlanBuildingAssociationVisitationStrategy - &lt;&lt; Finishing up attribute : Attribute(name=orgin, type=string [non-identifier])
10:21:01.605 [] [] [main] DEBUG o.h.p.w.spi.MetamodelGraphWalker - Visiting attribute path : price
10:21:01.605 [] [] [main] TRACE o.h.l.p.b.i.AbstractLoadPlanBuildingAssociationVisitationStrategy - &gt;&gt; Starting attribute Attribute(name=price, type=double [non-identifier])
10:21:01.605 [] [] [main] TRACE o.h.l.p.b.i.AbstractLoadPlanBuildingAssociationVisitationStrategy - &lt;&lt; Finishing up attribute : Attribute(name=price, type=double [non-identifier])
10:21:01.605 [] [] [main] DEBUG o.h.p.w.spi.MetamodelGraphWalker - Visiting attribute path : proDate
10:21:01.606 [] [] [main] TRACE o.h.l.p.b.i.AbstractLoadPlanBuildingAssociationVisitationStrategy - &gt;&gt; Starting attribute Attribute(name=proDate, type=timestamp [non-identifier])
10:21:01.606 [] [] [main] TRACE o.h.l.p.b.i.AbstractLoadPlanBuildingAssociationVisitationStrategy - &lt;&lt; Finishing up attribute : Attribute(name=proDate, type=timestamp [non-identifier])
10:21:01.606 [] [] [main] DEBUG o.h.p.w.spi.MetamodelGraphWalker - Visiting attribute path : productName
10:21:01.606 [] [] [main] TRACE o.h.l.p.b.i.AbstractLoadPlanBuildingAssociationVisitationStrategy - &gt;&gt; Starting attribute Attribute(name=productName, type=string [non-identifier])
10:21:01.606 [] [] [main] TRACE o.h.l.p.b.i.AbstractLoadPlanBuildingAssociationVisitationStrategy - &lt;&lt; Finishing up attribute : Attribute(name=productName, type=string [non-identifier])
10:21:01.606 [] [] [main] DEBUG o.h.p.w.spi.MetamodelGraphWalker - Visiting attribute path : productNum
10:21:01.606 [] [] [main] TRACE o.h.l.p.b.i.AbstractLoadPlanBuildingAssociationVisitationStrategy - &gt;&gt; Starting attribute Attribute(name=productNum, type=big_integer [non-identifier])
10:21:01.606 [] [] [main] TRACE o.h.l.p.b.i.AbstractLoadPlanBuildingAssociationVisitationStrategy - &lt;&lt; Finishing up attribute : Attribute(name=productNum, type=big_integer [non-identifier])
10:21:01.606 [] [] [main] DEBUG o.h.p.w.spi.MetamodelGraphWalker - Visiting attribute path : supplier
10:21:01.606 [] [] [main] TRACE o.h.l.p.b.i.AbstractLoadPlanBuildingAssociationVisitationStrategy - &gt;&gt; Starting attribute Attribute(name=supplier, type=string [non-identifier])
10:21:01.606 [] [] [main] TRACE o.h.l.p.b.i.AbstractLoadPlanBuildingAssociationVisitationStrategy - &lt;&lt; Finishing up attribute : Attribute(name=supplier, type=string [non-identifier])
10:21:01.606 [] [] [main] DEBUG o.h.p.w.spi.MetamodelGraphWalker - Visiting attribute path : ts
10:21:01.606 [] [] [main] TRACE o.h.l.p.b.i.AbstractLoadPlanBuildingAssociationVisitationStrategy - &gt;&gt; Starting attribute Attribute(name=ts, type=timestamp [non-identifier])
10:21:01.606 [] [] [main] TRACE o.h.l.p.b.i.AbstractLoadPlanBuildingAssociationVisitationStrategy - &lt;&lt; Finishing up attribute : Attribute(name=ts, type=timestamp [non-identifier])
10:21:01.606 [] [] [main] TRACE o.h.l.p.b.i.AbstractLoadPlanBuildingAssociationVisitationStrategy - Popped fetch owner from stack : org.hibernate.loader.plan.build.internal.returns.EntityReturnImpl@ed0dcc
10:21:01.606 [] [] [main] TRACE o.h.l.p.b.i.AbstractLoadPlanBuildingAssociationVisitationStrategy -  Finished root entity : com.yonyou.iuap.example.entity.GoodJpaDemo
10:21:01.606 [] [] [main] DEBUG o.h.l.p.b.i.FetchStyleLoadPlanBuildingAssociationVisitationStrategy - Building LoadPlan...
10:21:01.606 [] [] [main] DEBUG o.h.l.p.e.i.LoadQueryJoinAndFetchProcessor - processing queryspace &lt;gen:0&gt;
10:21:01.606 [] [] [main] DEBUG o.h.l.p.b.spi.LoadPlanTreePrinter - LoadPlan(entity=com.yonyou.iuap.example.entity.GoodJpaDemo)
    - Returns
       - EntityReturnImpl(entity=com.yonyou.iuap.example.entity.GoodJpaDemo, querySpaceUid=&lt;gen:0&gt;, path=com.yonyou.iuap.example.entity.GoodJpaDemo)
    - QuerySpaces
       - EntityQuerySpaceImpl(uid=&lt;gen:0&gt;, entity=com.yonyou.iuap.example.entity.GoodJpaDemo)
          - SQL table alias mapping - goodjpadem0_
          - alias suffix - 0_
          - suffixed key columns - {producti1_0_0_}

10:21:01.606 [] [] [main] DEBUG o.h.loader.entity.plan.EntityLoader - Static select for entity com.yonyou.iuap.example.entity.GoodJpaDemo [PESSIMISTIC_READ]: select goodjpadem0_.productid as producti1_0_0_, goodjpadem0_.orgin as orgin2_0_0_, goodjpadem0_.price as price3_0_0_, goodjpadem0_.proDate as proDate4_0_0_, goodjpadem0_.productname as productn5_0_0_, goodjpadem0_.productnum as productn6_0_0_, goodjpadem0_.supplier as supplier7_0_0_, goodjpadem0_.ts as ts8_0_0_ from good_demo goodjpadem0_ where goodjpadem0_.productid=? lock in share mode
10:21:01.606 [] [] [main] TRACE o.h.l.p.b.i.AbstractLoadPlanBuildingAssociationVisitationStrategy -  Starting root entity : com.yonyou.iuap.example.entity.GoodJpaDemo
10:21:01.607 [] [] [main] DEBUG o.h.l.p.b.i.spaces.QuerySpacesImpl - Adding QuerySpace : uid = &lt;gen:0&gt; -&gt; org.hibernate.loader.plan.build.internal.spaces.EntityQuerySpaceImpl@124fcc4]
10:21:01.607 [] [] [main] TRACE o.h.l.p.b.i.AbstractLoadPlanBuildingAssociationVisitationStrategy - Pushing fetch source to stack : org.hibernate.loader.plan.build.internal.returns.EntityReturnImpl@14eb6ce
10:21:01.607 [] [] [main] TRACE o.h.l.p.b.i.AbstractLoadPlanBuildingAssociationVisitationStrategy - .. Registering AssociationKey : AssociationKey(table=good_demo, columns={productid}) -&gt; org.hibernate.loader.plan.build.internal.returns.EntityReturnImpl@14eb6ce
10:21:01.607 [] [] [main] TRACE o.h.l.p.b.i.AbstractLoadPlanBuildingAssociationVisitationStrategy - &gt;&gt; Starting entity identifier : com.yonyou.iuap.example.entity.GoodJpaDemo
10:21:01.607 [] [] [main] DEBUG o.h.p.w.spi.MetamodelGraphWalker - Visiting attribute path : orgin
10:21:01.607 [] [] [main] TRACE o.h.l.p.b.i.AbstractLoadPlanBuildingAssociationVisitationStrategy - &gt;&gt; Starting attribute Attribute(name=orgin, type=string [non-identifier])
10:21:01.607 [] [] [main] TRACE o.h.l.p.b.i.AbstractLoadPlanBuildingAssociationVisitationStrategy - &lt;&lt; Finishing up attribute : Attribute(name=orgin, type=string [non-identifier])
10:21:01.607 [] [] [main] DEBUG o.h.p.w.spi.MetamodelGraphWalker - Visiting attribute path : price
10:21:01.607 [] [] [main] TRACE o.h.l.p.b.i.AbstractLoadPlanBuildingAssociationVisitationStrategy - &gt;&gt; Starting attribute Attribute(name=price, type=double [non-identifier])
10:21:01.607 [] [] [main] TRACE o.h.l.p.b.i.AbstractLoadPlanBuildingAssociationVisitationStrategy - &lt;&lt; Finishing up attribute : Attribute(name=price, type=double [non-identifier])
10:21:01.607 [] [] [main] DEBUG o.h.p.w.spi.MetamodelGraphWalker - Visiting attribute path : proDate
10:21:01.607 [] [] [main] TRACE o.h.l.p.b.i.AbstractLoadPlanBuildingAssociationVisitationStrategy - &gt;&gt; Starting attribute Attribute(name=proDate, type=timestamp [non-identifier])
10:21:01.607 [] [] [main] TRACE o.h.l.p.b.i.AbstractLoadPlanBuildingAssociationVisitationStrategy - &lt;&lt; Finishing up attribute : Attribute(name=proDate, type=timestamp [non-identifier])
10:21:01.607 [] [] [main] DEBUG o.h.p.w.spi.MetamodelGraphWalker - Visiting attribute path : productName
10:21:01.607 [] [] [main] TRACE o.h.l.p.b.i.AbstractLoadPlanBuildingAssociationVisitationStrategy - &gt;&gt; Starting attribute Attribute(name=productName, type=string [non-identifier])
10:21:01.607 [] [] [main] TRACE o.h.l.p.b.i.AbstractLoadPlanBuildingAssociationVisitationStrategy - &lt;&lt; Finishing up attribute : Attribute(name=productName, type=string [non-identifier])
10:21:01.607 [] [] [main] DEBUG o.h.p.w.spi.MetamodelGraphWalker - Visiting attribute path : productNum
10:21:01.607 [] [] [main] TRACE o.h.l.p.b.i.AbstractLoadPlanBuildingAssociationVisitationStrategy - &gt;&gt; Starting attribute Attribute(name=productNum, type=big_integer [non-identifier])
10:21:01.607 [] [] [main] TRACE o.h.l.p.b.i.AbstractLoadPlanBuildingAssociationVisitationStrategy - &lt;&lt; Finishing up attribute : Attribute(name=productNum, type=big_integer [non-identifier])
10:21:01.607 [] [] [main] DEBUG o.h.p.w.spi.MetamodelGraphWalker - Visiting attribute path : supplier
10:21:01.607 [] [] [main] TRACE o.h.l.p.b.i.AbstractLoadPlanBuildingAssociationVisitationStrategy - &gt;&gt; Starting attribute Attribute(name=supplier, type=string [non-identifier])
10:21:01.607 [] [] [main] TRACE o.h.l.p.b.i.AbstractLoadPlanBuildingAssociationVisitationStrategy - &lt;&lt; Finishing up attribute : Attribute(name=supplier, type=string [non-identifier])
10:21:01.608 [] [] [main] DEBUG o.h.p.w.spi.MetamodelGraphWalker - Visiting attribute path : ts
10:21:01.608 [] [] [main] TRACE o.h.l.p.b.i.AbstractLoadPlanBuildingAssociationVisitationStrategy - &gt;&gt; Starting attribute Attribute(name=ts, type=timestamp [non-identifier])
10:21:01.608 [] [] [main] TRACE o.h.l.p.b.i.AbstractLoadPlanBuildingAssociationVisitationStrategy - &lt;&lt; Finishing up attribute : Attribute(name=ts, type=timestamp [non-identifier])
10:21:01.608 [] [] [main] TRACE o.h.l.p.b.i.AbstractLoadPlanBuildingAssociationVisitationStrategy - Popped fetch owner from stack : org.hibernate.loader.plan.build.internal.returns.EntityReturnImpl@14eb6ce
10:21:01.608 [] [] [main] TRACE o.h.l.p.b.i.AbstractLoadPlanBuildingAssociationVisitationStrategy -  Finished root entity : com.yonyou.iuap.example.entity.GoodJpaDemo
10:21:01.608 [] [] [main] DEBUG o.h.l.p.b.i.FetchStyleLoadPlanBuildingAssociationVisitationStrategy - Building LoadPlan...
10:21:01.608 [] [] [main] DEBUG o.h.l.p.e.i.LoadQueryJoinAndFetchProcessor - processing queryspace &lt;gen:0&gt;
10:21:01.608 [] [] [main] DEBUG o.h.l.p.b.spi.LoadPlanTreePrinter - LoadPlan(entity=com.yonyou.iuap.example.entity.GoodJpaDemo)
    - Returns
       - EntityReturnImpl(entity=com.yonyou.iuap.example.entity.GoodJpaDemo, querySpaceUid=&lt;gen:0&gt;, path=com.yonyou.iuap.example.entity.GoodJpaDemo)
    - QuerySpaces
       - EntityQuerySpaceImpl(uid=&lt;gen:0&gt;, entity=com.yonyou.iuap.example.entity.GoodJpaDemo)
          - SQL table alias mapping - goodjpadem0_
          - alias suffix - 0_
          - suffixed key columns - {producti1_0_0_}

10:21:01.608 [] [] [main] DEBUG o.h.loader.entity.plan.EntityLoader - Static select for entity com.yonyou.iuap.example.entity.GoodJpaDemo [PESSIMISTIC_WRITE]: select goodjpadem0_.productid as producti1_0_0_, goodjpadem0_.orgin as orgin2_0_0_, goodjpadem0_.price as price3_0_0_, goodjpadem0_.proDate as proDate4_0_0_, goodjpadem0_.productname as productn5_0_0_, goodjpadem0_.productnum as productn6_0_0_, goodjpadem0_.supplier as supplier7_0_0_, goodjpadem0_.ts as ts8_0_0_ from good_demo goodjpadem0_ where goodjpadem0_.productid=? for update
10:21:01.608 [] [] [main] TRACE o.h.l.p.b.i.AbstractLoadPlanBuildingAssociationVisitationStrategy -  Starting root entity : com.yonyou.iuap.example.entity.GoodJpaDemo
10:21:01.608 [] [] [main] DEBUG o.h.l.p.b.i.spaces.QuerySpacesImpl - Adding QuerySpace : uid = &lt;gen:0&gt; -&gt; org.hibernate.loader.plan.build.internal.spaces.EntityQuerySpaceImpl@c3c35e]
10:21:01.608 [] [] [main] TRACE o.h.l.p.b.i.AbstractLoadPlanBuildingAssociationVisitationStrategy - Pushing fetch source to stack : org.hibernate.loader.plan.build.internal.returns.EntityReturnImpl@4f81f3
10:21:01.608 [] [] [main] TRACE o.h.l.p.b.i.AbstractLoadPlanBuildingAssociationVisitationStrategy - .. Registering AssociationKey : AssociationKey(table=good_demo, columns={productid}) -&gt; org.hibernate.loader.plan.build.internal.returns.EntityReturnImpl@4f81f3
10:21:01.608 [] [] [main] TRACE o.h.l.p.b.i.AbstractLoadPlanBuildingAssociationVisitationStrategy - &gt;&gt; Starting entity identifier : com.yonyou.iuap.example.entity.GoodJpaDemo
10:21:01.608 [] [] [main] DEBUG o.h.p.w.spi.MetamodelGraphWalker - Visiting attribute path : orgin
10:21:01.608 [] [] [main] TRACE o.h.l.p.b.i.AbstractLoadPlanBuildingAssociationVisitationStrategy - &gt;&gt; Starting attribute Attribute(name=orgin, type=string [non-identifier])
10:21:01.608 [] [] [main] TRACE o.h.l.p.b.i.AbstractLoadPlanBuildingAssociationVisitationStrategy - &lt;&lt; Finishing up attribute : Attribute(name=orgin, type=string [non-identifier])
10:21:01.609 [] [] [main] DEBUG o.h.p.w.spi.MetamodelGraphWalker - Visiting attribute path : price
10:21:01.609 [] [] [main] TRACE o.h.l.p.b.i.AbstractLoadPlanBuildingAssociationVisitationStrategy - &gt;&gt; Starting attribute Attribute(name=price, type=double [non-identifier])
10:21:01.609 [] [] [main] TRACE o.h.l.p.b.i.AbstractLoadPlanBuildingAssociationVisitationStrategy - &lt;&lt; Finishing up attribute : Attribute(name=price, type=double [non-identifier])
10:21:01.609 [] [] [main] DEBUG o.h.p.w.spi.MetamodelGraphWalker - Visiting attribute path : proDate
10:21:01.609 [] [] [main] TRACE o.h.l.p.b.i.AbstractLoadPlanBuildingAssociationVisitationStrategy - &gt;&gt; Starting attribute Attribute(name=proDate, type=timestamp [non-identifier])
10:21:01.609 [] [] [main] TRACE o.h.l.p.b.i.AbstractLoadPlanBuildingAssociationVisitationStrategy - &lt;&lt; Finishing up attribute : Attribute(name=proDate, type=timestamp [non-identifier])
10:21:01.609 [] [] [main] DEBUG o.h.p.w.spi.MetamodelGraphWalker - Visiting attribute path : productName
10:21:01.609 [] [] [main] TRACE o.h.l.p.b.i.AbstractLoadPlanBuildingAssociationVisitationStrategy - &gt;&gt; Starting attribute Attribute(name=productName, type=string [non-identifier])
10:21:01.609 [] [] [main] TRACE o.h.l.p.b.i.AbstractLoadPlanBuildingAssociationVisitationStrategy - &lt;&lt; Finishing up attribute : Attribute(name=productName, type=string [non-identifier])
10:21:01.609 [] [] [main] DEBUG o.h.p.w.spi.MetamodelGraphWalker - Visiting attribute path : productNum
10:21:01.609 [] [] [main] TRACE o.h.l.p.b.i.AbstractLoadPlanBuildingAssociationVisitationStrategy - &gt;&gt; Starting attribute Attribute(name=productNum, type=big_integer [non-identifier])
10:21:01.609 [] [] [main] TRACE o.h.l.p.b.i.AbstractLoadPlanBuildingAssociationVisitationStrategy - &lt;&lt; Finishing up attribute : Attribute(name=productNum, type=big_integer [non-identifier])
10:21:01.609 [] [] [main] DEBUG o.h.p.w.spi.MetamodelGraphWalker - Visiting attribute path : supplier
10:21:01.609 [] [] [main] TRACE o.h.l.p.b.i.AbstractLoadPlanBuildingAssociationVisitationStrategy - &gt;&gt; Starting attribute Attribute(name=supplier, type=string [non-identifier])
10:21:01.609 [] [] [main] TRACE o.h.l.p.b.i.AbstractLoadPlanBuildingAssociationVisitationStrategy - &lt;&lt; Finishing up attribute : Attribute(name=supplier, type=string [non-identifier])
10:21:01.609 [] [] [main] DEBUG o.h.p.w.spi.MetamodelGraphWalker - Visiting attribute path : ts
10:21:01.609 [] [] [main] TRACE o.h.l.p.b.i.AbstractLoadPlanBuildingAssociationVisitationStrategy - &gt;&gt; Starting attribute Attribute(name=ts, type=timestamp [non-identifier])
10:21:01.609 [] [] [main] TRACE o.h.l.p.b.i.AbstractLoadPlanBuildingAssociationVisitationStrategy - &lt;&lt; Finishing up attribute : Attribute(name=ts, type=timestamp [non-identifier])
10:21:01.609 [] [] [main] TRACE o.h.l.p.b.i.AbstractLoadPlanBuildingAssociationVisitationStrategy - Popped fetch owner from stack : org.hibernate.loader.plan.build.internal.returns.EntityReturnImpl@4f81f3
10:21:01.609 [] [] [main] TRACE o.h.l.p.b.i.AbstractLoadPlanBuildingAssociationVisitationStrategy -  Finished root entity : com.yonyou.iuap.example.entity.GoodJpaDemo
10:21:01.609 [] [] [main] DEBUG o.h.l.p.b.i.FetchStyleLoadPlanBuildingAssociationVisitationStrategy - Building LoadPlan...
10:21:01.609 [] [] [main] DEBUG o.h.l.p.e.i.LoadQueryJoinAndFetchProcessor - processing queryspace &lt;gen:0&gt;
10:21:01.609 [] [] [main] DEBUG o.h.l.p.b.spi.LoadPlanTreePrinter - LoadPlan(entity=com.yonyou.iuap.example.entity.GoodJpaDemo)
    - Returns
       - EntityReturnImpl(entity=com.yonyou.iuap.example.entity.GoodJpaDemo, querySpaceUid=&lt;gen:0&gt;, path=com.yonyou.iuap.example.entity.GoodJpaDemo)
    - QuerySpaces
       - EntityQuerySpaceImpl(uid=&lt;gen:0&gt;, entity=com.yonyou.iuap.example.entity.GoodJpaDemo)
          - SQL table alias mapping - goodjpadem0_
          - alias suffix - 0_
          - suffixed key columns - {producti1_0_0_}

10:21:01.610 [] [] [main] DEBUG o.h.loader.entity.plan.EntityLoader - Static select for entity com.yonyou.iuap.example.entity.GoodJpaDemo [PESSIMISTIC_FORCE_INCREMENT]: select goodjpadem0_.productid as producti1_0_0_, goodjpadem0_.orgin as orgin2_0_0_, goodjpadem0_.price as price3_0_0_, goodjpadem0_.proDate as proDate4_0_0_, goodjpadem0_.productname as productn5_0_0_, goodjpadem0_.productnum as productn6_0_0_, goodjpadem0_.supplier as supplier7_0_0_, goodjpadem0_.ts as ts8_0_0_ from good_demo goodjpadem0_ where goodjpadem0_.productid=? for update
10:21:01.610 [] [] [main] TRACE o.h.l.p.b.i.AbstractLoadPlanBuildingAssociationVisitationStrategy -  Starting root entity : com.yonyou.iuap.example.entity.GoodJpaDemo
10:21:01.610 [] [] [main] DEBUG o.h.l.p.b.i.spaces.QuerySpacesImpl - Adding QuerySpace : uid = &lt;gen:0&gt; -&gt; org.hibernate.loader.plan.build.internal.spaces.EntityQuerySpaceImpl@1dca3c3]
10:21:01.610 [] [] [main] TRACE o.h.l.p.b.i.AbstractLoadPlanBuildingAssociationVisitationStrategy - Pushing fetch source to stack : org.hibernate.loader.plan.build.internal.returns.EntityReturnImpl@836fc1
10:21:01.610 [] [] [main] TRACE o.h.l.p.b.i.AbstractLoadPlanBuildingAssociationVisitationStrategy - .. Registering AssociationKey : AssociationKey(table=good_demo, columns={productid}) -&gt; org.hibernate.loader.plan.build.internal.returns.EntityReturnImpl@836fc1
10:21:01.610 [] [] [main] TRACE o.h.l.p.b.i.AbstractLoadPlanBuildingAssociationVisitationStrategy - &gt;&gt; Starting entity identifier : com.yonyou.iuap.example.entity.GoodJpaDemo
10:21:01.610 [] [] [main] DEBUG o.h.p.w.spi.MetamodelGraphWalker - Visiting attribute path : orgin
10:21:01.610 [] [] [main] TRACE o.h.l.p.b.i.AbstractLoadPlanBuildingAssociationVisitationStrategy - &gt;&gt; Starting attribute Attribute(name=orgin, type=string [non-identifier])
10:21:01.610 [] [] [main] TRACE o.h.l.p.b.i.AbstractLoadPlanBuildingAssociationVisitationStrategy - &lt;&lt; Finishing up attribute : Attribute(name=orgin, type=string [non-identifier])
10:21:01.610 [] [] [main] DEBUG o.h.p.w.spi.MetamodelGraphWalker - Visiting attribute path : price
10:21:01.610 [] [] [main] TRACE o.h.l.p.b.i.AbstractLoadPlanBuildingAssociationVisitationStrategy - &gt;&gt; Starting attribute Attribute(name=price, type=double [non-identifier])
10:21:01.610 [] [] [main] TRACE o.h.l.p.b.i.AbstractLoadPlanBuildingAssociationVisitationStrategy - &lt;&lt; Finishing up attribute : Attribute(name=price, type=double [non-identifier])
10:21:01.610 [] [] [main] DEBUG o.h.p.w.spi.MetamodelGraphWalker - Visiting attribute path : proDate
10:21:01.610 [] [] [main] TRACE o.h.l.p.b.i.AbstractLoadPlanBuildingAssociationVisitationStrategy - &gt;&gt; Starting attribute Attribute(name=proDate, type=timestamp [non-identifier])
10:21:01.610 [] [] [main] TRACE o.h.l.p.b.i.AbstractLoadPlanBuildingAssociationVisitationStrategy - &lt;&lt; Finishing up attribute : Attribute(name=proDate, type=timestamp [non-identifier])
10:21:01.610 [] [] [main] DEBUG o.h.p.w.spi.MetamodelGraphWalker - Visiting attribute path : productName
10:21:01.610 [] [] [main] TRACE o.h.l.p.b.i.AbstractLoadPlanBuildingAssociationVisitationStrategy - &gt;&gt; Starting attribute Attribute(name=productName, type=string [non-identifier])
10:21:01.610 [] [] [main] TRACE o.h.l.p.b.i.AbstractLoadPlanBuildingAssociationVisitationStrategy - &lt;&lt; Finishing up attribute : Attribute(name=productName, type=string [non-identifier])
10:21:01.610 [] [] [main] DEBUG o.h.p.w.spi.MetamodelGraphWalker - Visiting attribute path : productNum
10:21:01.610 [] [] [main] TRACE o.h.l.p.b.i.AbstractLoadPlanBuildingAssociationVisitationStrategy - &gt;&gt; Starting attribute Attribute(name=productNum, type=big_integer [non-identifier])
10:21:01.610 [] [] [main] TRACE o.h.l.p.b.i.AbstractLoadPlanBuildingAssociationVisitationStrategy - &lt;&lt; Finishing up attribute : Attribute(name=productNum, type=big_integer [non-identifier])
10:21:01.610 [] [] [main] DEBUG o.h.p.w.spi.MetamodelGraphWalker - Visiting attribute path : supplier
10:21:01.610 [] [] [main] TRACE o.h.l.p.b.i.AbstractLoadPlanBuildingAssociationVisitationStrategy - &gt;&gt; Starting attribute Attribute(name=supplier, type=string [non-identifier])
10:21:01.610 [] [] [main] TRACE o.h.l.p.b.i.AbstractLoadPlanBuildingAssociationVisitationStrategy - &lt;&lt; Finishing up attribute : Attribute(name=supplier, type=string [non-identifier])
10:21:01.610 [] [] [main] DEBUG o.h.p.w.spi.MetamodelGraphWalker - Visiting attribute path : ts
10:21:01.610 [] [] [main] TRACE o.h.l.p.b.i.AbstractLoadPlanBuildingAssociationVisitationStrategy - &gt;&gt; Starting attribute Attribute(name=ts, type=timestamp [non-identifier])
10:21:01.610 [] [] [main] TRACE o.h.l.p.b.i.AbstractLoadPlanBuildingAssociationVisitationStrategy - &lt;&lt; Finishing up attribute : Attribute(name=ts, type=timestamp [non-identifier])
10:21:01.611 [] [] [main] TRACE o.h.l.p.b.i.AbstractLoadPlanBuildingAssociationVisitationStrategy - Popped fetch owner from stack : org.hibernate.loader.plan.build.internal.returns.EntityReturnImpl@836fc1
10:21:01.611 [] [] [main] TRACE o.h.l.p.b.i.AbstractLoadPlanBuildingAssociationVisitationStrategy -  Finished root entity : com.yonyou.iuap.example.entity.GoodJpaDemo
10:21:01.611 [] [] [main] DEBUG o.h.l.p.b.i.FetchStyleLoadPlanBuildingAssociationVisitationStrategy - Building LoadPlan...
10:21:01.611 [] [] [main] DEBUG o.h.l.p.e.i.LoadQueryJoinAndFetchProcessor - processing queryspace &lt;gen:0&gt;
10:21:01.611 [] [] [main] DEBUG o.h.l.p.b.spi.LoadPlanTreePrinter - LoadPlan(entity=com.yonyou.iuap.example.entity.GoodJpaDemo)
    - Returns
       - EntityReturnImpl(entity=com.yonyou.iuap.example.entity.GoodJpaDemo, querySpaceUid=&lt;gen:0&gt;, path=com.yonyou.iuap.example.entity.GoodJpaDemo)
    - QuerySpaces
       - EntityQuerySpaceImpl(uid=&lt;gen:0&gt;, entity=com.yonyou.iuap.example.entity.GoodJpaDemo)
          - SQL table alias mapping - goodjpadem0_
          - alias suffix - 0_
          - suffixed key columns - {producti1_0_0_}

10:21:01.611 [] [] [main] DEBUG o.h.loader.entity.plan.EntityLoader - Static select for entity com.yonyou.iuap.example.entity.GoodJpaDemo [OPTIMISTIC]: select goodjpadem0_.productid as producti1_0_0_, goodjpadem0_.orgin as orgin2_0_0_, goodjpadem0_.price as price3_0_0_, goodjpadem0_.proDate as proDate4_0_0_, goodjpadem0_.productname as productn5_0_0_, goodjpadem0_.productnum as productn6_0_0_, goodjpadem0_.supplier as supplier7_0_0_, goodjpadem0_.ts as ts8_0_0_ from good_demo goodjpadem0_ where goodjpadem0_.productid=?
10:21:01.611 [] [] [main] TRACE o.h.l.p.b.i.AbstractLoadPlanBuildingAssociationVisitationStrategy -  Starting root entity : com.yonyou.iuap.example.entity.GoodJpaDemo
10:21:01.611 [] [] [main] DEBUG o.h.l.p.b.i.spaces.QuerySpacesImpl - Adding QuerySpace : uid = &lt;gen:0&gt; -&gt; org.hibernate.loader.plan.build.internal.spaces.EntityQuerySpaceImpl@11e07f7]
10:21:01.611 [] [] [main] TRACE o.h.l.p.b.i.AbstractLoadPlanBuildingAssociationVisitationStrategy - Pushing fetch source to stack : org.hibernate.loader.plan.build.internal.returns.EntityReturnImpl@9cfd31
10:21:01.611 [] [] [main] TRACE o.h.l.p.b.i.AbstractLoadPlanBuildingAssociationVisitationStrategy - .. Registering AssociationKey : AssociationKey(table=good_demo, columns={productid}) -&gt; org.hibernate.loader.plan.build.internal.returns.EntityReturnImpl@9cfd31
10:21:01.611 [] [] [main] TRACE o.h.l.p.b.i.AbstractLoadPlanBuildingAssociationVisitationStrategy - &gt;&gt; Starting entity identifier : com.yonyou.iuap.example.entity.GoodJpaDemo
10:21:01.611 [] [] [main] DEBUG o.h.p.w.spi.MetamodelGraphWalker - Visiting attribute path : orgin
10:21:01.611 [] [] [main] TRACE o.h.l.p.b.i.AbstractLoadPlanBuildingAssociationVisitationStrategy - &gt;&gt; Starting attribute Attribute(name=orgin, type=string [non-identifier])
10:21:01.611 [] [] [main] TRACE o.h.l.p.b.i.AbstractLoadPlanBuildingAssociationVisitationStrategy - &lt;&lt; Finishing up attribute : Attribute(name=orgin, type=string [non-identifier])
10:21:01.611 [] [] [main] DEBUG o.h.p.w.spi.MetamodelGraphWalker - Visiting attribute path : price
10:21:01.611 [] [] [main] TRACE o.h.l.p.b.i.AbstractLoadPlanBuildingAssociationVisitationStrategy - &gt;&gt; Starting attribute Attribute(name=price, type=double [non-identifier])
10:21:01.611 [] [] [main] TRACE o.h.l.p.b.i.AbstractLoadPlanBuildingAssociationVisitationStrategy - &lt;&lt; Finishing up attribute : Attribute(name=price, type=double [non-identifier])
10:21:01.611 [] [] [main] DEBUG o.h.p.w.spi.MetamodelGraphWalker - Visiting attribute path : proDate
10:21:01.611 [] [] [main] TRACE o.h.l.p.b.i.AbstractLoadPlanBuildingAssociationVisitationStrategy - &gt;&gt; Starting attribute Attribute(name=proDate, type=timestamp [non-identifier])
10:21:01.611 [] [] [main] TRACE o.h.l.p.b.i.AbstractLoadPlanBuildingAssociationVisitationStrategy - &lt;&lt; Finishing up attribute : Attribute(name=proDate, type=timestamp [non-identifier])
10:21:01.611 [] [] [main] DEBUG o.h.p.w.spi.MetamodelGraphWalker - Visiting attribute path : productName
10:21:01.611 [] [] [main] TRACE o.h.l.p.b.i.AbstractLoadPlanBuildingAssociationVisitationStrategy - &gt;&gt; Starting attribute Attribute(name=productName, type=string [non-identifier])
10:21:01.611 [] [] [main] TRACE o.h.l.p.b.i.AbstractLoadPlanBuildingAssociationVisitationStrategy - &lt;&lt; Finishing up attribute : Attribute(name=productName, type=string [non-identifier])
10:21:01.611 [] [] [main] DEBUG o.h.p.w.spi.MetamodelGraphWalker - Visiting attribute path : productNum
10:21:01.612 [] [] [main] TRACE o.h.l.p.b.i.AbstractLoadPlanBuildingAssociationVisitationStrategy - &gt;&gt; Starting attribute Attribute(name=productNum, type=big_integer [non-identifier])
10:21:01.612 [] [] [main] TRACE o.h.l.p.b.i.AbstractLoadPlanBuildingAssociationVisitationStrategy - &lt;&lt; Finishing up attribute : Attribute(name=productNum, type=big_integer [non-identifier])
10:21:01.612 [] [] [main] DEBUG o.h.p.w.spi.MetamodelGraphWalker - Visiting attribute path : supplier
10:21:01.612 [] [] [main] TRACE o.h.l.p.b.i.AbstractLoadPlanBuildingAssociationVisitationStrategy - &gt;&gt; Starting attribute Attribute(name=supplier, type=string [non-identifier])
10:21:01.612 [] [] [main] TRACE o.h.l.p.b.i.AbstractLoadPlanBuildingAssociationVisitationStrategy - &lt;&lt; Finishing up attribute : Attribute(name=supplier, type=string [non-identifier])
10:21:01.612 [] [] [main] DEBUG o.h.p.w.spi.MetamodelGraphWalker - Visiting attribute path : ts
10:21:01.612 [] [] [main] TRACE o.h.l.p.b.i.AbstractLoadPlanBuildingAssociationVisitationStrategy - &gt;&gt; Starting attribute Attribute(name=ts, type=timestamp [non-identifier])
10:21:01.612 [] [] [main] TRACE o.h.l.p.b.i.AbstractLoadPlanBuildingAssociationVisitationStrategy - &lt;&lt; Finishing up attribute : Attribute(name=ts, type=timestamp [non-identifier])
10:21:01.612 [] [] [main] TRACE o.h.l.p.b.i.AbstractLoadPlanBuildingAssociationVisitationStrategy - Popped fetch owner from stack : org.hibernate.loader.plan.build.internal.returns.EntityReturnImpl@9cfd31
10:21:01.612 [] [] [main] TRACE o.h.l.p.b.i.AbstractLoadPlanBuildingAssociationVisitationStrategy -  Finished root entity : com.yonyou.iuap.example.entity.GoodJpaDemo
10:21:01.612 [] [] [main] DEBUG o.h.l.p.b.i.FetchStyleLoadPlanBuildingAssociationVisitationStrategy - Building LoadPlan...
10:21:01.612 [] [] [main] DEBUG o.h.l.p.e.i.LoadQueryJoinAndFetchProcessor - processing queryspace &lt;gen:0&gt;
10:21:01.612 [] [] [main] DEBUG o.h.l.p.b.spi.LoadPlanTreePrinter - LoadPlan(entity=com.yonyou.iuap.example.entity.GoodJpaDemo)
    - Returns
       - EntityReturnImpl(entity=com.yonyou.iuap.example.entity.GoodJpaDemo, querySpaceUid=&lt;gen:0&gt;, path=com.yonyou.iuap.example.entity.GoodJpaDemo)
    - QuerySpaces
       - EntityQuerySpaceImpl(uid=&lt;gen:0&gt;, entity=com.yonyou.iuap.example.entity.GoodJpaDemo)
          - SQL table alias mapping - goodjpadem0_
          - alias suffix - 0_
          - suffixed key columns - {producti1_0_0_}

10:21:01.613 [] [] [main] DEBUG o.h.loader.entity.plan.EntityLoader - Static select for entity com.yonyou.iuap.example.entity.GoodJpaDemo [OPTIMISTIC_FORCE_INCREMENT]: select goodjpadem0_.productid as producti1_0_0_, goodjpadem0_.orgin as orgin2_0_0_, goodjpadem0_.price as price3_0_0_, goodjpadem0_.proDate as proDate4_0_0_, goodjpadem0_.productname as productn5_0_0_, goodjpadem0_.productnum as productn6_0_0_, goodjpadem0_.supplier as supplier7_0_0_, goodjpadem0_.ts as ts8_0_0_ from good_demo goodjpadem0_ where goodjpadem0_.productid=?
10:21:01.613 [] [] [main] DEBUG org.hibernate.loader.Loader - Static select for action ACTION_MERGE on entity com.yonyou.iuap.example.entity.GoodJpaDemo: select goodjpadem0_.productid as producti1_0_0_, goodjpadem0_.orgin as orgin2_0_0_, goodjpadem0_.price as price3_0_0_, goodjpadem0_.proDate as proDate4_0_0_, goodjpadem0_.productname as productn5_0_0_, goodjpadem0_.productnum as productn6_0_0_, goodjpadem0_.supplier as supplier7_0_0_, goodjpadem0_.ts as ts8_0_0_ from good_demo goodjpadem0_ where goodjpadem0_.productid=?
10:21:01.613 [] [] [main] DEBUG org.hibernate.loader.Loader - Static select for action ACTION_REFRESH on entity com.yonyou.iuap.example.entity.GoodJpaDemo: select goodjpadem0_.productid as producti1_0_0_, goodjpadem0_.orgin as orgin2_0_0_, goodjpadem0_.price as price3_0_0_, goodjpadem0_.proDate as proDate4_0_0_, goodjpadem0_.productname as productn5_0_0_, goodjpadem0_.productnum as productn6_0_0_, goodjpadem0_.supplier as supplier7_0_0_, goodjpadem0_.ts as ts8_0_0_ from good_demo goodjpadem0_ where goodjpadem0_.productid=?
10:21:01.883 [] [] [main] DEBUG o.h.internal.SessionFactoryRegistry - Initializing SessionFactoryRegistry : org.hibernate.internal.SessionFactoryRegistry@16ef05f
10:21:01.883 [] [] [main] DEBUG o.h.internal.SessionFactoryRegistry - Registering SessionFactory: ba04da01-c147-406f-a532-e49fae81b42a (&lt;unnamed&gt;)
10:21:01.883 [] [] [main] DEBUG o.h.internal.SessionFactoryRegistry - Not binding SessionFactory to JNDI, no JNDI name configured
10:21:01.883 [] [] [main] DEBUG o.h.internal.SessionFactoryImpl - Instantiated session factory
10:21:01.884 [] [] [main] DEBUG o.h.internal.NamedQueryRepository - Checking 0 named HQL queries
10:21:01.884 [] [] [main] DEBUG o.h.internal.NamedQueryRepository - Checking 0 named SQL queries
10:21:01.884 [] [] [main] TRACE o.h.s.i.AbstractServiceRegistryImpl - Initializing service [role=org.hibernate.engine.config.spi.ConfigurationService]
10:21:01.886 [] [] [main] TRACE o.h.s.i.AbstractServiceRegistryImpl - Initializing service [role=org.hibernate.stat.spi.StatisticsImplementor]
10:21:01.888 [] [] [main] DEBUG o.h.s.internal.StatisticsInitiator - Statistics initialized [enabled=false]
10:21:01.890 [] [] [main] TRACE o.h.s.i.AbstractServiceRegistryImpl - Initializing service [role=org.hibernate.tool.hbm2ddl.ImportSqlCommandExtractor]
10:21:01.890 [] [] [main] DEBUG o.h.j.i.schemagen.JpaSchemaGenerator - No actions specified; doing nothing
10:21:01.908 [] [] [main] TRACE o.h.j.i.metamodel.MetadataContext - Wrapping up metadata context...
10:21:01.908 [] [] [main] TRACE o.h.j.i.metamodel.MetadataContext - Starting entity [com.yonyou.iuap.system.entity.MgrUser]
10:21:01.909 [] [] [main] TRACE o.h.j.i.metamodel.AttributeFactory - Building identifier attribute [com.yonyou.iuap.system.entity.MgrUser.id]
10:21:01.909 [] [] [main] TRACE o.h.j.i.metamodel.AttributeFactory - Starting attribute metadata determination [id]
10:21:01.909 [] [] [main] TRACE o.h.j.i.metamodel.AttributeFactory -     Determined member [public java.lang.Long com.yonyou.iuap.system.entity.MgrUser.getId()]
10:21:01.910 [] [] [main] TRACE o.h.j.i.metamodel.AttributeFactory -     Determined type [name=long, class=org.hibernate.type.LongType]
10:21:01.912 [] [] [main] TRACE o.h.j.i.metamodel.AttributeFactory - Building attribute [com.yonyou.iuap.system.entity.MgrUser.loginName]
10:21:01.912 [] [] [main] TRACE o.h.j.i.metamodel.AttributeFactory - Starting attribute metadata determination [loginName]
10:21:01.913 [] [] [main] TRACE o.h.j.i.metamodel.AttributeFactory -     Determined member [public java.lang.String com.yonyou.iuap.system.entity.MgrUser.getLoginName()]
10:21:01.913 [] [] [main] TRACE o.h.j.i.metamodel.AttributeFactory -     Determined type [name=string, class=org.hibernate.type.StringType]
10:21:01.913 [] [] [main] TRACE o.h.j.i.metamodel.AttributeFactory - Building attribute [com.yonyou.iuap.system.entity.MgrUser.name]
10:21:01.913 [] [] [main] TRACE o.h.j.i.metamodel.AttributeFactory - Starting attribute metadata determination [name]
10:21:01.913 [] [] [main] TRACE o.h.j.i.metamodel.AttributeFactory -     Determined member [public java.lang.String com.yonyou.iuap.system.entity.MgrUser.getName()]
10:21:01.913 [] [] [main] TRACE o.h.j.i.metamodel.AttributeFactory -     Determined type [name=string, class=org.hibernate.type.StringType]
10:21:01.913 [] [] [main] TRACE o.h.j.i.metamodel.AttributeFactory - Building attribute [com.yonyou.iuap.system.entity.MgrUser.password]
10:21:01.913 [] [] [main] TRACE o.h.j.i.metamodel.AttributeFactory - Starting attribute metadata determination [password]
10:21:01.913 [] [] [main] TRACE o.h.j.i.metamodel.AttributeFactory -     Determined member [public java.lang.String com.yonyou.iuap.system.entity.MgrUser.getPassword()]
10:21:01.913 [] [] [main] TRACE o.h.j.i.metamodel.AttributeFactory -     Determined type [name=string, class=org.hibernate.type.StringType]
10:21:01.913 [] [] [main] TRACE o.h.j.i.metamodel.AttributeFactory - Building attribute [com.yonyou.iuap.system.entity.MgrUser.registerDate]
10:21:01.913 [] [] [main] TRACE o.h.j.i.metamodel.AttributeFactory - Starting attribute metadata determination [registerDate]
10:21:01.913 [] [] [main] TRACE o.h.j.i.metamodel.AttributeFactory -     Determined member [public java.util.Date com.yonyou.iuap.system.entity.MgrUser.getRegisterDate()]
10:21:01.913 [] [] [main] TRACE o.h.j.i.metamodel.AttributeFactory -     Determined type [name=timestamp, class=org.hibernate.type.TimestampType]
10:21:01.913 [] [] [main] TRACE o.h.j.i.metamodel.AttributeFactory - Building attribute [com.yonyou.iuap.system.entity.MgrUser.roles]
10:21:01.913 [] [] [main] TRACE o.h.j.i.metamodel.AttributeFactory - Starting attribute metadata determination [roles]
10:21:01.913 [] [] [main] TRACE o.h.j.i.metamodel.AttributeFactory -     Determined member [public java.lang.String com.yonyou.iuap.system.entity.MgrUser.getRoles()]
10:21:01.913 [] [] [main] TRACE o.h.j.i.metamodel.AttributeFactory -     Determined type [name=string, class=org.hibernate.type.StringType]
10:21:01.913 [] [] [main] TRACE o.h.j.i.metamodel.AttributeFactory - Building attribute [com.yonyou.iuap.system.entity.MgrUser.salt]
10:21:01.913 [] [] [main] TRACE o.h.j.i.metamodel.AttributeFactory - Starting attribute metadata determination [salt]
10:21:01.913 [] [] [main] TRACE o.h.j.i.metamodel.AttributeFactory -     Determined member [public java.lang.String com.yonyou.iuap.system.entity.MgrUser.getSalt()]
10:21:01.913 [] [] [main] TRACE o.h.j.i.metamodel.AttributeFactory -     Determined type [name=string, class=org.hibernate.type.StringType]
10:21:01.913 [] [] [main] TRACE o.h.j.i.metamodel.MetadataContext - Completed entity [com.yonyou.iuap.system.entity.MgrUser]
10:21:01.913 [] [] [main] TRACE o.h.j.i.metamodel.MetadataContext - Starting entity [com.yonyou.iuap.example.entity.GoodJpaDemo]
10:21:01.913 [] [] [main] TRACE o.h.j.i.metamodel.AttributeFactory - Building identifier attribute [com.yonyou.iuap.example.entity.GoodJpaDemo.productid]
10:21:01.913 [] [] [main] TRACE o.h.j.i.metamodel.AttributeFactory - Starting attribute metadata determination [productid]
10:21:01.913 [] [] [main] TRACE o.h.j.i.metamodel.AttributeFactory -     Determined member [private java.lang.String com.yonyou.iuap.example.entity.GoodJpaDemo.productid]
10:21:01.914 [] [] [main] TRACE o.h.j.i.metamodel.AttributeFactory -     Determined type [name=string, class=org.hibernate.type.StringType]
10:21:01.914 [] [] [main] TRACE o.h.j.i.metamodel.AttributeFactory - Building attribute [com.yonyou.iuap.example.entity.GoodJpaDemo.orgin]
10:21:01.914 [] [] [main] TRACE o.h.j.i.metamodel.AttributeFactory - Starting attribute metadata determination [orgin]
10:21:01.914 [] [] [main] TRACE o.h.j.i.metamodel.AttributeFactory -     Determined member [private java.lang.String com.yonyou.iuap.example.entity.GoodJpaDemo.orgin]
10:21:01.914 [] [] [main] TRACE o.h.j.i.metamodel.AttributeFactory -     Determined type [name=string, class=org.hibernate.type.StringType]
10:21:01.914 [] [] [main] TRACE o.h.j.i.metamodel.AttributeFactory - Building attribute [com.yonyou.iuap.example.entity.GoodJpaDemo.price]
10:21:01.914 [] [] [main] TRACE o.h.j.i.metamodel.AttributeFactory - Starting attribute metadata determination [price]
10:21:01.914 [] [] [main] TRACE o.h.j.i.metamodel.AttributeFactory -     Determined member [private java.lang.Double com.yonyou.iuap.example.entity.GoodJpaDemo.price]
10:21:01.914 [] [] [main] TRACE o.h.j.i.metamodel.AttributeFactory -     Determined type [name=double, class=org.hibernate.type.DoubleType]
10:21:01.914 [] [] [main] TRACE o.h.j.i.metamodel.AttributeFactory - Building attribute [com.yonyou.iuap.example.entity.GoodJpaDemo.proDate]
10:21:01.914 [] [] [main] TRACE o.h.j.i.metamodel.AttributeFactory - Starting attribute metadata determination [proDate]
10:21:01.914 [] [] [main] TRACE o.h.j.i.metamodel.AttributeFactory -     Determined member [private java.util.Date com.yonyou.iuap.example.entity.GoodJpaDemo.proDate]
10:21:01.914 [] [] [main] TRACE o.h.j.i.metamodel.AttributeFactory -     Determined type [name=timestamp, class=org.hibernate.type.TimestampType]
10:21:01.914 [] [] [main] TRACE o.h.j.i.metamodel.AttributeFactory - Building attribute [com.yonyou.iuap.example.entity.GoodJpaDemo.productName]
10:21:01.914 [] [] [main] TRACE o.h.j.i.metamodel.AttributeFactory - Starting attribute metadata determination [productName]
10:21:01.914 [] [] [main] TRACE o.h.j.i.metamodel.AttributeFactory -     Determined member [private java.lang.String com.yonyou.iuap.example.entity.GoodJpaDemo.productName]
10:21:01.914 [] [] [main] TRACE o.h.j.i.metamodel.AttributeFactory -     Determined type [name=string, class=org.hibernate.type.StringType]
10:21:01.914 [] [] [main] TRACE o.h.j.i.metamodel.AttributeFactory - Building attribute [com.yonyou.iuap.example.entity.GoodJpaDemo.productNum]
10:21:01.914 [] [] [main] TRACE o.h.j.i.metamodel.AttributeFactory - Starting attribute metadata determination [productNum]
10:21:01.914 [] [] [main] TRACE o.h.j.i.metamodel.AttributeFactory -     Determined member [private java.math.BigInteger com.yonyou.iuap.example.entity.GoodJpaDemo.productNum]
10:21:01.914 [] [] [main] TRACE o.h.j.i.metamodel.AttributeFactory -     Determined type [name=big_integer, class=org.hibernate.type.BigIntegerType]
10:21:01.914 [] [] [main] TRACE o.h.j.i.metamodel.AttributeFactory - Building attribute [com.yonyou.iuap.example.entity.GoodJpaDemo.supplier]
10:21:01.914 [] [] [main] TRACE o.h.j.i.metamodel.AttributeFactory - Starting attribute metadata determination [supplier]
10:21:01.914 [] [] [main] TRACE o.h.j.i.metamodel.AttributeFactory -     Determined member [private java.lang.String com.yonyou.iuap.example.entity.GoodJpaDemo.supplier]
10:21:01.914 [] [] [main] TRACE o.h.j.i.metamodel.AttributeFactory -     Determined type [name=string, class=org.hibernate.type.StringType]
10:21:01.914 [] [] [main] TRACE o.h.j.i.metamodel.AttributeFactory - Building attribute [com.yonyou.iuap.example.entity.GoodJpaDemo.ts]
10:21:01.914 [] [] [main] TRACE o.h.j.i.metamodel.AttributeFactory - Starting attribute metadata determination [ts]
10:21:01.914 [] [] [main] TRACE o.h.j.i.metamodel.AttributeFactory -     Determined member [private java.sql.Timestamp com.yonyou.iuap.example.entity.GoodJpaDemo.ts]
10:21:01.914 [] [] [main] TRACE o.h.j.i.metamodel.AttributeFactory -     Determined type [name=timestamp, class=org.hibernate.type.TimestampType]
10:21:01.915 [] [] [main] TRACE o.h.j.i.metamodel.MetadataContext - Completed entity [com.yonyou.iuap.example.entity.GoodJpaDemo]
10:21:01.923 [] [] [main] DEBUG o.h.j.i.EntityManagerFactoryRegistry - Initializing EntityManagerFactoryRegistry : org.hibernate.jpa.internal.EntityManagerFactoryRegistry@109b76
10:21:01.923 [] [] [main] DEBUG o.h.j.i.EntityManagerFactoryRegistry - Registering EntityManagerFactory: default 
10:21:01.925 [] [] [main] DEBUG o.s.b.f.s.DefaultListableBeanFactory - Returning cached instance of singleton bean &apos;org.springframework.transaction.config.internalTransactionAdvisor&apos;
10:21:01.925 [] [] [main] DEBUG o.s.b.f.s.DefaultListableBeanFactory - Returning cached instance of singleton bean &apos;org.springframework.aop.support.DefaultBeanFactoryPointcutAdvisor#0&apos;
10:21:01.925 [] [] [main] DEBUG o.s.b.f.s.DefaultListableBeanFactory - Returning cached instance of singleton bean &apos;org.springframework.transaction.config.internalTransactionAdvisor&apos;
10:21:01.925 [] [] [main] DEBUG o.s.b.f.s.DefaultListableBeanFactory - Returning cached instance of singleton bean &apos;org.springframework.aop.support.DefaultBeanFactoryPointcutAdvisor#0&apos;
10:21:01.926 [] [] [main] DEBUG o.s.b.f.s.DefaultListableBeanFactory - Finished creating instance of bean &apos;entityManagerFactory&apos;
10:21:01.926 [] [] [main] DEBUG o.s.b.f.s.DefaultListableBeanFactory - Pre-instantiating singletons in org.springframework.beans.factory.support.DefaultListableBeanFactory@62867c: defining beans [propertyConfigurer,goodJdbcDemoDao,goodJdbcDemoService,goodJpaDemoService,accountService,org.springframework.context.annotation.internalConfigurationAnnotationProcessor,org.springframework.context.annotation.internalAutowiredAnnotationProcessor,org.springframework.context.annotation.internalRequiredAnnotationProcessor,org.springframework.context.annotation.internalCommonAnnotationProcessor,org.springframework.context.annotation.internalPersistenceAnnotationProcessor,redisPool,jedisTemplate,cacheManager,entityManagerFactory,hibernateJpaVendorAdapter,org.springframework.data.jpa.repository.config.JpaRepositoryConfigExtension#0,org.springframework.data.repository.core.support.RepositoryInterfaceAwareBeanPostProcessor,org.springframework.data.jpa.repository.support.EntityManagerBeanDefinitionRegistrarPostProcessor#0,jpaMapppingContext,goodJpaDemoDao,mgrUserDao,transactionManager,org.springframework.aop.config.internalAutoProxyCreator,org.springframework.transaction.annotation.AnnotationTransactionAttributeSource#0,org.springframework.transaction.interceptor.TransactionInterceptor#0,org.springframework.transaction.config.internalTransactionAdvisor,validator,dataSource,logDataSource,crossdbDataSource,crossdbJdbcTemplate,baseDAO,dcmsDAO,dcmsLogDAO,IRmIdFactory,IRmRedisIdFactory,dbMetaInfo,jdbcTemplate,transactionManagerForJdbc,txAdvice,org.springframework.aop.support.DefaultBeanFactoryPointcutAdvisor#0,statelessRealm,SpringContextUtil,subjectFactory,webTokenProcessor,maTokenProcessor,tokenFactory,sessionManager,securityManager,org.springframework.beans.factory.config.MethodInvokingFactoryBean#0,statelessAuthcFilter,logout,shiroFilter,lifecycleBeanPostProcessor,sessionJedisPool,sessionMgr,${dubbo.provider.application.name},com.alibaba.dubbo.config.RegistryConfig,${dubbo.provider.protocol.name},com.alibaba.dubbo.config.MonitorConfig,com.alibaba.dubbo.config.RegistryConfig2,com.alibaba.dubbo.config.ConsumerConfig,iApiService,org.springframework.context.annotation.ConfigurationClassPostProcessor.importAwareProcessor,org.springframework.context.annotation.ConfigurationClassPostProcessor.enhancedConfigurationProcessor,org.springframework.orm.jpa.SharedEntityManagerCreator#0]; root of factory hierarchy
10:21:01.927 [] [] [main] DEBUG o.s.b.f.s.DefaultListableBeanFactory - Returning cached instance of singleton bean &apos;org.springframework.context.annotation.internalConfigurationAnnotationProcessor&apos;
10:21:01.927 [] [] [main] DEBUG o.s.b.f.s.DefaultListableBeanFactory - Returning cached instance of singleton bean &apos;org.springframework.context.annotation.internalAutowiredAnnotationProcessor&apos;
10:21:01.927 [] [] [main] DEBUG o.s.b.f.s.DefaultListableBeanFactory - Returning cached instance of singleton bean &apos;org.springframework.context.annotation.internalRequiredAnnotationProcessor&apos;
10:21:01.927 [] [] [main] DEBUG o.s.b.f.s.DefaultListableBeanFactory - Returning cached instance of singleton bean &apos;org.springframework.context.annotation.internalCommonAnnotationProcessor&apos;
10:21:01.927 [] [] [main] DEBUG o.s.b.f.s.DefaultListableBeanFactory - Returning cached instance of singleton bean &apos;org.springframework.context.annotation.internalPersistenceAnnotationProcessor&apos;
10:21:01.927 [] [] [main] DEBUG o.s.b.f.s.DefaultListableBeanFactory - Returning cached instance of singleton bean &apos;org.springframework.data.repository.core.support.RepositoryInterfaceAwareBeanPostProcessor&apos;
10:21:01.927 [] [] [main] DEBUG o.s.b.f.s.DefaultListableBeanFactory - Returning cached instance of singleton bean &apos;org.springframework.data.jpa.repository.support.EntityManagerBeanDefinitionRegistrarPostProcessor#0&apos;
10:21:01.927 [] [] [main] DEBUG o.s.b.f.s.DefaultListableBeanFactory - Creating shared instance of singleton bean &apos;jpaMapppingContext&apos;
10:21:01.927 [] [] [main] DEBUG o.s.b.f.s.DefaultListableBeanFactory - Creating instance of bean &apos;jpaMapppingContext&apos;
10:21:01.927 [] [] [main] DEBUG o.s.b.f.s.DefaultListableBeanFactory - Returning cached instance of singleton bean &apos;org.springframework.transaction.config.internalTransactionAdvisor&apos;
10:21:01.927 [] [] [main] DEBUG o.s.b.f.s.DefaultListableBeanFactory - Returning cached instance of singleton bean &apos;org.springframework.aop.support.DefaultBeanFactoryPointcutAdvisor#0&apos;
10:21:01.927 [] [] [main] DEBUG o.s.b.f.s.DefaultListableBeanFactory - Eagerly caching bean &apos;jpaMapppingContext&apos; to allow for resolving potential circular references
10:21:01.927 [] [] [main] TRACE o.s.beans.CachedIntrospectionResults - Getting BeanInfo for class [org.springframework.data.jpa.repository.config.JpaRepositoryConfigExtension$JpaMetamodelMappingContextFactoryBean]
10:21:01.929 [] [] [main] TRACE o.s.beans.CachedIntrospectionResults - Caching PropertyDescriptors for class [org.springframework.data.jpa.repository.config.JpaRepositoryConfigExtension$JpaMetamodelMappingContextFactoryBean]
10:21:01.930 [] [] [main] TRACE o.s.beans.CachedIntrospectionResults - Found bean property &apos;beanClassLoader&apos; of type [java.lang.ClassLoader]
10:21:01.930 [] [] [main] TRACE o.s.beans.CachedIntrospectionResults - Found bean property &apos;beanFactory&apos; of type [org.springframework.beans.factory.BeanFactory]
10:21:01.930 [] [] [main] TRACE o.s.beans.CachedIntrospectionResults - Found bean property &apos;class&apos; of type [java.lang.Class]
10:21:01.930 [] [] [main] TRACE o.s.beans.CachedIntrospectionResults - Found bean property &apos;entityManager&apos; of type [javax.persistence.EntityManager]
10:21:01.930 [] [] [main] TRACE o.s.beans.CachedIntrospectionResults - Found bean property &apos;object&apos; of type [org.springframework.data.jpa.mapping.JpaMetamodelMappingContext]
10:21:01.930 [] [] [main] TRACE o.s.beans.CachedIntrospectionResults - Found bean property &apos;objectType&apos; of type [java.lang.Class]
10:21:01.930 [] [] [main] TRACE o.s.beans.CachedIntrospectionResults - Found bean property &apos;singleton&apos; of type [boolean]
10:21:01.930 [] [] [main] DEBUG o.s.b.f.s.DefaultListableBeanFactory - Creating instance of bean &apos;(inner bean)#897cdd&apos;
10:21:01.930 [] [] [main] DEBUG o.s.b.f.s.DefaultListableBeanFactory - Returning cached instance of singleton bean &apos;org.springframework.transaction.config.internalTransactionAdvisor&apos;
10:21:01.930 [] [] [main] DEBUG o.s.b.f.s.DefaultListableBeanFactory - Returning cached instance of singleton bean &apos;org.springframework.aop.support.DefaultBeanFactoryPointcutAdvisor#0&apos;
10:21:01.931 [] [] [main] DEBUG o.s.b.f.s.DefaultListableBeanFactory - Returning cached instance of singleton bean &apos;entityManagerFactory&apos;
10:21:01.931 [] [] [main] DEBUG o.s.b.f.s.DefaultListableBeanFactory - Returning cached instance of singleton bean &apos;org.springframework.transaction.config.internalTransactionAdvisor&apos;
10:21:01.931 [] [] [main] DEBUG o.s.b.f.s.DefaultListableBeanFactory - Returning cached instance of singleton bean &apos;org.springframework.aop.support.DefaultBeanFactoryPointcutAdvisor#0&apos;
10:21:01.931 [] [] [main] DEBUG o.s.b.f.s.DefaultListableBeanFactory - Returning cached instance of singleton bean &apos;org.springframework.transaction.config.internalTransactionAdvisor&apos;
10:21:01.931 [] [] [main] DEBUG o.s.b.f.s.DefaultListableBeanFactory - Returning cached instance of singleton bean &apos;org.springframework.aop.support.DefaultBeanFactoryPointcutAdvisor#0&apos;
10:21:01.933 [] [] [main] TRACE o.s.b.f.s.DefaultListableBeanFactory - Ignoring factory method [public static javax.persistence.EntityManager org.springframework.orm.jpa.SharedEntityManagerCreator.createSharedEntityManager(javax.persistence.EntityManagerFactory,java.util.Map,java.lang.Class[])] of bean &apos;(inner bean)#897cdd&apos;: org.springframework.beans.factory.UnsatisfiedDependencyException: Error creating bean with name &apos;(inner bean)#897cdd&apos;: Unsatisfied dependency expressed through constructor argument with index 1 of type [java.util.Map]: Ambiguous factory method argument types - did you specify the correct bean references as factory method arguments?
10:21:01.933 [] [] [main] TRACE o.s.b.f.s.DefaultListableBeanFactory - Ignoring factory method [public static javax.persistence.EntityManager org.springframework.orm.jpa.SharedEntityManagerCreator.createSharedEntityManager(javax.persistence.EntityManagerFactory,java.util.Map)] of bean &apos;(inner bean)#897cdd&apos;: org.springframework.beans.factory.UnsatisfiedDependencyException: Error creating bean with name &apos;(inner bean)#897cdd&apos;: Unsatisfied dependency expressed through constructor argument with index 1 of type [java.util.Map]: Ambiguous factory method argument types - did you specify the correct bean references as factory method arguments?
10:21:01.939 [] [] [main] TRACE o.s.beans.CachedIntrospectionResults - Getting BeanInfo for class [com.sun.proxy.$Proxy39]
10:21:01.941 [] [] [main] TRACE o.s.beans.CachedIntrospectionResults - Caching PropertyDescriptors for class [com.sun.proxy.$Proxy39]
10:21:01.941 [] [] [main] TRACE o.s.beans.CachedIntrospectionResults - Found bean property &apos;class&apos; of type [java.lang.Class]
10:21:01.941 [] [] [main] TRACE o.s.beans.CachedIntrospectionResults - Found bean property &apos;criteriaBuilder&apos; of type [javax.persistence.criteria.CriteriaBuilder]
10:21:01.941 [] [] [main] TRACE o.s.beans.CachedIntrospectionResults - Found bean property &apos;delegate&apos; of type [java.lang.Object]
10:21:01.941 [] [] [main] TRACE o.s.beans.CachedIntrospectionResults - Found bean property &apos;entityManagerFactory&apos; of type [javax.persistence.EntityManagerFactory]
10:21:01.941 [] [] [main] TRACE o.s.beans.CachedIntrospectionResults - Found bean property &apos;flushMode&apos; of type [javax.persistence.FlushModeType]
10:21:01.941 [] [] [main] TRACE o.s.beans.CachedIntrospectionResults - Found bean property &apos;joinedToTransaction&apos; of type [boolean]
10:21:01.942 [] [] [main] TRACE o.s.beans.CachedIntrospectionResults - Found bean property &apos;metamodel&apos; of type [javax.persistence.metamodel.Metamodel]
10:21:01.942 [] [] [main] TRACE o.s.beans.CachedIntrospectionResults - Found bean property &apos;open&apos; of type [boolean]
10:21:01.942 [] [] [main] TRACE o.s.beans.CachedIntrospectionResults - Found bean property &apos;properties&apos; of type [java.util.Map]
10:21:01.942 [] [] [main] TRACE o.s.beans.CachedIntrospectionResults - Found bean property &apos;session&apos; of type [org.hibernate.Session]
10:21:01.942 [] [] [main] TRACE o.s.beans.CachedIntrospectionResults - Found bean property &apos;targetEntityManager&apos; of type [javax.persistence.EntityManager]
10:21:01.942 [] [] [main] TRACE o.s.beans.CachedIntrospectionResults - Found bean property &apos;transaction&apos; of type [javax.persistence.EntityTransaction]
10:21:01.942 [] [] [main] TRACE o.a.s.s.web.ShiroFilterFactoryBean - Ignoring non-Filter bean &apos;(inner bean)#897cdd&apos;
10:21:01.942 [] [] [main] DEBUG o.s.b.f.s.DefaultListableBeanFactory - Returning cached instance of singleton bean &apos;org.springframework.transaction.config.internalTransactionAdvisor&apos;
10:21:01.942 [] [] [main] DEBUG o.s.b.f.s.DefaultListableBeanFactory - Returning cached instance of singleton bean &apos;org.springframework.aop.support.DefaultBeanFactoryPointcutAdvisor#0&apos;
10:21:01.942 [] [] [main] DEBUG o.s.b.f.s.DefaultListableBeanFactory - Returning cached instance of singleton bean &apos;org.springframework.transaction.config.internalTransactionAdvisor&apos;
10:21:01.942 [] [] [main] DEBUG o.s.b.f.s.DefaultListableBeanFactory - Returning cached instance of singleton bean &apos;org.springframework.aop.support.DefaultBeanFactoryPointcutAdvisor#0&apos;
10:21:01.943 [] [] [main] DEBUG o.s.b.f.s.DefaultListableBeanFactory - Finished creating instance of bean &apos;(inner bean)#897cdd&apos;
10:21:01.943 [] [] [main] TRACE o.a.s.s.web.ShiroFilterFactoryBean - Ignoring non-Filter bean &apos;jpaMapppingContext&apos;
10:21:01.943 [] [] [main] DEBUG o.s.b.f.s.DefaultListableBeanFactory - Invoking afterPropertiesSet() on bean with name &apos;jpaMapppingContext&apos;
10:21:01.952 [] [] [main] TRACE o.s.beans.CachedIntrospectionResults - Getting BeanInfo for class [com.yonyou.iuap.example.entity.GoodJpaDemo]
10:21:01.953 [] [] [main] TRACE o.s.beans.CachedIntrospectionResults - Caching PropertyDescriptors for class [com.yonyou.iuap.example.entity.GoodJpaDemo]
10:21:01.953 [] [] [main] TRACE o.s.beans.CachedIntrospectionResults - Found bean property &apos;class&apos; of type [java.lang.Class]
10:21:01.953 [] [] [main] TRACE o.s.beans.CachedIntrospectionResults - Found bean property &apos;orgin&apos; of type [java.lang.String]
10:21:01.953 [] [] [main] TRACE o.s.beans.CachedIntrospectionResults - Found bean property &apos;price&apos; of type [java.lang.Double]
10:21:01.953 [] [] [main] TRACE o.s.beans.CachedIntrospectionResults - Found bean property &apos;proDate&apos; of type [java.util.Date]
10:21:01.953 [] [] [main] TRACE o.s.beans.CachedIntrospectionResults - Found bean property &apos;productName&apos; of type [java.lang.String]
10:21:01.953 [] [] [main] TRACE o.s.beans.CachedIntrospectionResults - Found bean property &apos;productNum&apos; of type [java.math.BigInteger]
10:21:01.953 [] [] [main] TRACE o.s.beans.CachedIntrospectionResults - Found bean property &apos;productid&apos; of type [java.lang.String]
10:21:01.953 [] [] [main] TRACE o.s.beans.CachedIntrospectionResults - Found bean property &apos;supplier&apos; of type [java.lang.String]
10:21:01.953 [] [] [main] TRACE o.s.beans.CachedIntrospectionResults - Found bean property &apos;ts&apos; of type [java.sql.Timestamp]
10:21:01.960 [] [] [main] TRACE o.s.beans.CachedIntrospectionResults - Getting BeanInfo for class [com.yonyou.iuap.system.entity.MgrUser]
10:21:01.961 [] [] [main] TRACE o.s.beans.CachedIntrospectionResults - Caching PropertyDescriptors for class [com.yonyou.iuap.system.entity.MgrUser]
10:21:01.961 [] [] [main] TRACE o.s.beans.CachedIntrospectionResults - Found bean property &apos;class&apos; of type [java.lang.Class]
10:21:01.961 [] [] [main] TRACE o.s.beans.CachedIntrospectionResults - Found bean property &apos;id&apos; of type [java.lang.Long]
10:21:01.961 [] [] [main] TRACE o.s.beans.CachedIntrospectionResults - Found bean property &apos;loginName&apos; of type [java.lang.String]
10:21:01.961 [] [] [main] TRACE o.s.beans.CachedIntrospectionResults - Found bean property &apos;loginTs&apos; of type [long]
10:21:01.961 [] [] [main] TRACE o.s.beans.CachedIntrospectionResults - Found bean property &apos;name&apos; of type [java.lang.String]
10:21:01.961 [] [] [main] TRACE o.s.beans.CachedIntrospectionResults - Found bean property &apos;password&apos; of type [java.lang.String]
10:21:01.961 [] [] [main] TRACE o.s.beans.CachedIntrospectionResults - Found bean property &apos;plainPassword&apos; of type [java.lang.String]
10:21:01.961 [] [] [main] TRACE o.s.beans.CachedIntrospectionResults - Found bean property &apos;registerDate&apos; of type [java.util.Date]
10:21:01.961 [] [] [main] TRACE o.s.beans.CachedIntrospectionResults - Found bean property &apos;roleList&apos; of type [java.util.List]
10:21:01.961 [] [] [main] TRACE o.s.beans.CachedIntrospectionResults - Found bean property &apos;roles&apos; of type [java.lang.String]
10:21:01.961 [] [] [main] TRACE o.s.beans.CachedIntrospectionResults - Found bean property &apos;salt&apos; of type [java.lang.String]
10:21:01.964 [] [] [main] DEBUG o.s.b.f.s.DefaultListableBeanFactory - Returning cached instance of singleton bean &apos;org.springframework.transaction.config.internalTransactionAdvisor&apos;
10:21:01.964 [] [] [main] DEBUG o.s.b.f.s.DefaultListableBeanFactory - Returning cached instance of singleton bean &apos;org.springframework.aop.support.DefaultBeanFactoryPointcutAdvisor#0&apos;
10:21:01.964 [] [] [main] DEBUG o.s.b.f.s.DefaultListableBeanFactory - Returning cached instance of singleton bean &apos;org.springframework.transaction.config.internalTransactionAdvisor&apos;
10:21:01.964 [] [] [main] DEBUG o.s.b.f.s.DefaultListableBeanFactory - Returning cached instance of singleton bean &apos;org.springframework.aop.support.DefaultBeanFactoryPointcutAdvisor#0&apos;
10:21:01.965 [] [] [main] DEBUG o.s.b.f.s.DefaultListableBeanFactory - Finished creating instance of bean &apos;jpaMapppingContext&apos;
10:21:01.965 [] [] [main] DEBUG o.s.b.f.s.DefaultListableBeanFactory - Creating shared instance of singleton bean &apos;goodJpaDemoDao&apos;
10:21:01.965 [] [] [main] DEBUG o.s.b.f.s.DefaultListableBeanFactory - Creating instance of bean &apos;goodJpaDemoDao&apos;
10:21:01.965 [] [] [main] DEBUG o.s.b.f.s.DefaultListableBeanFactory - Returning cached instance of singleton bean &apos;org.springframework.transaction.config.internalTransactionAdvisor&apos;
10:21:01.965 [] [] [main] DEBUG o.s.b.f.s.DefaultListableBeanFactory - Returning cached instance of singleton bean &apos;org.springframework.aop.support.DefaultBeanFactoryPointcutAdvisor#0&apos;
10:21:01.967 [] [] [main] TRACE o.s.beans.CachedIntrospectionResults - Getting BeanInfo for class [org.springframework.data.jpa.repository.support.JpaRepositoryFactoryBean]
10:21:01.972 [] [] [main] TRACE o.s.beans.CachedIntrospectionResults - Caching PropertyDescriptors for class [org.springframework.data.jpa.repository.support.JpaRepositoryFactoryBean]
10:21:01.972 [] [] [main] TRACE o.s.beans.CachedIntrospectionResults - Found bean property &apos;beanClassLoader&apos; of type [java.lang.ClassLoader]
10:21:01.972 [] [] [main] TRACE o.s.beans.CachedIntrospectionResults - Found bean property &apos;beanFactory&apos; of type [org.springframework.beans.factory.BeanFactory]
10:21:01.972 [] [] [main] TRACE o.s.beans.CachedIntrospectionResults - Found bean property &apos;class&apos; of type [java.lang.Class]
10:21:01.972 [] [] [main] TRACE o.s.beans.CachedIntrospectionResults - Found bean property &apos;customImplementation&apos; of type [java.lang.Object]
10:21:01.972 [] [] [main] TRACE o.s.beans.CachedIntrospectionResults - Found bean property &apos;enableDefaultTransactions&apos; of type [boolean]
10:21:01.972 [] [] [main] TRACE o.s.beans.CachedIntrospectionResults - Found bean property &apos;entityInformation&apos; of type [org.springframework.data.repository.core.EntityInformation]
10:21:01.972 [] [] [main] TRACE o.s.beans.CachedIntrospectionResults - Found bean property &apos;entityManager&apos; of type [javax.persistence.EntityManager]
10:21:01.972 [] [] [main] TRACE o.s.beans.CachedIntrospectionResults - Found bean property &apos;evaluationContextProvider&apos; of type [org.springframework.data.repository.query.EvaluationContextProvider]
10:21:01.972 [] [] [main] TRACE o.s.beans.CachedIntrospectionResults - Found bean property &apos;lazyInit&apos; of type [boolean]
10:21:01.972 [] [] [main] TRACE o.s.beans.CachedIntrospectionResults - Found bean property &apos;mappingContext&apos; of type [org.springframework.data.mapping.context.MappingContext]
10:21:01.972 [] [] [main] TRACE o.s.beans.CachedIntrospectionResults - Found bean property &apos;namedQueries&apos; of type [org.springframework.data.repository.core.NamedQueries]
10:21:01.972 [] [] [main] TRACE o.s.beans.CachedIntrospectionResults - Found bean property &apos;object&apos; of type [org.springframework.data.repository.Repository]
10:21:01.972 [] [] [main] TRACE o.s.beans.CachedIntrospectionResults - Found bean property &apos;objectType&apos; of type [java.lang.Class]
10:21:01.972 [] [] [main] TRACE o.s.beans.CachedIntrospectionResults - Found bean property &apos;persistentEntity&apos; of type [org.springframework.data.mapping.PersistentEntity]
10:21:01.973 [] [] [main] TRACE o.s.beans.CachedIntrospectionResults - Found bean property &apos;queryLookupStrategyKey&apos; of type [org.springframework.data.repository.query.QueryLookupStrategy$Key]
10:21:01.973 [] [] [main] TRACE o.s.beans.CachedIntrospectionResults - Found bean property &apos;queryMethods&apos; of type [java.util.List]
10:21:01.973 [] [] [main] TRACE o.s.beans.CachedIntrospectionResults - Found bean property &apos;repositoryInformation&apos; of type [org.springframework.data.repository.core.RepositoryInformation]
10:21:01.973 [] [] [main] TRACE o.s.beans.CachedIntrospectionResults - Found bean property &apos;repositoryInterface&apos; of type [java.lang.Class]
10:21:01.973 [] [] [main] TRACE o.s.beans.CachedIntrospectionResults - Found bean property &apos;singleton&apos; of type [boolean]
10:21:01.973 [] [] [main] TRACE o.s.beans.CachedIntrospectionResults - Found bean property &apos;transactionManager&apos; of type [java.lang.String]
10:21:01.974 [] [] [main] DEBUG o.s.b.f.annotation.InjectionMetadata - Registered injected element on class [org.springframework.data.jpa.repository.support.JpaRepositoryFactoryBean]: PersistenceElement for public void org.springframework.data.jpa.repository.support.JpaRepositoryFactoryBean.setEntityManager(javax.persistence.EntityManager)
10:21:01.974 [] [] [main] DEBUG o.s.b.f.s.DefaultListableBeanFactory - Eagerly caching bean &apos;goodJpaDemoDao&apos; to allow for resolving potential circular references
10:21:01.976 [] [] [main] DEBUG o.s.b.f.annotation.InjectionMetadata - Processing injected method of bean &apos;goodJpaDemoDao&apos;: PersistenceElement for public void org.springframework.data.jpa.repository.support.JpaRepositoryFactoryBean.setEntityManager(javax.persistence.EntityManager)
10:21:01.976 [] [] [main] TRACE o.s.beans.TypeConverterDelegate - Converting String to [class java.lang.Class] using property editor [org.springframework.beans.propertyeditors.ClassEditor@1e1e9d0]
10:21:01.976 [] [] [main] DEBUG o.s.b.f.s.DefaultListableBeanFactory - Creating instance of bean &apos;(inner bean)#bd5dce&apos;
10:21:01.976 [] [] [main] DEBUG o.s.b.f.s.DefaultListableBeanFactory - Returning cached instance of singleton bean &apos;org.springframework.transaction.config.internalTransactionAdvisor&apos;
10:21:01.976 [] [] [main] DEBUG o.s.b.f.s.DefaultListableBeanFactory - Returning cached instance of singleton bean &apos;org.springframework.aop.support.DefaultBeanFactoryPointcutAdvisor#0&apos;
10:21:01.976 [] [] [main] DEBUG o.s.b.f.s.DefaultListableBeanFactory - Creating instance of bean &apos;(inner bean)#1c44c67&apos;
10:21:01.976 [] [] [main] DEBUG o.s.b.f.s.DefaultListableBeanFactory - Returning cached instance of singleton bean &apos;org.springframework.transaction.config.internalTransactionAdvisor&apos;
10:21:01.976 [] [] [main] DEBUG o.s.b.f.s.DefaultListableBeanFactory - Returning cached instance of singleton bean &apos;org.springframework.aop.support.DefaultBeanFactoryPointcutAdvisor#0&apos;
10:21:01.977 [] [] [main] TRACE o.s.beans.CachedIntrospectionResults - Getting BeanInfo for class [org.springframework.beans.factory.config.PropertiesFactoryBean]
10:21:01.978 [] [] [main] TRACE o.s.beans.CachedIntrospectionResults - Caching PropertyDescriptors for class [org.springframework.beans.factory.config.PropertiesFactoryBean]
10:21:01.978 [] [] [main] TRACE o.s.beans.CachedIntrospectionResults - Found bean property &apos;class&apos; of type [java.lang.Class]
10:21:01.978 [] [] [main] TRACE o.s.beans.CachedIntrospectionResults - Found bean property &apos;fileEncoding&apos; of type [java.lang.String]
10:21:01.978 [] [] [main] TRACE o.s.beans.CachedIntrospectionResults - Found bean property &apos;ignoreResourceNotFound&apos; of type [boolean]
10:21:01.978 [] [] [main] TRACE o.s.beans.CachedIntrospectionResults - Found bean property &apos;localOverride&apos; of type [boolean]
10:21:01.978 [] [] [main] TRACE o.s.beans.CachedIntrospectionResults - Found bean property &apos;location&apos; of type [org.springframework.core.io.Resource]
10:21:01.978 [] [] [main] TRACE o.s.beans.CachedIntrospectionResults - Found bean property &apos;locations&apos; of type [[Lorg.springframework.core.io.Resource;]
10:21:01.978 [] [] [main] TRACE o.s.beans.CachedIntrospectionResults - Found bean property &apos;object&apos; of type [java.util.Properties]
10:21:01.978 [] [] [main] TRACE o.s.beans.CachedIntrospectionResults - Found bean property &apos;objectType&apos; of type [java.lang.Class]
10:21:01.978 [] [] [main] TRACE o.s.beans.CachedIntrospectionResults - Found bean property &apos;properties&apos; of type [java.util.Properties]
10:21:01.978 [] [] [main] TRACE o.s.beans.CachedIntrospectionResults - Found bean property &apos;propertiesArray&apos; of type [[Ljava.util.Properties;]
10:21:01.978 [] [] [main] TRACE o.s.beans.CachedIntrospectionResults - Found bean property &apos;propertiesPersister&apos; of type [org.springframework.util.PropertiesPersister]
10:21:01.979 [] [] [main] TRACE o.s.beans.CachedIntrospectionResults - Found bean property &apos;singleton&apos; of type [boolean]
10:21:01.979 [] [] [main] TRACE o.s.beans.TypeConverterDelegate - Converting String to [class [Lorg.springframework.core.io.Resource;] using property editor [org.springframework.core.io.support.ResourceArrayPropertyEditor@1eb8a89]
10:21:01.980 [] [] [main] TRACE o.a.s.s.web.ShiroFilterFactoryBean - Ignoring non-Filter bean &apos;(inner bean)#1c44c67&apos;
10:21:01.980 [] [] [main] DEBUG o.s.b.f.s.DefaultListableBeanFactory - Invoking afterPropertiesSet() on bean with name &apos;(inner bean)#1c44c67&apos;
10:21:01.980 [] [] [main] DEBUG o.s.b.f.s.DefaultListableBeanFactory - Returning cached instance of singleton bean &apos;org.springframework.transaction.config.internalTransactionAdvisor&apos;
10:21:01.980 [] [] [main] DEBUG o.s.b.f.s.DefaultListableBeanFactory - Returning cached instance of singleton bean &apos;org.springframework.aop.support.DefaultBeanFactoryPointcutAdvisor#0&apos;
10:21:01.980 [] [] [main] DEBUG o.s.b.f.s.DefaultListableBeanFactory - Returning cached instance of singleton bean &apos;org.springframework.transaction.config.internalTransactionAdvisor&apos;
10:21:01.980 [] [] [main] DEBUG o.s.b.f.s.DefaultListableBeanFactory - Returning cached instance of singleton bean &apos;org.springframework.aop.support.DefaultBeanFactoryPointcutAdvisor#0&apos;
10:21:01.980 [] [] [main] DEBUG o.s.b.f.s.DefaultListableBeanFactory - Finished creating instance of bean &apos;(inner bean)#1c44c67&apos;
10:21:01.980 [] [] [main] DEBUG o.s.b.f.s.DefaultListableBeanFactory - Returning cached instance of singleton bean &apos;org.springframework.transaction.config.internalTransactionAdvisor&apos;
10:21:01.980 [] [] [main] DEBUG o.s.b.f.s.DefaultListableBeanFactory - Returning cached instance of singleton bean &apos;org.springframework.aop.support.DefaultBeanFactoryPointcutAdvisor#0&apos;
10:21:01.980 [] [] [main] DEBUG o.s.b.f.s.DefaultListableBeanFactory - Returning cached instance of singleton bean &apos;org.springframework.transaction.config.internalTransactionAdvisor&apos;
10:21:01.980 [] [] [main] DEBUG o.s.b.f.s.DefaultListableBeanFactory - Returning cached instance of singleton bean &apos;org.springframework.aop.support.DefaultBeanFactoryPointcutAdvisor#0&apos;
10:21:01.982 [] [] [main] TRACE o.s.beans.CachedIntrospectionResults - Getting BeanInfo for class [org.springframework.data.repository.core.support.PropertiesBasedNamedQueries]
10:21:01.983 [] [] [main] TRACE o.s.beans.CachedIntrospectionResults - Caching PropertyDescriptors for class [org.springframework.data.repository.core.support.PropertiesBasedNamedQueries]
10:21:01.983 [] [] [main] TRACE o.s.beans.CachedIntrospectionResults - Found bean property &apos;class&apos; of type [java.lang.Class]
10:21:01.984 [] [] [main] TRACE o.a.s.s.web.ShiroFilterFactoryBean - Ignoring non-Filter bean &apos;(inner bean)#bd5dce&apos;
10:21:01.984 [] [] [main] DEBUG o.s.b.f.s.DefaultListableBeanFactory - Returning cached instance of singleton bean &apos;org.springframework.transaction.config.internalTransactionAdvisor&apos;
10:21:01.984 [] [] [main] DEBUG o.s.b.f.s.DefaultListableBeanFactory - Returning cached instance of singleton bean &apos;org.springframework.aop.support.DefaultBeanFactoryPointcutAdvisor#0&apos;
10:21:01.984 [] [] [main] DEBUG o.s.b.f.s.DefaultListableBeanFactory - Returning cached instance of singleton bean &apos;org.springframework.transaction.config.internalTransactionAdvisor&apos;
10:21:01.984 [] [] [main] DEBUG o.s.b.f.s.DefaultListableBeanFactory - Returning cached instance of singleton bean &apos;org.springframework.aop.support.DefaultBeanFactoryPointcutAdvisor#0&apos;
10:21:01.984 [] [] [main] DEBUG o.s.b.f.s.DefaultListableBeanFactory - Finished creating instance of bean &apos;(inner bean)#bd5dce&apos;
10:21:01.984 [] [] [main] DEBUG o.s.b.f.s.DefaultListableBeanFactory - Creating instance of bean &apos;(inner bean)#10d30da&apos;
10:21:01.984 [] [] [main] DEBUG o.s.b.f.s.DefaultListableBeanFactory - Returning cached instance of singleton bean &apos;org.springframework.transaction.config.internalTransactionAdvisor&apos;
10:21:01.984 [] [] [main] DEBUG o.s.b.f.s.DefaultListableBeanFactory - Returning cached instance of singleton bean &apos;org.springframework.aop.support.DefaultBeanFactoryPointcutAdvisor#0&apos;
10:21:01.985 [] [] [main] TRACE o.s.beans.CachedIntrospectionResults - Getting BeanInfo for class [org.springframework.data.repository.query.ExtensionAwareEvaluationContextProvider]
10:21:01.990 [] [] [main] TRACE o.s.beans.CachedIntrospectionResults - Caching PropertyDescriptors for class [org.springframework.data.repository.query.ExtensionAwareEvaluationContextProvider]
10:21:01.990 [] [] [main] TRACE o.s.beans.CachedIntrospectionResults - Found bean property &apos;applicationContext&apos; of type [org.springframework.context.ApplicationContext]
10:21:01.990 [] [] [main] TRACE o.s.beans.CachedIntrospectionResults - Found bean property &apos;class&apos; of type [java.lang.Class]
10:21:01.990 [] [] [main] TRACE o.a.s.s.web.ShiroFilterFactoryBean - Ignoring non-Filter bean &apos;(inner bean)#10d30da&apos;
10:21:01.990 [] [] [main] DEBUG o.s.b.f.s.DefaultListableBeanFactory - Returning cached instance of singleton bean &apos;org.springframework.transaction.config.internalTransactionAdvisor&apos;
10:21:01.990 [] [] [main] DEBUG o.s.b.f.s.DefaultListableBeanFactory - Returning cached instance of singleton bean &apos;org.springframework.aop.support.DefaultBeanFactoryPointcutAdvisor#0&apos;
10:21:01.990 [] [] [main] DEBUG o.s.b.f.s.DefaultListableBeanFactory - Returning cached instance of singleton bean &apos;org.springframework.transaction.config.internalTransactionAdvisor&apos;
10:21:01.990 [] [] [main] DEBUG o.s.b.f.s.DefaultListableBeanFactory - Returning cached instance of singleton bean &apos;org.springframework.aop.support.DefaultBeanFactoryPointcutAdvisor#0&apos;
10:21:01.990 [] [] [main] DEBUG o.s.b.f.s.DefaultListableBeanFactory - Finished creating instance of bean &apos;(inner bean)#10d30da&apos;
10:21:01.991 [] [] [main] DEBUG o.s.b.f.s.DefaultListableBeanFactory - Creating instance of bean &apos;(inner bean)#1d465c3&apos;
10:21:01.991 [] [] [main] DEBUG o.s.b.f.s.DefaultListableBeanFactory - Returning cached instance of singleton bean &apos;org.springframework.transaction.config.internalTransactionAdvisor&apos;
10:21:01.991 [] [] [main] DEBUG o.s.b.f.s.DefaultListableBeanFactory - Returning cached instance of singleton bean &apos;org.springframework.aop.support.DefaultBeanFactoryPointcutAdvisor#0&apos;
10:21:01.991 [] [] [main] DEBUG o.s.b.f.s.DefaultListableBeanFactory - Returning cached instance of singleton bean &apos;entityManagerFactory&apos;
10:21:01.991 [] [] [main] TRACE o.s.b.f.s.DefaultListableBeanFactory - Ignoring factory method [public static javax.persistence.EntityManager org.springframework.orm.jpa.SharedEntityManagerCreator.createSharedEntityManager(javax.persistence.EntityManagerFactory,java.util.Map,java.lang.Class[])] of bean &apos;(inner bean)#1d465c3&apos;: org.springframework.beans.factory.UnsatisfiedDependencyException: Error creating bean with name &apos;(inner bean)#1d465c3&apos;: Unsatisfied dependency expressed through constructor argument with index 1 of type [java.util.Map]: Ambiguous factory method argument types - did you specify the correct bean references as factory method arguments?
10:21:01.991 [] [] [main] TRACE o.s.b.f.s.DefaultListableBeanFactory - Ignoring factory method [public static javax.persistence.EntityManager org.springframework.orm.jpa.SharedEntityManagerCreator.createSharedEntityManager(javax.persistence.EntityManagerFactory,java.util.Map)] of bean &apos;(inner bean)#1d465c3&apos;: org.springframework.beans.factory.UnsatisfiedDependencyException: Error creating bean with name &apos;(inner bean)#1d465c3&apos;: Unsatisfied dependency expressed through constructor argument with index 1 of type [java.util.Map]: Ambiguous factory method argument types - did you specify the correct bean references as factory method arguments?
10:21:01.992 [] [] [main] TRACE o.a.s.s.web.ShiroFilterFactoryBean - Ignoring non-Filter bean &apos;(inner bean)#1d465c3&apos;
10:21:01.992 [] [] [main] DEBUG o.s.b.f.s.DefaultListableBeanFactory - Returning cached instance of singleton bean &apos;org.springframework.transaction.config.internalTransactionAdvisor&apos;
10:21:01.992 [] [] [main] DEBUG o.s.b.f.s.DefaultListableBeanFactory - Returning cached instance of singleton bean &apos;org.springframework.aop.support.DefaultBeanFactoryPointcutAdvisor#0&apos;
10:21:01.992 [] [] [main] DEBUG o.s.b.f.s.DefaultListableBeanFactory - Returning cached instance of singleton bean &apos;org.springframework.transaction.config.internalTransactionAdvisor&apos;
10:21:01.992 [] [] [main] DEBUG o.s.b.f.s.DefaultListableBeanFactory - Returning cached instance of singleton bean &apos;org.springframework.aop.support.DefaultBeanFactoryPointcutAdvisor#0&apos;
10:21:01.992 [] [] [main] DEBUG o.s.b.f.s.DefaultListableBeanFactory - Finished creating instance of bean &apos;(inner bean)#1d465c3&apos;
10:21:01.992 [] [] [main] DEBUG o.s.b.f.s.DefaultListableBeanFactory - Returning cached instance of singleton bean &apos;jpaMapppingContext&apos;
10:21:01.992 [] [] [main] DEBUG o.s.b.f.s.DefaultListableBeanFactory - Returning cached instance of singleton bean &apos;org.springframework.transaction.config.internalTransactionAdvisor&apos;
10:21:01.992 [] [] [main] DEBUG o.s.b.f.s.DefaultListableBeanFactory - Returning cached instance of singleton bean &apos;org.springframework.aop.support.DefaultBeanFactoryPointcutAdvisor#0&apos;
10:21:01.992 [] [] [main] DEBUG o.s.b.f.s.DefaultListableBeanFactory - Returning cached instance of singleton bean &apos;org.springframework.transaction.config.internalTransactionAdvisor&apos;
10:21:01.992 [] [] [main] DEBUG o.s.b.f.s.DefaultListableBeanFactory - Returning cached instance of singleton bean &apos;org.springframework.aop.support.DefaultBeanFactoryPointcutAdvisor#0&apos;
10:21:01.997 [] [] [main] TRACE o.a.s.s.web.ShiroFilterFactoryBean - Ignoring non-Filter bean &apos;goodJpaDemoDao&apos;
10:21:01.997 [] [] [main] DEBUG o.s.b.f.s.DefaultListableBeanFactory - Invoking afterPropertiesSet() on bean with name &apos;goodJpaDemoDao&apos;
10:21:02.006 [] [] [main] DEBUG o.s.o.j.SharedEntityManagerCreator$SharedEntityManagerInvocationHandler - Creating new EntityManager for shared EntityManager invocation
10:21:02.013 [] [] [main] TRACE o.h.i.SessionFactoryImpl$SessionBuilderImpl - Opening Hibernate Session.  tenant=null, owner=org.hibernate.jpa.internal.EntityManagerImpl@17da81e
10:21:02.043 [] [] [main] TRACE org.hibernate.internal.SessionImpl - Opened session at timestamp: 15294612620
10:21:02.046 [] [] [main] TRACE org.hibernate.internal.SessionImpl - Setting flush mode to: AUTO
10:21:02.047 [] [] [main] TRACE org.hibernate.internal.SessionImpl - Setting cache mode to: NORMAL
10:21:02.048 [] [] [main] DEBUG o.s.o.jpa.EntityManagerFactoryUtils - Closing JPA EntityManager
10:21:02.048 [] [] [main] TRACE org.hibernate.internal.SessionImpl - Closing session
10:21:02.048 [] [] [main] TRACE o.h.e.j.internal.JdbcCoordinatorImpl - Closing JDBC container [org.hibernate.engine.jdbc.internal.JdbcCoordinatorImpl@43e27d]
10:21:02.048 [] [] [main] TRACE o.h.e.j.i.LogicalConnectionImpl - Closing logical connection
10:21:02.048 [] [] [main] TRACE o.h.e.j.i.LogicalConnectionImpl - Logical connection closed
10:21:02.056 [] [] [main] DEBUG o.s.o.j.SharedEntityManagerCreator$SharedEntityManagerInvocationHandler - Creating new EntityManager for shared EntityManager invocation
10:21:02.057 [] [] [main] TRACE o.h.i.SessionFactoryImpl$SessionBuilderImpl - Opening Hibernate Session.  tenant=null, owner=org.hibernate.jpa.internal.EntityManagerImpl@1e3e9da
10:21:02.057 [] [] [main] TRACE org.hibernate.internal.SessionImpl - Opened session at timestamp: 15294612620
10:21:02.057 [] [] [main] TRACE org.hibernate.internal.SessionImpl - Setting flush mode to: AUTO
10:21:02.057 [] [] [main] TRACE org.hibernate.internal.SessionImpl - Setting cache mode to: NORMAL
10:21:02.057 [] [] [main] DEBUG o.s.o.jpa.EntityManagerFactoryUtils - Closing JPA EntityManager
10:21:02.057 [] [] [main] TRACE org.hibernate.internal.SessionImpl - Closing session
10:21:02.057 [] [] [main] TRACE o.h.e.j.internal.JdbcCoordinatorImpl - Closing JDBC container [org.hibernate.engine.jdbc.internal.JdbcCoordinatorImpl@dffc6]
10:21:02.057 [] [] [main] TRACE o.h.e.j.i.LogicalConnectionImpl - Closing logical connection
10:21:02.057 [] [] [main] TRACE o.h.e.j.i.LogicalConnectionImpl - Logical connection closed
10:21:02.060 [] [] [main] DEBUG o.s.aop.framework.JdkDynamicAopProxy - Creating JDK dynamic proxy: target source is org.springframework.data.jpa.repository.support.CrudMethodMetadataPostProcessor$ThreadBoundTargetSource@571165
10:21:02.070 [] [] [main] DEBUG o.s.aop.framework.JdkDynamicAopProxy - Creating JDK dynamic proxy: target source is SingletonTargetSource for target object [org.springframework.data.jpa.repository.support.SimpleJpaRepository@3b3e5d]
10:21:02.072 [] [] [main] DEBUG o.s.b.f.s.DefaultListableBeanFactory - Returning cached instance of singleton bean &apos;org.springframework.transaction.config.internalTransactionAdvisor&apos;
10:21:02.072 [] [] [main] DEBUG o.s.b.f.s.DefaultListableBeanFactory - Returning cached instance of singleton bean &apos;org.springframework.aop.support.DefaultBeanFactoryPointcutAdvisor#0&apos;
10:21:02.072 [] [] [main] DEBUG o.s.b.f.s.DefaultListableBeanFactory - Returning cached instance of singleton bean &apos;org.springframework.transaction.config.internalTransactionAdvisor&apos;
10:21:02.072 [] [] [main] DEBUG o.s.b.f.s.DefaultListableBeanFactory - Returning cached instance of singleton bean &apos;org.springframework.aop.support.DefaultBeanFactoryPointcutAdvisor#0&apos;
10:21:02.076 [] [] [main] DEBUG o.s.b.f.s.DefaultListableBeanFactory - Finished creating instance of bean &apos;goodJpaDemoDao&apos;
10:21:02.076 [] [] [main] DEBUG o.s.b.f.s.DefaultListableBeanFactory - Creating shared instance of singleton bean &apos;mgrUserDao&apos;
10:21:02.076 [] [] [main] DEBUG o.s.b.f.s.DefaultListableBeanFactory - Creating instance of bean &apos;mgrUserDao&apos;
10:21:02.076 [] [] [main] DEBUG o.s.b.f.s.DefaultListableBeanFactory - Returning cached instance of singleton bean &apos;org.springframework.transaction.config.internalTransactionAdvisor&apos;
10:21:02.076 [] [] [main] DEBUG o.s.b.f.s.DefaultListableBeanFactory - Returning cached instance of singleton bean &apos;org.springframework.aop.support.DefaultBeanFactoryPointcutAdvisor#0&apos;
10:21:02.077 [] [] [main] DEBUG o.s.b.f.annotation.InjectionMetadata - Registered injected element on class [org.springframework.data.jpa.repository.support.JpaRepositoryFactoryBean]: PersistenceElement for public void org.springframework.data.jpa.repository.support.JpaRepositoryFactoryBean.setEntityManager(javax.persistence.EntityManager)
10:21:02.077 [] [] [main] DEBUG o.s.b.f.s.DefaultListableBeanFactory - Eagerly caching bean &apos;mgrUserDao&apos; to allow for resolving potential circular references
10:21:02.077 [] [] [main] DEBUG o.s.b.f.annotation.InjectionMetadata - Processing injected method of bean &apos;mgrUserDao&apos;: PersistenceElement for public void org.springframework.data.jpa.repository.support.JpaRepositoryFactoryBean.setEntityManager(javax.persistence.EntityManager)
10:21:02.077 [] [] [main] TRACE o.s.beans.TypeConverterDelegate - Converting String to [class java.lang.Class] using property editor [org.springframework.beans.propertyeditors.ClassEditor@abdd50]
10:21:02.077 [] [] [main] DEBUG o.s.b.f.s.DefaultListableBeanFactory - Creating instance of bean &apos;(inner bean)#14eaf88&apos;
10:21:02.077 [] [] [main] DEBUG o.s.b.f.s.DefaultListableBeanFactory - Returning cached instance of singleton bean &apos;org.springframework.transaction.config.internalTransactionAdvisor&apos;
10:21:02.077 [] [] [main] DEBUG o.s.b.f.s.DefaultListableBeanFactory - Returning cached instance of singleton bean &apos;org.springframework.aop.support.DefaultBeanFactoryPointcutAdvisor#0&apos;
10:21:02.077 [] [] [main] DEBUG o.s.b.f.s.DefaultListableBeanFactory - Creating instance of bean &apos;(inner bean)#e6139f&apos;
10:21:02.077 [] [] [main] DEBUG o.s.b.f.s.DefaultListableBeanFactory - Returning cached instance of singleton bean &apos;org.springframework.transaction.config.internalTransactionAdvisor&apos;
10:21:02.077 [] [] [main] DEBUG o.s.b.f.s.DefaultListableBeanFactory - Returning cached instance of singleton bean &apos;org.springframework.aop.support.DefaultBeanFactoryPointcutAdvisor#0&apos;
10:21:02.077 [] [] [main] TRACE o.s.beans.TypeConverterDelegate - Converting String to [class [Lorg.springframework.core.io.Resource;] using property editor [org.springframework.core.io.support.ResourceArrayPropertyEditor@112356a]
10:21:02.078 [] [] [main] TRACE o.a.s.s.web.ShiroFilterFactoryBean - Ignoring non-Filter bean &apos;(inner bean)#e6139f&apos;
10:21:02.078 [] [] [main] DEBUG o.s.b.f.s.DefaultListableBeanFactory - Invoking afterPropertiesSet() on bean with name &apos;(inner bean)#e6139f&apos;
10:21:02.078 [] [] [main] DEBUG o.s.b.f.s.DefaultListableBeanFactory - Returning cached instance of singleton bean &apos;org.springframework.transaction.config.internalTransactionAdvisor&apos;
10:21:02.078 [] [] [main] DEBUG o.s.b.f.s.DefaultListableBeanFactory - Returning cached instance of singleton bean &apos;org.springframework.aop.support.DefaultBeanFactoryPointcutAdvisor#0&apos;
10:21:02.078 [] [] [main] DEBUG o.s.b.f.s.DefaultListableBeanFactory - Returning cached instance of singleton bean &apos;org.springframework.transaction.config.internalTransactionAdvisor&apos;
10:21:02.078 [] [] [main] DEBUG o.s.b.f.s.DefaultListableBeanFactory - Returning cached instance of singleton bean &apos;org.springframework.aop.support.DefaultBeanFactoryPointcutAdvisor#0&apos;
10:21:02.079 [] [] [main] DEBUG o.s.b.f.s.DefaultListableBeanFactory - Finished creating instance of bean &apos;(inner bean)#e6139f&apos;
10:21:02.079 [] [] [main] DEBUG o.s.b.f.s.DefaultListableBeanFactory - Returning cached instance of singleton bean &apos;org.springframework.transaction.config.internalTransactionAdvisor&apos;
10:21:02.079 [] [] [main] DEBUG o.s.b.f.s.DefaultListableBeanFactory - Returning cached instance of singleton bean &apos;org.springframework.aop.support.DefaultBeanFactoryPointcutAdvisor#0&apos;
10:21:02.079 [] [] [main] DEBUG o.s.b.f.s.DefaultListableBeanFactory - Returning cached instance of singleton bean &apos;org.springframework.transaction.config.internalTransactionAdvisor&apos;
10:21:02.079 [] [] [main] DEBUG o.s.b.f.s.DefaultListableBeanFactory - Returning cached instance of singleton bean &apos;org.springframework.aop.support.DefaultBeanFactoryPointcutAdvisor#0&apos;
10:21:02.079 [] [] [main] TRACE o.a.s.s.web.ShiroFilterFactoryBean - Ignoring non-Filter bean &apos;(inner bean)#14eaf88&apos;
10:21:02.079 [] [] [main] DEBUG o.s.b.f.s.DefaultListableBeanFactory - Returning cached instance of singleton bean &apos;org.springframework.transaction.config.internalTransactionAdvisor&apos;
10:21:02.079 [] [] [main] DEBUG o.s.b.f.s.DefaultListableBeanFactory - Returning cached instance of singleton bean &apos;org.springframework.aop.support.DefaultBeanFactoryPointcutAdvisor#0&apos;
10:21:02.079 [] [] [main] DEBUG o.s.b.f.s.DefaultListableBeanFactory - Returning cached instance of singleton bean &apos;org.springframework.transaction.config.internalTransactionAdvisor&apos;
10:21:02.079 [] [] [main] DEBUG o.s.b.f.s.DefaultListableBeanFactory - Returning cached instance of singleton bean &apos;org.springframework.aop.support.DefaultBeanFactoryPointcutAdvisor#0&apos;
10:21:02.080 [] [] [main] DEBUG o.s.b.f.s.DefaultListableBeanFactory - Finished creating instance of bean &apos;(inner bean)#14eaf88&apos;
10:21:02.080 [] [] [main] DEBUG o.s.b.f.s.DefaultListableBeanFactory - Creating instance of bean &apos;(inner bean)#12622f3&apos;
10:21:02.080 [] [] [main] DEBUG o.s.b.f.s.DefaultListableBeanFactory - Returning cached instance of singleton bean &apos;org.springframework.transaction.config.internalTransactionAdvisor&apos;
10:21:02.080 [] [] [main] DEBUG o.s.b.f.s.DefaultListableBeanFactory - Returning cached instance of singleton bean &apos;org.springframework.aop.support.DefaultBeanFactoryPointcutAdvisor#0&apos;
10:21:02.080 [] [] [main] TRACE o.a.s.s.web.ShiroFilterFactoryBean - Ignoring non-Filter bean &apos;(inner bean)#12622f3&apos;
10:21:02.080 [] [] [main] DEBUG o.s.b.f.s.DefaultListableBeanFactory - Returning cached instance of singleton bean &apos;org.springframework.transaction.config.internalTransactionAdvisor&apos;
10:21:02.080 [] [] [main] DEBUG o.s.b.f.s.DefaultListableBeanFactory - Returning cached instance of singleton bean &apos;org.springframework.aop.support.DefaultBeanFactoryPointcutAdvisor#0&apos;
10:21:02.080 [] [] [main] DEBUG o.s.b.f.s.DefaultListableBeanFactory - Returning cached instance of singleton bean &apos;org.springframework.transaction.config.internalTransactionAdvisor&apos;
10:21:02.080 [] [] [main] DEBUG o.s.b.f.s.DefaultListableBeanFactory - Returning cached instance of singleton bean &apos;org.springframework.aop.support.DefaultBeanFactoryPointcutAdvisor#0&apos;
10:21:02.080 [] [] [main] DEBUG o.s.b.f.s.DefaultListableBeanFactory - Finished creating instance of bean &apos;(inner bean)#12622f3&apos;
10:21:02.080 [] [] [main] DEBUG o.s.b.f.s.DefaultListableBeanFactory - Creating instance of bean &apos;(inner bean)#c0a81d&apos;
10:21:02.080 [] [] [main] DEBUG o.s.b.f.s.DefaultListableBeanFactory - Returning cached instance of singleton bean &apos;org.springframework.transaction.config.internalTransactionAdvisor&apos;
10:21:02.080 [] [] [main] DEBUG o.s.b.f.s.DefaultListableBeanFactory - Returning cached instance of singleton bean &apos;org.springframework.aop.support.DefaultBeanFactoryPointcutAdvisor#0&apos;
10:21:02.080 [] [] [main] DEBUG o.s.b.f.s.DefaultListableBeanFactory - Returning cached instance of singleton bean &apos;entityManagerFactory&apos;
10:21:02.081 [] [] [main] TRACE o.s.b.f.s.DefaultListableBeanFactory - Ignoring factory method [public static javax.persistence.EntityManager org.springframework.orm.jpa.SharedEntityManagerCreator.createSharedEntityManager(javax.persistence.EntityManagerFactory,java.util.Map,java.lang.Class[])] of bean &apos;(inner bean)#c0a81d&apos;: org.springframework.beans.factory.UnsatisfiedDependencyException: Error creating bean with name &apos;(inner bean)#c0a81d&apos;: Unsatisfied dependency expressed through constructor argument with index 1 of type [java.util.Map]: Ambiguous factory method argument types - did you specify the correct bean references as factory method arguments?
10:21:02.081 [] [] [main] TRACE o.s.b.f.s.DefaultListableBeanFactory - Ignoring factory method [public static javax.persistence.EntityManager org.springframework.orm.jpa.SharedEntityManagerCreator.createSharedEntityManager(javax.persistence.EntityManagerFactory,java.util.Map)] of bean &apos;(inner bean)#c0a81d&apos;: org.springframework.beans.factory.UnsatisfiedDependencyException: Error creating bean with name &apos;(inner bean)#c0a81d&apos;: Unsatisfied dependency expressed through constructor argument with index 1 of type [java.util.Map]: Ambiguous factory method argument types - did you specify the correct bean references as factory method arguments?
10:21:02.081 [] [] [main] TRACE o.a.s.s.web.ShiroFilterFactoryBean - Ignoring non-Filter bean &apos;(inner bean)#c0a81d&apos;
10:21:02.081 [] [] [main] DEBUG o.s.b.f.s.DefaultListableBeanFactory - Returning cached instance of singleton bean &apos;org.springframework.transaction.config.internalTransactionAdvisor&apos;
10:21:02.081 [] [] [main] DEBUG o.s.b.f.s.DefaultListableBeanFactory - Returning cached instance of singleton bean &apos;org.springframework.aop.support.DefaultBeanFactoryPointcutAdvisor#0&apos;
10:21:02.081 [] [] [main] DEBUG o.s.b.f.s.DefaultListableBeanFactory - Returning cached instance of singleton bean &apos;org.springframework.transaction.config.internalTransactionAdvisor&apos;
10:21:02.081 [] [] [main] DEBUG o.s.b.f.s.DefaultListableBeanFactory - Returning cached instance of singleton bean &apos;org.springframework.aop.support.DefaultBeanFactoryPointcutAdvisor#0&apos;
10:21:02.081 [] [] [main] DEBUG o.s.b.f.s.DefaultListableBeanFactory - Finished creating instance of bean &apos;(inner bean)#c0a81d&apos;
10:21:02.081 [] [] [main] DEBUG o.s.b.f.s.DefaultListableBeanFactory - Returning cached instance of singleton bean &apos;jpaMapppingContext&apos;
10:21:02.082 [] [] [main] TRACE o.a.s.s.web.ShiroFilterFactoryBean - Ignoring non-Filter bean &apos;mgrUserDao&apos;
10:21:02.082 [] [] [main] DEBUG o.s.b.f.s.DefaultListableBeanFactory - Invoking afterPropertiesSet() on bean with name &apos;mgrUserDao&apos;
10:21:02.082 [] [] [main] DEBUG o.s.o.j.SharedEntityManagerCreator$SharedEntityManagerInvocationHandler - Creating new EntityManager for shared EntityManager invocation
10:21:02.082 [] [] [main] TRACE o.h.i.SessionFactoryImpl$SessionBuilderImpl - Opening Hibernate Session.  tenant=null, owner=org.hibernate.jpa.internal.EntityManagerImpl@521199
10:21:02.082 [] [] [main] TRACE org.hibernate.internal.SessionImpl - Opened session at timestamp: 15294612620
10:21:02.082 [] [] [main] TRACE org.hibernate.internal.SessionImpl - Setting flush mode to: AUTO
10:21:02.082 [] [] [main] TRACE org.hibernate.internal.SessionImpl - Setting cache mode to: NORMAL
10:21:02.082 [] [] [main] DEBUG o.s.o.jpa.EntityManagerFactoryUtils - Closing JPA EntityManager
10:21:02.082 [] [] [main] TRACE org.hibernate.internal.SessionImpl - Closing session
10:21:02.082 [] [] [main] TRACE o.h.e.j.internal.JdbcCoordinatorImpl - Closing JDBC container [org.hibernate.engine.jdbc.internal.JdbcCoordinatorImpl@15b27]
10:21:02.082 [] [] [main] TRACE o.h.e.j.i.LogicalConnectionImpl - Closing logical connection
10:21:02.082 [] [] [main] TRACE o.h.e.j.i.LogicalConnectionImpl - Logical connection closed
10:21:02.084 [] [] [main] DEBUG o.s.o.j.SharedEntityManagerCreator$SharedEntityManagerInvocationHandler - Creating new EntityManager for shared EntityManager invocation
10:21:02.084 [] [] [main] TRACE o.h.i.SessionFactoryImpl$SessionBuilderImpl - Opening Hibernate Session.  tenant=null, owner=org.hibernate.jpa.internal.EntityManagerImpl@15c5503
10:21:02.084 [] [] [main] TRACE org.hibernate.internal.SessionImpl - Opened session at timestamp: 15294612620
10:21:02.084 [] [] [main] TRACE org.hibernate.internal.SessionImpl - Setting flush mode to: AUTO
10:21:02.084 [] [] [main] TRACE org.hibernate.internal.SessionImpl - Setting cache mode to: NORMAL
10:21:02.084 [] [] [main] DEBUG o.s.o.jpa.EntityManagerFactoryUtils - Closing JPA EntityManager
10:21:02.084 [] [] [main] TRACE org.hibernate.internal.SessionImpl - Closing session
10:21:02.084 [] [] [main] TRACE o.h.e.j.internal.JdbcCoordinatorImpl - Closing JDBC container [org.hibernate.engine.jdbc.internal.JdbcCoordinatorImpl@d13cc2]
10:21:02.084 [] [] [main] TRACE o.h.e.j.i.LogicalConnectionImpl - Closing logical connection
10:21:02.084 [] [] [main] TRACE o.h.e.j.i.LogicalConnectionImpl - Logical connection closed
10:21:02.084 [] [] [main] DEBUG o.s.aop.framework.JdkDynamicAopProxy - Creating JDK dynamic proxy: target source is org.springframework.data.jpa.repository.support.CrudMethodMetadataPostProcessor$ThreadBoundTargetSource@ebeb20
10:21:02.091 [] [] [main] DEBUG o.s.d.j.r.query.JpaQueryFactory - Looking up query for method getNextId
10:21:02.097 [] [] [main] TRACE o.h.i.SessionFactoryImpl$SessionBuilderImpl - Opening Hibernate Session.  tenant=null, owner=org.hibernate.jpa.internal.EntityManagerImpl@a98c6
10:21:02.097 [] [] [main] TRACE org.hibernate.internal.SessionImpl - Opened session at timestamp: 15294612620
10:21:02.097 [] [] [main] TRACE org.hibernate.internal.SessionImpl - Setting flush mode to: AUTO
10:21:02.097 [] [] [main] TRACE org.hibernate.internal.SessionImpl - Setting cache mode to: NORMAL
10:21:02.105 [] [] [main] TRACE o.h.engine.query.spi.QueryPlanCache - Unable to locate HQL query plan in cache; generating (select max(user.id)+1 from MgrUser user)
10:21:02.131 [] [] [main] DEBUG o.h.h.i.ast.QueryTranslatorImpl - parse() - HQL: select max(user.id)+1 from com.yonyou.iuap.system.entity.MgrUser user
10:21:02.136 [] [] [main] DEBUG o.h.h.i.ast.QueryTranslatorImpl - --- HQL AST ---
 \-[QUERY] Node: &apos;query&apos;
    \-[SELECT_FROM] Node: &apos;SELECT_FROM&apos;
       +-[FROM] Node: &apos;from&apos;
       |  \-[RANGE] Node: &apos;RANGE&apos;
       |     +-[DOT] Node: &apos;.&apos;
       |     |  +-[DOT] Node: &apos;.&apos;
       |     |  |  +-[DOT] Node: &apos;.&apos;
       |     |  |  |  +-[DOT] Node: &apos;.&apos;
       |     |  |  |  |  +-[DOT] Node: &apos;.&apos;
       |     |  |  |  |  |  +-[IDENT] Node: &apos;com&apos;
       |     |  |  |  |  |  \-[IDENT] Node: &apos;yonyou&apos;
       |     |  |  |  |  \-[IDENT] Node: &apos;iuap&apos;
       |     |  |  |  \-[IDENT] Node: &apos;system&apos;
       |     |  |  \-[IDENT] Node: &apos;entity&apos;
       |     |  \-[IDENT] Node: &apos;MgrUser&apos;
       |     \-[ALIAS] Node: &apos;user&apos;
       \-[SELECT] Node: &apos;select&apos;
          \-[PLUS] Node: &apos;+&apos;
             +-[AGGREGATE] Node: &apos;max&apos;
             |  \-[DOT] Node: &apos;.&apos;
             |     +-[IDENT] Node: &apos;user&apos;
             |     \-[IDENT] Node: &apos;id&apos;
             \-[NUM_INT] Node: &apos;1&apos;

10:21:02.137 [] [] [main] DEBUG o.h.hql.internal.ast.ErrorCounter - throwQueryException() : no errors
10:21:02.151 [] [] [main] DEBUG o.h.h.i.antlr.HqlSqlBaseWalker - select &lt;&lt; begin [level=1, statement=select]
10:21:02.162 [] [] [main] DEBUG o.h.h.internal.ast.tree.FromElement - FromClause{level=1} : com.yonyou.iuap.system.entity.MgrUser (user) -&gt; mgruser0_
10:21:02.164 [] [] [main] DEBUG o.h.h.i.ast.tree.FromReferenceNode - Resolved : user -&gt; mgruser0_.id
10:21:02.165 [] [] [main] TRACE o.h.h.internal.ast.tree.FromElement - Handling property dereference [com.yonyou.iuap.system.entity.MgrUser (user) -&gt; id (class)]
10:21:02.165 [] [] [main] DEBUG o.h.hql.internal.ast.tree.DotNode - getDataType() : id -&gt; org.hibernate.type.LongType@1c206e5
10:21:02.166 [] [] [main] DEBUG o.h.h.i.ast.tree.FromReferenceNode - Resolved : user.id -&gt; mgruser0_.id
10:21:02.167 [] [] [main] DEBUG o.h.h.i.antlr.HqlSqlBaseWalker - select : finishing up [level=1, statement=select]
10:21:02.168 [] [] [main] DEBUG o.h.hql.internal.ast.HqlSqlWalker - processQuery() :  ( SELECT ( {select clause} ( + ( max ( mgruser0_.id mgruser0_.id id ) ) 1 ) ) ( FromClause{level=1} mgr_user mgruser0_ ) )
10:21:02.174 [] [] [main] DEBUG o.h.h.i.ast.util.JoinProcessor - Using FROM fragment [mgr_user mgruser0_]
10:21:02.174 [] [] [main] DEBUG o.h.h.i.antlr.HqlSqlBaseWalker - select &gt;&gt; end [level=1, statement=select]
10:21:02.175 [] [] [main] DEBUG o.h.h.i.ast.QueryTranslatorImpl - --- SQL AST ---
 \-[SELECT] QueryNode: &apos;SELECT&apos;  querySpaces (mgr_user)
    +-[SELECT_CLAUSE] SelectClause: &apos;{select clause}&apos;
    |  +-[PLUS] BinaryArithmeticOperatorNode: &apos;+&apos; {dataType=org.hibernate.type.LongType@1c206e5}
    |  |  +-[AGGREGATE] AggregateNode: &apos;max&apos;
    |  |  |  \-[DOT] DotNode: &apos;mgruser0_.id&apos; {propertyName=id,dereferenceType=PRIMITIVE,getPropertyPath=id,path=user.id,tableAlias=mgruser0_,className=com.yonyou.iuap.system.entity.MgrUser,classAlias=user}
    |  |  |     +-[ALIAS_REF] IdentNode: &apos;mgruser0_.id&apos; {alias=user, className=com.yonyou.iuap.system.entity.MgrUser, tableAlias=mgruser0_}
    |  |  |     \-[IDENT] IdentNode: &apos;id&apos; {originalText=id}
    |  |  \-[NUM_INT] LiteralNode: &apos;1&apos;
    |  \-[SELECT_COLUMNS] SqlNode: &apos; as col_0_0_&apos;
    \-[FROM] FromClause: &apos;from&apos; FromClause{level=1, fromElementCounter=1, fromElements=1, fromElementByClassAlias=[user], fromElementByTableAlias=[mgruser0_], fromElementsByPath=[], collectionJoinFromElementsByPath=[], impliedElements=[]}
       \-[FROM_FRAGMENT] FromElement: &apos;mgr_user mgruser0_&apos; FromElement{explicit,not a collection join,not a fetch join,fetch non-lazy properties,classAlias=user,role=null,tableName=mgr_user,tableAlias=mgruser0_,origin=null,columns={,className=com.yonyou.iuap.system.entity.MgrUser}}

10:21:02.175 [] [] [main] DEBUG o.h.hql.internal.ast.ErrorCounter - throwQueryException() : no errors
10:21:02.180 [] [] [main] DEBUG o.h.h.i.ast.QueryTranslatorImpl - HQL: select max(user.id)+1 from com.yonyou.iuap.system.entity.MgrUser user
10:21:02.180 [] [] [main] DEBUG o.h.h.i.ast.QueryTranslatorImpl - SQL: select max(mgruser0_.id)+1 as col_0_0_ from mgr_user mgruser0_
10:21:02.180 [] [] [main] DEBUG o.h.hql.internal.ast.ErrorCounter - throwQueryException() : no errors
10:21:02.182 [] [] [main] TRACE o.h.engine.query.spi.HQLQueryPlan - HQL param location recognition took 1 mills (select max(user.id)+1 from MgrUser user)
10:21:02.184 [] [] [main] TRACE org.hibernate.internal.SessionImpl - Closing session
10:21:02.184 [] [] [main] TRACE o.h.e.j.internal.JdbcCoordinatorImpl - Closing JDBC container [org.hibernate.engine.jdbc.internal.JdbcCoordinatorImpl@9dfa03]
10:21:02.184 [] [] [main] TRACE o.h.e.j.i.LogicalConnectionImpl - Closing logical connection
10:21:02.184 [] [] [main] TRACE o.h.e.j.i.LogicalConnectionImpl - Logical connection closed
10:21:02.185 [] [] [main] DEBUG o.s.d.j.r.query.JpaQueryFactory - Looking up query for method findByCondition
10:21:02.186 [] [] [main] TRACE o.h.i.SessionFactoryImpl$SessionBuilderImpl - Opening Hibernate Session.  tenant=null, owner=org.hibernate.jpa.internal.EntityManagerImpl@2f4aaa
10:21:02.187 [] [] [main] TRACE org.hibernate.internal.SessionImpl - Opened session at timestamp: 15294612621
10:21:02.187 [] [] [main] TRACE org.hibernate.internal.SessionImpl - Setting flush mode to: AUTO
10:21:02.187 [] [] [main] TRACE org.hibernate.internal.SessionImpl - Setting cache mode to: NORMAL
10:21:02.187 [] [] [main] TRACE o.h.engine.query.spi.QueryPlanCache - Unable to locate HQL query plan in cache; generating (select u from MgrUser u where roles in (:con))
10:21:02.187 [] [] [main] DEBUG o.h.h.i.ast.QueryTranslatorImpl - parse() - HQL: select u from com.yonyou.iuap.system.entity.MgrUser u where roles in (:con)
10:21:02.188 [] [] [main] DEBUG o.h.h.i.ast.QueryTranslatorImpl - --- HQL AST ---
 \-[QUERY] Node: &apos;query&apos;
    +-[SELECT_FROM] Node: &apos;SELECT_FROM&apos;
    |  +-[FROM] Node: &apos;from&apos;
    |  |  \-[RANGE] Node: &apos;RANGE&apos;
    |  |     +-[DOT] Node: &apos;.&apos;
    |  |     |  +-[DOT] Node: &apos;.&apos;
    |  |     |  |  +-[DOT] Node: &apos;.&apos;
    |  |     |  |  |  +-[DOT] Node: &apos;.&apos;
    |  |     |  |  |  |  +-[DOT] Node: &apos;.&apos;
    |  |     |  |  |  |  |  +-[IDENT] Node: &apos;com&apos;
    |  |     |  |  |  |  |  \-[IDENT] Node: &apos;yonyou&apos;
    |  |     |  |  |  |  \-[IDENT] Node: &apos;iuap&apos;
    |  |     |  |  |  \-[IDENT] Node: &apos;system&apos;
    |  |     |  |  \-[IDENT] Node: &apos;entity&apos;
    |  |     |  \-[IDENT] Node: &apos;MgrUser&apos;
    |  |     \-[ALIAS] Node: &apos;u&apos;
    |  \-[SELECT] Node: &apos;select&apos;
    |     \-[IDENT] Node: &apos;u&apos;
    \-[WHERE] Node: &apos;where&apos;
       \-[IN] Node: &apos;in&apos;
          +-[IDENT] Node: &apos;roles&apos;
          \-[IN_LIST] Node: &apos;inList&apos;
             \-[COLON] Node: &apos;:&apos;
                \-[IDENT] Node: &apos;con&apos;

10:21:02.188 [] [] [main] DEBUG o.h.hql.internal.ast.ErrorCounter - throwQueryException() : no errors
10:21:02.188 [] [] [main] DEBUG o.h.h.i.antlr.HqlSqlBaseWalker - select &lt;&lt; begin [level=1, statement=select]
10:21:02.188 [] [] [main] DEBUG o.h.h.internal.ast.tree.FromElement - FromClause{level=1} : com.yonyou.iuap.system.entity.MgrUser (u) -&gt; mgruser0_
10:21:02.189 [] [] [main] DEBUG o.h.h.i.ast.tree.FromReferenceNode - Resolved : u -&gt; mgruser0_.id
10:21:02.190 [] [] [main] TRACE o.h.hql.internal.ast.HqlSqlWalker - Attempting to resolve property [roles] as a non-qualified ref
10:21:02.190 [] [] [main] DEBUG o.h.h.i.ast.tree.FromReferenceNode - Resolved : {synthetic-alias} -&gt; {synthetic-alias}
10:21:02.190 [] [] [main] TRACE o.h.h.internal.ast.tree.FromElement - Handling property dereference [com.yonyou.iuap.system.entity.MgrUser (u) -&gt; roles (class)]
10:21:02.190 [] [] [main] DEBUG o.h.hql.internal.ast.tree.DotNode - getDataType() : roles -&gt; org.hibernate.type.StringType@4c735c
10:21:02.190 [] [] [main] DEBUG o.h.h.i.ast.tree.FromReferenceNode - Resolved : {synthetic-alias}.roles -&gt; mgruser0_.roles
10:21:02.191 [] [] [main] DEBUG o.h.h.i.antlr.HqlSqlBaseWalker - select : finishing up [level=1, statement=select]
10:21:02.191 [] [] [main] DEBUG o.h.hql.internal.ast.HqlSqlWalker - processQuery() :  ( SELECT ( {select clause} mgruser0_.id ) ( FromClause{level=1} mgr_user mgruser0_ ) ( where ( in ( mgruser0_.roles {synthetic-alias} roles ) ( inList ? ) ) ) )
10:21:02.192 [] [] [main] DEBUG o.h.h.i.ast.util.JoinProcessor - Using FROM fragment [mgr_user mgruser0_]
10:21:02.192 [] [] [main] DEBUG o.h.h.i.antlr.HqlSqlBaseWalker - select &gt;&gt; end [level=1, statement=select]
10:21:02.193 [] [] [main] DEBUG o.h.h.i.ast.QueryTranslatorImpl - --- SQL AST ---
 \-[SELECT] QueryNode: &apos;SELECT&apos;  querySpaces (mgr_user)
    +-[SELECT_CLAUSE] SelectClause: &apos;{select clause}&apos;
    |  +-[ALIAS_REF] IdentNode: &apos;mgruser0_.id as id1_1_&apos; {alias=u, className=com.yonyou.iuap.system.entity.MgrUser, tableAlias=mgruser0_}
    |  \-[SQL_TOKEN] SqlFragment: &apos;mgruser0_.login_name as login_na2_1_, mgruser0_.name as name3_1_, mgruser0_.password as password4_1_, mgruser0_.register_date as register5_1_, mgruser0_.roles as roles6_1_, mgruser0_.salt as salt7_1_&apos;
    +-[FROM] FromClause: &apos;from&apos; FromClause{level=1, fromElementCounter=1, fromElements=1, fromElementByClassAlias=[u], fromElementByTableAlias=[mgruser0_], fromElementsByPath=[], collectionJoinFromElementsByPath=[], impliedElements=[]}
    |  \-[FROM_FRAGMENT] FromElement: &apos;mgr_user mgruser0_&apos; FromElement{explicit,not a collection join,not a fetch join,fetch non-lazy properties,classAlias=u,role=null,tableName=mgr_user,tableAlias=mgruser0_,origin=null,columns={,className=com.yonyou.iuap.system.entity.MgrUser}}
    \-[WHERE] SqlNode: &apos;where&apos;
       \-[IN] InLogicOperatorNode: &apos;in&apos;
          +-[DOT] DotNode: &apos;mgruser0_.roles&apos; {propertyName=roles,dereferenceType=PRIMITIVE,getPropertyPath=roles,path={synthetic-alias}.roles,tableAlias=mgruser0_,className=com.yonyou.iuap.system.entity.MgrUser,classAlias=u}
          |  +-[IDENT] IdentNode: &apos;{synthetic-alias}&apos; {originalText={synthetic-alias}}
          |  \-[IDENT] IdentNode: &apos;roles&apos; {originalText=roles}
          \-[IN_LIST] SqlNode: &apos;inList&apos;
             \-[NAMED_PARAM] ParameterNode: &apos;?&apos; {name=con, expectedType=org.hibernate.type.StringType@4c735c}

10:21:02.193 [] [] [main] DEBUG o.h.hql.internal.ast.ErrorCounter - throwQueryException() : no errors
10:21:02.193 [] [] [main] DEBUG o.h.h.i.ast.QueryTranslatorImpl - HQL: select u from com.yonyou.iuap.system.entity.MgrUser u where roles in (:con)
10:21:02.193 [] [] [main] DEBUG o.h.h.i.ast.QueryTranslatorImpl - SQL: select mgruser0_.id as id1_1_, mgruser0_.login_name as login_na2_1_, mgruser0_.name as name3_1_, mgruser0_.password as password4_1_, mgruser0_.register_date as register5_1_, mgruser0_.roles as roles6_1_, mgruser0_.salt as salt7_1_ from mgr_user mgruser0_ where mgruser0_.roles in (?)
10:21:02.193 [] [] [main] DEBUG o.h.hql.internal.ast.ErrorCounter - throwQueryException() : no errors
10:21:02.194 [] [] [main] TRACE o.h.engine.query.spi.HQLQueryPlan - HQL param location recognition took 0 mills (select u from MgrUser u where roles in (:con))
10:21:02.195 [] [] [main] TRACE org.hibernate.internal.SessionImpl - Closing session
10:21:02.195 [] [] [main] TRACE o.h.e.j.internal.JdbcCoordinatorImpl - Closing JDBC container [org.hibernate.engine.jdbc.internal.JdbcCoordinatorImpl@6d3f05]
10:21:02.196 [] [] [main] TRACE o.h.e.j.i.LogicalConnectionImpl - Closing logical connection
10:21:02.196 [] [] [main] TRACE o.h.e.j.i.LogicalConnectionImpl - Logical connection closed
10:21:02.196 [] [] [main] DEBUG o.s.d.j.r.query.JpaQueryFactory - Looking up query for method findByLoginName
10:21:02.197 [] [] [main] DEBUG o.s.d.j.repository.query.NamedQuery - Looking up named query MgrUser.findByLoginName
10:21:02.197 [] [] [main] DEBUG o.s.o.j.SharedEntityManagerCreator$SharedEntityManagerInvocationHandler - Creating new EntityManager for shared EntityManager invocation
10:21:02.197 [] [] [main] TRACE o.h.i.SessionFactoryImpl$SessionBuilderImpl - Opening Hibernate Session.  tenant=null, owner=org.hibernate.jpa.internal.EntityManagerImpl@1220923
10:21:02.197 [] [] [main] TRACE org.hibernate.internal.SessionImpl - Opened session at timestamp: 15294612621
10:21:02.197 [] [] [main] TRACE org.hibernate.internal.SessionImpl - Setting flush mode to: AUTO
10:21:02.197 [] [] [main] TRACE org.hibernate.internal.SessionImpl - Setting cache mode to: NORMAL
10:21:02.198 [] [] [main] DEBUG o.h.j.spi.AbstractEntityManagerImpl - Mark transaction for rollback
10:21:02.198 [] [] [main] DEBUG o.s.o.jpa.EntityManagerFactoryUtils - Closing JPA EntityManager
10:21:02.198 [] [] [main] TRACE org.hibernate.internal.SessionImpl - Closing session
10:21:02.198 [] [] [main] TRACE o.h.e.j.internal.JdbcCoordinatorImpl - Closing JDBC container [org.hibernate.engine.jdbc.internal.JdbcCoordinatorImpl@185e5b9]
10:21:02.198 [] [] [main] TRACE o.h.e.j.i.LogicalConnectionImpl - Closing logical connection
10:21:02.198 [] [] [main] TRACE o.h.e.j.i.LogicalConnectionImpl - Logical connection closed
10:21:02.221 [] [] [main] DEBUG o.s.d.j.r.query.JpaQueryFactory - Looking up query for method findById
10:21:02.221 [] [] [main] DEBUG o.s.d.j.repository.query.NamedQuery - Looking up named query MgrUser.findById
10:21:02.221 [] [] [main] DEBUG o.s.o.j.SharedEntityManagerCreator$SharedEntityManagerInvocationHandler - Creating new EntityManager for shared EntityManager invocation
10:21:02.221 [] [] [main] TRACE o.h.i.SessionFactoryImpl$SessionBuilderImpl - Opening Hibernate Session.  tenant=null, owner=org.hibernate.jpa.internal.EntityManagerImpl@cb8d96
10:21:02.221 [] [] [main] TRACE org.hibernate.internal.SessionImpl - Opened session at timestamp: 15294612622
10:21:02.221 [] [] [main] TRACE org.hibernate.internal.SessionImpl - Setting flush mode to: AUTO
10:21:02.221 [] [] [main] TRACE org.hibernate.internal.SessionImpl - Setting cache mode to: NORMAL
10:21:02.221 [] [] [main] DEBUG o.h.j.spi.AbstractEntityManagerImpl - Mark transaction for rollback
10:21:02.221 [] [] [main] DEBUG o.s.o.jpa.EntityManagerFactoryUtils - Closing JPA EntityManager
10:21:02.221 [] [] [main] TRACE org.hibernate.internal.SessionImpl - Closing session
10:21:02.221 [] [] [main] TRACE o.h.e.j.internal.JdbcCoordinatorImpl - Closing JDBC container [org.hibernate.engine.jdbc.internal.JdbcCoordinatorImpl@1bc9415]
10:21:02.221 [] [] [main] TRACE o.h.e.j.i.LogicalConnectionImpl - Closing logical connection
10:21:02.221 [] [] [main] TRACE o.h.e.j.i.LogicalConnectionImpl - Logical connection closed
10:21:02.222 [] [] [main] DEBUG o.s.aop.framework.JdkDynamicAopProxy - Creating JDK dynamic proxy: target source is SingletonTargetSource for target object [org.springframework.data.jpa.repository.support.SimpleJpaRepository@ce24c2]
10:21:02.224 [] [] [main] DEBUG o.s.b.f.s.DefaultListableBeanFactory - Returning cached instance of singleton bean &apos;org.springframework.transaction.config.internalTransactionAdvisor&apos;
10:21:02.224 [] [] [main] DEBUG o.s.b.f.s.DefaultListableBeanFactory - Returning cached instance of singleton bean &apos;org.springframework.aop.support.DefaultBeanFactoryPointcutAdvisor#0&apos;
10:21:02.224 [] [] [main] DEBUG o.s.b.f.s.DefaultListableBeanFactory - Returning cached instance of singleton bean &apos;org.springframework.transaction.config.internalTransactionAdvisor&apos;
10:21:02.224 [] [] [main] DEBUG o.s.b.f.s.DefaultListableBeanFactory - Returning cached instance of singleton bean &apos;org.springframework.aop.support.DefaultBeanFactoryPointcutAdvisor#0&apos;
10:21:02.225 [] [] [main] DEBUG o.s.b.f.s.DefaultListableBeanFactory - Finished creating instance of bean &apos;mgrUserDao&apos;
10:21:02.225 [] [] [main] DEBUG o.s.b.f.s.DefaultListableBeanFactory - Returning cached instance of singleton bean &apos;org.springframework.aop.config.internalAutoProxyCreator&apos;
10:21:02.225 [] [] [main] DEBUG o.s.b.f.s.DefaultListableBeanFactory - Returning cached instance of singleton bean &apos;org.springframework.transaction.annotation.AnnotationTransactionAttributeSource#0&apos;
10:21:02.225 [] [] [main] DEBUG o.s.b.f.s.DefaultListableBeanFactory - Creating shared instance of singleton bean &apos;org.springframework.transaction.interceptor.TransactionInterceptor#0&apos;
10:21:02.225 [] [] [main] DEBUG o.s.b.f.s.DefaultListableBeanFactory - Creating instance of bean &apos;org.springframework.transaction.interceptor.TransactionInterceptor#0&apos;
10:21:02.225 [] [] [main] TRACE o.s.a.a.a.AspectJAwareAdvisorAutoProxyCreator - Did not attempt to auto-proxy infrastructure class [org.springframework.transaction.interceptor.TransactionInterceptor]
10:21:02.226 [] [] [main] DEBUG o.s.b.f.s.DefaultListableBeanFactory - Eagerly caching bean &apos;org.springframework.transaction.interceptor.TransactionInterceptor#0&apos; to allow for resolving potential circular references
10:21:02.226 [] [] [main] TRACE o.s.beans.CachedIntrospectionResults - Getting BeanInfo for class [org.springframework.transaction.interceptor.TransactionInterceptor]
10:21:02.228 [] [] [main] TRACE o.s.beans.CachedIntrospectionResults - Caching PropertyDescriptors for class [org.springframework.transaction.interceptor.TransactionInterceptor]
10:21:02.228 [] [] [main] TRACE o.s.beans.CachedIntrospectionResults - Found bean property &apos;beanFactory&apos; of type [org.springframework.beans.factory.BeanFactory]
10:21:02.228 [] [] [main] TRACE o.s.beans.CachedIntrospectionResults - Found bean property &apos;class&apos; of type [java.lang.Class]
10:21:02.228 [] [] [main] TRACE o.s.beans.CachedIntrospectionResults - Found bean property &apos;transactionAttributeSource&apos; of type [org.springframework.transaction.interceptor.TransactionAttributeSource]
10:21:02.228 [] [] [main] TRACE o.s.beans.CachedIntrospectionResults - Found bean property &apos;transactionAttributeSources&apos; of type [[Lorg.springframework.transaction.interceptor.TransactionAttributeSource;]
10:21:02.228 [] [] [main] TRACE o.s.beans.CachedIntrospectionResults - Found bean property &apos;transactionAttributes&apos; of type [java.util.Properties]
10:21:02.228 [] [] [main] TRACE o.s.beans.CachedIntrospectionResults - Found bean property &apos;transactionManager&apos; of type [org.springframework.transaction.PlatformTransactionManager]
10:21:02.228 [] [] [main] TRACE o.s.beans.CachedIntrospectionResults - Found bean property &apos;transactionManagerBeanName&apos; of type [java.lang.String]
10:21:02.229 [] [] [main] DEBUG o.s.b.f.s.DefaultListableBeanFactory - Returning cached instance of singleton bean &apos;org.springframework.transaction.annotation.AnnotationTransactionAttributeSource#0&apos;
10:21:02.229 [] [] [main] TRACE o.a.s.s.web.ShiroFilterFactoryBean - Ignoring non-Filter bean &apos;org.springframework.transaction.interceptor.TransactionInterceptor#0&apos;
10:21:02.229 [] [] [main] DEBUG o.s.b.f.s.DefaultListableBeanFactory - Invoking afterPropertiesSet() on bean with name &apos;org.springframework.transaction.interceptor.TransactionInterceptor#0&apos;
10:21:02.229 [] [] [main] DEBUG o.s.b.f.s.DefaultListableBeanFactory - Finished creating instance of bean &apos;org.springframework.transaction.interceptor.TransactionInterceptor#0&apos;
10:21:02.229 [] [] [main] DEBUG o.s.b.f.s.DefaultListableBeanFactory - Returning cached instance of singleton bean &apos;org.springframework.transaction.config.internalTransactionAdvisor&apos;
10:21:02.229 [] [] [main] DEBUG o.s.b.f.s.DefaultListableBeanFactory - Returning cached instance of singleton bean &apos;org.springframework.aop.support.DefaultBeanFactoryPointcutAdvisor#0&apos;
10:21:02.229 [] [] [main] DEBUG o.s.b.f.s.DefaultListableBeanFactory - Returning cached instance of singleton bean &apos;statelessRealm&apos;
10:21:02.229 [] [] [main] DEBUG o.s.b.f.s.DefaultListableBeanFactory - Creating shared instance of singleton bean &apos;SpringContextUtil&apos;
10:21:02.230 [] [] [main] DEBUG o.s.b.f.s.DefaultListableBeanFactory - Creating instance of bean &apos;SpringContextUtil&apos;
10:21:02.230 [] [] [main] DEBUG o.s.b.f.s.DefaultListableBeanFactory - Returning cached instance of singleton bean &apos;org.springframework.transaction.config.internalTransactionAdvisor&apos;
10:21:02.230 [] [] [main] DEBUG o.s.b.f.s.DefaultListableBeanFactory - Returning cached instance of singleton bean &apos;org.springframework.aop.support.DefaultBeanFactoryPointcutAdvisor#0&apos;
10:21:02.230 [] [] [main] DEBUG o.s.b.f.s.DefaultListableBeanFactory - Eagerly caching bean &apos;SpringContextUtil&apos; to allow for resolving potential circular references
10:21:02.230 [] [] [main] TRACE o.s.beans.CachedIntrospectionResults - Getting BeanInfo for class [com.yonyou.util.SpringContextUtil]
10:21:02.231 [] [] [main] TRACE o.s.beans.CachedIntrospectionResults - Caching PropertyDescriptors for class [com.yonyou.util.SpringContextUtil]
10:21:02.231 [] [] [main] TRACE o.s.beans.CachedIntrospectionResults - Found bean property &apos;applicationContext&apos; of type [org.springframework.context.ApplicationContext]
10:21:02.231 [] [] [main] TRACE o.s.beans.CachedIntrospectionResults - Found bean property &apos;class&apos; of type [java.lang.Class]
10:21:02.231 [] [] [main] TRACE o.a.s.s.web.ShiroFilterFactoryBean - Ignoring non-Filter bean &apos;SpringContextUtil&apos;
10:21:02.231 [] [] [main] DEBUG o.s.b.f.s.DefaultListableBeanFactory - Returning cached instance of singleton bean &apos;org.springframework.transaction.config.internalTransactionAdvisor&apos;
10:21:02.231 [] [] [main] DEBUG o.s.b.f.s.DefaultListableBeanFactory - Returning cached instance of singleton bean &apos;org.springframework.aop.support.DefaultBeanFactoryPointcutAdvisor#0&apos;
10:21:02.231 [] [] [main] DEBUG o.s.b.f.s.DefaultListableBeanFactory - Returning cached instance of singleton bean &apos;org.springframework.transaction.config.internalTransactionAdvisor&apos;
10:21:02.231 [] [] [main] DEBUG o.s.b.f.s.DefaultListableBeanFactory - Returning cached instance of singleton bean &apos;org.springframework.aop.support.DefaultBeanFactoryPointcutAdvisor#0&apos;
10:21:02.232 [] [] [main] DEBUG o.s.b.f.s.DefaultListableBeanFactory - Finished creating instance of bean &apos;SpringContextUtil&apos;
10:21:02.232 [] [] [main] DEBUG o.s.b.f.s.DefaultListableBeanFactory - Returning cached instance of singleton bean &apos;subjectFactory&apos;
10:21:02.232 [] [] [main] DEBUG o.s.b.f.s.DefaultListableBeanFactory - Returning cached instance of singleton bean &apos;webTokenProcessor&apos;
10:21:02.232 [] [] [main] DEBUG o.s.b.f.s.DefaultListableBeanFactory - Returning cached instance of singleton bean &apos;maTokenProcessor&apos;
10:21:02.232 [] [] [main] DEBUG o.s.b.f.s.DefaultListableBeanFactory - Returning cached instance of singleton bean &apos;tokenFactory&apos;
10:21:02.232 [] [] [main] DEBUG o.s.b.f.s.DefaultListableBeanFactory - Returning cached instance of singleton bean &apos;sessionManager&apos;
10:21:02.232 [] [] [main] DEBUG o.s.b.f.s.DefaultListableBeanFactory - Returning cached instance of singleton bean &apos;securityManager&apos;
10:21:02.232 [] [] [main] DEBUG o.s.b.f.s.DefaultListableBeanFactory - Returning cached instance of singleton bean &apos;org.springframework.beans.factory.config.MethodInvokingFactoryBean#0&apos;
10:21:02.232 [] [] [main] DEBUG o.s.b.f.s.DefaultListableBeanFactory - Returning cached instance of singleton bean &apos;statelessAuthcFilter&apos;
10:21:02.232 [] [] [main] DEBUG o.s.b.f.s.DefaultListableBeanFactory - Creating shared instance of singleton bean &apos;logout&apos;
10:21:02.233 [] [] [main] DEBUG o.s.b.f.s.DefaultListableBeanFactory - Creating instance of bean &apos;logout&apos;
10:21:02.233 [] [] [main] DEBUG o.s.b.f.s.DefaultListableBeanFactory - Returning cached instance of singleton bean &apos;org.springframework.transaction.config.internalTransactionAdvisor&apos;
10:21:02.233 [] [] [main] DEBUG o.s.b.f.s.DefaultListableBeanFactory - Returning cached instance of singleton bean &apos;org.springframework.aop.support.DefaultBeanFactoryPointcutAdvisor#0&apos;
10:21:02.234 [] [] [main] DEBUG o.s.b.f.annotation.InjectionMetadata - Registered injected element on class [com.yonyou.iuap.auth.shiro.LogoutFilter]: AutowiredFieldElement for private com.yonyou.iuap.auth.session.SessionManager com.yonyou.iuap.auth.shiro.LogoutFilter.sessionManager
10:21:02.234 [] [] [main] DEBUG o.s.b.f.annotation.InjectionMetadata - Registered injected element on class [com.yonyou.iuap.auth.shiro.LogoutFilter]: AutowiredFieldElement for private com.yonyou.iuap.auth.token.TokenFactory com.yonyou.iuap.auth.shiro.LogoutFilter.tokenFactory
10:21:02.234 [] [] [main] DEBUG o.s.b.f.s.DefaultListableBeanFactory - Eagerly caching bean &apos;logout&apos; to allow for resolving potential circular references
10:21:02.234 [] [] [main] TRACE o.s.beans.CachedIntrospectionResults - Getting BeanInfo for class [com.yonyou.iuap.auth.shiro.LogoutFilter]
10:21:02.236 [] [] [main] TRACE o.s.beans.CachedIntrospectionResults - Caching PropertyDescriptors for class [com.yonyou.iuap.auth.shiro.LogoutFilter]
10:21:02.236 [] [] [main] TRACE o.s.beans.CachedIntrospectionResults - Found bean property &apos;class&apos; of type [java.lang.Class]
10:21:02.236 [] [] [main] TRACE o.s.beans.CachedIntrospectionResults - Found bean property &apos;enabled&apos; of type [boolean]
10:21:02.236 [] [] [main] TRACE o.s.beans.CachedIntrospectionResults - Found bean property &apos;filterConfig&apos; of type [javax.servlet.FilterConfig]
10:21:02.236 [] [] [main] TRACE o.s.beans.CachedIntrospectionResults - Found bean property &apos;name&apos; of type [java.lang.String]
10:21:02.237 [] [] [main] TRACE o.s.beans.CachedIntrospectionResults - Found bean property &apos;redirectUrl&apos; of type [java.lang.String]
10:21:02.237 [] [] [main] TRACE o.s.beans.CachedIntrospectionResults - Found bean property &apos;servletContext&apos; of type [javax.servlet.ServletContext]
10:21:02.237 [] [] [main] DEBUG o.s.b.f.annotation.InjectionMetadata - Processing injected method of bean &apos;logout&apos;: AutowiredFieldElement for private com.yonyou.iuap.auth.session.SessionManager com.yonyou.iuap.auth.shiro.LogoutFilter.sessionManager
10:21:02.238 [] [] [main] DEBUG o.s.b.f.s.DefaultListableBeanFactory - Returning cached instance of singleton bean &apos;sessionMgr&apos;
10:21:02.238 [] [] [main] DEBUG o.s.b.f.a.AutowiredAnnotationBeanPostProcessor - Autowiring by type from bean name &apos;logout&apos; to bean named &apos;sessionMgr&apos;
10:21:02.238 [] [] [main] DEBUG o.s.b.f.annotation.InjectionMetadata - Processing injected method of bean &apos;logout&apos;: AutowiredFieldElement for private com.yonyou.iuap.auth.token.TokenFactory com.yonyou.iuap.auth.shiro.LogoutFilter.tokenFactory
10:21:02.238 [] [] [main] DEBUG o.s.b.f.s.DefaultListableBeanFactory - Returning cached instance of singleton bean &apos;tokenFactory&apos;
10:21:02.238 [] [] [main] DEBUG o.s.b.f.a.AutowiredAnnotationBeanPostProcessor - Autowiring by type from bean name &apos;logout&apos; to bean named &apos;tokenFactory&apos;
10:21:02.238 [] [] [main] DEBUG o.a.s.s.web.ShiroFilterFactoryBean - Found filter chain candidate filter &apos;logout&apos;
10:21:02.239 [] [] [main] DEBUG o.s.b.f.s.DefaultListableBeanFactory - Returning cached instance of singleton bean &apos;org.springframework.transaction.config.internalTransactionAdvisor&apos;
10:21:02.239 [] [] [main] DEBUG o.s.b.f.s.DefaultListableBeanFactory - Returning cached instance of singleton bean &apos;org.springframework.aop.support.DefaultBeanFactoryPointcutAdvisor#0&apos;
10:21:02.239 [] [] [main] DEBUG o.s.b.f.s.DefaultListableBeanFactory - Returning cached instance of singleton bean &apos;org.springframework.transaction.config.internalTransactionAdvisor&apos;
10:21:02.239 [] [] [main] DEBUG o.s.b.f.s.DefaultListableBeanFactory - Returning cached instance of singleton bean &apos;org.springframework.aop.support.DefaultBeanFactoryPointcutAdvisor#0&apos;
10:21:02.239 [] [] [main] DEBUG o.s.b.f.s.DefaultListableBeanFactory - Finished creating instance of bean &apos;logout&apos;
10:21:02.239 [] [] [main] DEBUG o.s.b.f.s.DefaultListableBeanFactory - Returning cached instance of singleton bean &apos;shiroFilter&apos;
10:21:02.239 [] [] [main] DEBUG o.s.b.f.s.DefaultListableBeanFactory - Returning cached instance of singleton bean &apos;lifecycleBeanPostProcessor&apos;
10:21:02.239 [] [] [main] DEBUG o.s.b.f.s.DefaultListableBeanFactory - Returning cached instance of singleton bean &apos;sessionMgr&apos;
10:21:02.239 [] [] [main] DEBUG o.s.b.f.s.DefaultListableBeanFactory - Returning cached instance of singleton bean &apos;${dubbo.provider.application.name}&apos;
10:21:02.239 [] [] [main] DEBUG o.s.b.f.s.DefaultListableBeanFactory - Returning cached instance of singleton bean &apos;com.alibaba.dubbo.config.RegistryConfig&apos;
10:21:02.239 [] [] [main] DEBUG o.s.b.f.s.DefaultListableBeanFactory - Creating shared instance of singleton bean &apos;${dubbo.provider.protocol.name}&apos;
10:21:02.239 [] [] [main] DEBUG o.s.b.f.s.DefaultListableBeanFactory - Creating instance of bean &apos;${dubbo.provider.protocol.name}&apos;
10:21:02.239 [] [] [main] DEBUG o.s.b.f.s.DefaultListableBeanFactory - Returning cached instance of singleton bean &apos;org.springframework.transaction.config.internalTransactionAdvisor&apos;
10:21:02.239 [] [] [main] DEBUG o.s.b.f.s.DefaultListableBeanFactory - Returning cached instance of singleton bean &apos;org.springframework.aop.support.DefaultBeanFactoryPointcutAdvisor#0&apos;
10:21:02.241 [] [] [main] DEBUG o.s.b.f.s.DefaultListableBeanFactory - Eagerly caching bean &apos;${dubbo.provider.protocol.name}&apos; to allow for resolving potential circular references
10:21:02.241 [] [] [main] TRACE o.s.beans.CachedIntrospectionResults - Getting BeanInfo for class [com.alibaba.dubbo.config.ProtocolConfig]
10:21:02.242 [] [] [main] TRACE o.s.beans.CachedIntrospectionResults - Caching PropertyDescriptors for class [com.alibaba.dubbo.config.ProtocolConfig]
10:21:02.242 [] [] [main] TRACE o.s.beans.CachedIntrospectionResults - Found bean property &apos;accepts&apos; of type [java.lang.Integer]
10:21:02.243 [] [] [main] TRACE o.s.beans.CachedIntrospectionResults - Found bean property &apos;accesslog&apos; of type [java.lang.String]
10:21:02.243 [] [] [main] TRACE o.s.beans.CachedIntrospectionResults - Found bean property &apos;buffer&apos; of type [java.lang.Integer]
10:21:02.243 [] [] [main] TRACE o.s.beans.CachedIntrospectionResults - Found bean property &apos;charset&apos; of type [java.lang.String]
10:21:02.243 [] [] [main] TRACE o.s.beans.CachedIntrospectionResults - Found bean property &apos;class&apos; of type [java.lang.Class]
10:21:02.243 [] [] [main] TRACE o.s.beans.CachedIntrospectionResults - Found bean property &apos;client&apos; of type [java.lang.String]
10:21:02.243 [] [] [main] TRACE o.s.beans.CachedIntrospectionResults - Found bean property &apos;codec&apos; of type [java.lang.String]
10:21:02.243 [] [] [main] TRACE o.s.beans.CachedIntrospectionResults - Found bean property &apos;contextpath&apos; of type [java.lang.String]
10:21:02.243 [] [] [main] TRACE o.s.beans.CachedIntrospectionResults - Found bean property &apos;default&apos; of type [java.lang.Boolean]
10:21:02.243 [] [] [main] TRACE o.s.beans.CachedIntrospectionResults - Found bean property &apos;dispatcher&apos; of type [java.lang.String]
10:21:02.243 [] [] [main] TRACE o.s.beans.CachedIntrospectionResults - Found bean property &apos;dispather&apos; of type [java.lang.String]
10:21:02.243 [] [] [main] TRACE o.s.beans.CachedIntrospectionResults - Found bean property &apos;exchanger&apos; of type [java.lang.String]
10:21:02.243 [] [] [main] TRACE o.s.beans.CachedIntrospectionResults - Found bean property &apos;extension&apos; of type [java.lang.String]
10:21:02.243 [] [] [main] TRACE o.s.beans.CachedIntrospectionResults - Found bean property &apos;heartbeat&apos; of type [java.lang.Integer]
10:21:02.243 [] [] [main] TRACE o.s.beans.CachedIntrospectionResults - Found bean property &apos;host&apos; of type [java.lang.String]
10:21:02.243 [] [] [main] TRACE o.s.beans.CachedIntrospectionResults - Found bean property &apos;id&apos; of type [java.lang.String]
10:21:02.243 [] [] [main] TRACE o.s.beans.CachedIntrospectionResults - Found bean property &apos;iothreads&apos; of type [java.lang.Integer]
10:21:02.243 [] [] [main] TRACE o.s.beans.CachedIntrospectionResults - Found bean property &apos;keepAlive&apos; of type [java.lang.Boolean]
10:21:02.243 [] [] [main] TRACE o.s.beans.CachedIntrospectionResults - Found bean property &apos;name&apos; of type [java.lang.String]
10:21:02.243 [] [] [main] TRACE o.s.beans.CachedIntrospectionResults - Found bean property &apos;networker&apos; of type [java.lang.String]
10:21:02.243 [] [] [main] TRACE o.s.beans.CachedIntrospectionResults - Found bean property &apos;optimizer&apos; of type [java.lang.String]
10:21:02.243 [] [] [main] TRACE o.s.beans.CachedIntrospectionResults - Found bean property &apos;parameters&apos; of type [java.util.Map]
10:21:02.243 [] [] [main] TRACE o.s.beans.CachedIntrospectionResults - Found bean property &apos;path&apos; of type [java.lang.String]
10:21:02.243 [] [] [main] TRACE o.s.beans.CachedIntrospectionResults - Found bean property &apos;payload&apos; of type [java.lang.Integer]
10:21:02.243 [] [] [main] TRACE o.s.beans.CachedIntrospectionResults - Found bean property &apos;port&apos; of type [java.lang.Integer]
10:21:02.243 [] [] [main] TRACE o.s.beans.CachedIntrospectionResults - Found bean property &apos;prompt&apos; of type [java.lang.String]
10:21:02.243 [] [] [main] TRACE o.s.beans.CachedIntrospectionResults - Found bean property &apos;queues&apos; of type [java.lang.Integer]
10:21:02.243 [] [] [main] TRACE o.s.beans.CachedIntrospectionResults - Found bean property &apos;register&apos; of type [java.lang.Boolean]
10:21:02.243 [] [] [main] TRACE o.s.beans.CachedIntrospectionResults - Found bean property &apos;serialization&apos; of type [java.lang.String]
10:21:02.243 [] [] [main] TRACE o.s.beans.CachedIntrospectionResults - Found bean property &apos;server&apos; of type [java.lang.String]
10:21:02.243 [] [] [main] TRACE o.s.beans.CachedIntrospectionResults - Found bean property &apos;status&apos; of type [java.lang.String]
10:21:02.243 [] [] [main] TRACE o.s.beans.CachedIntrospectionResults - Found bean property &apos;telnet&apos; of type [java.lang.String]
10:21:02.243 [] [] [main] TRACE o.s.beans.CachedIntrospectionResults - Found bean property &apos;threadpool&apos; of type [java.lang.String]
10:21:02.243 [] [] [main] TRACE o.s.beans.CachedIntrospectionResults - Found bean property &apos;threads&apos; of type [java.lang.Integer]
10:21:02.243 [] [] [main] TRACE o.s.beans.CachedIntrospectionResults - Found bean property &apos;transporter&apos; of type [java.lang.String]
10:21:02.245 [] [] [main] TRACE o.s.beans.TypeConverterDelegate - Converting String to [class java.lang.Integer] using property editor [org.springframework.beans.propertyeditors.CustomNumberEditor@773d51]
10:21:02.245 [] [] [main] TRACE o.a.s.s.web.ShiroFilterFactoryBean - Ignoring non-Filter bean &apos;${dubbo.provider.protocol.name}&apos;
10:21:02.245 [] [] [main] DEBUG o.s.b.f.s.DefaultListableBeanFactory - Returning cached instance of singleton bean &apos;org.springframework.transaction.config.internalTransactionAdvisor&apos;
10:21:02.245 [] [] [main] DEBUG o.s.b.f.s.DefaultListableBeanFactory - Returning cached instance of singleton bean &apos;org.springframework.aop.support.DefaultBeanFactoryPointcutAdvisor#0&apos;
10:21:02.245 [] [] [main] DEBUG o.s.b.f.s.DefaultListableBeanFactory - Returning cached instance of singleton bean &apos;org.springframework.transaction.config.internalTransactionAdvisor&apos;
10:21:02.245 [] [] [main] DEBUG o.s.b.f.s.DefaultListableBeanFactory - Returning cached instance of singleton bean &apos;org.springframework.aop.support.DefaultBeanFactoryPointcutAdvisor#0&apos;
10:21:02.246 [] [] [main] DEBUG o.s.b.f.s.DefaultListableBeanFactory - Finished creating instance of bean &apos;${dubbo.provider.protocol.name}&apos;
10:21:02.246 [] [] [main] DEBUG o.s.b.f.s.DefaultListableBeanFactory - Returning cached instance of singleton bean &apos;com.alibaba.dubbo.config.MonitorConfig&apos;
10:21:02.246 [] [] [main] DEBUG o.s.b.f.s.DefaultListableBeanFactory - Returning cached instance of singleton bean &apos;com.alibaba.dubbo.config.RegistryConfig2&apos;
10:21:02.246 [] [] [main] DEBUG o.s.b.f.s.DefaultListableBeanFactory - Returning cached instance of singleton bean &apos;com.alibaba.dubbo.config.ConsumerConfig&apos;
10:21:02.246 [] [] [main] DEBUG o.s.b.f.s.DefaultListableBeanFactory - Returning cached instance of singleton bean &apos;iApiService&apos;
10:21:02.246 [] [] [main] DEBUG o.s.b.f.s.DefaultListableBeanFactory - Returning cached instance of singleton bean &apos;org.springframework.context.annotation.ConfigurationClassPostProcessor.importAwareProcessor&apos;
10:21:02.246 [] [] [main] DEBUG o.s.b.f.s.DefaultListableBeanFactory - Returning cached instance of singleton bean &apos;org.springframework.context.annotation.ConfigurationClassPostProcessor.enhancedConfigurationProcessor&apos;
10:21:02.246 [] [] [main] DEBUG o.s.b.f.s.DefaultListableBeanFactory - Creating shared instance of singleton bean &apos;org.springframework.orm.jpa.SharedEntityManagerCreator#0&apos;
10:21:02.246 [] [] [main] DEBUG o.s.b.f.s.DefaultListableBeanFactory - Creating instance of bean &apos;org.springframework.orm.jpa.SharedEntityManagerCreator#0&apos;
10:21:02.246 [] [] [main] DEBUG o.s.b.f.s.DefaultListableBeanFactory - Returning cached instance of singleton bean &apos;org.springframework.transaction.config.internalTransactionAdvisor&apos;
10:21:02.246 [] [] [main] DEBUG o.s.b.f.s.DefaultListableBeanFactory - Returning cached instance of singleton bean &apos;org.springframework.aop.support.DefaultBeanFactoryPointcutAdvisor#0&apos;
10:21:02.247 [] [] [main] DEBUG o.s.b.f.s.DefaultListableBeanFactory - Returning cached instance of singleton bean &apos;entityManagerFactory&apos;
10:21:02.247 [] [] [main] TRACE o.s.b.f.s.DefaultListableBeanFactory - Ignoring factory method [public static javax.persistence.EntityManager org.springframework.orm.jpa.SharedEntityManagerCreator.createSharedEntityManager(javax.persistence.EntityManagerFactory,java.util.Map,java.lang.Class[])] of bean &apos;org.springframework.orm.jpa.SharedEntityManagerCreator#0&apos;: org.springframework.beans.factory.UnsatisfiedDependencyException: Error creating bean with name &apos;org.springframework.orm.jpa.SharedEntityManagerCreator#0&apos;: Unsatisfied dependency expressed through constructor argument with index 1 of type [java.util.Map]: Ambiguous factory method argument types - did you specify the correct bean references as factory method arguments?
10:21:02.247 [] [] [main] TRACE o.s.b.f.s.DefaultListableBeanFactory - Ignoring factory method [public static javax.persistence.EntityManager org.springframework.orm.jpa.SharedEntityManagerCreator.createSharedEntityManager(javax.persistence.EntityManagerFactory,java.util.Map)] of bean &apos;org.springframework.orm.jpa.SharedEntityManagerCreator#0&apos;: org.springframework.beans.factory.UnsatisfiedDependencyException: Error creating bean with name &apos;org.springframework.orm.jpa.SharedEntityManagerCreator#0&apos;: Unsatisfied dependency expressed through constructor argument with index 1 of type [java.util.Map]: Ambiguous factory method argument types - did you specify the correct bean references as factory method arguments?
10:21:02.247 [] [] [main] DEBUG o.s.b.f.s.DefaultListableBeanFactory - Eagerly caching bean &apos;org.springframework.orm.jpa.SharedEntityManagerCreator#0&apos; to allow for resolving potential circular references
10:21:02.247 [] [] [main] TRACE o.a.s.s.web.ShiroFilterFactoryBean - Ignoring non-Filter bean &apos;org.springframework.orm.jpa.SharedEntityManagerCreator#0&apos;
10:21:02.247 [] [] [main] DEBUG o.s.b.f.s.DefaultListableBeanFactory - Returning cached instance of singleton bean &apos;org.springframework.transaction.config.internalTransactionAdvisor&apos;
10:21:02.247 [] [] [main] DEBUG o.s.b.f.s.DefaultListableBeanFactory - Returning cached instance of singleton bean &apos;org.springframework.aop.support.DefaultBeanFactoryPointcutAdvisor#0&apos;
10:21:02.247 [] [] [main] DEBUG o.s.b.f.s.DefaultListableBeanFactory - Returning cached instance of singleton bean &apos;org.springframework.transaction.config.internalTransactionAdvisor&apos;
10:21:02.247 [] [] [main] DEBUG o.s.b.f.s.DefaultListableBeanFactory - Returning cached instance of singleton bean &apos;org.springframework.aop.support.DefaultBeanFactoryPointcutAdvisor#0&apos;
10:21:02.248 [] [] [main] DEBUG o.s.b.f.s.DefaultListableBeanFactory - Finished creating instance of bean &apos;org.springframework.orm.jpa.SharedEntityManagerCreator#0&apos;
10:21:02.249 [] [] [main] DEBUG o.s.c.s.GenericApplicationContext - Unable to locate LifecycleProcessor with name &apos;lifecycleProcessor&apos;: using default [org.springframework.context.support.DefaultLifecycleProcessor@ec7e0]
10:21:02.249 [] [] [main] DEBUG o.s.b.f.s.DefaultListableBeanFactory - Returning cached instance of singleton bean &apos;lifecycleProcessor&apos;
10:21:02.249 [] [] [main] TRACE o.s.c.s.GenericApplicationContext - Publishing event in org.springframework.context.support.GenericApplicationContext@1e42ee1: org.springframework.context.event.ContextRefreshedEvent[source=org.springframework.context.support.GenericApplicationContext@1e42ee1: startup date [Wed Jun 20 10:20:58 CST 2018]; root of context hierarchy]
10:21:02.251 [] [] [main] TRACE o.s.c.e.PropertySourcesPropertyResolver - getProperty(&quot;spring.liveBeansView.mbeanDomain&quot;, String)
10:21:02.251 [] [] [main] DEBUG o.s.c.e.PropertySourcesPropertyResolver - Searching for key &apos;spring.liveBeansView.mbeanDomain&apos; in [systemProperties]
10:21:02.251 [] [] [main] DEBUG o.s.c.e.PropertySourcesPropertyResolver - Searching for key &apos;spring.liveBeansView.mbeanDomain&apos; in [systemEnvironment]
10:21:02.251 [] [] [main] TRACE o.s.c.e.SystemEnvironmentPropertySource - PropertySource [systemEnvironment] does not contain &apos;spring.liveBeansView.mbeanDomain&apos;
10:21:02.251 [] [] [main] TRACE o.s.c.e.SystemEnvironmentPropertySource - PropertySource [systemEnvironment] does not contain &apos;spring_liveBeansView_mbeanDomain&apos;
10:21:02.251 [] [] [main] TRACE o.s.c.e.SystemEnvironmentPropertySource - PropertySource [systemEnvironment] does not contain &apos;SPRING.LIVEBEANSVIEW.MBEANDOMAIN&apos;
10:21:02.251 [] [] [main] TRACE o.s.c.e.SystemEnvironmentPropertySource - PropertySource [systemEnvironment] does not contain &apos;SPRING_LIVEBEANSVIEW_MBEANDOMAIN&apos;
10:21:02.251 [] [] [main] DEBUG o.s.c.e.PropertySourcesPropertyResolver - Could not find key &apos;spring.liveBeansView.mbeanDomain&apos; in any property source. Returning [null]
10:21:02.251 [] [] [main] DEBUG o.s.t.c.CacheAwareContextLoaderDelegate - Storing ApplicationContext in cache under key [[MergedContextConfiguration@1d241c9 testClass = DubboClientTest, locations = &apos;{classpath:applicationContext.xml, classpath:applicationContext-cache.xml, classpath:applicationContext-persistence.xml, classpath:applicationContext-shiro.xml, classpath:applicationContext-dubbo-provider.xml, classpath:applicationContext-dubbo-consumer.xml}&apos;, classes = &apos;{}&apos;, contextInitializerClasses = &apos;[]&apos;, activeProfiles = &apos;{}&apos;, contextLoader = &apos;org.springframework.test.context.support.DelegatingSmartContextLoader&apos;, parent = [null]]].
10:21:02.252 [] [] [main] TRACE o.s.beans.CachedIntrospectionResults - Getting BeanInfo for class [dubbo.DubboClientTest]
10:21:02.253 [] [] [main] TRACE o.s.beans.CachedIntrospectionResults - Caching PropertyDescriptors for class [dubbo.DubboClientTest]
10:21:02.253 [] [] [main] TRACE o.s.beans.CachedIntrospectionResults - Found bean property &apos;class&apos; of type [java.lang.Class]
10:21:02.254 [] [] [main] DEBUG o.s.b.f.annotation.InjectionMetadata - Processing injected method of bean &apos;dubbo.DubboClientTest&apos;: AutowiredFieldElement for protected com.yonyou.util.jdbc.IBaseDao dubbo.DubboClientTest.dcmsDAO
10:21:02.254 [] [] [main] DEBUG o.s.b.f.s.DefaultListableBeanFactory - Creating shared instance of singleton bean &apos;dcmsDAO&apos;
10:21:02.254 [] [] [main] DEBUG o.s.b.f.s.DefaultListableBeanFactory - Creating instance of bean &apos;dcmsDAO&apos;
10:21:02.254 [] [] [main] DEBUG o.s.b.f.s.DefaultListableBeanFactory - Returning cached instance of singleton bean &apos;org.springframework.transaction.config.internalTransactionAdvisor&apos;
10:21:02.254 [] [] [main] DEBUG o.s.b.f.s.DefaultListableBeanFactory - Returning cached instance of singleton bean &apos;org.springframework.aop.support.DefaultBeanFactoryPointcutAdvisor#0&apos;
10:21:02.265 [] [] [main] DEBUG o.s.b.f.s.DefaultListableBeanFactory - Eagerly caching bean &apos;dcmsDAO&apos; to allow for resolving potential circular references
10:21:02.265 [] [] [main] TRACE o.s.beans.CachedIntrospectionResults - Getting BeanInfo for class [com.yonyou.util.jdbc.BaseDao]
10:21:02.270 [] [] [main] TRACE o.s.beans.CachedIntrospectionResults - Caching PropertyDescriptors for class [com.yonyou.util.jdbc.BaseDao]
10:21:02.270 [] [] [main] TRACE o.s.beans.CachedIntrospectionResults - Found bean property &apos;class&apos; of type [java.lang.Class]
10:21:02.270 [] [] [main] TRACE o.s.beans.CachedIntrospectionResults - Found bean property &apos;dataSource&apos; of type [javax.sql.DataSource]
10:21:02.270 [] [] [main] TRACE o.s.beans.CachedIntrospectionResults - Found bean property &apos;databaseProductName&apos; of type [java.lang.String]
10:21:02.270 [] [] [main] TRACE o.s.beans.CachedIntrospectionResults - Found bean property &apos;exceptionTranslator&apos; of type [org.springframework.jdbc.support.SQLExceptionTranslator]
10:21:02.270 [] [] [main] TRACE o.s.beans.CachedIntrospectionResults - Found bean property &apos;fetchSize&apos; of type [int]
10:21:02.270 [] [] [main] TRACE o.s.beans.CachedIntrospectionResults - Found bean property &apos;ignoreWarnings&apos; of type [boolean]
10:21:02.271 [] [] [main] TRACE o.s.beans.CachedIntrospectionResults - Found bean property &apos;lazyInit&apos; of type [boolean]
10:21:02.271 [] [] [main] TRACE o.s.beans.CachedIntrospectionResults - Found bean property &apos;maxRows&apos; of type [int]
10:21:02.271 [] [] [main] TRACE o.s.beans.CachedIntrospectionResults - Found bean property &apos;nativeJdbcExtractor&apos; of type [org.springframework.jdbc.support.nativejdbc.NativeJdbcExtractor]
10:21:02.271 [] [] [main] TRACE o.s.beans.CachedIntrospectionResults - Found bean property &apos;queryTimeout&apos; of type [int]
10:21:02.271 [] [] [main] TRACE o.s.beans.CachedIntrospectionResults - Found bean property &apos;resultsMapCaseInsensitive&apos; of type [boolean]
10:21:02.271 [] [] [main] TRACE o.s.beans.CachedIntrospectionResults - Found bean property &apos;skipResultsProcessing&apos; of type [boolean]
10:21:02.271 [] [] [main] TRACE o.s.beans.CachedIntrospectionResults - Found bean property &apos;skipUndeclaredResults&apos; of type [boolean]
10:21:02.271 [] [] [main] DEBUG o.s.b.f.s.DefaultListableBeanFactory - Returning cached instance of singleton bean &apos;dataSource&apos;
10:21:02.271 [] [] [main] TRACE o.a.s.s.web.ShiroFilterFactoryBean - Ignoring non-Filter bean &apos;dcmsDAO&apos;
10:21:02.271 [] [] [main] DEBUG o.s.b.f.s.DefaultListableBeanFactory - Invoking afterPropertiesSet() on bean with name &apos;dcmsDAO&apos;
10:21:02.271 [] [] [main] DEBUG o.s.b.f.s.DefaultListableBeanFactory - Returning cached instance of singleton bean &apos;org.springframework.transaction.config.internalTransactionAdvisor&apos;
10:21:02.271 [] [] [main] DEBUG o.s.b.f.s.DefaultListableBeanFactory - Returning cached instance of singleton bean &apos;org.springframework.aop.support.DefaultBeanFactoryPointcutAdvisor#0&apos;
10:21:02.271 [] [] [main] DEBUG o.s.b.f.s.DefaultListableBeanFactory - Returning cached instance of singleton bean &apos;org.springframework.transaction.config.internalTransactionAdvisor&apos;
10:21:02.271 [] [] [main] DEBUG o.s.b.f.s.DefaultListableBeanFactory - Returning cached instance of singleton bean &apos;org.springframework.aop.support.DefaultBeanFactoryPointcutAdvisor#0&apos;
10:21:02.273 [] [] [main] DEBUG o.s.b.f.s.DefaultListableBeanFactory - Finished creating instance of bean &apos;dcmsDAO&apos;
10:21:02.273 [] [] [main] DEBUG o.s.b.f.s.DefaultListableBeanFactory - Creating shared instance of singleton bean &apos;dcmsLogDAO&apos;
10:21:02.273 [] [] [main] DEBUG o.s.b.f.s.DefaultListableBeanFactory - Creating instance of bean &apos;dcmsLogDAO&apos;
10:21:02.273 [] [] [main] DEBUG o.s.b.f.s.DefaultListableBeanFactory - Returning cached instance of singleton bean &apos;org.springframework.transaction.config.internalTransactionAdvisor&apos;
10:21:02.273 [] [] [main] DEBUG o.s.b.f.s.DefaultListableBeanFactory - Returning cached instance of singleton bean &apos;org.springframework.aop.support.DefaultBeanFactoryPointcutAdvisor#0&apos;
10:21:02.275 [] [] [main] DEBUG o.s.b.f.s.DefaultListableBeanFactory - Eagerly caching bean &apos;dcmsLogDAO&apos; to allow for resolving potential circular references
10:21:02.275 [] [] [main] DEBUG o.s.b.f.s.DefaultListableBeanFactory - Creating shared instance of singleton bean &apos;logDataSource&apos;
10:21:02.275 [] [] [main] DEBUG o.s.b.f.s.DefaultListableBeanFactory - Creating instance of bean &apos;logDataSource&apos;
10:21:02.275 [] [] [main] DEBUG o.s.b.f.s.DefaultListableBeanFactory - Returning cached instance of singleton bean &apos;org.springframework.transaction.config.internalTransactionAdvisor&apos;
10:21:02.275 [] [] [main] DEBUG o.s.b.f.s.DefaultListableBeanFactory - Returning cached instance of singleton bean &apos;org.springframework.aop.support.DefaultBeanFactoryPointcutAdvisor#0&apos;
10:21:02.275 [] [] [main] DEBUG o.s.b.f.s.DefaultListableBeanFactory - Eagerly caching bean &apos;logDataSource&apos; to allow for resolving potential circular references
10:21:02.276 [] [] [main] TRACE o.s.beans.TypeConverterDelegate - Converting String to [int] using property editor [org.springframework.beans.propertyeditors.CustomNumberEditor@1790838]
10:21:02.276 [] [] [main] TRACE o.s.beans.TypeConverterDelegate - Converting String to [int] using property editor [org.springframework.beans.propertyeditors.CustomNumberEditor@1790838]
10:21:02.276 [] [] [main] TRACE o.s.beans.TypeConverterDelegate - Converting String to [int] using property editor [org.springframework.beans.propertyeditors.CustomNumberEditor@1790838]
10:21:02.276 [] [] [main] TRACE o.s.beans.TypeConverterDelegate - Converting String to [int] using property editor [org.springframework.beans.propertyeditors.CustomNumberEditor@1790838]
10:21:02.276 [] [] [main] TRACE o.s.beans.TypeConverterDelegate - Converting String to [class java.lang.Boolean] using property editor [org.springframework.beans.propertyeditors.CustomBooleanEditor@10acdb4]
10:21:02.276 [] [] [main] TRACE o.s.beans.TypeConverterDelegate - Converting String to [int] using property editor [org.springframework.beans.propertyeditors.CustomNumberEditor@1790838]
10:21:02.276 [] [] [main] TRACE o.s.beans.TypeConverterDelegate - Converting String to [boolean] using property editor [org.springframework.beans.propertyeditors.CustomBooleanEditor@471f6d]
10:21:02.276 [] [] [main] TRACE o.s.beans.TypeConverterDelegate - Converting String to [int] using property editor [org.springframework.beans.propertyeditors.CustomNumberEditor@1790838]
10:21:02.276 [] [] [main] TRACE o.a.s.s.web.ShiroFilterFactoryBean - Ignoring non-Filter bean &apos;logDataSource&apos;
10:21:02.276 [] [] [main] DEBUG o.s.b.f.s.DefaultListableBeanFactory - Returning cached instance of singleton bean &apos;org.springframework.transaction.config.internalTransactionAdvisor&apos;
10:21:02.276 [] [] [main] DEBUG o.s.b.f.s.DefaultListableBeanFactory - Returning cached instance of singleton bean &apos;org.springframework.aop.support.DefaultBeanFactoryPointcutAdvisor#0&apos;
10:21:02.276 [] [] [main] DEBUG o.s.b.f.s.DefaultListableBeanFactory - Returning cached instance of singleton bean &apos;org.springframework.transaction.config.internalTransactionAdvisor&apos;
10:21:02.276 [] [] [main] DEBUG o.s.b.f.s.DefaultListableBeanFactory - Returning cached instance of singleton bean &apos;org.springframework.aop.support.DefaultBeanFactoryPointcutAdvisor#0&apos;
10:21:02.277 [] [] [main] DEBUG o.s.b.f.s.DefaultListableBeanFactory - Finished creating instance of bean &apos;logDataSource&apos;
10:21:02.277 [] [] [main] TRACE o.a.s.s.web.ShiroFilterFactoryBean - Ignoring non-Filter bean &apos;dcmsLogDAO&apos;
10:21:02.277 [] [] [main] DEBUG o.s.b.f.s.DefaultListableBeanFactory - Invoking afterPropertiesSet() on bean with name &apos;dcmsLogDAO&apos;
10:21:02.277 [] [] [main] DEBUG o.s.b.f.s.DefaultListableBeanFactory - Returning cached instance of singleton bean &apos;org.springframework.transaction.config.internalTransactionAdvisor&apos;
10:21:02.277 [] [] [main] DEBUG o.s.b.f.s.DefaultListableBeanFactory - Returning cached instance of singleton bean &apos;org.springframework.aop.support.DefaultBeanFactoryPointcutAdvisor#0&apos;
10:21:02.277 [] [] [main] DEBUG o.s.b.f.s.DefaultListableBeanFactory - Returning cached instance of singleton bean &apos;org.springframework.transaction.config.internalTransactionAdvisor&apos;
10:21:02.277 [] [] [main] DEBUG o.s.b.f.s.DefaultListableBeanFactory - Returning cached instance of singleton bean &apos;org.springframework.aop.support.DefaultBeanFactoryPointcutAdvisor#0&apos;
10:21:02.277 [] [] [main] DEBUG o.s.b.f.s.DefaultListableBeanFactory - Finished creating instance of bean &apos;dcmsLogDAO&apos;
10:21:02.277 [] [] [main] DEBUG o.s.b.f.a.AutowiredAnnotationBeanPostProcessor - Autowiring by type from bean name &apos;dubbo.DubboClientTest&apos; to bean named &apos;dcmsDAO&apos;
10:21:02.277 [] [] [main] DEBUG o.s.b.f.annotation.InjectionMetadata - Processing injected method of bean &apos;dubbo.DubboClientTest&apos;: AutowiredFieldElement for protected com.yonyou.iuap.cache.CacheManager dubbo.DubboClientTest.cacheManager
10:21:02.278 [] [] [main] DEBUG o.s.b.f.s.DefaultListableBeanFactory - Creating shared instance of singleton bean &apos;cacheManager&apos;
10:21:02.278 [] [] [main] DEBUG o.s.b.f.s.DefaultListableBeanFactory - Creating instance of bean &apos;cacheManager&apos;
10:21:02.278 [] [] [main] DEBUG o.s.b.f.s.DefaultListableBeanFactory - Returning cached instance of singleton bean &apos;org.springframework.transaction.config.internalTransactionAdvisor&apos;
10:21:02.278 [] [] [main] DEBUG o.s.b.f.s.DefaultListableBeanFactory - Returning cached instance of singleton bean &apos;org.springframework.aop.support.DefaultBeanFactoryPointcutAdvisor#0&apos;
10:21:02.279 [] [] [main] DEBUG o.s.b.f.s.DefaultListableBeanFactory - Eagerly caching bean &apos;cacheManager&apos; to allow for resolving potential circular references
10:21:02.279 [] [] [main] TRACE o.s.beans.CachedIntrospectionResults - Getting BeanInfo for class [com.yonyou.iuap.cache.CacheManager]
10:21:02.281 [] [] [main] TRACE o.s.beans.CachedIntrospectionResults - Caching PropertyDescriptors for class [com.yonyou.iuap.cache.CacheManager]
10:21:02.281 [] [] [main] TRACE o.s.beans.CachedIntrospectionResults - Found bean property &apos;class&apos; of type [java.lang.Class]
10:21:02.281 [] [] [main] TRACE o.s.beans.CachedIntrospectionResults - Found bean property &apos;jedisTemplate&apos; of type [org.springside.modules.nosql.redis.JedisTemplate]
10:21:02.281 [] [] [main] TRACE o.s.beans.CachedIntrospectionResults - Found bean property &apos;serializer&apos; of type [com.yonyou.iuap.cache.serializer.Serializer]
10:21:02.281 [] [] [main] DEBUG o.s.b.f.s.DefaultListableBeanFactory - Creating shared instance of singleton bean &apos;jedisTemplate&apos;
10:21:02.281 [] [] [main] DEBUG o.s.b.f.s.DefaultListableBeanFactory - Creating instance of bean &apos;jedisTemplate&apos;
10:21:02.281 [] [] [main] DEBUG o.s.b.f.s.DefaultListableBeanFactory - Returning cached instance of singleton bean &apos;org.springframework.transaction.config.internalTransactionAdvisor&apos;
10:21:02.281 [] [] [main] DEBUG o.s.b.f.s.DefaultListableBeanFactory - Returning cached instance of singleton bean &apos;org.springframework.aop.support.DefaultBeanFactoryPointcutAdvisor#0&apos;
10:21:02.282 [] [] [main] DEBUG o.s.b.f.s.DefaultListableBeanFactory - Creating instance of bean &apos;redisPool&apos;
10:21:02.282 [] [] [main] DEBUG o.s.b.f.s.DefaultListableBeanFactory - Returning cached instance of singleton bean &apos;org.springframework.transaction.config.internalTransactionAdvisor&apos;
10:21:02.282 [] [] [main] DEBUG o.s.b.f.s.DefaultListableBeanFactory - Returning cached instance of singleton bean &apos;org.springframework.aop.support.DefaultBeanFactoryPointcutAdvisor#0&apos;
10:21:02.282 [] [] [main] INFO  o.s.m.n.redis.pool.JedisPoolBuilder - Building JedisDirectPool, on redis server localhost:6379
10:21:02.283 [] [] [main] TRACE o.a.s.s.web.ShiroFilterFactoryBean - Ignoring non-Filter bean &apos;redisPool&apos;
10:21:02.283 [] [] [main] DEBUG o.s.b.f.s.DefaultListableBeanFactory - Returning cached instance of singleton bean &apos;org.springframework.transaction.config.internalTransactionAdvisor&apos;
10:21:02.283 [] [] [main] DEBUG o.s.b.f.s.DefaultListableBeanFactory - Returning cached instance of singleton bean &apos;org.springframework.aop.support.DefaultBeanFactoryPointcutAdvisor#0&apos;
10:21:02.283 [] [] [main] DEBUG o.s.b.f.s.DefaultListableBeanFactory - Returning cached instance of singleton bean &apos;org.springframework.transaction.config.internalTransactionAdvisor&apos;
10:21:02.283 [] [] [main] DEBUG o.s.b.f.s.DefaultListableBeanFactory - Returning cached instance of singleton bean &apos;org.springframework.aop.support.DefaultBeanFactoryPointcutAdvisor#0&apos;
10:21:02.283 [] [] [main] DEBUG o.s.b.f.s.DefaultListableBeanFactory - Finished creating instance of bean &apos;redisPool&apos;
10:21:02.285 [] [] [main] DEBUG o.s.b.f.s.DefaultListableBeanFactory - Eagerly caching bean &apos;jedisTemplate&apos; to allow for resolving potential circular references
10:21:02.285 [] [] [main] TRACE o.s.beans.CachedIntrospectionResults - Getting BeanInfo for class [org.springside.modules.nosql.redis.JedisTemplate]
10:21:02.286 [] [] [main] TRACE o.s.beans.CachedIntrospectionResults - Caching PropertyDescriptors for class [org.springside.modules.nosql.redis.JedisTemplate]
10:21:02.286 [] [] [main] TRACE o.s.beans.CachedIntrospectionResults - Found bean property &apos;class&apos; of type [java.lang.Class]
10:21:02.286 [] [] [main] TRACE o.s.beans.CachedIntrospectionResults - Found bean property &apos;jedisPool&apos; of type [org.springside.modules.nosql.redis.pool.JedisPool]
10:21:02.286 [] [] [main] TRACE o.a.s.s.web.ShiroFilterFactoryBean - Ignoring non-Filter bean &apos;jedisTemplate&apos;
10:21:02.286 [] [] [main] DEBUG o.s.b.f.s.DefaultListableBeanFactory - Returning cached instance of singleton bean &apos;org.springframework.transaction.config.internalTransactionAdvisor&apos;
10:21:02.286 [] [] [main] DEBUG o.s.b.f.s.DefaultListableBeanFactory - Returning cached instance of singleton bean &apos;org.springframework.aop.support.DefaultBeanFactoryPointcutAdvisor#0&apos;
10:21:02.286 [] [] [main] DEBUG o.s.b.f.s.DefaultListableBeanFactory - Returning cached instance of singleton bean &apos;org.springframework.transaction.config.internalTransactionAdvisor&apos;
10:21:02.286 [] [] [main] DEBUG o.s.b.f.s.DefaultListableBeanFactory - Returning cached instance of singleton bean &apos;org.springframework.aop.support.DefaultBeanFactoryPointcutAdvisor#0&apos;
10:21:02.287 [] [] [main] DEBUG o.s.b.f.s.DefaultListableBeanFactory - Finished creating instance of bean &apos;jedisTemplate&apos;
10:21:02.287 [] [] [main] TRACE o.a.s.s.web.ShiroFilterFactoryBean - Ignoring non-Filter bean &apos;cacheManager&apos;
10:21:02.287 [] [] [main] DEBUG o.s.b.f.s.DefaultListableBeanFactory - Returning cached instance of singleton bean &apos;org.springframework.transaction.config.internalTransactionAdvisor&apos;
10:21:02.287 [] [] [main] DEBUG o.s.b.f.s.DefaultListableBeanFactory - Returning cached instance of singleton bean &apos;org.springframework.aop.support.DefaultBeanFactoryPointcutAdvisor#0&apos;
10:21:02.287 [] [] [main] DEBUG o.s.b.f.s.DefaultListableBeanFactory - Returning cached instance of singleton bean &apos;org.springframework.transaction.config.internalTransactionAdvisor&apos;
10:21:02.287 [] [] [main] DEBUG o.s.b.f.s.DefaultListableBeanFactory - Returning cached instance of singleton bean &apos;org.springframework.aop.support.DefaultBeanFactoryPointcutAdvisor#0&apos;
10:21:02.287 [] [] [main] DEBUG o.s.b.f.s.DefaultListableBeanFactory - Finished creating instance of bean &apos;cacheManager&apos;
10:21:02.287 [] [] [main] DEBUG o.s.b.f.a.AutowiredAnnotationBeanPostProcessor - Autowiring by type from bean name &apos;dubbo.DubboClientTest&apos; to bean named &apos;cacheManager&apos;
10:21:02.288 [] [] [main] DEBUG o.s.b.f.annotation.InjectionMetadata - Processing injected method of bean &apos;dubbo.DubboClientTest&apos;: AutowiredFieldElement for org.springside.modules.nosql.redis.JedisTemplate dubbo.DubboClientTest.jedisTemplate
10:21:02.288 [] [] [main] DEBUG o.s.b.f.s.DefaultListableBeanFactory - Returning cached instance of singleton bean &apos;jedisTemplate&apos;
10:21:02.288 [] [] [main] DEBUG o.s.b.f.a.AutowiredAnnotationBeanPostProcessor - Autowiring by type from bean name &apos;dubbo.DubboClientTest&apos; to bean named &apos;jedisTemplate&apos;
10:21:02.288 [] [] [main] DEBUG o.s.b.f.annotation.InjectionMetadata - Processing injected method of bean &apos;dubbo.DubboClientTest&apos;: AutowiredFieldElement for protected com.yonyou.web.IApiService dubbo.DubboClientTest.iApiService
10:21:02.288 [] [] [main] DEBUG o.s.b.f.s.DefaultListableBeanFactory - Returning cached instance of singleton bean &apos;iApiService&apos;
10:21:02.356 [] [] [main] DEBUG c.a.d.c.extension.ExtensionLoader -  [DUBBO] package com.alibaba.dubbo.registry;
import com.alibaba.dubbo.common.extension.ExtensionLoader;
public class RegistryFactory$Adpative implements com.alibaba.dubbo.registry.RegistryFactory {
public com.alibaba.dubbo.registry.Registry getRegistry(com.alibaba.dubbo.common.URL arg0) {
if (arg0 == null) throw new IllegalArgumentException(&quot;url == null&quot;);
com.alibaba.dubbo.common.URL url = arg0;
String extName = ( url.getProtocol() == null ? &quot;dubbo&quot; : url.getProtocol() );
if(extName == null) throw new IllegalStateException(&quot;Fail to get extension(com.alibaba.dubbo.registry.RegistryFactory) name from url(&quot; + url.toString() + &quot;) use keys([protocol])&quot;);
com.alibaba.dubbo.registry.RegistryFactory extension = (com.alibaba.dubbo.registry.RegistryFactory)ExtensionLoader.getExtensionLoader(com.alibaba.dubbo.registry.RegistryFactory.class).getExtension(extName);
return extension.getRegistry(arg0);
}
}, dubbo version: 2.8.4.RELEASE, current host: 127.0.0.1
10:21:02.363 [] [] [main] DEBUG c.a.d.c.extension.ExtensionLoader -  [DUBBO] package com.alibaba.dubbo.remoting.zookeeper;
import com.alibaba.dubbo.common.extension.ExtensionLoader;
public class ZookeeperTransporter$Adpative implements com.alibaba.dubbo.remoting.zookeeper.ZookeeperTransporter {
public com.alibaba.dubbo.remoting.zookeeper.ZookeeperClient connect(com.alibaba.dubbo.common.URL arg0) {
if (arg0 == null) throw new IllegalArgumentException(&quot;url == null&quot;);
com.alibaba.dubbo.common.URL url = arg0;
String extName = url.getParameter(&quot;client&quot;, url.getParameter(&quot;transporter&quot;, &quot;zkclient&quot;));
if(extName == null) throw new IllegalStateException(&quot;Fail to get extension(com.alibaba.dubbo.remoting.zookeeper.ZookeeperTransporter) name from url(&quot; + url.toString() + &quot;) use keys([client, transporter])&quot;);
com.alibaba.dubbo.remoting.zookeeper.ZookeeperTransporter extension = (com.alibaba.dubbo.remoting.zookeeper.ZookeeperTransporter)ExtensionLoader.getExtensionLoader(com.alibaba.dubbo.remoting.zookeeper.ZookeeperTransporter.class).getExtension(extName);
return extension.connect(arg0);
}
}, dubbo version: 2.8.4.RELEASE, current host: 127.0.0.1
10:21:02.475 [] [] [main] DEBUG org.I0Itec.zkclient.ZkConnection - Creating new ZookKeeper instance to connect to 127.0.0.1:2181.
10:21:02.475 [] [] [ZkClient-EventThread-16-127.0.0.1:2181] INFO  org.I0Itec.zkclient.ZkEventThread - Starting ZkClient event thread.
10:21:02.496 [] [] [main] INFO  org.apache.zookeeper.ZooKeeper - Client environment:zookeeper.version=3.4.6-1569965, built on 02/20/2014 09:09 GMT
10:21:02.496 [] [] [main] INFO  org.apache.zookeeper.ZooKeeper - Client environment:host.name=msi-PC.mshome.net
10:21:02.496 [] [] [main] INFO  org.apache.zookeeper.ZooKeeper - Client environment:java.version=1.7.0_67
10:21:02.496 [] [] [main] INFO  org.apache.zookeeper.ZooKeeper - Client environment:java.vendor=Oracle Corporation
10:21:02.496 [] [] [main] INFO  org.apache.zookeeper.ZooKeeper - Client environment:java.home=D:\DevTool\repository\JDK\jdk1.7.0_67\jre
10:21:02.496 [] [] [main] INFO  org.apache.zookeeper.ZooKeeper - Client environment:java.class.path=D:\DevTool\workspace\activiti\portal\target\test-classes;D:\DevTool\workspace\activiti\portal\target\classes;D:\devtool\repository\Maven\Maven3.2.2\local\repo\com\yonyou\iuap\iuap-jdbc\3.0.0-RELEASE\iuap-jdbc-3.0.0-RELEASE.jar;D:\devtool\repository\Maven\Maven3.2.2\local\repo\com\yonyou\iuap\iuap-generic\3.0.0-RELEASE\iuap-generic-3.0.0-RELEASE.jar;D:\devtool\repository\Maven\Maven3.2.2\local\repo\org\apache\commons\commons-collections4\4.1\commons-collections4-4.1.jar;D:\devtool\repository\Maven\Maven3.2.2\local\repo\com\fasterxml\jackson\core\jackson-databind\2.4.0\jackson-databind-2.4.0.jar;D:\devtool\repository\Maven\Maven3.2.2\local\repo\com\fasterxml\jackson\core\jackson-annotations\2.4.0\jackson-annotations-2.4.0.jar;D:\devtool\repository\Maven\Maven3.2.2\local\repo\com\fasterxml\jackson\core\jackson-core\2.4.0\jackson-core-2.4.0.jar;D:\devtool\repository\Maven\Maven3.2.2\local\repo\com\esotericsoftware\reflectasm\reflectasm\1.09\reflectasm-1.09.jar;D:\devtool\repository\Maven\Maven3.2.2\local\repo\org\ow2\asm\asm\4.0\asm-4.0.jar;D:\devtool\repository\Maven\Maven3.2.2\local\repo\commons-beanutils\commons-beanutils\1.8.3\commons-beanutils-1.8.3.jar;D:\devtool\repository\Maven\Maven3.2.2\local\repo\org\apache\commons\commons-lang3\3.3.2\commons-lang3-3.3.2.jar;D:\devtool\repository\Maven\Maven3.2.2\local\repo\org\springframework\spring-context\4.0.5.RELEASE\spring-context-4.0.5.RELEASE.jar;D:\devtool\repository\Maven\Maven3.2.2\local\repo\org\springframework\spring-aop\4.0.5.RELEASE\spring-aop-4.0.5.RELEASE.jar;D:\devtool\repository\Maven\Maven3.2.2\local\repo\org\springframework\spring-tx\4.0.5.RELEASE\spring-tx-4.0.5.RELEASE.jar;D:\devtool\repository\Maven\Maven3.2.2\local\repo\org\springframework\data\spring-data-commons\1.10.2.RELEASE\spring-data-commons-1.10.2.RELEASE.jar;D:\devtool\repository\Maven\Maven3.2.2\local\repo\org\slf4j\jcl-over-slf4j\1.7.12\jcl-over-slf4j-1.7.12.jar;D:\devtool\repository\Maven\Maven3.2.2\local\repo\cglib\cglib-nodep\3.2.0\cglib-nodep-3.2.0.jar;D:\devtool\repository\Maven\Maven3.2.2\local\repo\org\springframework\spring-jdbc\4.0.5.RELEASE\spring-jdbc-4.0.5.RELEASE.jar;D:\devtool\repository\Maven\Maven3.2.2\local\repo\org\springframework\spring-beans\4.0.5.RELEASE\spring-beans-4.0.5.RELEASE.jar;D:\devtool\repository\Maven\Maven3.2.2\local\repo\org\springframework\spring-core\4.0.5.RELEASE\spring-core-4.0.5.RELEASE.jar;D:\devtool\repository\Maven\Maven3.2.2\local\repo\com\yonyou\iuap\iuap-cache\3.0.0-RELEASE\iuap-cache-3.0.0-RELEASE.jar;D:\devtool\repository\Maven\Maven3.2.2\local\repo\com\yonyou\iuap\iuap-log\3.0.0-RELEASE\iuap-log-3.0.0-RELEASE.jar;D:\devtool\repository\Maven\Maven3.2.2\local\repo\ch\qos\logback\logback-classic\1.1.2\logback-classic-1.1.2.jar;D:\devtool\repository\Maven\Maven3.2.2\local\repo\ch\qos\logback\logback-core\1.1.2\logback-core-1.1.2.jar;D:\devtool\repository\Maven\Maven3.2.2\local\repo\org\slf4j\log4j-over-slf4j\1.7.8\log4j-over-slf4j-1.7.8.jar;D:\devtool\repository\Maven\Maven3.2.2\local\repo\org\slf4j\jul-to-slf4j\1.7.8\jul-to-slf4j-1.7.8.jar;D:\devtool\repository\Maven\Maven3.2.2\local\repo\com\googlecode\log4jdbc\log4jdbc\1.2\log4jdbc-1.2.jar;D:\devtool\repository\Maven\Maven3.2.2\local\repo\redis\clients\jedis\2.6.0\jedis-2.6.0.jar;D:\devtool\repository\Maven\Maven3.2.2\local\repo\org\apache\commons\commons-pool2\2.0\commons-pool2-2.0.jar;D:\devtool\repository\Maven\Maven3.2.2\local\repo\io\springside\springside-redis\4.3.0-RELEASE\springside-redis-4.3.0-RELEASE.jar;D:\devtool\repository\Maven\Maven3.2.2\local\repo\com\google\guava\guava\18.0\guava-18.0.jar;D:\devtool\repository\Maven\Maven3.2.2\local\repo\commons-io\commons-io\2.4\commons-io-2.4.jar;D:\devtool\repository\Maven\Maven3.2.2\local\repo\org\springframework\spring-context-support\4.0.5.RELEASE\spring-context-support-4.0.5.RELEASE.jar;D:\devtool\repository\Maven\Maven3.2.2\local\repo\org\aspectj\aspectjrt\1.7.4\aspectjrt-1.7.4.jar;D:\devtool\repository\Maven\Maven3.2.2\local\repo\org\aspectj\aspectjweaver\1.7.4\aspectjweaver-1.7.4.jar;D:\devtool\repository\Maven\Maven3.2.2\local\repo\com\yonyou\iuap\iuap-security\3.0.0-RELEASE\iuap-security-3.0.0-RELEASE.jar;D:\devtool\repository\Maven\Maven3.2.2\local\repo\com\yonyou\iuap\iuap-utils\3.0.0-RELEASE\iuap-utils-3.0.0-RELEASE.jar;D:\devtool\repository\Maven\Maven3.2.2\local\repo\commons-fileupload\commons-fileupload\1.3\commons-fileupload-1.3.jar;D:\devtool\repository\Maven\Maven3.2.2\local\repo\org\apache\httpcomponents\httpmime\4.4.1\httpmime-4.4.1.jar;D:\devtool\repository\Maven\Maven3.2.2\local\repo\com\fasterxml\jackson\module\jackson-module-jaxb-annotations\2.4.0\jackson-module-jaxb-annotations-2.4.0.jar;D:\devtool\repository\Maven\Maven3.2.2\local\repo\commons-codec\commons-codec\1.9\commons-codec-1.9.jar;D:\devtool\repository\Maven\Maven3.2.2\local\repo\org\owasp\esapi\esapi\2.1.0\esapi-2.1.0.jar;D:\devtool\repository\Maven\Maven3.2.2\local\repo\commons-configuration\commons-configuration\1.5\commons-configuration-1.5.jar;D:\devtool\repository\Maven\Maven3.2.2\local\repo\commons-digester\commons-digester\1.8\commons-digester-1.8.jar;D:\devtool\repository\Maven\Maven3.2.2\local\repo\commons-collections\commons-collections\3.2\commons-collections-3.2.jar;D:\devtool\repository\Maven\Maven3.2.2\local\repo\xom\xom\1.2.5\xom-1.2.5.jar;D:\devtool\repository\Maven\Maven3.2.2\local\repo\xml-apis\xml-apis\1.3.03\xml-apis-1.3.03.jar;D:\devtool\repository\Maven\Maven3.2.2\local\repo\xerces\xercesImpl\2.8.0\xercesImpl-2.8.0.jar;D:\devtool\repository\Maven\Maven3.2.2\local\repo\xalan\xalan\2.7.0\xalan-2.7.0.jar;D:\devtool\repository\Maven\Maven3.2.2\local\repo\org\beanshell\bsh-core\2.0b4\bsh-core-2.0b4.jar;D:\devtool\repository\Maven\Maven3.2.2\local\repo\org\owasp\antisamy\antisamy\1.4.3\antisamy-1.4.3.jar;D:\devtool\repository\Maven\Maven3.2.2\local\repo\org\apache\xmlgraphics\batik-css\1.7\batik-css-1.7.jar;D:\devtool\repository\Maven\Maven3.2.2\local\repo\org\apache\xmlgraphics\batik-ext\1.7\batik-ext-1.7.jar;D:\devtool\repository\Maven\Maven3.2.2\local\repo\org\apache\xmlgraphics\batik-util\1.7\batik-util-1.7.jar;D:\devtool\repository\Maven\Maven3.2.2\local\repo\xml-apis\xml-apis-ext\1.3.04\xml-apis-ext-1.3.04.jar;D:\devtool\repository\Maven\Maven3.2.2\local\repo\net\sourceforge\nekohtml\nekohtml\1.9.12\nekohtml-1.9.12.jar;D:\devtool\repository\Maven\Maven3.2.2\local\repo\commons-httpclient\commons-httpclient\3.1\commons-httpclient-3.1.jar;D:\devtool\repository\Maven\Maven3.2.2\local\repo\org\bouncycastle\bcprov-jdk16\1.46\bcprov-jdk16-1.46.jar;D:\devtool\repository\Maven\Maven3.2.2\local\repo\net\sf\json-lib\json-lib\2.4\json-lib-2.4.jar;D:\devtool\repository\Maven\Maven3.2.2\local\repo\commons-lang\commons-lang\2.5\commons-lang-2.5.jar;D:\devtool\repository\Maven\Maven3.2.2\local\repo\net\sf\ezmorph\ezmorph\1.0.6\ezmorph-1.0.6.jar;D:\devtool\repository\Maven\Maven3.2.2\local\repo\com\yonyou\iuap\iuap-auth\3.0.0-RELEASE\iuap-auth-3.0.0-RELEASE.jar;D:\devtool\repository\Maven\Maven3.2.2\local\repo\org\apache\shiro\shiro-spring\1.2.3\shiro-spring-1.2.3.jar;D:\devtool\repository\Maven\Maven3.2.2\local\repo\org\apache\shiro\shiro-core\1.2.3\shiro-core-1.2.3.jar;D:\devtool\repository\Maven\Maven3.2.2\local\repo\org\apache\shiro\shiro-web\1.2.3\shiro-web-1.2.3.jar;D:\devtool\repository\Maven\Maven3.2.2\local\repo\org\apache\shiro\shiro-ehcache\1.2.3\shiro-ehcache-1.2.3.jar;D:\devtool\repository\Maven\Maven3.2.2\local\repo\net\sf\ehcache\ehcache-core\2.5.0\ehcache-core-2.5.0.jar;D:\devtool\repository\Maven\Maven3.2.2\local\repo\com\yonyou\iuap\iuap-persistence\3.0.0-RELEASE\iuap-persistence-3.0.0-RELEASE.jar;D:\devtool\repository\Maven\Maven3.2.2\local\repo\org\hibernate\hibernate-entitymanager\4.3.5.Final\hibernate-entitymanager-4.3.5.Final.jar;D:\devtool\repository\Maven\Maven3.2.2\local\repo\org\jboss\logging\jboss-logging-annotations\1.2.0.Beta1\jboss-logging-annotations-1.2.0.Beta1.jar;D:\devtool\repository\Maven\Maven3.2.2\local\repo\org\hibernate\hibernate-core\4.3.5.Final\hibernate-core-4.3.5.Final.jar;D:\devtool\repository\Maven\Maven3.2.2\local\repo\antlr\antlr\2.7.7\antlr-2.7.7.jar;D:\devtool\repository\Maven\Maven3.2.2\local\repo\org\jboss\jandex\1.1.0.Final\jandex-1.1.0.Final.jar;D:\devtool\repository\Maven\Maven3.2.2\local\repo\dom4j\dom4j\1.6.1\dom4j-1.6.1.jar;D:\devtool\repository\Maven\Maven3.2.2\local\repo\org\hibernate\common\hibernate-commons-annotations\4.0.4.Final\hibernate-commons-annotations-4.0.4.Final.jar;D:\devtool\repository\Maven\Maven3.2.2\local\repo\org\hibernate\javax\persistence\hibernate-jpa-2.1-api\1.0.0.Final\hibernate-jpa-2.1-api-1.0.0.Final.jar;D:\devtool\repository\Maven\Maven3.2.2\local\repo\org\jboss\spec\javax\transaction\jboss-transaction-api_1.2_spec\1.0.0.Final\jboss-transaction-api_1.2_spec-1.0.0.Final.jar;D:\devtool\repository\Maven\Maven3.2.2\local\repo\org\javassist\javassist\3.18.1-GA\javassist-3.18.1-GA.jar;D:\devtool\repository\Maven\Maven3.2.2\local\repo\org\springframework\data\spring-data-jpa\1.6.0.RELEASE\spring-data-jpa-1.6.0.RELEASE.jar;D:\devtool\repository\Maven\Maven3.2.2\local\repo\org\springframework\spring-orm\3.2.9.RELEASE\spring-orm-3.2.9.RELEASE.jar;D:\devtool\repository\Maven\Maven3.2.2\local\repo\org\apache\tomcat\tomcat-jdbc\7.0.53\tomcat-jdbc-7.0.53.jar;D:\devtool\repository\Maven\Maven3.2.2\local\repo\org\apache\tomcat\tomcat-juli\7.0.53\tomcat-juli-7.0.53.jar;D:\devtool\repository\Maven\Maven3.2.2\local\repo\org\mybatis\mybatis\3.3.0\mybatis-3.3.0.jar;D:\devtool\repository\Maven\Maven3.2.2\local\repo\org\mybatis\mybatis-spring\1.2.3\mybatis-spring-1.2.3.jar;D:\devtool\repository\Maven\Maven3.2.2\local\repo\com\alibaba\druid\1.0.18\druid-1.0.18.jar;D:\DevTool\repository\JDK\jdk1.7.0_67\jre\..\lib\jconsole.jar;D:\DevTool\repository\JDK\jdk1.7.0_67\jre\..\lib\tools.jar;D:\devtool\repository\Maven\Maven3.2.2\local\repo\com\github\jsqlparser\jsqlparser\0.9.5\jsqlparser-0.9.5.jar;D:\devtool\repository\Maven\Maven3.2.2\local\repo\com\yonyou\iuap\iuap-oid\3.0.0-RELEASE\iuap-oid-3.0.0-RELEASE.jar;D:\devtool\repository\Maven\Maven3.2.2\local\repo\io\springside\springside-core\4.3.0-RELEASE\springside-core-4.3.0-RELEASE.jar;D:\devtool\repository\Maven\Maven3.2.2\local\repo\io\springside\springside-utils\4.3.0-RELEASE\springside-utils-4.3.0-RELEASE.jar;D:\devtool\repository\Maven\Maven3.2.2\local\repo\org\hibernate\hibernate-validator\5.0.3.Final\hibernate-validator-5.0.3.Final.jar;D:\devtool\repository\Maven\Maven3.2.2\local\repo\javax\validation\validation-api\1.1.0.Final\validation-api-1.1.0.Final.jar;D:\devtool\repository\Maven\Maven3.2.2\local\repo\org\jboss\logging\jboss-logging\3.1.1.GA\jboss-logging-3.1.1.GA.jar;D:\devtool\repository\Maven\Maven3.2.2\local\repo\com\fasterxml\classmate\1.0.0\classmate-1.0.0.jar;D:\devtool\repository\Maven\Maven3.2.2\local\repo\mysql\mysql-connector-java\5.1.22\mysql-connector-java-5.1.22.jar;D:\devtool\repository\Maven\Maven3.2.2\local\repo\postgresql\postgresql\9.1-901-1.jdbc4\postgresql-9.1-901-1.jdbc4.jar;D:\devtool\repository\Maven\Maven3.2.2\local\repo\com\oracle\ojdbc6\11.1.0.7.0\ojdbc6-11.1.0.7.0.jar;D:\devtool\repository\Maven\Maven3.2.2\local\repo\javax\servlet\javax.servlet-api\3.1.0\javax.servlet-api-3.1.0.jar;D:\devtool\repository\Maven\Maven3.2.2\local\repo\org\springframework\spring-webmvc\4.0.5.RELEASE\spring-webmvc-4.0.5.RELEASE.jar;D:\devtool\repository\Maven\Maven3.2.2\local\repo\org\springframework\spring-expression\4.0.5.RELEASE\spring-expression-4.0.5.RELEASE.jar;D:\devtool\repository\Maven\Maven3.2.2\local\repo\org\springframework\spring-web\4.0.5.RELEASE\spring-web-4.0.5.RELEASE.jar;D:\devtool\repository\Maven\Maven3.2.2\local\repo\org\freemarker\freemarker\2.3.20\freemarker-2.3.20.jar;D:\devtool\repository\Maven\Maven3.2.2\local\repo\javax\servlet\jstl\1.2\jstl-1.2.jar;D:\devtool\repository\Maven\Maven3.2.2\local\repo\junit\junit\4.10\junit-4.10.jar;D:\devtool\repository\Maven\Maven3.2.2\local\repo\org\hamcrest\hamcrest-core\1.1\hamcrest-core-1.1.jar;D:\devtool\repository\Maven\Maven3.2.2\local\repo\org\springframework\spring-test\4.0.5.RELEASE\spring-test-4.0.5.RELEASE.jar;D:\devtool\repository\Maven\Maven3.2.2\local\repo\org\eclipse\jetty\aggregate\jetty-webapp\8.1.16.v20140903\jetty-webapp-8.1.16.v20140903.jar;D:\devtool\repository\Maven\Maven3.2.2\local\repo\org\eclipse\jetty\orbit\javax.servlet\3.0.0.v201112011016\javax.servlet-3.0.0.v201112011016.jar;D:\devtool\repository\Maven\Maven3.2.2\local\repo\org\apache\axis2\axis2-jibx\1.7.5\axis2-jibx-1.7.5.jar;D:\devtool\repository\Maven\Maven3.2.2\local\repo\org\apache\axis2\axis2-kernel\1.7.5\axis2-kernel-1.7.5.jar;D:\devtool\repository\Maven\Maven3.2.2\local\repo\org\apache\ws\commons\axiom\axiom-api\1.2.20\axiom-api-1.2.20.jar;D:\devtool\repository\Maven\Maven3.2.2\local\repo\org\apache\geronimo\specs\geronimo-activation_1.1_spec\1.1\geronimo-activation_1.1_spec-1.1.jar;D:\devtool\repository\Maven\Maven3.2.2\local\repo\org\apache\geronimo\specs\geronimo-stax-api_1.0_spec\1.0.1\geronimo-stax-api_1.0_spec-1.0.1.jar;D:\devtool\repository\Maven\Maven3.2.2\local\repo\org\apache\james\apache-mime4j-core\0.7.2\apache-mime4j-core-0.7.2.jar;D:\devtool\repository\Maven\Maven3.2.2\local\repo\org\apache\ws\commons\axiom\axiom-impl\1.2.20\axiom-impl-1.2.20.jar;D:\devtool\repository\Maven\Maven3.2.2\local\repo\org\codehaus\woodstox\woodstox-core-asl\4.2.0\woodstox-core-asl-4.2.0.jar;D:\devtool\repository\Maven\Maven3.2.2\local\repo\org\codehaus\woodstox\stax2-api\3.1.1\stax2-api-3.1.1.jar;D:\devtool\repository\Maven\Maven3.2.2\local\repo\org\apache\geronimo\specs\geronimo-ws-metadata_2.0_spec\1.1.2\geronimo-ws-metadata_2.0_spec-1.1.2.jar;D:\devtool\repository\Maven\Maven3.2.2\local\repo\org\apache\geronimo\specs\geronimo-jta_1.1_spec\1.1\geronimo-jta_1.1_spec-1.1.jar;D:\devtool\repository\Maven\Maven3.2.2\local\repo\javax\servlet\servlet-api\2.3\servlet-api-2.3.jar;D:\devtool\repository\Maven\Maven3.2.2\local\repo\wsdl4j\wsdl4j\1.6.2\wsdl4j-1.6.2.jar;D:\devtool\repository\Maven\Maven3.2.2\local\repo\org\apache\ws\xmlschema\xmlschema-core\2.2.1\xmlschema-core-2.2.1.jar;D:\devtool\repository\Maven\Maven3.2.2\local\repo\org\apache\neethi\neethi\3.0.3\neethi-3.0.3.jar;D:\devtool\repository\Maven\Maven3.2.2\local\repo\org\apache\woden\woden-core\1.0M10\woden-core-1.0M10.jar;D:\devtool\repository\Maven\Maven3.2.2\local\repo\javax\ws\rs\jsr311-api\1.1.1\jsr311-api-1.1.1.jar;D:\devtool\repository\Maven\Maven3.2.2\local\repo\org\apache\axis2\axis2-codegen\1.7.5\axis2-codegen-1.7.5.jar;D:\devtool\repository\Maven\Maven3.2.2\local\repo\org\apache\axis2\axis2-adb\1.7.5\axis2-adb-1.7.5.jar;D:\devtool\repository\Maven\Maven3.2.2\local\repo\org\apache\ws\commons\axiom\axiom-dom\1.2.20\axiom-dom-1.2.20.jar;D:\devtool\repository\Maven\Maven3.2.2\local\repo\com\sun\xml\ws\jaxws-tools\2.2.6\jaxws-tools-2.2.6.jar;D:\devtool\repository\Maven\Maven3.2.2\local\repo\org\jibx\jibx-bind\1.2\jibx-bind-1.2.jar;D:\devtool\repository\Maven\Maven3.2.2\local\repo\com\google\code\findbugs\bcel-findbugs\6.0\bcel-findbugs-6.0.jar;D:\devtool\repository\Maven\Maven3.2.2\local\repo\org\jibx\jibx-run\1.2\jibx-run-1.2.jar;D:\devtool\repository\Maven\Maven3.2.2\local\repo\org\eclipse\jetty\jetty-jsp\8.1.16.v20140903\jetty-jsp-8.1.16.v20140903.jar;D:\devtool\repository\Maven\Maven3.2.2\local\repo\org\eclipse\jetty\orbit\javax.servlet.jsp\2.2.0.v201112011158\javax.servlet.jsp-2.2.0.v201112011158.jar;D:\devtool\repository\Maven\Maven3.2.2\local\repo\org\eclipse\jetty\orbit\org.apache.jasper.glassfish\2.2.2.v201112011158\org.apache.jasper.glassfish-2.2.2.v201112011158.jar;D:\devtool\repository\Maven\Maven3.2.2\local\repo\org\eclipse\jetty\orbit\javax.servlet.jsp.jstl\1.2.0.v201105211821\javax.servlet.jsp.jstl-1.2.0.v201105211821.jar;D:\devtool\repository\Maven\Maven3.2.2\local\repo\org\eclipse\jetty\orbit\org.apache.taglibs.standard.glassfish\1.2.0.v201112081803\org.apache.taglibs.standard.glassfish-1.2.0.v201112081803.jar;D:\devtool\repository\Maven\Maven3.2.2\local\repo\org\eclipse\jetty\orbit\javax.el\2.2.0.v201108011116\javax.el-2.2.0.v201108011116.jar;D:\devtool\repository\Maven\Maven3.2.2\local\repo\org\eclipse\jetty\orbit\com.sun.el\2.2.0.v201108011116\com.sun.el-2.2.0.v201108011116.jar;D:\devtool\repository\Maven\Maven3.2.2\local\repo\org\eclipse\jetty\orbit\org.eclipse.jdt.core\3.7.1\org.eclipse.jdt.core-3.7.1.jar;D:\devtool\repository\Maven\Maven3.2.2\local\repo\javax\mail\mail\1.5.0-b01\mail-1.5.0-b01.jar;D:\devtool\repository\Maven\Maven3.2.2\local\repo\javax\activation\activation\1.1\activation-1.1.jar;D:\devtool\repository\Maven\Maven3.2.2\local\repo\org\apache\poi\poi-contrib\3.1-FINAL\poi-contrib-3.1-FINAL.jar;D:\devtool\repository\Maven\Maven3.2.2\local\repo\org\apache\poi\poi\3.1-FINAL\poi-3.1-FINAL.jar;D:\devtool\repository\Maven\Maven3.2.2\local\repo\commons-logging\commons-logging\1.1\commons-logging-1.1.jar;D:\devtool\repository\Maven\Maven3.2.2\local\repo\log4j\log4j\1.2.13\log4j-1.2.13.jar;D:\devtool\repository\Maven\Maven3.2.2\local\repo\jaxen\jaxen\1.1.6\jaxen-1.1.6.jar;D:\devtool\repository\Maven\Maven3.2.2\local\repo\com\yonyou\iuap\iuap-dubbox\3.0.0-RELEASE\iuap-dubbox-3.0.0-RELEASE.jar;D:\devtool\repository\Maven\Maven3.2.2\local\repo\com\alibaba\dubbo\2.8.4.RELEASE\dubbo-2.8.4.RELEASE.jar;D:\devtool\repository\Maven\Maven3.2.2\local\repo\aopalliance\aopalliance\1.0\aopalliance-1.0.jar;D:\devtool\repository\Maven\Maven3.2.2\local\repo\commons-pool\commons-pool\1.6\commons-pool-1.6.jar;D:\devtool\repository\Maven\Maven3.2.2\local\repo\org\apache\curator\curator-framework\2.5.0\curator-framework-2.5.0.jar;D:\devtool\repository\Maven\Maven3.2.2\local\repo\org\apache\curator\curator-client\2.5.0\curator-client-2.5.0.jar;D:\devtool\repository\Maven\Maven3.2.2\local\repo\com\github\sgroschupf\zkclient\0.1\zkclient-0.1.jar;D:\devtool\repository\Maven\Maven3.2.2\local\repo\org\apache\zookeeper\zookeeper\3.4.6\zookeeper-3.4.6.jar;D:\devtool\repository\Maven\Maven3.2.2\local\repo\org\slf4j\slf4j-api\1.6.1\slf4j-api-1.6.1.jar;D:\devtool\repository\Maven\Maven3.2.2\local\repo\jline\jline\0.9.94\jline-0.9.94.jar;D:\devtool\repository\Maven\Maven3.2.2\local\repo\io\netty\netty\3.7.0.Final\netty-3.7.0.Final.jar;D:\devtool\repository\Maven\Maven3.2.2\local\repo\org\apache\httpcomponents\httpclient\4.4.1\httpclient-4.4.1.jar;D:\devtool\repository\Maven\Maven3.2.2\local\repo\org\apache\httpcomponents\httpcore\4.4.1\httpcore-4.4.1.jar;
10:21:02.497 [] [] [main] INFO  org.apache.zookeeper.ZooKeeper - Client environment:java.library.path=D:\DevTool\repository\JDK\jdk1.7.0_67\jre\bin;C:\Windows\Sun\Java\bin;C:\Windows\system32;C:\Windows;D:\DevTool\repository\Maven\Maven3.2.2\bin;D:\DevTool\repository\JDK\jdk1.7.0_67\bin;H:\快捷运行;C:\Program Files\OpenVPN\bin;C:\Windows\system32;C:\Windows;C:\Windows\System32\Wbem;;.
10:21:02.497 [] [] [main] INFO  org.apache.zookeeper.ZooKeeper - Client environment:java.io.tmpdir=C:\Users\ADMINI~1\AppData\Local\Temp\
10:21:02.497 [] [] [main] INFO  org.apache.zookeeper.ZooKeeper - Client environment:java.compiler=&lt;NA&gt;
10:21:02.497 [] [] [main] INFO  org.apache.zookeeper.ZooKeeper - Client environment:os.name=Windows 7
10:21:02.497 [] [] [main] INFO  org.apache.zookeeper.ZooKeeper - Client environment:os.arch=x86
10:21:02.497 [] [] [main] INFO  org.apache.zookeeper.ZooKeeper - Client environment:os.version=6.1
10:21:02.497 [] [] [main] INFO  org.apache.zookeeper.ZooKeeper - Client environment:user.name=Administrator
10:21:02.497 [] [] [main] INFO  org.apache.zookeeper.ZooKeeper - Client environment:user.home=C:\Users\Administrator
10:21:02.497 [] [] [main] INFO  org.apache.zookeeper.ZooKeeper - Client environment:user.dir=D:\DevTool\workspace\activiti\portal
10:21:02.499 [] [] [main] INFO  org.apache.zookeeper.ZooKeeper - Initiating client connection, connectString=127.0.0.1:2181 sessionTimeout=60000 watcher=org.I0Itec.zkclient.ZkClient@1218797
10:21:02.506 [] [] [main] DEBUG org.apache.zookeeper.ClientCnxn - zookeeper.disableAutoWatchReset is false
10:21:02.606 [] [] [main] DEBUG org.I0Itec.zkclient.ZkClient - Awaiting connection to Zookeeper server
10:21:02.606 [] [] [main] DEBUG org.I0Itec.zkclient.ZkClient - Waiting for keeper state SyncConnected
10:21:02.642 [] [] [main-SendThread(127.0.0.1:2181)] INFO  org.apache.zookeeper.ClientCnxn - Opening socket connection to server 127.0.0.1/127.0.0.1:2181. Will not attempt to authenticate using SASL (unknown error)
10:21:03.677 [] [] [main-SendThread(127.0.0.1:2181)] WARN  org.apache.zookeeper.ClientCnxn - Session 0x0 for server null, unexpected error, closing socket connection and attempting reconnect
java.net.ConnectException: Connection refused: no further information
	at sun.nio.ch.SocketChannelImpl.checkConnect(Native Method) ~[na:1.7.0_67]
	at sun.nio.ch.SocketChannelImpl.finishConnect(SocketChannelImpl.java:739) ~[na:1.7.0_67]
	at org.apache.zookeeper.ClientCnxnSocketNIO.doTransport(ClientCnxnSocketNIO.java:361) ~[zookeeper-3.4.6.jar:3.4.6-1569965]
	at org.apache.zookeeper.ClientCnxn$SendThread.run(ClientCnxn.java:1081) ~[zookeeper-3.4.6.jar:3.4.6-1569965]
10:21:03.679 [] [] [main-SendThread(127.0.0.1:2181)] DEBUG o.a.zookeeper.ClientCnxnSocketNIO - Ignoring exception during shutdown input
java.nio.channels.ClosedChannelException: null
	at sun.nio.ch.SocketChannelImpl.shutdownInput(SocketChannelImpl.java:802) ~[na:1.7.0_67]
	at sun.nio.ch.SocketAdaptor.shutdownInput(SocketAdaptor.java:426) ~[na:1.7.0_67]
	at org.apache.zookeeper.ClientCnxnSocketNIO.cleanup(ClientCnxnSocketNIO.java:200) ~[zookeeper-3.4.6.jar:3.4.6-1569965]
	at org.apache.zookeeper.ClientCnxn$SendThread.cleanup(ClientCnxn.java:1185) [zookeeper-3.4.6.jar:3.4.6-1569965]
	at org.apache.zookeeper.ClientCnxn$SendThread.run(ClientCnxn.java:1110) [zookeeper-3.4.6.jar:3.4.6-1569965]
10:21:03.679 [] [] [main-SendThread(127.0.0.1:2181)] DEBUG o.a.zookeeper.ClientCnxnSocketNIO - Ignoring exception during shutdown output
java.nio.channels.ClosedChannelException: null
	at sun.nio.ch.SocketChannelImpl.shutdownOutput(SocketChannelImpl.java:819) ~[na:1.7.0_67]
	at sun.nio.ch.SocketAdaptor.shutdownOutput(SocketAdaptor.java:434) ~[na:1.7.0_67]
	at org.apache.zookeeper.ClientCnxnSocketNIO.cleanup(ClientCnxnSocketNIO.java:207) ~[zookeeper-3.4.6.jar:3.4.6-1569965]
	at org.apache.zookeeper.ClientCnxn$SendThread.cleanup(ClientCnxn.java:1185) [zookeeper-3.4.6.jar:3.4.6-1569965]
	at org.apache.zookeeper.ClientCnxn$SendThread.run(ClientCnxn.java:1110) [zookeeper-3.4.6.jar:3.4.6-1569965]
10:21:04.782 [] [] [main-SendThread(127.0.0.1:2181)] INFO  org.apache.zookeeper.ClientCnxn - Opening socket connection to server 127.0.0.1/127.0.0.1:2181. Will not attempt to authenticate using SASL (unknown error)
10:21:05.785 [] [] [main-SendThread(127.0.0.1:2181)] WARN  org.apache.zookeeper.ClientCnxn - Session 0x0 for server null, unexpected error, closing socket connection and attempting reconnect
java.net.ConnectException: Connection refused: no further information
	at sun.nio.ch.SocketChannelImpl.checkConnect(Native Method) ~[na:1.7.0_67]
	at sun.nio.ch.SocketChannelImpl.finishConnect(SocketChannelImpl.java:739) ~[na:1.7.0_67]
	at org.apache.zookeeper.ClientCnxnSocketNIO.doTransport(ClientCnxnSocketNIO.java:361) ~[zookeeper-3.4.6.jar:3.4.6-1569965]
	at org.apache.zookeeper.ClientCnxn$SendThread.run(ClientCnxn.java:1081) ~[zookeeper-3.4.6.jar:3.4.6-1569965]
10:21:05.785 [] [] [main-SendThread(127.0.0.1:2181)] DEBUG o.a.zookeeper.ClientCnxnSocketNIO - Ignoring exception during shutdown input
java.nio.channels.ClosedChannelException: null
	at sun.nio.ch.SocketChannelImpl.shutdownInput(SocketChannelImpl.java:802) ~[na:1.7.0_67]
	at sun.nio.ch.SocketAdaptor.shutdownInput(SocketAdaptor.java:426) ~[na:1.7.0_67]
	at org.apache.zookeeper.ClientCnxnSocketNIO.cleanup(ClientCnxnSocketNIO.java:200) ~[zookeeper-3.4.6.jar:3.4.6-1569965]
	at org.apache.zookeeper.ClientCnxn$SendThread.cleanup(ClientCnxn.java:1185) [zookeeper-3.4.6.jar:3.4.6-1569965]
	at org.apache.zookeeper.ClientCnxn$SendThread.run(ClientCnxn.java:1110) [zookeeper-3.4.6.jar:3.4.6-1569965]
10:21:05.786 [] [] [main-SendThread(127.0.0.1:2181)] DEBUG o.a.zookeeper.ClientCnxnSocketNIO - Ignoring exception during shutdown output
java.nio.channels.ClosedChannelException: null
	at sun.nio.ch.SocketChannelImpl.shutdownOutput(SocketChannelImpl.java:819) ~[na:1.7.0_67]
	at sun.nio.ch.SocketAdaptor.shutdownOutput(SocketAdaptor.java:434) ~[na:1.7.0_67]
	at org.apache.zookeeper.ClientCnxnSocketNIO.cleanup(ClientCnxnSocketNIO.java:207) ~[zookeeper-3.4.6.jar:3.4.6-1569965]
	at org.apache.zookeeper.ClientCnxn$SendThread.cleanup(ClientCnxn.java:1185) [zookeeper-3.4.6.jar:3.4.6-1569965]
	at org.apache.zookeeper.ClientCnxn$SendThread.run(ClientCnxn.java:1110) [zookeeper-3.4.6.jar:3.4.6-1569965]
10:21:06.886 [] [] [main-SendThread(127.0.0.1:2181)] INFO  org.apache.zookeeper.ClientCnxn - Opening socket connection to server 127.0.0.1/127.0.0.1:2181. Will not attempt to authenticate using SASL (unknown error)
10:21:07.607 [] [] [main] DEBUG org.I0Itec.zkclient.ZkClient - Closing ZkClient...
10:21:07.607 [] [] [ZkClient-EventThread-16-127.0.0.1:2181] INFO  org.I0Itec.zkclient.ZkEventThread - Terminate ZkClient event thread.
10:21:07.608 [] [] [main] DEBUG org.I0Itec.zkclient.ZkConnection - Closing ZooKeeper connected to 127.0.0.1:2181
10:21:07.608 [] [] [main] DEBUG org.apache.zookeeper.ZooKeeper - Closing session: 0x0
10:21:07.608 [] [] [main] DEBUG org.apache.zookeeper.ClientCnxn - Closing client for session: 0x0
10:21:07.889 [] [] [main-SendThread(127.0.0.1:2181)] DEBUG org.apache.zookeeper.ClientCnxn - An exception was thrown while closing send thread for session 0x0 : Connection refused: no further information
10:21:07.890 [] [] [main-SendThread(127.0.0.1:2181)] DEBUG o.a.zookeeper.ClientCnxnSocketNIO - Ignoring exception during shutdown input
java.nio.channels.ClosedChannelException: null
	at sun.nio.ch.SocketChannelImpl.shutdownInput(SocketChannelImpl.java:802) ~[na:1.7.0_67]
	at sun.nio.ch.SocketAdaptor.shutdownInput(SocketAdaptor.java:426) ~[na:1.7.0_67]
	at org.apache.zookeeper.ClientCnxnSocketNIO.cleanup(ClientCnxnSocketNIO.java:200) ~[zookeeper-3.4.6.jar:3.4.6-1569965]
	at org.apache.zookeeper.ClientCnxn$SendThread.cleanup(ClientCnxn.java:1185) [zookeeper-3.4.6.jar:3.4.6-1569965]
	at org.apache.zookeeper.ClientCnxn$SendThread.run(ClientCnxn.java:1122) [zookeeper-3.4.6.jar:3.4.6-1569965]
10:21:07.890 [] [] [main-SendThread(127.0.0.1:2181)] DEBUG o.a.zookeeper.ClientCnxnSocketNIO - Ignoring exception during shutdown output
java.nio.channels.ClosedChannelException: null
	at sun.nio.ch.SocketChannelImpl.shutdownOutput(SocketChannelImpl.java:819) ~[na:1.7.0_67]
	at sun.nio.ch.SocketAdaptor.shutdownOutput(SocketAdaptor.java:434) ~[na:1.7.0_67]
	at org.apache.zookeeper.ClientCnxnSocketNIO.cleanup(ClientCnxnSocketNIO.java:207) ~[zookeeper-3.4.6.jar:3.4.6-1569965]
	at org.apache.zookeeper.ClientCnxn$SendThread.cleanup(ClientCnxn.java:1185) [zookeeper-3.4.6.jar:3.4.6-1569965]
	at org.apache.zookeeper.ClientCnxn$SendThread.run(ClientCnxn.java:1122) [zookeeper-3.4.6.jar:3.4.6-1569965]
10:21:07.996 [] [] [main-SendThread(127.0.0.1:2181)] TRACE o.a.zookeeper.ClientCnxnSocketNIO - Doing client selector close
10:21:07.996 [] [] [main] DEBUG org.apache.zookeeper.ClientCnxn - Disconnecting client for session: 0x0
10:21:07.997 [] [] [main] INFO  org.apache.zookeeper.ZooKeeper - Session: 0x0 closed
10:21:07.997 [] [] [main] DEBUG org.I0Itec.zkclient.ZkClient - Closing ZkClient...done
10:21:07.997 [] [] [main-EventThread] INFO  org.apache.zookeeper.ClientCnxn - EventThread shut down
10:21:07.998 [] [] [main-SendThread(127.0.0.1:2181)] TRACE o.a.zookeeper.ClientCnxnSocketNIO - Closed client selector
10:21:08.002 [] [] [main] ERROR o.s.test.context.TestContextManager - Caught exception while allowing TestExecutionListener [org.springframework.test.context.support.DependencyInjectionTestExecutionListener@865d61] to prepare test instance [dubbo.DubboClientTest@1d0f282]
org.springframework.beans.factory.BeanCreationException: Error creating bean with name &apos;dubbo.DubboClientTest&apos;: Injection of autowired dependencies failed; nested exception is org.springframework.beans.factory.BeanCreationException: Could not autowire field: protected com.yonyou.web.IApiService dubbo.DubboClientTest.iApiService; nested exception is org.springframework.beans.factory.BeanCreationException: Error creating bean with name &apos;iApiService&apos;: FactoryBean threw exception on object creation; nested exception is org.I0Itec.zkclient.exception.ZkTimeoutException: Unable to connect to zookeeper server within timeout: 5000
	at org.springframework.beans.factory.annotation.AutowiredAnnotationBeanPostProcessor.postProcessPropertyValues(AutowiredAnnotationBeanPostProcessor.java:292) ~[spring-beans-4.0.5.RELEASE.jar:4.0.5.RELEASE]
	at org.springframework.beans.factory.support.AbstractAutowireCapableBeanFactory.populateBean(AbstractAutowireCapableBeanFactory.java:1185) ~[spring-beans-4.0.5.RELEASE.jar:4.0.5.RELEASE]
	at org.springframework.beans.factory.support.AbstractAutowireCapableBeanFactory.autowireBeanProperties(AbstractAutowireCapableBeanFactory.java:384) ~[spring-beans-4.0.5.RELEASE.jar:4.0.5.RELEASE]
	at org.springframework.test.context.support.DependencyInjectionTestExecutionListener.injectDependencies(DependencyInjectionTestExecutionListener.java:110) ~[spring-test-4.0.5.RELEASE.jar:4.0.5.RELEASE]
	at org.springframework.test.context.support.DependencyInjectionTestExecutionListener.prepareTestInstance(DependencyInjectionTestExecutionListener.java:75) ~[spring-test-4.0.5.RELEASE.jar:4.0.5.RELEASE]
	at org.springframework.test.context.TestContextManager.prepareTestInstance(TestContextManager.java:331) ~[spring-test-4.0.5.RELEASE.jar:4.0.5.RELEASE]
	at org.springframework.test.context.junit4.SpringJUnit4ClassRunner.createTest(SpringJUnit4ClassRunner.java:213) [spring-test-4.0.5.RELEASE.jar:4.0.5.RELEASE]
	at org.springframework.test.context.junit4.SpringJUnit4ClassRunner$1.runReflectiveCall(SpringJUnit4ClassRunner.java:290) [spring-test-4.0.5.RELEASE.jar:4.0.5.RELEASE]
	at org.junit.internal.runners.model.ReflectiveCallable.run(ReflectiveCallable.java:15) [junit-4.10.jar:na]
	at org.springframework.test.context.junit4.SpringJUnit4ClassRunner.methodBlock(SpringJUnit4ClassRunner.java:292) [spring-test-4.0.5.RELEASE.jar:4.0.5.RELEASE]
	at org.springframework.test.context.junit4.SpringJUnit4ClassRunner.runChild(SpringJUnit4ClassRunner.java:233) [spring-test-4.0.5.RELEASE.jar:4.0.5.RELEASE]
	at org.springframework.test.context.junit4.SpringJUnit4ClassRunner.runChild(SpringJUnit4ClassRunner.java:87) [spring-test-4.0.5.RELEASE.jar:4.0.5.RELEASE]
	at org.junit.runners.ParentRunner$3.run(ParentRunner.java:231) [junit-4.10.jar:na]
	at org.junit.runners.ParentRunner$1.schedule(ParentRunner.java:60) [junit-4.10.jar:na]
	at org.junit.runners.ParentRunner.runChildren(ParentRunner.java:229) [junit-4.10.jar:na]
	at org.junit.runners.ParentRunner.access$000(ParentRunner.java:50) [junit-4.10.jar:na]
	at org.junit.runners.ParentRunner$2.evaluate(ParentRunner.java:222) [junit-4.10.jar:na]
	at org.springframework.test.context.junit4.statements.RunBeforeTestClassCallbacks.evaluate(RunBeforeTestClassCallbacks.java:61) [spring-test-4.0.5.RELEASE.jar:4.0.5.RELEASE]
	at org.springframework.test.context.junit4.statements.RunAfterTestClassCallbacks.evaluate(RunAfterTestClassCallbacks.java:71) [spring-test-4.0.5.RELEASE.jar:4.0.5.RELEASE]
	at org.junit.runners.ParentRunner.run(ParentRunner.java:300) [junit-4.10.jar:na]
	at org.springframework.test.context.junit4.SpringJUnit4ClassRunner.run(SpringJUnit4ClassRunner.java:176) [spring-test-4.0.5.RELEASE.jar:4.0.5.RELEASE]
	at org.apache.maven.surefire.junit4.JUnit4Provider.execute(JUnit4Provider.java:252) [surefire-junit4-2.12.4.jar:2.12.4]
	at org.apache.maven.surefire.junit4.JUnit4Provider.executeTestSet(JUnit4Provider.java:141) [surefire-junit4-2.12.4.jar:2.12.4]
	at org.apache.maven.surefire.junit4.JUnit4Provider.invoke(JUnit4Provider.java:112) [surefire-junit4-2.12.4.jar:2.12.4]
	at sun.reflect.NativeMethodAccessorImpl.invoke0(Native Method) ~[na:1.7.0_67]
	at sun.reflect.NativeMethodAccessorImpl.invoke(NativeMethodAccessorImpl.java:57) ~[na:1.7.0_67]
	at sun.reflect.DelegatingMethodAccessorImpl.invoke(DelegatingMethodAccessorImpl.java:43) ~[na:1.7.0_67]
	at java.lang.reflect.Method.invoke(Method.java:606) ~[na:1.7.0_67]
	at org.apache.maven.surefire.util.ReflectionUtils.invokeMethodWithArray(ReflectionUtils.java:189) [surefire-api-2.12.4.jar:2.12.4]
	at org.apache.maven.surefire.booter.ProviderFactory$ProviderProxy.invoke(ProviderFactory.java:165) [surefire-booter-2.12.4.jar:2.12.4]
	at org.apache.maven.surefire.booter.ProviderFactory.invokeProvider(ProviderFactory.java:85) [surefire-booter-2.12.4.jar:2.12.4]
	at org.apache.maven.surefire.booter.ForkedBooter.runSuitesInProcess(ForkedBooter.java:115) [surefire-booter-2.12.4.jar:2.12.4]
	at org.apache.maven.surefire.booter.ForkedBooter.main(ForkedBooter.java:75) [surefire-booter-2.12.4.jar:2.12.4]
Caused by: org.springframework.beans.factory.BeanCreationException: Could not autowire field: protected com.yonyou.web.IApiService dubbo.DubboClientTest.iApiService; nested exception is org.springframework.beans.factory.BeanCreationException: Error creating bean with name &apos;iApiService&apos;: FactoryBean threw exception on object creation; nested exception is org.I0Itec.zkclient.exception.ZkTimeoutException: Unable to connect to zookeeper server within timeout: 5000
	at org.springframework.beans.factory.annotation.AutowiredAnnotationBeanPostProcessor$AutowiredFieldElement.inject(AutowiredAnnotationBeanPostProcessor.java:508) ~[spring-beans-4.0.5.RELEASE.jar:4.0.5.RELEASE]
	at org.springframework.beans.factory.annotation.InjectionMetadata.inject(InjectionMetadata.java:87) ~[spring-beans-4.0.5.RELEASE.jar:4.0.5.RELEASE]
	at org.springframework.beans.factory.annotation.AutowiredAnnotationBeanPostProcessor.postProcessPropertyValues(AutowiredAnnotationBeanPostProcessor.java:289) ~[spring-beans-4.0.5.RELEASE.jar:4.0.5.RELEASE]
	... 32 common frames omitted
Caused by: org.springframework.beans.factory.BeanCreationException: Error creating bean with name &apos;iApiService&apos;: FactoryBean threw exception on object creation; nested exception is org.I0Itec.zkclient.exception.ZkTimeoutException: Unable to connect to zookeeper server within timeout: 5000
	at org.springframework.beans.factory.support.FactoryBeanRegistrySupport.doGetObjectFromFactoryBean(FactoryBeanRegistrySupport.java:151) ~[spring-beans-4.0.5.RELEASE.jar:4.0.5.RELEASE]
	at org.springframework.beans.factory.support.FactoryBeanRegistrySupport.getObjectFromFactoryBean(FactoryBeanRegistrySupport.java:103) ~[spring-beans-4.0.5.RELEASE.jar:4.0.5.RELEASE]
	at org.springframework.beans.factory.support.AbstractBeanFactory.getObjectForBeanInstance(AbstractBeanFactory.java:1514) ~[spring-beans-4.0.5.RELEASE.jar:4.0.5.RELEASE]
	at org.springframework.beans.factory.support.AbstractBeanFactory.doGetBean(AbstractBeanFactory.java:252) ~[spring-beans-4.0.5.RELEASE.jar:4.0.5.RELEASE]
	at org.springframework.beans.factory.support.AbstractBeanFactory.getBean(AbstractBeanFactory.java:195) ~[spring-beans-4.0.5.RELEASE.jar:4.0.5.RELEASE]
	at org.springframework.beans.factory.support.DefaultListableBeanFactory.findAutowireCandidates(DefaultListableBeanFactory.java:1017) ~[spring-beans-4.0.5.RELEASE.jar:4.0.5.RELEASE]
	at org.springframework.beans.factory.support.DefaultListableBeanFactory.doResolveDependency(DefaultListableBeanFactory.java:960) ~[spring-beans-4.0.5.RELEASE.jar:4.0.5.RELEASE]
	at org.springframework.beans.factory.support.DefaultListableBeanFactory.resolveDependency(DefaultListableBeanFactory.java:858) ~[spring-beans-4.0.5.RELEASE.jar:4.0.5.RELEASE]
	at org.springframework.beans.factory.annotation.AutowiredAnnotationBeanPostProcessor$AutowiredFieldElement.inject(AutowiredAnnotationBeanPostProcessor.java:480) ~[spring-beans-4.0.5.RELEASE.jar:4.0.5.RELEASE]
	... 34 common frames omitted
Caused by: org.I0Itec.zkclient.exception.ZkTimeoutException: Unable to connect to zookeeper server within timeout: 5000
	at org.I0Itec.zkclient.ZkClient.connect(ZkClient.java:876) ~[zkclient-0.1.jar:na]
	at org.I0Itec.zkclient.ZkClient.&lt;init&gt;(ZkClient.java:98) ~[zkclient-0.1.jar:na]
	at org.I0Itec.zkclient.ZkClient.&lt;init&gt;(ZkClient.java:92) ~[zkclient-0.1.jar:na]
	at org.I0Itec.zkclient.ZkClient.&lt;init&gt;(ZkClient.java:80) ~[zkclient-0.1.jar:na]
	at com.alibaba.dubbo.remoting.zookeeper.zkclient.ZkclientZookeeperClient.&lt;init&gt;(ZkclientZookeeperClient.java:26) ~[dubbo-2.8.4.RELEASE.jar:2.8.4.RELEASE]
	at com.alibaba.dubbo.remoting.zookeeper.zkclient.ZkclientZookeeperTransporter.connect(ZkclientZookeeperTransporter.java:10) ~[dubbo-2.8.4.RELEASE.jar:2.8.4.RELEASE]
	at com.alibaba.dubbo.remoting.zookeeper.ZookeeperTransporter$Adpative.connect(ZookeeperTransporter$Adpative.java) ~[dubbo-2.8.4.RELEASE.jar:2.8.4.RELEASE]
	at com.alibaba.dubbo.registry.zookeeper.ZookeeperRegistry.&lt;init&gt;(ZookeeperRegistry.java:69) ~[dubbo-2.8.4.RELEASE.jar:2.8.4.RELEASE]
	at com.alibaba.dubbo.registry.zookeeper.ZookeeperRegistryFactory.createRegistry(ZookeeperRegistryFactory.java:37) ~[dubbo-2.8.4.RELEASE.jar:2.8.4.RELEASE]
	at com.alibaba.dubbo.registry.support.AbstractRegistryFactory.getRegistry(AbstractRegistryFactory.java:94) ~[dubbo-2.8.4.RELEASE.jar:2.8.4.RELEASE]
	at com.alibaba.dubbo.registry.RegistryFactory$Adpative.getRegistry(RegistryFactory$Adpative.java) ~[dubbo-2.8.4.RELEASE.jar:2.8.4.RELEASE]
	at com.alibaba.dubbo.registry.integration.RegistryProtocol.refer(RegistryProtocol.java:240) ~[dubbo-2.8.4.RELEASE.jar:2.8.4.RELEASE]
	at com.alibaba.dubbo.rpc.protocol.ProtocolListenerWrapper.refer(ProtocolListenerWrapper.java:63) ~[dubbo-2.8.4.RELEASE.jar:2.8.4.RELEASE]
	at com.alibaba.dubbo.rpc.protocol.ProtocolFilterWrapper.refer(ProtocolFilterWrapper.java:60) ~[dubbo-2.8.4.RELEASE.jar:2.8.4.RELEASE]
	at com.alibaba.dubbo.rpc.Protocol$Adpative.refer(Protocol$Adpative.java) ~[dubbo-2.8.4.RELEASE.jar:2.8.4.RELEASE]
	at com.alibaba.dubbo.config.ReferenceConfig.createProxy(ReferenceConfig.java:397) ~[dubbo-2.8.4.RELEASE.jar:2.8.4.RELEASE]
	at com.alibaba.dubbo.config.ReferenceConfig.init(ReferenceConfig.java:300) ~[dubbo-2.8.4.RELEASE.jar:2.8.4.RELEASE]
	at com.alibaba.dubbo.config.ReferenceConfig.get(ReferenceConfig.java:138) ~[dubbo-2.8.4.RELEASE.jar:2.8.4.RELEASE]
	at com.alibaba.dubbo.config.spring.ReferenceBean.getObject(ReferenceBean.java:65) ~[dubbo-2.8.4.RELEASE.jar:2.8.4.RELEASE]
	at org.springframework.beans.factory.support.FactoryBeanRegistrySupport.doGetObjectFromFactoryBean(FactoryBeanRegistrySupport.java:144) ~[spring-beans-4.0.5.RELEASE.jar:4.0.5.RELEASE]
	... 42 common frames omitted
10:21:08.138 [] [] [main-SendThread(127.0.0.1:2181)] TRACE org.apache.zookeeper.ClientCnxn - SendThread exitedloop.
</system-out>
  </testcase>
</testsuite>